
---- dmesh start ----
main: Start: Fri Sep 30 13:13:16 2016


---- Match parameters ----
PXBRO=2            <default 2>        "Max Legendre poly order for bkg removal"
PXLENS=N           <default N>        "Y=Apply IDB/lens.txt"
PXRESMSK=N         <default N>        "Y=Apply resin mask"
PXDOG=N            <default N>        "Y=Apply DoG filter"
PXDOG_R1=3         <default 3>        "DoG inner radius"
PXDOG_R2=6         <default 6>        "DoG outer radius"
FLD=N              <default X>        "Mask usage: Y=Use, N=None, X=XL only"
PRETWEAK=N         <default N>        "Y=Auto-distort before angle scan"
SCALE=1            <default 1.0>      "Image-B / image-A scale factor"
XSCALE=1           <default 1.0>      "Image-B / image-A x-axis scale factor"
YSCALE=1           <default 1.0>      "Image-B / image-A y-axis scale factor"
SKEW=0             <default 0.0>      "Transform elem[3] user-applied distortion"
MODE_SL=M          <default Z>        "Notes above"
MODE_XL=N          <default Y>        "Notes above"
TAB2DFM_SL=N       <default Y>        "Adopt Tdfm from Tab"
TAB2DFM_XL=Y       <default Y>        "Adopt Tdfm from Tab"
XYCONF_SL=1.0      <default 0.0>      "[0,1.0] confidence in Tab XY"
XYCONF_XL=0.8      <default 0.0>      "[0,1.0] confidence in Tab XY"
THMDEC_SL=8        <default 8>        "2^N thumb decimation factor"
THMDEC_XL=8        <default 8>        "2^N thumb decimation factor"
OLAP1D_SL=0        <default 0>        "Min 1D pix full-size overlap"
OLAP1D_XL=0        <default 0>        "Min 1D pix full-size overlap"
OLAP2D_SL=60000    <default 25000>    "Min 2D pix full-size overlap"
OLAP2D_XL=160000   <default 200000>   "Min 2D pix full-size overlap"
NBMXHT_SL=0.75     <default 0.75>     "Max F(neib)/F(pk) in guard zone"
NBMXHT_XL=0.75     <default 0.75>     "Max F(neib)/F(pk) in guard zone"
HFANGDN_SL=5       <default 5.0>      "Half angle search range denovo"
HFANGDN_XL=45      <default 45.0>     "Half angle search range denovo"
HFANGPR_SL=1       <default 1.0>      "Half angle search range prior angles"
HFANGPR_XL=4       <default 1.0>      "Half angle search range prior angles"
RTRSH_SL=0.3       <default 0.3>      "R corr thresh"
RTRSH_XL=0.3       <default 0.3>      "R corr thresh"
TWEAKS=N           <default N>        "Y=Try 8 near unity distortions"
LIMXY_SL=30        <default 0>        "0 or Max XY delta from Tab"
LIMXY_XL=80        <default 0>        "0 or Max XY delta from Tab"
WTHMPR=Y           <default Y>        "Y=Write ThmPair_a^b.txt entries"
OPT_SL=Y           <default Y(EM)>    "Y=Enable mesh optimizer"
RIT_SL=0.50        <default 0.20>     "Min mesh starting corr"
RIT_XL=0.1         <default 0.20>     "Min mesh starting corr"
RFA_SL=0.55        <default 0.3>      "Affine-only final corr"
RFA_XL=0.20        <default 0.3>      "Affine-only final corr"
RFT_SL=0.65        <default 0.5>      "Full mesh final corr"
RFT_XL=0.25        <default 0.5>      "Full mesh final corr"
TMC=5              <default 30.0%>    "Max single triangle area change"
TSC=9              <default 9.0%>     "Max summed triangle area change"
MNL=250            <default 300>      "Triangle edges between MNL and 2*MNL"
MTA=120000         <default 10000>    "Min triangle size (pixels)"
MMA=60000          <default 100000>   "Min 2D overlap for mesh"
ONE=N              <default N>        "Y=Use just one affine transform"
IFM=0.50           <default 0.50>     "Min Fourier Metric after affine-only"
FFM=0.65           <default 0.65>     "Min Fourier Metric after full mesh"
FYL=0.5            <default 0.50>     "Min fraction of yellow pixels"
CPD=0.5            <default 0.50>     "Min Correlation + DFM"
EMM=Y              <default Y>        "Y=Use Earth Mover's Metric, N=Use Fourier"
EMT=0.14           <default 0.2>      "Earth Movers Metric thresh"
WDI=N              <default N>        "Y=Write diff images (Fourier, EMM metrics)"
LDA=0.2            <default 0.2>      "Max radian delta between triangles"
LDR=0.1            <default 0.1>      "Max sine delta between triangles"
LDC=100            <default 100.0>    "Max XY delta between triangles"
DXY=100            <default 100.0>    "Max delta from user input XYs"
WMT=N              <default Y>        "Y=Write map.tif files"
WTT=N              <default Y>        "Y=Write tf.txt files"


---- Input images ----
Til2Img entry: A T=[ 1.0000  0.0000     0.00  0.0000  1.0000  3428.00] path=[/groups/apig/tomo/DEMO/TIF/C1_9_2.tif].
Til2Img entry: B T=[ 1.0000  0.0000     0.00  0.0000  1.0000  2571.00] path=[/groups/apig/tomo/DEMO/TIF/C1_10_2.tif].


---- Command-line overrides ----
Tdfm= 1.0000  0.0000     0.00    0.0000  1.0000     0.00
FLD=N
MODE=N (was M)
CTR=0


---- Image loading ----
Raster8FromTif: Opening [/groups/apig/tomo/DEMO/TIF/C1_9_2.tif].
Raster8FromTif: Bits per sample 8, samples per pixel 1
Raster8FromTif: Picture is 1376 by 1040, 1431040 pixels total.
TIF(8): Last Encoded strip had 1376 bytes.
Raster8FromTif: Opening [/groups/apig/tomo/DEMO/TIF/C1_10_2.tif].
Raster8FromTif: Bits per sample 8, samples per pixel 1
Raster8FromTif: Picture is 1376 by 1040, 1431040 pixels total.
TIF(8): Last Encoded strip had 1376 bytes.
PixPair: Using image scale=1.
Timer: Image conditioning took 0.230 seconds.

---- Foldmaps ----

---- Connected regions ----
Forcing single connected region.

---- Begin A-1 to B-1 ----

---- Thumbnail matching ----
Subimage: Using intersection, w=1376, h=183, pix=251808
Thumbs: After decimation 3956 pts, reqArea 937, thmscl 8
SetDisc( 0, 0, 3, 3 )
Initial: R= 3.169, A=   0.000, X=    0.27, Y=    0.63
Peak-Disc: dR 5 dX 2 dY 5
Approx: LowRes  R=3.169, X=2.180, Y=5.020
Approx: FullRes R=1.015, X=3.158, Y=4.878, use=Y.
Timer: FinishAtFullRes took 0.200 seconds.
Approx: Returning A=0.000000, R=3.169063, X=3.157791, Y=861.877680
Approx: Best transform  1.0000  0.0000     3.16    0.0000  1.0000   861.88
Approx: Orig transform  1.0000  0.0000     0.00    0.0000  1.0000   857.00
Approx: Idnt transform  1.0000  0.0000     3.16    0.0000  1.0000     4.88
Approx: err = 5.81063, max = 30

---- Starting detailed region mapping ----
Roughly 245767 pixels map to B.
Region size is [0 1372] in x, [0 178] in y.

---- Building mesh - affine ----
Computed simple triangle.

---- ImproveMesh - affine ----
Tri: (0 0) (1372 0) (686 178).

---- Matlab Vertices ----
x=[0 1372 686 0]; y=[0 0 178 0]; plot(x,y); hold on;

---- ImproveControlPts ----
STAT: ImproveCpt: Initial affine correlation 0.777479 (245767 pixels).
corr=0.777479	step=10.000000
corr=0.777479	step=5.000000
corr=0.777479	step=2.500000
corr=0.777479	step=1.250000
corr=0.795618	step=1.250000
corr=0.795618	step=0.625000
corr=0.795618	step=0.312500
corr=0.795618	step=0.156250
corr=0.795618	step=0.078125
STAT: ImproveCpt: Final affine correlation 0.795618, (threshold 0.550000).

---- Matlab A-Sys Originals ----
x=[0.000000 1372.000000 686.000000 0.000000]; y=[0.000000 0.000000 178.000000 0.000000]; plot(x,y); hold on;

---- Matlab B-Sys Originals ----
x=[3.157791 1375.157791 689.157791 3.157791]; y=[861.877680 861.877680 1039.877680 861.877680]; plot(x,y); hold on;

---- Matlab B-Sys Optimized ----
x=[2.936878 1374.875019 688.616314 2.936878]; y=[862.189044 862.308289 1040.804054 862.189044]; plot(x,y); hold on;

---- Deltas ----
id=     0: dx=   -0.22 dy=    0.31 d=    0.38
id=     1: dx=   -0.28 dy=    0.43 d=    0.52
id=     2: dx=   -0.54 dy=    0.93 d=    1.07

---- Areas ----
Triangle 0, area was   122108.0, is   122483.5,    0.3%
Combined: area was   122108.0, is   122483.5,    0.3%

---- Transforms ----
 1.0000 -0.0016     2.94    0.0001  1.0031   862.19
Best affine transform:  1.0000 -0.0016     2.94    0.0001  1.0031   862.19
    Inverse transform:  1.0000  0.0016    -4.34   -0.0001  0.9969  -859.51

---- QC - affine ----
Metrics: AFF: Mean square difference 0.408325
Metrics: AFF: Smallest footprint deg=0, area=241472
MetricImages: Range x 0 1372, y 0 176, use Nx=1374, Ny=178
Approximate EM metric 0.058540 for 244572 points.
%Yellow: Tol   1.05  red   35.7  yellow   27.8  green   36.5
%Yellow: Tol   1.10  red   26.1  yellow   49.2  green   24.7
%Yellow: Tol   1.15  red   20.0  yellow   62.2  green   17.8
%Yellow: Tol   1.20  red   15.8  yellow   69.8  green   14.4
%Yellow: Tol   1.25  red   12.7  yellow   75.0  green   12.2
Affine Triangle: 243021 points, corr 0.795833, fm 0.058540, yellow 0.75

---- Building mesh - deformable ----
Lx Dx Nx:  1372   228.00   6
Ly Dy Ny:   178   178.00   1

STAT: From 245767 pts, got 12 triangles, 14 control points.
Timer: MeshCreate took 0.020 seconds.

---- ImproveMesh - deformable mesh ----
Tri: (0 0) (228 0) (0 178).
Tri: (0 178) (228 0) (228 178).
Tri: (228 0) (456 0) (228 178).
Tri: (228 178) (456 0) (456 178).
Tri: (456 0) (684 0) (456 178).
Tri: (456 178) (684 0) (684 178).
Tri: (684 0) (912 0) (684 178).
Tri: (684 178) (912 0) (912 178).
Tri: (912 0) (1140 0) (912 178).
Tri: (912 178) (1140 0) (1140 178).
Tri: (1140 0) (1372 0) (1140 178).
Tri: (1140 178) (1372 0) (1372 178).

---- Matlab Vertices ----
x=[0 228 0 0]; y=[0 0 178 0]; plot(x,y); hold on;
x=[0 228 228 0]; y=[178 0 178 178]; plot(x,y); hold on;
x=[228 456 228 228]; y=[0 0 178 0]; plot(x,y); hold on;
x=[228 456 456 228]; y=[178 0 178 178]; plot(x,y); hold on;
x=[456 684 456 456]; y=[0 0 178 0]; plot(x,y); hold on;
x=[456 684 684 456]; y=[178 0 178 178]; plot(x,y); hold on;
x=[684 912 684 684]; y=[0 0 178 0]; plot(x,y); hold on;
x=[684 912 912 684]; y=[178 0 178 178]; plot(x,y); hold on;
x=[912 1140 912 912]; y=[0 0 178 0]; plot(x,y); hold on;
x=[912 1140 1140 912]; y=[178 0 178 178]; plot(x,y); hold on;
x=[1140 1372 1140 1140]; y=[0 0 178 0]; plot(x,y); hold on;
x=[1140 1372 1372 1140]; y=[178 0 178 178]; plot(x,y); hold on;

---- ImproveControlPts ----
STAT: ImproveCpt: Initial deformable mesh correlation 0.795618 (245767 pixels).
corr=0.795618	step=10.000000
corr=0.795618	step=5.000000
corr=0.795618	step=2.500000
corr=0.795618	step=1.250000
corr=0.795618	step=0.625000
STAT: ImproveCpt: Final deformable mesh correlation 0.795618, (threshold 0.650000).

---- Matlab A-Sys Originals ----
x=[0.000000 228.000000 0.000000 0.000000]; y=[0.000000 0.000000 178.000000 0.000000]; plot(x,y); hold on;
x=[0.000000 228.000000 228.000000 0.000000]; y=[178.000000 0.000000 178.000000 178.000000]; plot(x,y); hold on;
x=[228.000000 456.000000 228.000000 228.000000]; y=[0.000000 0.000000 178.000000 0.000000]; plot(x,y); hold on;
x=[228.000000 456.000000 456.000000 228.000000]; y=[178.000000 0.000000 178.000000 178.000000]; plot(x,y); hold on;
x=[456.000000 684.000000 456.000000 456.000000]; y=[0.000000 0.000000 178.000000 0.000000]; plot(x,y); hold on;
x=[456.000000 684.000000 684.000000 456.000000]; y=[178.000000 0.000000 178.000000 178.000000]; plot(x,y); hold on;
x=[684.000000 912.000000 684.000000 684.000000]; y=[0.000000 0.000000 178.000000 0.000000]; plot(x,y); hold on;
x=[684.000000 912.000000 912.000000 684.000000]; y=[178.000000 0.000000 178.000000 178.000000]; plot(x,y); hold on;
x=[912.000000 1140.000000 912.000000 912.000000]; y=[0.000000 0.000000 178.000000 0.000000]; plot(x,y); hold on;
x=[912.000000 1140.000000 1140.000000 912.000000]; y=[178.000000 0.000000 178.000000 178.000000]; plot(x,y); hold on;
x=[1140.000000 1372.000000 1140.000000 1140.000000]; y=[0.000000 0.000000 178.000000 0.000000]; plot(x,y); hold on;
x=[1140.000000 1372.000000 1372.000000 1140.000000]; y=[178.000000 0.000000 178.000000 178.000000]; plot(x,y); hold on;

---- Matlab B-Sys Originals ----
x=[2.936878 230.926598 2.647244 2.936878]; y=[862.189044 862.208860 1040.744431 862.189044]; plot(x,y); hold on;
x=[2.647244 230.926598 230.636964 2.647244]; y=[1040.744431 862.208860 1040.764247 1040.744431]; plot(x,y); hold on;
x=[230.926598 458.916318 230.636964 230.926598]; y=[862.208860 862.228676 1040.764247 862.208860]; plot(x,y); hold on;
x=[230.636964 458.916318 458.626684 230.636964]; y=[1040.764247 862.228676 1040.784063 1040.764247]; plot(x,y); hold on;
x=[458.916318 686.906038 458.626684 458.916318]; y=[862.228676 862.248492 1040.784063 862.228676]; plot(x,y); hold on;
x=[458.626684 686.906038 686.616404 458.626684]; y=[1040.784063 862.248492 1040.803880 1040.784063]; plot(x,y); hold on;
x=[686.906038 914.895759 686.616404 686.906038]; y=[862.248492 862.268309 1040.803880 862.248492]; plot(x,y); hold on;
x=[686.616404 914.895759 914.606124 686.616404]; y=[1040.803880 862.268309 1040.823696 1040.803880]; plot(x,y); hold on;
x=[914.895759 1142.885479 914.606124 914.895759]; y=[862.268309 862.288125 1040.823696 862.268309]; plot(x,y); hold on;
x=[914.606124 1142.885479 1142.595844 914.606124]; y=[1040.823696 862.288125 1040.843512 1040.823696]; plot(x,y); hold on;
x=[1142.885479 1374.875019 1142.595844 1142.885479]; y=[862.288125 862.308289 1040.843512 862.288125]; plot(x,y); hold on;
x=[1142.595844 1374.875019 1374.585384 1142.595844]; y=[1040.843512 862.308289 1040.863676 1040.843512]; plot(x,y); hold on;

---- Matlab B-Sys Optimized ----
x=[2.936878 230.926598 2.647244 2.936878]; y=[862.189044 862.208860 1040.744431 862.189044]; plot(x,y); hold on;
x=[2.647244 230.926598 230.636964 2.647244]; y=[1040.744431 862.208860 1040.764247 1040.744431]; plot(x,y); hold on;
x=[230.926598 458.916318 230.636964 230.926598]; y=[862.208860 862.228676 1040.764247 862.208860]; plot(x,y); hold on;
x=[230.636964 458.916318 458.626684 230.636964]; y=[1040.764247 862.228676 1040.784063 1040.764247]; plot(x,y); hold on;
x=[458.916318 686.906038 458.626684 458.916318]; y=[862.228676 862.248492 1040.784063 862.228676]; plot(x,y); hold on;
x=[458.626684 686.906038 686.616404 458.626684]; y=[1040.784063 862.248492 1040.803880 1040.784063]; plot(x,y); hold on;
x=[686.906038 914.895759 686.616404 686.906038]; y=[862.248492 862.268309 1040.803880 862.248492]; plot(x,y); hold on;
x=[686.616404 914.895759 914.606124 686.616404]; y=[1040.803880 862.268309 1040.823696 1040.803880]; plot(x,y); hold on;
x=[914.895759 1142.885479 914.606124 914.895759]; y=[862.268309 862.288125 1040.823696 862.268309]; plot(x,y); hold on;
x=[914.606124 1142.885479 1142.595844 914.606124]; y=[1040.823696 862.288125 1040.843512 1040.823696]; plot(x,y); hold on;
x=[1142.885479 1374.875019 1142.595844 1142.885479]; y=[862.288125 862.308289 1040.843512 862.288125]; plot(x,y); hold on;
x=[1142.595844 1374.875019 1374.585384 1142.595844]; y=[1040.843512 862.308289 1040.863676 1040.843512]; plot(x,y); hold on;

---- Deltas ----
id=     0: dx=    0.00 dy=    0.00 d=    0.00
id=     1: dx=    0.00 dy=    0.00 d=    0.00
id=     2: dx=    0.00 dy=    0.00 d=    0.00
id=     3: dx=    0.00 dy=    0.00 d=    0.00
id=     4: dx=    0.00 dy=    0.00 d=    0.00
id=     5: dx=    0.00 dy=    0.00 d=    0.00
id=     6: dx=    0.00 dy=    0.00 d=    0.00
id=     7: dx=    0.00 dy=    0.00 d=    0.00
id=     8: dx=    0.00 dy=    0.00 d=    0.00
id=     9: dx=    0.00 dy=    0.00 d=    0.00
id=    10: dx=    0.00 dy=    0.00 d=    0.00
id=    11: dx=    0.00 dy=    0.00 d=    0.00
id=    12: dx=    0.00 dy=    0.00 d=    0.00
id=    13: dx=    0.00 dy=    0.00 d=    0.00

---- Areas ----
Triangle 0, area was    20292.0, is    20354.4,    0.3%
Triangle 1, area was    20292.0, is    20354.4,    0.3%
Triangle 2, area was    20292.0, is    20354.4,    0.3%
Triangle 3, area was    20292.0, is    20354.4,    0.3%
Triangle 4, area was    20292.0, is    20354.4,    0.3%
Triangle 5, area was    20292.0, is    20354.4,    0.3%
Triangle 6, area was    20292.0, is    20354.4,    0.3%
Triangle 7, area was    20292.0, is    20354.4,    0.3%
Triangle 8, area was    20292.0, is    20354.4,    0.3%
Triangle 9, area was    20292.0, is    20354.4,    0.3%
Triangle 10, area was    20648.0, is    20711.5,    0.3%
Triangle 11, area was    20648.0, is    20711.5,    0.3%
Combined: area was   244216.0, is   244967.0,    0.3%

---- Transforms ----
 1.0000 -0.0016     2.94    0.0001  1.0031   862.19
 1.0000 -0.0016     2.94    0.0001  1.0031   862.19
 1.0000 -0.0016     2.94    0.0001  1.0031   862.19
 1.0000 -0.0016     2.94    0.0001  1.0031   862.19
 1.0000 -0.0016     2.94    0.0001  1.0031   862.19
 1.0000 -0.0016     2.94    0.0001  1.0031   862.19
 1.0000 -0.0016     2.94    0.0001  1.0031   862.19
 1.0000 -0.0016     2.94    0.0001  1.0031   862.19
 1.0000 -0.0016     2.94    0.0001  1.0031   862.19
 1.0000 -0.0016     2.94    0.0001  1.0031   862.19
 1.0000 -0.0016     2.94    0.0001  1.0031   862.19
 1.0000 -0.0016     2.94    0.0001  1.0031   862.19

---- QC - deformable ----
Remapping 1431040 points.
Metrics: DEF: Mean square difference 0.408325
Metrics: DEF: Smallest footprint deg=0, area=241472
MetricImages: Range x 0 1372, y 0 176, use Nx=1374, Ny=178
Approximate EM metric 0.058540 for 244572 points.
All points, deformable, dfm 0.058540

Metrics: TRI: Mean square difference 0.560948
Metrics: TRI: Smallest footprint deg=0, area=40128
MetricImages: Range x 0 228, y 0 176, use Nx=230, Ny=178
Approximate EM metric 0.034160 for 40940 points.
%Yellow: Tol   1.05  red   34.7  yellow   29.7  green   35.6
%Yellow: Tol   1.10  red   25.0  yellow   50.5  green   24.5
%Yellow: Tol   1.15  red   19.1  yellow   62.8  green   18.0
%Yellow: Tol   1.20  red   15.2  yellow   70.4  green   14.4
%Yellow: Tol   1.25  red   12.7  yellow   75.2  green   12.1
Triangle 0: 20494 points, corr 0.719477, fm 0.034160, yellow 0.75

Metrics: TRI: Mean square difference 0.820692
Metrics: TRI: Smallest footprint deg=0, area=39375
MetricImages: Range x 3 228, y 1 176, use Nx=226, Ny=176
Approximate EM metric 0.060671 for 39776 points.
%Yellow: Tol   1.05  red   38.6  yellow   19.1  green   42.3
%Yellow: Tol   1.10  red   31.6  yellow   35.0  green   33.4
%Yellow: Tol   1.15  red   26.4  yellow   47.2  green   26.4
%Yellow: Tol   1.20  red   22.2  yellow   56.2  green   21.6
%Yellow: Tol   1.25  red   19.0  yellow   62.6  green   18.4
Triangle 1: 20039 points, corr 0.589604, fm 0.060671, yellow 0.63

Metrics: TRI: Mean square difference 0.608539
Metrics: TRI: Smallest footprint deg=0, area=39952
MetricImages: Range x 229 456, y 0 176, use Nx=228, Ny=178
Approximate EM metric 0.051054 for 40584 points.
%Yellow: Tol   1.05  red   35.5  yellow   27.1  green   37.4
%Yellow: Tol   1.10  red   26.9  yellow   47.0  green   26.1
%Yellow: Tol   1.15  red   21.0  yellow   59.6  green   19.4
%Yellow: Tol   1.20  red   17.0  yellow   67.6  green   15.4
%Yellow: Tol   1.25  red   14.2  yellow   72.9  green   12.9
Triangle 2: 20317 points, corr 0.695681, fm 0.051054, yellow 0.73

Metrics: TRI: Mean square difference 0.186739
Metrics: TRI: Smallest footprint deg=0, area=39375
MetricImages: Range x 231 456, y 1 176, use Nx=226, Ny=176
Approximate EM metric 0.063478 for 39776 points.
%Yellow: Tol   1.05  red   31.5  yellow   36.0  green   32.5
%Yellow: Tol   1.10  red   19.7  yellow   61.6  green   18.7
%Yellow: Tol   1.15  red   12.5  yellow   76.9  green   10.6
%Yellow: Tol   1.20  red    7.8  yellow   86.1  green    6.2
%Yellow: Tol   1.25  red    4.5  yellow   91.6  green    3.9
Triangle 3: 20039 points, corr 0.906581, fm 0.063478, yellow 0.92

Metrics: TRI: Mean square difference 0.275820
Metrics: TRI: Smallest footprint deg=0, area=39952
MetricImages: Range x 457 684, y 0 176, use Nx=228, Ny=178
Approximate EM metric 0.045375 for 40584 points.
%Yellow: Tol   1.05  red   33.6  yellow   36.5  green   30.0
%Yellow: Tol   1.10  red   20.4  yellow   59.9  green   19.8
%Yellow: Tol   1.15  red   13.2  yellow   72.9  green   13.9
%Yellow: Tol   1.20  red    9.1  yellow   81.1  green    9.8
%Yellow: Tol   1.25  red    6.5  yellow   86.4  green    7.0
Triangle 4: 20317 points, corr 0.862041, fm 0.045375, yellow 0.86

Metrics: TRI: Mean square difference 0.652872
Metrics: TRI: Smallest footprint deg=0, area=39375
MetricImages: Range x 459 684, y 1 176, use Nx=226, Ny=176
Approximate EM metric 0.051348 for 39776 points.
%Yellow: Tol   1.05  red   39.8  yellow   20.9  green   39.2
%Yellow: Tol   1.10  red   31.2  yellow   38.7  green   30.1
%Yellow: Tol   1.15  red   25.3  yellow   51.3  green   23.3
%Yellow: Tol   1.20  red   20.7  yellow   61.0  green   18.3
%Yellow: Tol   1.25  red   16.9  yellow   68.1  green   15.0
Triangle 5: 20039 points, corr 0.673514, fm 0.051348, yellow 0.68

Metrics: TRI: Mean square difference 0.665508
Metrics: TRI: Smallest footprint deg=0, area=39952
MetricImages: Range x 685 912, y 0 176, use Nx=228, Ny=178
Approximate EM metric 0.049582 for 40584 points.
%Yellow: Tol   1.05  red   39.1  yellow   16.6  green   44.3
%Yellow: Tol   1.10  red   33.0  yellow   32.1  green   34.9
%Yellow: Tol   1.15  red   27.8  yellow   44.5  green   27.7
%Yellow: Tol   1.20  red   23.1  yellow   54.4  green   22.5
%Yellow: Tol   1.25  red   19.1  yellow   63.0  green   17.9
Triangle 6: 20317 points, corr 0.667197, fm 0.049582, yellow 0.63

Metrics: TRI: Mean square difference 0.674070
Metrics: TRI: Smallest footprint deg=0, area=39375
MetricImages: Range x 687 912, y 1 176, use Nx=226, Ny=176
Approximate EM metric 0.044111 for 39776 points.
%Yellow: Tol   1.05  red   38.7  yellow   13.5  green   47.8
%Yellow: Tol   1.10  red   33.5  yellow   28.9  green   37.6
%Yellow: Tol   1.15  red   28.4  yellow   42.7  green   29.0
%Yellow: Tol   1.20  red   23.4  yellow   55.1  green   21.5
%Yellow: Tol   1.25  red   18.9  yellow   64.8  green   16.3
Triangle 7: 20039 points, corr 0.662915, fm 0.044111, yellow 0.65

Metrics: TRI: Mean square difference 0.531460
Metrics: TRI: Smallest footprint deg=0, area=39952
MetricImages: Range x 913 1140, y 0 176, use Nx=228, Ny=178
Approximate EM metric 0.041702 for 40584 points.
%Yellow: Tol   1.05  red   36.8  yellow   26.9  green   36.3
%Yellow: Tol   1.10  red   29.0  yellow   46.7  green   24.2
%Yellow: Tol   1.15  red   23.2  yellow   59.8  green   16.9
%Yellow: Tol   1.20  red   18.8  yellow   68.1  green   13.1
%Yellow: Tol   1.25  red   15.4  yellow   73.8  green   10.8
Triangle 8: 20317 points, corr 0.734221, fm 0.041702, yellow 0.74

Metrics: TRI: Mean square difference 0.683172
Metrics: TRI: Smallest footprint deg=0, area=39375
MetricImages: Range x 915 1140, y 1 176, use Nx=226, Ny=176
Approximate EM metric 0.033668 for 39776 points.
%Yellow: Tol   1.05  red   41.9  yellow   17.2  green   40.9
%Yellow: Tol   1.10  red   35.4  yellow   32.4  green   32.3
%Yellow: Tol   1.15  red   29.1  yellow   45.8  green   25.1
%Yellow: Tol   1.20  red   24.0  yellow   55.3  green   20.6
%Yellow: Tol   1.25  red   19.3  yellow   62.6  green   18.1
Triangle 9: 20039 points, corr 0.658364, fm 0.033668, yellow 0.63

Metrics: TRI: Mean square difference 0.445064
Metrics: TRI: Smallest footprint deg=0, area=40656
MetricImages: Range x 1141 1372, y 0 176, use Nx=232, Ny=178
Approximate EM metric 0.041093 for 41296 points.
%Yellow: Tol   1.05  red   35.8  yellow   25.2  green   39.0
%Yellow: Tol   1.10  red   28.3  yellow   50.7  green   21.1
%Yellow: Tol   1.15  red   22.9  yellow   62.2  green   14.9
%Yellow: Tol   1.20  red   18.4  yellow   69.2  green   12.4
%Yellow: Tol   1.25  red   14.8  yellow   74.3  green   10.9
Triangle 10: 20675 points, corr 0.777420, fm 0.041093, yellow 0.74

Metrics: TRI: Mean square difference 0.283387
Metrics: TRI: Smallest footprint deg=0, area=40075
MetricImages: Range x 1143 1372, y 1 176, use Nx=230, Ny=176
Approximate EM metric 0.053518 for 40480 points.
%Yellow: Tol   1.05  red   32.9  yellow   32.3  green   34.8
%Yellow: Tol   1.10  red   21.3  yellow   60.6  green   18.1
%Yellow: Tol   1.15  red   13.9  yellow   76.4  green    9.7
%Yellow: Tol   1.20  red    9.9  yellow   83.3  green    6.8
%Yellow: Tol   1.25  red    7.7  yellow   87.1  green    5.2
Triangle 11: 20389 points, corr 0.858258, fm 0.053518, yellow 0.87


---- Final reports ----
STAT: Overall 243021 points, corr 0.7956, EMM 0.0585, weighted EMM 0.0474, cor+dfm 0.8542, weighted yellow 0.7356

Angle span: min, max, delta = 0.000856 0.000856 0.000000
Mesh-Thm: 0.0000  0.0016     0.22    0.0001  0.0031     0.31 2x(LDR,LDC)=(0.20,200.00) -- OK.

Final remapping of 1431040 points.
Center 73.002690 56.993328:  1.0000 -0.0016     2.94    0.0001  1.0031   862.19
Mapping region 1 xy= 73.002690 56.993328 to region 1 xy= 75.843539 919.366544
Center 140.096892 123.313055:  1.0000 -0.0016     2.94    0.0001  1.0031   862.19
Mapping region 1 xy= 140.096892 123.313055 to region 1 xy= 142.826803 985.899031
Center 297.931856 54.595922:  1.0000 -0.0016     2.94    0.0001  1.0031   862.19
Mapping region 1 xy= 297.931856 54.595922 to region 1 xy= 300.766465 916.981208
Center 366.142960 124.075774:  1.0000 -0.0016     2.94    0.0001  1.0031   862.19
Mapping region 1 xy= 366.142960 124.075774 to region 1 xy= 368.861439 986.683776
Center 530.498610 58.161195:  1.0000 -0.0016     2.94    0.0001  1.0031   862.19
Mapping region 1 xy= 530.498610 58.161195 to region 1 xy= 533.316931 920.577818
Center 602.904614 120.655655:  1.0000 -0.0016     2.94    0.0001  1.0031   862.19
Mapping region 1 xy= 602.904614 120.655655 to region 1 xy= 605.617983 983.273563
Center 754.161455 54.775171:  1.0000 -0.0016     2.94    0.0001  1.0031   862.19
Mapping region 1 xy= 754.161455 54.775171 to region 1 xy= 756.975202 917.200668
Center 831.777824 120.314797:  1.0000 -0.0016     2.94    0.0001  1.0031   862.19
Mapping region 1 xy= 831.777824 120.314797 to region 1 xy= 834.481429 982.951534
Center 983.789828 56.046445:  1.0000 -0.0016     2.94    0.0001  1.0031   862.19
Mapping region 1 xy= 983.789828 56.046445 to region 1 xy= 986.591154 918.495867
Center 1056.743565 121.499223:  1.0000 -0.0016     2.94    0.0001  1.0031   862.19
Mapping region 1 xy= 1056.743565 121.499223 to region 1 xy= 1059.435099 984.159208
Center 1212.470065 55.602033:  1.0000 -0.0016     2.94    0.0001  1.0031   862.19
Mapping region 1 xy= 1212.470065 55.602033 to region 1 xy= 1215.261803 918.069943
Center 1289.024667 120.831055:  1.0000 -0.0016     2.94    0.0001  1.0031   862.19
Mapping region 1 xy= 1289.024667 120.831055 to region 1 xy= 1291.706815 983.509143

Pipe: Returning 12 total transforms.

---- Summary Region-region results ----
Pipe: Table Headers {Az t r Bz t r thmok ntri}
FOUND:     2    9   1      2   10   1   1  12

---- Tabulating point matches ----
Tabulate: Rgn 1 -> 1: Keeping 12 of 12 point-pairs.

Timer: Alignment took 1.420 seconds.

main: Got 12 mapping regions.
main: Transform   0:  1.0000 -0.0016     2.94    0.0001  1.0031   862.19
main: Transform   1:  1.0000 -0.0016     2.94    0.0001  1.0031   862.19
main: Transform   2:  1.0000 -0.0016     2.94    0.0001  1.0031   862.19
main: Transform   3:  1.0000 -0.0016     2.94    0.0001  1.0031   862.19
main: Transform   4:  1.0000 -0.0016     2.94    0.0001  1.0031   862.19
main: Transform   5:  1.0000 -0.0016     2.94    0.0001  1.0031   862.19
main: Transform   6:  1.0000 -0.0016     2.94    0.0001  1.0031   862.19
main: Transform   7:  1.0000 -0.0016     2.94    0.0001  1.0031   862.19
main: Transform   8:  1.0000 -0.0016     2.94    0.0001  1.0031   862.19
main: Transform   9:  1.0000 -0.0016     2.94    0.0001  1.0031   862.19
main: Transform  10:  1.0000 -0.0016     2.94    0.0001  1.0031   862.19
main: Transform  11:  1.0000 -0.0016     2.94    0.0001  1.0031   862.19

main: Average:  1.0000 -0.0016     0.00    0.0001  1.0031     0.00
main: Degrees: 0.0490292
main: Residue:  1.0000 -0.0008     0.00   -0.0008  1.0031     0.00

main: Inverse:  1.0000  0.0016    -0.00   -0.0001  0.9969    -0.00
main: Degrees: -0.0490292
main: Residue:  1.0000  0.0008     0.00    0.0008  0.9969     0.00

main: Normal completion for dmesh run.
Timer: Total took 1.650 seconds.

---- Memory ----
Host name: h07u26.int.janelia.org
PID:       37156
User time:       1 seconds.
System time:     0 seconds.
VmPeak:	  380068 kB
VmSize:	  217292 kB
VmLck:	       0 kB
VmPin:	       0 kB
VmHWM:	  216768 kB
VmRSS:	   53456 kB
VmData:	   47896 kB
VmStk:	     164 kB
VmExe:	     832 kB
VmLib:	   85564 kB
VmPTE:	     344 kB
VmSwap:	       0 kB
voluntary_ctxt_switches:	16
nonvoluntary_ctxt_switches:	23

