
---- dmesh start ----
main: Start: Fri Sep 30 13:13:17 2016


---- Match parameters ----
PXBRO=2            <default 2>        "Max Legendre poly order for bkg removal"
PXLENS=N           <default N>        "Y=Apply IDB/lens.txt"
PXRESMSK=N         <default N>        "Y=Apply resin mask"
PXDOG=N            <default N>        "Y=Apply DoG filter"
PXDOG_R1=3         <default 3>        "DoG inner radius"
PXDOG_R2=6         <default 6>        "DoG outer radius"
FLD=N              <default X>        "Mask usage: Y=Use, N=None, X=XL only"
PRETWEAK=N         <default N>        "Y=Auto-distort before angle scan"
SCALE=1            <default 1.0>      "Image-B / image-A scale factor"
XSCALE=1           <default 1.0>      "Image-B / image-A x-axis scale factor"
YSCALE=1           <default 1.0>      "Image-B / image-A y-axis scale factor"
SKEW=0             <default 0.0>      "Transform elem[3] user-applied distortion"
MODE_SL=M          <default Z>        "Notes above"
MODE_XL=N          <default Y>        "Notes above"
TAB2DFM_SL=N       <default Y>        "Adopt Tdfm from Tab"
TAB2DFM_XL=Y       <default Y>        "Adopt Tdfm from Tab"
XYCONF_SL=1.0      <default 0.0>      "[0,1.0] confidence in Tab XY"
XYCONF_XL=0.8      <default 0.0>      "[0,1.0] confidence in Tab XY"
THMDEC_SL=8        <default 8>        "2^N thumb decimation factor"
THMDEC_XL=8        <default 8>        "2^N thumb decimation factor"
OLAP1D_SL=0        <default 0>        "Min 1D pix full-size overlap"
OLAP1D_XL=0        <default 0>        "Min 1D pix full-size overlap"
OLAP2D_SL=60000    <default 25000>    "Min 2D pix full-size overlap"
OLAP2D_XL=160000   <default 200000>   "Min 2D pix full-size overlap"
NBMXHT_SL=0.75     <default 0.75>     "Max F(neib)/F(pk) in guard zone"
NBMXHT_XL=0.75     <default 0.75>     "Max F(neib)/F(pk) in guard zone"
HFANGDN_SL=5       <default 5.0>      "Half angle search range denovo"
HFANGDN_XL=45      <default 45.0>     "Half angle search range denovo"
HFANGPR_SL=1       <default 1.0>      "Half angle search range prior angles"
HFANGPR_XL=4       <default 1.0>      "Half angle search range prior angles"
RTRSH_SL=0.3       <default 0.3>      "R corr thresh"
RTRSH_XL=0.3       <default 0.3>      "R corr thresh"
TWEAKS=N           <default N>        "Y=Try 8 near unity distortions"
LIMXY_SL=30        <default 0>        "0 or Max XY delta from Tab"
LIMXY_XL=80        <default 0>        "0 or Max XY delta from Tab"
WTHMPR=Y           <default Y>        "Y=Write ThmPair_a^b.txt entries"
OPT_SL=Y           <default Y(EM)>    "Y=Enable mesh optimizer"
RIT_SL=0.50        <default 0.20>     "Min mesh starting corr"
RIT_XL=0.1         <default 0.20>     "Min mesh starting corr"
RFA_SL=0.55        <default 0.3>      "Affine-only final corr"
RFA_XL=0.20        <default 0.3>      "Affine-only final corr"
RFT_SL=0.65        <default 0.5>      "Full mesh final corr"
RFT_XL=0.25        <default 0.5>      "Full mesh final corr"
TMC=5              <default 30.0%>    "Max single triangle area change"
TSC=9              <default 9.0%>     "Max summed triangle area change"
MNL=250            <default 300>      "Triangle edges between MNL and 2*MNL"
MTA=120000         <default 10000>    "Min triangle size (pixels)"
MMA=60000          <default 100000>   "Min 2D overlap for mesh"
ONE=N              <default N>        "Y=Use just one affine transform"
IFM=0.50           <default 0.50>     "Min Fourier Metric after affine-only"
FFM=0.65           <default 0.65>     "Min Fourier Metric after full mesh"
FYL=0.5            <default 0.50>     "Min fraction of yellow pixels"
CPD=0.5            <default 0.50>     "Min Correlation + DFM"
EMM=Y              <default Y>        "Y=Use Earth Mover's Metric, N=Use Fourier"
EMT=0.14           <default 0.2>      "Earth Movers Metric thresh"
WDI=N              <default N>        "Y=Write diff images (Fourier, EMM metrics)"
LDA=0.2            <default 0.2>      "Max radian delta between triangles"
LDR=0.1            <default 0.1>      "Max sine delta between triangles"
LDC=100            <default 100.0>    "Max XY delta between triangles"
DXY=100            <default 100.0>    "Max delta from user input XYs"
WMT=N              <default Y>        "Y=Write map.tif files"
WTT=N              <default Y>        "Y=Write tf.txt files"


---- Input images ----
Til2Img entry: A T=[ 1.0000  0.0000     0.00  0.0000  1.0000  3428.00] path=[/groups/apig/tomo/DEMO/TIF/C1_9_2.tif].
Til2Img entry: B T=[ 1.0000  0.0000     0.00  0.0000  1.0000  4285.00] path=[/groups/apig/tomo/DEMO/TIF/C1_8_2.tif].


---- Command-line overrides ----
Tdfm= 1.0000  0.0000     0.00    0.0000  1.0000     0.00
FLD=N
MODE=N (was M)
CTR=0


---- Image loading ----
Raster8FromTif: Opening [/groups/apig/tomo/DEMO/TIF/C1_9_2.tif].
Raster8FromTif: Bits per sample 8, samples per pixel 1
Raster8FromTif: Picture is 1376 by 1040, 1431040 pixels total.
TIF(8): Last Encoded strip had 1376 bytes.
Raster8FromTif: Opening [/groups/apig/tomo/DEMO/TIF/C1_8_2.tif].
Raster8FromTif: Bits per sample 8, samples per pixel 1
Raster8FromTif: Picture is 1376 by 1040, 1431040 pixels total.
TIF(8): Last Encoded strip had 1376 bytes.
PixPair: Using image scale=1.
Timer: Image conditioning took 0.240 seconds.

---- Foldmaps ----

---- Connected regions ----
Forcing single connected region.

---- Begin A-1 to B-1 ----

---- Thumbnail matching ----
Subimage: Using intersection, w=1376, h=183, pix=251808
Thumbs: After decimation 3956 pts, reqArea 937, thmscl 8
SetDisc( 0, 0, 3, 3 )
Initial: R= 4.567, A=   0.000, X=   -0.31, Y=    0.05
Peak-Disc: dR 2 dX -2 dY 0
Approx: LowRes  R=4.567, X=-2.441, Y=0.383
Approx: FullRes R=1.249, X=-3.177, Y=0.910, use=Y.
Timer: FinishAtFullRes took 0.210 seconds.
Approx: Returning A=0.000000, R=4.566644, X=-3.177072, Y=-856.089759
Approx: Best transform  1.0000  0.0000    -3.18    0.0000  1.0000  -856.09
Approx: Orig transform  1.0000  0.0000     0.00    0.0000  1.0000  -857.00
Approx: Idnt transform  1.0000  0.0000    -3.18    0.0000  1.0000     0.91
Approx: err = 3.30489, max = 30

---- Starting detailed region mapping ----
Roughly 252632 pixels map to B.
Region size is [3 1375] in x, [856 1039] in y.

---- Building mesh - affine ----
Computed simple triangle.

---- ImproveMesh - affine ----
Tri: (3 856) (1375 856) (689 1039).

---- Matlab Vertices ----
x=[3 1375 689 3]; y=[856 856 1039 856]; plot(x,y); hold on;

---- ImproveControlPts ----
STAT: ImproveCpt: Initial affine correlation 0.920692 (252632 pixels).
corr=0.920692	step=10.000000
corr=0.920692	step=5.000000
corr=0.920692	step=2.500000
corr=0.920692	step=1.250000
corr=0.920692	step=0.625000
STAT: ImproveCpt: Final affine correlation 0.920692, (threshold 0.550000).

---- Matlab A-Sys Originals ----
x=[3.000000 1375.000000 689.000000 3.000000]; y=[856.000000 856.000000 1039.000000 856.000000]; plot(x,y); hold on;

---- Matlab B-Sys Originals ----
x=[-0.177072 1371.822928 685.822928 -0.177072]; y=[-0.089759 -0.089759 182.910241 -0.089759]; plot(x,y); hold on;

---- Matlab B-Sys Optimized ----
x=[-0.177072 1371.822928 685.822928 -0.177072]; y=[-0.089759 -0.089759 182.910241 -0.089759]; plot(x,y); hold on;

---- Deltas ----
id=     0: dx=    0.00 dy=    0.00 d=    0.00
id=     1: dx=    0.00 dy=    0.00 d=    0.00
id=     2: dx=    0.00 dy=    0.00 d=    0.00

---- Areas ----
Triangle 0, area was   125538.0, is   125538.0,    0.0%
Combined: area was   125538.0, is   125538.0,    0.0%

---- Transforms ----
 1.0000  0.0000    -3.18    0.0000  1.0000  -856.09
Best affine transform:  1.0000  0.0000    -3.18    0.0000  1.0000  -856.09
    Inverse transform:  1.0000 -0.0000     3.18   -0.0000  1.0000   856.09

---- QC - affine ----
Metrics: AFF: Mean square difference 0.157826
Metrics: AFF: Smallest footprint deg=0, area=249522
MetricImages: Range x 4 1375, y 857 1039, use Nx=1372, Ny=184
Approximate EM metric 0.049924 for 252448 points.
%Yellow: Tol   1.05  red   29.1  yellow   44.6  green   26.3
%Yellow: Tol   1.10  red   15.8  yellow   69.9  green   14.3
%Yellow: Tol   1.15  red    8.8  yellow   83.0  green    8.3
%Yellow: Tol   1.20  red    5.2  yellow   89.5  green    5.2
%Yellow: Tol   1.25  red    3.5  yellow   92.8  green    3.7
Affine Triangle: 251076 points, corr 0.921083, fm 0.049924, yellow 0.93

---- Building mesh - deformable ----
Lx Dx Nx:  1372   228.00   6
Ly Dy Ny:   183   183.00   1

STAT: From 252632 pts, got 12 triangles, 14 control points.
Timer: MeshCreate took 0.010 seconds.

---- ImproveMesh - deformable mesh ----
Tri: (3 856) (231 856) (3 1039).
Tri: (3 1039) (231 856) (231 1039).
Tri: (231 856) (459 856) (231 1039).
Tri: (231 1039) (459 856) (459 1039).
Tri: (459 856) (687 856) (459 1039).
Tri: (459 1039) (687 856) (687 1039).
Tri: (687 856) (915 856) (687 1039).
Tri: (687 1039) (915 856) (915 1039).
Tri: (915 856) (1143 856) (915 1039).
Tri: (915 1039) (1143 856) (1143 1039).
Tri: (1143 856) (1375 856) (1143 1039).
Tri: (1143 1039) (1375 856) (1375 1039).

---- Matlab Vertices ----
x=[3 231 3 3]; y=[856 856 1039 856]; plot(x,y); hold on;
x=[3 231 231 3]; y=[1039 856 1039 1039]; plot(x,y); hold on;
x=[231 459 231 231]; y=[856 856 1039 856]; plot(x,y); hold on;
x=[231 459 459 231]; y=[1039 856 1039 1039]; plot(x,y); hold on;
x=[459 687 459 459]; y=[856 856 1039 856]; plot(x,y); hold on;
x=[459 687 687 459]; y=[1039 856 1039 1039]; plot(x,y); hold on;
x=[687 915 687 687]; y=[856 856 1039 856]; plot(x,y); hold on;
x=[687 915 915 687]; y=[1039 856 1039 1039]; plot(x,y); hold on;
x=[915 1143 915 915]; y=[856 856 1039 856]; plot(x,y); hold on;
x=[915 1143 1143 915]; y=[1039 856 1039 1039]; plot(x,y); hold on;
x=[1143 1375 1143 1143]; y=[856 856 1039 856]; plot(x,y); hold on;
x=[1143 1375 1375 1143]; y=[1039 856 1039 1039]; plot(x,y); hold on;

---- ImproveControlPts ----
STAT: ImproveCpt: Initial deformable mesh correlation 0.920692 (252632 pixels).
corr=0.920692	step=10.000000
corr=0.920692	step=5.000000
corr=0.920692	step=2.500000
corr=0.920692	step=1.250000
corr=0.920692	step=0.625000
STAT: ImproveCpt: Final deformable mesh correlation 0.920692, (threshold 0.650000).

---- Matlab A-Sys Originals ----
x=[3.000000 231.000000 3.000000 3.000000]; y=[856.000000 856.000000 1039.000000 856.000000]; plot(x,y); hold on;
x=[3.000000 231.000000 231.000000 3.000000]; y=[1039.000000 856.000000 1039.000000 1039.000000]; plot(x,y); hold on;
x=[231.000000 459.000000 231.000000 231.000000]; y=[856.000000 856.000000 1039.000000 856.000000]; plot(x,y); hold on;
x=[231.000000 459.000000 459.000000 231.000000]; y=[1039.000000 856.000000 1039.000000 1039.000000]; plot(x,y); hold on;
x=[459.000000 687.000000 459.000000 459.000000]; y=[856.000000 856.000000 1039.000000 856.000000]; plot(x,y); hold on;
x=[459.000000 687.000000 687.000000 459.000000]; y=[1039.000000 856.000000 1039.000000 1039.000000]; plot(x,y); hold on;
x=[687.000000 915.000000 687.000000 687.000000]; y=[856.000000 856.000000 1039.000000 856.000000]; plot(x,y); hold on;
x=[687.000000 915.000000 915.000000 687.000000]; y=[1039.000000 856.000000 1039.000000 1039.000000]; plot(x,y); hold on;
x=[915.000000 1143.000000 915.000000 915.000000]; y=[856.000000 856.000000 1039.000000 856.000000]; plot(x,y); hold on;
x=[915.000000 1143.000000 1143.000000 915.000000]; y=[1039.000000 856.000000 1039.000000 1039.000000]; plot(x,y); hold on;
x=[1143.000000 1375.000000 1143.000000 1143.000000]; y=[856.000000 856.000000 1039.000000 856.000000]; plot(x,y); hold on;
x=[1143.000000 1375.000000 1375.000000 1143.000000]; y=[1039.000000 856.000000 1039.000000 1039.000000]; plot(x,y); hold on;

---- Matlab B-Sys Originals ----
x=[-0.177072 227.822928 -0.177072 -0.177072]; y=[-0.089759 -0.089759 182.910241 -0.089759]; plot(x,y); hold on;
x=[-0.177072 227.822928 227.822928 -0.177072]; y=[182.910241 -0.089759 182.910241 182.910241]; plot(x,y); hold on;
x=[227.822928 455.822928 227.822928 227.822928]; y=[-0.089759 -0.089759 182.910241 -0.089759]; plot(x,y); hold on;
x=[227.822928 455.822928 455.822928 227.822928]; y=[182.910241 -0.089759 182.910241 182.910241]; plot(x,y); hold on;
x=[455.822928 683.822928 455.822928 455.822928]; y=[-0.089759 -0.089759 182.910241 -0.089759]; plot(x,y); hold on;
x=[455.822928 683.822928 683.822928 455.822928]; y=[182.910241 -0.089759 182.910241 182.910241]; plot(x,y); hold on;
x=[683.822928 911.822928 683.822928 683.822928]; y=[-0.089759 -0.089759 182.910241 -0.089759]; plot(x,y); hold on;
x=[683.822928 911.822928 911.822928 683.822928]; y=[182.910241 -0.089759 182.910241 182.910241]; plot(x,y); hold on;
x=[911.822928 1139.822928 911.822928 911.822928]; y=[-0.089759 -0.089759 182.910241 -0.089759]; plot(x,y); hold on;
x=[911.822928 1139.822928 1139.822928 911.822928]; y=[182.910241 -0.089759 182.910241 182.910241]; plot(x,y); hold on;
x=[1139.822928 1371.822928 1139.822928 1139.822928]; y=[-0.089759 -0.089759 182.910241 -0.089759]; plot(x,y); hold on;
x=[1139.822928 1371.822928 1371.822928 1139.822928]; y=[182.910241 -0.089759 182.910241 182.910241]; plot(x,y); hold on;

---- Matlab B-Sys Optimized ----
x=[-0.177072 227.822928 -0.177072 -0.177072]; y=[-0.089759 -0.089759 182.910241 -0.089759]; plot(x,y); hold on;
x=[-0.177072 227.822928 227.822928 -0.177072]; y=[182.910241 -0.089759 182.910241 182.910241]; plot(x,y); hold on;
x=[227.822928 455.822928 227.822928 227.822928]; y=[-0.089759 -0.089759 182.910241 -0.089759]; plot(x,y); hold on;
x=[227.822928 455.822928 455.822928 227.822928]; y=[182.910241 -0.089759 182.910241 182.910241]; plot(x,y); hold on;
x=[455.822928 683.822928 455.822928 455.822928]; y=[-0.089759 -0.089759 182.910241 -0.089759]; plot(x,y); hold on;
x=[455.822928 683.822928 683.822928 455.822928]; y=[182.910241 -0.089759 182.910241 182.910241]; plot(x,y); hold on;
x=[683.822928 911.822928 683.822928 683.822928]; y=[-0.089759 -0.089759 182.910241 -0.089759]; plot(x,y); hold on;
x=[683.822928 911.822928 911.822928 683.822928]; y=[182.910241 -0.089759 182.910241 182.910241]; plot(x,y); hold on;
x=[911.822928 1139.822928 911.822928 911.822928]; y=[-0.089759 -0.089759 182.910241 -0.089759]; plot(x,y); hold on;
x=[911.822928 1139.822928 1139.822928 911.822928]; y=[182.910241 -0.089759 182.910241 182.910241]; plot(x,y); hold on;
x=[1139.822928 1371.822928 1139.822928 1139.822928]; y=[-0.089759 -0.089759 182.910241 -0.089759]; plot(x,y); hold on;
x=[1139.822928 1371.822928 1371.822928 1139.822928]; y=[182.910241 -0.089759 182.910241 182.910241]; plot(x,y); hold on;

---- Deltas ----
id=     0: dx=    0.00 dy=    0.00 d=    0.00
id=     1: dx=    0.00 dy=    0.00 d=    0.00
id=     2: dx=    0.00 dy=    0.00 d=    0.00
id=     3: dx=    0.00 dy=    0.00 d=    0.00
id=     4: dx=    0.00 dy=    0.00 d=    0.00
id=     5: dx=    0.00 dy=    0.00 d=    0.00
id=     6: dx=    0.00 dy=    0.00 d=    0.00
id=     7: dx=    0.00 dy=    0.00 d=    0.00
id=     8: dx=    0.00 dy=    0.00 d=    0.00
id=     9: dx=    0.00 dy=    0.00 d=    0.00
id=    10: dx=    0.00 dy=    0.00 d=    0.00
id=    11: dx=    0.00 dy=    0.00 d=    0.00
id=    12: dx=    0.00 dy=    0.00 d=    0.00
id=    13: dx=    0.00 dy=    0.00 d=    0.00

---- Areas ----
Triangle 0, area was    20862.0, is    20862.0,    0.0%
Triangle 1, area was    20862.0, is    20862.0,    0.0%
Triangle 2, area was    20862.0, is    20862.0,    0.0%
Triangle 3, area was    20862.0, is    20862.0,    0.0%
Triangle 4, area was    20862.0, is    20862.0,    0.0%
Triangle 5, area was    20862.0, is    20862.0,    0.0%
Triangle 6, area was    20862.0, is    20862.0,    0.0%
Triangle 7, area was    20862.0, is    20862.0,    0.0%
Triangle 8, area was    20862.0, is    20862.0,    0.0%
Triangle 9, area was    20862.0, is    20862.0,    0.0%
Triangle 10, area was    21228.0, is    21228.0,    0.0%
Triangle 11, area was    21228.0, is    21228.0,    0.0%
Combined: area was   251076.0, is   251076.0,    0.0%

---- Transforms ----
 1.0000  0.0000    -3.18    0.0000  1.0000  -856.09
 1.0000  0.0000    -3.18    0.0000  1.0000  -856.09
 1.0000  0.0000    -3.18    0.0000  1.0000  -856.09
 1.0000  0.0000    -3.18    0.0000  1.0000  -856.09
 1.0000  0.0000    -3.18    0.0000  1.0000  -856.09
 1.0000  0.0000    -3.18    0.0000  1.0000  -856.09
 1.0000  0.0000    -3.18    0.0000  1.0000  -856.09
 1.0000  0.0000    -3.18    0.0000  1.0000  -856.09
 1.0000  0.0000    -3.18    0.0000  1.0000  -856.09
 1.0000  0.0000    -3.18    0.0000  1.0000  -856.09
 1.0000  0.0000    -3.18    0.0000  1.0000  -856.09
 1.0000  0.0000    -3.18    0.0000  1.0000  -856.09

---- QC - deformable ----
Remapping 1431040 points.
Metrics: DEF: Mean square difference 0.157826
Metrics: DEF: Smallest footprint deg=0, area=249522
MetricImages: Range x 4 1375, y 857 1039, use Nx=1372, Ny=184
Approximate EM metric 0.049924 for 252448 points.
All points, deformable, dfm 0.049924

Metrics: TRI: Mean square difference 0.080964
Metrics: TRI: Smallest footprint deg=0, area=40725
MetricImages: Range x 4 229, y 857 1038, use Nx=226, Ny=182
Approximate EM metric 0.044182 for 41132 points.
%Yellow: Tol   1.05  red   28.3  yellow   46.7  green   25.0
%Yellow: Tol   1.10  red   12.7  yellow   75.4  green   11.9
%Yellow: Tol   1.15  red    4.7  yellow   89.3  green    6.0
%Yellow: Tol   1.20  red    1.3  yellow   95.2  green    3.5
%Yellow: Tol   1.25  red    0.3  yellow   97.4  green    2.3
Triangle 0: 20658 points, corr 0.959470, fm 0.044182, yellow 0.97

Metrics: TRI: Mean square difference 0.163714
Metrics: TRI: Smallest footprint deg=0, area=41314
MetricImages: Range x 4 231, y 857 1039, use Nx=228, Ny=184
Approximate EM metric 0.041280 for 41952 points.
%Yellow: Tol   1.05  red   32.8  yellow   35.1  green   32.1
%Yellow: Tol   1.10  red   20.9  yellow   60.5  green   18.6
%Yellow: Tol   1.15  red   12.5  yellow   76.8  green   10.7
%Yellow: Tol   1.20  red    6.7  yellow   86.9  green    6.4
%Yellow: Tol   1.25  red    3.5  yellow   92.5  green    4.0
Triangle 1: 21066 points, corr 0.918095, fm 0.041280, yellow 0.93

Metrics: TRI: Mean square difference 0.132353
Metrics: TRI: Smallest footprint deg=0, area=40725
MetricImages: Range x 232 457, y 857 1038, use Nx=226, Ny=182
Approximate EM metric 0.026139 for 41132 points.
%Yellow: Tol   1.05  red   27.5  yellow   46.3  green   26.2
%Yellow: Tol   1.10  red   13.9  yellow   72.3  green   13.9
%Yellow: Tol   1.15  red    7.6  yellow   84.5  green    7.9
%Yellow: Tol   1.20  red    4.8  yellow   90.3  green    4.9
%Yellow: Tol   1.25  red    3.1  yellow   93.6  green    3.3
Triangle 2: 20658 points, corr 0.933775, fm 0.026139, yellow 0.94

Metrics: TRI: Mean square difference 0.181470
Metrics: TRI: Smallest footprint deg=0, area=41314
MetricImages: Range x 232 459, y 857 1039, use Nx=228, Ny=184
Approximate EM metric 0.020805 for 41952 points.
%Yellow: Tol   1.05  red   28.6  yellow   42.7  green   28.7
%Yellow: Tol   1.10  red   16.8  yellow   67.2  green   16.0
%Yellow: Tol   1.15  red   10.6  yellow   79.9  green    9.5
%Yellow: Tol   1.20  red    7.0  yellow   86.9  green    6.1
%Yellow: Tol   1.25  red    5.0  yellow   90.6  green    4.5
Triangle 3: 21066 points, corr 0.909217, fm 0.020805, yellow 0.91

Metrics: TRI: Mean square difference 0.151986
Metrics: TRI: Smallest footprint deg=0, area=40725
MetricImages: Range x 460 685, y 857 1038, use Nx=226, Ny=182
Approximate EM metric 0.014140 for 41132 points.
%Yellow: Tol   1.05  red   29.6  yellow   43.3  green   27.2
%Yellow: Tol   1.10  red   16.8  yellow   67.4  green   15.8
%Yellow: Tol   1.15  red    9.5  yellow   80.7  green    9.8
%Yellow: Tol   1.20  red    5.7  yellow   87.9  green    6.4
%Yellow: Tol   1.25  red    3.6  yellow   92.0  green    4.4
Triangle 4: 20658 points, corr 0.923959, fm 0.014140, yellow 0.92

Metrics: TRI: Mean square difference 0.090102
Metrics: TRI: Smallest footprint deg=0, area=41314
MetricImages: Range x 460 687, y 857 1039, use Nx=228, Ny=184
Approximate EM metric 0.011587 for 41952 points.
%Yellow: Tol   1.05  red   23.0  yellow   56.1  green   21.0
%Yellow: Tol   1.10  red   11.1  yellow   78.4  green   10.6
%Yellow: Tol   1.15  red    6.1  yellow   87.6  green    6.3
%Yellow: Tol   1.20  red    3.6  yellow   92.2  green    4.1
%Yellow: Tol   1.25  red    2.3  yellow   94.9  green    2.8
Triangle 5: 21066 points, corr 0.954902, fm 0.011587, yellow 0.95

Metrics: TRI: Mean square difference 0.053439
Metrics: TRI: Smallest footprint deg=0, area=40725
MetricImages: Range x 688 913, y 857 1038, use Nx=226, Ny=182
Approximate EM metric 0.010295 for 41132 points.
%Yellow: Tol   1.05  red   19.9  yellow   61.1  green   19.0
%Yellow: Tol   1.10  red    8.1  yellow   84.2  green    7.7
%Yellow: Tol   1.15  red    3.8  yellow   92.3  green    3.8
%Yellow: Tol   1.20  red    1.7  yellow   96.1  green    2.2
%Yellow: Tol   1.25  red    0.9  yellow   97.8  green    1.3
Triangle 6: 20658 points, corr 0.973232, fm 0.010295, yellow 0.98

Metrics: TRI: Mean square difference 0.126114
Metrics: TRI: Smallest footprint deg=0, area=41314
MetricImages: Range x 688 915, y 857 1039, use Nx=228, Ny=184
Approximate EM metric 0.019571 for 41952 points.
%Yellow: Tol   1.05  red   27.9  yellow   48.3  green   23.8
%Yellow: Tol   1.10  red   14.9  yellow   72.5  green   12.6
%Yellow: Tol   1.15  red    8.0  yellow   84.0  green    8.0
%Yellow: Tol   1.20  red    4.1  yellow   90.4  green    5.5
%Yellow: Tol   1.25  red    2.5  yellow   93.6  green    3.9
Triangle 7: 21066 points, corr 0.936896, fm 0.019571, yellow 0.94

Metrics: TRI: Mean square difference 0.092295
Metrics: TRI: Smallest footprint deg=0, area=40725
MetricImages: Range x 916 1141, y 857 1038, use Nx=226, Ny=182
Approximate EM metric 0.030803 for 41132 points.
%Yellow: Tol   1.05  red   27.8  yellow   46.9  green   25.3
%Yellow: Tol   1.10  red   12.4  yellow   75.3  green   12.4
%Yellow: Tol   1.15  red    5.1  yellow   88.2  green    6.7
%Yellow: Tol   1.20  red    2.0  yellow   94.1  green    3.9
%Yellow: Tol   1.25  red    0.8  yellow   96.6  green    2.5
Triangle 8: 20658 points, corr 0.953804, fm 0.030803, yellow 0.97

Metrics: TRI: Mean square difference 0.097534
Metrics: TRI: Smallest footprint deg=0, area=41314
MetricImages: Range x 916 1143, y 857 1039, use Nx=228, Ny=184
Approximate EM metric 0.041396 for 41952 points.
%Yellow: Tol   1.05  red   26.1  yellow   46.7  green   27.2
%Yellow: Tol   1.10  red   14.7  yellow   72.6  green   12.6
%Yellow: Tol   1.15  red    8.2  yellow   85.6  green    6.2
%Yellow: Tol   1.20  red    4.2  yellow   92.6  green    3.3
%Yellow: Tol   1.25  red    2.1  yellow   95.8  green    2.0
Triangle 9: 21066 points, corr 0.951186, fm 0.041396, yellow 0.96

Metrics: TRI: Mean square difference 0.281788
Metrics: TRI: Smallest footprint deg=0, area=41449
MetricImages: Range x 1144 1373, y 857 1038, use Nx=230, Ny=182
Approximate EM metric 0.045372 for 41860 points.
%Yellow: Tol   1.05  red   36.1  yellow   32.5  green   31.4
%Yellow: Tol   1.10  red   22.9  yellow   59.4  green   17.7
%Yellow: Tol   1.15  red   14.4  yellow   75.3  green   10.2
%Yellow: Tol   1.20  red    9.5  yellow   83.8  green    6.6
%Yellow: Tol   1.25  red    6.6  yellow   88.4  green    5.0
Triangle 10: 21021 points, corr 0.859059, fm 0.045372, yellow 0.88

Metrics: TRI: Mean square difference 0.364056
Metrics: TRI: Smallest footprint deg=0, area=42042
MetricImages: Range x 1144 1375, y 857 1039, use Nx=232, Ny=184
Approximate EM metric 0.066142 for 42688 points.
%Yellow: Tol   1.05  red   33.9  yellow   31.1  green   35.0
%Yellow: Tol   1.10  red   25.0  yellow   55.1  green   19.8
%Yellow: Tol   1.15  red   18.6  yellow   68.2  green   13.3
%Yellow: Tol   1.20  red   13.5  yellow   76.8  green    9.7
%Yellow: Tol   1.25  red    9.9  yellow   82.4  green    7.6
Triangle 11: 21435 points, corr 0.817925, fm 0.066142, yellow 0.82


---- Final reports ----
STAT: Overall 251076 points, corr 0.9207, EMM 0.0499, weighted EMM 0.0311, cor+dfm 0.9706, weighted yellow 0.9293

Angle span: min, max, delta = 0.000000 0.000000 0.000000
Mesh-Thm: 0.0000  0.0000     0.00    0.0000  0.0000     0.00 2x(LDR,LDC)=(0.20,200.00) -- OK.

Final remapping of 1431040 points.
Center 76.002690 914.594264:  1.0000  0.0000    -3.18    0.0000  1.0000  -856.09
Mapping region 1 xy= 76.002690 914.594264 to region 1 xy= 72.825617 58.504505
Center 143.096892 982.776905:  1.0000  0.0000    -3.18    0.0000  1.0000  -856.09
Mapping region 1 xy= 143.096892 982.776905 to region 1 xy= 139.919819 126.687146
Center 300.931856 912.129516:  1.0000  0.0000    -3.18    0.0000  1.0000  -856.09
Mapping region 1 xy= 300.931856 912.129516 to region 1 xy= 297.754783 56.039756
Center 369.142960 983.561049:  1.0000  0.0000    -3.18    0.0000  1.0000  -856.09
Mapping region 1 xy= 369.142960 983.561049 to region 1 xy= 365.965888 127.471289
Center 533.498610 915.794937:  1.0000  0.0000    -3.18    0.0000  1.0000  -856.09
Mapping region 1 xy= 533.498610 915.794937 to region 1 xy= 530.321537 59.705177
Center 605.904614 980.044859:  1.0000  0.0000    -3.18    0.0000  1.0000  -856.09
Mapping region 1 xy= 605.904614 980.044859 to region 1 xy= 602.727542 123.955099
Center 757.161455 912.313799:  1.0000  0.0000    -3.18    0.0000  1.0000  -856.09
Mapping region 1 xy= 757.161455 912.313799 to region 1 xy= 753.984383 56.224040
Center 834.777824 979.694426:  1.0000  0.0000    -3.18    0.0000  1.0000  -856.09
Mapping region 1 xy= 834.777824 979.694426 to region 1 xy= 831.600752 123.604666
Center 986.789828 913.620783:  1.0000  0.0000    -3.18    0.0000  1.0000  -856.09
Mapping region 1 xy= 986.789828 913.620783 to region 1 xy= 983.612756 57.531024
Center 1059.743565 980.912122:  1.0000  0.0000    -3.18    0.0000  1.0000  -856.09
Mapping region 1 xy= 1059.743565 980.912122 to region 1 xy= 1056.566492 124.822363
Center 1215.470065 913.163887:  1.0000  0.0000    -3.18    0.0000  1.0000  -856.09
Mapping region 1 xy= 1215.470065 913.163887 to region 1 xy= 1212.292992 57.074128
Center 1292.024667 980.225185:  1.0000  0.0000    -3.18    0.0000  1.0000  -856.09
Mapping region 1 xy= 1292.024667 980.225185 to region 1 xy= 1288.847594 124.135426

Pipe: Returning 12 total transforms.

---- Summary Region-region results ----
Pipe: Table Headers {Az t r Bz t r thmok ntri}
FOUND:     2    9   1      2    8   1   1  12

---- Tabulating point matches ----
Tabulate: Rgn 1 -> 1: Keeping 12 of 12 point-pairs.

Timer: Alignment took 1.410 seconds.

main: Got 12 mapping regions.
main: Transform   0:  1.0000  0.0000    -3.18    0.0000  1.0000  -856.09
main: Transform   1:  1.0000  0.0000    -3.18    0.0000  1.0000  -856.09
main: Transform   2:  1.0000  0.0000    -3.18    0.0000  1.0000  -856.09
main: Transform   3:  1.0000  0.0000    -3.18    0.0000  1.0000  -856.09
main: Transform   4:  1.0000  0.0000    -3.18    0.0000  1.0000  -856.09
main: Transform   5:  1.0000  0.0000    -3.18    0.0000  1.0000  -856.09
main: Transform   6:  1.0000  0.0000    -3.18    0.0000  1.0000  -856.09
main: Transform   7:  1.0000  0.0000    -3.18    0.0000  1.0000  -856.09
main: Transform   8:  1.0000  0.0000    -3.18    0.0000  1.0000  -856.09
main: Transform   9:  1.0000  0.0000    -3.18    0.0000  1.0000  -856.09
main: Transform  10:  1.0000  0.0000    -3.18    0.0000  1.0000  -856.09
main: Transform  11:  1.0000  0.0000    -3.18    0.0000  1.0000  -856.09

main: Average:  1.0000  0.0000     0.00    0.0000  1.0000     0.00
main: Degrees: 0
main: Residue:  1.0000  0.0000     0.00    0.0000  1.0000     0.00

main: Inverse:  1.0000 -0.0000    -0.00   -0.0000  1.0000    -0.00
main: Degrees: 0
main: Residue:  1.0000  0.0000     0.00   -0.0000  1.0000     0.00

main: Normal completion for dmesh run.
Timer: Total took 1.650 seconds.

---- Memory ----
Host name: h07u26.int.janelia.org
PID:       37158
User time:       1 seconds.
System time:     0 seconds.
VmPeak:	  380068 kB
VmSize:	  220848 kB
VmLck:	       0 kB
VmPin:	       0 kB
VmHWM:	  216768 kB
VmRSS:	   57116 kB
VmData:	   51452 kB
VmStk:	     164 kB
VmExe:	     832 kB
VmLib:	   85564 kB
VmPTE:	     348 kB
VmSwap:	       0 kB
voluntary_ctxt_switches:	18
nonvoluntary_ctxt_switches:	23

