
---- dmesh start ----
main: Start: Fri Sep 30 13:13:21 2016


---- Match parameters ----
PXBRO=2            <default 2>        "Max Legendre poly order for bkg removal"
PXLENS=N           <default N>        "Y=Apply IDB/lens.txt"
PXRESMSK=N         <default N>        "Y=Apply resin mask"
PXDOG=N            <default N>        "Y=Apply DoG filter"
PXDOG_R1=3         <default 3>        "DoG inner radius"
PXDOG_R2=6         <default 6>        "DoG outer radius"
FLD=N              <default X>        "Mask usage: Y=Use, N=None, X=XL only"
PRETWEAK=N         <default N>        "Y=Auto-distort before angle scan"
SCALE=1            <default 1.0>      "Image-B / image-A scale factor"
XSCALE=1           <default 1.0>      "Image-B / image-A x-axis scale factor"
YSCALE=1           <default 1.0>      "Image-B / image-A y-axis scale factor"
SKEW=0             <default 0.0>      "Transform elem[3] user-applied distortion"
MODE_SL=M          <default Z>        "Notes above"
MODE_XL=N          <default Y>        "Notes above"
TAB2DFM_SL=N       <default Y>        "Adopt Tdfm from Tab"
TAB2DFM_XL=Y       <default Y>        "Adopt Tdfm from Tab"
XYCONF_SL=1.0      <default 0.0>      "[0,1.0] confidence in Tab XY"
XYCONF_XL=0.8      <default 0.0>      "[0,1.0] confidence in Tab XY"
THMDEC_SL=8        <default 8>        "2^N thumb decimation factor"
THMDEC_XL=8        <default 8>        "2^N thumb decimation factor"
OLAP1D_SL=0        <default 0>        "Min 1D pix full-size overlap"
OLAP1D_XL=0        <default 0>        "Min 1D pix full-size overlap"
OLAP2D_SL=60000    <default 25000>    "Min 2D pix full-size overlap"
OLAP2D_XL=160000   <default 200000>   "Min 2D pix full-size overlap"
NBMXHT_SL=0.75     <default 0.75>     "Max F(neib)/F(pk) in guard zone"
NBMXHT_XL=0.75     <default 0.75>     "Max F(neib)/F(pk) in guard zone"
HFANGDN_SL=5       <default 5.0>      "Half angle search range denovo"
HFANGDN_XL=45      <default 45.0>     "Half angle search range denovo"
HFANGPR_SL=1       <default 1.0>      "Half angle search range prior angles"
HFANGPR_XL=4       <default 1.0>      "Half angle search range prior angles"
RTRSH_SL=0.3       <default 0.3>      "R corr thresh"
RTRSH_XL=0.3       <default 0.3>      "R corr thresh"
TWEAKS=N           <default N>        "Y=Try 8 near unity distortions"
LIMXY_SL=30        <default 0>        "0 or Max XY delta from Tab"
LIMXY_XL=80        <default 0>        "0 or Max XY delta from Tab"
WTHMPR=Y           <default Y>        "Y=Write ThmPair_a^b.txt entries"
OPT_SL=Y           <default Y(EM)>    "Y=Enable mesh optimizer"
RIT_SL=0.50        <default 0.20>     "Min mesh starting corr"
RIT_XL=0.1         <default 0.20>     "Min mesh starting corr"
RFA_SL=0.55        <default 0.3>      "Affine-only final corr"
RFA_XL=0.20        <default 0.3>      "Affine-only final corr"
RFT_SL=0.65        <default 0.5>      "Full mesh final corr"
RFT_XL=0.25        <default 0.5>      "Full mesh final corr"
TMC=5              <default 30.0%>    "Max single triangle area change"
TSC=9              <default 9.0%>     "Max summed triangle area change"
MNL=250            <default 300>      "Triangle edges between MNL and 2*MNL"
MTA=120000         <default 10000>    "Min triangle size (pixels)"
MMA=60000          <default 100000>   "Min 2D overlap for mesh"
ONE=N              <default N>        "Y=Use just one affine transform"
IFM=0.50           <default 0.50>     "Min Fourier Metric after affine-only"
FFM=0.65           <default 0.65>     "Min Fourier Metric after full mesh"
FYL=0.5            <default 0.50>     "Min fraction of yellow pixels"
CPD=0.5            <default 0.50>     "Min Correlation + DFM"
EMM=Y              <default Y>        "Y=Use Earth Mover's Metric, N=Use Fourier"
EMT=0.14           <default 0.2>      "Earth Movers Metric thresh"
WDI=N              <default N>        "Y=Write diff images (Fourier, EMM metrics)"
LDA=0.2            <default 0.2>      "Max radian delta between triangles"
LDR=0.1            <default 0.1>      "Max sine delta between triangles"
LDC=100            <default 100.0>    "Max XY delta between triangles"
DXY=100            <default 100.0>    "Max delta from user input XYs"
WMT=N              <default Y>        "Y=Write map.tif files"
WTT=N              <default Y>        "Y=Write tf.txt files"


---- Input images ----
Til2Img entry: A T=[ 1.0000  0.0000     0.00  0.0000  1.0000   857.00] path=[/groups/apig/tomo/DEMO/TIF/C1_12_2.tif].
Til2Img entry: B T=[ 1.0000  0.0000     0.00  0.0000  1.0000     0.00] path=[/groups/apig/tomo/DEMO/TIF/C1_13_2.tif].


---- Command-line overrides ----
Tdfm= 1.0000  0.0000     0.00    0.0000  1.0000     0.00
FLD=N
MODE=N (was M)
CTR=0


---- Image loading ----
Raster8FromTif: Opening [/groups/apig/tomo/DEMO/TIF/C1_12_2.tif].
Raster8FromTif: Bits per sample 8, samples per pixel 1
Raster8FromTif: Picture is 1376 by 1040, 1431040 pixels total.
TIF(8): Last Encoded strip had 1376 bytes.
Raster8FromTif: Opening [/groups/apig/tomo/DEMO/TIF/C1_13_2.tif].
Raster8FromTif: Bits per sample 8, samples per pixel 1
Raster8FromTif: Picture is 1376 by 1040, 1431040 pixels total.
TIF(8): Last Encoded strip had 1376 bytes.
PixPair: Using image scale=1.
Timer: Image conditioning took 0.240 seconds.

---- Foldmaps ----

---- Connected regions ----
Forcing single connected region.

---- Begin A-1 to B-1 ----

---- Thumbnail matching ----
Subimage: Using intersection, w=1376, h=183, pix=251808
Thumbs: After decimation 3956 pts, reqArea 937, thmscl 8
SetDisc( 0, 0, 3, 3 )
Initial: R= 3.678, A=   0.000, X=    0.25, Y=   -0.08
Peak-Disc: dR 2 dX 2 dY 0
Approx: LowRes  R=3.678, X=2.020, Y=-0.600
Approx: FullRes R=0.975, X=2.963, Y=-1.996, use=Y.
Timer: FinishAtFullRes took 0.200 seconds.
Approx: Returning A=0.000000, R=3.677638, X=2.963370, Y=855.003655
Approx: Best transform  1.0000  0.0000     2.96    0.0000  1.0000   855.00
Approx: Orig transform  1.0000  0.0000     0.00    0.0000  1.0000   857.00
Approx: Idnt transform  1.0000  0.0000     2.96    0.0000  1.0000    -2.00
Approx: err = 3.57309, max = 30

---- Starting detailed region mapping ----
Roughly 254190 pixels map to B.
Region size is [0 1373] in x, [0 184] in y.

---- Building mesh - affine ----
Computed simple triangle.

---- ImproveMesh - affine ----
Tri: (0 0) (1373 0) (686 184).

---- Matlab Vertices ----
x=[0 1373 686 0]; y=[0 0 184 0]; plot(x,y); hold on;

---- ImproveControlPts ----
STAT: ImproveCpt: Initial affine correlation 0.806162 (254190 pixels).
corr=0.806162	step=10.000000
corr=0.806162	step=5.000000
corr=0.806162	step=2.500000
corr=0.809682	step=2.500000
corr=0.820656	step=2.500000
corr=0.820656	step=1.250000
corr=0.842106	step=1.250000
corr=0.842106	step=0.625000
corr=0.842106	step=0.312500
corr=0.842106	step=0.156250
corr=0.842106	step=0.078125
STAT: ImproveCpt: Final affine correlation 0.842106, (threshold 0.550000).

---- Matlab A-Sys Originals ----
x=[0.000000 1373.000000 686.000000 0.000000]; y=[0.000000 0.000000 184.000000 0.000000]; plot(x,y); hold on;

---- Matlab B-Sys Originals ----
x=[2.963370 1375.963370 688.963370 2.963370]; y=[855.003655 855.003655 1039.003655 855.003655]; plot(x,y); hold on;

---- Matlab B-Sys Optimized ----
x=[2.578196 1375.674840 688.566276 2.578196]; y=[855.052071 854.557438 1038.530797 855.052071]; plot(x,y); hold on;

---- Deltas ----
id=     0: dx=   -0.39 dy=    0.05 d=    0.39
id=     1: dx=   -0.29 dy=   -0.45 d=    0.53
id=     2: dx=   -0.40 dy=   -0.47 d=    0.62

---- Areas ----
Triangle 0, area was   126316.0, is   126136.7,   -0.1%
Combined: area was   126316.0, is   126136.7,   -0.1%

---- Transforms ----
 1.0001 -0.0003     2.58   -0.0004  0.9985   855.05
Best affine transform:  1.0001 -0.0003     2.58   -0.0004  0.9985   855.05
    Inverse transform:  0.9999  0.0003    -2.86    0.0004  1.0015  -856.33

---- QC - affine ----
Metrics: AFF: Mean square difference 0.315851
Metrics: AFF: Smallest footprint deg=0, area=252448
MetricImages: Range x 0 1372, y 0 184, use Nx=1374, Ny=186
Approximate EM metric 0.062831 for 255564 points.
%Yellow: Tol   1.05  red   36.2  yellow   28.0  green   35.8
%Yellow: Tol   1.10  red   25.2  yellow   50.5  green   24.2
%Yellow: Tol   1.15  red   17.5  yellow   66.0  green   16.5
%Yellow: Tol   1.20  red   12.9  yellow   74.5  green   12.5
%Yellow: Tol   1.25  red    9.7  yellow   79.8  green   10.4
Affine Triangle: 254005 points, corr 0.842070, fm 0.062831, yellow 0.80

---- Building mesh - deformable ----
Lx Dx Nx:  1373   228.00   6
Ly Dy Ny:   184   184.00   1

STAT: From 254190 pts, got 12 triangles, 14 control points.
Timer: MeshCreate took 0.010 seconds.

---- ImproveMesh - deformable mesh ----
Tri: (0 0) (228 0) (0 184).
Tri: (0 184) (228 0) (228 184).
Tri: (228 0) (456 0) (228 184).
Tri: (228 184) (456 0) (456 184).
Tri: (456 0) (684 0) (456 184).
Tri: (456 184) (684 0) (684 184).
Tri: (684 0) (912 0) (684 184).
Tri: (684 184) (912 0) (912 184).
Tri: (912 0) (1140 0) (912 184).
Tri: (912 184) (1140 0) (1140 184).
Tri: (1140 0) (1373 0) (1140 184).
Tri: (1140 184) (1373 0) (1373 184).

---- Matlab Vertices ----
x=[0 228 0 0]; y=[0 0 184 0]; plot(x,y); hold on;
x=[0 228 228 0]; y=[184 0 184 184]; plot(x,y); hold on;
x=[228 456 228 228]; y=[0 0 184 0]; plot(x,y); hold on;
x=[228 456 456 228]; y=[184 0 184 184]; plot(x,y); hold on;
x=[456 684 456 456]; y=[0 0 184 0]; plot(x,y); hold on;
x=[456 684 684 456]; y=[184 0 184 184]; plot(x,y); hold on;
x=[684 912 684 684]; y=[0 0 184 0]; plot(x,y); hold on;
x=[684 912 912 684]; y=[184 0 184 184]; plot(x,y); hold on;
x=[912 1140 912 912]; y=[0 0 184 0]; plot(x,y); hold on;
x=[912 1140 1140 912]; y=[184 0 184 184]; plot(x,y); hold on;
x=[1140 1373 1140 1140]; y=[0 0 184 0]; plot(x,y); hold on;
x=[1140 1373 1373 1140]; y=[184 0 184 184]; plot(x,y); hold on;

---- ImproveControlPts ----
STAT: ImproveCpt: Initial deformable mesh correlation 0.842106 (254190 pixels).
corr=0.842106	step=10.000000
corr=0.842106	step=5.000000
corr=0.842106	step=2.500000
corr=0.842106	step=1.250000
corr=0.842106	step=0.625000
STAT: ImproveCpt: Final deformable mesh correlation 0.842106, (threshold 0.650000).

---- Matlab A-Sys Originals ----
x=[0.000000 228.000000 0.000000 0.000000]; y=[0.000000 0.000000 184.000000 0.000000]; plot(x,y); hold on;
x=[0.000000 228.000000 228.000000 0.000000]; y=[184.000000 0.000000 184.000000 184.000000]; plot(x,y); hold on;
x=[228.000000 456.000000 228.000000 228.000000]; y=[0.000000 0.000000 184.000000 0.000000]; plot(x,y); hold on;
x=[228.000000 456.000000 456.000000 228.000000]; y=[184.000000 0.000000 184.000000 184.000000]; plot(x,y); hold on;
x=[456.000000 684.000000 456.000000 456.000000]; y=[0.000000 0.000000 184.000000 0.000000]; plot(x,y); hold on;
x=[456.000000 684.000000 684.000000 456.000000]; y=[184.000000 0.000000 184.000000 184.000000]; plot(x,y); hold on;
x=[684.000000 912.000000 684.000000 684.000000]; y=[0.000000 0.000000 184.000000 0.000000]; plot(x,y); hold on;
x=[684.000000 912.000000 912.000000 684.000000]; y=[184.000000 0.000000 184.000000 184.000000]; plot(x,y); hold on;
x=[912.000000 1140.000000 912.000000 912.000000]; y=[0.000000 0.000000 184.000000 0.000000]; plot(x,y); hold on;
x=[912.000000 1140.000000 1140.000000 912.000000]; y=[184.000000 0.000000 184.000000 184.000000]; plot(x,y); hold on;
x=[1140.000000 1373.000000 1140.000000 1140.000000]; y=[0.000000 0.000000 184.000000 0.000000]; plot(x,y); hold on;
x=[1140.000000 1373.000000 1373.000000 1140.000000]; y=[184.000000 0.000000 184.000000 184.000000]; plot(x,y); hold on;

---- Matlab B-Sys Originals ----
x=[2.578196 230.594244 2.517989 2.578196]; y=[855.052071 854.969932 1038.777934 855.052071]; plot(x,y); hold on;
x=[2.517989 230.594244 230.534037 2.517989]; y=[1038.777934 854.969932 1038.695795 1038.777934]; plot(x,y); hold on;
x=[230.594244 458.610293 230.534037 230.594244]; y=[854.969932 854.887794 1038.695795 854.969932]; plot(x,y); hold on;
x=[230.534037 458.610293 458.550086 230.534037]; y=[1038.695795 854.887794 1038.613656 1038.695795]; plot(x,y); hold on;
x=[458.610293 686.626342 458.550086 458.610293]; y=[854.887794 854.805655 1038.613656 854.887794]; plot(x,y); hold on;
x=[458.550086 686.626342 686.566135 458.550086]; y=[1038.613656 854.805655 1038.531518 1038.613656]; plot(x,y); hold on;
x=[686.626342 914.642390 686.566135 686.626342]; y=[854.805655 854.723516 1038.531518 854.805655]; plot(x,y); hold on;
x=[686.566135 914.642390 914.582184 686.566135]; y=[1038.531518 854.723516 1038.449379 1038.531518]; plot(x,y); hold on;
x=[914.642390 1142.658439 914.582184 914.642390]; y=[854.723516 854.641378 1038.449379 854.723516]; plot(x,y); hold on;
x=[914.582184 1142.658439 1142.598232 914.582184]; y=[1038.449379 854.641378 1038.367240 1038.449379]; plot(x,y); hold on;
x=[1142.658439 1375.674840 1142.598232 1142.658439]; y=[854.641378 854.557438 1038.367240 854.641378]; plot(x,y); hold on;
x=[1142.598232 1375.674840 1375.614633 1142.598232]; y=[1038.367240 854.557438 1038.283301 1038.367240]; plot(x,y); hold on;

---- Matlab B-Sys Optimized ----
x=[2.578196 230.594244 2.517989 2.578196]; y=[855.052071 854.969932 1038.777934 855.052071]; plot(x,y); hold on;
x=[2.517989 230.594244 230.534037 2.517989]; y=[1038.777934 854.969932 1038.695795 1038.777934]; plot(x,y); hold on;
x=[230.594244 458.610293 230.534037 230.594244]; y=[854.969932 854.887794 1038.695795 854.969932]; plot(x,y); hold on;
x=[230.534037 458.610293 458.550086 230.534037]; y=[1038.695795 854.887794 1038.613656 1038.695795]; plot(x,y); hold on;
x=[458.610293 686.626342 458.550086 458.610293]; y=[854.887794 854.805655 1038.613656 854.887794]; plot(x,y); hold on;
x=[458.550086 686.626342 686.566135 458.550086]; y=[1038.613656 854.805655 1038.531518 1038.613656]; plot(x,y); hold on;
x=[686.626342 914.642390 686.566135 686.626342]; y=[854.805655 854.723516 1038.531518 854.805655]; plot(x,y); hold on;
x=[686.566135 914.642390 914.582184 686.566135]; y=[1038.531518 854.723516 1038.449379 1038.531518]; plot(x,y); hold on;
x=[914.642390 1142.658439 914.582184 914.642390]; y=[854.723516 854.641378 1038.449379 854.723516]; plot(x,y); hold on;
x=[914.582184 1142.658439 1142.598232 914.582184]; y=[1038.449379 854.641378 1038.367240 1038.449379]; plot(x,y); hold on;
x=[1142.658439 1375.674840 1142.598232 1142.658439]; y=[854.641378 854.557438 1038.367240 854.641378]; plot(x,y); hold on;
x=[1142.598232 1375.674840 1375.614633 1142.598232]; y=[1038.367240 854.557438 1038.283301 1038.367240]; plot(x,y); hold on;

---- Deltas ----
id=     0: dx=    0.00 dy=    0.00 d=    0.00
id=     1: dx=    0.00 dy=    0.00 d=    0.00
id=     2: dx=    0.00 dy=    0.00 d=    0.00
id=     3: dx=    0.00 dy=    0.00 d=    0.00
id=     4: dx=    0.00 dy=    0.00 d=    0.00
id=     5: dx=    0.00 dy=    0.00 d=    0.00
id=     6: dx=    0.00 dy=    0.00 d=    0.00
id=     7: dx=    0.00 dy=    0.00 d=    0.00
id=     8: dx=    0.00 dy=    0.00 d=    0.00
id=     9: dx=    0.00 dy=    0.00 d=    0.00
id=    10: dx=    0.00 dy=    0.00 d=    0.00
id=    11: dx=    0.00 dy=    0.00 d=    0.00
id=    12: dx=    0.00 dy=    0.00 d=    0.00
id=    13: dx=    0.00 dy=    0.00 d=    0.00

---- Areas ----
Triangle 0, area was    20976.0, is    20946.2,   -0.1%
Triangle 1, area was    20976.0, is    20946.2,   -0.1%
Triangle 2, area was    20976.0, is    20946.2,   -0.1%
Triangle 3, area was    20976.0, is    20946.2,   -0.1%
Triangle 4, area was    20976.0, is    20946.2,   -0.1%
Triangle 5, area was    20976.0, is    20946.2,   -0.1%
Triangle 6, area was    20976.0, is    20946.2,   -0.1%
Triangle 7, area was    20976.0, is    20946.2,   -0.1%
Triangle 8, area was    20976.0, is    20946.2,   -0.1%
Triangle 9, area was    20976.0, is    20946.2,   -0.1%
Triangle 10, area was    21436.0, is    21405.6,   -0.1%
Triangle 11, area was    21436.0, is    21405.6,   -0.1%
Combined: area was   252632.0, is   252273.3,   -0.1%

---- Transforms ----
 1.0001 -0.0003     2.58   -0.0004  0.9985   855.05
 1.0001 -0.0003     2.58   -0.0004  0.9985   855.05
 1.0001 -0.0003     2.58   -0.0004  0.9985   855.05
 1.0001 -0.0003     2.58   -0.0004  0.9985   855.05
 1.0001 -0.0003     2.58   -0.0004  0.9985   855.05
 1.0001 -0.0003     2.58   -0.0004  0.9985   855.05
 1.0001 -0.0003     2.58   -0.0004  0.9985   855.05
 1.0001 -0.0003     2.58   -0.0004  0.9985   855.05
 1.0001 -0.0003     2.58   -0.0004  0.9985   855.05
 1.0001 -0.0003     2.58   -0.0004  0.9985   855.05
 1.0001 -0.0003     2.58   -0.0004  0.9985   855.05
 1.0001 -0.0003     2.58   -0.0004  0.9985   855.05

---- QC - deformable ----
Remapping 1431040 points.
Metrics: DEF: Mean square difference 0.315851
Metrics: DEF: Smallest footprint deg=0, area=252448
MetricImages: Range x 0 1372, y 0 184, use Nx=1374, Ny=186
Approximate EM metric 0.062831 for 255564 points.
All points, deformable, dfm 0.062831

Metrics: TRI: Mean square difference 0.677516
Metrics: TRI: Smallest footprint deg=0, area=41952
MetricImages: Range x 0 228, y 0 184, use Nx=230, Ny=186
Approximate EM metric 0.038145 for 42780 points.
%Yellow: Tol   1.05  red   38.1  yellow   23.1  green   38.8
%Yellow: Tol   1.10  red   30.7  yellow   39.6  green   29.6
%Yellow: Tol   1.15  red   25.0  yellow   51.4  green   23.6
%Yellow: Tol   1.20  red   20.5  yellow   59.9  green   19.5
%Yellow: Tol   1.25  red   17.1  yellow   66.0  green   16.9
Triangle 0: 21185 points, corr 0.661195, fm 0.038145, yellow 0.66

Metrics: TRI: Mean square difference 0.597862
Metrics: TRI: Smallest footprint deg=0, area=41541
MetricImages: Range x 1 228, y 1 184, use Nx=228, Ny=184
Approximate EM metric 0.073023 for 41952 points.
%Yellow: Tol   1.05  red   40.0  yellow   23.1  green   36.9
%Yellow: Tol   1.10  red   30.1  yellow   43.3  green   26.7
%Yellow: Tol   1.15  red   22.5  yellow   57.6  green   19.9
%Yellow: Tol   1.20  red   17.5  yellow   67.5  green   15.0
%Yellow: Tol   1.25  red   13.8  yellow   74.1  green   12.1
Triangle 1: 21180 points, corr 0.701022, fm 0.073023, yellow 0.74

Metrics: TRI: Mean square difference 0.231013
Metrics: TRI: Smallest footprint deg=0, area=41541
MetricImages: Range x 229 456, y 0 183, use Nx=228, Ny=184
Approximate EM metric 0.064849 for 41952 points.
%Yellow: Tol   1.05  red   33.3  yellow   32.6  green   34.0
%Yellow: Tol   1.10  red   23.1  yellow   57.9  green   19.0
%Yellow: Tol   1.15  red   15.7  yellow   73.4  green   10.9
%Yellow: Tol   1.20  red   10.3  yellow   82.6  green    7.0
%Yellow: Tol   1.25  red    6.5  yellow   88.4  green    5.1
Triangle 2: 21000 points, corr 0.884446, fm 0.064849, yellow 0.88

Metrics: TRI: Mean square difference 0.114359
Metrics: TRI: Smallest footprint deg=0, area=41541
MetricImages: Range x 229 456, y 1 184, use Nx=228, Ny=184
Approximate EM metric 0.053758 for 41952 points.
%Yellow: Tol   1.05  red   32.7  yellow   37.4  green   29.9
%Yellow: Tol   1.10  red   17.1  yellow   66.9  green   16.0
%Yellow: Tol   1.15  red    5.7  yellow   87.7  green    6.6
%Yellow: Tol   1.20  red    1.1  yellow   96.8  green    2.2
%Yellow: Tol   1.25  red    0.1  yellow   99.2  green    0.7
Triangle 3: 21180 points, corr 0.942773, fm 0.053758, yellow 0.99

Metrics: TRI: Mean square difference 0.356741
Metrics: TRI: Smallest footprint deg=0, area=41541
MetricImages: Range x 457 684, y 0 183, use Nx=228, Ny=184
Approximate EM metric 0.088502 for 41952 points.
%Yellow: Tol   1.05  red   37.3  yellow   23.3  green   39.4
%Yellow: Tol   1.10  red   28.2  yellow   43.1  green   28.6
%Yellow: Tol   1.15  red   20.3  yellow   61.2  green   18.4
%Yellow: Tol   1.20  red   13.9  yellow   75.3  green   10.8
%Yellow: Tol   1.25  red    9.6  yellow   83.5  green    6.9
Triangle 4: 21000 points, corr 0.821582, fm 0.088502, yellow 0.83

Metrics: TRI: Mean square difference 0.452576
Metrics: TRI: Smallest footprint deg=0, area=41541
MetricImages: Range x 457 684, y 1 184, use Nx=228, Ny=184
Approximate EM metric 0.069753 for 41952 points.
%Yellow: Tol   1.05  red   35.4  yellow   30.2  green   34.4
%Yellow: Tol   1.10  red   24.7  yellow   49.2  green   26.2
%Yellow: Tol   1.15  red   19.0  yellow   61.8  green   19.2
%Yellow: Tol   1.20  red   15.2  yellow   70.4  green   14.4
%Yellow: Tol   1.25  red   12.5  yellow   75.8  green   11.7
Triangle 5: 21180 points, corr 0.773665, fm 0.069753, yellow 0.76

Metrics: TRI: Mean square difference 0.542404
Metrics: TRI: Smallest footprint deg=0, area=41541
MetricImages: Range x 685 912, y 0 183, use Nx=228, Ny=184
Approximate EM metric 0.066010 for 41952 points.
%Yellow: Tol   1.05  red   38.7  yellow   17.9  green   43.4
%Yellow: Tol   1.10  red   31.7  yellow   34.1  green   34.2
%Yellow: Tol   1.15  red   25.6  yellow   48.2  green   26.1
%Yellow: Tol   1.20  red   20.2  yellow   59.0  green   20.8
%Yellow: Tol   1.25  red   15.7  yellow   67.6  green   16.7
Triangle 6: 21000 points, corr 0.728750, fm 0.066010, yellow 0.68

Metrics: TRI: Mean square difference 0.617565
Metrics: TRI: Smallest footprint deg=0, area=41541
MetricImages: Range x 685 912, y 1 184, use Nx=228, Ny=184
Approximate EM metric 0.065440 for 41952 points.
%Yellow: Tol   1.05  red   40.2  yellow   16.8  green   43.0
%Yellow: Tol   1.10  red   33.2  yellow   32.3  green   34.6
%Yellow: Tol   1.15  red   26.8  yellow   45.4  green   27.7
%Yellow: Tol   1.20  red   21.6  yellow   56.3  green   22.1
%Yellow: Tol   1.25  red   17.1  yellow   65.1  green   17.8
Triangle 7: 21180 points, corr 0.691170, fm 0.065440, yellow 0.65

Metrics: TRI: Mean square difference 0.512646
Metrics: TRI: Smallest footprint deg=0, area=41541
MetricImages: Range x 913 1140, y 0 183, use Nx=228, Ny=184
Approximate EM metric 0.057579 for 41952 points.
%Yellow: Tol   1.05  red   39.6  yellow   17.1  green   43.4
%Yellow: Tol   1.10  red   32.0  yellow   33.4  green   34.6
%Yellow: Tol   1.15  red   25.1  yellow   47.4  green   27.5
%Yellow: Tol   1.20  red   19.4  yellow   59.1  green   21.5
%Yellow: Tol   1.25  red   14.6  yellow   69.8  green   15.6
Triangle 8: 21000 points, corr 0.743630, fm 0.057579, yellow 0.70

Metrics: TRI: Mean square difference 0.451818
Metrics: TRI: Smallest footprint deg=0, area=41541
MetricImages: Range x 913 1140, y 1 184, use Nx=228, Ny=184
Approximate EM metric 0.049241 for 41952 points.
%Yellow: Tol   1.05  red   36.6  yellow   26.0  green   37.5
%Yellow: Tol   1.10  red   27.7  yellow   45.6  green   26.7
%Yellow: Tol   1.15  red   21.5  yellow   59.3  green   19.2
%Yellow: Tol   1.20  red   16.9  yellow   68.5  green   14.7
%Yellow: Tol   1.25  red   13.2  yellow   74.8  green   12.0
Triangle 9: 21180 points, corr 0.774044, fm 0.049241, yellow 0.75

Metrics: TRI: Mean square difference 0.418590
Metrics: TRI: Smallest footprint deg=0, area=42273
MetricImages: Range x 1141 1372, y 0 183, use Nx=232, Ny=184
Approximate EM metric 0.031738 for 42688 points.
%Yellow: Tol   1.05  red   38.4  yellow   25.2  green   36.4
%Yellow: Tol   1.10  red   29.7  yellow   45.3  green   25.0
%Yellow: Tol   1.15  red   22.9  yellow   58.6  green   18.5
%Yellow: Tol   1.20  red   17.6  yellow   67.1  green   15.3
%Yellow: Tol   1.25  red   13.3  yellow   73.1  green   13.6
Triangle 10: 21460 points, corr 0.790659, fm 0.031738, yellow 0.73

Metrics: TRI: Mean square difference 0.385349
Metrics: TRI: Smallest footprint deg=0, area=42273
MetricImages: Range x 1141 1372, y 1 184, use Nx=232, Ny=184
Approximate EM metric 0.030351 for 42688 points.
%Yellow: Tol   1.05  red   35.5  yellow   30.7  green   33.8
%Yellow: Tol   1.10  red   26.2  yellow   51.7  green   22.0
%Yellow: Tol   1.15  red   20.2  yellow   64.8  green   14.9
%Yellow: Tol   1.20  red   15.5  yellow   73.4  green   11.0
%Yellow: Tol   1.25  red   12.0  yellow   79.0  green    9.0
Triangle 11: 21460 points, corr 0.807279, fm 0.030351, yellow 0.79


---- Final reports ----
STAT: Overall 254005 points, corr 0.8421, EMM 0.0628, weighted EMM 0.0573, cor+dfm 0.9049, weighted yellow 0.7635

Angle span: min, max, delta = -0.000017 -0.000017 0.000000
Mesh-Thm: 0.0001  0.0003     0.39    0.0004  0.0015     0.05 2x(LDR,LDC)=(0.20,200.00) -- OK.

Final remapping of 1431040 points.
Center 73.002690 58.914451:  1.0001 -0.0003     2.58   -0.0004  0.9985   855.05
Mapping region 1 xy= 73.002690 58.914451 to region 1 xy= 75.566746 913.852447
Center 140.096892 127.469675:  1.0001 -0.0003     2.58   -0.0004  0.9985   855.05
Mapping region 1 xy= 140.096892 127.469675 to region 1 xy= 142.643239 982.281361
Center 297.931856 56.436234:  1.0001 -0.0003     2.58   -0.0004  0.9985   855.05
Mapping region 1 xy= 297.931856 56.436234 to region 1 xy= 300.512556 911.296890
Center 366.142960 128.258104:  1.0001 -0.0003     2.58   -0.0004  0.9985   855.05
Mapping region 1 xy= 366.142960 128.258104 to region 1 xy= 368.704961 982.987180
Center 530.498610 60.121685:  1.0001 -0.0003     2.58   -0.0004  0.9985   855.05
Mapping region 1 xy= 530.498610 60.121685 to region 1 xy= 533.094474 914.893066
Center 602.904614 124.722700:  1.0001 -0.0003     2.58   -0.0004  0.9985   855.05
Mapping region 1 xy= 602.904614 124.722700 to region 1 xy= 605.484437 979.371748
Center 754.161455 56.621525:  1.0001 -0.0003     2.58   -0.0004  0.9985   855.05
Mapping region 1 xy= 754.161455 56.621525 to region 1 xy= 756.774208 911.317545
Center 831.777824 124.370352:  1.0001 -0.0003     2.58   -0.0004  0.9985   855.05
Mapping region 1 xy= 831.777824 124.370352 to region 1 xy= 834.373873 978.937472
Center 983.789828 57.935651:  1.0001 -0.0003     2.58   -0.0004  0.9985   855.05
Mapping region 1 xy= 983.789828 57.935651 to region 1 xy= 986.418315 912.546987
Center 1056.743565 125.594702:  1.0001 -0.0003     2.58   -0.0004  0.9985   855.05
Mapping region 1 xy= 1056.743565 125.594702 to region 1 xy= 1059.355048 980.078953
Center 1212.782436 57.476258:  1.0001 -0.0003     2.58   -0.0004  0.9985   855.05
Mapping region 1 xy= 1212.782436 57.476258 to region 1 xy= 1215.427191 912.005783
Center 1289.667015 124.904011:  1.0001 -0.0003     2.58   -0.0004  0.9985   855.05
Mapping region 1 xy= 1289.667015 124.904011 to region 1 xy= 1292.295119 979.305379

Pipe: Returning 12 total transforms.

---- Summary Region-region results ----
Pipe: Table Headers {Az t r Bz t r thmok ntri}
FOUND:     2   12   1      2   13   1   1  12

---- Tabulating point matches ----
Tabulate: Rgn 1 -> 1: Keeping 12 of 12 point-pairs.

Timer: Alignment took 1.420 seconds.

main: Got 12 mapping regions.
main: Transform   0:  1.0001 -0.0003     2.58   -0.0004  0.9985   855.05
main: Transform   1:  1.0001 -0.0003     2.58   -0.0004  0.9985   855.05
main: Transform   2:  1.0001 -0.0003     2.58   -0.0004  0.9985   855.05
main: Transform   3:  1.0001 -0.0003     2.58   -0.0004  0.9985   855.05
main: Transform   4:  1.0001 -0.0003     2.58   -0.0004  0.9985   855.05
main: Transform   5:  1.0001 -0.0003     2.58   -0.0004  0.9985   855.05
main: Transform   6:  1.0001 -0.0003     2.58   -0.0004  0.9985   855.05
main: Transform   7:  1.0001 -0.0003     2.58   -0.0004  0.9985   855.05
main: Transform   8:  1.0001 -0.0003     2.58   -0.0004  0.9985   855.05
main: Transform   9:  1.0001 -0.0003     2.58   -0.0004  0.9985   855.05
main: Transform  10:  1.0001 -0.0003     2.58   -0.0004  0.9985   855.05
main: Transform  11:  1.0001 -0.0003     2.58   -0.0004  0.9985   855.05

main: Average:  1.0001 -0.0003     0.00   -0.0004  0.9985     0.00
main: Degrees: -0.000947382
main: Residue:  1.0001 -0.0003     0.00   -0.0003  0.9985     0.00

main: Inverse:  0.9999  0.0003    -0.00    0.0004  1.0015    -0.00
main: Degrees: 0.000947382
main: Residue:  0.9999  0.0003     0.00    0.0003  1.0015     0.00

main: Normal completion for dmesh run.
Timer: Total took 1.670 seconds.

---- Memory ----
Host name: h07u26.int.janelia.org
PID:       37188
User time:       1 seconds.
System time:     0 seconds.
VmPeak:	  380064 kB
VmSize:	  217288 kB
VmLck:	       0 kB
VmPin:	       0 kB
VmHWM:	  216760 kB
VmRSS:	   53584 kB
VmData:	   47896 kB
VmStk:	     160 kB
VmExe:	     832 kB
VmLib:	   85564 kB
VmPTE:	     344 kB
VmSwap:	       0 kB
voluntary_ctxt_switches:	16
nonvoluntary_ctxt_switches:	20

