
---- dmesh start ----
main: Start: Fri Sep 30 13:13:20 2016


---- Match parameters ----
PXBRO=2            <default 2>        "Max Legendre poly order for bkg removal"
PXLENS=N           <default N>        "Y=Apply IDB/lens.txt"
PXRESMSK=N         <default N>        "Y=Apply resin mask"
PXDOG=N            <default N>        "Y=Apply DoG filter"
PXDOG_R1=3         <default 3>        "DoG inner radius"
PXDOG_R2=6         <default 6>        "DoG outer radius"
FLD=N              <default X>        "Mask usage: Y=Use, N=None, X=XL only"
PRETWEAK=N         <default N>        "Y=Auto-distort before angle scan"
SCALE=1            <default 1.0>      "Image-B / image-A scale factor"
XSCALE=1           <default 1.0>      "Image-B / image-A x-axis scale factor"
YSCALE=1           <default 1.0>      "Image-B / image-A y-axis scale factor"
SKEW=0             <default 0.0>      "Transform elem[3] user-applied distortion"
MODE_SL=M          <default Z>        "Notes above"
MODE_XL=N          <default Y>        "Notes above"
TAB2DFM_SL=N       <default Y>        "Adopt Tdfm from Tab"
TAB2DFM_XL=Y       <default Y>        "Adopt Tdfm from Tab"
XYCONF_SL=1.0      <default 0.0>      "[0,1.0] confidence in Tab XY"
XYCONF_XL=0.8      <default 0.0>      "[0,1.0] confidence in Tab XY"
THMDEC_SL=8        <default 8>        "2^N thumb decimation factor"
THMDEC_XL=8        <default 8>        "2^N thumb decimation factor"
OLAP1D_SL=0        <default 0>        "Min 1D pix full-size overlap"
OLAP1D_XL=0        <default 0>        "Min 1D pix full-size overlap"
OLAP2D_SL=60000    <default 25000>    "Min 2D pix full-size overlap"
OLAP2D_XL=160000   <default 200000>   "Min 2D pix full-size overlap"
NBMXHT_SL=0.75     <default 0.75>     "Max F(neib)/F(pk) in guard zone"
NBMXHT_XL=0.75     <default 0.75>     "Max F(neib)/F(pk) in guard zone"
HFANGDN_SL=5       <default 5.0>      "Half angle search range denovo"
HFANGDN_XL=45      <default 45.0>     "Half angle search range denovo"
HFANGPR_SL=1       <default 1.0>      "Half angle search range prior angles"
HFANGPR_XL=4       <default 1.0>      "Half angle search range prior angles"
RTRSH_SL=0.3       <default 0.3>      "R corr thresh"
RTRSH_XL=0.3       <default 0.3>      "R corr thresh"
TWEAKS=N           <default N>        "Y=Try 8 near unity distortions"
LIMXY_SL=30        <default 0>        "0 or Max XY delta from Tab"
LIMXY_XL=80        <default 0>        "0 or Max XY delta from Tab"
WTHMPR=Y           <default Y>        "Y=Write ThmPair_a^b.txt entries"
OPT_SL=Y           <default Y(EM)>    "Y=Enable mesh optimizer"
RIT_SL=0.50        <default 0.20>     "Min mesh starting corr"
RIT_XL=0.1         <default 0.20>     "Min mesh starting corr"
RFA_SL=0.55        <default 0.3>      "Affine-only final corr"
RFA_XL=0.20        <default 0.3>      "Affine-only final corr"
RFT_SL=0.65        <default 0.5>      "Full mesh final corr"
RFT_XL=0.25        <default 0.5>      "Full mesh final corr"
TMC=5              <default 30.0%>    "Max single triangle area change"
TSC=9              <default 9.0%>     "Max summed triangle area change"
MNL=250            <default 300>      "Triangle edges between MNL and 2*MNL"
MTA=120000         <default 10000>    "Min triangle size (pixels)"
MMA=60000          <default 100000>   "Min 2D overlap for mesh"
ONE=N              <default N>        "Y=Use just one affine transform"
IFM=0.50           <default 0.50>     "Min Fourier Metric after affine-only"
FFM=0.65           <default 0.65>     "Min Fourier Metric after full mesh"
FYL=0.5            <default 0.50>     "Min fraction of yellow pixels"
CPD=0.5            <default 0.50>     "Min Correlation + DFM"
EMM=Y              <default Y>        "Y=Use Earth Mover's Metric, N=Use Fourier"
EMT=0.14           <default 0.2>      "Earth Movers Metric thresh"
WDI=N              <default N>        "Y=Write diff images (Fourier, EMM metrics)"
LDA=0.2            <default 0.2>      "Max radian delta between triangles"
LDR=0.1            <default 0.1>      "Max sine delta between triangles"
LDC=100            <default 100.0>    "Max XY delta between triangles"
DXY=100            <default 100.0>    "Max delta from user input XYs"
WMT=N              <default Y>        "Y=Write map.tif files"
WTT=N              <default Y>        "Y=Write tf.txt files"


---- Input images ----
Til2Img entry: A T=[ 1.0000  0.0000  1142.00  0.0000  1.0000   857.00] path=[/groups/apig/tomo/DEMO/TIF/C1_1_2.tif].
Til2Img entry: B T=[ 1.0000  0.0000     0.00  0.0000  1.0000   857.00] path=[/groups/apig/tomo/DEMO/TIF/C1_12_2.tif].


---- Command-line overrides ----
Tdfm= 1.0000  0.0000     0.00    0.0000  1.0000     0.00
FLD=N
MODE=N (was M)
CTR=0


---- Image loading ----
Raster8FromTif: Opening [/groups/apig/tomo/DEMO/TIF/C1_1_2.tif].
Raster8FromTif: Bits per sample 8, samples per pixel 1
Raster8FromTif: Picture is 1376 by 1040, 1431040 pixels total.
TIF(8): Last Encoded strip had 1376 bytes.
Raster8FromTif: Opening [/groups/apig/tomo/DEMO/TIF/C1_12_2.tif].
Raster8FromTif: Bits per sample 8, samples per pixel 1
Raster8FromTif: Picture is 1376 by 1040, 1431040 pixels total.
TIF(8): Last Encoded strip had 1376 bytes.
PixPair: Using image scale=1.
Timer: Image conditioning took 0.250 seconds.

---- Foldmaps ----

---- Connected regions ----
Forcing single connected region.

---- Begin A-1 to B-1 ----

---- Thumbnail matching ----
Subimage: Using intersection, w=234, h=1040, pix=243360
Thumbs: After decimation 3900 pts, reqArea 937, thmscl 8
SetDisc( 0, 0, 3, 3 )
Initial: R= 4.257, A=   0.000, X=    0.64, Y=   -1.05
Peak-Disc: dR 9 dX 5 dY -8
Approx: LowRes  R=4.257, X=5.096, Y=-8.409
Approx: FullRes R=1.196, X=3.997, Y=-8.882, use=Y.
Timer: FinishAtFullRes took 0.250 seconds.
Approx: Returning A=0.000000, R=4.256734, X=1145.996762, Y=-8.881761
Approx: Best transform  1.0000  0.0000  1146.00    0.0000  1.0000    -8.88
Approx: Orig transform  1.0000  0.0000  1142.00    0.0000  1.0000     0.00
Approx: Idnt transform  1.0000  0.0000     4.00    0.0000  1.0000    -8.88
Approx: err = 9.7396, max = 30

---- Starting detailed region mapping ----
Roughly 238392 pixels map to B.
Region size is [0 230] in x, [8 1039] in y.

---- Building mesh - affine ----
Computed simple triangle.

---- ImproveMesh - affine ----
Tri: (0 8) (230 523) (0 1039).

---- Matlab Vertices ----
x=[0 230 0 0]; y=[8 523 1039 8]; plot(x,y); hold on;

---- ImproveControlPts ----
STAT: ImproveCpt: Initial affine correlation 0.717742 (238392 pixels).
corr=0.717742	step=10.000000
corr=0.717742	step=5.000000
corr=0.717742	step=2.500000
corr=0.728876	step=2.500000
corr=0.728876	step=1.250000
corr=0.748448	step=1.250000
corr=0.759597	step=1.250000
corr=0.759597	step=0.625000
corr=0.759597	step=0.312500
corr=0.759597	step=0.156250
corr=0.759597	step=0.078125
STAT: ImproveCpt: Final affine correlation 0.759597, (threshold 0.550000).

---- Matlab A-Sys Originals ----
x=[0.000000 230.000000 0.000000 0.000000]; y=[8.000000 523.000000 1039.000000 8.000000]; plot(x,y); hold on;

---- Matlab B-Sys Originals ----
x=[1145.996762 1375.996762 1145.996762 1145.996762]; y=[-0.881761 514.118239 1030.118239 -0.881761]; plot(x,y); hold on;

---- Matlab B-Sys Optimized ----
x=[1146.067979 1376.543287 1146.360988 1146.067979]; y=[-0.737590 514.568262 1030.446368 -0.737590]; plot(x,y); hold on;

---- Deltas ----
id=     0: dx=    0.07 dy=    0.14 d=    0.16
id=     1: dx=    0.55 dy=    0.45 d=    0.71
id=     2: dx=    0.36 dy=    0.33 d=    0.49

---- Areas ----
Triangle 0, area was   118565.0, is   118755.7,    0.2%
Combined: area was   118565.0, is   118755.7,    0.2%

---- Transforms ----
 1.0014  0.0003  1146.07    0.0009  1.0002    -8.74
Best affine transform:  1.0014  0.0003  1146.07    0.0009  1.0002    -8.74
    Inverse transform:  0.9986 -0.0003 -1144.43   -0.0009  0.9998     9.80

---- QC - affine ----
Metrics: AFF: Mean square difference 0.480523
Metrics: AFF: Smallest footprint deg=0, area=234840
MetricImages: Range x 0 228, y 9 1039, use Nx=230, Ny=1032
Approximate EM metric 0.081049 for 237360 points.
%Yellow: Tol   1.05  red   38.8  yellow   22.6  green   38.6
%Yellow: Tol   1.10  red   31.4  yellow   41.7  green   26.9
%Yellow: Tol   1.15  red   25.2  yellow   56.4  green   18.4
%Yellow: Tol   1.20  red   19.9  yellow   66.3  green   13.9
%Yellow: Tol   1.25  red   15.3  yellow   73.2  green   11.5
Affine Triangle: 236099 points, corr 0.759734, fm 0.081049, yellow 0.73

---- Building mesh - deformable ----
Lx Dx Nx:   230   230.00   1
Ly Dy Ny:  1031   206.00   5

STAT: From 238392 pts, got 10 triangles, 12 control points.
Timer: MeshCreate took 0.010 seconds.

---- ImproveMesh - deformable mesh ----
Tri: (0 8) (230 8) (0 214).
Tri: (0 214) (230 8) (230 214).
Tri: (0 214) (230 214) (0 420).
Tri: (0 420) (230 214) (230 420).
Tri: (0 420) (230 420) (0 626).
Tri: (0 626) (230 420) (230 626).
Tri: (0 626) (230 626) (0 832).
Tri: (0 832) (230 626) (230 832).
Tri: (0 832) (230 832) (0 1039).
Tri: (0 1039) (230 832) (230 1039).

---- Matlab Vertices ----
x=[0 230 0 0]; y=[8 8 214 8]; plot(x,y); hold on;
x=[0 230 230 0]; y=[214 8 214 214]; plot(x,y); hold on;
x=[0 230 0 0]; y=[214 214 420 214]; plot(x,y); hold on;
x=[0 230 230 0]; y=[420 214 420 420]; plot(x,y); hold on;
x=[0 230 0 0]; y=[420 420 626 420]; plot(x,y); hold on;
x=[0 230 230 0]; y=[626 420 626 626]; plot(x,y); hold on;
x=[0 230 0 0]; y=[626 626 832 626]; plot(x,y); hold on;
x=[0 230 230 0]; y=[832 626 832 832]; plot(x,y); hold on;
x=[0 230 0 0]; y=[832 832 1039 832]; plot(x,y); hold on;
x=[0 230 230 0]; y=[1039 832 1039 1039]; plot(x,y); hold on;

---- ImproveControlPts ----
STAT: ImproveCpt: Initial deformable mesh correlation 0.759597 (238392 pixels).
corr=0.759597	step=10.000000
corr=0.759597	step=5.000000
corr=0.759597	step=2.500000
corr=0.759597	step=1.250000
corr=0.759597	step=0.625000
STAT: ImproveCpt: Final deformable mesh correlation 0.759597, (threshold 0.650000).

---- Matlab A-Sys Originals ----
x=[0.000000 230.000000 0.000000 0.000000]; y=[8.000000 8.000000 214.000000 8.000000]; plot(x,y); hold on;
x=[0.000000 230.000000 230.000000 0.000000]; y=[214.000000 8.000000 214.000000 214.000000]; plot(x,y); hold on;
x=[0.000000 230.000000 0.000000 0.000000]; y=[214.000000 214.000000 420.000000 214.000000]; plot(x,y); hold on;
x=[0.000000 230.000000 230.000000 0.000000]; y=[420.000000 214.000000 420.000000 420.000000]; plot(x,y); hold on;
x=[0.000000 230.000000 0.000000 0.000000]; y=[420.000000 420.000000 626.000000 420.000000]; plot(x,y); hold on;
x=[0.000000 230.000000 230.000000 0.000000]; y=[626.000000 420.000000 626.000000 626.000000]; plot(x,y); hold on;
x=[0.000000 230.000000 0.000000 0.000000]; y=[626.000000 626.000000 832.000000 626.000000]; plot(x,y); hold on;
x=[0.000000 230.000000 230.000000 0.000000]; y=[832.000000 626.000000 832.000000 832.000000]; plot(x,y); hold on;
x=[0.000000 230.000000 0.000000 0.000000]; y=[832.000000 832.000000 1039.000000 832.000000]; plot(x,y); hold on;
x=[0.000000 230.000000 230.000000 0.000000]; y=[1039.000000 832.000000 1039.000000 1039.000000]; plot(x,y); hold on;

---- Matlab B-Sys Originals ----
x=[1146.067979 1376.396924 1146.126524 1146.067979]; y=[-0.737590 -0.523628 205.299166 -0.737590]; plot(x,y); hold on;
x=[1146.126524 1376.396924 1376.455469 1146.126524]; y=[205.299166 -0.523628 205.513128 205.299166]; plot(x,y); hold on;
x=[1146.126524 1376.455469 1146.185069 1146.126524]; y=[205.299166 205.513128 411.335922 205.299166]; plot(x,y); hold on;
x=[1146.185069 1376.455469 1376.514014 1146.185069]; y=[411.335922 205.513128 411.549884 411.335922]; plot(x,y); hold on;
x=[1146.185069 1376.514014 1146.243614 1146.185069]; y=[411.335922 411.549884 617.372678 411.335922]; plot(x,y); hold on;
x=[1146.243614 1376.514014 1376.572559 1146.243614]; y=[617.372678 411.549884 617.586640 617.372678]; plot(x,y); hold on;
x=[1146.243614 1376.572559 1146.302159 1146.243614]; y=[617.372678 617.586640 823.409434 617.372678]; plot(x,y); hold on;
x=[1146.302159 1376.572559 1376.631105 1146.302159]; y=[823.409434 617.586640 823.623396 823.409434]; plot(x,y); hold on;
x=[1146.302159 1376.631105 1146.360988 1146.302159]; y=[823.409434 823.623396 1030.446368 823.409434]; plot(x,y); hold on;
x=[1146.360988 1376.631105 1376.689934 1146.360988]; y=[1030.446368 823.623396 1030.660330 1030.446368]; plot(x,y); hold on;

---- Matlab B-Sys Optimized ----
x=[1146.067979 1376.396924 1146.126524 1146.067979]; y=[-0.737590 -0.523628 205.299166 -0.737590]; plot(x,y); hold on;
x=[1146.126524 1376.396924 1376.455469 1146.126524]; y=[205.299166 -0.523628 205.513128 205.299166]; plot(x,y); hold on;
x=[1146.126524 1376.455469 1146.185069 1146.126524]; y=[205.299166 205.513128 411.335922 205.299166]; plot(x,y); hold on;
x=[1146.185069 1376.455469 1376.514014 1146.185069]; y=[411.335922 205.513128 411.549884 411.335922]; plot(x,y); hold on;
x=[1146.185069 1376.514014 1146.243614 1146.185069]; y=[411.335922 411.549884 617.372678 411.335922]; plot(x,y); hold on;
x=[1146.243614 1376.514014 1376.572559 1146.243614]; y=[617.372678 411.549884 617.586640 617.372678]; plot(x,y); hold on;
x=[1146.243614 1376.572559 1146.302159 1146.243614]; y=[617.372678 617.586640 823.409434 617.372678]; plot(x,y); hold on;
x=[1146.302159 1376.572559 1376.631105 1146.302159]; y=[823.409434 617.586640 823.623396 823.409434]; plot(x,y); hold on;
x=[1146.302159 1376.631105 1146.360988 1146.302159]; y=[823.409434 823.623396 1030.446368 823.409434]; plot(x,y); hold on;
x=[1146.360988 1376.631105 1376.689934 1146.360988]; y=[1030.446368 823.623396 1030.660330 1030.446368]; plot(x,y); hold on;

---- Deltas ----
id=     0: dx=    0.00 dy=    0.00 d=    0.00
id=     1: dx=    0.00 dy=    0.00 d=    0.00
id=     2: dx=    0.00 dy=    0.00 d=    0.00
id=     3: dx=    0.00 dy=    0.00 d=    0.00
id=     4: dx=    0.00 dy=    0.00 d=    0.00
id=     5: dx=    0.00 dy=    0.00 d=    0.00
id=     6: dx=    0.00 dy=    0.00 d=    0.00
id=     7: dx=    0.00 dy=    0.00 d=    0.00
id=     8: dx=    0.00 dy=    0.00 d=    0.00
id=     9: dx=    0.00 dy=    0.00 d=    0.00
id=    10: dx=    0.00 dy=    0.00 d=    0.00
id=    11: dx=    0.00 dy=    0.00 d=    0.00

---- Areas ----
Triangle 0, area was    23690.0, is    23728.1,    0.2%
Triangle 1, area was    23690.0, is    23728.1,    0.2%
Triangle 2, area was    23690.0, is    23728.1,    0.2%
Triangle 3, area was    23690.0, is    23728.1,    0.2%
Triangle 4, area was    23690.0, is    23728.1,    0.2%
Triangle 5, area was    23690.0, is    23728.1,    0.2%
Triangle 6, area was    23690.0, is    23728.1,    0.2%
Triangle 7, area was    23690.0, is    23728.1,    0.2%
Triangle 8, area was    23805.0, is    23843.3,    0.2%
Triangle 9, area was    23805.0, is    23843.3,    0.2%
Combined: area was   237130.0, is   237511.5,    0.2%

---- Transforms ----
 1.0014  0.0003  1146.07    0.0009  1.0002    -8.74
 1.0014  0.0003  1146.07    0.0009  1.0002    -8.74
 1.0014  0.0003  1146.07    0.0009  1.0002    -8.74
 1.0014  0.0003  1146.07    0.0009  1.0002    -8.74
 1.0014  0.0003  1146.07    0.0009  1.0002    -8.74
 1.0014  0.0003  1146.07    0.0009  1.0002    -8.74
 1.0014  0.0003  1146.07    0.0009  1.0002    -8.74
 1.0014  0.0003  1146.07    0.0009  1.0002    -8.74
 1.0014  0.0003  1146.07    0.0009  1.0002    -8.74
 1.0014  0.0003  1146.07    0.0009  1.0002    -8.74

---- QC - deformable ----
Remapping 1431040 points.
Metrics: DEF: Mean square difference 0.480523
Metrics: DEF: Smallest footprint deg=0, area=234840
MetricImages: Range x 0 228, y 9 1039, use Nx=230, Ny=1032
Approximate EM metric 0.081049 for 237360 points.
All points, deformable, dfm 0.081049

Metrics: TRI: Mean square difference 0.422107
Metrics: TRI: Smallest footprint deg=0, area=46740
MetricImages: Range x 0 228, y 9 214, use Nx=230, Ny=206
Approximate EM metric 0.031095 for 47380 points.
%Yellow: Tol   1.05  red   32.6  yellow   33.7  green   33.8
%Yellow: Tol   1.10  red   24.2  yellow   54.9  green   21.0
%Yellow: Tol   1.15  red   18.7  yellow   67.2  green   14.1
%Yellow: Tol   1.20  red   14.8  yellow   74.8  green   10.4
%Yellow: Tol   1.25  red   12.2  yellow   79.6  green    8.2
Triangle 0: 23679 points, corr 0.788904, fm 0.031095, yellow 0.80

Metrics: TRI: Mean square difference 0.268750
Metrics: TRI: Smallest footprint deg=0, area=46308
MetricImages: Range x 1 228, y 10 214, use Nx=228, Ny=206
Approximate EM metric 0.032044 for 46968 points.
%Yellow: Tol   1.05  red   30.8  yellow   37.0  green   32.2
%Yellow: Tol   1.10  red   19.1  yellow   61.2  green   19.7
%Yellow: Tol   1.15  red   13.8  yellow   73.7  green   12.5
%Yellow: Tol   1.20  red   10.4  yellow   81.3  green    8.4
%Yellow: Tol   1.25  red    8.2  yellow   85.8  green    6.1
Triangle 1: 23495 points, corr 0.865582, fm 0.032044, yellow 0.86

Metrics: TRI: Mean square difference 0.545965
Metrics: TRI: Smallest footprint deg=0, area=46740
MetricImages: Range x 0 228, y 215 420, use Nx=230, Ny=206
Approximate EM metric 0.046945 for 47380 points.
%Yellow: Tol   1.05  red   40.2  yellow   18.5  green   41.3
%Yellow: Tol   1.10  red   33.2  yellow   39.4  green   27.4
%Yellow: Tol   1.15  red   27.2  yellow   53.0  green   19.9
%Yellow: Tol   1.20  red   21.9  yellow   62.4  green   15.8
%Yellow: Tol   1.25  red   17.3  yellow   69.1  green   13.6
Triangle 2: 23679 points, corr 0.726975, fm 0.046945, yellow 0.69

Metrics: TRI: Mean square difference 0.626287
Metrics: TRI: Smallest footprint deg=0, area=46308
MetricImages: Range x 1 228, y 216 420, use Nx=228, Ny=206
Approximate EM metric 0.043766 for 46968 points.
%Yellow: Tol   1.05  red   42.5  yellow   15.1  green   42.4
%Yellow: Tol   1.10  red   35.7  yellow   30.9  green   33.3
%Yellow: Tol   1.15  red   29.7  yellow   44.5  green   25.9
%Yellow: Tol   1.20  red   23.8  yellow   55.5  green   20.7
%Yellow: Tol   1.25  red   19.0  yellow   63.4  green   17.5
Triangle 3: 23495 points, corr 0.686814, fm 0.043766, yellow 0.63

Metrics: TRI: Mean square difference 0.385798
Metrics: TRI: Smallest footprint deg=0, area=46740
MetricImages: Range x 0 228, y 421 626, use Nx=230, Ny=206
Approximate EM metric 0.072076 for 47380 points.
%Yellow: Tol   1.05  red   33.6  yellow   27.2  green   39.2
%Yellow: Tol   1.10  red   25.5  yellow   48.4  green   26.2
%Yellow: Tol   1.15  red   19.2  yellow   63.6  green   17.2
%Yellow: Tol   1.20  red   14.8  yellow   73.6  green   11.6
%Yellow: Tol   1.25  red   11.7  yellow   80.0  green    8.2
Triangle 4: 23679 points, corr 0.807059, fm 0.072076, yellow 0.80

Metrics: TRI: Mean square difference 0.414055
Metrics: TRI: Smallest footprint deg=0, area=46308
MetricImages: Range x 1 228, y 422 626, use Nx=228, Ny=206
Approximate EM metric 0.052900 for 46968 points.
%Yellow: Tol   1.05  red   40.2  yellow   21.2  green   38.7
%Yellow: Tol   1.10  red   32.0  yellow   41.8  green   26.2
%Yellow: Tol   1.15  red   25.1  yellow   57.5  green   17.4
%Yellow: Tol   1.20  red   19.0  yellow   67.6  green   13.3
%Yellow: Tol   1.25  red   13.7  yellow   74.7  green   11.6
Triangle 5: 23495 points, corr 0.792930, fm 0.052900, yellow 0.75

Metrics: TRI: Mean square difference 0.660315
Metrics: TRI: Smallest footprint deg=0, area=46740
MetricImages: Range x 0 228, y 627 832, use Nx=230, Ny=206
Approximate EM metric 0.069883 for 47380 points.
%Yellow: Tol   1.05  red   43.7  yellow   16.9  green   39.4
%Yellow: Tol   1.10  red   36.1  yellow   33.6  green   30.3
%Yellow: Tol   1.15  red   29.2  yellow   48.9  green   21.9
%Yellow: Tol   1.20  red   23.1  yellow   60.8  green   16.1
%Yellow: Tol   1.25  red   17.8  yellow   69.3  green   12.8
Triangle 6: 23679 points, corr 0.669800, fm 0.069883, yellow 0.69

Metrics: TRI: Mean square difference 0.588625
Metrics: TRI: Smallest footprint deg=0, area=46308
MetricImages: Range x 1 228, y 628 832, use Nx=228, Ny=206
Approximate EM metric 0.042994 for 46968 points.
%Yellow: Tol   1.05  red   43.9  yellow   18.8  green   37.3
%Yellow: Tol   1.10  red   35.8  yellow   36.7  green   27.5
%Yellow: Tol   1.15  red   28.3  yellow   52.0  green   19.7
%Yellow: Tol   1.20  red   21.5  yellow   63.6  green   14.9
%Yellow: Tol   1.25  red   15.6  yellow   72.3  green   12.1
Triangle 7: 23495 points, corr 0.705645, fm 0.042994, yellow 0.72

Metrics: TRI: Mean square difference 0.794303
Metrics: TRI: Smallest footprint deg=0, area=46968
MetricImages: Range x 0 228, y 833 1039, use Nx=230, Ny=208
Approximate EM metric 0.061808 for 47840 points.
%Yellow: Tol   1.05  red   48.8  yellow   10.4  green   40.8
%Yellow: Tol   1.10  red   42.2  yellow   21.2  green   36.6
%Yellow: Tol   1.15  red   34.8  yellow   31.5  green   33.7
%Yellow: Tol   1.20  red   27.4  yellow   42.9  green   29.8
%Yellow: Tol   1.25  red   20.0  yellow   53.5  green   26.6
Triangle 8: 23805 points, corr 0.602806, fm 0.061808, yellow 0.53

Metrics: TRI: Mean square difference 0.462420
Metrics: TRI: Smallest footprint deg=0, area=46535
MetricImages: Range x 1 228, y 834 1039, use Nx=228, Ny=206
Approximate EM metric 0.040177 for 46968 points.
%Yellow: Tol   1.05  red   42.7  yellow   21.5  green   35.8
%Yellow: Tol   1.10  red   34.0  yellow   41.9  green   24.1
%Yellow: Tol   1.15  red   26.1  yellow   57.3  green   16.6
%Yellow: Tol   1.20  red   18.6  yellow   68.6  green   12.7
%Yellow: Tol   1.25  red   12.5  yellow   77.0  green   10.5
Triangle 9: 23598 points, corr 0.768748, fm 0.040177, yellow 0.77


---- Final reports ----
STAT: Overall 236099 points, corr 0.7596, EMM 0.0810, weighted EMM 0.0494, cor+dfm 0.8406, weighted yellow 0.7245

Angle span: min, max, delta = 0.000323 0.000323 0.000000
Mesh-Thm: 0.0014  0.0003     0.07    0.0009  0.0002     0.14 2x(LDR,LDC)=(0.20,200.00) -- OK.

Final remapping of 1431040 points.
Center 73.643064 73.958571:  1.0014  0.0003  1146.07    0.0009  1.0002    -8.74
Mapping region 1 xy= 73.643064 73.958571 to region 1 xy= 1219.835113 65.301257
Center 141.325812 150.710615:  1.0014  0.0003  1146.07    0.0009  1.0002    -8.74
Mapping region 1 xy= 141.325812 150.710615 to region 1 xy= 1287.636473 142.129959
Center 70.545293 277.184045:  1.0014  0.0003  1146.07    0.0009  1.0002    -8.74
Mapping region 1 xy= 70.545293 277.184045 to region 1 xy= 1216.790668 268.560111
Center 139.354741 357.593312:  1.0014  0.0003  1146.07    0.0009  1.0002    -8.74
Mapping region 1 xy= 139.354741 357.593312 to region 1 xy= 1285.721378 349.047736
Center 75.152106 487.310147:  1.0014  0.0003  1146.07    0.0009  1.0002    -8.74
Mapping region 1 xy= 75.152106 487.310147 to region 1 xy= 1221.463787 478.727991
Center 148.193251 559.635196:  1.0014  0.0003  1146.07    0.0009  1.0002    -8.74
Mapping region 1 xy= 148.193251 559.635196 to region 1 xy= 1294.629950 551.133892
Center 70.776906 689.391490:  1.0014  0.0003  1146.07    0.0009  1.0002    -8.74
Mapping region 1 xy= 70.776906 689.391490 to region 1 xy= 1217.139761 680.841320
Center 149.074121 765.240720:  1.0014  0.0003  1146.07    0.0009  1.0002    -8.74
Mapping region 1 xy= 149.074121 765.240720 to region 1 xy= 1295.570513 756.776921
Center 72.419564 897.177607:  1.0014  0.0003  1146.07    0.0009  1.0002    -8.74
Mapping region 1 xy= 72.419564 897.177607 to region 1 xy= 1218.843821 888.666040
Center 146.013245 973.294040:  1.0014  0.0003  1146.07    0.0009  1.0002    -8.74
Mapping region 1 xy= 146.013245 973.294040 to region 1 xy= 1292.564388 964.864516

Pipe: Returning 10 total transforms.

---- Summary Region-region results ----
Pipe: Table Headers {Az t r Bz t r thmok ntri}
FOUND:     2    1   1      2   12   1   1  10

---- Tabulating point matches ----
Tabulate: Rgn 1 -> 1: Keeping 10 of 10 point-pairs.

Timer: Alignment took 1.370 seconds.

main: Got 10 mapping regions.
main: Transform   0:  1.0014  0.0003  1146.07    0.0009  1.0002    -8.74
main: Transform   1:  1.0014  0.0003  1146.07    0.0009  1.0002    -8.74
main: Transform   2:  1.0014  0.0003  1146.07    0.0009  1.0002    -8.74
main: Transform   3:  1.0014  0.0003  1146.07    0.0009  1.0002    -8.74
main: Transform   4:  1.0014  0.0003  1146.07    0.0009  1.0002    -8.74
main: Transform   5:  1.0014  0.0003  1146.07    0.0009  1.0002    -8.74
main: Transform   6:  1.0014  0.0003  1146.07    0.0009  1.0002    -8.74
main: Transform   7:  1.0014  0.0003  1146.07    0.0009  1.0002    -8.74
main: Transform   8:  1.0014  0.0003  1146.07    0.0009  1.0002    -8.74
main: Transform   9:  1.0014  0.0003  1146.07    0.0009  1.0002    -8.74

main: Average:  1.0014  0.0003     0.00    0.0009  1.0002     0.00
main: Degrees: 0.0184937
main: Residue:  1.0014  0.0006     0.00    0.0006  1.0002     0.00

main: Inverse:  0.9986 -0.0003    -0.00   -0.0009  0.9998    -0.00
main: Degrees: -0.0184937
main: Residue:  0.9986 -0.0006     0.00   -0.0006  0.9998     0.00

main: Normal completion for dmesh run.
Timer: Total took 1.620 seconds.

---- Memory ----
Host name: h07u26.int.janelia.org
PID:       37180
User time:       1 seconds.
System time:     0 seconds.
VmPeak:	  379968 kB
VmSize:	  207692 kB
VmLck:	       0 kB
VmPin:	       0 kB
VmHWM:	  215848 kB
VmRSS:	   43076 kB
VmData:	   38300 kB
VmStk:	     160 kB
VmExe:	     832 kB
VmLib:	   85564 kB
VmPTE:	     328 kB
VmSwap:	       0 kB
voluntary_ctxt_switches:	23
nonvoluntary_ctxt_switches:	20

