
---- dmesh start ----
main: Start: Fri Sep 30 13:13:13 2016


---- Match parameters ----
PXBRO=2            <default 2>        "Max Legendre poly order for bkg removal"
PXLENS=N           <default N>        "Y=Apply IDB/lens.txt"
PXRESMSK=N         <default N>        "Y=Apply resin mask"
PXDOG=N            <default N>        "Y=Apply DoG filter"
PXDOG_R1=3         <default 3>        "DoG inner radius"
PXDOG_R2=6         <default 6>        "DoG outer radius"
FLD=N              <default X>        "Mask usage: Y=Use, N=None, X=XL only"
PRETWEAK=N         <default N>        "Y=Auto-distort before angle scan"
SCALE=1            <default 1.0>      "Image-B / image-A scale factor"
XSCALE=1           <default 1.0>      "Image-B / image-A x-axis scale factor"
YSCALE=1           <default 1.0>      "Image-B / image-A y-axis scale factor"
SKEW=0             <default 0.0>      "Transform elem[3] user-applied distortion"
MODE_SL=M          <default Z>        "Notes above"
MODE_XL=N          <default Y>        "Notes above"
TAB2DFM_SL=N       <default Y>        "Adopt Tdfm from Tab"
TAB2DFM_XL=Y       <default Y>        "Adopt Tdfm from Tab"
XYCONF_SL=1.0      <default 0.0>      "[0,1.0] confidence in Tab XY"
XYCONF_XL=0.8      <default 0.0>      "[0,1.0] confidence in Tab XY"
THMDEC_SL=8        <default 8>        "2^N thumb decimation factor"
THMDEC_XL=8        <default 8>        "2^N thumb decimation factor"
OLAP1D_SL=0        <default 0>        "Min 1D pix full-size overlap"
OLAP1D_XL=0        <default 0>        "Min 1D pix full-size overlap"
OLAP2D_SL=60000    <default 25000>    "Min 2D pix full-size overlap"
OLAP2D_XL=160000   <default 200000>   "Min 2D pix full-size overlap"
NBMXHT_SL=0.75     <default 0.75>     "Max F(neib)/F(pk) in guard zone"
NBMXHT_XL=0.75     <default 0.75>     "Max F(neib)/F(pk) in guard zone"
HFANGDN_SL=5       <default 5.0>      "Half angle search range denovo"
HFANGDN_XL=45      <default 45.0>     "Half angle search range denovo"
HFANGPR_SL=1       <default 1.0>      "Half angle search range prior angles"
HFANGPR_XL=4       <default 1.0>      "Half angle search range prior angles"
RTRSH_SL=0.3       <default 0.3>      "R corr thresh"
RTRSH_XL=0.3       <default 0.3>      "R corr thresh"
TWEAKS=N           <default N>        "Y=Try 8 near unity distortions"
LIMXY_SL=30        <default 0>        "0 or Max XY delta from Tab"
LIMXY_XL=80        <default 0>        "0 or Max XY delta from Tab"
WTHMPR=Y           <default Y>        "Y=Write ThmPair_a^b.txt entries"
OPT_SL=Y           <default Y(EM)>    "Y=Enable mesh optimizer"
RIT_SL=0.50        <default 0.20>     "Min mesh starting corr"
RIT_XL=0.1         <default 0.20>     "Min mesh starting corr"
RFA_SL=0.55        <default 0.3>      "Affine-only final corr"
RFA_XL=0.20        <default 0.3>      "Affine-only final corr"
RFT_SL=0.65        <default 0.5>      "Full mesh final corr"
RFT_XL=0.25        <default 0.5>      "Full mesh final corr"
TMC=5              <default 30.0%>    "Max single triangle area change"
TSC=9              <default 9.0%>     "Max summed triangle area change"
MNL=250            <default 300>      "Triangle edges between MNL and 2*MNL"
MTA=120000         <default 10000>    "Min triangle size (pixels)"
MMA=60000          <default 100000>   "Min 2D overlap for mesh"
ONE=N              <default N>        "Y=Use just one affine transform"
IFM=0.50           <default 0.50>     "Min Fourier Metric after affine-only"
FFM=0.65           <default 0.65>     "Min Fourier Metric after full mesh"
FYL=0.5            <default 0.50>     "Min fraction of yellow pixels"
CPD=0.5            <default 0.50>     "Min Correlation + DFM"
EMM=Y              <default Y>        "Y=Use Earth Mover's Metric, N=Use Fourier"
EMT=0.14           <default 0.2>      "Earth Movers Metric thresh"
WDI=N              <default N>        "Y=Write diff images (Fourier, EMM metrics)"
LDA=0.2            <default 0.2>      "Max radian delta between triangles"
LDR=0.1            <default 0.1>      "Max sine delta between triangles"
LDC=100            <default 100.0>    "Max XY delta between triangles"
DXY=100            <default 100.0>    "Max delta from user input XYs"
WMT=N              <default Y>        "Y=Write map.tif files"
WTT=N              <default Y>        "Y=Write tf.txt files"


---- Input images ----
Til2Img entry: A T=[ 1.0000  0.0000  1142.00  0.0000  1.0000  3428.00] path=[/groups/apig/tomo/DEMO/TIF/A1_4_2.tif].
Til2Img entry: B T=[ 1.0000  0.0000  1142.00  0.0000  1.0000  2571.00] path=[/groups/apig/tomo/DEMO/TIF/A1_3_2.tif].


---- Command-line overrides ----
Tdfm= 1.0000  0.0000     0.00    0.0000  1.0000     0.00
FLD=N
MODE=N (was M)
CTR=0


---- Image loading ----
Raster8FromTif: Opening [/groups/apig/tomo/DEMO/TIF/A1_4_2.tif].
Raster8FromTif: Bits per sample 8, samples per pixel 1
Raster8FromTif: Picture is 1376 by 1040, 1431040 pixels total.
TIF(8): Last Encoded strip had 1376 bytes.
Raster8FromTif: Opening [/groups/apig/tomo/DEMO/TIF/A1_3_2.tif].
Raster8FromTif: Bits per sample 8, samples per pixel 1
Raster8FromTif: Picture is 1376 by 1040, 1431040 pixels total.
TIF(8): Last Encoded strip had 1376 bytes.
PixPair: Using image scale=1.
Timer: Image conditioning took 0.280 seconds.

---- Foldmaps ----

---- Connected regions ----
Forcing single connected region.

---- Begin A-1 to B-1 ----

---- Thumbnail matching ----
Subimage: Using intersection, w=1376, h=183, pix=251808
Thumbs: After decimation 3956 pts, reqArea 937, thmscl 8
SetDisc( 0, 0, 3, 3 )
Initial: R= 3.319, A=   0.000, X=    0.29, Y=    0.69
Peak-Disc: dR 5 dX 2 dY 5
Approx: LowRes  R=3.319, X=2.285, Y=5.522
Approx: FullRes R=1.038, X=3.051, Y=5.312, use=Y.
Timer: FinishAtFullRes took 0.250 seconds.
Approx: Returning A=0.000000, R=3.318615, X=3.050612, Y=862.312378
Approx: Best transform  1.0000  0.0000     3.05    0.0000  1.0000   862.31
Approx: Orig transform  1.0000  0.0000     0.00    0.0000  1.0000   857.00
Approx: Idnt transform  1.0000  0.0000     3.05    0.0000  1.0000     5.31
Approx: err = 6.12598, max = 30

---- Starting detailed region mapping ----
Roughly 244394 pixels map to B.
Region size is [0 1372] in x, [0 177] in y.

---- Building mesh - affine ----
Computed simple triangle.

---- ImproveMesh - affine ----
Tri: (0 0) (1372 0) (686 177).

---- Matlab Vertices ----
x=[0 1372 686 0]; y=[0 0 177 0]; plot(x,y); hold on;

---- ImproveControlPts ----
STAT: ImproveCpt: Initial affine correlation 0.703328 (244394 pixels).
corr=0.703328	step=10.000000
corr=0.703328	step=5.000000
corr=0.703328	step=2.500000
corr=0.703328	step=1.250000
corr=0.706240	step=1.250000
corr=0.706240	step=0.625000
corr=0.715659	step=0.625000
corr=0.715659	step=0.312500
corr=0.715659	step=0.156250
corr=0.715659	step=0.078125
STAT: ImproveCpt: Final affine correlation 0.715659, (threshold 0.550000).

---- Matlab A-Sys Originals ----
x=[0.000000 1372.000000 686.000000 0.000000]; y=[0.000000 0.000000 177.000000 0.000000]; plot(x,y); hold on;

---- Matlab B-Sys Originals ----
x=[3.050612 1375.050612 689.050612 3.050612]; y=[862.312378 862.312378 1039.312378 862.312378]; plot(x,y); hold on;

---- Matlab B-Sys Optimized ----
x=[2.753952 1374.761206 688.549553 2.753952]; y=[862.137963 862.393286 1039.134123 862.137963]; plot(x,y); hold on;

---- Deltas ----
id=     0: dx=   -0.30 dy=   -0.17 d=    0.34
id=     1: dx=   -0.29 dy=    0.08 d=    0.30
id=     2: dx=   -0.50 dy=   -0.18 d=    0.53

---- Areas ----
Triangle 0, area was   121422.0, is   121332.5,   -0.1%
Combined: area was   121422.0, is   121332.5,   -0.1%

---- Transforms ----
 1.0000 -0.0012     2.75    0.0002  0.9993   862.14
Best affine transform:  1.0000 -0.0012     2.75    0.0002  0.9993   862.14
    Inverse transform:  1.0000  0.0012    -3.77   -0.0002  1.0007  -862.78

---- QC - affine ----
Metrics: AFF: Mean square difference 0.567652
Metrics: AFF: Smallest footprint deg=0, area=241472
MetricImages: Range x 0 1372, y 0 176, use Nx=1374, Ny=178
Approximate EM metric 0.134973 for 244572 points.
%Yellow: Tol   1.05  red   36.5  yellow   27.5  green   36.0
%Yellow: Tol   1.10  red   26.6  yellow   46.0  green   27.5
%Yellow: Tol   1.15  red   20.8  yellow   57.6  green   21.6
%Yellow: Tol   1.20  red   17.0  yellow   65.8  green   17.1
%Yellow: Tol   1.25  red   14.3  yellow   71.7  green   14.0
Affine Triangle: 243021 points, corr 0.716170, fm 0.134973, yellow 0.72

---- Building mesh - deformable ----
Lx Dx Nx:  1372   228.00   6
Ly Dy Ny:   177   177.00   1

STAT: From 244394 pts, got 12 triangles, 14 control points.
Timer: MeshCreate took 0.010 seconds.

---- ImproveMesh - deformable mesh ----
Tri: (0 0) (228 0) (0 177).
Tri: (0 177) (228 0) (228 177).
Tri: (228 0) (456 0) (228 177).
Tri: (228 177) (456 0) (456 177).
Tri: (456 0) (684 0) (456 177).
Tri: (456 177) (684 0) (684 177).
Tri: (684 0) (912 0) (684 177).
Tri: (684 177) (912 0) (912 177).
Tri: (912 0) (1140 0) (912 177).
Tri: (912 177) (1140 0) (1140 177).
Tri: (1140 0) (1372 0) (1140 177).
Tri: (1140 177) (1372 0) (1372 177).

---- Matlab Vertices ----
x=[0 228 0 0]; y=[0 0 177 0]; plot(x,y); hold on;
x=[0 228 228 0]; y=[177 0 177 177]; plot(x,y); hold on;
x=[228 456 228 228]; y=[0 0 177 0]; plot(x,y); hold on;
x=[228 456 456 228]; y=[177 0 177 177]; plot(x,y); hold on;
x=[456 684 456 456]; y=[0 0 177 0]; plot(x,y); hold on;
x=[456 684 684 456]; y=[177 0 177 177]; plot(x,y); hold on;
x=[684 912 684 684]; y=[0 0 177 0]; plot(x,y); hold on;
x=[684 912 912 684]; y=[177 0 177 177]; plot(x,y); hold on;
x=[912 1140 912 912]; y=[0 0 177 0]; plot(x,y); hold on;
x=[912 1140 1140 912]; y=[177 0 177 177]; plot(x,y); hold on;
x=[1140 1372 1140 1140]; y=[0 0 177 0]; plot(x,y); hold on;
x=[1140 1372 1372 1140]; y=[177 0 177 177]; plot(x,y); hold on;

---- ImproveControlPts ----
STAT: ImproveCpt: Initial deformable mesh correlation 0.715659 (244394 pixels).
corr=0.715659	step=10.000000
corr=0.715659	step=5.000000
corr=0.715659	step=2.500000
corr=0.715659	step=1.250000
corr=0.715659	step=0.625000
STAT: ImproveCpt: Final deformable mesh correlation 0.715659, (threshold 0.650000).

---- Matlab A-Sys Originals ----
x=[0.000000 228.000000 0.000000 0.000000]; y=[0.000000 0.000000 177.000000 0.000000]; plot(x,y); hold on;
x=[0.000000 228.000000 228.000000 0.000000]; y=[177.000000 0.000000 177.000000 177.000000]; plot(x,y); hold on;
x=[228.000000 456.000000 228.000000 228.000000]; y=[0.000000 0.000000 177.000000 0.000000]; plot(x,y); hold on;
x=[228.000000 456.000000 456.000000 228.000000]; y=[177.000000 0.000000 177.000000 177.000000]; plot(x,y); hold on;
x=[456.000000 684.000000 456.000000 456.000000]; y=[0.000000 0.000000 177.000000 0.000000]; plot(x,y); hold on;
x=[456.000000 684.000000 684.000000 456.000000]; y=[177.000000 0.000000 177.000000 177.000000]; plot(x,y); hold on;
x=[684.000000 912.000000 684.000000 684.000000]; y=[0.000000 0.000000 177.000000 0.000000]; plot(x,y); hold on;
x=[684.000000 912.000000 912.000000 684.000000]; y=[177.000000 0.000000 177.000000 177.000000]; plot(x,y); hold on;
x=[912.000000 1140.000000 912.000000 912.000000]; y=[0.000000 0.000000 177.000000 0.000000]; plot(x,y); hold on;
x=[912.000000 1140.000000 1140.000000 912.000000]; y=[177.000000 0.000000 177.000000 177.000000]; plot(x,y); hold on;
x=[1140.000000 1372.000000 1140.000000 1140.000000]; y=[0.000000 0.000000 177.000000 0.000000]; plot(x,y); hold on;
x=[1140.000000 1372.000000 1372.000000 1140.000000]; y=[177.000000 0.000000 177.000000 177.000000]; plot(x,y); hold on;

---- Matlab B-Sys Originals ----
x=[2.753952 230.755157 2.545925 2.753952]; y=[862.137963 862.180393 1039.006461 862.137963]; plot(x,y); hold on;
x=[2.545925 230.755157 230.547131 2.545925]; y=[1039.006461 862.180393 1039.048891 1039.006461]; plot(x,y); hold on;
x=[230.755157 458.756363 230.547131 230.755157]; y=[862.180393 862.222822 1039.048891 862.180393]; plot(x,y); hold on;
x=[230.547131 458.756363 458.548337 230.547131]; y=[1039.048891 862.222822 1039.091320 1039.048891]; plot(x,y); hold on;
x=[458.756363 686.757568 458.548337 458.756363]; y=[862.222822 862.265252 1039.091320 862.222822]; plot(x,y); hold on;
x=[458.548337 686.757568 686.549542 458.548337]; y=[1039.091320 862.265252 1039.133750 1039.091320]; plot(x,y); hold on;
x=[686.757568 914.758774 686.549542 686.757568]; y=[862.265252 862.307682 1039.133750 862.265252]; plot(x,y); hold on;
x=[686.549542 914.758774 914.550748 686.549542]; y=[1039.133750 862.307682 1039.176180 1039.133750]; plot(x,y); hold on;
x=[914.758774 1142.759980 914.550748 914.758774]; y=[862.307682 862.350112 1039.176180 862.307682]; plot(x,y); hold on;
x=[914.550748 1142.759980 1142.551953 914.550748]; y=[1039.176180 862.350112 1039.218610 1039.176180]; plot(x,y); hold on;
x=[1142.759980 1374.761206 1142.551953 1142.759980]; y=[862.350112 862.393286 1039.218610 862.350112]; plot(x,y); hold on;
x=[1142.551953 1374.761206 1374.553180 1142.551953]; y=[1039.218610 862.393286 1039.261784 1039.218610]; plot(x,y); hold on;

---- Matlab B-Sys Optimized ----
x=[2.753952 230.755157 2.545925 2.753952]; y=[862.137963 862.180393 1039.006461 862.137963]; plot(x,y); hold on;
x=[2.545925 230.755157 230.547131 2.545925]; y=[1039.006461 862.180393 1039.048891 1039.006461]; plot(x,y); hold on;
x=[230.755157 458.756363 230.547131 230.755157]; y=[862.180393 862.222822 1039.048891 862.180393]; plot(x,y); hold on;
x=[230.547131 458.756363 458.548337 230.547131]; y=[1039.048891 862.222822 1039.091320 1039.048891]; plot(x,y); hold on;
x=[458.756363 686.757568 458.548337 458.756363]; y=[862.222822 862.265252 1039.091320 862.222822]; plot(x,y); hold on;
x=[458.548337 686.757568 686.549542 458.548337]; y=[1039.091320 862.265252 1039.133750 1039.091320]; plot(x,y); hold on;
x=[686.757568 914.758774 686.549542 686.757568]; y=[862.265252 862.307682 1039.133750 862.265252]; plot(x,y); hold on;
x=[686.549542 914.758774 914.550748 686.549542]; y=[1039.133750 862.307682 1039.176180 1039.133750]; plot(x,y); hold on;
x=[914.758774 1142.759980 914.550748 914.758774]; y=[862.307682 862.350112 1039.176180 862.307682]; plot(x,y); hold on;
x=[914.550748 1142.759980 1142.551953 914.550748]; y=[1039.176180 862.350112 1039.218610 1039.176180]; plot(x,y); hold on;
x=[1142.759980 1374.761206 1142.551953 1142.759980]; y=[862.350112 862.393286 1039.218610 862.350112]; plot(x,y); hold on;
x=[1142.551953 1374.761206 1374.553180 1142.551953]; y=[1039.218610 862.393286 1039.261784 1039.218610]; plot(x,y); hold on;

---- Deltas ----
id=     0: dx=    0.00 dy=    0.00 d=    0.00
id=     1: dx=    0.00 dy=    0.00 d=    0.00
id=     2: dx=    0.00 dy=    0.00 d=    0.00
id=     3: dx=    0.00 dy=    0.00 d=    0.00
id=     4: dx=    0.00 dy=    0.00 d=    0.00
id=     5: dx=    0.00 dy=    0.00 d=    0.00
id=     6: dx=    0.00 dy=    0.00 d=    0.00
id=     7: dx=    0.00 dy=    0.00 d=    0.00
id=     8: dx=    0.00 dy=    0.00 d=    0.00
id=     9: dx=    0.00 dy=    0.00 d=    0.00
id=    10: dx=    0.00 dy=    0.00 d=    0.00
id=    11: dx=    0.00 dy=    0.00 d=    0.00
id=    12: dx=    0.00 dy=    0.00 d=    0.00
id=    13: dx=    0.00 dy=    0.00 d=    0.00

---- Areas ----
Triangle 0, area was    20178.0, is    20163.1,   -0.1%
Triangle 1, area was    20178.0, is    20163.1,   -0.1%
Triangle 2, area was    20178.0, is    20163.1,   -0.1%
Triangle 3, area was    20178.0, is    20163.1,   -0.1%
Triangle 4, area was    20178.0, is    20163.1,   -0.1%
Triangle 5, area was    20178.0, is    20163.1,   -0.1%
Triangle 6, area was    20178.0, is    20163.1,   -0.1%
Triangle 7, area was    20178.0, is    20163.1,   -0.1%
Triangle 8, area was    20178.0, is    20163.1,   -0.1%
Triangle 9, area was    20178.0, is    20163.1,   -0.1%
Triangle 10, area was    20532.0, is    20516.9,   -0.1%
Triangle 11, area was    20532.0, is    20516.9,   -0.1%
Combined: area was   242844.0, is   242664.9,   -0.1%

---- Transforms ----
 1.0000 -0.0012     2.75    0.0002  0.9993   862.14
 1.0000 -0.0012     2.75    0.0002  0.9993   862.14
 1.0000 -0.0012     2.75    0.0002  0.9993   862.14
 1.0000 -0.0012     2.75    0.0002  0.9993   862.14
 1.0000 -0.0012     2.75    0.0002  0.9993   862.14
 1.0000 -0.0012     2.75    0.0002  0.9993   862.14
 1.0000 -0.0012     2.75    0.0002  0.9993   862.14
 1.0000 -0.0012     2.75    0.0002  0.9993   862.14
 1.0000 -0.0012     2.75    0.0002  0.9993   862.14
 1.0000 -0.0012     2.75    0.0002  0.9993   862.14
 1.0000 -0.0012     2.75    0.0002  0.9993   862.14
 1.0000 -0.0012     2.75    0.0002  0.9993   862.14

---- QC - deformable ----
Remapping 1431040 points.
Metrics: DEF: Mean square difference 0.567652
Metrics: DEF: Smallest footprint deg=0, area=241472
MetricImages: Range x 0 1372, y 0 176, use Nx=1374, Ny=178
Approximate EM metric 0.134973 for 244572 points.
All points, deformable, dfm 0.134973

Metrics: TRI: Mean square difference 0.576661
Metrics: TRI: Smallest footprint deg=0, area=40128
MetricImages: Range x 0 228, y 0 176, use Nx=230, Ny=178
Approximate EM metric 0.109250 for 40940 points.
%Yellow: Tol   1.05  red   32.1  yellow   23.0  green   44.8
%Yellow: Tol   1.10  red   25.3  yellow   41.6  green   33.1
%Yellow: Tol   1.15  red   20.6  yellow   56.3  green   23.2
%Yellow: Tol   1.20  red   16.6  yellow   67.6  green   15.9
%Yellow: Tol   1.25  red   13.2  yellow   75.8  green   10.9
Triangle 0: 20382 points, corr 0.711620, fm 0.109250, yellow 0.76

Metrics: TRI: Mean square difference 0.191432
Metrics: TRI: Smallest footprint deg=0, area=39550
MetricImages: Range x 2 228, y 1 176, use Nx=228, Ny=176
Approximate EM metric 0.076487 for 40128 points.
%Yellow: Tol   1.05  red   32.8  yellow   33.6  green   33.6
%Yellow: Tol   1.10  red   19.1  yellow   60.6  green   20.3
%Yellow: Tol   1.15  red    8.8  yellow   78.9  green   12.3
%Yellow: Tol   1.20  red    2.6  yellow   90.0  green    7.4
%Yellow: Tol   1.25  red    1.3  yellow   94.3  green    4.4
Triangle 1: 20151 points, corr 0.904234, fm 0.076487, yellow 0.94

Metrics: TRI: Mean square difference 0.355970
Metrics: TRI: Smallest footprint deg=0, area=39952
MetricImages: Range x 229 456, y 0 176, use Nx=228, Ny=178
Approximate EM metric 0.121547 for 40584 points.
%Yellow: Tol   1.05  red   36.6  yellow   28.1  green   35.3
%Yellow: Tol   1.10  red   22.6  yellow   51.6  green   25.8
%Yellow: Tol   1.15  red   13.8  yellow   67.5  green   18.7
%Yellow: Tol   1.20  red    9.1  yellow   77.6  green   13.3
%Yellow: Tol   1.25  red    6.7  yellow   84.0  green    9.3
Triangle 2: 20205 points, corr 0.821965, fm 0.121547, yellow 0.84

Metrics: TRI: Mean square difference 0.220560
Metrics: TRI: Smallest footprint deg=0, area=39550
MetricImages: Range x 230 456, y 1 176, use Nx=228, Ny=176
Approximate EM metric 0.051466 for 40128 points.
%Yellow: Tol   1.05  red   35.1  yellow   35.5  green   29.4
%Yellow: Tol   1.10  red   18.4  yellow   63.2  green   18.4
%Yellow: Tol   1.15  red    9.8  yellow   78.9  green   11.4
%Yellow: Tol   1.20  red    5.7  yellow   86.5  green    7.8
%Yellow: Tol   1.25  red    3.7  yellow   90.6  green    5.7
Triangle 3: 20151 points, corr 0.889671, fm 0.051466, yellow 0.91

Metrics: TRI: Mean square difference 0.208456
Metrics: TRI: Smallest footprint deg=0, area=39952
MetricImages: Range x 457 684, y 0 176, use Nx=228, Ny=178
Approximate EM metric 0.054928 for 40584 points.
%Yellow: Tol   1.05  red   22.4  yellow   49.8  green   27.8
%Yellow: Tol   1.10  red   13.4  yellow   71.8  green   14.8
%Yellow: Tol   1.15  red    9.9  yellow   81.1  green    8.9
%Yellow: Tol   1.20  red    7.9  yellow   86.3  green    5.9
%Yellow: Tol   1.25  red    6.7  yellow   89.1  green    4.3
Triangle 4: 20205 points, corr 0.895723, fm 0.054928, yellow 0.89

Metrics: TRI: Mean square difference 0.588040
Metrics: TRI: Smallest footprint deg=0, area=39550
MetricImages: Range x 458 684, y 1 176, use Nx=228, Ny=176
Approximate EM metric 0.038089 for 40128 points.
%Yellow: Tol   1.05  red   33.5  yellow   28.3  green   38.3
%Yellow: Tol   1.10  red   27.6  yellow   46.2  green   26.2
%Yellow: Tol   1.15  red   23.2  yellow   56.7  green   20.1
%Yellow: Tol   1.20  red   19.6  yellow   63.9  green   16.5
%Yellow: Tol   1.25  red   16.6  yellow   69.4  green   14.0
Triangle 5: 20151 points, corr 0.705931, fm 0.038089, yellow 0.69

Metrics: TRI: Mean square difference 0.367636
Metrics: TRI: Smallest footprint deg=0, area=39952
MetricImages: Range x 685 912, y 0 176, use Nx=228, Ny=178
Approximate EM metric 0.032972 for 40584 points.
%Yellow: Tol   1.05  red   35.1  yellow   26.7  green   38.3
%Yellow: Tol   1.10  red   27.5  yellow   47.0  green   25.5
%Yellow: Tol   1.15  red   21.6  yellow   57.5  green   20.9
%Yellow: Tol   1.20  red   17.2  yellow   66.1  green   16.7
%Yellow: Tol   1.25  red   13.2  yellow   75.0  green   11.8
Triangle 6: 20205 points, corr 0.816132, fm 0.032972, yellow 0.75

Metrics: TRI: Mean square difference 0.462804
Metrics: TRI: Smallest footprint deg=0, area=39550
MetricImages: Range x 686 912, y 1 176, use Nx=228, Ny=176
Approximate EM metric 0.040549 for 40128 points.
%Yellow: Tol   1.05  red   37.6  yellow   19.5  green   42.9
%Yellow: Tol   1.10  red   30.1  yellow   37.5  green   32.4
%Yellow: Tol   1.15  red   23.9  yellow   53.3  green   22.8
%Yellow: Tol   1.20  red   18.9  yellow   64.7  green   16.4
%Yellow: Tol   1.25  red   14.8  yellow   72.5  green   12.7
Triangle 7: 20151 points, corr 0.768549, fm 0.040549, yellow 0.72

Metrics: TRI: Mean square difference 0.369570
Metrics: TRI: Smallest footprint deg=0, area=39952
MetricImages: Range x 913 1140, y 0 176, use Nx=228, Ny=178
Approximate EM metric 0.052560 for 40584 points.
%Yellow: Tol   1.05  red   33.2  yellow   33.8  green   33.1
%Yellow: Tol   1.10  red   23.8  yellow   56.9  green   19.3
%Yellow: Tol   1.15  red   17.8  yellow   69.5  green   12.7
%Yellow: Tol   1.20  red   13.6  yellow   77.0  green    9.4
%Yellow: Tol   1.25  red   10.7  yellow   81.4  green    7.8
Triangle 8: 20205 points, corr 0.815165, fm 0.052560, yellow 0.81

Metrics: TRI: Mean square difference 0.395635
Metrics: TRI: Smallest footprint deg=0, area=39550
MetricImages: Range x 914 1140, y 1 176, use Nx=228, Ny=176
Approximate EM metric 0.039367 for 40128 points.
%Yellow: Tol   1.05  red   33.1  yellow   34.3  green   32.5
%Yellow: Tol   1.10  red   22.7  yellow   56.5  green   20.8
%Yellow: Tol   1.15  red   16.4  yellow   69.5  green   14.1
%Yellow: Tol   1.20  red   12.9  yellow   76.9  green   10.2
%Yellow: Tol   1.25  red   10.3  yellow   81.9  green    7.8
Triangle 9: 20151 points, corr 0.802133, fm 0.039367, yellow 0.82

Metrics: TRI: Mean square difference 0.551978
Metrics: TRI: Smallest footprint deg=0, area=40656
MetricImages: Range x 1141 1372, y 0 176, use Nx=232, Ny=178
Approximate EM metric 0.051904 for 41296 points.
%Yellow: Tol   1.05  red   40.4  yellow   19.1  green   40.5
%Yellow: Tol   1.10  red   33.1  yellow   37.0  green   29.9
%Yellow: Tol   1.15  red   27.2  yellow   50.2  green   22.6
%Yellow: Tol   1.20  red   21.7  yellow   60.0  green   18.3
%Yellow: Tol   1.25  red   16.9  yellow   67.3  green   15.8
Triangle 10: 20560 points, corr 0.723962, fm 0.051904, yellow 0.67

Metrics: TRI: Mean square difference 0.463554
Metrics: TRI: Smallest footprint deg=0, area=40250
MetricImages: Range x 1142 1372, y 1 176, use Nx=232, Ny=176
Approximate EM metric 0.037066 for 40832 points.
%Yellow: Tol   1.05  red   37.6  yellow   26.6  green   35.8
%Yellow: Tol   1.10  red   29.6  yellow   46.6  green   23.8
%Yellow: Tol   1.15  red   23.8  yellow   59.8  green   16.5
%Yellow: Tol   1.20  red   18.6  yellow   68.9  green   12.6
%Yellow: Tol   1.25  red   14.3  yellow   75.5  green   10.2
Triangle 11: 20504 points, corr 0.768174, fm 0.037066, yellow 0.75


---- Final reports ----
STAT: Overall 243021 points, corr 0.7157, EMM 0.1350, weighted EMM 0.0589, cor+dfm 0.8506, weighted yellow 0.7971

Angle span: min, max, delta = 0.000681 0.000681 0.000000
Mesh-Thm: 0.0000  0.0012     0.30    0.0002  0.0007     0.17 2x(LDR,LDC)=(0.20,200.00) -- OK.

Final remapping of 1431040 points.
Center 73.002690 56.673141:  1.0000 -0.0012     2.75    0.0002  0.9993   862.14
Mapping region 1 xy= 73.002690 56.673141 to region 1 xy= 75.690420 918.782584
Center 140.096892 122.620285:  1.0000 -0.0012     2.75    0.0002  0.9993   862.14
Mapping region 1 xy= 140.096892 122.620285 to region 1 xy= 142.707470 984.693219
Center 297.931856 54.289204:  1.0000 -0.0012     2.75    0.0002  0.9993   862.14
Mapping region 1 xy= 297.931856 54.289204 to region 1 xy= 300.623577 916.442276
Center 366.142960 123.378719:  1.0000 -0.0012     2.75    0.0002  0.9993   862.14
Mapping region 1 xy= 366.142960 123.378719 to region 1 xy= 368.753842 985.493156
Center 530.498610 57.834447:  1.0000 -0.0012     2.75    0.0002  0.9993   862.14
Mapping region 1 xy= 530.498610 57.834447 to region 1 xy= 533.187394 920.028165
Center 602.904614 119.977814:  1.0000 -0.0012     2.75    0.0002  0.9993   862.14
Mapping region 1 xy= 602.904614 119.977814 to region 1 xy= 605.520745 982.138838
Center 754.161455 54.467445:  1.0000 -0.0012     2.75    0.0002  0.9993   862.14
Mapping region 1 xy= 754.161455 54.467445 to region 1 xy= 756.855379 916.705288
Center 831.777824 119.638871:  1.0000 -0.0012     2.75    0.0002  0.9993   862.14
Mapping region 1 xy= 831.777824 119.638871 to region 1 xy= 834.395564 981.842738
Center 983.789828 55.731577:  1.0000 -0.0012     2.75    0.0002  0.9993   862.14
Mapping region 1 xy= 983.789828 55.731577 to region 1 xy= 986.483481 918.011213
Center 1056.743565 120.816643:  1.0000 -0.0012     2.75    0.0002  0.9993   862.14
Mapping region 1 xy= 1056.743565 120.816643 to region 1 xy= 1059.361110 983.061500
Center 1212.470065 55.289662:  1.0000 -0.0012     2.75    0.0002  0.9993   862.14
Mapping region 1 xy= 1212.470065 55.289662 to region 1 xy= 1215.165446 917.612182
Center 1289.024667 120.152228:  1.0000 -0.0012     2.75    0.0002  0.9993   862.14
Mapping region 1 xy= 1289.024667 120.152228 to region 1 xy= 1291.644221 982.440806

Pipe: Returning 12 total transforms.

---- Summary Region-region results ----
Pipe: Table Headers {Az t r Bz t r thmok ntri}
FOUND:     0    4   1      0    3   1   1  12

---- Tabulating point matches ----
Tabulate: Rgn 1 -> 1: Keeping 12 of 12 point-pairs.

Timer: Alignment took 1.550 seconds.

main: Got 12 mapping regions.
main: Transform   0:  1.0000 -0.0012     2.75    0.0002  0.9993   862.14
main: Transform   1:  1.0000 -0.0012     2.75    0.0002  0.9993   862.14
main: Transform   2:  1.0000 -0.0012     2.75    0.0002  0.9993   862.14
main: Transform   3:  1.0000 -0.0012     2.75    0.0002  0.9993   862.14
main: Transform   4:  1.0000 -0.0012     2.75    0.0002  0.9993   862.14
main: Transform   5:  1.0000 -0.0012     2.75    0.0002  0.9993   862.14
main: Transform   6:  1.0000 -0.0012     2.75    0.0002  0.9993   862.14
main: Transform   7:  1.0000 -0.0012     2.75    0.0002  0.9993   862.14
main: Transform   8:  1.0000 -0.0012     2.75    0.0002  0.9993   862.14
main: Transform   9:  1.0000 -0.0012     2.75    0.0002  0.9993   862.14
main: Transform  10:  1.0000 -0.0012     2.75    0.0002  0.9993   862.14
main: Transform  11:  1.0000 -0.0012     2.75    0.0002  0.9993   862.14

main: Average:  1.0000 -0.0012     0.00    0.0002  0.9993     0.00
main: Degrees: 0.0390152
main: Residue:  1.0000 -0.0005     0.00   -0.0005  0.9993     0.00

main: Inverse:  1.0000  0.0012    -0.00   -0.0002  1.0007    -0.00
main: Degrees: -0.0390152
main: Residue:  1.0000  0.0005     0.00    0.0005  1.0007     0.00

main: Normal completion for dmesh run.
Timer: Total took 1.840 seconds.

---- Memory ----
Host name: h08u02.int.janelia.org
PID:       24494
User time:       1 seconds.
System time:     0 seconds.
VmPeak:	  380064 kB
VmSize:	  217288 kB
VmLck:	       0 kB
VmPin:	       0 kB
VmHWM:	  216572 kB
VmRSS:	   53436 kB
VmData:	   47896 kB
VmStk:	     160 kB
VmExe:	     832 kB
VmLib:	   85564 kB
VmPTE:	     360 kB
VmSwap:	       0 kB
voluntary_ctxt_switches:	315
nonvoluntary_ctxt_switches:	1558

