
---- dmesh start ----
main: Start: Fri Sep 30 13:13:17 2016


---- Match parameters ----
PXBRO=2            <default 2>        "Max Legendre poly order for bkg removal"
PXLENS=N           <default N>        "Y=Apply IDB/lens.txt"
PXRESMSK=N         <default N>        "Y=Apply resin mask"
PXDOG=N            <default N>        "Y=Apply DoG filter"
PXDOG_R1=3         <default 3>        "DoG inner radius"
PXDOG_R2=6         <default 6>        "DoG outer radius"
FLD=N              <default X>        "Mask usage: Y=Use, N=None, X=XL only"
PRETWEAK=N         <default N>        "Y=Auto-distort before angle scan"
SCALE=1            <default 1.0>      "Image-B / image-A scale factor"
XSCALE=1           <default 1.0>      "Image-B / image-A x-axis scale factor"
YSCALE=1           <default 1.0>      "Image-B / image-A y-axis scale factor"
SKEW=0             <default 0.0>      "Transform elem[3] user-applied distortion"
MODE_SL=M          <default Z>        "Notes above"
MODE_XL=N          <default Y>        "Notes above"
TAB2DFM_SL=N       <default Y>        "Adopt Tdfm from Tab"
TAB2DFM_XL=Y       <default Y>        "Adopt Tdfm from Tab"
XYCONF_SL=1.0      <default 0.0>      "[0,1.0] confidence in Tab XY"
XYCONF_XL=0.8      <default 0.0>      "[0,1.0] confidence in Tab XY"
THMDEC_SL=8        <default 8>        "2^N thumb decimation factor"
THMDEC_XL=8        <default 8>        "2^N thumb decimation factor"
OLAP1D_SL=0        <default 0>        "Min 1D pix full-size overlap"
OLAP1D_XL=0        <default 0>        "Min 1D pix full-size overlap"
OLAP2D_SL=60000    <default 25000>    "Min 2D pix full-size overlap"
OLAP2D_XL=160000   <default 200000>   "Min 2D pix full-size overlap"
NBMXHT_SL=0.75     <default 0.75>     "Max F(neib)/F(pk) in guard zone"
NBMXHT_XL=0.75     <default 0.75>     "Max F(neib)/F(pk) in guard zone"
HFANGDN_SL=5       <default 5.0>      "Half angle search range denovo"
HFANGDN_XL=45      <default 45.0>     "Half angle search range denovo"
HFANGPR_SL=1       <default 1.0>      "Half angle search range prior angles"
HFANGPR_XL=4       <default 1.0>      "Half angle search range prior angles"
RTRSH_SL=0.3       <default 0.3>      "R corr thresh"
RTRSH_XL=0.3       <default 0.3>      "R corr thresh"
TWEAKS=N           <default N>        "Y=Try 8 near unity distortions"
LIMXY_SL=30        <default 0>        "0 or Max XY delta from Tab"
LIMXY_XL=80        <default 0>        "0 or Max XY delta from Tab"
WTHMPR=Y           <default Y>        "Y=Write ThmPair_a^b.txt entries"
OPT_SL=Y           <default Y(EM)>    "Y=Enable mesh optimizer"
RIT_SL=0.50        <default 0.20>     "Min mesh starting corr"
RIT_XL=0.1         <default 0.20>     "Min mesh starting corr"
RFA_SL=0.55        <default 0.3>      "Affine-only final corr"
RFA_XL=0.20        <default 0.3>      "Affine-only final corr"
RFT_SL=0.65        <default 0.5>      "Full mesh final corr"
RFT_XL=0.25        <default 0.5>      "Full mesh final corr"
TMC=5              <default 30.0%>    "Max single triangle area change"
TSC=9              <default 9.0%>     "Max summed triangle area change"
MNL=250            <default 300>      "Triangle edges between MNL and 2*MNL"
MTA=120000         <default 10000>    "Min triangle size (pixels)"
MMA=60000          <default 100000>   "Min 2D overlap for mesh"
ONE=N              <default N>        "Y=Use just one affine transform"
IFM=0.50           <default 0.50>     "Min Fourier Metric after affine-only"
FFM=0.65           <default 0.65>     "Min Fourier Metric after full mesh"
FYL=0.5            <default 0.50>     "Min fraction of yellow pixels"
CPD=0.5            <default 0.50>     "Min Correlation + DFM"
EMM=Y              <default Y>        "Y=Use Earth Mover's Metric, N=Use Fourier"
EMT=0.14           <default 0.2>      "Earth Movers Metric thresh"
WDI=N              <default N>        "Y=Write diff images (Fourier, EMM metrics)"
LDA=0.2            <default 0.2>      "Max radian delta between triangles"
LDR=0.1            <default 0.1>      "Max sine delta between triangles"
LDC=100            <default 100.0>    "Max XY delta between triangles"
DXY=100            <default 100.0>    "Max delta from user input XYs"
WMT=N              <default Y>        "Y=Write map.tif files"
WTT=N              <default Y>        "Y=Write tf.txt files"


---- Input images ----
Til2Img entry: A T=[ 1.0000  0.0000     0.00  0.0000  1.0000  3428.00] path=[/groups/apig/tomo/DEMO/TIF/A1_9_2.tif].
Til2Img entry: B T=[ 1.0000  0.0000     0.00  0.0000  1.0000  4285.00] path=[/groups/apig/tomo/DEMO/TIF/A1_8_2.tif].


---- Command-line overrides ----
Tdfm= 1.0000  0.0000     0.00    0.0000  1.0000     0.00
FLD=N
MODE=N (was M)
CTR=0


---- Image loading ----
Raster8FromTif: Opening [/groups/apig/tomo/DEMO/TIF/A1_9_2.tif].
Raster8FromTif: Bits per sample 8, samples per pixel 1
Raster8FromTif: Picture is 1376 by 1040, 1431040 pixels total.
TIF(8): Last Encoded strip had 1376 bytes.
Raster8FromTif: Opening [/groups/apig/tomo/DEMO/TIF/A1_8_2.tif].
Raster8FromTif: Bits per sample 8, samples per pixel 1
Raster8FromTif: Picture is 1376 by 1040, 1431040 pixels total.
TIF(8): Last Encoded strip had 1376 bytes.
PixPair: Using image scale=1.
Timer: Image conditioning took 0.250 seconds.

---- Foldmaps ----

---- Connected regions ----
Forcing single connected region.

---- Begin A-1 to B-1 ----

---- Thumbnail matching ----
Subimage: Using intersection, w=1376, h=183, pix=251808
Thumbs: After decimation 3956 pts, reqArea 937, thmscl 8
SetDisc( 0, 0, 3, 3 )
Initial: R= 4.147, A=   0.000, X=   -0.26, Y=   -0.06
Peak-Disc: dR 2 dX -2 dY 0
Approx: LowRes  R=4.147, X=-2.058, Y=-0.514
Approx: FullRes R=1.166, X=-3.088, Y=-0.536, use=Y.
Timer: FinishAtFullRes took 0.200 seconds.
Approx: Returning A=0.000000, R=4.147153, X=-3.088241, Y=-857.536092
Approx: Best transform  1.0000  0.0000    -3.09    0.0000  1.0000  -857.54
Approx: Orig transform  1.0000  0.0000     0.00    0.0000  1.0000  -857.00
Approx: Idnt transform  1.0000  0.0000    -3.09    0.0000  1.0000    -0.54
Approx: err = 3.13443, max = 30

---- Starting detailed region mapping ----
Roughly 251259 pixels map to B.
Region size is [3 1375] in x, [857 1039] in y.

---- Building mesh - affine ----
Computed simple triangle.

---- ImproveMesh - affine ----
Tri: (3 857) (1375 857) (689 1039).

---- Matlab Vertices ----
x=[3 1375 689 3]; y=[857 857 1039 857]; plot(x,y); hold on;

---- ImproveControlPts ----
STAT: ImproveCpt: Initial affine correlation 0.812858 (251259 pixels).
corr=0.812858	step=10.000000
corr=0.812858	step=5.000000
corr=0.812858	step=2.500000
corr=0.812858	step=1.250000
corr=0.812858	step=0.625000
STAT: ImproveCpt: Final affine correlation 0.812858, (threshold 0.550000).

---- Matlab A-Sys Originals ----
x=[3.000000 1375.000000 689.000000 3.000000]; y=[857.000000 857.000000 1039.000000 857.000000]; plot(x,y); hold on;

---- Matlab B-Sys Originals ----
x=[-0.088241 1371.911759 685.911759 -0.088241]; y=[-0.536092 -0.536092 181.463908 -0.536092]; plot(x,y); hold on;

---- Matlab B-Sys Optimized ----
x=[-0.088241 1371.911759 685.911759 -0.088241]; y=[-0.536092 -0.536092 181.463908 -0.536092]; plot(x,y); hold on;

---- Deltas ----
id=     0: dx=    0.00 dy=    0.00 d=    0.00
id=     1: dx=    0.00 dy=    0.00 d=    0.00
id=     2: dx=    0.00 dy=    0.00 d=    0.00

---- Areas ----
Triangle 0, area was   124852.0, is   124852.0,    0.0%
Combined: area was   124852.0, is   124852.0,    0.0%

---- Transforms ----
 1.0000  0.0000    -3.09    0.0000  1.0000  -857.54
Best affine transform:  1.0000  0.0000    -3.09    0.0000  1.0000  -857.54
    Inverse transform:  1.0000 -0.0000     3.09   -0.0000  1.0000   857.54

---- QC - affine ----
Metrics: AFF: Mean square difference 0.374878
Metrics: AFF: Smallest footprint deg=0, area=248151
MetricImages: Range x 4 1375, y 858 1039, use Nx=1372, Ny=182
Approximate EM metric 0.068113 for 249704 points.
%Yellow: Tol   1.05  red   30.1  yellow   25.8  green   44.1
%Yellow: Tol   1.10  red   24.3  yellow   50.8  green   24.9
%Yellow: Tol   1.15  red   19.6  yellow   67.5  green   13.0
%Yellow: Tol   1.20  red   15.3  yellow   76.4  green    8.3
%Yellow: Tol   1.25  red   11.6  yellow   82.0  green    6.4
Affine Triangle: 249704 points, corr 0.812557, fm 0.068113, yellow 0.82

---- Building mesh - deformable ----
Lx Dx Nx:  1372   228.00   6
Ly Dy Ny:   182   182.00   1

STAT: From 251259 pts, got 12 triangles, 14 control points.
Timer: MeshCreate took 0.010 seconds.

---- ImproveMesh - deformable mesh ----
Tri: (3 857) (231 857) (3 1039).
Tri: (3 1039) (231 857) (231 1039).
Tri: (231 857) (459 857) (231 1039).
Tri: (231 1039) (459 857) (459 1039).
Tri: (459 857) (687 857) (459 1039).
Tri: (459 1039) (687 857) (687 1039).
Tri: (687 857) (915 857) (687 1039).
Tri: (687 1039) (915 857) (915 1039).
Tri: (915 857) (1143 857) (915 1039).
Tri: (915 1039) (1143 857) (1143 1039).
Tri: (1143 857) (1375 857) (1143 1039).
Tri: (1143 1039) (1375 857) (1375 1039).

---- Matlab Vertices ----
x=[3 231 3 3]; y=[857 857 1039 857]; plot(x,y); hold on;
x=[3 231 231 3]; y=[1039 857 1039 1039]; plot(x,y); hold on;
x=[231 459 231 231]; y=[857 857 1039 857]; plot(x,y); hold on;
x=[231 459 459 231]; y=[1039 857 1039 1039]; plot(x,y); hold on;
x=[459 687 459 459]; y=[857 857 1039 857]; plot(x,y); hold on;
x=[459 687 687 459]; y=[1039 857 1039 1039]; plot(x,y); hold on;
x=[687 915 687 687]; y=[857 857 1039 857]; plot(x,y); hold on;
x=[687 915 915 687]; y=[1039 857 1039 1039]; plot(x,y); hold on;
x=[915 1143 915 915]; y=[857 857 1039 857]; plot(x,y); hold on;
x=[915 1143 1143 915]; y=[1039 857 1039 1039]; plot(x,y); hold on;
x=[1143 1375 1143 1143]; y=[857 857 1039 857]; plot(x,y); hold on;
x=[1143 1375 1375 1143]; y=[1039 857 1039 1039]; plot(x,y); hold on;

---- ImproveControlPts ----
STAT: ImproveCpt: Initial deformable mesh correlation 0.812858 (251259 pixels).
corr=0.812858	step=10.000000
corr=0.812858	step=5.000000
corr=0.812858	step=2.500000
corr=0.812858	step=1.250000
corr=0.812858	step=0.625000
STAT: ImproveCpt: Final deformable mesh correlation 0.812858, (threshold 0.650000).

---- Matlab A-Sys Originals ----
x=[3.000000 231.000000 3.000000 3.000000]; y=[857.000000 857.000000 1039.000000 857.000000]; plot(x,y); hold on;
x=[3.000000 231.000000 231.000000 3.000000]; y=[1039.000000 857.000000 1039.000000 1039.000000]; plot(x,y); hold on;
x=[231.000000 459.000000 231.000000 231.000000]; y=[857.000000 857.000000 1039.000000 857.000000]; plot(x,y); hold on;
x=[231.000000 459.000000 459.000000 231.000000]; y=[1039.000000 857.000000 1039.000000 1039.000000]; plot(x,y); hold on;
x=[459.000000 687.000000 459.000000 459.000000]; y=[857.000000 857.000000 1039.000000 857.000000]; plot(x,y); hold on;
x=[459.000000 687.000000 687.000000 459.000000]; y=[1039.000000 857.000000 1039.000000 1039.000000]; plot(x,y); hold on;
x=[687.000000 915.000000 687.000000 687.000000]; y=[857.000000 857.000000 1039.000000 857.000000]; plot(x,y); hold on;
x=[687.000000 915.000000 915.000000 687.000000]; y=[1039.000000 857.000000 1039.000000 1039.000000]; plot(x,y); hold on;
x=[915.000000 1143.000000 915.000000 915.000000]; y=[857.000000 857.000000 1039.000000 857.000000]; plot(x,y); hold on;
x=[915.000000 1143.000000 1143.000000 915.000000]; y=[1039.000000 857.000000 1039.000000 1039.000000]; plot(x,y); hold on;
x=[1143.000000 1375.000000 1143.000000 1143.000000]; y=[857.000000 857.000000 1039.000000 857.000000]; plot(x,y); hold on;
x=[1143.000000 1375.000000 1375.000000 1143.000000]; y=[1039.000000 857.000000 1039.000000 1039.000000]; plot(x,y); hold on;

---- Matlab B-Sys Originals ----
x=[-0.088241 227.911759 -0.088241 -0.088241]; y=[-0.536092 -0.536092 181.463908 -0.536092]; plot(x,y); hold on;
x=[-0.088241 227.911759 227.911759 -0.088241]; y=[181.463908 -0.536092 181.463908 181.463908]; plot(x,y); hold on;
x=[227.911759 455.911759 227.911759 227.911759]; y=[-0.536092 -0.536092 181.463908 -0.536092]; plot(x,y); hold on;
x=[227.911759 455.911759 455.911759 227.911759]; y=[181.463908 -0.536092 181.463908 181.463908]; plot(x,y); hold on;
x=[455.911759 683.911759 455.911759 455.911759]; y=[-0.536092 -0.536092 181.463908 -0.536092]; plot(x,y); hold on;
x=[455.911759 683.911759 683.911759 455.911759]; y=[181.463908 -0.536092 181.463908 181.463908]; plot(x,y); hold on;
x=[683.911759 911.911759 683.911759 683.911759]; y=[-0.536092 -0.536092 181.463908 -0.536092]; plot(x,y); hold on;
x=[683.911759 911.911759 911.911759 683.911759]; y=[181.463908 -0.536092 181.463908 181.463908]; plot(x,y); hold on;
x=[911.911759 1139.911759 911.911759 911.911759]; y=[-0.536092 -0.536092 181.463908 -0.536092]; plot(x,y); hold on;
x=[911.911759 1139.911759 1139.911759 911.911759]; y=[181.463908 -0.536092 181.463908 181.463908]; plot(x,y); hold on;
x=[1139.911759 1371.911759 1139.911759 1139.911759]; y=[-0.536092 -0.536092 181.463908 -0.536092]; plot(x,y); hold on;
x=[1139.911759 1371.911759 1371.911759 1139.911759]; y=[181.463908 -0.536092 181.463908 181.463908]; plot(x,y); hold on;

---- Matlab B-Sys Optimized ----
x=[-0.088241 227.911759 -0.088241 -0.088241]; y=[-0.536092 -0.536092 181.463908 -0.536092]; plot(x,y); hold on;
x=[-0.088241 227.911759 227.911759 -0.088241]; y=[181.463908 -0.536092 181.463908 181.463908]; plot(x,y); hold on;
x=[227.911759 455.911759 227.911759 227.911759]; y=[-0.536092 -0.536092 181.463908 -0.536092]; plot(x,y); hold on;
x=[227.911759 455.911759 455.911759 227.911759]; y=[181.463908 -0.536092 181.463908 181.463908]; plot(x,y); hold on;
x=[455.911759 683.911759 455.911759 455.911759]; y=[-0.536092 -0.536092 181.463908 -0.536092]; plot(x,y); hold on;
x=[455.911759 683.911759 683.911759 455.911759]; y=[181.463908 -0.536092 181.463908 181.463908]; plot(x,y); hold on;
x=[683.911759 911.911759 683.911759 683.911759]; y=[-0.536092 -0.536092 181.463908 -0.536092]; plot(x,y); hold on;
x=[683.911759 911.911759 911.911759 683.911759]; y=[181.463908 -0.536092 181.463908 181.463908]; plot(x,y); hold on;
x=[911.911759 1139.911759 911.911759 911.911759]; y=[-0.536092 -0.536092 181.463908 -0.536092]; plot(x,y); hold on;
x=[911.911759 1139.911759 1139.911759 911.911759]; y=[181.463908 -0.536092 181.463908 181.463908]; plot(x,y); hold on;
x=[1139.911759 1371.911759 1139.911759 1139.911759]; y=[-0.536092 -0.536092 181.463908 -0.536092]; plot(x,y); hold on;
x=[1139.911759 1371.911759 1371.911759 1139.911759]; y=[181.463908 -0.536092 181.463908 181.463908]; plot(x,y); hold on;

---- Deltas ----
id=     0: dx=    0.00 dy=    0.00 d=    0.00
id=     1: dx=    0.00 dy=    0.00 d=    0.00
id=     2: dx=    0.00 dy=    0.00 d=    0.00
id=     3: dx=    0.00 dy=    0.00 d=    0.00
id=     4: dx=    0.00 dy=    0.00 d=    0.00
id=     5: dx=    0.00 dy=    0.00 d=    0.00
id=     6: dx=    0.00 dy=    0.00 d=    0.00
id=     7: dx=    0.00 dy=    0.00 d=    0.00
id=     8: dx=    0.00 dy=    0.00 d=    0.00
id=     9: dx=    0.00 dy=    0.00 d=    0.00
id=    10: dx=    0.00 dy=    0.00 d=    0.00
id=    11: dx=    0.00 dy=    0.00 d=    0.00
id=    12: dx=    0.00 dy=    0.00 d=    0.00
id=    13: dx=    0.00 dy=    0.00 d=    0.00

---- Areas ----
Triangle 0, area was    20748.0, is    20748.0,    0.0%
Triangle 1, area was    20748.0, is    20748.0,    0.0%
Triangle 2, area was    20748.0, is    20748.0,    0.0%
Triangle 3, area was    20748.0, is    20748.0,    0.0%
Triangle 4, area was    20748.0, is    20748.0,    0.0%
Triangle 5, area was    20748.0, is    20748.0,    0.0%
Triangle 6, area was    20748.0, is    20748.0,    0.0%
Triangle 7, area was    20748.0, is    20748.0,    0.0%
Triangle 8, area was    20748.0, is    20748.0,    0.0%
Triangle 9, area was    20748.0, is    20748.0,    0.0%
Triangle 10, area was    21112.0, is    21112.0,    0.0%
Triangle 11, area was    21112.0, is    21112.0,    0.0%
Combined: area was   249704.0, is   249704.0,    0.0%

---- Transforms ----
 1.0000  0.0000    -3.09    0.0000  1.0000  -857.54
 1.0000  0.0000    -3.09    0.0000  1.0000  -857.54
 1.0000  0.0000    -3.09    0.0000  1.0000  -857.54
 1.0000  0.0000    -3.09    0.0000  1.0000  -857.54
 1.0000  0.0000    -3.09    0.0000  1.0000  -857.54
 1.0000  0.0000    -3.09    0.0000  1.0000  -857.54
 1.0000  0.0000    -3.09    0.0000  1.0000  -857.54
 1.0000  0.0000    -3.09    0.0000  1.0000  -857.54
 1.0000  0.0000    -3.09    0.0000  1.0000  -857.54
 1.0000  0.0000    -3.09    0.0000  1.0000  -857.54
 1.0000  0.0000    -3.09    0.0000  1.0000  -857.54
 1.0000  0.0000    -3.09    0.0000  1.0000  -857.54

---- QC - deformable ----
Remapping 1431040 points.
Metrics: DEF: Mean square difference 0.374878
Metrics: DEF: Smallest footprint deg=0, area=248151
MetricImages: Range x 4 1375, y 858 1039, use Nx=1372, Ny=182
Approximate EM metric 0.068113 for 249704 points.
All points, deformable, dfm 0.068113

Metrics: TRI: Mean square difference 0.087234
Metrics: TRI: Smallest footprint deg=0, area=40500
MetricImages: Range x 4 229, y 858 1038, use Nx=226, Ny=182
Approximate EM metric 0.024574 for 41132 points.
%Yellow: Tol   1.05  red   26.5  yellow   48.7  green   24.8
%Yellow: Tol   1.10  red   11.4  yellow   76.8  green   11.8
%Yellow: Tol   1.15  red    4.6  yellow   90.0  green    5.3
%Yellow: Tol   1.20  red    1.8  yellow   95.6  green    2.6
%Yellow: Tol   1.25  red    0.9  yellow   97.6  green    1.5
Triangle 0: 20544 points, corr 0.956334, fm 0.024574, yellow 0.98

Metrics: TRI: Mean square difference 0.097172
Metrics: TRI: Smallest footprint deg=0, area=41087
MetricImages: Range x 4 231, y 858 1039, use Nx=228, Ny=182
Approximate EM metric 0.039175 for 41496 points.
%Yellow: Tol   1.05  red   26.3  yellow   48.9  green   24.8
%Yellow: Tol   1.10  red   12.1  yellow   75.2  green   12.7
%Yellow: Tol   1.15  red    6.1  yellow   87.0  green    6.9
%Yellow: Tol   1.20  red    3.2  yellow   92.7  green    4.2
%Yellow: Tol   1.25  red    1.9  yellow   95.4  green    2.7
Triangle 1: 20952 points, corr 0.951366, fm 0.039175, yellow 0.95

Metrics: TRI: Mean square difference 0.423767
Metrics: TRI: Smallest footprint deg=0, area=40500
MetricImages: Range x 232 457, y 858 1038, use Nx=226, Ny=182
Approximate EM metric 0.039675 for 41132 points.
%Yellow: Tol   1.05  red   33.1  yellow   34.0  green   32.9
%Yellow: Tol   1.10  red   23.3  yellow   55.5  green   21.2
%Yellow: Tol   1.15  red   17.2  yellow   68.2  green   14.7
%Yellow: Tol   1.20  red   12.9  yellow   76.5  green   10.6
%Yellow: Tol   1.25  red    9.9  yellow   81.9  green    8.3
Triangle 2: 20544 points, corr 0.788068, fm 0.039675, yellow 0.82

Metrics: TRI: Mean square difference 0.199313
Metrics: TRI: Smallest footprint deg=0, area=41087
MetricImages: Range x 232 459, y 858 1039, use Nx=228, Ny=182
Approximate EM metric 0.026514 for 41496 points.
%Yellow: Tol   1.05  red   31.1  yellow   41.3  green   27.6
%Yellow: Tol   1.10  red   17.9  yellow   66.7  green   15.4
%Yellow: Tol   1.15  red   10.5  yellow   79.8  green    9.7
%Yellow: Tol   1.20  red    6.5  yellow   86.8  green    6.7
%Yellow: Tol   1.25  red    4.3  yellow   90.8  green    5.0
Triangle 3: 20952 points, corr 0.900296, fm 0.026514, yellow 0.91

Metrics: TRI: Mean square difference 0.239778
Metrics: TRI: Smallest footprint deg=0, area=40500
MetricImages: Range x 460 685, y 858 1038, use Nx=226, Ny=182
Approximate EM metric 0.022308 for 41132 points.
%Yellow: Tol   1.05  red   27.5  yellow   48.2  green   24.3
%Yellow: Tol   1.10  red   16.6  yellow   69.7  green   13.7
%Yellow: Tol   1.15  red   11.1  yellow   79.4  green    9.5
%Yellow: Tol   1.20  red    7.9  yellow   84.8  green    7.3
%Yellow: Tol   1.25  red    6.2  yellow   87.8  green    6.1
Triangle 4: 20544 points, corr 0.880063, fm 0.022308, yellow 0.88

Metrics: TRI: Mean square difference 0.152671
Metrics: TRI: Smallest footprint deg=0, area=41087
MetricImages: Range x 460 687, y 858 1039, use Nx=228, Ny=182
Approximate EM metric 0.019059 for 41496 points.
%Yellow: Tol   1.05  red   20.0  yellow   61.6  green   18.4
%Yellow: Tol   1.10  red   11.1  yellow   79.0  green    9.9
%Yellow: Tol   1.15  red    8.0  yellow   84.7  green    7.3
%Yellow: Tol   1.20  red    6.3  yellow   87.6  green    6.1
%Yellow: Tol   1.25  red    5.1  yellow   89.6  green    5.2
Triangle 5: 20952 points, corr 0.923617, fm 0.019059, yellow 0.90

Metrics: TRI: Mean square difference 0.161484
Metrics: TRI: Smallest footprint deg=0, area=40500
MetricImages: Range x 688 913, y 858 1038, use Nx=226, Ny=182
Approximate EM metric 0.021119 for 41132 points.
%Yellow: Tol   1.05  red   26.7  yellow   50.0  green   23.4
%Yellow: Tol   1.10  red   14.6  yellow   73.6  green   11.8
%Yellow: Tol   1.15  red    8.4  yellow   84.4  green    7.1
%Yellow: Tol   1.20  red    5.4  yellow   89.6  green    5.0
%Yellow: Tol   1.25  red    3.7  yellow   92.4  green    3.8
Triangle 6: 20544 points, corr 0.919209, fm 0.021119, yellow 0.92

Metrics: TRI: Mean square difference 0.228008
Metrics: TRI: Smallest footprint deg=0, area=41087
MetricImages: Range x 688 915, y 858 1039, use Nx=228, Ny=182
Approximate EM metric 0.026923 for 41496 points.
%Yellow: Tol   1.05  red   27.4  yellow   47.0  green   25.6
%Yellow: Tol   1.10  red   15.6  yellow   71.8  green   12.6
%Yellow: Tol   1.15  red   10.0  yellow   82.1  green    7.9
%Yellow: Tol   1.20  red    6.8  yellow   87.5  green    5.7
%Yellow: Tol   1.25  red    5.0  yellow   90.2  green    4.7
Triangle 7: 20952 points, corr 0.885948, fm 0.026923, yellow 0.90

Metrics: TRI: Mean square difference 0.445901
Metrics: TRI: Smallest footprint deg=0, area=40500
MetricImages: Range x 916 1141, y 858 1038, use Nx=226, Ny=182
Approximate EM metric 0.034089 for 41132 points.
%Yellow: Tol   1.05  red   36.1  yellow   29.8  green   34.0
%Yellow: Tol   1.10  red   26.0  yellow   47.7  green   26.3
%Yellow: Tol   1.15  red   20.3  yellow   58.6  green   21.1
%Yellow: Tol   1.20  red   16.6  yellow   66.0  green   17.4
%Yellow: Tol   1.25  red   14.1  yellow   71.4  green   14.5
Triangle 8: 20544 points, corr 0.777001, fm 0.034089, yellow 0.71

Metrics: TRI: Mean square difference 0.497123
Metrics: TRI: Smallest footprint deg=0, area=41087
MetricImages: Range x 916 1143, y 858 1039, use Nx=228, Ny=182
Approximate EM metric 0.044009 for 41496 points.
%Yellow: Tol   1.05  red   36.7  yellow   28.3  green   35.0
%Yellow: Tol   1.10  red   26.7  yellow   48.5  green   24.8
%Yellow: Tol   1.15  red   19.7  yellow   60.7  green   19.5
%Yellow: Tol   1.20  red   15.0  yellow   68.7  green   16.3
%Yellow: Tol   1.25  red   11.9  yellow   74.0  green   14.1
Triangle 9: 20952 points, corr 0.751391, fm 0.044009, yellow 0.74

Metrics: TRI: Mean square difference 0.396761
Metrics: TRI: Smallest footprint deg=0, area=41220
MetricImages: Range x 1144 1373, y 858 1038, use Nx=230, Ny=182
Approximate EM metric 0.047009 for 41860 points.
%Yellow: Tol   1.05  red   37.6  yellow   30.4  green   32.0
%Yellow: Tol   1.10  red   25.6  yellow   53.4  green   21.0
%Yellow: Tol   1.15  red   17.1  yellow   67.8  green   15.1
%Yellow: Tol   1.20  red   11.8  yellow   75.5  green   12.7
%Yellow: Tol   1.25  red    8.7  yellow   80.1  green   11.3
Triangle 10: 20906 points, corr 0.801572, fm 0.047009, yellow 0.80

Metrics: TRI: Mean square difference 0.367226
Metrics: TRI: Smallest footprint deg=0, area=41811
MetricImages: Range x 1144 1375, y 858 1039, use Nx=232, Ny=182
Approximate EM metric 0.058220 for 42224 points.
%Yellow: Tol   1.05  red   39.1  yellow   28.0  green   33.0
%Yellow: Tol   1.10  red   25.5  yellow   52.4  green   22.1
%Yellow: Tol   1.15  red   16.3  yellow   69.2  green   14.5
%Yellow: Tol   1.20  red   10.4  yellow   79.6  green   10.0
%Yellow: Tol   1.25  red    7.1  yellow   85.2  green    7.6
Triangle 11: 21318 points, corr 0.816340, fm 0.058220, yellow 0.85


---- Final reports ----
STAT: Overall 249704 points, corr 0.8129, EMM 0.0681, weighted EMM 0.0336, cor+dfm 0.8810, weighted yellow 0.8637

Angle span: min, max, delta = 0.000000 0.000000 0.000000
Mesh-Thm: 0.0000  0.0000     0.00    0.0000  0.0000     0.00 2x(LDR,LDC)=(0.20,200.00) -- OK.

Final remapping of 1431040 points.
Center 76.002690 915.274077:  1.0000  0.0000    -3.09    0.0000  1.0000  -857.54
Mapping region 1 xy= 76.002690 915.274077 to region 1 xy= 72.914449 57.737985
Center 143.096892 983.084135:  1.0000  0.0000    -3.09    0.0000  1.0000  -857.54
Mapping region 1 xy= 143.096892 983.084135 to region 1 xy= 140.008651 125.548043
Center 300.931856 912.822797:  1.0000  0.0000    -3.09    0.0000  1.0000  -857.54
Mapping region 1 xy= 300.931856 912.822797 to region 1 xy= 297.843615 55.286705
Center 369.142960 983.863994:  1.0000  0.0000    -3.09    0.0000  1.0000  -857.54
Mapping region 1 xy= 369.142960 983.863994 to region 1 xy= 366.054719 126.327902
Center 533.498610 916.468188:  1.0000  0.0000    -3.09    0.0000  1.0000  -857.54
Mapping region 1 xy= 533.498610 916.468188 to region 1 xy= 530.410369 58.932096
Center 605.904614 980.367018:  1.0000  0.0000    -3.09    0.0000  1.0000  -857.54
Mapping region 1 xy= 605.904614 980.367018 to region 1 xy= 602.816373 122.830926
Center 757.161455 913.006074:  1.0000  0.0000    -3.09    0.0000  1.0000  -857.54
Mapping region 1 xy= 757.161455 913.006074 to region 1 xy= 754.073214 55.469982
Center 834.777824 980.018500:  1.0000  0.0000    -3.09    0.0000  1.0000  -857.54
Mapping region 1 xy= 834.777824 980.018500 to region 1 xy= 831.689583 122.482408
Center 986.789828 914.305916:  1.0000  0.0000    -3.09    0.0000  1.0000  -857.54
Mapping region 1 xy= 986.789828 914.305916 to region 1 xy= 983.701587 56.769824
Center 1059.743565 981.229542:  1.0000  0.0000    -3.09    0.0000  1.0000  -857.54
Mapping region 1 xy= 1059.743565 981.229542 to region 1 xy= 1056.655324 123.693450
Center 1215.470065 913.851516:  1.0000  0.0000    -3.09    0.0000  1.0000  -857.54
Mapping region 1 xy= 1215.470065 913.851516 to region 1 xy= 1212.381824 56.315424
Center 1292.024667 980.546359:  1.0000  0.0000    -3.09    0.0000  1.0000  -857.54
Mapping region 1 xy= 1292.024667 980.546359 to region 1 xy= 1288.936426 123.010267

Pipe: Returning 12 total transforms.

---- Summary Region-region results ----
Pipe: Table Headers {Az t r Bz t r thmok ntri}
FOUND:     0    9   1      0    8   1   1  12

---- Tabulating point matches ----
Tabulate: Rgn 1 -> 1: Keeping 12 of 12 point-pairs.

Timer: Alignment took 1.380 seconds.

main: Got 12 mapping regions.
main: Transform   0:  1.0000  0.0000    -3.09    0.0000  1.0000  -857.54
main: Transform   1:  1.0000  0.0000    -3.09    0.0000  1.0000  -857.54
main: Transform   2:  1.0000  0.0000    -3.09    0.0000  1.0000  -857.54
main: Transform   3:  1.0000  0.0000    -3.09    0.0000  1.0000  -857.54
main: Transform   4:  1.0000  0.0000    -3.09    0.0000  1.0000  -857.54
main: Transform   5:  1.0000  0.0000    -3.09    0.0000  1.0000  -857.54
main: Transform   6:  1.0000  0.0000    -3.09    0.0000  1.0000  -857.54
main: Transform   7:  1.0000  0.0000    -3.09    0.0000  1.0000  -857.54
main: Transform   8:  1.0000  0.0000    -3.09    0.0000  1.0000  -857.54
main: Transform   9:  1.0000  0.0000    -3.09    0.0000  1.0000  -857.54
main: Transform  10:  1.0000  0.0000    -3.09    0.0000  1.0000  -857.54
main: Transform  11:  1.0000  0.0000    -3.09    0.0000  1.0000  -857.54

main: Average:  1.0000  0.0000     0.00    0.0000  1.0000     0.00
main: Degrees: 0
main: Residue:  1.0000  0.0000     0.00    0.0000  1.0000     0.00

main: Inverse:  1.0000 -0.0000    -0.00   -0.0000  1.0000    -0.00
main: Degrees: 0
main: Residue:  1.0000  0.0000     0.00   -0.0000  1.0000     0.00

main: Normal completion for dmesh run.
Timer: Total took 1.630 seconds.

---- Memory ----
Host name: h08u02.int.janelia.org
PID:       24518
User time:       1 seconds.
System time:     0 seconds.
VmPeak:	  380068 kB
VmSize:	  220848 kB
VmLck:	       0 kB
VmPin:	       0 kB
VmHWM:	  216772 kB
VmRSS:	   57100 kB
VmData:	   51452 kB
VmStk:	     164 kB
VmExe:	     832 kB
VmLib:	   85564 kB
VmPTE:	     344 kB
VmSwap:	       0 kB
voluntary_ctxt_switches:	18
nonvoluntary_ctxt_switches:	24

