
---- dmesh start ----
main: Start: Fri Sep 30 13:13:16 2016


---- Match parameters ----
PXBRO=2            <default 2>        "Max Legendre poly order for bkg removal"
PXLENS=N           <default N>        "Y=Apply IDB/lens.txt"
PXRESMSK=N         <default N>        "Y=Apply resin mask"
PXDOG=N            <default N>        "Y=Apply DoG filter"
PXDOG_R1=3         <default 3>        "DoG inner radius"
PXDOG_R2=6         <default 6>        "DoG outer radius"
FLD=N              <default X>        "Mask usage: Y=Use, N=None, X=XL only"
PRETWEAK=N         <default N>        "Y=Auto-distort before angle scan"
SCALE=1            <default 1.0>      "Image-B / image-A scale factor"
XSCALE=1           <default 1.0>      "Image-B / image-A x-axis scale factor"
YSCALE=1           <default 1.0>      "Image-B / image-A y-axis scale factor"
SKEW=0             <default 0.0>      "Transform elem[3] user-applied distortion"
MODE_SL=M          <default Z>        "Notes above"
MODE_XL=N          <default Y>        "Notes above"
TAB2DFM_SL=N       <default Y>        "Adopt Tdfm from Tab"
TAB2DFM_XL=Y       <default Y>        "Adopt Tdfm from Tab"
XYCONF_SL=1.0      <default 0.0>      "[0,1.0] confidence in Tab XY"
XYCONF_XL=0.8      <default 0.0>      "[0,1.0] confidence in Tab XY"
THMDEC_SL=8        <default 8>        "2^N thumb decimation factor"
THMDEC_XL=8        <default 8>        "2^N thumb decimation factor"
OLAP1D_SL=0        <default 0>        "Min 1D pix full-size overlap"
OLAP1D_XL=0        <default 0>        "Min 1D pix full-size overlap"
OLAP2D_SL=60000    <default 25000>    "Min 2D pix full-size overlap"
OLAP2D_XL=160000   <default 200000>   "Min 2D pix full-size overlap"
NBMXHT_SL=0.75     <default 0.75>     "Max F(neib)/F(pk) in guard zone"
NBMXHT_XL=0.75     <default 0.75>     "Max F(neib)/F(pk) in guard zone"
HFANGDN_SL=5       <default 5.0>      "Half angle search range denovo"
HFANGDN_XL=45      <default 45.0>     "Half angle search range denovo"
HFANGPR_SL=1       <default 1.0>      "Half angle search range prior angles"
HFANGPR_XL=4       <default 1.0>      "Half angle search range prior angles"
RTRSH_SL=0.3       <default 0.3>      "R corr thresh"
RTRSH_XL=0.3       <default 0.3>      "R corr thresh"
TWEAKS=N           <default N>        "Y=Try 8 near unity distortions"
LIMXY_SL=30        <default 0>        "0 or Max XY delta from Tab"
LIMXY_XL=80        <default 0>        "0 or Max XY delta from Tab"
WTHMPR=Y           <default Y>        "Y=Write ThmPair_a^b.txt entries"
OPT_SL=Y           <default Y(EM)>    "Y=Enable mesh optimizer"
RIT_SL=0.50        <default 0.20>     "Min mesh starting corr"
RIT_XL=0.1         <default 0.20>     "Min mesh starting corr"
RFA_SL=0.55        <default 0.3>      "Affine-only final corr"
RFA_XL=0.20        <default 0.3>      "Affine-only final corr"
RFT_SL=0.65        <default 0.5>      "Full mesh final corr"
RFT_XL=0.25        <default 0.5>      "Full mesh final corr"
TMC=5              <default 30.0%>    "Max single triangle area change"
TSC=9              <default 9.0%>     "Max summed triangle area change"
MNL=250            <default 300>      "Triangle edges between MNL and 2*MNL"
MTA=120000         <default 10000>    "Min triangle size (pixels)"
MMA=60000          <default 100000>   "Min 2D overlap for mesh"
ONE=N              <default N>        "Y=Use just one affine transform"
IFM=0.50           <default 0.50>     "Min Fourier Metric after affine-only"
FFM=0.65           <default 0.65>     "Min Fourier Metric after full mesh"
FYL=0.5            <default 0.50>     "Min fraction of yellow pixels"
CPD=0.5            <default 0.50>     "Min Correlation + DFM"
EMM=Y              <default Y>        "Y=Use Earth Mover's Metric, N=Use Fourier"
EMT=0.14           <default 0.2>      "Earth Movers Metric thresh"
WDI=N              <default N>        "Y=Write diff images (Fourier, EMM metrics)"
LDA=0.2            <default 0.2>      "Max radian delta between triangles"
LDR=0.1            <default 0.1>      "Max sine delta between triangles"
LDC=100            <default 100.0>    "Max XY delta between triangles"
DXY=100            <default 100.0>    "Max delta from user input XYs"
WMT=N              <default Y>        "Y=Write map.tif files"
WTT=N              <default Y>        "Y=Write tf.txt files"


---- Input images ----
Til2Img entry: A T=[ 1.0000  0.0000     0.00  0.0000  1.0000  3428.00] path=[/groups/apig/tomo/DEMO/TIF/A1_9_2.tif].
Til2Img entry: B T=[ 1.0000  0.0000     0.00  0.0000  1.0000  2571.00] path=[/groups/apig/tomo/DEMO/TIF/A1_10_2.tif].


---- Command-line overrides ----
Tdfm= 1.0000  0.0000     0.00    0.0000  1.0000     0.00
FLD=N
MODE=N (was M)
CTR=0


---- Image loading ----
Raster8FromTif: Opening [/groups/apig/tomo/DEMO/TIF/A1_9_2.tif].
Raster8FromTif: Bits per sample 8, samples per pixel 1
Raster8FromTif: Picture is 1376 by 1040, 1431040 pixels total.
TIF(8): Last Encoded strip had 1376 bytes.
Raster8FromTif: Opening [/groups/apig/tomo/DEMO/TIF/A1_10_2.tif].
Raster8FromTif: Bits per sample 8, samples per pixel 1
Raster8FromTif: Picture is 1376 by 1040, 1431040 pixels total.
TIF(8): Last Encoded strip had 1376 bytes.
PixPair: Using image scale=1.
Timer: Image conditioning took 0.240 seconds.

---- Foldmaps ----

---- Connected regions ----
Forcing single connected region.

---- Begin A-1 to B-1 ----

---- Thumbnail matching ----
Subimage: Using intersection, w=1376, h=183, pix=251808
Thumbs: After decimation 3956 pts, reqArea 937, thmscl 8
SetDisc( 0, 0, 3, 3 )
Initial: R= 2.763, A=   0.000, X=    0.28, Y=    0.54
Peak-Disc: dR 4 dX 2 dY 4
Approx: LowRes  R=2.763, X=2.233, Y=4.280
Approx: FullRes R=0.918, X=3.007, Y=4.610, use=Y.
Timer: FinishAtFullRes took 0.190 seconds.
Approx: Returning A=0.000000, R=2.762902, X=3.006838, Y=861.609698
Approx: Best transform  1.0000  0.0000     3.01    0.0000  1.0000   861.61
Approx: Orig transform  1.0000  0.0000     0.00    0.0000  1.0000   857.00
Approx: Idnt transform  1.0000  0.0000     3.01    0.0000  1.0000     4.61
Approx: err = 5.50367, max = 30

---- Starting detailed region mapping ----
Roughly 245767 pixels map to B.
Region size is [0 1372] in x, [0 178] in y.

---- Building mesh - affine ----
Computed simple triangle.

---- ImproveMesh - affine ----
Tri: (0 0) (1372 0) (686 178).

---- Matlab Vertices ----
x=[0 1372 686 0]; y=[0 0 178 0]; plot(x,y); hold on;

---- ImproveControlPts ----
STAT: ImproveCpt: Initial affine correlation 0.688959 (245767 pixels).
corr=0.688959	step=10.000000
corr=0.688959	step=5.000000
corr=0.688959	step=2.500000
corr=0.688959	step=1.250000
corr=0.692141	step=1.250000
corr=0.692141	step=0.625000
corr=0.694088	step=0.625000
corr=0.694088	step=0.312500
corr=0.694088	step=0.156250
corr=0.694088	step=0.078125
STAT: ImproveCpt: Final affine correlation 0.694088, (threshold 0.550000).

---- Matlab A-Sys Originals ----
x=[0.000000 1372.000000 686.000000 0.000000]; y=[0.000000 0.000000 178.000000 0.000000]; plot(x,y); hold on;

---- Matlab B-Sys Originals ----
x=[3.006838 1375.006838 689.006838 3.006838]; y=[861.609698 861.609698 1039.609698 861.609698]; plot(x,y); hold on;

---- Matlab B-Sys Optimized ----
x=[2.638200 1374.948564 688.673812 2.638200]; y=[861.853879 861.663041 1039.924541 861.853879]; plot(x,y); hold on;

---- Deltas ----
id=     0: dx=   -0.37 dy=    0.24 d=    0.44
id=     1: dx=   -0.06 dy=    0.05 d=    0.08
id=     2: dx=   -0.33 dy=    0.31 d=    0.46

---- Areas ----
Triangle 0, area was   122108.0, is   122249.6,    0.1%
Combined: area was   122108.0, is   122249.6,    0.1%

---- Transforms ----
 1.0002 -0.0007     2.64   -0.0001  1.0009   861.85
Best affine transform:  1.0002 -0.0007     2.64   -0.0001  1.0009   861.85
    Inverse transform:  0.9998  0.0007    -3.22    0.0001  0.9991  -861.05

---- QC - affine ----
Metrics: AFF: Mean square difference 0.611272
Metrics: AFF: Smallest footprint deg=0, area=242844
MetricImages: Range x 0 1372, y 0 177, use Nx=1374, Ny=178
Approximate EM metric 0.134734 for 244572 points.
%Yellow: Tol   1.05  red   42.1  yellow   25.6  green   32.4
%Yellow: Tol   1.10  red   30.1  yellow   44.9  green   25.0
%Yellow: Tol   1.15  red   21.9  yellow   57.5  green   20.6
%Yellow: Tol   1.20  red   16.7  yellow   66.0  green   17.3
%Yellow: Tol   1.25  red   13.3  yellow   72.0  green   14.7
Affine Triangle: 244257 points, corr 0.694360, fm 0.134734, yellow 0.72

---- Building mesh - deformable ----
Lx Dx Nx:  1372   228.00   6
Ly Dy Ny:   178   178.00   1

STAT: From 245767 pts, got 12 triangles, 14 control points.
Timer: MeshCreate took 0.010 seconds.

---- ImproveMesh - deformable mesh ----
Tri: (0 0) (228 0) (0 178).
Tri: (0 178) (228 0) (228 178).
Tri: (228 0) (456 0) (228 178).
Tri: (228 178) (456 0) (456 178).
Tri: (456 0) (684 0) (456 178).
Tri: (456 178) (684 0) (684 178).
Tri: (684 0) (912 0) (684 178).
Tri: (684 178) (912 0) (912 178).
Tri: (912 0) (1140 0) (912 178).
Tri: (912 178) (1140 0) (1140 178).
Tri: (1140 0) (1372 0) (1140 178).
Tri: (1140 178) (1372 0) (1372 178).

---- Matlab Vertices ----
x=[0 228 0 0]; y=[0 0 178 0]; plot(x,y); hold on;
x=[0 228 228 0]; y=[178 0 178 178]; plot(x,y); hold on;
x=[228 456 228 228]; y=[0 0 178 0]; plot(x,y); hold on;
x=[228 456 456 228]; y=[178 0 178 178]; plot(x,y); hold on;
x=[456 684 456 456]; y=[0 0 178 0]; plot(x,y); hold on;
x=[456 684 684 456]; y=[178 0 178 178]; plot(x,y); hold on;
x=[684 912 684 684]; y=[0 0 178 0]; plot(x,y); hold on;
x=[684 912 912 684]; y=[178 0 178 178]; plot(x,y); hold on;
x=[912 1140 912 912]; y=[0 0 178 0]; plot(x,y); hold on;
x=[912 1140 1140 912]; y=[178 0 178 178]; plot(x,y); hold on;
x=[1140 1372 1140 1140]; y=[0 0 178 0]; plot(x,y); hold on;
x=[1140 1372 1372 1140]; y=[178 0 178 178]; plot(x,y); hold on;

---- ImproveControlPts ----
STAT: ImproveCpt: Initial deformable mesh correlation 0.694088 (245767 pixels).
corr=0.694088	step=10.000000
corr=0.694088	step=5.000000
corr=0.694088	step=2.500000
corr=0.697425	step=2.500000
corr=0.697425	step=1.250000
corr=0.697425	step=0.625000
corr=0.697425	step=0.312500
corr=0.697425	step=0.156250
corr=0.697425	step=0.078125
STAT: ImproveCpt: Final deformable mesh correlation 0.697425, (threshold 0.650000).

---- Matlab A-Sys Originals ----
x=[0.000000 228.000000 0.000000 0.000000]; y=[0.000000 0.000000 178.000000 0.000000]; plot(x,y); hold on;
x=[0.000000 228.000000 228.000000 0.000000]; y=[178.000000 0.000000 178.000000 178.000000]; plot(x,y); hold on;
x=[228.000000 456.000000 228.000000 228.000000]; y=[0.000000 0.000000 178.000000 0.000000]; plot(x,y); hold on;
x=[228.000000 456.000000 456.000000 228.000000]; y=[178.000000 0.000000 178.000000 178.000000]; plot(x,y); hold on;
x=[456.000000 684.000000 456.000000 456.000000]; y=[0.000000 0.000000 178.000000 0.000000]; plot(x,y); hold on;
x=[456.000000 684.000000 684.000000 456.000000]; y=[178.000000 0.000000 178.000000 178.000000]; plot(x,y); hold on;
x=[684.000000 912.000000 684.000000 684.000000]; y=[0.000000 0.000000 178.000000 0.000000]; plot(x,y); hold on;
x=[684.000000 912.000000 912.000000 684.000000]; y=[178.000000 0.000000 178.000000 178.000000]; plot(x,y); hold on;
x=[912.000000 1140.000000 912.000000 912.000000]; y=[0.000000 0.000000 178.000000 0.000000]; plot(x,y); hold on;
x=[912.000000 1140.000000 1140.000000 912.000000]; y=[178.000000 0.000000 178.000000 178.000000]; plot(x,y); hold on;
x=[1140.000000 1372.000000 1140.000000 1140.000000]; y=[0.000000 0.000000 178.000000 0.000000]; plot(x,y); hold on;
x=[1140.000000 1372.000000 1372.000000 1140.000000]; y=[178.000000 0.000000 178.000000 178.000000]; plot(x,y); hold on;

---- Matlab B-Sys Originals ----
x=[2.638200 230.689776 2.518629 2.638200]; y=[861.853879 861.822166 1040.019960 861.853879]; plot(x,y); hold on;
x=[2.518629 230.689776 230.570206 2.518629]; y=[1040.019960 861.822166 1039.988246 1040.019960]; plot(x,y); hold on;
x=[230.689776 458.741353 230.570206 230.689776]; y=[861.822166 861.790452 1039.988246 861.822166]; plot(x,y); hold on;
x=[230.570206 458.741353 458.621783 230.570206]; y=[1039.988246 861.790452 1039.956533 1039.988246]; plot(x,y); hold on;
x=[458.741353 686.792930 458.621783 458.741353]; y=[861.790452 861.758738 1039.956533 861.790452]; plot(x,y); hold on;
x=[458.621783 686.792930 686.673359 458.621783]; y=[1039.956533 861.758738 1039.924819 1039.956533]; plot(x,y); hold on;
x=[686.792930 914.844506 686.673359 686.792930]; y=[861.758738 861.727025 1039.924819 861.758738]; plot(x,y); hold on;
x=[686.673359 914.844506 914.724936 686.673359]; y=[1039.924819 861.727025 1039.893106 1039.924819]; plot(x,y); hold on;
x=[914.844506 1142.896083 914.724936 914.844506]; y=[861.727025 861.695311 1039.893106 861.727025]; plot(x,y); hold on;
x=[914.724936 1142.896083 1142.776512 914.724936]; y=[1039.893106 861.695311 1039.861392 1039.893106]; plot(x,y); hold on;
x=[1142.896083 1374.948564 1142.776512 1142.896083]; y=[861.695311 861.663041 1039.861392 861.695311]; plot(x,y); hold on;
x=[1142.776512 1374.948564 1374.828994 1142.776512]; y=[1039.861392 861.663041 1039.829122 1039.861392]; plot(x,y); hold on;

---- Matlab B-Sys Optimized ----
x=[2.687352 231.202698 2.626709 2.687352]; y=[861.965512 862.265254 1040.066543 861.965512]; plot(x,y); hold on;
x=[2.626709 231.202698 231.176661 2.626709]; y=[1040.066543 862.265254 1040.391766 1040.066543]; plot(x,y); hold on;
x=[231.202698 459.792944 231.176661 231.202698]; y=[862.265254 862.321891 1040.391766 862.265254]; plot(x,y); hold on;
x=[231.176661 459.792944 459.498612 231.176661]; y=[1040.391766 862.321891 1040.869529 1040.391766]; plot(x,y); hold on;
x=[459.792944 687.275423 459.498612 459.792944]; y=[862.321891 862.282704 1040.869529 862.321891]; plot(x,y); hold on;
x=[459.498612 687.275423 687.043411 459.498612]; y=[1040.869529 862.282704 1040.279134 1040.869529]; plot(x,y); hold on;
x=[687.275423 915.438492 687.043411 687.275423]; y=[862.282704 862.165864 1040.279134 862.282704]; plot(x,y); hold on;
x=[687.043411 915.438492 915.365106 687.043411]; y=[1040.279134 862.165864 1040.248335 1040.279134]; plot(x,y); hold on;
x=[915.438492 1143.105300 915.365106 915.438492]; y=[862.165864 861.462928 1040.248335 862.165864]; plot(x,y); hold on;
x=[915.365106 1143.105300 1143.065599 915.365106]; y=[1040.248335 861.462928 1039.932589 1040.248335]; plot(x,y); hold on;
x=[1143.105300 1375.389448 1143.065599 1143.105300]; y=[861.462928 861.670740 1039.932589 861.462928]; plot(x,y); hold on;
x=[1143.065599 1375.389448 1374.894988 1143.065599]; y=[1039.932589 861.670740 1039.893520 1039.932589]; plot(x,y); hold on;

---- Deltas ----
id=     0: dx=    0.05 dy=    0.11 d=    0.12
id=     1: dx=    0.51 dy=    0.44 d=    0.68
id=     2: dx=    1.05 dy=    0.53 d=    1.18
id=     3: dx=    0.48 dy=    0.52 d=    0.71
id=     4: dx=    0.59 dy=    0.44 d=    0.74
id=     5: dx=    0.21 dy=   -0.23 d=    0.31
id=     6: dx=    0.44 dy=    0.01 d=    0.44
id=     7: dx=    0.11 dy=    0.05 d=    0.12
id=     8: dx=    0.61 dy=    0.40 d=    0.73
id=     9: dx=    0.88 dy=    0.91 d=    1.27
id=    10: dx=    0.37 dy=    0.35 d=    0.51
id=    11: dx=    0.64 dy=    0.36 d=    0.73
id=    12: dx=    0.29 dy=    0.07 d=    0.30
id=    13: dx=    0.07 dy=    0.06 d=    0.09

---- Areas ----
Triangle 0, area was    20292.0, is    20349.4,    0.3%
Triangle 1, area was    20292.0, is    20355.4,    0.3%
Triangle 2, area was    20292.0, is    20359.0,    0.3%
Triangle 3, area was    20292.0, is    20383.2,    0.4%
Triangle 4, area was    20292.0, is    20308.2,    0.1%
Triangle 5, area was    20292.0, is    20251.0,   -0.2%
Triangle 6, area was    20292.0, is    20306.1,    0.1%
Triangle 7, area was    20292.0, is    20330.0,    0.2%
Triangle 8, area was    20292.0, is    20271.7,   -0.1%
Triangle 9, area was    20292.0, is    20318.8,    0.1%
Triangle 10, area was    20648.0, is    20727.8,    0.4%
Triangle 11, area was    20648.0, is    20658.6,    0.1%
Combined: area was   244216.0, is   244619.4,    0.2%

---- Transforms ----
 1.0023 -0.0003     2.69    0.0013  1.0006   861.97
 1.0024 -0.0001     2.65    0.0014  1.0007   861.94
 1.0026 -0.0001     2.61    0.0002  1.0007   862.21
 1.0014 -0.0017     3.15    0.0021  1.0031   861.37
 0.9977 -0.0017     4.83   -0.0002  1.0031   862.40
 0.9980 -0.0013     4.64   -0.0026  1.0000   864.05
 1.0007 -0.0013     2.79   -0.0005  1.0000   862.63
 1.0014 -0.0004     2.15   -0.0001  1.0005   862.29
 0.9985 -0.0004     4.77   -0.0031  1.0005   864.98
 0.9987 -0.0002     4.60   -0.0014  1.0026   863.04
 1.0012 -0.0002     1.71    0.0009  1.0026   860.44
 0.9993 -0.0028     4.40   -0.0002  1.0013   861.90

---- QC - deformable ----
Remapping 1431040 points.
Metrics: DEF: Mean square difference 0.602642
Metrics: DEF: Smallest footprint deg=0, area=242844
MetricImages: Range x 0 1372, y 0 177, use Nx=1374, Ny=178
Approximate EM metric 0.135472 for 244572 points.
All points, deformable, dfm 0.135472

Metrics: TRI: Mean square difference 0.243961
Metrics: TRI: Smallest footprint deg=0, area=40128
MetricImages: Range x 0 228, y 0 176, use Nx=230, Ny=178
Approximate EM metric 0.073557 for 40940 points.
%Yellow: Tol   1.05  red   33.0  yellow   32.4  green   34.6
%Yellow: Tol   1.10  red   24.1  yellow   53.2  green   22.7
%Yellow: Tol   1.15  red   15.9  yellow   70.2  green   13.9
%Yellow: Tol   1.20  red   10.1  yellow   81.7  green    8.2
%Yellow: Tol   1.25  red    5.8  yellow   89.2  green    5.0
Triangle 0: 20494 points, corr 0.877971, fm 0.073557, yellow 0.89

Metrics: TRI: Mean square difference 0.381691
Metrics: TRI: Smallest footprint deg=0, area=39375
MetricImages: Range x 3 228, y 1 176, use Nx=226, Ny=176
Approximate EM metric 0.055583 for 39776 points.
%Yellow: Tol   1.05  red   33.4  yellow   38.3  green   28.3
%Yellow: Tol   1.10  red   22.3  yellow   60.3  green   17.4
%Yellow: Tol   1.15  red   15.5  yellow   72.1  green   12.4
%Yellow: Tol   1.20  red   11.5  yellow   79.1  green    9.5
%Yellow: Tol   1.25  red    8.8  yellow   83.6  green    7.6
Triangle 1: 20039 points, corr 0.809105, fm 0.055583, yellow 0.84

Metrics: TRI: Mean square difference 0.609046
Metrics: TRI: Smallest footprint deg=0, area=39952
MetricImages: Range x 229 456, y 0 176, use Nx=228, Ny=178
Approximate EM metric 0.042814 for 40584 points.
%Yellow: Tol   1.05  red   36.1  yellow   21.7  green   42.2
%Yellow: Tol   1.10  red   29.7  yellow   37.8  green   32.5
%Yellow: Tol   1.15  red   24.6  yellow   50.8  green   24.6
%Yellow: Tol   1.20  red   20.1  yellow   60.7  green   19.2
%Yellow: Tol   1.25  red   16.1  yellow   68.8  green   15.1
Triangle 2: 20317 points, corr 0.695428, fm 0.042814, yellow 0.69

Metrics: TRI: Mean square difference 0.474811
Metrics: TRI: Smallest footprint deg=0, area=39375
MetricImages: Range x 231 456, y 1 176, use Nx=226, Ny=176
Approximate EM metric 0.030904 for 39776 points.
%Yellow: Tol   1.05  red   35.2  yellow   29.8  green   35.1
%Yellow: Tol   1.10  red   26.3  yellow   48.9  green   24.8
%Yellow: Tol   1.15  red   20.4  yellow   60.7  green   18.9
%Yellow: Tol   1.20  red   16.0  yellow   69.0  green   15.0
%Yellow: Tol   1.25  red   12.9  yellow   74.4  green   12.7
Triangle 3: 20039 points, corr 0.762545, fm 0.030904, yellow 0.74

Metrics: TRI: Mean square difference 0.354294
Metrics: TRI: Smallest footprint deg=0, area=39952
MetricImages: Range x 457 684, y 0 176, use Nx=228, Ny=178
Approximate EM metric 0.030188 for 40584 points.
%Yellow: Tol   1.05  red   34.1  yellow   34.6  green   31.3
%Yellow: Tol   1.10  red   23.3  yellow   56.5  green   20.2
%Yellow: Tol   1.15  red   16.8  yellow   69.4  green   13.8
%Yellow: Tol   1.20  red   12.9  yellow   76.8  green   10.2
%Yellow: Tol   1.25  red   10.1  yellow   81.5  green    8.3
Triangle 4: 20317 points, corr 0.822804, fm 0.030188, yellow 0.82

Metrics: TRI: Mean square difference 0.176391
Metrics: TRI: Smallest footprint deg=0, area=39375
MetricImages: Range x 459 684, y 1 176, use Nx=226, Ny=176
Approximate EM metric 0.036973 for 39776 points.
%Yellow: Tol   1.05  red   28.0  yellow   45.0  green   27.0
%Yellow: Tol   1.10  red   15.6  yellow   69.7  green   14.7
%Yellow: Tol   1.15  red    9.6  yellow   81.3  green    9.1
%Yellow: Tol   1.20  red    6.7  yellow   87.1  green    6.2
%Yellow: Tol   1.25  red    5.0  yellow   90.7  green    4.4
Triangle 5: 20039 points, corr 0.911755, fm 0.036973, yellow 0.91

Metrics: TRI: Mean square difference 0.343079
Metrics: TRI: Smallest footprint deg=0, area=39952
MetricImages: Range x 685 912, y 0 176, use Nx=228, Ny=178
Approximate EM metric 0.044569 for 40584 points.
%Yellow: Tol   1.05  red   34.2  yellow   34.7  green   31.1
%Yellow: Tol   1.10  red   23.9  yellow   54.8  green   21.3
%Yellow: Tol   1.15  red   17.2  yellow   67.8  green   15.0
%Yellow: Tol   1.20  red   12.9  yellow   76.3  green   10.8
%Yellow: Tol   1.25  red   10.1  yellow   81.7  green    8.2
Triangle 6: 20317 points, corr 0.828411, fm 0.044569, yellow 0.82

Metrics: TRI: Mean square difference 0.743865
Metrics: TRI: Smallest footprint deg=0, area=39375
MetricImages: Range x 687 912, y 1 176, use Nx=226, Ny=176
Approximate EM metric 0.067003 for 39776 points.
%Yellow: Tol   1.05  red   41.7  yellow   19.9  green   38.4
%Yellow: Tol   1.10  red   34.1  yellow   35.0  green   30.9
%Yellow: Tol   1.15  red   28.1  yellow   46.9  green   25.1
%Yellow: Tol   1.20  red   22.9  yellow   56.8  green   20.2
%Yellow: Tol   1.25  red   19.0  yellow   64.1  green   16.9
Triangle 7: 20039 points, corr 0.628018, fm 0.067003, yellow 0.64

Metrics: TRI: Mean square difference 0.376794
Metrics: TRI: Smallest footprint deg=0, area=39952
MetricImages: Range x 913 1140, y 0 176, use Nx=228, Ny=178
Approximate EM metric 0.064861 for 40584 points.
%Yellow: Tol   1.05  red   36.6  yellow   23.8  green   39.6
%Yellow: Tol   1.10  red   28.3  yellow   42.9  green   28.8
%Yellow: Tol   1.15  red   20.4  yellow   60.0  green   19.6
%Yellow: Tol   1.20  red   14.4  yellow   72.6  green   13.0
%Yellow: Tol   1.25  red   10.6  yellow   80.3  green    9.1
Triangle 8: 20317 points, corr 0.811554, fm 0.064861, yellow 0.80

Metrics: TRI: Mean square difference 0.930206
Metrics: TRI: Smallest footprint deg=0, area=39600
MetricImages: Range x 915 1140, y 1 177, use Nx=226, Ny=178
Approximate EM metric 0.132219 for 40228 points.
%Yellow: Tol   1.05  red   45.3  yellow   15.4  green   39.3
%Yellow: Tol   1.10  red   37.1  yellow   29.5  green   33.4
%Yellow: Tol   1.15  red   28.9  yellow   42.6  green   28.5
%Yellow: Tol   1.20  red   21.2  yellow   54.5  green   24.3
%Yellow: Tol   1.25  red   16.1  yellow   63.0  green   20.8
Triangle 9: 20090 points, corr 0.534847, fm 0.132219, yellow 0.63

Metrics: TRI: Mean square difference 0.321719
Metrics: TRI: Smallest footprint deg=0, area=40710
MetricImages: Range x 1141 1371, y 0 177, use Nx=232, Ny=178
Approximate EM metric 0.084491 for 41296 points.
%Yellow: Tol   1.05  red   33.4  yellow   30.1  green   36.5
%Yellow: Tol   1.10  red   20.5  yellow   55.3  green   24.2
%Yellow: Tol   1.15  red   12.8  yellow   70.8  green   16.4
%Yellow: Tol   1.20  red    8.8  yellow   80.4  green   10.8
%Yellow: Tol   1.25  red    6.4  yellow   86.9  green    6.7
Triangle 10: 20675 points, corr 0.839092, fm 0.084491, yellow 0.87

Metrics: TRI: Mean square difference 0.246724
Metrics: TRI: Smallest footprint deg=0, area=40480
MetricImages: Range x 1142 1372, y 1 177, use Nx=232, Ny=178
Approximate EM metric 0.117029 for 41296 points.
%Yellow: Tol   1.05  red   28.9  yellow   34.9  green   36.2
%Yellow: Tol   1.10  red   21.9  yellow   54.7  green   23.4
%Yellow: Tol   1.15  red   16.0  yellow   66.5  green   17.5
%Yellow: Tol   1.20  red   12.0  yellow   75.1  green   12.9
%Yellow: Tol   1.25  red    9.5  yellow   81.8  green    8.7
Triangle 11: 20480 points, corr 0.876589, fm 0.117029, yellow 0.82


---- Final reports ----
STAT: Overall 243163 points, corr 0.6974, EMM 0.1355, weighted EMM 0.0651, cor+dfm 0.8329, weighted yellow 0.7888

Angle span: min, max, delta = -0.001336 0.001870 0.003206
Mesh-Thm: 0.0004  0.0009     0.41    0.0002  0.0013     0.83 2x(LDR,LDC)=(0.20,200.00) -- OK.

Final remapping of 1431040 points.
Center 73.002690 56.993328:  1.0023 -0.0003     2.69    0.0013  1.0006   861.97
Mapping region 1 xy= 73.002690 56.993328 to region 1 xy= 75.835632 919.087163
Center 140.096892 123.313055:  1.0024 -0.0001     2.65    0.0014  1.0007   861.94
Mapping region 1 xy= 140.096892 123.313055 to region 1 xy= 143.069523 985.540567
Center 297.931856 54.595922:  1.0026 -0.0001     2.61    0.0002  1.0007   862.21
Mapping region 1 xy= 297.931856 54.595922 to region 1 xy= 301.307607 916.917352
Center 366.142960 124.075774:  1.0014 -0.0017     3.15    0.0021  1.0031   861.37
Mapping region 1 xy= 366.142960 124.075774 to region 1 xy= 369.603854 986.591108
Center 530.498610 58.161195:  0.9977 -0.0017     4.83   -0.0002  1.0031   862.40
Mapping region 1 xy= 530.498610 58.161195 to region 1 xy= 534.026282 920.649222
Center 602.904614 120.655655:  0.9980 -0.0013     4.64   -0.0026  1.0000   864.05
Mapping region 1 xy= 602.904614 120.655655 to region 1 xy= 606.184677 983.145932
Center 754.161455 54.775171:  1.0007 -0.0013     2.79   -0.0005  1.0000   862.63
Mapping region 1 xy= 754.161455 54.775171 to region 1 xy= 757.415663 917.020822
Center 831.777824 120.314797:  1.0014 -0.0004     2.15   -0.0001  1.0005   862.29
Mapping region 1 xy= 831.777824 120.314797 to region 1 xy= 835.053524 982.547241
Center 983.789828 56.046445:  0.9985 -0.0004     4.77   -0.0031  1.0005   864.98
Mapping region 1 xy= 983.789828 56.046445 to region 1 xy= 987.100302 918.016945
Center 1056.743565 121.499223:  0.9987 -0.0002     4.60   -0.0014  1.0026   863.04
Mapping region 1 xy= 1056.743565 121.499223 to region 1 xy= 1059.931134 983.398029
Center 1212.470065 55.602033:  1.0012 -0.0002     1.71    0.0009  1.0026   860.44
Mapping region 1 xy= 1212.470065 55.602033 to region 1 xy= 1215.651723 917.276583
Center 1289.024667 120.831055:  0.9993 -0.0028     4.40   -0.0002  1.0013   861.90
Mapping region 1 xy= 1289.024667 120.831055 to region 1 xy= 1292.139482 982.666996

Pipe: Returning 12 total transforms.

---- Summary Region-region results ----
Pipe: Table Headers {Az t r Bz t r thmok ntri}
FOUND:     0    9   1      0   10   1   1  12

---- Tabulating point matches ----
Tabulate: Rgn 1 -> 1: Keeping 12 of 12 point-pairs.

Timer: Alignment took 1.510 seconds.

main: Got 12 mapping regions.
main: Transform   0:  1.0023 -0.0003     2.69    0.0013  1.0006   861.97
main: Transform   1:  1.0024 -0.0001     2.65    0.0014  1.0007   861.94
main: Transform   2:  1.0026 -0.0001     2.61    0.0002  1.0007   862.21
main: Transform   3:  1.0014 -0.0017     3.15    0.0021  1.0031   861.37
main: Transform   4:  0.9977 -0.0017     4.83   -0.0002  1.0031   862.40
main: Transform   5:  0.9980 -0.0013     4.64   -0.0026  1.0000   864.05
main: Transform   6:  1.0007 -0.0013     2.79   -0.0005  1.0000   862.63
main: Transform   7:  1.0014 -0.0004     2.15   -0.0001  1.0005   862.29
main: Transform   8:  0.9985 -0.0004     4.77   -0.0031  1.0005   864.98
main: Transform   9:  0.9987 -0.0002     4.60   -0.0014  1.0026   863.04
main: Transform  10:  1.0012 -0.0002     1.71    0.0009  1.0026   860.44
main: Transform  11:  0.9993 -0.0028     4.40   -0.0002  1.0013   861.90

main: Average:  1.0004 -0.0009     0.00   -0.0002  1.0013     0.00
main: Degrees: 0.02035
main: Residue:  1.0004 -0.0005     0.00   -0.0005  1.0013     0.00

main: Inverse:  0.9996  0.0009    -0.00    0.0002  0.9987    -0.00
main: Degrees: -0.02035
main: Residue:  0.9996  0.0005     0.00    0.0005  0.9987     0.00

main: Normal completion for dmesh run.
Timer: Total took 1.760 seconds.

---- Memory ----
Host name: h08u02.int.janelia.org
PID:       24516
User time:       1 seconds.
System time:     0 seconds.
VmPeak:	  380068 kB
VmSize:	  217292 kB
VmLck:	       0 kB
VmPin:	       0 kB
VmHWM:	  216768 kB
VmRSS:	   53632 kB
VmData:	   47896 kB
VmStk:	     164 kB
VmExe:	     832 kB
VmLib:	   85564 kB
VmPTE:	     352 kB
VmSwap:	       0 kB
voluntary_ctxt_switches:	16
nonvoluntary_ctxt_switches:	22

