
---- dmesh start ----
main: Start: Fri Sep 30 13:13:21 2016


---- Match parameters ----
PXBRO=2            <default 2>        "Max Legendre poly order for bkg removal"
PXLENS=N           <default N>        "Y=Apply IDB/lens.txt"
PXRESMSK=N         <default N>        "Y=Apply resin mask"
PXDOG=N            <default N>        "Y=Apply DoG filter"
PXDOG_R1=3         <default 3>        "DoG inner radius"
PXDOG_R2=6         <default 6>        "DoG outer radius"
FLD=N              <default X>        "Mask usage: Y=Use, N=None, X=XL only"
PRETWEAK=N         <default N>        "Y=Auto-distort before angle scan"
SCALE=1            <default 1.0>      "Image-B / image-A scale factor"
XSCALE=1           <default 1.0>      "Image-B / image-A x-axis scale factor"
YSCALE=1           <default 1.0>      "Image-B / image-A y-axis scale factor"
SKEW=0             <default 0.0>      "Transform elem[3] user-applied distortion"
MODE_SL=M          <default Z>        "Notes above"
MODE_XL=N          <default Y>        "Notes above"
TAB2DFM_SL=N       <default Y>        "Adopt Tdfm from Tab"
TAB2DFM_XL=Y       <default Y>        "Adopt Tdfm from Tab"
XYCONF_SL=1.0      <default 0.0>      "[0,1.0] confidence in Tab XY"
XYCONF_XL=0.8      <default 0.0>      "[0,1.0] confidence in Tab XY"
THMDEC_SL=8        <default 8>        "2^N thumb decimation factor"
THMDEC_XL=8        <default 8>        "2^N thumb decimation factor"
OLAP1D_SL=0        <default 0>        "Min 1D pix full-size overlap"
OLAP1D_XL=0        <default 0>        "Min 1D pix full-size overlap"
OLAP2D_SL=60000    <default 25000>    "Min 2D pix full-size overlap"
OLAP2D_XL=160000   <default 200000>   "Min 2D pix full-size overlap"
NBMXHT_SL=0.75     <default 0.75>     "Max F(neib)/F(pk) in guard zone"
NBMXHT_XL=0.75     <default 0.75>     "Max F(neib)/F(pk) in guard zone"
HFANGDN_SL=5       <default 5.0>      "Half angle search range denovo"
HFANGDN_XL=45      <default 45.0>     "Half angle search range denovo"
HFANGPR_SL=1       <default 1.0>      "Half angle search range prior angles"
HFANGPR_XL=4       <default 1.0>      "Half angle search range prior angles"
RTRSH_SL=0.3       <default 0.3>      "R corr thresh"
RTRSH_XL=0.3       <default 0.3>      "R corr thresh"
TWEAKS=N           <default N>        "Y=Try 8 near unity distortions"
LIMXY_SL=30        <default 0>        "0 or Max XY delta from Tab"
LIMXY_XL=80        <default 0>        "0 or Max XY delta from Tab"
WTHMPR=Y           <default Y>        "Y=Write ThmPair_a^b.txt entries"
OPT_SL=Y           <default Y(EM)>    "Y=Enable mesh optimizer"
RIT_SL=0.50        <default 0.20>     "Min mesh starting corr"
RIT_XL=0.1         <default 0.20>     "Min mesh starting corr"
RFA_SL=0.55        <default 0.3>      "Affine-only final corr"
RFA_XL=0.20        <default 0.3>      "Affine-only final corr"
RFT_SL=0.65        <default 0.5>      "Full mesh final corr"
RFT_XL=0.25        <default 0.5>      "Full mesh final corr"
TMC=5              <default 30.0%>    "Max single triangle area change"
TSC=9              <default 9.0%>     "Max summed triangle area change"
MNL=250            <default 300>      "Triangle edges between MNL and 2*MNL"
MTA=120000         <default 10000>    "Min triangle size (pixels)"
MMA=60000          <default 100000>   "Min 2D overlap for mesh"
ONE=N              <default N>        "Y=Use just one affine transform"
IFM=0.50           <default 0.50>     "Min Fourier Metric after affine-only"
FFM=0.65           <default 0.65>     "Min Fourier Metric after full mesh"
FYL=0.5            <default 0.50>     "Min fraction of yellow pixels"
CPD=0.5            <default 0.50>     "Min Correlation + DFM"
EMM=Y              <default Y>        "Y=Use Earth Mover's Metric, N=Use Fourier"
EMT=0.14           <default 0.2>      "Earth Movers Metric thresh"
WDI=N              <default N>        "Y=Write diff images (Fourier, EMM metrics)"
LDA=0.2            <default 0.2>      "Max radian delta between triangles"
LDR=0.1            <default 0.1>      "Max sine delta between triangles"
LDC=100            <default 100.0>    "Max XY delta between triangles"
DXY=100            <default 100.0>    "Max delta from user input XYs"
WMT=N              <default Y>        "Y=Write map.tif files"
WTT=N              <default Y>        "Y=Write tf.txt files"


---- Input images ----
Til2Img entry: A T=[ 1.0000  0.0000     0.00  0.0000  1.0000   857.00] path=[/groups/apig/tomo/DEMO/TIF/A1_12_2.tif].
Til2Img entry: B T=[ 1.0000  0.0000     0.00  0.0000  1.0000     0.00] path=[/groups/apig/tomo/DEMO/TIF/A1_13_2.tif].


---- Command-line overrides ----
Tdfm= 1.0000  0.0000     0.00    0.0000  1.0000     0.00
FLD=N
MODE=N (was M)
CTR=0


---- Image loading ----
Raster8FromTif: Opening [/groups/apig/tomo/DEMO/TIF/A1_12_2.tif].
Raster8FromTif: Bits per sample 8, samples per pixel 1
Raster8FromTif: Picture is 1376 by 1040, 1431040 pixels total.
TIF(8): Last Encoded strip had 1376 bytes.
Raster8FromTif: Opening [/groups/apig/tomo/DEMO/TIF/A1_13_2.tif].
Raster8FromTif: Bits per sample 8, samples per pixel 1
Raster8FromTif: Picture is 1376 by 1040, 1431040 pixels total.
TIF(8): Last Encoded strip had 1376 bytes.
PixPair: Using image scale=1.
Timer: Image conditioning took 0.250 seconds.

---- Foldmaps ----

---- Connected regions ----
Forcing single connected region.

---- Begin A-1 to B-1 ----

---- Thumbnail matching ----
Subimage: Using intersection, w=1376, h=183, pix=251808
Thumbs: After decimation 3956 pts, reqArea 937, thmscl 8
SetDisc( 0, 0, 3, 3 )
Initial: R= 4.012, A=   0.000, X=    0.26, Y=    0.26
Peak-Disc: dR 2 dX 2 dY 2
Approx: LowRes  R=4.012, X=2.058, Y=2.065
Approx: FullRes R=1.400, X=3.090, Y=2.931, use=Y.
Timer: FinishAtFullRes took 0.260 seconds.
Approx: Returning A=0.000000, R=4.011788, X=3.089633, Y=859.931370
Approx: Best transform  1.0000  0.0000     3.09    0.0000  1.0000   859.93
Approx: Orig transform  1.0000  0.0000     0.00    0.0000  1.0000   857.00
Approx: Idnt transform  1.0000  0.0000     3.09    0.0000  1.0000     2.93
Approx: err = 4.25896, max = 30

---- Starting detailed region mapping ----
Roughly 248513 pixels map to B.
Region size is [0 1372] in x, [0 180] in y.

---- Building mesh - affine ----
Computed simple triangle.

---- ImproveMesh - affine ----
Tri: (0 0) (1372 0) (686 180).

---- Matlab Vertices ----
x=[0 1372 686 0]; y=[0 0 180 0]; plot(x,y); hold on;

---- ImproveControlPts ----
STAT: ImproveCpt: Initial affine correlation 0.787292 (248513 pixels).
corr=0.787292	step=10.000000
corr=0.787292	step=5.000000
corr=0.787292	step=2.500000
corr=0.787292	step=1.250000
corr=0.809196	step=1.250000
corr=0.809196	step=0.625000
corr=0.809196	step=0.312500
corr=0.809196	step=0.156250
corr=0.809196	step=0.078125
corr=0.809295	step=0.078125
STAT: ImproveCpt: Final affine correlation 0.809295, (threshold 0.550000).

---- Matlab A-Sys Originals ----
x=[0.000000 1372.000000 686.000000 0.000000]; y=[0.000000 0.000000 180.000000 0.000000]; plot(x,y); hold on;

---- Matlab B-Sys Originals ----
x=[3.089633 1375.089633 689.089633 3.089633]; y=[859.931370 859.931370 1039.931370 859.931370]; plot(x,y); hold on;

---- Matlab B-Sys Optimized ----
x=[2.822801 1374.781607 688.635859 2.822801]; y=[860.234454 860.463838 1040.734240 860.234454]; plot(x,y); hold on;

---- Deltas ----
id=     0: dx=   -0.27 dy=    0.30 d=    0.40
id=     1: dx=   -0.31 dy=    0.53 d=    0.62
id=     2: dx=   -0.45 dy=    0.80 d=    0.92

---- Areas ----
Triangle 0, area was   123480.0, is   123740.5,    0.2%
Combined: area was   123480.0, is   123740.5,    0.2%

---- Transforms ----
 1.0000 -0.0009     2.82    0.0002  1.0021   860.23
Best affine transform:  1.0000 -0.0009     2.82    0.0002  1.0021   860.23
    Inverse transform:  1.0000  0.0009    -3.62   -0.0002  0.9979  -858.40

---- QC - affine ----
Metrics: AFF: Mean square difference 0.379627
Metrics: AFF: Smallest footprint deg=0, area=244216
MetricImages: Range x 0 1372, y 0 178, use Nx=1374, Ny=180
Approximate EM metric 0.066479 for 247320 points.
%Yellow: Tol   1.05  red   29.2  yellow   30.1  green   40.7
%Yellow: Tol   1.10  red   22.2  yellow   51.8  green   26.0
%Yellow: Tol   1.15  red   17.5  yellow   68.3  green   14.2
%Yellow: Tol   1.20  red   13.9  yellow   76.2  green    9.9
%Yellow: Tol   1.25  red   11.0  yellow   81.8  green    7.2
Affine Triangle: 245767 points, corr 0.810182, fm 0.066479, yellow 0.82

---- Building mesh - deformable ----
Lx Dx Nx:  1372   228.00   6
Ly Dy Ny:   180   180.00   1

STAT: From 248513 pts, got 12 triangles, 14 control points.
Timer: MeshCreate took 0.010 seconds.

---- ImproveMesh - deformable mesh ----
Tri: (0 0) (228 0) (0 180).
Tri: (0 180) (228 0) (228 180).
Tri: (228 0) (456 0) (228 180).
Tri: (228 180) (456 0) (456 180).
Tri: (456 0) (684 0) (456 180).
Tri: (456 180) (684 0) (684 180).
Tri: (684 0) (912 0) (684 180).
Tri: (684 180) (912 0) (912 180).
Tri: (912 0) (1140 0) (912 180).
Tri: (912 180) (1140 0) (1140 180).
Tri: (1140 0) (1372 0) (1140 180).
Tri: (1140 180) (1372 0) (1372 180).

---- Matlab Vertices ----
x=[0 228 0 0]; y=[0 0 180 0]; plot(x,y); hold on;
x=[0 228 228 0]; y=[180 0 180 180]; plot(x,y); hold on;
x=[228 456 228 228]; y=[0 0 180 0]; plot(x,y); hold on;
x=[228 456 456 228]; y=[180 0 180 180]; plot(x,y); hold on;
x=[456 684 456 456]; y=[0 0 180 0]; plot(x,y); hold on;
x=[456 684 684 456]; y=[180 0 180 180]; plot(x,y); hold on;
x=[684 912 684 684]; y=[0 0 180 0]; plot(x,y); hold on;
x=[684 912 912 684]; y=[180 0 180 180]; plot(x,y); hold on;
x=[912 1140 912 912]; y=[0 0 180 0]; plot(x,y); hold on;
x=[912 1140 1140 912]; y=[180 0 180 180]; plot(x,y); hold on;
x=[1140 1372 1140 1140]; y=[0 0 180 0]; plot(x,y); hold on;
x=[1140 1372 1372 1140]; y=[180 0 180 180]; plot(x,y); hold on;

---- ImproveControlPts ----
STAT: ImproveCpt: Initial deformable mesh correlation 0.809295 (248513 pixels).
corr=0.809295	step=10.000000
corr=0.809295	step=5.000000
corr=0.809295	step=2.500000
corr=0.809295	step=1.250000
corr=0.809295	step=0.625000
STAT: ImproveCpt: Final deformable mesh correlation 0.809295, (threshold 0.650000).

---- Matlab A-Sys Originals ----
x=[0.000000 228.000000 0.000000 0.000000]; y=[0.000000 0.000000 180.000000 0.000000]; plot(x,y); hold on;
x=[0.000000 228.000000 228.000000 0.000000]; y=[180.000000 0.000000 180.000000 180.000000]; plot(x,y); hold on;
x=[228.000000 456.000000 228.000000 228.000000]; y=[0.000000 0.000000 180.000000 0.000000]; plot(x,y); hold on;
x=[228.000000 456.000000 456.000000 228.000000]; y=[180.000000 0.000000 180.000000 180.000000]; plot(x,y); hold on;
x=[456.000000 684.000000 456.000000 456.000000]; y=[0.000000 0.000000 180.000000 0.000000]; plot(x,y); hold on;
x=[456.000000 684.000000 684.000000 456.000000]; y=[180.000000 0.000000 180.000000 180.000000]; plot(x,y); hold on;
x=[684.000000 912.000000 684.000000 684.000000]; y=[0.000000 0.000000 180.000000 0.000000]; plot(x,y); hold on;
x=[684.000000 912.000000 912.000000 684.000000]; y=[180.000000 0.000000 180.000000 180.000000]; plot(x,y); hold on;
x=[912.000000 1140.000000 912.000000 912.000000]; y=[0.000000 0.000000 180.000000 0.000000]; plot(x,y); hold on;
x=[912.000000 1140.000000 1140.000000 912.000000]; y=[180.000000 0.000000 180.000000 180.000000]; plot(x,y); hold on;
x=[1140.000000 1372.000000 1140.000000 1140.000000]; y=[0.000000 0.000000 180.000000 0.000000]; plot(x,y); hold on;
x=[1140.000000 1372.000000 1372.000000 1140.000000]; y=[180.000000 0.000000 180.000000 180.000000]; plot(x,y); hold on;

---- Matlab B-Sys Originals ----
x=[2.822801 230.815955 2.656456 2.822801]; y=[860.234454 860.272574 1040.619548 860.234454]; plot(x,y); hold on;
x=[2.656456 230.815955 230.649610 2.656456]; y=[1040.619548 860.272574 1040.657668 1040.619548]; plot(x,y); hold on;
x=[230.815955 458.809109 230.649610 230.815955]; y=[860.272574 860.310693 1040.657668 860.272574]; plot(x,y); hold on;
x=[230.649610 458.809109 458.642765 230.649610]; y=[1040.657668 860.310693 1040.695787 1040.657668]; plot(x,y); hold on;
x=[458.809109 686.802264 458.642765 458.809109]; y=[860.310693 860.348812 1040.695787 860.310693]; plot(x,y); hold on;
x=[458.642765 686.802264 686.635919 458.642765]; y=[1040.695787 860.348812 1040.733906 1040.695787]; plot(x,y); hold on;
x=[686.802264 914.795418 686.635919 686.802264]; y=[860.348812 860.386931 1040.733906 860.348812]; plot(x,y); hold on;
x=[686.635919 914.795418 914.629073 686.635919]; y=[1040.733906 860.386931 1040.772025 1040.733906]; plot(x,y); hold on;
x=[914.795418 1142.788573 914.629073 914.795418]; y=[860.386931 860.425050 1040.772025 860.386931]; plot(x,y); hold on;
x=[914.629073 1142.788573 1142.622228 914.629073]; y=[1040.772025 860.425050 1040.810144 1040.772025]; plot(x,y); hold on;
x=[1142.788573 1374.781607 1142.622228 1142.788573]; y=[860.425050 860.463838 1040.810144 860.425050]; plot(x,y); hold on;
x=[1142.622228 1374.781607 1374.615262 1142.622228]; y=[1040.810144 860.463838 1040.848932 1040.810144]; plot(x,y); hold on;

---- Matlab B-Sys Optimized ----
x=[2.822801 230.815955 2.656456 2.822801]; y=[860.234454 860.272574 1040.619548 860.234454]; plot(x,y); hold on;
x=[2.656456 230.815955 230.649610 2.656456]; y=[1040.619548 860.272574 1040.657668 1040.619548]; plot(x,y); hold on;
x=[230.815955 458.809109 230.649610 230.815955]; y=[860.272574 860.310693 1040.657668 860.272574]; plot(x,y); hold on;
x=[230.649610 458.809109 458.642765 230.649610]; y=[1040.657668 860.310693 1040.695787 1040.657668]; plot(x,y); hold on;
x=[458.809109 686.802264 458.642765 458.809109]; y=[860.310693 860.348812 1040.695787 860.310693]; plot(x,y); hold on;
x=[458.642765 686.802264 686.635919 458.642765]; y=[1040.695787 860.348812 1040.733906 1040.695787]; plot(x,y); hold on;
x=[686.802264 914.795418 686.635919 686.802264]; y=[860.348812 860.386931 1040.733906 860.348812]; plot(x,y); hold on;
x=[686.635919 914.795418 914.629073 686.635919]; y=[1040.733906 860.386931 1040.772025 1040.733906]; plot(x,y); hold on;
x=[914.795418 1142.788573 914.629073 914.795418]; y=[860.386931 860.425050 1040.772025 860.386931]; plot(x,y); hold on;
x=[914.629073 1142.788573 1142.622228 914.629073]; y=[1040.772025 860.425050 1040.810144 1040.772025]; plot(x,y); hold on;
x=[1142.788573 1374.781607 1142.622228 1142.788573]; y=[860.425050 860.463838 1040.810144 860.425050]; plot(x,y); hold on;
x=[1142.622228 1374.781607 1374.615262 1142.622228]; y=[1040.810144 860.463838 1040.848932 1040.810144]; plot(x,y); hold on;

---- Deltas ----
id=     0: dx=    0.00 dy=    0.00 d=    0.00
id=     1: dx=    0.00 dy=    0.00 d=    0.00
id=     2: dx=    0.00 dy=    0.00 d=    0.00
id=     3: dx=    0.00 dy=    0.00 d=    0.00
id=     4: dx=    0.00 dy=    0.00 d=    0.00
id=     5: dx=    0.00 dy=    0.00 d=    0.00
id=     6: dx=    0.00 dy=    0.00 d=    0.00
id=     7: dx=    0.00 dy=    0.00 d=    0.00
id=     8: dx=    0.00 dy=    0.00 d=    0.00
id=     9: dx=    0.00 dy=    0.00 d=    0.00
id=    10: dx=    0.00 dy=    0.00 d=    0.00
id=    11: dx=    0.00 dy=    0.00 d=    0.00
id=    12: dx=    0.00 dy=    0.00 d=    0.00
id=    13: dx=    0.00 dy=    0.00 d=    0.00

---- Areas ----
Triangle 0, area was    20520.0, is    20563.3,    0.2%
Triangle 1, area was    20520.0, is    20563.3,    0.2%
Triangle 2, area was    20520.0, is    20563.3,    0.2%
Triangle 3, area was    20520.0, is    20563.3,    0.2%
Triangle 4, area was    20520.0, is    20563.3,    0.2%
Triangle 5, area was    20520.0, is    20563.3,    0.2%
Triangle 6, area was    20520.0, is    20563.3,    0.2%
Triangle 7, area was    20520.0, is    20563.3,    0.2%
Triangle 8, area was    20520.0, is    20563.3,    0.2%
Triangle 9, area was    20520.0, is    20563.3,    0.2%
Triangle 10, area was    20880.0, is    20924.0,    0.2%
Triangle 11, area was    20880.0, is    20924.0,    0.2%
Combined: area was   246960.0, is   247481.0,    0.2%

---- Transforms ----
 1.0000 -0.0009     2.82    0.0002  1.0021   860.23
 1.0000 -0.0009     2.82    0.0002  1.0021   860.23
 1.0000 -0.0009     2.82    0.0002  1.0021   860.23
 1.0000 -0.0009     2.82    0.0002  1.0021   860.23
 1.0000 -0.0009     2.82    0.0002  1.0021   860.23
 1.0000 -0.0009     2.82    0.0002  1.0021   860.23
 1.0000 -0.0009     2.82    0.0002  1.0021   860.23
 1.0000 -0.0009     2.82    0.0002  1.0021   860.23
 1.0000 -0.0009     2.82    0.0002  1.0021   860.23
 1.0000 -0.0009     2.82    0.0002  1.0021   860.23
 1.0000 -0.0009     2.82    0.0002  1.0021   860.23
 1.0000 -0.0009     2.82    0.0002  1.0021   860.23

---- QC - deformable ----
Remapping 1431040 points.
Metrics: DEF: Mean square difference 0.379627
Metrics: DEF: Smallest footprint deg=0, area=244216
MetricImages: Range x 0 1372, y 0 178, use Nx=1374, Ny=180
Approximate EM metric 0.066479 for 247320 points.
All points, deformable, dfm 0.066479

Metrics: TRI: Mean square difference 0.565556
Metrics: TRI: Smallest footprint deg=0, area=40584
MetricImages: Range x 0 228, y 0 178, use Nx=230, Ny=180
Approximate EM metric 0.048625 for 41400 points.
%Yellow: Tol   1.05  red   31.3  yellow   25.5  green   43.2
%Yellow: Tol   1.10  red   25.5  yellow   43.4  green   31.1
%Yellow: Tol   1.15  red   21.3  yellow   57.0  green   21.7
%Yellow: Tol   1.20  red   17.5  yellow   66.9  green   15.6
%Yellow: Tol   1.25  red   14.7  yellow   73.8  green   11.5
Triangle 0: 20728 points, corr 0.717174, fm 0.048625, yellow 0.74

Metrics: TRI: Mean square difference 0.626497
Metrics: TRI: Smallest footprint deg=0, area=39825
MetricImages: Range x 3 228, y 1 178, use Nx=226, Ny=178
Approximate EM metric 0.034791 for 40228 points.
%Yellow: Tol   1.05  red   37.6  yellow   17.6  green   44.8
%Yellow: Tol   1.10  red   30.8  yellow   34.9  green   34.3
%Yellow: Tol   1.15  red   25.5  yellow   49.1  green   25.4
%Yellow: Tol   1.20  red   21.2  yellow   59.2  green   19.7
%Yellow: Tol   1.25  red   17.1  yellow   67.2  green   15.7
Triangle 1: 20263 points, corr 0.686702, fm 0.034791, yellow 0.67

Metrics: TRI: Mean square difference 0.459576
Metrics: TRI: Smallest footprint deg=0, area=40406
MetricImages: Range x 229 456, y 0 178, use Nx=228, Ny=180
Approximate EM metric 0.035227 for 41040 points.
%Yellow: Tol   1.05  red   31.0  yellow   35.3  green   33.8
%Yellow: Tol   1.10  red   23.8  yellow   54.6  green   21.6
%Yellow: Tol   1.15  red   19.0  yellow   64.3  green   16.7
%Yellow: Tol   1.20  red   15.5  yellow   70.8  green   13.7
%Yellow: Tol   1.25  red   12.8  yellow   75.5  green   11.7
Triangle 2: 20549 points, corr 0.770163, fm 0.035227, yellow 0.76

Metrics: TRI: Mean square difference 0.252105
Metrics: TRI: Smallest footprint deg=0, area=39825
MetricImages: Range x 231 456, y 1 178, use Nx=226, Ny=178
Approximate EM metric 0.026504 for 40228 points.
%Yellow: Tol   1.05  red   21.7  yellow   55.9  green   22.4
%Yellow: Tol   1.10  red   15.5  yellow   70.7  green   13.8
%Yellow: Tol   1.15  red   12.2  yellow   77.3  green   10.5
%Yellow: Tol   1.20  red   10.1  yellow   81.2  green    8.7
%Yellow: Tol   1.25  red    8.7  yellow   83.7  green    7.5
Triangle 3: 20263 points, corr 0.873898, fm 0.026504, yellow 0.84

Metrics: TRI: Mean square difference 0.442121
Metrics: TRI: Smallest footprint deg=0, area=40406
MetricImages: Range x 457 684, y 0 178, use Nx=228, Ny=180
Approximate EM metric 0.023625 for 41040 points.
%Yellow: Tol   1.05  red   23.6  yellow   43.1  green   33.4
%Yellow: Tol   1.10  red   20.8  yellow   58.5  green   20.7
%Yellow: Tol   1.15  red   17.6  yellow   68.0  green   14.4
%Yellow: Tol   1.20  red   14.9  yellow   74.7  green   10.4
%Yellow: Tol   1.25  red   12.0  yellow   80.9  green    7.1
Triangle 4: 20549 points, corr 0.778891, fm 0.023625, yellow 0.81

Metrics: TRI: Mean square difference 0.422611
Metrics: TRI: Smallest footprint deg=0, area=39825
MetricImages: Range x 459 684, y 1 178, use Nx=226, Ny=178
Approximate EM metric 0.041126 for 40228 points.
%Yellow: Tol   1.05  red   20.6  yellow   43.9  green   35.5
%Yellow: Tol   1.10  red   17.9  yellow   62.7  green   19.4
%Yellow: Tol   1.15  red   15.5  yellow   72.0  green   12.5
%Yellow: Tol   1.20  red   13.0  yellow   78.6  green    8.4
%Yellow: Tol   1.25  red   10.7  yellow   83.3  green    6.0
Triangle 5: 20263 points, corr 0.788645, fm 0.041126, yellow 0.83

Metrics: TRI: Mean square difference 0.360365
Metrics: TRI: Smallest footprint deg=0, area=40406
MetricImages: Range x 685 912, y 0 178, use Nx=228, Ny=180
Approximate EM metric 0.037477 for 41040 points.
%Yellow: Tol   1.05  red   28.2  yellow   19.5  green   52.3
%Yellow: Tol   1.10  red   23.6  yellow   52.1  green   24.3
%Yellow: Tol   1.15  red   19.7  yellow   68.9  green   11.4
%Yellow: Tol   1.20  red   15.6  yellow   77.0  green    7.4
%Yellow: Tol   1.25  red   11.7  yellow   83.6  green    4.6
Triangle 6: 20549 points, corr 0.819769, fm 0.037477, yellow 0.84

Metrics: TRI: Mean square difference 0.330115
Metrics: TRI: Smallest footprint deg=0, area=39825
MetricImages: Range x 687 912, y 1 178, use Nx=226, Ny=178
Approximate EM metric 0.028721 for 40228 points.
%Yellow: Tol   1.05  red   28.2  yellow   21.6  green   50.2
%Yellow: Tol   1.10  red   23.4  yellow   55.1  green   21.5
%Yellow: Tol   1.15  red   19.0  yellow   69.0  green   12.0
%Yellow: Tol   1.20  red   14.9  yellow   77.7  green    7.4
%Yellow: Tol   1.25  red   11.2  yellow   83.9  green    4.9
Triangle 7: 20263 points, corr 0.834893, fm 0.028721, yellow 0.84

Metrics: TRI: Mean square difference 0.452177
Metrics: TRI: Smallest footprint deg=0, area=40406
MetricImages: Range x 913 1140, y 0 178, use Nx=228, Ny=180
Approximate EM metric 0.039307 for 41040 points.
%Yellow: Tol   1.05  red   25.3  yellow   26.9  green   47.8
%Yellow: Tol   1.10  red   22.5  yellow   58.3  green   19.2
%Yellow: Tol   1.15  red   18.9  yellow   68.1  green   13.0
%Yellow: Tol   1.20  red   16.0  yellow   75.9  green    8.1
%Yellow: Tol   1.25  red   13.2  yellow   81.6  green    5.2
Triangle 8: 20549 points, corr 0.773863, fm 0.039307, yellow 0.82

Metrics: TRI: Mean square difference 0.343839
Metrics: TRI: Smallest footprint deg=0, area=39825
MetricImages: Range x 915 1140, y 1 178, use Nx=226, Ny=178
Approximate EM metric 0.025540 for 40228 points.
%Yellow: Tol   1.05  red   30.2  yellow   12.8  green   57.0
%Yellow: Tol   1.10  red   25.0  yellow   54.2  green   20.8
%Yellow: Tol   1.15  red   20.9  yellow   67.2  green   11.8
%Yellow: Tol   1.20  red   16.3  yellow   76.8  green    6.9
%Yellow: Tol   1.25  red   12.0  yellow   83.7  green    4.3
Triangle 9: 20263 points, corr 0.828031, fm 0.025540, yellow 0.84

Metrics: TRI: Mean square difference 0.412754
Metrics: TRI: Smallest footprint deg=0, area=41118
MetricImages: Range x 1141 1372, y 0 178, use Nx=232, Ny=180
Approximate EM metric 0.048789 for 41760 points.
%Yellow: Tol   1.05  red   23.1  yellow   29.6  green   47.3
%Yellow: Tol   1.10  red   17.0  yellow   58.6  green   24.4
%Yellow: Tol   1.15  red   13.9  yellow   77.8  green    8.3
%Yellow: Tol   1.20  red   12.1  yellow   83.2  green    4.7
%Yellow: Tol   1.25  red   10.2  yellow   87.0  green    2.9
Triangle 10: 20907 points, corr 0.793575, fm 0.048789, yellow 0.87

Metrics: TRI: Mean square difference 0.415355
Metrics: TRI: Smallest footprint deg=0, area=40533
MetricImages: Range x 1143 1372, y 1 178, use Nx=230, Ny=178
Approximate EM metric 0.059448 for 40940 points.
%Yellow: Tol   1.05  red   26.1  yellow   28.2  green   45.7
%Yellow: Tol   1.10  red   17.8  yellow   59.2  green   23.0
%Yellow: Tol   1.15  red   13.1  yellow   77.5  green    9.4
%Yellow: Tol   1.20  red   10.1  yellow   85.2  green    4.7
%Yellow: Tol   1.25  red    8.4  yellow   88.6  green    3.0
Triangle 11: 20621 points, corr 0.792274, fm 0.059448, yellow 0.89


---- Final reports ----
STAT: Overall 245767 points, corr 0.8093, EMM 0.0665, weighted EMM 0.0375, cor+dfm 0.8758, weighted yellow 0.8107

Angle span: min, max, delta = 0.000545 0.000545 0.000000
Mesh-Thm: 0.0000  0.0009     0.27    0.0002  0.0021     0.30 2x(LDR,LDC)=(0.20,200.00) -- OK.

Final remapping of 1431040 points.
Center 73.002690 57.633702:  1.0000 -0.0009     2.82    0.0002  1.0021   860.23
Mapping region 1 xy= 73.002690 57.633702 to region 1 xy= 75.770037 918.003664
Center 140.096892 124.698595:  1.0000 -0.0009     2.82    0.0002  1.0021   860.23
Mapping region 1 xy= 140.096892 124.698595 to region 1 xy= 142.800247 985.223254
Center 297.931856 55.209360:  1.0000 -0.0009     2.82    0.0002  1.0021   860.23
Mapping region 1 xy= 297.931856 55.209360 to region 1 xy= 300.694690 915.611741
Center 366.142960 125.469884:  1.0000 -0.0009     2.82    0.0002  1.0021   860.23
Mapping region 1 xy= 366.142960 125.469884 to region 1 xy= 368.838816 986.033985
Center 530.498610 58.814692:  1.0000 -0.0009     2.82    0.0002  1.0021   860.23
Mapping region 1 xy= 530.498610 58.814692 to region 1 xy= 533.251129 919.263669
Center 602.904614 122.011337:  1.0000 -0.0009     2.82    0.0002  1.0021   860.23
Mapping region 1 xy= 602.904614 122.011337 to region 1 xy= 605.596557 982.607622
Center 754.161455 55.390622:  1.0000 -0.0009     2.82    0.0002  1.0021   860.23
Mapping region 1 xy= 754.161455 55.390622 to region 1 xy= 756.910424 915.869668
Center 831.777824 121.666648:  1.0000 -0.0009     2.82    0.0002  1.0021   860.23
Mapping region 1 xy= 831.777824 121.666648 to region 1 xy= 834.463214 982.300462
Center 983.789828 56.676180:  1.0000 -0.0009     2.82    0.0002  1.0021   860.23
Mapping region 1 xy= 983.789828 56.676180 to region 1 xy= 986.530714 917.196367
Center 1056.743565 122.864382:  1.0000 -0.0009     2.82    0.0002  1.0021   860.23
Mapping region 1 xy= 1056.743565 122.864382 to region 1 xy= 1059.421094 983.538370
Center 1212.470065 56.226774:  1.0000 -0.0009     2.82    0.0002  1.0021   860.23
Mapping region 1 xy= 1212.470065 56.226774 to region 1 xy= 1215.204500 916.784233
Center 1289.024667 122.188707:  1.0000 -0.0009     2.82    0.0002  1.0021   860.23
Mapping region 1 xy= 1289.024667 122.188707 to region 1 xy= 1291.695846 982.900084

Pipe: Returning 12 total transforms.

---- Summary Region-region results ----
Pipe: Table Headers {Az t r Bz t r thmok ntri}
FOUND:     0   12   1      0   13   1   1  12

---- Tabulating point matches ----
Tabulate: Rgn 1 -> 1: Keeping 12 of 12 point-pairs.

Timer: Alignment took 1.530 seconds.

main: Got 12 mapping regions.
main: Transform   0:  1.0000 -0.0009     2.82    0.0002  1.0021   860.23
main: Transform   1:  1.0000 -0.0009     2.82    0.0002  1.0021   860.23
main: Transform   2:  1.0000 -0.0009     2.82    0.0002  1.0021   860.23
main: Transform   3:  1.0000 -0.0009     2.82    0.0002  1.0021   860.23
main: Transform   4:  1.0000 -0.0009     2.82    0.0002  1.0021   860.23
main: Transform   5:  1.0000 -0.0009     2.82    0.0002  1.0021   860.23
main: Transform   6:  1.0000 -0.0009     2.82    0.0002  1.0021   860.23
main: Transform   7:  1.0000 -0.0009     2.82    0.0002  1.0021   860.23
main: Transform   8:  1.0000 -0.0009     2.82    0.0002  1.0021   860.23
main: Transform   9:  1.0000 -0.0009     2.82    0.0002  1.0021   860.23
main: Transform  10:  1.0000 -0.0009     2.82    0.0002  1.0021   860.23
main: Transform  11:  1.0000 -0.0009     2.82    0.0002  1.0021   860.23

main: Average:  1.0000 -0.0009     0.00    0.0002  1.0021     0.00
main: Degrees: 0.0312313
main: Residue:  1.0000 -0.0004     0.00   -0.0004  1.0021     0.00

main: Inverse:  1.0000  0.0009    -0.00   -0.0002  0.9979    -0.00
main: Degrees: -0.0312313
main: Residue:  1.0000  0.0004     0.00    0.0004  0.9979     0.00

main: Normal completion for dmesh run.
Timer: Total took 1.780 seconds.

---- Memory ----
Host name: h08u02.int.janelia.org
PID:       24548
User time:       1 seconds.
System time:     0 seconds.
VmPeak:	  380068 kB
VmSize:	  217292 kB
VmLck:	       0 kB
VmPin:	       0 kB
VmHWM:	  216764 kB
VmRSS:	   53500 kB
VmData:	   47896 kB
VmStk:	     164 kB
VmExe:	     832 kB
VmLib:	   85564 kB
VmPTE:	     344 kB
VmSwap:	       0 kB
voluntary_ctxt_switches:	16
nonvoluntary_ctxt_switches:	20

