
---- dmesh start ----
main: Start: Fri Sep 30 13:13:14 2016


---- Match parameters ----
PXBRO=2            <default 2>        "Max Legendre poly order for bkg removal"
PXLENS=N           <default N>        "Y=Apply IDB/lens.txt"
PXRESMSK=N         <default N>        "Y=Apply resin mask"
PXDOG=N            <default N>        "Y=Apply DoG filter"
PXDOG_R1=3         <default 3>        "DoG inner radius"
PXDOG_R2=6         <default 6>        "DoG outer radius"
FLD=N              <default X>        "Mask usage: Y=Use, N=None, X=XL only"
PRETWEAK=N         <default N>        "Y=Auto-distort before angle scan"
SCALE=1            <default 1.0>      "Image-B / image-A scale factor"
XSCALE=1           <default 1.0>      "Image-B / image-A x-axis scale factor"
YSCALE=1           <default 1.0>      "Image-B / image-A y-axis scale factor"
SKEW=0             <default 0.0>      "Transform elem[3] user-applied distortion"
MODE_SL=M          <default Z>        "Notes above"
MODE_XL=N          <default Y>        "Notes above"
TAB2DFM_SL=N       <default Y>        "Adopt Tdfm from Tab"
TAB2DFM_XL=Y       <default Y>        "Adopt Tdfm from Tab"
XYCONF_SL=1.0      <default 0.0>      "[0,1.0] confidence in Tab XY"
XYCONF_XL=0.8      <default 0.0>      "[0,1.0] confidence in Tab XY"
THMDEC_SL=8        <default 8>        "2^N thumb decimation factor"
THMDEC_XL=8        <default 8>        "2^N thumb decimation factor"
OLAP1D_SL=0        <default 0>        "Min 1D pix full-size overlap"
OLAP1D_XL=0        <default 0>        "Min 1D pix full-size overlap"
OLAP2D_SL=60000    <default 25000>    "Min 2D pix full-size overlap"
OLAP2D_XL=160000   <default 200000>   "Min 2D pix full-size overlap"
NBMXHT_SL=0.75     <default 0.75>     "Max F(neib)/F(pk) in guard zone"
NBMXHT_XL=0.75     <default 0.75>     "Max F(neib)/F(pk) in guard zone"
HFANGDN_SL=5       <default 5.0>      "Half angle search range denovo"
HFANGDN_XL=45      <default 45.0>     "Half angle search range denovo"
HFANGPR_SL=1       <default 1.0>      "Half angle search range prior angles"
HFANGPR_XL=4       <default 1.0>      "Half angle search range prior angles"
RTRSH_SL=0.3       <default 0.3>      "R corr thresh"
RTRSH_XL=0.3       <default 0.3>      "R corr thresh"
TWEAKS=N           <default N>        "Y=Try 8 near unity distortions"
LIMXY_SL=30        <default 0>        "0 or Max XY delta from Tab"
LIMXY_XL=80        <default 0>        "0 or Max XY delta from Tab"
WTHMPR=Y           <default Y>        "Y=Write ThmPair_a^b.txt entries"
OPT_SL=Y           <default Y(EM)>    "Y=Enable mesh optimizer"
RIT_SL=0.50        <default 0.20>     "Min mesh starting corr"
RIT_XL=0.1         <default 0.20>     "Min mesh starting corr"
RFA_SL=0.55        <default 0.3>      "Affine-only final corr"
RFA_XL=0.20        <default 0.3>      "Affine-only final corr"
RFT_SL=0.65        <default 0.5>      "Full mesh final corr"
RFT_XL=0.25        <default 0.5>      "Full mesh final corr"
TMC=5              <default 30.0%>    "Max single triangle area change"
TSC=9              <default 9.0%>     "Max summed triangle area change"
MNL=250            <default 300>      "Triangle edges between MNL and 2*MNL"
MTA=120000         <default 10000>    "Min triangle size (pixels)"
MMA=60000          <default 100000>   "Min 2D overlap for mesh"
ONE=N              <default N>        "Y=Use just one affine transform"
IFM=0.50           <default 0.50>     "Min Fourier Metric after affine-only"
FFM=0.65           <default 0.65>     "Min Fourier Metric after full mesh"
FYL=0.5            <default 0.50>     "Min fraction of yellow pixels"
CPD=0.5            <default 0.50>     "Min Correlation + DFM"
EMM=Y              <default Y>        "Y=Use Earth Mover's Metric, N=Use Fourier"
EMT=0.14           <default 0.2>      "Earth Movers Metric thresh"
WDI=N              <default N>        "Y=Write diff images (Fourier, EMM metrics)"
LDA=0.2            <default 0.2>      "Max radian delta between triangles"
LDR=0.1            <default 0.1>      "Max sine delta between triangles"
LDC=100            <default 100.0>    "Max XY delta between triangles"
DXY=100            <default 100.0>    "Max delta from user input XYs"
WMT=N              <default Y>        "Y=Write map.tif files"
WTT=N              <default Y>        "Y=Write tf.txt files"


---- Input images ----
Til2Img entry: A T=[ 1.0000  0.0000  1142.00  0.0000  1.0000  3428.00] path=[/groups/apig/tomo/DEMO/TIF/C1_4_2.tif].
Til2Img entry: B T=[ 1.0000  0.0000  1142.00  0.0000  1.0000  4285.00] path=[/groups/apig/tomo/DEMO/TIF/C1_5_2.tif].


---- Command-line overrides ----
Tdfm= 1.0000  0.0000     0.00    0.0000  1.0000     0.00
FLD=N
MODE=N (was M)
CTR=0


---- Image loading ----
Raster8FromTif: Opening [/groups/apig/tomo/DEMO/TIF/C1_4_2.tif].
Raster8FromTif: Bits per sample 8, samples per pixel 1
Raster8FromTif: Picture is 1376 by 1040, 1431040 pixels total.
TIF(8): Last Encoded strip had 1376 bytes.
Raster8FromTif: Opening [/groups/apig/tomo/DEMO/TIF/C1_5_2.tif].
Raster8FromTif: Bits per sample 8, samples per pixel 1
Raster8FromTif: Picture is 1376 by 1040, 1431040 pixels total.
TIF(8): Last Encoded strip had 1376 bytes.
PixPair: Using image scale=1.
Timer: Image conditioning took 0.280 seconds.

---- Foldmaps ----

---- Connected regions ----
Forcing single connected region.

---- Begin A-1 to B-1 ----

---- Thumbnail matching ----
Subimage: Using intersection, w=1376, h=183, pix=251808
Thumbs: After decimation 3956 pts, reqArea 937, thmscl 8
SetDisc( 0, 0, 3, 3 )
Initial: R= 4.930, A=   0.000, X=   -0.27, Y=    0.02
Peak-Disc: dR 2 dX -2 dY 0
Approx: LowRes  R=4.930, X=-2.183, Y=0.189
Approx: FullRes R=1.425, X=-3.122, Y=0.654, use=Y.
Timer: FinishAtFullRes took 0.240 seconds.
Approx: Returning A=0.000000, R=4.929857, X=-3.121910, Y=-856.346213
Approx: Best transform  1.0000  0.0000    -3.12    0.0000  1.0000  -856.35
Approx: Orig transform  1.0000  0.0000     0.00    0.0000  1.0000  -857.00
Approx: Idnt transform  1.0000  0.0000    -3.12    0.0000  1.0000     0.65
Approx: err = 3.18963, max = 30

---- Starting detailed region mapping ----
Roughly 252632 pixels map to B.
Region size is [3 1375] in x, [856 1039] in y.

---- Building mesh - affine ----
Computed simple triangle.

---- ImproveMesh - affine ----
Tri: (3 856) (1375 856) (689 1039).

---- Matlab Vertices ----
x=[3 1375 689 3]; y=[856 856 1039 856]; plot(x,y); hold on;

---- ImproveControlPts ----
STAT: ImproveCpt: Initial affine correlation 0.896422 (252632 pixels).
corr=0.896422	step=10.000000
corr=0.896422	step=5.000000
corr=0.896422	step=2.500000
corr=0.896422	step=1.250000
corr=0.896422	step=0.625000
STAT: ImproveCpt: Final affine correlation 0.896422, (threshold 0.550000).

---- Matlab A-Sys Originals ----
x=[3.000000 1375.000000 689.000000 3.000000]; y=[856.000000 856.000000 1039.000000 856.000000]; plot(x,y); hold on;

---- Matlab B-Sys Originals ----
x=[-0.121910 1371.878090 685.878090 -0.121910]; y=[-0.346213 -0.346213 182.653787 -0.346213]; plot(x,y); hold on;

---- Matlab B-Sys Optimized ----
x=[-0.121910 1371.878090 685.878090 -0.121910]; y=[-0.346213 -0.346213 182.653787 -0.346213]; plot(x,y); hold on;

---- Deltas ----
id=     0: dx=    0.00 dy=    0.00 d=    0.00
id=     1: dx=    0.00 dy=    0.00 d=    0.00
id=     2: dx=    0.00 dy=    0.00 d=    0.00

---- Areas ----
Triangle 0, area was   125538.0, is   125538.0,    0.0%
Combined: area was   125538.0, is   125538.0,    0.0%

---- Transforms ----
 1.0000  0.0000    -3.12    0.0000  1.0000  -856.35
Best affine transform:  1.0000  0.0000    -3.12    0.0000  1.0000  -856.35
    Inverse transform:  1.0000 -0.0000     3.12   -0.0000  1.0000   856.35

---- QC - affine ----
Metrics: AFF: Mean square difference 0.206438
Metrics: AFF: Smallest footprint deg=0, area=249522
MetricImages: Range x 4 1375, y 857 1039, use Nx=1372, Ny=184
Approximate EM metric 0.062111 for 252448 points.
%Yellow: Tol   1.05  red   31.8  yellow   40.1  green   28.1
%Yellow: Tol   1.10  red   19.4  yellow   63.9  green   16.7
%Yellow: Tol   1.15  red   12.0  yellow   77.6  green   10.4
%Yellow: Tol   1.20  red    7.5  yellow   85.7  green    6.8
%Yellow: Tol   1.25  red    4.7  yellow   90.5  green    4.8
Affine Triangle: 251076 points, corr 0.896777, fm 0.062111, yellow 0.90

---- Building mesh - deformable ----
Lx Dx Nx:  1372   228.00   6
Ly Dy Ny:   183   183.00   1

STAT: From 252632 pts, got 12 triangles, 14 control points.
Timer: MeshCreate took 0.020 seconds.

---- ImproveMesh - deformable mesh ----
Tri: (3 856) (231 856) (3 1039).
Tri: (3 1039) (231 856) (231 1039).
Tri: (231 856) (459 856) (231 1039).
Tri: (231 1039) (459 856) (459 1039).
Tri: (459 856) (687 856) (459 1039).
Tri: (459 1039) (687 856) (687 1039).
Tri: (687 856) (915 856) (687 1039).
Tri: (687 1039) (915 856) (915 1039).
Tri: (915 856) (1143 856) (915 1039).
Tri: (915 1039) (1143 856) (1143 1039).
Tri: (1143 856) (1375 856) (1143 1039).
Tri: (1143 1039) (1375 856) (1375 1039).

---- Matlab Vertices ----
x=[3 231 3 3]; y=[856 856 1039 856]; plot(x,y); hold on;
x=[3 231 231 3]; y=[1039 856 1039 1039]; plot(x,y); hold on;
x=[231 459 231 231]; y=[856 856 1039 856]; plot(x,y); hold on;
x=[231 459 459 231]; y=[1039 856 1039 1039]; plot(x,y); hold on;
x=[459 687 459 459]; y=[856 856 1039 856]; plot(x,y); hold on;
x=[459 687 687 459]; y=[1039 856 1039 1039]; plot(x,y); hold on;
x=[687 915 687 687]; y=[856 856 1039 856]; plot(x,y); hold on;
x=[687 915 915 687]; y=[1039 856 1039 1039]; plot(x,y); hold on;
x=[915 1143 915 915]; y=[856 856 1039 856]; plot(x,y); hold on;
x=[915 1143 1143 915]; y=[1039 856 1039 1039]; plot(x,y); hold on;
x=[1143 1375 1143 1143]; y=[856 856 1039 856]; plot(x,y); hold on;
x=[1143 1375 1375 1143]; y=[1039 856 1039 1039]; plot(x,y); hold on;

---- ImproveControlPts ----
STAT: ImproveCpt: Initial deformable mesh correlation 0.896422 (252632 pixels).
corr=0.896422	step=10.000000
corr=0.896422	step=5.000000
corr=0.896422	step=2.500000
corr=0.896422	step=1.250000
corr=0.896422	step=0.625000
STAT: ImproveCpt: Final deformable mesh correlation 0.896422, (threshold 0.650000).

---- Matlab A-Sys Originals ----
x=[3.000000 231.000000 3.000000 3.000000]; y=[856.000000 856.000000 1039.000000 856.000000]; plot(x,y); hold on;
x=[3.000000 231.000000 231.000000 3.000000]; y=[1039.000000 856.000000 1039.000000 1039.000000]; plot(x,y); hold on;
x=[231.000000 459.000000 231.000000 231.000000]; y=[856.000000 856.000000 1039.000000 856.000000]; plot(x,y); hold on;
x=[231.000000 459.000000 459.000000 231.000000]; y=[1039.000000 856.000000 1039.000000 1039.000000]; plot(x,y); hold on;
x=[459.000000 687.000000 459.000000 459.000000]; y=[856.000000 856.000000 1039.000000 856.000000]; plot(x,y); hold on;
x=[459.000000 687.000000 687.000000 459.000000]; y=[1039.000000 856.000000 1039.000000 1039.000000]; plot(x,y); hold on;
x=[687.000000 915.000000 687.000000 687.000000]; y=[856.000000 856.000000 1039.000000 856.000000]; plot(x,y); hold on;
x=[687.000000 915.000000 915.000000 687.000000]; y=[1039.000000 856.000000 1039.000000 1039.000000]; plot(x,y); hold on;
x=[915.000000 1143.000000 915.000000 915.000000]; y=[856.000000 856.000000 1039.000000 856.000000]; plot(x,y); hold on;
x=[915.000000 1143.000000 1143.000000 915.000000]; y=[1039.000000 856.000000 1039.000000 1039.000000]; plot(x,y); hold on;
x=[1143.000000 1375.000000 1143.000000 1143.000000]; y=[856.000000 856.000000 1039.000000 856.000000]; plot(x,y); hold on;
x=[1143.000000 1375.000000 1375.000000 1143.000000]; y=[1039.000000 856.000000 1039.000000 1039.000000]; plot(x,y); hold on;

---- Matlab B-Sys Originals ----
x=[-0.121910 227.878090 -0.121910 -0.121910]; y=[-0.346213 -0.346213 182.653787 -0.346213]; plot(x,y); hold on;
x=[-0.121910 227.878090 227.878090 -0.121910]; y=[182.653787 -0.346213 182.653787 182.653787]; plot(x,y); hold on;
x=[227.878090 455.878090 227.878090 227.878090]; y=[-0.346213 -0.346213 182.653787 -0.346213]; plot(x,y); hold on;
x=[227.878090 455.878090 455.878090 227.878090]; y=[182.653787 -0.346213 182.653787 182.653787]; plot(x,y); hold on;
x=[455.878090 683.878090 455.878090 455.878090]; y=[-0.346213 -0.346213 182.653787 -0.346213]; plot(x,y); hold on;
x=[455.878090 683.878090 683.878090 455.878090]; y=[182.653787 -0.346213 182.653787 182.653787]; plot(x,y); hold on;
x=[683.878090 911.878090 683.878090 683.878090]; y=[-0.346213 -0.346213 182.653787 -0.346213]; plot(x,y); hold on;
x=[683.878090 911.878090 911.878090 683.878090]; y=[182.653787 -0.346213 182.653787 182.653787]; plot(x,y); hold on;
x=[911.878090 1139.878090 911.878090 911.878090]; y=[-0.346213 -0.346213 182.653787 -0.346213]; plot(x,y); hold on;
x=[911.878090 1139.878090 1139.878090 911.878090]; y=[182.653787 -0.346213 182.653787 182.653787]; plot(x,y); hold on;
x=[1139.878090 1371.878090 1139.878090 1139.878090]; y=[-0.346213 -0.346213 182.653787 -0.346213]; plot(x,y); hold on;
x=[1139.878090 1371.878090 1371.878090 1139.878090]; y=[182.653787 -0.346213 182.653787 182.653787]; plot(x,y); hold on;

---- Matlab B-Sys Optimized ----
x=[-0.121910 227.878090 -0.121910 -0.121910]; y=[-0.346213 -0.346213 182.653787 -0.346213]; plot(x,y); hold on;
x=[-0.121910 227.878090 227.878090 -0.121910]; y=[182.653787 -0.346213 182.653787 182.653787]; plot(x,y); hold on;
x=[227.878090 455.878090 227.878090 227.878090]; y=[-0.346213 -0.346213 182.653787 -0.346213]; plot(x,y); hold on;
x=[227.878090 455.878090 455.878090 227.878090]; y=[182.653787 -0.346213 182.653787 182.653787]; plot(x,y); hold on;
x=[455.878090 683.878090 455.878090 455.878090]; y=[-0.346213 -0.346213 182.653787 -0.346213]; plot(x,y); hold on;
x=[455.878090 683.878090 683.878090 455.878090]; y=[182.653787 -0.346213 182.653787 182.653787]; plot(x,y); hold on;
x=[683.878090 911.878090 683.878090 683.878090]; y=[-0.346213 -0.346213 182.653787 -0.346213]; plot(x,y); hold on;
x=[683.878090 911.878090 911.878090 683.878090]; y=[182.653787 -0.346213 182.653787 182.653787]; plot(x,y); hold on;
x=[911.878090 1139.878090 911.878090 911.878090]; y=[-0.346213 -0.346213 182.653787 -0.346213]; plot(x,y); hold on;
x=[911.878090 1139.878090 1139.878090 911.878090]; y=[182.653787 -0.346213 182.653787 182.653787]; plot(x,y); hold on;
x=[1139.878090 1371.878090 1139.878090 1139.878090]; y=[-0.346213 -0.346213 182.653787 -0.346213]; plot(x,y); hold on;
x=[1139.878090 1371.878090 1371.878090 1139.878090]; y=[182.653787 -0.346213 182.653787 182.653787]; plot(x,y); hold on;

---- Deltas ----
id=     0: dx=    0.00 dy=    0.00 d=    0.00
id=     1: dx=    0.00 dy=    0.00 d=    0.00
id=     2: dx=    0.00 dy=    0.00 d=    0.00
id=     3: dx=    0.00 dy=    0.00 d=    0.00
id=     4: dx=    0.00 dy=    0.00 d=    0.00
id=     5: dx=    0.00 dy=    0.00 d=    0.00
id=     6: dx=    0.00 dy=    0.00 d=    0.00
id=     7: dx=    0.00 dy=    0.00 d=    0.00
id=     8: dx=    0.00 dy=    0.00 d=    0.00
id=     9: dx=    0.00 dy=    0.00 d=    0.00
id=    10: dx=    0.00 dy=    0.00 d=    0.00
id=    11: dx=    0.00 dy=    0.00 d=    0.00
id=    12: dx=    0.00 dy=    0.00 d=    0.00
id=    13: dx=    0.00 dy=    0.00 d=    0.00

---- Areas ----
Triangle 0, area was    20862.0, is    20862.0,    0.0%
Triangle 1, area was    20862.0, is    20862.0,    0.0%
Triangle 2, area was    20862.0, is    20862.0,    0.0%
Triangle 3, area was    20862.0, is    20862.0,    0.0%
Triangle 4, area was    20862.0, is    20862.0,    0.0%
Triangle 5, area was    20862.0, is    20862.0,    0.0%
Triangle 6, area was    20862.0, is    20862.0,    0.0%
Triangle 7, area was    20862.0, is    20862.0,    0.0%
Triangle 8, area was    20862.0, is    20862.0,    0.0%
Triangle 9, area was    20862.0, is    20862.0,    0.0%
Triangle 10, area was    21228.0, is    21228.0,    0.0%
Triangle 11, area was    21228.0, is    21228.0,    0.0%
Combined: area was   251076.0, is   251076.0,    0.0%

---- Transforms ----
 1.0000  0.0000    -3.12    0.0000  1.0000  -856.35
 1.0000  0.0000    -3.12    0.0000  1.0000  -856.35
 1.0000  0.0000    -3.12    0.0000  1.0000  -856.35
 1.0000  0.0000    -3.12    0.0000  1.0000  -856.35
 1.0000  0.0000    -3.12    0.0000  1.0000  -856.35
 1.0000  0.0000    -3.12    0.0000  1.0000  -856.35
 1.0000  0.0000    -3.12    0.0000  1.0000  -856.35
 1.0000  0.0000    -3.12    0.0000  1.0000  -856.35
 1.0000  0.0000    -3.12    0.0000  1.0000  -856.35
 1.0000  0.0000    -3.12    0.0000  1.0000  -856.35
 1.0000  0.0000    -3.12    0.0000  1.0000  -856.35
 1.0000  0.0000    -3.12    0.0000  1.0000  -856.35

---- QC - deformable ----
Remapping 1431040 points.
Metrics: DEF: Mean square difference 0.206438
Metrics: DEF: Smallest footprint deg=0, area=249522
MetricImages: Range x 4 1375, y 857 1039, use Nx=1372, Ny=184
Approximate EM metric 0.062111 for 252448 points.
All points, deformable, dfm 0.062111

Metrics: TRI: Mean square difference 0.263082
Metrics: TRI: Smallest footprint deg=0, area=40725
MetricImages: Range x 4 229, y 857 1038, use Nx=226, Ny=182
Approximate EM metric 0.085606 for 41132 points.
%Yellow: Tol   1.05  red   38.2  yellow   27.5  green   34.3
%Yellow: Tol   1.10  red   26.7  yellow   49.6  green   23.7
%Yellow: Tol   1.15  red   17.0  yellow   66.7  green   16.3
%Yellow: Tol   1.20  red    9.7  yellow   79.3  green   10.9
%Yellow: Tol   1.25  red    5.2  yellow   87.4  green    7.4
Triangle 0: 20658 points, corr 0.868410, fm 0.085606, yellow 0.87

Metrics: TRI: Mean square difference 0.241191
Metrics: TRI: Smallest footprint deg=0, area=41314
MetricImages: Range x 4 231, y 857 1039, use Nx=228, Ny=184
Approximate EM metric 0.053952 for 41952 points.
%Yellow: Tol   1.05  red   34.6  yellow   28.8  green   36.6
%Yellow: Tol   1.10  red   24.9  yellow   51.0  green   24.2
%Yellow: Tol   1.15  red   16.6  yellow   68.1  green   15.4
%Yellow: Tol   1.20  red   10.6  yellow   79.7  green    9.7
%Yellow: Tol   1.25  red    6.7  yellow   87.3  green    6.0
Triangle 1: 21066 points, corr 0.879357, fm 0.053952, yellow 0.87

Metrics: TRI: Mean square difference 0.179218
Metrics: TRI: Smallest footprint deg=0, area=40725
MetricImages: Range x 232 457, y 857 1038, use Nx=226, Ny=182
Approximate EM metric 0.047955 for 41132 points.
%Yellow: Tol   1.05  red   32.2  yellow   36.8  green   31.0
%Yellow: Tol   1.10  red   19.4  yellow   61.5  green   19.0
%Yellow: Tol   1.15  red   11.8  yellow   76.1  green   12.1
%Yellow: Tol   1.20  red    7.3  yellow   84.8  green    8.0
%Yellow: Tol   1.25  red    4.4  yellow   90.4  green    5.2
Triangle 2: 20658 points, corr 0.910342, fm 0.047955, yellow 0.90

Metrics: TRI: Mean square difference 0.178069
Metrics: TRI: Smallest footprint deg=0, area=41314
MetricImages: Range x 232 459, y 857 1039, use Nx=228, Ny=184
Approximate EM metric 0.023564 for 41952 points.
%Yellow: Tol   1.05  red   30.5  yellow   39.6  green   29.9
%Yellow: Tol   1.10  red   18.6  yellow   63.7  green   17.7
%Yellow: Tol   1.15  red   11.6  yellow   77.6  green   10.8
%Yellow: Tol   1.20  red    7.6  yellow   85.5  green    6.9
%Yellow: Tol   1.25  red    5.0  yellow   90.0  green    5.0
Triangle 3: 21066 points, corr 0.910918, fm 0.023564, yellow 0.90

Metrics: TRI: Mean square difference 0.111950
Metrics: TRI: Smallest footprint deg=0, area=40725
MetricImages: Range x 460 685, y 857 1038, use Nx=226, Ny=182
Approximate EM metric 0.024697 for 41132 points.
%Yellow: Tol   1.05  red   27.9  yellow   46.5  green   25.6
%Yellow: Tol   1.10  red   15.0  yellow   70.7  green   14.3
%Yellow: Tol   1.15  red    8.0  yellow   83.7  green    8.3
%Yellow: Tol   1.20  red    4.2  yellow   90.9  green    4.9
%Yellow: Tol   1.25  red    2.2  yellow   94.6  green    3.1
Triangle 4: 20658 points, corr 0.943977, fm 0.024697, yellow 0.95

Metrics: TRI: Mean square difference 0.161429
Metrics: TRI: Smallest footprint deg=0, area=41314
MetricImages: Range x 460 687, y 857 1039, use Nx=228, Ny=184
Approximate EM metric 0.020913 for 41952 points.
%Yellow: Tol   1.05  red   27.0  yellow   50.3  green   22.7
%Yellow: Tol   1.10  red   15.3  yellow   72.9  green   11.8
%Yellow: Tol   1.15  red    9.3  yellow   83.2  green    7.5
%Yellow: Tol   1.20  red    5.8  yellow   88.6  green    5.5
%Yellow: Tol   1.25  red    3.9  yellow   91.8  green    4.3
Triangle 5: 21066 points, corr 0.919238, fm 0.020913, yellow 0.92

Metrics: TRI: Mean square difference 0.445890
Metrics: TRI: Smallest footprint deg=0, area=40725
MetricImages: Range x 688 913, y 857 1038, use Nx=226, Ny=182
Approximate EM metric 0.030942 for 41132 points.
%Yellow: Tol   1.05  red   36.3  yellow   31.5  green   32.2
%Yellow: Tol   1.10  red   25.0  yellow   54.8  green   20.2
%Yellow: Tol   1.15  red   17.1  yellow   69.6  green   13.3
%Yellow: Tol   1.20  red   12.2  yellow   77.8  green   10.1
%Yellow: Tol   1.25  red    8.9  yellow   82.8  green    8.2
Triangle 6: 20658 points, corr 0.777006, fm 0.030942, yellow 0.83

Metrics: TRI: Mean square difference 0.198652
Metrics: TRI: Smallest footprint deg=0, area=41314
MetricImages: Range x 688 915, y 857 1039, use Nx=228, Ny=184
Approximate EM metric 0.026608 for 41952 points.
%Yellow: Tol   1.05  red   32.7  yellow   38.3  green   29.0
%Yellow: Tol   1.10  red   19.8  yellow   63.1  green   17.1
%Yellow: Tol   1.15  red   11.7  yellow   77.2  green   11.1
%Yellow: Tol   1.20  red    7.0  yellow   85.5  green    7.5
%Yellow: Tol   1.25  red    4.0  yellow   90.5  green    5.5
Triangle 7: 21066 points, corr 0.900626, fm 0.026608, yellow 0.90

Metrics: TRI: Mean square difference 0.179084
Metrics: TRI: Smallest footprint deg=0, area=40725
MetricImages: Range x 916 1141, y 857 1038, use Nx=226, Ny=182
Approximate EM metric 0.030701 for 41132 points.
%Yellow: Tol   1.05  red   30.6  yellow   43.0  green   26.4
%Yellow: Tol   1.10  red   17.7  yellow   67.6  green   14.7
%Yellow: Tol   1.15  red   10.5  yellow   79.8  green    9.7
%Yellow: Tol   1.20  red    6.5  yellow   86.7  green    6.8
%Yellow: Tol   1.25  red    4.0  yellow   90.9  green    5.1
Triangle 8: 20658 points, corr 0.910410, fm 0.030701, yellow 0.91

Metrics: TRI: Mean square difference 0.093196
Metrics: TRI: Smallest footprint deg=0, area=41314
MetricImages: Range x 916 1143, y 857 1039, use Nx=228, Ny=184
Approximate EM metric 0.013155 for 41952 points.
%Yellow: Tol   1.05  red   22.6  yellow   58.6  green   18.8
%Yellow: Tol   1.10  red   10.7  yellow   80.2  green    9.1
%Yellow: Tol   1.15  red    5.7  yellow   88.8  green    5.5
%Yellow: Tol   1.20  red    3.5  yellow   92.8  green    3.7
%Yellow: Tol   1.25  red    2.3  yellow   94.9  green    2.8
Triangle 9: 21066 points, corr 0.953355, fm 0.013155, yellow 0.95

Metrics: TRI: Mean square difference 0.073975
Metrics: TRI: Smallest footprint deg=0, area=41449
MetricImages: Range x 1144 1373, y 857 1038, use Nx=230, Ny=182
Approximate EM metric 0.023900 for 41860 points.
%Yellow: Tol   1.05  red   24.1  yellow   53.7  green   22.2
%Yellow: Tol   1.10  red   10.4  yellow   79.4  green   10.2
%Yellow: Tol   1.15  red    4.6  yellow   89.9  green    5.5
%Yellow: Tol   1.20  red    1.8  yellow   95.0  green    3.2
%Yellow: Tol   1.25  red    0.9  yellow   97.1  green    2.0
Triangle 10: 21021 points, corr 0.962965, fm 0.023900, yellow 0.97

Metrics: TRI: Mean square difference 0.351578
Metrics: TRI: Smallest footprint deg=0, area=42042
MetricImages: Range x 1144 1375, y 857 1039, use Nx=232, Ny=184
Approximate EM metric 0.042263 for 42688 points.
%Yellow: Tol   1.05  red   37.1  yellow   29.6  green   33.3
%Yellow: Tol   1.10  red   26.1  yellow   53.2  green   20.7
%Yellow: Tol   1.15  red   18.3  yellow   67.6  green   14.1
%Yellow: Tol   1.20  red   12.5  yellow   77.2  green   10.3
%Yellow: Tol   1.25  red    8.4  yellow   83.8  green    7.8
Triangle 11: 21435 points, corr 0.824164, fm 0.042263, yellow 0.84


---- Final reports ----
STAT: Overall 251076 points, corr 0.8964, EMM 0.0621, weighted EMM 0.0353, cor+dfm 0.9585, weighted yellow 0.9012

Angle span: min, max, delta = 0.000000 0.000000 0.000000
Mesh-Thm: 0.0000  0.0000     0.00    0.0000  0.0000     0.00 2x(LDR,LDC)=(0.20,200.00) -- OK.

Final remapping of 1431040 points.
Center 76.002690 914.594264:  1.0000  0.0000    -3.12    0.0000  1.0000  -856.35
Mapping region 1 xy= 76.002690 914.594264 to region 1 xy= 72.880779 58.248051
Center 143.096892 982.776905:  1.0000  0.0000    -3.12    0.0000  1.0000  -856.35
Mapping region 1 xy= 143.096892 982.776905 to region 1 xy= 139.974982 126.430692
Center 300.931856 912.129516:  1.0000  0.0000    -3.12    0.0000  1.0000  -856.35
Mapping region 1 xy= 300.931856 912.129516 to region 1 xy= 297.809945 55.783302
Center 369.142960 983.561049:  1.0000  0.0000    -3.12    0.0000  1.0000  -856.35
Mapping region 1 xy= 369.142960 983.561049 to region 1 xy= 366.021050 127.214835
Center 533.498610 915.794937:  1.0000  0.0000    -3.12    0.0000  1.0000  -856.35
Mapping region 1 xy= 533.498610 915.794937 to region 1 xy= 530.376699 59.448723
Center 605.904614 980.044859:  1.0000  0.0000    -3.12    0.0000  1.0000  -856.35
Mapping region 1 xy= 605.904614 980.044859 to region 1 xy= 602.782704 123.698645
Center 757.161455 912.313799:  1.0000  0.0000    -3.12    0.0000  1.0000  -856.35
Mapping region 1 xy= 757.161455 912.313799 to region 1 xy= 754.039545 55.967586
Center 834.777824 979.694426:  1.0000  0.0000    -3.12    0.0000  1.0000  -856.35
Mapping region 1 xy= 834.777824 979.694426 to region 1 xy= 831.655914 123.348212
Center 986.789828 913.620783:  1.0000  0.0000    -3.12    0.0000  1.0000  -856.35
Mapping region 1 xy= 986.789828 913.620783 to region 1 xy= 983.667918 57.274570
Center 1059.743565 980.912122:  1.0000  0.0000    -3.12    0.0000  1.0000  -856.35
Mapping region 1 xy= 1059.743565 980.912122 to region 1 xy= 1056.621655 124.565909
Center 1215.470065 913.163887:  1.0000  0.0000    -3.12    0.0000  1.0000  -856.35
Mapping region 1 xy= 1215.470065 913.163887 to region 1 xy= 1212.348155 56.817674
Center 1292.024667 980.225185:  1.0000  0.0000    -3.12    0.0000  1.0000  -856.35
Mapping region 1 xy= 1292.024667 980.225185 to region 1 xy= 1288.902757 123.878972

Pipe: Returning 12 total transforms.

---- Summary Region-region results ----
Pipe: Table Headers {Az t r Bz t r thmok ntri}
FOUND:     2    4   1      2    5   1   1  12

---- Tabulating point matches ----
Tabulate: Rgn 1 -> 1: Keeping 12 of 12 point-pairs.

Timer: Alignment took 1.550 seconds.

main: Got 12 mapping regions.
main: Transform   0:  1.0000  0.0000    -3.12    0.0000  1.0000  -856.35
main: Transform   1:  1.0000  0.0000    -3.12    0.0000  1.0000  -856.35
main: Transform   2:  1.0000  0.0000    -3.12    0.0000  1.0000  -856.35
main: Transform   3:  1.0000  0.0000    -3.12    0.0000  1.0000  -856.35
main: Transform   4:  1.0000  0.0000    -3.12    0.0000  1.0000  -856.35
main: Transform   5:  1.0000  0.0000    -3.12    0.0000  1.0000  -856.35
main: Transform   6:  1.0000  0.0000    -3.12    0.0000  1.0000  -856.35
main: Transform   7:  1.0000  0.0000    -3.12    0.0000  1.0000  -856.35
main: Transform   8:  1.0000  0.0000    -3.12    0.0000  1.0000  -856.35
main: Transform   9:  1.0000  0.0000    -3.12    0.0000  1.0000  -856.35
main: Transform  10:  1.0000  0.0000    -3.12    0.0000  1.0000  -856.35
main: Transform  11:  1.0000  0.0000    -3.12    0.0000  1.0000  -856.35

main: Average:  1.0000  0.0000     0.00    0.0000  1.0000     0.00
main: Degrees: 0
main: Residue:  1.0000  0.0000     0.00    0.0000  1.0000     0.00

main: Inverse:  1.0000 -0.0000    -0.00   -0.0000  1.0000    -0.00
main: Degrees: 0
main: Residue:  1.0000  0.0000     0.00   -0.0000  1.0000     0.00

main: Normal completion for dmesh run.
Timer: Total took 1.830 seconds.

---- Memory ----
Host name: h07u26.int.janelia.org
PID:       37134
User time:       1 seconds.
System time:     0 seconds.
VmPeak:	  380064 kB
VmSize:	  220844 kB
VmLck:	       0 kB
VmPin:	       0 kB
VmHWM:	  216768 kB
VmRSS:	   57112 kB
VmData:	   51452 kB
VmStk:	     160 kB
VmExe:	     832 kB
VmLib:	   85564 kB
VmPTE:	     356 kB
VmSwap:	       0 kB
voluntary_ctxt_switches:	330
nonvoluntary_ctxt_switches:	1752

