
---- dmesh start ----
main: Start: Fri Sep 30 13:13:15 2016


---- Match parameters ----
PXBRO=2            <default 2>        "Max Legendre poly order for bkg removal"
PXLENS=N           <default N>        "Y=Apply IDB/lens.txt"
PXRESMSK=N         <default N>        "Y=Apply resin mask"
PXDOG=N            <default N>        "Y=Apply DoG filter"
PXDOG_R1=3         <default 3>        "DoG inner radius"
PXDOG_R2=6         <default 6>        "DoG outer radius"
FLD=N              <default X>        "Mask usage: Y=Use, N=None, X=XL only"
PRETWEAK=N         <default N>        "Y=Auto-distort before angle scan"
SCALE=1            <default 1.0>      "Image-B / image-A scale factor"
XSCALE=1           <default 1.0>      "Image-B / image-A x-axis scale factor"
YSCALE=1           <default 1.0>      "Image-B / image-A y-axis scale factor"
SKEW=0             <default 0.0>      "Transform elem[3] user-applied distortion"
MODE_SL=M          <default Z>        "Notes above"
MODE_XL=N          <default Y>        "Notes above"
TAB2DFM_SL=N       <default Y>        "Adopt Tdfm from Tab"
TAB2DFM_XL=Y       <default Y>        "Adopt Tdfm from Tab"
XYCONF_SL=1.0      <default 0.0>      "[0,1.0] confidence in Tab XY"
XYCONF_XL=0.8      <default 0.0>      "[0,1.0] confidence in Tab XY"
THMDEC_SL=8        <default 8>        "2^N thumb decimation factor"
THMDEC_XL=8        <default 8>        "2^N thumb decimation factor"
OLAP1D_SL=0        <default 0>        "Min 1D pix full-size overlap"
OLAP1D_XL=0        <default 0>        "Min 1D pix full-size overlap"
OLAP2D_SL=60000    <default 25000>    "Min 2D pix full-size overlap"
OLAP2D_XL=160000   <default 200000>   "Min 2D pix full-size overlap"
NBMXHT_SL=0.75     <default 0.75>     "Max F(neib)/F(pk) in guard zone"
NBMXHT_XL=0.75     <default 0.75>     "Max F(neib)/F(pk) in guard zone"
HFANGDN_SL=5       <default 5.0>      "Half angle search range denovo"
HFANGDN_XL=45      <default 45.0>     "Half angle search range denovo"
HFANGPR_SL=1       <default 1.0>      "Half angle search range prior angles"
HFANGPR_XL=4       <default 1.0>      "Half angle search range prior angles"
RTRSH_SL=0.3       <default 0.3>      "R corr thresh"
RTRSH_XL=0.3       <default 0.3>      "R corr thresh"
TWEAKS=N           <default N>        "Y=Try 8 near unity distortions"
LIMXY_SL=30        <default 0>        "0 or Max XY delta from Tab"
LIMXY_XL=80        <default 0>        "0 or Max XY delta from Tab"
WTHMPR=Y           <default Y>        "Y=Write ThmPair_a^b.txt entries"
OPT_SL=Y           <default Y(EM)>    "Y=Enable mesh optimizer"
RIT_SL=0.50        <default 0.20>     "Min mesh starting corr"
RIT_XL=0.1         <default 0.20>     "Min mesh starting corr"
RFA_SL=0.55        <default 0.3>      "Affine-only final corr"
RFA_XL=0.20        <default 0.3>      "Affine-only final corr"
RFT_SL=0.65        <default 0.5>      "Full mesh final corr"
RFT_XL=0.25        <default 0.5>      "Full mesh final corr"
TMC=5              <default 30.0%>    "Max single triangle area change"
TSC=9              <default 9.0%>     "Max summed triangle area change"
MNL=250            <default 300>      "Triangle edges between MNL and 2*MNL"
MTA=120000         <default 10000>    "Min triangle size (pixels)"
MMA=60000          <default 100000>   "Min 2D overlap for mesh"
ONE=N              <default N>        "Y=Use just one affine transform"
IFM=0.50           <default 0.50>     "Min Fourier Metric after affine-only"
FFM=0.65           <default 0.65>     "Min Fourier Metric after full mesh"
FYL=0.5            <default 0.50>     "Min fraction of yellow pixels"
CPD=0.5            <default 0.50>     "Min Correlation + DFM"
EMM=Y              <default Y>        "Y=Use Earth Mover's Metric, N=Use Fourier"
EMT=0.14           <default 0.2>      "Earth Movers Metric thresh"
WDI=N              <default N>        "Y=Write diff images (Fourier, EMM metrics)"
LDA=0.2            <default 0.2>      "Max radian delta between triangles"
LDR=0.1            <default 0.1>      "Max sine delta between triangles"
LDC=100            <default 100.0>    "Max XY delta between triangles"
DXY=100            <default 100.0>    "Max delta from user input XYs"
WMT=N              <default Y>        "Y=Write map.tif files"
WTT=N              <default Y>        "Y=Write tf.txt files"


---- Input images ----
Til2Img entry: A T=[ 1.0000  0.0000  1142.00  0.0000  1.0000  2571.00] path=[/groups/apig/tomo/DEMO/TIF/C1_3_2.tif].
Til2Img entry: B T=[ 1.0000  0.0000  1142.00  0.0000  1.0000  1714.00] path=[/groups/apig/tomo/DEMO/TIF/C1_2_2.tif].


---- Command-line overrides ----
Tdfm= 1.0000  0.0000     0.00    0.0000  1.0000     0.00
FLD=N
MODE=N (was M)
CTR=0


---- Image loading ----
Raster8FromTif: Opening [/groups/apig/tomo/DEMO/TIF/C1_3_2.tif].
Raster8FromTif: Bits per sample 8, samples per pixel 1
Raster8FromTif: Picture is 1376 by 1040, 1431040 pixels total.
TIF(8): Last Encoded strip had 1376 bytes.
Raster8FromTif: Opening [/groups/apig/tomo/DEMO/TIF/C1_2_2.tif].
Raster8FromTif: Bits per sample 8, samples per pixel 1
Raster8FromTif: Picture is 1376 by 1040, 1431040 pixels total.
TIF(8): Last Encoded strip had 1376 bytes.
PixPair: Using image scale=1.
Timer: Image conditioning took 0.250 seconds.

---- Foldmaps ----

---- Connected regions ----
Forcing single connected region.

---- Begin A-1 to B-1 ----

---- Thumbnail matching ----
Subimage: Using intersection, w=1376, h=183, pix=251808
Thumbs: After decimation 3956 pts, reqArea 937, thmscl 8
SetDisc( 0, 0, 3, 3 )
Initial: R= 4.376, A=   0.000, X=    0.24, Y=    0.00
Peak-Disc: dR 1 dX 1 dY 0
Approx: LowRes  R=4.376, X=1.931, Y=0.002
Approx: FullRes R=1.170, X=3.045, Y=-0.285, use=Y.
Timer: FinishAtFullRes took 0.230 seconds.
Approx: Returning A=0.000000, R=4.376395, X=3.044713, Y=856.715480
Approx: Best transform  1.0000  0.0000     3.04    0.0000  1.0000   856.72
Approx: Orig transform  1.0000  0.0000     0.00    0.0000  1.0000   857.00
Approx: Idnt transform  1.0000  0.0000     3.04    0.0000  1.0000    -0.28
Approx: err = 3.05798, max = 30

---- Starting detailed region mapping ----
Roughly 252632 pixels map to B.
Region size is [0 1372] in x, [0 183] in y.

---- Building mesh - affine ----
Computed simple triangle.

---- ImproveMesh - affine ----
Tri: (0 0) (1372 0) (686 183).

---- Matlab Vertices ----
x=[0 1372 686 0]; y=[0 0 183 0]; plot(x,y); hold on;

---- ImproveControlPts ----
STAT: ImproveCpt: Initial affine correlation 0.809223 (252632 pixels).
corr=0.809223	step=10.000000
corr=0.809223	step=5.000000
corr=0.809223	step=2.500000
corr=0.809223	step=1.250000
corr=0.809223	step=0.625000
corr=0.819980	step=0.625000
corr=0.819980	step=0.312500
corr=0.819980	step=0.156250
corr=0.819980	step=0.078125
STAT: ImproveCpt: Final affine correlation 0.819980, (threshold 0.550000).

---- Matlab A-Sys Originals ----
x=[0.000000 1372.000000 686.000000 0.000000]; y=[0.000000 0.000000 183.000000 0.000000]; plot(x,y); hold on;

---- Matlab B-Sys Originals ----
x=[3.044713 1375.044713 689.044713 3.044713]; y=[856.715480 856.715480 1039.715480 856.715480]; plot(x,y); hold on;

---- Matlab B-Sys Optimized ----
x=[2.753153 1374.871082 688.553144 2.753153]; y=[856.821718 856.781021 1039.850567 856.821718]; plot(x,y); hold on;

---- Deltas ----
id=     0: dx=   -0.29 dy=    0.11 d=    0.31
id=     1: dx=   -0.17 dy=    0.07 d=    0.19
id=     2: dx=   -0.49 dy=    0.14 d=    0.51

---- Areas ----
Triangle 0, area was   125538.0, is   125582.5,    0.0%
Combined: area was   125538.0, is   125582.5,    0.0%

---- Transforms ----
 1.0001 -0.0014     2.75   -0.0000  1.0003   856.82
Best affine transform:  1.0001 -0.0014     2.75   -0.0000  1.0003   856.82
    Inverse transform:  0.9999  0.0014    -3.97    0.0000  0.9997  -856.59

---- QC - affine ----
Metrics: AFF: Mean square difference 0.360045
Metrics: AFF: Smallest footprint deg=0, area=249704
MetricImages: Range x 0 1372, y 0 182, use Nx=1374, Ny=184
Approximate EM metric 0.065668 for 252816 points.
%Yellow: Tol   1.05  red   33.6  yellow   33.0  green   33.3
%Yellow: Tol   1.10  red   22.7  yellow   55.4  green   21.9
%Yellow: Tol   1.15  red   16.4  yellow   68.6  green   15.0
%Yellow: Tol   1.20  red   12.6  yellow   76.5  green   10.9
%Yellow: Tol   1.25  red   10.1  yellow   81.3  green    8.6
Affine Triangle: 251259 points, corr 0.819973, fm 0.065668, yellow 0.81

---- Building mesh - deformable ----
Lx Dx Nx:  1372   228.00   6
Ly Dy Ny:   183   183.00   1

STAT: From 252632 pts, got 12 triangles, 14 control points.
Timer: MeshCreate took 0.010 seconds.

---- ImproveMesh - deformable mesh ----
Tri: (0 0) (228 0) (0 183).
Tri: (0 183) (228 0) (228 183).
Tri: (228 0) (456 0) (228 183).
Tri: (228 183) (456 0) (456 183).
Tri: (456 0) (684 0) (456 183).
Tri: (456 183) (684 0) (684 183).
Tri: (684 0) (912 0) (684 183).
Tri: (684 183) (912 0) (912 183).
Tri: (912 0) (1140 0) (912 183).
Tri: (912 183) (1140 0) (1140 183).
Tri: (1140 0) (1372 0) (1140 183).
Tri: (1140 183) (1372 0) (1372 183).

---- Matlab Vertices ----
x=[0 228 0 0]; y=[0 0 183 0]; plot(x,y); hold on;
x=[0 228 228 0]; y=[183 0 183 183]; plot(x,y); hold on;
x=[228 456 228 228]; y=[0 0 183 0]; plot(x,y); hold on;
x=[228 456 456 228]; y=[183 0 183 183]; plot(x,y); hold on;
x=[456 684 456 456]; y=[0 0 183 0]; plot(x,y); hold on;
x=[456 684 684 456]; y=[183 0 183 183]; plot(x,y); hold on;
x=[684 912 684 684]; y=[0 0 183 0]; plot(x,y); hold on;
x=[684 912 912 684]; y=[183 0 183 183]; plot(x,y); hold on;
x=[912 1140 912 912]; y=[0 0 183 0]; plot(x,y); hold on;
x=[912 1140 1140 912]; y=[183 0 183 183]; plot(x,y); hold on;
x=[1140 1372 1140 1140]; y=[0 0 183 0]; plot(x,y); hold on;
x=[1140 1372 1372 1140]; y=[183 0 183 183]; plot(x,y); hold on;

---- ImproveControlPts ----
STAT: ImproveCpt: Initial deformable mesh correlation 0.819980 (252632 pixels).
corr=0.819980	step=10.000000
corr=0.819980	step=5.000000
corr=0.819980	step=2.500000
corr=0.819980	step=1.250000
corr=0.819980	step=0.625000
STAT: ImproveCpt: Final deformable mesh correlation 0.819980, (threshold 0.650000).

---- Matlab A-Sys Originals ----
x=[0.000000 228.000000 0.000000 0.000000]; y=[0.000000 0.000000 183.000000 0.000000]; plot(x,y); hold on;
x=[0.000000 228.000000 228.000000 0.000000]; y=[183.000000 0.000000 183.000000 183.000000]; plot(x,y); hold on;
x=[228.000000 456.000000 228.000000 228.000000]; y=[0.000000 0.000000 183.000000 0.000000]; plot(x,y); hold on;
x=[228.000000 456.000000 456.000000 228.000000]; y=[183.000000 0.000000 183.000000 183.000000]; plot(x,y); hold on;
x=[456.000000 684.000000 456.000000 456.000000]; y=[0.000000 0.000000 183.000000 0.000000]; plot(x,y); hold on;
x=[456.000000 684.000000 684.000000 456.000000]; y=[183.000000 0.000000 183.000000 183.000000]; plot(x,y); hold on;
x=[684.000000 912.000000 684.000000 684.000000]; y=[0.000000 0.000000 183.000000 0.000000]; plot(x,y); hold on;
x=[684.000000 912.000000 912.000000 684.000000]; y=[183.000000 0.000000 183.000000 183.000000]; plot(x,y); hold on;
x=[912.000000 1140.000000 912.000000 912.000000]; y=[0.000000 0.000000 183.000000 0.000000]; plot(x,y); hold on;
x=[912.000000 1140.000000 1140.000000 912.000000]; y=[183.000000 0.000000 183.000000 183.000000]; plot(x,y); hold on;
x=[1140.000000 1372.000000 1140.000000 1140.000000]; y=[0.000000 0.000000 183.000000 0.000000]; plot(x,y); hold on;
x=[1140.000000 1372.000000 1372.000000 1140.000000]; y=[183.000000 0.000000 183.000000 183.000000]; plot(x,y); hold on;

---- Matlab B-Sys Originals ----
x=[2.753153 230.772751 2.494180 2.753153]; y=[856.821718 856.814955 1039.870916 856.821718]; plot(x,y); hold on;
x=[2.494180 230.772751 230.513777 2.494180]; y=[1039.870916 856.814955 1039.864153 1039.870916]; plot(x,y); hold on;
x=[230.772751 458.792348 230.513777 230.772751]; y=[856.814955 856.808192 1039.864153 856.814955]; plot(x,y); hold on;
x=[230.513777 458.792348 458.533375 230.513777]; y=[1039.864153 856.808192 1039.857390 1039.864153]; plot(x,y); hold on;
x=[458.792348 686.811946 458.533375 458.792348]; y=[856.808192 856.801429 1039.857390 856.808192]; plot(x,y); hold on;
x=[458.533375 686.811946 686.552972 458.533375]; y=[1039.857390 856.801429 1039.850627 1039.857390]; plot(x,y); hold on;
x=[686.811946 914.831543 686.552972 686.811946]; y=[856.801429 856.794666 1039.850627 856.801429]; plot(x,y); hold on;
x=[686.552972 914.831543 914.572570 686.552972]; y=[1039.850627 856.794666 1039.843864 1039.850627]; plot(x,y); hold on;
x=[914.831543 1142.851141 914.572570 914.831543]; y=[856.794666 856.787903 1039.843864 856.794666]; plot(x,y); hold on;
x=[914.572570 1142.851141 1142.592167 914.572570]; y=[1039.843864 856.787903 1039.837101 1039.843864]; plot(x,y); hold on;
x=[1142.851141 1374.871082 1142.592167 1142.851141]; y=[856.787903 856.781021 1039.837101 856.787903]; plot(x,y); hold on;
x=[1142.592167 1374.871082 1374.612108 1142.592167]; y=[1039.837101 856.781021 1039.830219 1039.837101]; plot(x,y); hold on;

---- Matlab B-Sys Optimized ----
x=[2.753153 230.772751 2.494180 2.753153]; y=[856.821718 856.814955 1039.870916 856.821718]; plot(x,y); hold on;
x=[2.494180 230.772751 230.513777 2.494180]; y=[1039.870916 856.814955 1039.864153 1039.870916]; plot(x,y); hold on;
x=[230.772751 458.792348 230.513777 230.772751]; y=[856.814955 856.808192 1039.864153 856.814955]; plot(x,y); hold on;
x=[230.513777 458.792348 458.533375 230.513777]; y=[1039.864153 856.808192 1039.857390 1039.864153]; plot(x,y); hold on;
x=[458.792348 686.811946 458.533375 458.792348]; y=[856.808192 856.801429 1039.857390 856.808192]; plot(x,y); hold on;
x=[458.533375 686.811946 686.552972 458.533375]; y=[1039.857390 856.801429 1039.850627 1039.857390]; plot(x,y); hold on;
x=[686.811946 914.831543 686.552972 686.811946]; y=[856.801429 856.794666 1039.850627 856.801429]; plot(x,y); hold on;
x=[686.552972 914.831543 914.572570 686.552972]; y=[1039.850627 856.794666 1039.843864 1039.850627]; plot(x,y); hold on;
x=[914.831543 1142.851141 914.572570 914.831543]; y=[856.794666 856.787903 1039.843864 856.794666]; plot(x,y); hold on;
x=[914.572570 1142.851141 1142.592167 914.572570]; y=[1039.843864 856.787903 1039.837101 1039.843864]; plot(x,y); hold on;
x=[1142.851141 1374.871082 1142.592167 1142.851141]; y=[856.787903 856.781021 1039.837101 856.787903]; plot(x,y); hold on;
x=[1142.592167 1374.871082 1374.612108 1142.592167]; y=[1039.837101 856.781021 1039.830219 1039.837101]; plot(x,y); hold on;

---- Deltas ----
id=     0: dx=    0.00 dy=    0.00 d=    0.00
id=     1: dx=    0.00 dy=    0.00 d=    0.00
id=     2: dx=    0.00 dy=    0.00 d=    0.00
id=     3: dx=    0.00 dy=    0.00 d=    0.00
id=     4: dx=    0.00 dy=    0.00 d=    0.00
id=     5: dx=    0.00 dy=    0.00 d=    0.00
id=     6: dx=    0.00 dy=    0.00 d=    0.00
id=     7: dx=    0.00 dy=    0.00 d=    0.00
id=     8: dx=    0.00 dy=    0.00 d=    0.00
id=     9: dx=    0.00 dy=    0.00 d=    0.00
id=    10: dx=    0.00 dy=    0.00 d=    0.00
id=    11: dx=    0.00 dy=    0.00 d=    0.00
id=    12: dx=    0.00 dy=    0.00 d=    0.00
id=    13: dx=    0.00 dy=    0.00 d=    0.00

---- Areas ----
Triangle 0, area was    20862.0, is    20869.4,    0.0%
Triangle 1, area was    20862.0, is    20869.4,    0.0%
Triangle 2, area was    20862.0, is    20869.4,    0.0%
Triangle 3, area was    20862.0, is    20869.4,    0.0%
Triangle 4, area was    20862.0, is    20869.4,    0.0%
Triangle 5, area was    20862.0, is    20869.4,    0.0%
Triangle 6, area was    20862.0, is    20869.4,    0.0%
Triangle 7, area was    20862.0, is    20869.4,    0.0%
Triangle 8, area was    20862.0, is    20869.4,    0.0%
Triangle 9, area was    20862.0, is    20869.4,    0.0%
Triangle 10, area was    21228.0, is    21235.5,    0.0%
Triangle 11, area was    21228.0, is    21235.5,    0.0%
Combined: area was   251076.0, is   251165.1,    0.0%

---- Transforms ----
 1.0001 -0.0014     2.75   -0.0000  1.0003   856.82
 1.0001 -0.0014     2.75   -0.0000  1.0003   856.82
 1.0001 -0.0014     2.75   -0.0000  1.0003   856.82
 1.0001 -0.0014     2.75   -0.0000  1.0003   856.82
 1.0001 -0.0014     2.75   -0.0000  1.0003   856.82
 1.0001 -0.0014     2.75   -0.0000  1.0003   856.82
 1.0001 -0.0014     2.75   -0.0000  1.0003   856.82
 1.0001 -0.0014     2.75   -0.0000  1.0003   856.82
 1.0001 -0.0014     2.75   -0.0000  1.0003   856.82
 1.0001 -0.0014     2.75   -0.0000  1.0003   856.82
 1.0001 -0.0014     2.75   -0.0000  1.0003   856.82
 1.0001 -0.0014     2.75   -0.0000  1.0003   856.82

---- QC - deformable ----
Remapping 1431040 points.
Metrics: DEF: Mean square difference 0.360045
Metrics: DEF: Smallest footprint deg=0, area=249704
MetricImages: Range x 0 1372, y 0 182, use Nx=1374, Ny=184
Approximate EM metric 0.065668 for 252816 points.
All points, deformable, dfm 0.065668

Metrics: TRI: Mean square difference 0.359958
Metrics: TRI: Smallest footprint deg=0, area=41496
MetricImages: Range x 0 228, y 0 182, use Nx=230, Ny=184
Approximate EM metric 0.030816 for 42320 points.
%Yellow: Tol   1.05  red   32.6  yellow   37.9  green   29.6
%Yellow: Tol   1.10  red   21.7  yellow   60.5  green   17.8
%Yellow: Tol   1.15  red   15.3  yellow   72.1  green   12.6
%Yellow: Tol   1.20  red   11.3  yellow   78.7  green    9.9
%Yellow: Tol   1.25  red    8.9  yellow   82.9  green    8.3
Triangle 0: 21069 points, corr 0.819974, fm 0.030816, yellow 0.83

Metrics: TRI: Mean square difference 0.787677
Metrics: TRI: Smallest footprint deg=0, area=40906
MetricImages: Range x 2 228, y 1 182, use Nx=228, Ny=182
Approximate EM metric 0.033667 for 41496 points.
%Yellow: Tol   1.05  red   39.3  yellow   21.3  green   39.4
%Yellow: Tol   1.10  red   32.1  yellow   38.4  green   29.6
%Yellow: Tol   1.15  red   26.5  yellow   50.2  green   23.3
%Yellow: Tol   1.20  red   21.7  yellow   58.8  green   19.5
%Yellow: Tol   1.25  red   18.0  yellow   65.0  green   17.0
Triangle 1: 20838 points, corr 0.606114, fm 0.033667, yellow 0.65

Metrics: TRI: Mean square difference 0.223964
Metrics: TRI: Smallest footprint deg=0, area=41314
MetricImages: Range x 229 456, y 0 182, use Nx=228, Ny=184
Approximate EM metric 0.020106 for 41952 points.
%Yellow: Tol   1.05  red   24.8  yellow   52.2  green   23.0
%Yellow: Tol   1.10  red   15.7  yellow   70.8  green   13.5
%Yellow: Tol   1.15  red   11.8  yellow   77.8  green   10.5
%Yellow: Tol   1.20  red    9.4  yellow   81.7  green    8.9
%Yellow: Tol   1.25  red    7.7  yellow   84.5  green    7.8
Triangle 2: 20886 points, corr 0.887970, fm 0.020106, yellow 0.85

Metrics: TRI: Mean square difference 0.456271
Metrics: TRI: Smallest footprint deg=0, area=40906
MetricImages: Range x 230 456, y 1 182, use Nx=228, Ny=182
Approximate EM metric 0.024407 for 41496 points.
%Yellow: Tol   1.05  red   33.7  yellow   31.5  green   34.8
%Yellow: Tol   1.10  red   24.8  yellow   52.7  green   22.5
%Yellow: Tol   1.15  red   19.5  yellow   62.6  green   17.9
%Yellow: Tol   1.20  red   15.9  yellow   69.0  green   15.1
%Yellow: Tol   1.25  red   12.9  yellow   74.1  green   13.0
Triangle 3: 20838 points, corr 0.771816, fm 0.024407, yellow 0.74

Metrics: TRI: Mean square difference 0.177175
Metrics: TRI: Smallest footprint deg=0, area=41314
MetricImages: Range x 457 684, y 0 182, use Nx=228, Ny=184
Approximate EM metric 0.027406 for 41952 points.
%Yellow: Tol   1.05  red   27.2  yellow   45.7  green   27.1
%Yellow: Tol   1.10  red   16.0  yellow   68.6  green   15.5
%Yellow: Tol   1.15  red   10.1  yellow   80.3  green    9.7
%Yellow: Tol   1.20  red    6.9  yellow   86.7  green    6.4
%Yellow: Tol   1.25  red    5.0  yellow   90.4  green    4.6
Triangle 4: 20886 points, corr 0.911365, fm 0.027406, yellow 0.90

Metrics: TRI: Mean square difference 0.231141
Metrics: TRI: Smallest footprint deg=0, area=40906
MetricImages: Range x 458 684, y 1 182, use Nx=228, Ny=182
Approximate EM metric 0.033312 for 41496 points.
%Yellow: Tol   1.05  red   32.4  yellow   36.7  green   30.9
%Yellow: Tol   1.10  red   19.3  yellow   61.5  green   19.2
%Yellow: Tol   1.15  red   12.1  yellow   75.7  green   12.2
%Yellow: Tol   1.20  red    8.1  yellow   83.8  green    8.2
%Yellow: Tol   1.25  red    5.9  yellow   88.4  green    5.7
Triangle 5: 20838 points, corr 0.884382, fm 0.033312, yellow 0.88

Metrics: TRI: Mean square difference 0.226407
Metrics: TRI: Smallest footprint deg=0, area=41314
MetricImages: Range x 685 912, y 0 182, use Nx=228, Ny=184
Approximate EM metric 0.035382 for 41952 points.
%Yellow: Tol   1.05  red   32.1  yellow   35.4  green   32.4
%Yellow: Tol   1.10  red   19.9  yellow   60.2  green   19.9
%Yellow: Tol   1.15  red   12.4  yellow   75.2  green   12.4
%Yellow: Tol   1.20  red    8.3  yellow   84.0  green    7.7
%Yellow: Tol   1.25  red    6.0  yellow   88.9  green    5.1
Triangle 6: 20886 points, corr 0.886749, fm 0.035382, yellow 0.89

Metrics: TRI: Mean square difference 0.281553
Metrics: TRI: Smallest footprint deg=0, area=40906
MetricImages: Range x 686 912, y 1 182, use Nx=228, Ny=182
Approximate EM metric 0.036955 for 41496 points.
%Yellow: Tol   1.05  red   32.5  yellow   35.2  green   32.3
%Yellow: Tol   1.10  red   21.1  yellow   59.4  green   19.5
%Yellow: Tol   1.15  red   13.9  yellow   73.9  green   12.2
%Yellow: Tol   1.20  red    9.9  yellow   81.7  green    8.3
%Yellow: Tol   1.25  red    7.4  yellow   86.5  green    6.1
Triangle 7: 20838 points, corr 0.859175, fm 0.036955, yellow 0.87

Metrics: TRI: Mean square difference 0.306060
Metrics: TRI: Smallest footprint deg=0, area=41314
MetricImages: Range x 913 1140, y 0 182, use Nx=228, Ny=184
Approximate EM metric 0.031943 for 41952 points.
%Yellow: Tol   1.05  red   30.2  yellow   39.6  green   30.2
%Yellow: Tol   1.10  red   19.6  yellow   61.7  green   18.7
%Yellow: Tol   1.15  red   14.9  yellow   72.3  green   12.8
%Yellow: Tol   1.20  red   12.3  yellow   77.9  green    9.7
%Yellow: Tol   1.25  red   10.7  yellow   81.2  green    8.2
Triangle 8: 20886 points, corr 0.846922, fm 0.031943, yellow 0.81

Metrics: TRI: Mean square difference 0.440843
Metrics: TRI: Smallest footprint deg=0, area=40906
MetricImages: Range x 914 1140, y 1 182, use Nx=228, Ny=182
Approximate EM metric 0.047124 for 41496 points.
%Yellow: Tol   1.05  red   33.6  yellow   33.0  green   33.4
%Yellow: Tol   1.10  red   25.2  yellow   52.4  green   22.4
%Yellow: Tol   1.15  red   20.3  yellow   63.0  green   16.7
%Yellow: Tol   1.20  red   16.5  yellow   69.7  green   13.8
%Yellow: Tol   1.25  red   13.8  yellow   74.0  green   12.1
Triangle 9: 20838 points, corr 0.779530, fm 0.047124, yellow 0.74

Metrics: TRI: Mean square difference 0.399354
Metrics: TRI: Smallest footprint deg=0, area=42042
MetricImages: Range x 1141 1372, y 0 182, use Nx=232, Ny=184
Approximate EM metric 0.034974 for 42688 points.
%Yellow: Tol   1.05  red   32.4  yellow   32.9  green   34.7
%Yellow: Tol   1.10  red   25.0  yellow   53.0  green   21.9
%Yellow: Tol   1.15  red   19.9  yellow   64.6  green   15.4
%Yellow: Tol   1.20  red   16.6  yellow   71.3  green   12.1
%Yellow: Tol   1.25  red   13.8  yellow   75.9  green   10.3
Triangle 10: 21253 points, corr 0.800276, fm 0.034974, yellow 0.76

Metrics: TRI: Mean square difference 0.357375
Metrics: TRI: Smallest footprint deg=0, area=41630
MetricImages: Range x 1142 1372, y 1 182, use Nx=232, Ny=182
Approximate EM metric 0.054820 for 42224 points.
%Yellow: Tol   1.05  red   34.9  yellow   30.0  green   35.1
%Yellow: Tol   1.10  red   23.1  yellow   53.3  green   23.6
%Yellow: Tol   1.15  red   15.6  yellow   68.5  green   16.0
%Yellow: Tol   1.20  red   11.4  yellow   77.9  green   10.7
%Yellow: Tol   1.25  red    9.2  yellow   83.1  green    7.7
Triangle 11: 21203 points, corr 0.821265, fm 0.054820, yellow 0.83


---- Final reports ----
STAT: Overall 251259 points, corr 0.8200, EMM 0.0657, weighted EMM 0.0343, cor+dfm 0.8856, weighted yellow 0.8124

Angle span: min, max, delta = 0.000693 0.000693 0.000000
Mesh-Thm: 0.0001  0.0014     0.29    0.0000  0.0003     0.11 2x(LDR,LDC)=(0.20,200.00) -- OK.

Final remapping of 1431040 points.
Center 73.002690 58.594264:  1.0001 -0.0014     2.75   -0.0000  1.0003   856.82
Mapping region 1 xy= 73.002690 58.594264 to region 1 xy= 75.679198 915.429569
Center 140.096892 126.776905:  1.0001 -0.0014     2.75   -0.0000  1.0003   856.82
Mapping region 1 xy= 140.096892 126.776905 to region 1 xy= 142.682678 983.628551
Center 297.931856 56.129516:  1.0001 -0.0014     2.75   -0.0000  1.0003   856.82
Mapping region 1 xy= 297.931856 56.129516 to region 1 xy= 300.631186 912.957487
Center 366.142960 127.561049:  1.0001 -0.0014     2.75   -0.0000  1.0003   856.82
Mapping region 1 xy= 366.142960 127.561049 to region 1 xy= 368.747066 984.406200
Center 530.498610 59.794937:  1.0001 -0.0014     2.75   -0.0000  1.0003   856.82
Mapping region 1 xy= 530.498610 59.794937 to region 1 xy= 533.212742 916.616994
Center 602.904614 124.044859:  1.0001 -0.0014     2.75   -0.0000  1.0003   856.82
Mapping region 1 xy= 602.904614 124.044859 to region 1 xy= 605.534047 980.882042
Center 754.161455 56.313799:  1.0001 -0.0014     2.75   -0.0000  1.0003   856.82
Mapping region 1 xy= 754.161455 56.313799 to region 1 xy= 756.899739 913.128287
Center 831.777824 123.694426:  1.0001 -0.0014     2.75   -0.0000  1.0003   856.82
Mapping region 1 xy= 831.777824 123.694426 to region 1 xy= 834.427425 980.524725
Center 983.789828 57.620783:  1.0001 -0.0014     2.75   -0.0000  1.0003   856.82
Mapping region 1 xy= 983.789828 57.620783 to region 1 xy= 986.546000 914.428811
Center 1056.743565 124.912122:  1.0001 -0.0014     2.75   -0.0000  1.0003   856.82
Mapping region 1 xy= 1056.743565 124.912122 to region 1 xy= 1059.410779 981.736076
Center 1212.470065 57.163887:  1.0001 -0.0014     2.75   -0.0000  1.0003   856.82
Mapping region 1 xy= 1212.470065 57.163887 to region 1 xy= 1215.246539 913.965009
Center 1289.024667 124.225185:  1.0001 -0.0014     2.75   -0.0000  1.0003   856.82
Mapping region 1 xy= 1289.024667 124.225185 to region 1 xy= 1291.712819 981.042065

Pipe: Returning 12 total transforms.

---- Summary Region-region results ----
Pipe: Table Headers {Az t r Bz t r thmok ntri}
FOUND:     2    3   1      2    2   1   1  12

---- Tabulating point matches ----
Tabulate: Rgn 1 -> 1: Keeping 12 of 12 point-pairs.

Timer: Alignment took 1.460 seconds.

main: Got 12 mapping regions.
main: Transform   0:  1.0001 -0.0014     2.75   -0.0000  1.0003   856.82
main: Transform   1:  1.0001 -0.0014     2.75   -0.0000  1.0003   856.82
main: Transform   2:  1.0001 -0.0014     2.75   -0.0000  1.0003   856.82
main: Transform   3:  1.0001 -0.0014     2.75   -0.0000  1.0003   856.82
main: Transform   4:  1.0001 -0.0014     2.75   -0.0000  1.0003   856.82
main: Transform   5:  1.0001 -0.0014     2.75   -0.0000  1.0003   856.82
main: Transform   6:  1.0001 -0.0014     2.75   -0.0000  1.0003   856.82
main: Transform   7:  1.0001 -0.0014     2.75   -0.0000  1.0003   856.82
main: Transform   8:  1.0001 -0.0014     2.75   -0.0000  1.0003   856.82
main: Transform   9:  1.0001 -0.0014     2.75   -0.0000  1.0003   856.82
main: Transform  10:  1.0001 -0.0014     2.75   -0.0000  1.0003   856.82
main: Transform  11:  1.0001 -0.0014     2.75   -0.0000  1.0003   856.82

main: Average:  1.0001 -0.0014     0.00   -0.0000  1.0003     0.00
main: Degrees: 0.0396844
main: Residue:  1.0001 -0.0007     0.00   -0.0007  1.0003     0.00

main: Inverse:  0.9999  0.0014    -0.00    0.0000  0.9997    -0.00
main: Degrees: -0.0396844
main: Residue:  0.9999  0.0007     0.00    0.0007  0.9997     0.00

main: Normal completion for dmesh run.
Timer: Total took 1.710 seconds.

---- Memory ----
Host name: h07u26.int.janelia.org
PID:       37144
User time:       1 seconds.
System time:     0 seconds.
VmPeak:	  380068 kB
VmSize:	  217292 kB
VmLck:	       0 kB
VmPin:	       0 kB
VmHWM:	  216768 kB
VmRSS:	   53564 kB
VmData:	   47896 kB
VmStk:	     164 kB
VmExe:	     832 kB
VmLib:	   85564 kB
VmPTE:	     352 kB
VmSwap:	       0 kB
voluntary_ctxt_switches:	22
nonvoluntary_ctxt_switches:	34

