
---- dmesh start ----
main: Start: Fri Sep 30 13:13:19 2016


---- Match parameters ----
PXBRO=2            <default 2>        "Max Legendre poly order for bkg removal"
PXLENS=N           <default N>        "Y=Apply IDB/lens.txt"
PXRESMSK=N         <default N>        "Y=Apply resin mask"
PXDOG=N            <default N>        "Y=Apply DoG filter"
PXDOG_R1=3         <default 3>        "DoG inner radius"
PXDOG_R2=6         <default 6>        "DoG outer radius"
FLD=N              <default X>        "Mask usage: Y=Use, N=None, X=XL only"
PRETWEAK=N         <default N>        "Y=Auto-distort before angle scan"
SCALE=1            <default 1.0>      "Image-B / image-A scale factor"
XSCALE=1           <default 1.0>      "Image-B / image-A x-axis scale factor"
YSCALE=1           <default 1.0>      "Image-B / image-A y-axis scale factor"
SKEW=0             <default 0.0>      "Transform elem[3] user-applied distortion"
MODE_SL=M          <default Z>        "Notes above"
MODE_XL=N          <default Y>        "Notes above"
TAB2DFM_SL=N       <default Y>        "Adopt Tdfm from Tab"
TAB2DFM_XL=Y       <default Y>        "Adopt Tdfm from Tab"
XYCONF_SL=1.0      <default 0.0>      "[0,1.0] confidence in Tab XY"
XYCONF_XL=0.8      <default 0.0>      "[0,1.0] confidence in Tab XY"
THMDEC_SL=8        <default 8>        "2^N thumb decimation factor"
THMDEC_XL=8        <default 8>        "2^N thumb decimation factor"
OLAP1D_SL=0        <default 0>        "Min 1D pix full-size overlap"
OLAP1D_XL=0        <default 0>        "Min 1D pix full-size overlap"
OLAP2D_SL=60000    <default 25000>    "Min 2D pix full-size overlap"
OLAP2D_XL=160000   <default 200000>   "Min 2D pix full-size overlap"
NBMXHT_SL=0.75     <default 0.75>     "Max F(neib)/F(pk) in guard zone"
NBMXHT_XL=0.75     <default 0.75>     "Max F(neib)/F(pk) in guard zone"
HFANGDN_SL=5       <default 5.0>      "Half angle search range denovo"
HFANGDN_XL=45      <default 45.0>     "Half angle search range denovo"
HFANGPR_SL=1       <default 1.0>      "Half angle search range prior angles"
HFANGPR_XL=4       <default 1.0>      "Half angle search range prior angles"
RTRSH_SL=0.3       <default 0.3>      "R corr thresh"
RTRSH_XL=0.3       <default 0.3>      "R corr thresh"
TWEAKS=N           <default N>        "Y=Try 8 near unity distortions"
LIMXY_SL=30        <default 0>        "0 or Max XY delta from Tab"
LIMXY_XL=80        <default 0>        "0 or Max XY delta from Tab"
WTHMPR=Y           <default Y>        "Y=Write ThmPair_a^b.txt entries"
OPT_SL=Y           <default Y(EM)>    "Y=Enable mesh optimizer"
RIT_SL=0.50        <default 0.20>     "Min mesh starting corr"
RIT_XL=0.1         <default 0.20>     "Min mesh starting corr"
RFA_SL=0.55        <default 0.3>      "Affine-only final corr"
RFA_XL=0.20        <default 0.3>      "Affine-only final corr"
RFT_SL=0.65        <default 0.5>      "Full mesh final corr"
RFT_XL=0.25        <default 0.5>      "Full mesh final corr"
TMC=5              <default 30.0%>    "Max single triangle area change"
TSC=9              <default 9.0%>     "Max summed triangle area change"
MNL=250            <default 300>      "Triangle edges between MNL and 2*MNL"
MTA=120000         <default 10000>    "Min triangle size (pixels)"
MMA=60000          <default 100000>   "Min 2D overlap for mesh"
ONE=N              <default N>        "Y=Use just one affine transform"
IFM=0.50           <default 0.50>     "Min Fourier Metric after affine-only"
FFM=0.65           <default 0.65>     "Min Fourier Metric after full mesh"
FYL=0.5            <default 0.50>     "Min fraction of yellow pixels"
CPD=0.5            <default 0.50>     "Min Correlation + DFM"
EMM=Y              <default Y>        "Y=Use Earth Mover's Metric, N=Use Fourier"
EMT=0.14           <default 0.2>      "Earth Movers Metric thresh"
WDI=N              <default N>        "Y=Write diff images (Fourier, EMM metrics)"
LDA=0.2            <default 0.2>      "Max radian delta between triangles"
LDR=0.1            <default 0.1>      "Max sine delta between triangles"
LDC=100            <default 100.0>    "Max XY delta between triangles"
DXY=100            <default 100.0>    "Max delta from user input XYs"
WMT=N              <default Y>        "Y=Write map.tif files"
WTT=N              <default Y>        "Y=Write tf.txt files"


---- Input images ----
Til2Img entry: A T=[ 1.0000  0.0000     0.00  0.0000  1.0000  4285.00] path=[/groups/apig/tomo/DEMO/TIF/C1_8_2.tif].
Til2Img entry: B T=[ 1.0000  0.0000     0.00  0.0000  1.0000  5142.00] path=[/groups/apig/tomo/DEMO/TIF/C1_7_2.tif].


---- Command-line overrides ----
Tdfm= 1.0000  0.0000     0.00    0.0000  1.0000     0.00
FLD=N
MODE=N (was M)
CTR=0


---- Image loading ----
Raster8FromTif: Opening [/groups/apig/tomo/DEMO/TIF/C1_8_2.tif].
Raster8FromTif: Bits per sample 8, samples per pixel 1
Raster8FromTif: Picture is 1376 by 1040, 1431040 pixels total.
TIF(8): Last Encoded strip had 1376 bytes.
Raster8FromTif: Opening [/groups/apig/tomo/DEMO/TIF/C1_7_2.tif].
Raster8FromTif: Bits per sample 8, samples per pixel 1
Raster8FromTif: Picture is 1376 by 1040, 1431040 pixels total.
TIF(8): Last Encoded strip had 1376 bytes.
PixPair: Using image scale=1.
Timer: Image conditioning took 0.240 seconds.

---- Foldmaps ----

---- Connected regions ----
Forcing single connected region.

---- Begin A-1 to B-1 ----

---- Thumbnail matching ----
Subimage: Using intersection, w=1376, h=183, pix=251808
Thumbs: After decimation 3956 pts, reqArea 937, thmscl 8
SetDisc( 0, 0, 3, 3 )
Initial: R= 3.725, A=   0.000, X=   -0.27, Y=   -0.83
Peak-Disc: dR 6 dX -2 dY -6
Approx: LowRes  R=3.725, X=-2.193, Y=-6.623
Approx: FullRes R=1.108, X=-2.979, Y=-6.219, use=Y.
Timer: FinishAtFullRes took 0.200 seconds.
Approx: Returning A=0.000000, R=3.724933, X=-2.978615, Y=-863.219340
Approx: Best transform  1.0000  0.0000    -2.98    0.0000  1.0000  -863.22
Approx: Orig transform  1.0000  0.0000     0.00    0.0000  1.0000  -857.00
Approx: Idnt transform  1.0000  0.0000    -2.98    0.0000  1.0000    -6.22
Approx: err = 6.89582, max = 30

---- Starting detailed region mapping ----
Roughly 243198 pixels map to B.
Region size is [2 1375] in x, [863 1039] in y.

---- Building mesh - affine ----
Computed simple triangle.

---- ImproveMesh - affine ----
Tri: (2 863) (1375 863) (688 1039).

---- Matlab Vertices ----
x=[2 1375 688 2]; y=[863 863 1039 863]; plot(x,y); hold on;

---- ImproveControlPts ----
STAT: ImproveCpt: Initial affine correlation 0.887851 (243198 pixels).
corr=0.887851	step=10.000000
corr=0.887851	step=5.000000
corr=0.887851	step=2.500000
corr=0.887851	step=1.250000
corr=0.887851	step=0.625000
corr=0.893432	step=0.625000
corr=0.893432	step=0.312500
corr=0.893432	step=0.156250
corr=0.893432	step=0.078125
STAT: ImproveCpt: Final affine correlation 0.893432, (threshold 0.550000).

---- Matlab A-Sys Originals ----
x=[2.000000 1375.000000 688.000000 2.000000]; y=[863.000000 863.000000 1039.000000 863.000000]; plot(x,y); hold on;

---- Matlab B-Sys Originals ----
x=[-0.978615 1372.021385 685.021385 -0.978615]; y=[-0.219340 -0.219340 175.780660 -0.219340]; plot(x,y); hold on;

---- Matlab B-Sys Optimized ----
x=[-1.233939 1371.746735 684.552034 -1.233939]; y=[-0.218049 -0.128053 175.926864 -0.218049]; plot(x,y); hold on;

---- Deltas ----
id=     0: dx=   -0.26 dy=    0.00 d=    0.26
id=     1: dx=   -0.27 dy=    0.09 d=    0.29
id=     2: dx=   -0.47 dy=    0.15 d=    0.49

---- Areas ----
Triangle 0, area was   120824.0, is   120890.9,    0.1%
Combined: area was   120824.0, is   120890.9,    0.1%

---- Transforms ----
 1.0000 -0.0012    -2.23    0.0001  1.0006  -863.71
Best affine transform:  1.0000 -0.0012    -2.23    0.0001  1.0006  -863.71
    Inverse transform:  1.0000  0.0012     3.23   -0.0001  0.9994   863.22

---- QC - affine ----
Metrics: AFF: Mean square difference 0.212275
Metrics: AFF: Smallest footprint deg=0, area=239925
MetricImages: Range x 4 1375, y 864 1039, use Nx=1372, Ny=176
Approximate EM metric 0.051670 for 241472 points.
%Yellow: Tol   1.05  red   30.3  yellow   41.4  green   28.3
%Yellow: Tol   1.10  red   18.4  yellow   67.1  green   14.5
%Yellow: Tol   1.15  red   11.8  yellow   79.4  green    8.9
%Yellow: Tol   1.20  red    7.9  yellow   85.9  green    6.3
%Yellow: Tol   1.25  red    5.5  yellow   89.6  green    4.9
Affine Triangle: 241472 points, corr 0.893858, fm 0.051670, yellow 0.90

---- Building mesh - deformable ----
Lx Dx Nx:  1373   228.00   6
Ly Dy Ny:   176   176.00   1

STAT: From 243198 pts, got 12 triangles, 14 control points.
Timer: MeshCreate took 0.010 seconds.

---- ImproveMesh - deformable mesh ----
Tri: (2 863) (230 863) (2 1039).
Tri: (2 1039) (230 863) (230 1039).
Tri: (230 863) (458 863) (230 1039).
Tri: (230 1039) (458 863) (458 1039).
Tri: (458 863) (686 863) (458 1039).
Tri: (458 1039) (686 863) (686 1039).
Tri: (686 863) (914 863) (686 1039).
Tri: (686 1039) (914 863) (914 1039).
Tri: (914 863) (1142 863) (914 1039).
Tri: (914 1039) (1142 863) (1142 1039).
Tri: (1142 863) (1375 863) (1142 1039).
Tri: (1142 1039) (1375 863) (1375 1039).

---- Matlab Vertices ----
x=[2 230 2 2]; y=[863 863 1039 863]; plot(x,y); hold on;
x=[2 230 230 2]; y=[1039 863 1039 1039]; plot(x,y); hold on;
x=[230 458 230 230]; y=[863 863 1039 863]; plot(x,y); hold on;
x=[230 458 458 230]; y=[1039 863 1039 1039]; plot(x,y); hold on;
x=[458 686 458 458]; y=[863 863 1039 863]; plot(x,y); hold on;
x=[458 686 686 458]; y=[1039 863 1039 1039]; plot(x,y); hold on;
x=[686 914 686 686]; y=[863 863 1039 863]; plot(x,y); hold on;
x=[686 914 914 686]; y=[1039 863 1039 1039]; plot(x,y); hold on;
x=[914 1142 914 914]; y=[863 863 1039 863]; plot(x,y); hold on;
x=[914 1142 1142 914]; y=[1039 863 1039 1039]; plot(x,y); hold on;
x=[1142 1375 1142 1142]; y=[863 863 1039 863]; plot(x,y); hold on;
x=[1142 1375 1375 1142]; y=[1039 863 1039 1039]; plot(x,y); hold on;

---- ImproveControlPts ----
STAT: ImproveCpt: Initial deformable mesh correlation 0.893432 (243198 pixels).
corr=0.893432	step=10.000000
corr=0.893432	step=5.000000
corr=0.893432	step=2.500000
corr=0.893432	step=1.250000
corr=0.893432	step=0.625000
STAT: ImproveCpt: Final deformable mesh correlation 0.893432, (threshold 0.650000).

---- Matlab A-Sys Originals ----
x=[2.000000 230.000000 2.000000 2.000000]; y=[863.000000 863.000000 1039.000000 863.000000]; plot(x,y); hold on;
x=[2.000000 230.000000 230.000000 2.000000]; y=[1039.000000 863.000000 1039.000000 1039.000000]; plot(x,y); hold on;
x=[230.000000 458.000000 230.000000 230.000000]; y=[863.000000 863.000000 1039.000000 863.000000]; plot(x,y); hold on;
x=[230.000000 458.000000 458.000000 230.000000]; y=[1039.000000 863.000000 1039.000000 1039.000000]; plot(x,y); hold on;
x=[458.000000 686.000000 458.000000 458.000000]; y=[863.000000 863.000000 1039.000000 863.000000]; plot(x,y); hold on;
x=[458.000000 686.000000 686.000000 458.000000]; y=[1039.000000 863.000000 1039.000000 1039.000000]; plot(x,y); hold on;
x=[686.000000 914.000000 686.000000 686.000000]; y=[863.000000 863.000000 1039.000000 863.000000]; plot(x,y); hold on;
x=[686.000000 914.000000 914.000000 686.000000]; y=[1039.000000 863.000000 1039.000000 1039.000000]; plot(x,y); hold on;
x=[914.000000 1142.000000 914.000000 914.000000]; y=[863.000000 863.000000 1039.000000 863.000000]; plot(x,y); hold on;
x=[914.000000 1142.000000 1142.000000 914.000000]; y=[1039.000000 863.000000 1039.000000 1039.000000]; plot(x,y); hold on;
x=[1142.000000 1375.000000 1142.000000 1142.000000]; y=[863.000000 863.000000 1039.000000 863.000000]; plot(x,y); hold on;
x=[1142.000000 1375.000000 1375.000000 1142.000000]; y=[1039.000000 863.000000 1039.000000 1039.000000]; plot(x,y); hold on;

---- Matlab B-Sys Originals ----
x=[-1.233939 226.762852 -1.438310 -1.233939]; y=[-0.218049 -0.203104 175.881899 -0.218049]; plot(x,y); hold on;
x=[-1.438310 226.762852 226.558481 -1.438310]; y=[175.881899 -0.203104 175.896844 175.881899]; plot(x,y); hold on;
x=[226.762852 454.759642 226.558481 226.762852]; y=[-0.203104 -0.188159 175.896844 -0.203104]; plot(x,y); hold on;
x=[226.558481 454.759642 454.555271 226.558481]; y=[175.896844 -0.188159 175.911789 175.896844]; plot(x,y); hold on;
x=[454.759642 682.756433 454.555271 454.759642]; y=[-0.188159 -0.173215 175.911789 -0.188159]; plot(x,y); hold on;
x=[454.555271 682.756433 682.552062 454.555271]; y=[175.911789 -0.173215 175.926733 175.911789]; plot(x,y); hold on;
x=[682.756433 910.753224 682.552062 682.756433]; y=[-0.173215 -0.158270 175.926733 -0.173215]; plot(x,y); hold on;
x=[682.552062 910.753224 910.548853 682.552062]; y=[175.926733 -0.158270 175.941678 175.926733]; plot(x,y); hold on;
x=[910.753224 1138.750014 910.548853 910.753224]; y=[-0.158270 -0.143326 175.941678 -0.158270]; plot(x,y); hold on;
x=[910.548853 1138.750014 1138.545643 910.548853]; y=[175.941678 -0.143326 175.956623 175.941678]; plot(x,y); hold on;
x=[1138.750014 1371.746735 1138.545643 1138.750014]; y=[-0.143326 -0.128053 175.956623 -0.143326]; plot(x,y); hold on;
x=[1138.545643 1371.746735 1371.542364 1138.545643]; y=[175.956623 -0.128053 175.971895 175.956623]; plot(x,y); hold on;

---- Matlab B-Sys Optimized ----
x=[-1.233939 226.762852 -1.438310 -1.233939]; y=[-0.218049 -0.203104 175.881899 -0.218049]; plot(x,y); hold on;
x=[-1.438310 226.762852 226.558481 -1.438310]; y=[175.881899 -0.203104 175.896844 175.881899]; plot(x,y); hold on;
x=[226.762852 454.759642 226.558481 226.762852]; y=[-0.203104 -0.188159 175.896844 -0.203104]; plot(x,y); hold on;
x=[226.558481 454.759642 454.555271 226.558481]; y=[175.896844 -0.188159 175.911789 175.896844]; plot(x,y); hold on;
x=[454.759642 682.756433 454.555271 454.759642]; y=[-0.188159 -0.173215 175.911789 -0.188159]; plot(x,y); hold on;
x=[454.555271 682.756433 682.552062 454.555271]; y=[175.911789 -0.173215 175.926733 175.911789]; plot(x,y); hold on;
x=[682.756433 910.753224 682.552062 682.756433]; y=[-0.173215 -0.158270 175.926733 -0.173215]; plot(x,y); hold on;
x=[682.552062 910.753224 910.548853 682.552062]; y=[175.926733 -0.158270 175.941678 175.926733]; plot(x,y); hold on;
x=[910.753224 1138.750014 910.548853 910.753224]; y=[-0.158270 -0.143326 175.941678 -0.158270]; plot(x,y); hold on;
x=[910.548853 1138.750014 1138.545643 910.548853]; y=[175.941678 -0.143326 175.956623 175.941678]; plot(x,y); hold on;
x=[1138.750014 1371.746735 1138.545643 1138.750014]; y=[-0.143326 -0.128053 175.956623 -0.143326]; plot(x,y); hold on;
x=[1138.545643 1371.746735 1371.542364 1138.545643]; y=[175.956623 -0.128053 175.971895 175.956623]; plot(x,y); hold on;

---- Deltas ----
id=     0: dx=    0.00 dy=    0.00 d=    0.00
id=     1: dx=    0.00 dy=    0.00 d=    0.00
id=     2: dx=    0.00 dy=    0.00 d=    0.00
id=     3: dx=    0.00 dy=    0.00 d=    0.00
id=     4: dx=    0.00 dy=    0.00 d=    0.00
id=     5: dx=    0.00 dy=    0.00 d=    0.00
id=     6: dx=    0.00 dy=    0.00 d=    0.00
id=     7: dx=    0.00 dy=    0.00 d=    0.00
id=     8: dx=    0.00 dy=    0.00 d=    0.00
id=     9: dx=    0.00 dy=    0.00 d=    0.00
id=    10: dx=    0.00 dy=    0.00 d=    0.00
id=    11: dx=    0.00 dy=    0.00 d=    0.00
id=    12: dx=    0.00 dy=    0.00 d=    0.00
id=    13: dx=    0.00 dy=    0.00 d=    0.00

---- Areas ----
Triangle 0, area was    20064.0, is    20075.1,    0.1%
Triangle 1, area was    20064.0, is    20075.1,    0.1%
Triangle 2, area was    20064.0, is    20075.1,    0.1%
Triangle 3, area was    20064.0, is    20075.1,    0.1%
Triangle 4, area was    20064.0, is    20075.1,    0.1%
Triangle 5, area was    20064.0, is    20075.1,    0.1%
Triangle 6, area was    20064.0, is    20075.1,    0.1%
Triangle 7, area was    20064.0, is    20075.1,    0.1%
Triangle 8, area was    20064.0, is    20075.1,    0.1%
Triangle 9, area was    20064.0, is    20075.1,    0.1%
Triangle 10, area was    20504.0, is    20515.4,    0.1%
Triangle 11, area was    20504.0, is    20515.4,    0.1%
Combined: area was   241648.0, is   241781.8,    0.1%

---- Transforms ----
 1.0000 -0.0012    -2.23    0.0001  1.0006  -863.71
 1.0000 -0.0012    -2.23    0.0001  1.0006  -863.71
 1.0000 -0.0012    -2.23    0.0001  1.0006  -863.71
 1.0000 -0.0012    -2.23    0.0001  1.0006  -863.71
 1.0000 -0.0012    -2.23    0.0001  1.0006  -863.71
 1.0000 -0.0012    -2.23    0.0001  1.0006  -863.71
 1.0000 -0.0012    -2.23    0.0001  1.0006  -863.71
 1.0000 -0.0012    -2.23    0.0001  1.0006  -863.71
 1.0000 -0.0012    -2.23    0.0001  1.0006  -863.71
 1.0000 -0.0012    -2.23    0.0001  1.0006  -863.71
 1.0000 -0.0012    -2.23    0.0001  1.0006  -863.71
 1.0000 -0.0012    -2.23    0.0001  1.0006  -863.71

---- QC - deformable ----
Remapping 1431040 points.
Metrics: DEF: Mean square difference 0.212275
Metrics: DEF: Smallest footprint deg=0, area=239925
MetricImages: Range x 4 1375, y 864 1039, use Nx=1372, Ny=176
Approximate EM metric 0.051670 for 241472 points.
All points, deformable, dfm 0.051670

Metrics: TRI: Mean square difference 0.107096
Metrics: TRI: Smallest footprint deg=0, area=38752
MetricImages: Range x 4 228, y 864 1037, use Nx=226, Ny=174
Approximate EM metric 0.037797 for 39324 points.
%Yellow: Tol   1.05  red   29.0  yellow   45.0  green   26.0
%Yellow: Tol   1.10  red   14.2  yellow   73.5  green   12.3
%Yellow: Tol   1.15  red    6.3  yellow   87.3  green    6.4
%Yellow: Tol   1.20  red    2.6  yellow   93.2  green    4.2
%Yellow: Tol   1.25  red    1.2  yellow   95.8  green    2.9
Triangle 0: 19689 points, corr 0.946401, fm 0.037797, yellow 0.96

Metrics: TRI: Mean square difference 0.093799
Metrics: TRI: Smallest footprint deg=0, area=39550
MetricImages: Range x 4 230, y 864 1039, use Nx=228, Ny=176
Approximate EM metric 0.031035 for 40128 points.
%Yellow: Tol   1.05  red   25.8  yellow   49.0  green   25.1
%Yellow: Tol   1.10  red   12.1  yellow   75.8  green   12.1
%Yellow: Tol   1.15  red    5.9  yellow   87.8  green    6.3
%Yellow: Tol   1.20  red    3.1  yellow   93.3  green    3.5
%Yellow: Tol   1.25  red    1.9  yellow   95.9  green    2.2
Triangle 1: 20263 points, corr 0.953051, fm 0.031035, yellow 0.96

Metrics: TRI: Mean square difference 0.193491
Metrics: TRI: Smallest footprint deg=0, area=39150
MetricImages: Range x 231 456, y 864 1038, use Nx=226, Ny=176
Approximate EM metric 0.032938 for 39776 points.
%Yellow: Tol   1.05  red   31.4  yellow   40.1  green   28.5
%Yellow: Tol   1.10  red   18.9  yellow   65.7  green   15.4
%Yellow: Tol   1.15  red   11.6  yellow   79.1  green    9.3
%Yellow: Tol   1.20  red    7.2  yellow   86.5  green    6.4
%Yellow: Tol   1.25  red    4.5  yellow   90.7  green    4.9
Triangle 2: 19864 points, corr 0.903204, fm 0.032938, yellow 0.91

Metrics: TRI: Mean square difference 0.331928
Metrics: TRI: Smallest footprint deg=0, area=39725
MetricImages: Range x 231 458, y 864 1039, use Nx=228, Ny=176
Approximate EM metric 0.028660 for 40128 points.
%Yellow: Tol   1.05  red   33.7  yellow   34.8  green   31.5
%Yellow: Tol   1.10  red   22.3  yellow   58.5  green   19.1
%Yellow: Tol   1.15  red   15.5  yellow   72.0  green   12.5
%Yellow: Tol   1.20  red   10.8  yellow   80.2  green    9.0
%Yellow: Tol   1.25  red    7.8  yellow   85.1  green    7.1
Triangle 3: 20264 points, corr 0.833986, fm 0.028660, yellow 0.85

Metrics: TRI: Mean square difference 0.305696
Metrics: TRI: Smallest footprint deg=0, area=39150
MetricImages: Range x 459 684, y 864 1038, use Nx=226, Ny=176
Approximate EM metric 0.023942 for 39776 points.
%Yellow: Tol   1.05  red   32.0  yellow   40.5  green   27.5
%Yellow: Tol   1.10  red   20.8  yellow   64.2  green   15.0
%Yellow: Tol   1.15  red   14.1  yellow   75.3  green   10.6
%Yellow: Tol   1.20  red   10.0  yellow   81.6  green    8.5
%Yellow: Tol   1.25  red    7.3  yellow   85.5  green    7.2
Triangle 4: 19864 points, corr 0.847101, fm 0.023942, yellow 0.85

Metrics: TRI: Mean square difference 0.190282
Metrics: TRI: Smallest footprint deg=0, area=39725
MetricImages: Range x 459 686, y 864 1039, use Nx=228, Ny=176
Approximate EM metric 0.022077 for 40128 points.
%Yellow: Tol   1.05  red   31.4  yellow   41.1  green   27.5
%Yellow: Tol   1.10  red   17.8  yellow   67.4  green   14.8
%Yellow: Tol   1.15  red   10.5  yellow   80.0  green    9.5
%Yellow: Tol   1.20  red    6.3  yellow   87.1  green    6.6
%Yellow: Tol   1.25  red    4.0  yellow   91.1  green    4.9
Triangle 5: 20264 points, corr 0.904810, fm 0.022077, yellow 0.91

Metrics: TRI: Mean square difference 0.403400
Metrics: TRI: Smallest footprint deg=0, area=39150
MetricImages: Range x 687 912, y 864 1038, use Nx=226, Ny=176
Approximate EM metric 0.030733 for 39776 points.
%Yellow: Tol   1.05  red   36.5  yellow   30.9  green   32.6
%Yellow: Tol   1.10  red   25.4  yellow   54.3  green   20.3
%Yellow: Tol   1.15  red   17.6  yellow   69.1  green   13.3
%Yellow: Tol   1.20  red   12.4  yellow   77.7  green    9.9
%Yellow: Tol   1.25  red    9.0  yellow   83.2  green    7.8
Triangle 6: 19864 points, corr 0.798250, fm 0.030733, yellow 0.83

Metrics: TRI: Mean square difference 0.078049
Metrics: TRI: Smallest footprint deg=0, area=39725
MetricImages: Range x 687 914, y 864 1039, use Nx=228, Ny=176
Approximate EM metric 0.018807 for 40128 points.
%Yellow: Tol   1.05  red   22.9  yellow   58.0  green   19.1
%Yellow: Tol   1.10  red    9.4  yellow   81.4  green    9.2
%Yellow: Tol   1.15  red    4.3  yellow   90.4  green    5.3
%Yellow: Tol   1.20  red    2.0  yellow   94.8  green    3.3
%Yellow: Tol   1.25  red    1.0  yellow   96.9  green    2.2
Triangle 7: 20264 points, corr 0.960926, fm 0.018807, yellow 0.97

Metrics: TRI: Mean square difference 0.187654
Metrics: TRI: Smallest footprint deg=0, area=39150
MetricImages: Range x 915 1140, y 864 1038, use Nx=226, Ny=176
Approximate EM metric 0.024672 for 39776 points.
%Yellow: Tol   1.05  red   30.2  yellow   45.2  green   24.6
%Yellow: Tol   1.10  red   17.2  yellow   70.3  green   12.4
%Yellow: Tol   1.15  red   10.4  yellow   81.5  green    8.1
%Yellow: Tol   1.20  red    6.6  yellow   87.4  green    6.1
%Yellow: Tol   1.25  red    4.1  yellow   91.0  green    4.9
Triangle 8: 19864 points, corr 0.906123, fm 0.024672, yellow 0.91

Metrics: TRI: Mean square difference 0.052482
Metrics: TRI: Smallest footprint deg=0, area=39725
MetricImages: Range x 915 1142, y 864 1039, use Nx=228, Ny=176
Approximate EM metric 0.018470 for 40128 points.
%Yellow: Tol   1.05  red   16.8  yellow   68.3  green   14.9
%Yellow: Tol   1.10  red    6.9  yellow   87.8  green    5.3
%Yellow: Tol   1.15  red    3.5  yellow   93.8  green    2.7
%Yellow: Tol   1.20  red    1.9  yellow   96.3  green    1.7
%Yellow: Tol   1.25  red    1.3  yellow   97.3  green    1.4
Triangle 9: 20264 points, corr 0.973710, fm 0.018470, yellow 0.97

Metrics: TRI: Mean square difference 0.319004
Metrics: TRI: Smallest footprint deg=0, area=40020
MetricImages: Range x 1143 1373, y 864 1038, use Nx=232, Ny=176
Approximate EM metric 0.038839 for 40832 points.
%Yellow: Tol   1.05  red   34.7  yellow   37.9  green   27.5
%Yellow: Tol   1.10  red   22.5  yellow   62.4  green   15.2
%Yellow: Tol   1.15  red   14.9  yellow   74.4  green   10.7
%Yellow: Tol   1.20  red   10.1  yellow   80.9  green    8.9
%Yellow: Tol   1.25  red    7.1  yellow   85.1  green    7.8
Triangle 10: 20300 points, corr 0.840449, fm 0.038839, yellow 0.85

Metrics: TRI: Mean square difference 0.331470
Metrics: TRI: Smallest footprint deg=0, area=40600
MetricImages: Range x 1143 1375, y 864 1039, use Nx=234, Ny=176
Approximate EM metric 0.033414 for 41184 points.
%Yellow: Tol   1.05  red   36.2  yellow   35.4  green   28.4
%Yellow: Tol   1.10  red   24.3  yellow   59.5  green   16.2
%Yellow: Tol   1.15  red   16.6  yellow   72.5  green   11.0
%Yellow: Tol   1.20  red   11.2  yellow   80.1  green    8.7
%Yellow: Tol   1.25  red    7.3  yellow   85.3  green    7.4
Triangle 11: 20708 points, corr 0.834217, fm 0.033414, yellow 0.85


---- Final reports ----
STAT: Overall 241472 points, corr 0.8934, EMM 0.0517, weighted EMM 0.0284, cor+dfm 0.9451, weighted yellow 0.9023

Angle span: min, max, delta = 0.000613 0.000613 0.000000
Mesh-Thm: 0.0000  0.0012     0.75    0.0001  0.0006     0.49 2x(LDR,LDC)=(0.20,200.00) -- OK.

Final remapping of 1431040 points.
Center 75.002690 919.352953:  1.0000 -0.0012    -2.23    0.0001  1.0006  -863.71
Mapping region 1 xy= 75.002690 919.352953 to region 1 xy= 71.702286 56.171692
Center 142.096892 984.927515:  1.0000 -0.0012    -2.23    0.0001  1.0006  -863.71
Mapping region 1 xy= 142.096892 984.927515 to region 1 xy= 138.719399 121.787891
Center 299.931856 916.982485:  1.0000 -0.0012    -2.23    0.0001  1.0006  -863.71
Mapping region 1 xy= 299.931856 916.982485 to region 1 xy= 296.631039 53.814621
Center 368.142960 985.681664:  1.0000 -0.0012    -2.23    0.0001  1.0006  -863.71
Mapping region 1 xy= 368.142960 985.681664 to region 1 xy= 364.761410 122.557284
Center 532.498610 920.507699:  1.0000 -0.0012    -2.23    0.0001  1.0006  -863.71
Mapping region 1 xy= 532.498610 920.507699 to region 1 xy= 529.190425 57.357080
Center 604.904614 982.299974:  1.0000 -0.0012    -2.23    0.0001  1.0006  -863.71
Mapping region 1 xy= 604.904614 982.299974 to region 1 xy= 601.523658 119.189192
Center 756.161455 917.159720:  1.0000 -0.0012    -2.23    0.0001  1.0006  -863.71
Mapping region 1 xy= 756.161455 917.159720 to region 1 xy= 752.854010 54.021860
Center 833.777824 981.962945:  1.0000 -0.0012    -2.23    0.0001  1.0006  -863.71
Mapping region 1 xy= 833.777824 981.962945 to region 1 xy= 830.394038 118.866974
Center 985.789828 918.416710:  1.0000 -0.0012    -2.23    0.0001  1.0006  -863.71
Mapping region 1 xy= 985.789828 918.416710 to region 1 xy= 982.477692 55.294615
Center 1058.743565 983.134063:  1.0000 -0.0012    -2.23    0.0001  1.0006  -863.71
Mapping region 1 xy= 1058.743565 983.134063 to region 1 xy= 1055.355251 120.053503
Center 1214.782436 917.977291:  1.0000 -0.0012    -2.23    0.0001  1.0006  -863.71
Mapping region 1 xy= 1214.782436 917.977291 to region 1 xy= 1211.467586 54.869957
Center 1291.667015 982.473402:  1.0000 -0.0012    -2.23    0.0001  1.0006  -863.71
Mapping region 1 xy= 1291.667015 982.473402 to region 1 xy= 1288.276190 119.407734

Pipe: Returning 12 total transforms.

---- Summary Region-region results ----
Pipe: Table Headers {Az t r Bz t r thmok ntri}
FOUND:     2    8   1      2    7   1   1  12

---- Tabulating point matches ----
Tabulate: Rgn 1 -> 1: Keeping 12 of 12 point-pairs.

Timer: Alignment took 1.380 seconds.

main: Got 12 mapping regions.
main: Transform   0:  1.0000 -0.0012    -2.23    0.0001  1.0006  -863.71
main: Transform   1:  1.0000 -0.0012    -2.23    0.0001  1.0006  -863.71
main: Transform   2:  1.0000 -0.0012    -2.23    0.0001  1.0006  -863.71
main: Transform   3:  1.0000 -0.0012    -2.23    0.0001  1.0006  -863.71
main: Transform   4:  1.0000 -0.0012    -2.23    0.0001  1.0006  -863.71
main: Transform   5:  1.0000 -0.0012    -2.23    0.0001  1.0006  -863.71
main: Transform   6:  1.0000 -0.0012    -2.23    0.0001  1.0006  -863.71
main: Transform   7:  1.0000 -0.0012    -2.23    0.0001  1.0006  -863.71
main: Transform   8:  1.0000 -0.0012    -2.23    0.0001  1.0006  -863.71
main: Transform   9:  1.0000 -0.0012    -2.23    0.0001  1.0006  -863.71
main: Transform  10:  1.0000 -0.0012    -2.23    0.0001  1.0006  -863.71
main: Transform  11:  1.0000 -0.0012    -2.23    0.0001  1.0006  -863.71

main: Average:  1.0000 -0.0012     0.00    0.0001  1.0006     0.00
main: Degrees: 0.0351339
main: Residue:  1.0000 -0.0005     0.00   -0.0005  1.0006     0.00

main: Inverse:  1.0000  0.0012    -0.00   -0.0001  0.9994    -0.00
main: Degrees: -0.0351339
main: Residue:  1.0000  0.0005     0.00    0.0005  0.9994     0.00

main: Normal completion for dmesh run.
Timer: Total took 1.620 seconds.

---- Memory ----
Host name: h07u26.int.janelia.org
PID:       37172
User time:       1 seconds.
System time:     0 seconds.
VmPeak:	  380064 kB
VmSize:	  217288 kB
VmLck:	       0 kB
VmPin:	       0 kB
VmHWM:	  216572 kB
VmRSS:	   53416 kB
VmData:	   47896 kB
VmStk:	     160 kB
VmExe:	     832 kB
VmLib:	   85564 kB
VmPTE:	     348 kB
VmSwap:	       0 kB
voluntary_ctxt_switches:	16
nonvoluntary_ctxt_switches:	22

