
---- dmesh start ----
main: Start: Fri Sep 30 13:27:05 2016


---- Match parameters ----
PXBRO=2            <default 2>        "Max Legendre poly order for bkg removal"
PXLENS=N           <default N>        "Y=Apply IDB/lens.txt"
PXRESMSK=N         <default N>        "Y=Apply resin mask"
PXDOG=N            <default N>        "Y=Apply DoG filter"
PXDOG_R1=3         <default 3>        "DoG inner radius"
PXDOG_R2=6         <default 6>        "DoG outer radius"
FLD=N              <default X>        "Mask usage: Y=Use, N=None, X=XL only"
PRETWEAK=N         <default N>        "Y=Auto-distort before angle scan"
SCALE=1            <default 1.0>      "Image-B / image-A scale factor"
XSCALE=1           <default 1.0>      "Image-B / image-A x-axis scale factor"
YSCALE=1           <default 1.0>      "Image-B / image-A y-axis scale factor"
SKEW=0             <default 0.0>      "Transform elem[3] user-applied distortion"
MODE_SL=M          <default Z>        "Notes above"
MODE_XL=N          <default Y>        "Notes above"
TAB2DFM_SL=N       <default Y>        "Adopt Tdfm from Tab"
TAB2DFM_XL=Y       <default Y>        "Adopt Tdfm from Tab"
XYCONF_SL=1.0      <default 0.0>      "[0,1.0] confidence in Tab XY"
XYCONF_XL=0.8      <default 0.0>      "[0,1.0] confidence in Tab XY"
THMDEC_SL=8        <default 8>        "2^N thumb decimation factor"
THMDEC_XL=8        <default 8>        "2^N thumb decimation factor"
OLAP1D_SL=0        <default 0>        "Min 1D pix full-size overlap"
OLAP1D_XL=0        <default 0>        "Min 1D pix full-size overlap"
OLAP2D_SL=60000    <default 25000>    "Min 2D pix full-size overlap"
OLAP2D_XL=160000   <default 200000>   "Min 2D pix full-size overlap"
NBMXHT_SL=0.75     <default 0.75>     "Max F(neib)/F(pk) in guard zone"
NBMXHT_XL=0.75     <default 0.75>     "Max F(neib)/F(pk) in guard zone"
HFANGDN_SL=5       <default 5.0>      "Half angle search range denovo"
HFANGDN_XL=45      <default 45.0>     "Half angle search range denovo"
HFANGPR_SL=1       <default 1.0>      "Half angle search range prior angles"
HFANGPR_XL=4       <default 1.0>      "Half angle search range prior angles"
RTRSH_SL=0.3       <default 0.3>      "R corr thresh"
RTRSH_XL=0.3       <default 0.3>      "R corr thresh"
TWEAKS=N           <default N>        "Y=Try 8 near unity distortions"
LIMXY_SL=30        <default 0>        "0 or Max XY delta from Tab"
LIMXY_XL=80        <default 0>        "0 or Max XY delta from Tab"
WTHMPR=Y           <default Y>        "Y=Write ThmPair_a^b.txt entries"
OPT_SL=Y           <default Y(EM)>    "Y=Enable mesh optimizer"
RIT_SL=0.50        <default 0.20>     "Min mesh starting corr"
RIT_XL=0.1         <default 0.20>     "Min mesh starting corr"
RFA_SL=0.55        <default 0.3>      "Affine-only final corr"
RFA_XL=0.20        <default 0.3>      "Affine-only final corr"
RFT_SL=0.65        <default 0.5>      "Full mesh final corr"
RFT_XL=0.25        <default 0.5>      "Full mesh final corr"
TMC=5              <default 30.0%>    "Max single triangle area change"
TSC=9              <default 9.0%>     "Max summed triangle area change"
MNL=250            <default 300>      "Triangle edges between MNL and 2*MNL"
MTA=120000         <default 10000>    "Min triangle size (pixels)"
MMA=60000          <default 100000>   "Min 2D overlap for mesh"
ONE=N              <default N>        "Y=Use just one affine transform"
IFM=0.50           <default 0.50>     "Min Fourier Metric after affine-only"
FFM=0.65           <default 0.65>     "Min Fourier Metric after full mesh"
FYL=0.5            <default 0.50>     "Min fraction of yellow pixels"
CPD=0.5            <default 0.50>     "Min Correlation + DFM"
EMM=Y              <default Y>        "Y=Use Earth Mover's Metric, N=Use Fourier"
EMT=0.14           <default 0.2>      "Earth Movers Metric thresh"
WDI=N              <default N>        "Y=Write diff images (Fourier, EMM metrics)"
LDA=0.2            <default 0.2>      "Max radian delta between triangles"
LDR=0.1            <default 0.1>      "Max sine delta between triangles"
LDC=100            <default 100.0>    "Max XY delta between triangles"
DXY=100            <default 100.0>    "Max delta from user input XYs"
WMT=N              <default Y>        "Y=Write map.tif files"
WTT=N              <default Y>        "Y=Write tf.txt files"


---- Input images ----
Til2Img entry: A T=[ 1.0000  0.0000  1142.00  0.0000  1.0000   857.00] path=[/groups/apig/tomo/DEMO/TIF/B1_1_2.tif].
Til2Img entry: B T=[ 1.0000  0.0000     0.00  0.0000  1.0000   857.00] path=[/groups/apig/tomo/DEMO/TIF/A1_12_2.tif].


---- Command-line overrides ----
Tab=  1.0021 -0.0222  1009.23    0.0217  1.0046   203.81
Tdfm= 1.0023 -0.0002     0.00   -0.0002  1.0048     0.00
FLD=N


---- Image loading ----
Raster8FromTif: Opening [/groups/apig/tomo/DEMO/TIF/B1_1_2.tif].
Raster8FromTif: Bits per sample 8, samples per pixel 1
Raster8FromTif: Picture is 1376 by 1040, 1431040 pixels total.
TIF(8): Last Encoded strip had 1376 bytes.
Raster8FromTif: Opening [/groups/apig/tomo/DEMO/TIF/A1_12_2.tif].
Raster8FromTif: Bits per sample 8, samples per pixel 1
Raster8FromTif: Picture is 1376 by 1040, 1431040 pixels total.
TIF(8): Last Encoded strip had 1376 bytes.
PixPair: Using image scale=1.
Timer: Image conditioning took 0.250 seconds.

---- Foldmaps ----

---- Connected regions ----
Forcing single connected region.

---- Begin A-1 to B-1 ----

---- Thumbnail matching ----
Subimage: Using intersection, w=569, h=877, pix=499013
Thumbs: After decimation 7920 pts, reqArea 2501, thmscl 8
SetDisc( 25, 5, 10, 10 )
Initial: R= 1.004, A=   1.253, X=   25.38, Y=    3.79
Peak-Disc: dR 10 dX 3 dY -9
Approx: LowRes  R=1.004, X=203.012, Y=30.289
Approx: FullRes R=0.144, X=203.132, Y=28.105, use=Y.
Timer: FinishAtFullRes took 0.460 seconds.
Approx: Returning A=1.253106, R=1.003671, X=1010.131986, Y=191.105093
Approx: Best transform  1.0021 -0.0222  1010.13    0.0217  1.0046   191.11
Approx: Orig transform  1.0021 -0.0222  1009.23    0.0217  1.0046   203.81
Approx: Idnt transform  1.0000  0.0000     0.62    0.0000  1.0000   -12.66
Approx: err = 12.6726, max = 80

---- Starting detailed region mapping ----
Roughly 315448 pixels map to B.
Region size is [0 383] in x, [0 845] in y.

---- Building mesh - affine ----
Computed simple triangle.

---- ImproveMesh - affine ----
Tri: (0 0) (383 422) (0 845).

---- Matlab Vertices ----
x=[0 383 0 0]; y=[0 422 845 0]; plot(x,y); hold on;

---- ImproveControlPts ----
STAT: ImproveCpt: Initial affine correlation 0.328210 (315448 pixels).
corr=0.328210	step=10.000000
corr=0.328210	step=5.000000
corr=0.330777	step=5.000000
corr=0.330777	step=2.500000
corr=0.331418	step=2.500000
corr=0.331691	step=2.500000
corr=0.331929	step=2.500000
corr=0.331929	step=1.250000
corr=0.332375	step=1.250000
corr=0.332375	step=0.625000
corr=0.332375	step=0.312500
corr=0.332375	step=0.156250
corr=0.332375	step=0.078125
STAT: ImproveCpt: Final affine correlation 0.332375, (threshold 0.200000).

---- Matlab A-Sys Originals ----
x=[0.000000 383.000000 0.000000 0.000000]; y=[0.000000 422.000000 845.000000 0.000000]; plot(x,y); hold on;

---- Matlab B-Sys Originals ----
x=[1010.131986 1384.559524 991.357776 1010.131986]; y=[191.105093 623.345630 1039.986178 191.105093]; plot(x,y); hold on;

---- Matlab B-Sys Optimized ----
x=[1013.208863 1383.262559 992.130346 1013.208863]; y=[191.998889 625.916826 1038.601951 191.998889]; plot(x,y); hold on;

---- Deltas ----
id=     0: dx=    3.08 dy=    0.89 d=    3.20
id=     1: dx=   -1.30 dy=    2.57 d=    2.88
id=     2: dx=    0.77 dy=   -1.38 d=    1.59

---- Areas ----
Triangle 0, area was   161817.5, is   161217.5,   -0.4%
Combined: area was   161817.5, is   161217.5,   -0.4%

---- Transforms ----
 0.9937 -0.0249  1013.21    0.0290  1.0019   192.00
Best affine transform:  0.9937 -0.0249  1013.21    0.0290  1.0019   192.00
    Inverse transform:  1.0056  0.0250 -1023.72   -0.0291  0.9974  -161.98

---- QC - affine ----
Metrics: AFF: Mean square difference 1.335443
Metrics: AFF: Smallest footprint deg=0, area=325325
MetricImages: Range x 0 385, y 0 845, use Nx=386, Ny=846
Approximate EM metric 0.149754 for 326556 points.
%Yellow: Tol   1.05  red   42.0  yellow   10.4  green   47.6
%Yellow: Tol   1.10  red   37.6  yellow   20.7  green   41.7
%Yellow: Tol   1.15  red   33.3  yellow   32.3  green   34.4
%Yellow: Tol   1.20  red   28.9  yellow   43.6  green   27.5
%Yellow: Tol   1.25  red   24.7  yellow   53.4  green   21.9
Affine Triangle: 315227 points, corr 0.332275, fm 0.149754, yellow 0.53

---- Building mesh - deformable ----
Lx Dx Nx:   383   383.00   1
Ly Dy Ny:   845   845.00   1

STAT: From 315448 pts, got 2 triangles, 4 control points.
Timer: MeshCreate took 0.000 seconds.

---- ImproveMesh - deformable mesh ----
Tri: (0 0) (383 0) (0 845).
Tri: (0 845) (383 0) (383 845).

---- Matlab Vertices ----
x=[0 383 0 0]; y=[0 0 845 0]; plot(x,y); hold on;
x=[0 383 383 0]; y=[845 0 845 845]; plot(x,y); hold on;

---- ImproveControlPts ----
STAT: ImproveCpt: Initial deformable mesh correlation 0.332375 (315448 pixels).
corr=0.332375	step=10.000000
corr=0.332375	step=5.000000
corr=0.332375	step=2.500000
corr=0.332375	step=1.250000
corr=0.332438	step=1.250000
corr=0.332744	step=1.250000
corr=0.332744	step=0.625000
corr=0.332771	step=0.625000
corr=0.332951	step=0.625000
corr=0.332951	step=0.312500
corr=0.332989	step=0.312500
corr=0.333038	step=0.312500
STAT: ImproveCpt: Final deformable mesh correlation 0.333038, (threshold 0.250000).

---- Matlab A-Sys Originals ----
x=[0.000000 383.000000 0.000000 0.000000]; y=[0.000000 0.000000 845.000000 0.000000]; plot(x,y); hold on;
x=[0.000000 383.000000 383.000000 0.000000]; y=[845.000000 0.000000 845.000000 845.000000]; plot(x,y); hold on;

---- Matlab B-Sys Originals ----
x=[1013.208863 1393.789345 992.130346 1013.208863]; y=[191.998889 203.116243 1038.601951 191.998889]; plot(x,y); hold on;
x=[992.130346 1393.789345 1372.710828 992.130346]; y=[1038.601951 203.116243 1049.719305 1038.601951]; plot(x,y); hold on;

---- Matlab B-Sys Optimized ----
x=[1013.879277 1392.733541 992.082123 1013.879277]; y=[191.197941 203.620260 1038.718984 191.197941]; plot(x,y); hold on;
x=[992.082123 1392.733541 1374.189230 992.082123]; y=[1038.718984 203.620260 1048.372229 1038.718984]; plot(x,y); hold on;

---- Deltas ----
id=     0: dx=    0.67 dy=   -0.80 d=    1.04
id=     1: dx=   -1.06 dy=    0.50 d=    1.17
id=     2: dx=   -0.05 dy=    0.12 d=    0.13
id=     3: dx=    1.48 dy=   -1.35 d=    2.00

---- Areas ----
Triangle 0, area was   161817.5, is   160678.9,   -0.7%
Triangle 1, area was   161817.5, is   161482.4,   -0.2%
Combined: area was   323635.0, is   322161.2,   -0.5%

---- Transforms ----
 0.9892 -0.0258  1013.88    0.0324  1.0030   191.20
 0.9977 -0.0219  1010.63    0.0252  0.9997   193.97

---- QC - deformable ----
Remapping 1431040 points.
Metrics: DEF: Mean square difference 1.333876
Metrics: DEF: Smallest footprint deg=0, area=323635
MetricImages: Range x 0 383, y 0 845, use Nx=384, Ny=846
Approximate EM metric 0.151040 for 324864 points.
All points, deformable, dfm 0.151040

Metrics: TRI: Mean square difference 1.295090
Metrics: TRI: Smallest footprint deg=0, area=309270
MetricImages: Range x 0 366, y 0 845, use Nx=368, Ny=846
Approximate EM metric 0.098633 for 311328 points.
%Yellow: Tol   1.05  red   44.0  yellow   10.3  green   45.7
%Yellow: Tol   1.10  red   39.0  yellow   20.4  green   40.6
%Yellow: Tol   1.15  red   34.2  yellow   32.0  green   33.8
%Yellow: Tol   1.20  red   29.6  yellow   43.2  green   27.2
%Yellow: Tol   1.25  red   25.3  yellow   51.9  green   22.8
Triangle 0: 162087 points, corr 0.352449, fm 0.098633, yellow 0.52

Metrics: TRI: Mean square difference 1.428354
Metrics: TRI: Smallest footprint deg=1, area=307166
MetricImages: Range x -14 369, y 44 846, use Nx=384, Ny=804
Approximate EM metric 0.093920 for 308736 points.
%Yellow: Tol   1.05  red   40.1  yellow   11.3  green   48.6
%Yellow: Tol   1.10  red   36.2  yellow   21.4  green   42.4
%Yellow: Tol   1.15  red   32.5  yellow   32.5  green   35.0
%Yellow: Tol   1.20  red   28.5  yellow   44.7  green   26.8
%Yellow: Tol   1.25  red   24.6  yellow   54.3  green   21.1
Triangle 1: 153240 points, corr 0.285816, fm 0.093920, yellow 0.54


---- Final reports ----
STAT: Overall 315327 points, corr 0.3330, EMM 0.1510, weighted EMM 0.0963, cor+dfm 0.4841, weighted yellow 0.5304

Angle span: min, max, delta = 0.023602 0.029221 0.005619
Mesh-Thm: 0.0087  0.0017     2.12    0.0071  0.0032     1.48 2x(LDR,LDC)=(0.20,200.00) -- OK.

Final remapping of 1431040 points.
Center 122.631711 270.558214:  0.9892 -0.0258  1013.88    0.0324  1.0030   191.20
Mapping region 1 xy= 122.631711 270.558214 to region 1 xy= 1128.204406 466.540829
Center 235.338200 585.390628:  0.9977 -0.0219  1010.63    0.0252  0.9997   193.97
Mapping region 1 xy= 235.338200 585.390628 to region 1 xy= 1232.569045 785.117348

Pipe: Returning 2 total transforms.

---- Summary Region-region results ----
Pipe: Table Headers {Az t r Bz t r thmok ntri}
FOUND:     1    1   1      0   12   1   1   2

---- Tabulating point matches ----
Tabulate: Rgn 1 -> 1: Keeping 2 of 2 point-pairs.

Timer: Alignment took 1.270 seconds.

main: Got 2 mapping regions.
main: Transform   0:  0.9892 -0.0258  1013.88    0.0324  1.0030   191.20
main: Transform   1:  0.9977 -0.0219  1010.63    0.0252  0.9997   193.97

main: Average:  0.9934 -0.0239     0.00    0.0288  1.0013     0.00
main: Degrees: 1.51306
main: Residue:  0.9938  0.0026     0.00    0.0026  1.0016     0.00

main: Inverse:  1.0059  0.0240    -0.00   -0.0290  0.9980    -0.00
main: Degrees: -1.51306
main: Residue:  1.0063 -0.0024     0.00   -0.0024  0.9983     0.00

main: Normal completion for dmesh run.
Timer: Total took 1.520 seconds.

---- Memory ----
Host name: h05u32.int.janelia.org
PID:       18858
User time:       1 seconds.
System time:     0 seconds.
VmPeak:	  517456 kB
VmSize:	  214140 kB
VmLck:	       0 kB
VmPin:	       0 kB
VmHWM:	  354200 kB
VmRSS:	   50636 kB
VmData:	   44748 kB
VmStk:	     160 kB
VmExe:	     832 kB
VmLib:	   85564 kB
VmPTE:	     344 kB
VmSwap:	       0 kB
voluntary_ctxt_switches:	25
nonvoluntary_ctxt_switches:	22

