
---- dmesh start ----
main: Start: Fri Sep 30 13:26:47 2016


---- Match parameters ----
PXBRO=2            <default 2>        "Max Legendre poly order for bkg removal"
PXLENS=N           <default N>        "Y=Apply IDB/lens.txt"
PXRESMSK=N         <default N>        "Y=Apply resin mask"
PXDOG=N            <default N>        "Y=Apply DoG filter"
PXDOG_R1=3         <default 3>        "DoG inner radius"
PXDOG_R2=6         <default 6>        "DoG outer radius"
FLD=N              <default X>        "Mask usage: Y=Use, N=None, X=XL only"
PRETWEAK=N         <default N>        "Y=Auto-distort before angle scan"
SCALE=1            <default 1.0>      "Image-B / image-A scale factor"
XSCALE=1           <default 1.0>      "Image-B / image-A x-axis scale factor"
YSCALE=1           <default 1.0>      "Image-B / image-A y-axis scale factor"
SKEW=0             <default 0.0>      "Transform elem[3] user-applied distortion"
MODE_SL=M          <default Z>        "Notes above"
MODE_XL=N          <default Y>        "Notes above"
TAB2DFM_SL=N       <default Y>        "Adopt Tdfm from Tab"
TAB2DFM_XL=Y       <default Y>        "Adopt Tdfm from Tab"
XYCONF_SL=1.0      <default 0.0>      "[0,1.0] confidence in Tab XY"
XYCONF_XL=0.8      <default 0.0>      "[0,1.0] confidence in Tab XY"
THMDEC_SL=8        <default 8>        "2^N thumb decimation factor"
THMDEC_XL=8        <default 8>        "2^N thumb decimation factor"
OLAP1D_SL=0        <default 0>        "Min 1D pix full-size overlap"
OLAP1D_XL=0        <default 0>        "Min 1D pix full-size overlap"
OLAP2D_SL=60000    <default 25000>    "Min 2D pix full-size overlap"
OLAP2D_XL=160000   <default 200000>   "Min 2D pix full-size overlap"
NBMXHT_SL=0.75     <default 0.75>     "Max F(neib)/F(pk) in guard zone"
NBMXHT_XL=0.75     <default 0.75>     "Max F(neib)/F(pk) in guard zone"
HFANGDN_SL=5       <default 5.0>      "Half angle search range denovo"
HFANGDN_XL=45      <default 45.0>     "Half angle search range denovo"
HFANGPR_SL=1       <default 1.0>      "Half angle search range prior angles"
HFANGPR_XL=4       <default 1.0>      "Half angle search range prior angles"
RTRSH_SL=0.3       <default 0.3>      "R corr thresh"
RTRSH_XL=0.3       <default 0.3>      "R corr thresh"
TWEAKS=N           <default N>        "Y=Try 8 near unity distortions"
LIMXY_SL=30        <default 0>        "0 or Max XY delta from Tab"
LIMXY_XL=80        <default 0>        "0 or Max XY delta from Tab"
WTHMPR=Y           <default Y>        "Y=Write ThmPair_a^b.txt entries"
OPT_SL=Y           <default Y(EM)>    "Y=Enable mesh optimizer"
RIT_SL=0.50        <default 0.20>     "Min mesh starting corr"
RIT_XL=0.1         <default 0.20>     "Min mesh starting corr"
RFA_SL=0.55        <default 0.3>      "Affine-only final corr"
RFA_XL=0.20        <default 0.3>      "Affine-only final corr"
RFT_SL=0.65        <default 0.5>      "Full mesh final corr"
RFT_XL=0.25        <default 0.5>      "Full mesh final corr"
TMC=5              <default 30.0%>    "Max single triangle area change"
TSC=9              <default 9.0%>     "Max summed triangle area change"
MNL=250            <default 300>      "Triangle edges between MNL and 2*MNL"
MTA=120000         <default 10000>    "Min triangle size (pixels)"
MMA=60000          <default 100000>   "Min 2D overlap for mesh"
ONE=N              <default N>        "Y=Use just one affine transform"
IFM=0.50           <default 0.50>     "Min Fourier Metric after affine-only"
FFM=0.65           <default 0.65>     "Min Fourier Metric after full mesh"
FYL=0.5            <default 0.50>     "Min fraction of yellow pixels"
CPD=0.5            <default 0.50>     "Min Correlation + DFM"
EMM=Y              <default Y>        "Y=Use Earth Mover's Metric, N=Use Fourier"
EMT=0.14           <default 0.2>      "Earth Movers Metric thresh"
WDI=N              <default N>        "Y=Write diff images (Fourier, EMM metrics)"
LDA=0.2            <default 0.2>      "Max radian delta between triangles"
LDR=0.1            <default 0.1>      "Max sine delta between triangles"
LDC=100            <default 100.0>    "Max XY delta between triangles"
DXY=100            <default 100.0>    "Max delta from user input XYs"
WMT=N              <default Y>        "Y=Write map.tif files"
WTT=N              <default Y>        "Y=Write tf.txt files"


---- Input images ----
Til2Img entry: A T=[ 1.0000  0.0000     0.00  0.0000  1.0000   857.00] path=[/groups/apig/tomo/DEMO/TIF/B1_12_2.tif].
Til2Img entry: B T=[ 1.0000  0.0000     0.00  0.0000  1.0000  1714.00] path=[/groups/apig/tomo/DEMO/TIF/A1_11_2.tif].


---- Command-line overrides ----
Tab=  1.0018 -0.0220  -140.07    0.0221  1.0048  -675.57
Tdfm= 1.0021  0.0001     0.00    0.0001  1.0051     0.00
FLD=N


---- Image loading ----
Raster8FromTif: Opening [/groups/apig/tomo/DEMO/TIF/B1_12_2.tif].
Raster8FromTif: Bits per sample 8, samples per pixel 1
Raster8FromTif: Picture is 1376 by 1040, 1431040 pixels total.
TIF(8): Last Encoded strip had 1376 bytes.
Raster8FromTif: Opening [/groups/apig/tomo/DEMO/TIF/A1_11_2.tif].
Raster8FromTif: Bits per sample 8, samples per pixel 1
Raster8FromTif: Picture is 1376 by 1040, 1431040 pixels total.
TIF(8): Last Encoded strip had 1376 bytes.
PixPair: Using image scale=1.
Timer: Image conditioning took 0.240 seconds.

---- Foldmaps ----

---- Connected regions ----
Forcing single connected region.

---- Begin A-1 to B-1 ----

---- Thumbnail matching ----
Subimage: Using intersection, w=1264, h=500, pix=632000
Thumbs: After decimation 9954 pts, reqArea 2501, thmscl 8
SetDisc( -5, -16, 10, 10 )
Initial: R= 0.820, A=   1.259, X=   -5.00, Y=  -18.37
Peak-Disc: dR 18 dX 0 dY -18
Approx: LowRes  R=0.820, X=-40.033, Y=-146.923
Approx: FullRes R=0.113, X=-41.758, Y=-147.956, use=Y.
Timer: FinishAtFullRes took 0.850 seconds.
Approx: Returning A=1.258683, R=0.819531, X=-142.091266, Y=-693.042351
Approx: Best transform  1.0018 -0.0220  -142.09    0.0221  1.0048  -693.04
Approx: Orig transform  1.0018 -0.0220  -140.07    0.0221  1.0048  -675.57
Approx: Idnt transform  1.0000  0.0000    -2.40    0.0000  1.0000   -17.33
Approx: err = 17.4963, max = 80

---- Starting detailed region mapping ----
Roughly 446994 pixels map to B.
Region size is [156 1375] in x, [659 1039] in y.

---- Building mesh - affine ----
Computed simple triangle.

---- ImproveMesh - affine ----
Tri: (156 659) (1375 659) (765 1039).

---- Matlab Vertices ----
x=[156 1375 765 156]; y=[659 659 1039 659]; plot(x,y); hold on;

---- ImproveControlPts ----
STAT: ImproveCpt: Initial affine correlation 0.262563 (446994 pixels).
corr=0.262563	step=10.000000
corr=0.269301	step=10.000000
corr=0.269301	step=5.000000
corr=0.269301	step=2.500000
corr=0.270747	step=2.500000
corr=0.270747	step=1.250000
corr=0.271182	step=1.250000
corr=0.271182	step=0.625000
corr=0.271308	step=0.625000
corr=0.271458	step=0.625000
corr=0.271458	step=0.312500
corr=0.271510	step=0.312500
corr=0.271542	step=0.312500
STAT: ImproveCpt: Final affine correlation 0.271542, (threshold 0.200000).

---- Matlab A-Sys Originals ----
x=[156.000000 1375.000000 765.000000 156.000000]; y=[659.000000 659.000000 1039.000000 659.000000]; plot(x,y); hold on;

---- Matlab B-Sys Originals ----
x=[-0.293312 1220.947210 601.471350 -0.293312]; y=[-27.408521 -0.463745 367.889735 -27.408521]; plot(x,y); hold on;

---- Matlab B-Sys Optimized ----
x=[-0.679735 1224.439495 601.449982 -0.679735]; y=[-32.250530 5.265940 367.810766 -32.250530]; plot(x,y); hold on;

---- Deltas ----
id=     0: dx=   -0.39 dy=   -4.84 d=    4.86
id=     1: dx=    3.49 dy=    5.73 d=    6.71
id=     2: dx=   -0.02 dy=   -0.08 d=    0.08

---- Areas ----
Triangle 0, area was   231610.0, is   233766.5,    0.9%
Combined: area was   231610.0, is   233766.5,    0.9%

---- Transforms ----
 1.0050 -0.0261  -140.25    0.0308  1.0035  -698.34
Best affine transform:  1.0050 -0.0261  -140.25    0.0308  1.0035  -698.34
    Inverse transform:  0.9942  0.0259   157.51   -0.0305  0.9957   691.09

---- QC - affine ----
Metrics: AFF: Mean square difference 1.456059
Metrics: AFF: Smallest footprint deg=0, area=468545
MetricImages: Range x 158 1375, y 654 1039, use Nx=1218, Ny=386
Approximate EM metric 0.125504 for 470148 points.
%Yellow: Tol   1.05  red   44.5  yellow   18.0  green   37.5
%Yellow: Tol   1.10  red   30.7  yellow   37.5  green   31.8
%Yellow: Tol   1.15  red   25.2  yellow   47.4  green   27.5
%Yellow: Tol   1.20  red   21.2  yellow   55.0  green   23.8
%Yellow: Tol   1.25  red   18.5  yellow   60.8  green   20.7
Affine Triangle: 445529 points, corr 0.271968, fm 0.125504, yellow 0.61

---- Building mesh - deformable ----
Lx Dx Nx:  1219  1219.00   1
Ly Dy Ny:   380   380.00   1

STAT: From 446994 pts, got 2 triangles, 4 control points.
Timer: MeshCreate took 0.000 seconds.

---- ImproveMesh - deformable mesh ----
Tri: (156 659) (1375 659) (156 1039).
Tri: (156 1039) (1375 659) (1375 1039).

---- Matlab Vertices ----
x=[156 1375 156 156]; y=[659 659 1039 659]; plot(x,y); hold on;
x=[156 1375 1375 156]; y=[1039 659 1039 1039]; plot(x,y); hold on;

---- ImproveControlPts ----
STAT: ImproveCpt: Initial deformable mesh correlation 0.271542 (446994 pixels).
corr=0.271542	step=10.000000
corr=0.271542	step=5.000000
corr=0.271542	step=2.500000
corr=0.271542	step=1.250000
corr=0.271542	step=0.625000
STAT: ImproveCpt: Final deformable mesh correlation 0.271542, (threshold 0.250000).

---- Matlab A-Sys Originals ----
x=[156.000000 1375.000000 156.000000 156.000000]; y=[659.000000 659.000000 1039.000000 659.000000]; plot(x,y); hold on;
x=[156.000000 1375.000000 1375.000000 156.000000]; y=[1039.000000 659.000000 1039.000000 1039.000000]; plot(x,y); hold on;

---- Matlab B-Sys Originals ----
x=[-0.679735 1224.439495 -10.607123 -0.679735]; y=[-32.250530 5.265940 349.067919 -32.250530]; plot(x,y); hold on;
x=[-10.607123 1224.439495 1214.512106 -10.607123]; y=[349.067919 5.265940 386.584389 349.067919]; plot(x,y); hold on;

---- Matlab B-Sys Optimized ----
x=[-0.679735 1224.439495 -10.607123 -0.679735]; y=[-32.250530 5.265940 349.067919 -32.250530]; plot(x,y); hold on;
x=[-10.607123 1224.439495 1214.512106 -10.607123]; y=[349.067919 5.265940 386.584389 349.067919]; plot(x,y); hold on;

---- Deltas ----
id=     0: dx=    0.00 dy=    0.00 d=    0.00
id=     1: dx=    0.00 dy=    0.00 d=    0.00
id=     2: dx=    0.00 dy=    0.00 d=    0.00
id=     3: dx=    0.00 dy=    0.00 d=    0.00

---- Areas ----
Triangle 0, area was   231610.0, is   233766.5,    0.9%
Triangle 1, area was   231610.0, is   233766.5,    0.9%
Combined: area was   463220.0, is   467533.0,    0.9%

---- Transforms ----
 1.0050 -0.0261  -140.25    0.0308  1.0035  -698.34
 1.0050 -0.0261  -140.25    0.0308  1.0035  -698.34

---- QC - deformable ----
Remapping 1431040 points.
Metrics: DEF: Mean square difference 1.456059
Metrics: DEF: Smallest footprint deg=0, area=468545
MetricImages: Range x 158 1375, y 654 1039, use Nx=1218, Ny=386
Approximate EM metric 0.125504 for 470148 points.
All points, deformable, dfm 0.125504

Metrics: TRI: Mean square difference 1.407211
Metrics: TRI: Smallest footprint deg=2, area=421590
MetricImages: Range x 130 1352, y 696 1041, use Nx=1224, Ny=346
Approximate EM metric 0.087133 for 423504 points.
%Yellow: Tol   1.05  red   43.2  yellow   15.5  green   41.3
%Yellow: Tol   1.10  red   37.0  yellow   27.4  green   35.6
%Yellow: Tol   1.15  red   32.2  yellow   37.0  green   30.8
%Yellow: Tol   1.20  red   25.6  yellow   47.8  green   26.6
%Yellow: Tol   1.25  red   20.1  yellow   56.9  green   23.0
Triangle 0: 213142 points, corr 0.296390, fm 0.087133, yellow 0.57

Metrics: TRI: Mean square difference 1.489390
Metrics: TRI: Smallest footprint deg=0, area=457832
MetricImages: Range x 167 1375, y 660 1039, use Nx=1210, Ny=380
Approximate EM metric 0.081725 for 459800 points.
%Yellow: Tol   1.05  red   34.3  yellow   31.1  green   34.6
%Yellow: Tol   1.10  red   23.4  yellow   48.9  green   27.7
%Yellow: Tol   1.15  red   21.2  yellow   55.2  green   23.6
%Yellow: Tol   1.20  red   19.2  yellow   60.5  green   20.3
%Yellow: Tol   1.25  red   17.4  yellow   64.9  green   17.7
Triangle 1: 232387 points, corr 0.255301, fm 0.081725, yellow 0.65


---- Final reports ----
STAT: Overall 445529 points, corr 0.2715, EMM 0.1255, weighted EMM 0.0843, cor+dfm 0.3970, weighted yellow 0.6109

Angle span: min, max, delta = 0.028323 0.028323 0.000000
Mesh-Thm: 0.0032  0.0041     1.84    0.0087  0.0014     5.30 2x(LDR,LDC)=(0.20,200.00) -- OK.

Final remapping of 1431040 points.
Center 546.308240 780.671150:  1.0050 -0.0261  -140.25    0.0308  1.0035  -698.34
Mapping region 1 xy= 546.308240 780.671150 to region 1 xy= 388.409182 101.855065
Center 905.026803 922.252590:  1.0050 -0.0261  -140.25    0.0308  1.0035  -698.34
Mapping region 1 xy= 905.026803 922.252590 to region 1 xy= 745.229694 254.967814

Pipe: Returning 2 total transforms.

---- Summary Region-region results ----
Pipe: Table Headers {Az t r Bz t r thmok ntri}
FOUND:     1   12   1      0   11   1   1   2

---- Tabulating point matches ----
Tabulate: Rgn 1 -> 1: Keeping 2 of 2 point-pairs.

Timer: Alignment took 1.810 seconds.

main: Got 2 mapping regions.
main: Transform   0:  1.0050 -0.0261  -140.25    0.0308  1.0035  -698.34
main: Transform   1:  1.0050 -0.0261  -140.25    0.0308  1.0035  -698.34

main: Average:  1.0050 -0.0261     0.00    0.0308  1.0035     0.00
main: Degrees: 1.62277
main: Residue:  1.0055  0.0023     0.00    0.0023  1.0038     0.00

main: Inverse:  0.9942  0.0259    -0.00   -0.0305  0.9957    -0.00
main: Degrees: -1.62277
main: Residue:  0.9947 -0.0023     0.00   -0.0023  0.9961     0.00

main: Normal completion for dmesh run.
Timer: Total took 2.050 seconds.

---- Memory ----
Host name: h05u32.int.janelia.org
PID:       18784
User time:       1 seconds.
System time:     0 seconds.
VmPeak:	  709788 kB
VmSize:	  214824 kB
VmLck:	       0 kB
VmPin:	       0 kB
VmHWM:	  546692 kB
VmRSS:	   50112 kB
VmData:	   45428 kB
VmStk:	     164 kB
VmExe:	     832 kB
VmLib:	   85564 kB
VmPTE:	     340 kB
VmSwap:	       0 kB
voluntary_ctxt_switches:	21
nonvoluntary_ctxt_switches:	50

