
---- dmesh start ----
main: Start: Fri Sep 30 13:26:51 2016


---- Match parameters ----
PXBRO=2            <default 2>        "Max Legendre poly order for bkg removal"
PXLENS=N           <default N>        "Y=Apply IDB/lens.txt"
PXRESMSK=N         <default N>        "Y=Apply resin mask"
PXDOG=N            <default N>        "Y=Apply DoG filter"
PXDOG_R1=3         <default 3>        "DoG inner radius"
PXDOG_R2=6         <default 6>        "DoG outer radius"
FLD=N              <default X>        "Mask usage: Y=Use, N=None, X=XL only"
PRETWEAK=N         <default N>        "Y=Auto-distort before angle scan"
SCALE=1            <default 1.0>      "Image-B / image-A scale factor"
XSCALE=1           <default 1.0>      "Image-B / image-A x-axis scale factor"
YSCALE=1           <default 1.0>      "Image-B / image-A y-axis scale factor"
SKEW=0             <default 0.0>      "Transform elem[3] user-applied distortion"
MODE_SL=M          <default Z>        "Notes above"
MODE_XL=N          <default Y>        "Notes above"
TAB2DFM_SL=N       <default Y>        "Adopt Tdfm from Tab"
TAB2DFM_XL=Y       <default Y>        "Adopt Tdfm from Tab"
XYCONF_SL=1.0      <default 0.0>      "[0,1.0] confidence in Tab XY"
XYCONF_XL=0.8      <default 0.0>      "[0,1.0] confidence in Tab XY"
THMDEC_SL=8        <default 8>        "2^N thumb decimation factor"
THMDEC_XL=8        <default 8>        "2^N thumb decimation factor"
OLAP1D_SL=0        <default 0>        "Min 1D pix full-size overlap"
OLAP1D_XL=0        <default 0>        "Min 1D pix full-size overlap"
OLAP2D_SL=60000    <default 25000>    "Min 2D pix full-size overlap"
OLAP2D_XL=160000   <default 200000>   "Min 2D pix full-size overlap"
NBMXHT_SL=0.75     <default 0.75>     "Max F(neib)/F(pk) in guard zone"
NBMXHT_XL=0.75     <default 0.75>     "Max F(neib)/F(pk) in guard zone"
HFANGDN_SL=5       <default 5.0>      "Half angle search range denovo"
HFANGDN_XL=45      <default 45.0>     "Half angle search range denovo"
HFANGPR_SL=1       <default 1.0>      "Half angle search range prior angles"
HFANGPR_XL=4       <default 1.0>      "Half angle search range prior angles"
RTRSH_SL=0.3       <default 0.3>      "R corr thresh"
RTRSH_XL=0.3       <default 0.3>      "R corr thresh"
TWEAKS=N           <default N>        "Y=Try 8 near unity distortions"
LIMXY_SL=30        <default 0>        "0 or Max XY delta from Tab"
LIMXY_XL=80        <default 0>        "0 or Max XY delta from Tab"
WTHMPR=Y           <default Y>        "Y=Write ThmPair_a^b.txt entries"
OPT_SL=Y           <default Y(EM)>    "Y=Enable mesh optimizer"
RIT_SL=0.50        <default 0.20>     "Min mesh starting corr"
RIT_XL=0.1         <default 0.20>     "Min mesh starting corr"
RFA_SL=0.55        <default 0.3>      "Affine-only final corr"
RFA_XL=0.20        <default 0.3>      "Affine-only final corr"
RFT_SL=0.65        <default 0.5>      "Full mesh final corr"
RFT_XL=0.25        <default 0.5>      "Full mesh final corr"
TMC=5              <default 30.0%>    "Max single triangle area change"
TSC=9              <default 9.0%>     "Max summed triangle area change"
MNL=250            <default 300>      "Triangle edges between MNL and 2*MNL"
MTA=120000         <default 10000>    "Min triangle size (pixels)"
MMA=60000          <default 100000>   "Min 2D overlap for mesh"
ONE=N              <default N>        "Y=Use just one affine transform"
IFM=0.50           <default 0.50>     "Min Fourier Metric after affine-only"
FFM=0.65           <default 0.65>     "Min Fourier Metric after full mesh"
FYL=0.5            <default 0.50>     "Min fraction of yellow pixels"
CPD=0.5            <default 0.50>     "Min Correlation + DFM"
EMM=Y              <default Y>        "Y=Use Earth Mover's Metric, N=Use Fourier"
EMT=0.14           <default 0.2>      "Earth Movers Metric thresh"
WDI=N              <default N>        "Y=Write diff images (Fourier, EMM metrics)"
LDA=0.2            <default 0.2>      "Max radian delta between triangles"
LDR=0.1            <default 0.1>      "Max sine delta between triangles"
LDC=100            <default 100.0>    "Max XY delta between triangles"
DXY=100            <default 100.0>    "Max delta from user input XYs"
WMT=N              <default Y>        "Y=Write map.tif files"
WTT=N              <default Y>        "Y=Write tf.txt files"


---- Input images ----
Til2Img entry: A T=[ 1.0000  0.0000     0.00  0.0000  1.0000  2571.00] path=[/groups/apig/tomo/DEMO/TIF/B1_10_2.tif].
Til2Img entry: B T=[ 1.0000  0.0000     0.00  0.0000  1.0000  3428.00] path=[/groups/apig/tomo/DEMO/TIF/A1_9_2.tif].


---- Command-line overrides ----
Tab=  1.0022 -0.0217  -179.01    0.0221  1.0043  -669.47
Tdfm= 1.0024  0.0002     0.00    0.0002  1.0046     0.00
FLD=N


---- Image loading ----
Raster8FromTif: Opening [/groups/apig/tomo/DEMO/TIF/B1_10_2.tif].
Raster8FromTif: Bits per sample 8, samples per pixel 1
Raster8FromTif: Picture is 1376 by 1040, 1431040 pixels total.
TIF(8): Last Encoded strip had 1376 bytes.
Raster8FromTif: Opening [/groups/apig/tomo/DEMO/TIF/A1_9_2.tif].
Raster8FromTif: Bits per sample 8, samples per pixel 1
Raster8FromTif: Picture is 1376 by 1040, 1431040 pixels total.
TIF(8): Last Encoded strip had 1376 bytes.
PixPair: Using image scale=1.
Timer: Image conditioning took 0.250 seconds.

---- Foldmaps ----

---- Connected regions ----
Forcing single connected region.

---- Begin A-1 to B-1 ----

---- Thumbnail matching ----
Subimage: Using intersection, w=1233, h=505, pix=622665
Thumbs: After decimation 9920 pts, reqArea 2501, thmscl 8
SetDisc( -6, -16, 10, 10 )
Initial: R= 1.112, A=   1.251, X=   -6.03, Y=  -16.77
Peak-Disc: dR 6 dX 0 dY -6
Approx: LowRes  R=1.112, X=-48.220, Y=-134.122
Approx: FullRes R=0.169, X=-47.112, Y=-132.896, use=Y.
Timer: FinishAtFullRes took 0.900 seconds.
Approx: Returning A=1.251138, R=1.111657, X=-178.803025, Y=-673.377630
Approx: Best transform  1.0022 -0.0217  -178.80    0.0221  1.0043  -673.38
Approx: Orig transform  1.0022 -0.0217  -179.01    0.0221  1.0043  -669.47
Approx: Idnt transform  1.0000  0.0000     0.12   -0.0000  1.0000    -3.89
Approx: err = 3.89482, max = 80

---- Starting detailed region mapping ----
Roughly 456886 pixels map to B.
Region size is [192 1375] in x, [640 1039] in y.

---- Building mesh - affine ----
Computed simple triangle.

---- ImproveMesh - affine ----
Tri: (192 640) (1375 640) (783 1039).

---- Matlab Vertices ----
x=[192 1375 783 192]; y=[640 640 1039 640]; plot(x,y); hold on;

---- ImproveControlPts ----
STAT: ImproveCpt: Initial affine correlation 0.609061 (456886 pixels).
corr=0.609061	step=10.000000
corr=0.616086	step=10.000000
corr=0.616086	step=5.000000
corr=0.616086	step=2.500000
corr=0.616086	step=1.250000
corr=0.616086	step=0.625000
corr=0.616299	step=0.625000
corr=0.616304	step=0.625000
corr=0.616304	step=0.312500
STAT: ImproveCpt: Final affine correlation 0.616304, (threshold 0.200000).

---- Matlab A-Sys Originals ----
x=[192.000000 1375.000000 783.000000 192.000000]; y=[640.000000 640.000000 1039.000000 640.000000]; plot(x,y); hold on;

---- Matlab B-Sys Originals ----
x=[-0.286289 1185.278455 583.329517 -0.286289]; y=[-26.357342 -0.208310 387.436984 -26.357342]; plot(x,y); hold on;

---- Matlab B-Sys Optimized ----
x=[-1.925750 1188.182734 582.006283 -1.925750]; y=[-29.076233 8.803560 385.510912 -29.076233]; plot(x,y); hold on;

---- Deltas ----
id=     0: dx=   -1.64 dy=   -2.72 d=    3.17
id=     1: dx=    2.90 dy=    9.01 d=    9.47
id=     2: dx=   -1.32 dy=   -1.93 d=    2.34

---- Areas ----
Triangle 0, area was   236008.5, is   235642.2,   -0.2%
Combined: area was   236008.5, is   235642.2,   -0.2%

---- Transforms ----
 1.0060 -0.0266  -178.05    0.0320  0.9916  -669.87
Best affine transform:  1.0060 -0.0266  -178.05    0.0320  0.9916  -669.87
    Inverse transform:  0.9932  0.0267   194.69   -0.0321  1.0076   669.23

---- QC - affine ----
Metrics: AFF: Mean square difference 0.773733
Metrics: AFF: Smallest footprint deg=0, area=480260
MetricImages: Range x 195 1375, y 632 1039, use Nx=1182, Ny=408
Approximate EM metric 0.152977 for 482256 points.
%Yellow: Tol   1.05  red   40.6  yellow   18.3  green   41.1
%Yellow: Tol   1.10  red   32.5  yellow   35.9  green   31.6
%Yellow: Tol   1.15  red   25.4  yellow   50.3  green   24.3
%Yellow: Tol   1.20  red   20.1  yellow   60.8  green   19.1
%Yellow: Tol   1.25  red   16.3  yellow   68.3  green   15.4
Affine Triangle: 457913 points, corr 0.613131, fm 0.152977, yellow 0.68

---- Building mesh - deformable ----
Lx Dx Nx:  1183  1183.00   1
Ly Dy Ny:   399   399.00   1

STAT: From 456886 pts, got 2 triangles, 4 control points.
Timer: MeshCreate took 0.010 seconds.

---- ImproveMesh - deformable mesh ----
Tri: (192 640) (1375 640) (192 1039).
Tri: (192 1039) (1375 640) (1375 1039).

---- Matlab Vertices ----
x=[192 1375 192 192]; y=[640 640 1039 640]; plot(x,y); hold on;
x=[192 1375 1375 192]; y=[1039 640 1039 1039]; plot(x,y); hold on;

---- ImproveControlPts ----
STAT: ImproveCpt: Initial deformable mesh correlation 0.616304 (456886 pixels).
corr=0.616304	step=10.000000
corr=0.616304	step=5.000000
corr=0.616304	step=2.500000
corr=0.616304	step=1.250000
corr=0.616304	step=0.625000
STAT: ImproveCpt: Final deformable mesh correlation 0.616304, (threshold 0.250000).

---- Matlab A-Sys Originals ----
x=[192.000000 1375.000000 192.000000 192.000000]; y=[640.000000 640.000000 1039.000000 640.000000]; plot(x,y); hold on;
x=[192.000000 1375.000000 1375.000000 192.000000]; y=[1039.000000 640.000000 1039.000000 1039.000000]; plot(x,y); hold on;

---- Matlab B-Sys Originals ----
x=[-1.925750 1188.182734 -12.544954 -1.925750]; y=[-29.076233 8.803560 366.587025 -29.076233]; plot(x,y); hold on;
x=[-12.544954 1188.182734 1177.563529 -12.544954]; y=[366.587025 8.803560 404.466818 366.587025]; plot(x,y); hold on;

---- Matlab B-Sys Optimized ----
x=[-1.925750 1188.182734 -12.544954 -1.925750]; y=[-29.076233 8.803560 366.587025 -29.076233]; plot(x,y); hold on;
x=[-12.544954 1188.182734 1177.563529 -12.544954]; y=[366.587025 8.803560 404.466818 366.587025]; plot(x,y); hold on;

---- Deltas ----
id=     0: dx=    0.00 dy=    0.00 d=    0.00
id=     1: dx=    0.00 dy=    0.00 d=    0.00
id=     2: dx=    0.00 dy=    0.00 d=    0.00
id=     3: dx=    0.00 dy=    0.00 d=    0.00

---- Areas ----
Triangle 0, area was   236008.5, is   235642.2,   -0.2%
Triangle 1, area was   236008.5, is   235642.2,   -0.2%
Combined: area was   472017.0, is   471284.5,   -0.2%

---- Transforms ----
 1.0060 -0.0266  -178.05    0.0320  0.9916  -669.87
 1.0060 -0.0266  -178.05    0.0320  0.9916  -669.87

---- QC - deformable ----
Remapping 1431040 points.
Metrics: DEF: Mean square difference 0.773733
Metrics: DEF: Smallest footprint deg=0, area=480260
MetricImages: Range x 195 1375, y 632 1039, use Nx=1182, Ny=408
Approximate EM metric 0.152977 for 482256 points.
All points, deformable, dfm 0.152977

Metrics: TRI: Mean square difference 0.808209
Metrics: TRI: Smallest footprint deg=2, area=433710
MetricImages: Range x 168 1353, y 675 1041, use Nx=1186, Ny=368
Approximate EM metric 0.089244 for 436448 points.
%Yellow: Tol   1.05  red   42.0  yellow   18.3  green   39.6
%Yellow: Tol   1.10  red   33.3  yellow   35.6  green   31.2
%Yellow: Tol   1.15  red   25.5  yellow   50.4  green   24.1
%Yellow: Tol   1.20  red   19.8  yellow   61.4  green   18.8
%Yellow: Tol   1.25  red   15.9  yellow   69.0  green   15.1
Triangle 0: 221151 points, corr 0.595891, fm 0.089244, yellow 0.69

Metrics: TRI: Mean square difference 0.763798
Metrics: TRI: Smallest footprint deg=0, area=465660
MetricImages: Range x 205 1375, y 641 1039, use Nx=1172, Ny=400
Approximate EM metric 0.110329 for 468800 points.
%Yellow: Tol   1.05  red   38.5  yellow   21.8  green   39.7
%Yellow: Tol   1.10  red   31.4  yellow   37.6  green   31.0
%Yellow: Tol   1.15  red   25.5  yellow   50.1  green   24.5
%Yellow: Tol   1.20  red   20.6  yellow   60.1  green   19.3
%Yellow: Tol   1.25  red   17.0  yellow   67.6  green   15.4
Triangle 1: 236762 points, corr 0.618097, fm 0.110329, yellow 0.68


---- Final reports ----
STAT: Overall 457913 points, corr 0.6163, EMM 0.1530, weighted EMM 0.1001, cor+dfm 0.7693, weighted yellow 0.6832

Angle span: min, max, delta = 0.029343 0.029343 0.000000
Mesh-Thm: 0.0038  0.0049     0.76    0.0099  0.0127     3.51 2x(LDR,LDC)=(0.20,200.00) -- OK.

Final remapping of 1431040 points.
Center 570.781500 767.754707:  1.0060 -0.0266  -178.05    0.0320  0.9916  -669.87
Mapping region 1 xy= 570.781500 767.754707 to region 1 xy= 375.731662 109.738718
Center 918.906241 916.415220:  1.0060 -0.0266  -178.05    0.0320  0.9916  -669.87
Mapping region 1 xy= 918.906241 916.415220 to region 1 xy= 721.991705 268.303012

Pipe: Returning 2 total transforms.

---- Summary Region-region results ----
Pipe: Table Headers {Az t r Bz t r thmok ntri}
FOUND:     1   10   1      0    9   1   1   2

---- Tabulating point matches ----
Tabulate: Rgn 1 -> 1: Keeping 2 of 2 point-pairs.

Timer: Alignment took 1.740 seconds.

main: Got 2 mapping regions.
main: Transform   0:  1.0060 -0.0266  -178.05    0.0320  0.9916  -669.87
main: Transform   1:  1.0060 -0.0266  -178.05    0.0320  0.9916  -669.87

main: Average:  1.0060 -0.0266     0.00    0.0320  0.9916     0.00
main: Degrees: 1.68126
main: Residue:  1.0065  0.0025     0.00    0.0025  0.9920     0.00

main: Inverse:  0.9932  0.0267    -0.00   -0.0321  1.0076    -0.00
main: Degrees: -1.68126
main: Residue:  0.9937 -0.0029     0.00   -0.0029  1.0079     0.00

main: Normal completion for dmesh run.
Timer: Total took 2.000 seconds.

---- Memory ----
Host name: h05u32.int.janelia.org
PID:       18796
User time:       1 seconds.
System time:     0 seconds.
VmPeak:	  707736 kB
VmSize:	  214824 kB
VmLck:	       0 kB
VmPin:	       0 kB
VmHWM:	  544540 kB
VmRSS:	   51276 kB
VmData:	   45428 kB
VmStk:	     164 kB
VmExe:	     832 kB
VmLib:	   85564 kB
VmPTE:	     348 kB
VmSwap:	       0 kB
voluntary_ctxt_switches:	22
nonvoluntary_ctxt_switches:	38

