
---- dmesh start ----
main: Start: Fri Sep 30 13:26:52 2016


---- Match parameters ----
PXBRO=2            <default 2>        "Max Legendre poly order for bkg removal"
PXLENS=N           <default N>        "Y=Apply IDB/lens.txt"
PXRESMSK=N         <default N>        "Y=Apply resin mask"
PXDOG=N            <default N>        "Y=Apply DoG filter"
PXDOG_R1=3         <default 3>        "DoG inner radius"
PXDOG_R2=6         <default 6>        "DoG outer radius"
FLD=N              <default X>        "Mask usage: Y=Use, N=None, X=XL only"
PRETWEAK=N         <default N>        "Y=Auto-distort before angle scan"
SCALE=1            <default 1.0>      "Image-B / image-A scale factor"
XSCALE=1           <default 1.0>      "Image-B / image-A x-axis scale factor"
YSCALE=1           <default 1.0>      "Image-B / image-A y-axis scale factor"
SKEW=0             <default 0.0>      "Transform elem[3] user-applied distortion"
MODE_SL=M          <default Z>        "Notes above"
MODE_XL=N          <default Y>        "Notes above"
TAB2DFM_SL=N       <default Y>        "Adopt Tdfm from Tab"
TAB2DFM_XL=Y       <default Y>        "Adopt Tdfm from Tab"
XYCONF_SL=1.0      <default 0.0>      "[0,1.0] confidence in Tab XY"
XYCONF_XL=0.8      <default 0.0>      "[0,1.0] confidence in Tab XY"
THMDEC_SL=8        <default 8>        "2^N thumb decimation factor"
THMDEC_XL=8        <default 8>        "2^N thumb decimation factor"
OLAP1D_SL=0        <default 0>        "Min 1D pix full-size overlap"
OLAP1D_XL=0        <default 0>        "Min 1D pix full-size overlap"
OLAP2D_SL=60000    <default 25000>    "Min 2D pix full-size overlap"
OLAP2D_XL=160000   <default 200000>   "Min 2D pix full-size overlap"
NBMXHT_SL=0.75     <default 0.75>     "Max F(neib)/F(pk) in guard zone"
NBMXHT_XL=0.75     <default 0.75>     "Max F(neib)/F(pk) in guard zone"
HFANGDN_SL=5       <default 5.0>      "Half angle search range denovo"
HFANGDN_XL=45      <default 45.0>     "Half angle search range denovo"
HFANGPR_SL=1       <default 1.0>      "Half angle search range prior angles"
HFANGPR_XL=4       <default 1.0>      "Half angle search range prior angles"
RTRSH_SL=0.3       <default 0.3>      "R corr thresh"
RTRSH_XL=0.3       <default 0.3>      "R corr thresh"
TWEAKS=N           <default N>        "Y=Try 8 near unity distortions"
LIMXY_SL=30        <default 0>        "0 or Max XY delta from Tab"
LIMXY_XL=80        <default 0>        "0 or Max XY delta from Tab"
WTHMPR=Y           <default Y>        "Y=Write ThmPair_a^b.txt entries"
OPT_SL=Y           <default Y(EM)>    "Y=Enable mesh optimizer"
RIT_SL=0.50        <default 0.20>     "Min mesh starting corr"
RIT_XL=0.1         <default 0.20>     "Min mesh starting corr"
RFA_SL=0.55        <default 0.3>      "Affine-only final corr"
RFA_XL=0.20        <default 0.3>      "Affine-only final corr"
RFT_SL=0.65        <default 0.5>      "Full mesh final corr"
RFT_XL=0.25        <default 0.5>      "Full mesh final corr"
TMC=5              <default 30.0%>    "Max single triangle area change"
TSC=9              <default 9.0%>     "Max summed triangle area change"
MNL=250            <default 300>      "Triangle edges between MNL and 2*MNL"
MTA=120000         <default 10000>    "Min triangle size (pixels)"
MMA=60000          <default 100000>   "Min 2D overlap for mesh"
ONE=N              <default N>        "Y=Use just one affine transform"
IFM=0.50           <default 0.50>     "Min Fourier Metric after affine-only"
FFM=0.65           <default 0.65>     "Min Fourier Metric after full mesh"
FYL=0.5            <default 0.50>     "Min fraction of yellow pixels"
CPD=0.5            <default 0.50>     "Min Correlation + DFM"
EMM=Y              <default Y>        "Y=Use Earth Mover's Metric, N=Use Fourier"
EMT=0.14           <default 0.2>      "Earth Movers Metric thresh"
WDI=N              <default N>        "Y=Write diff images (Fourier, EMM metrics)"
LDA=0.2            <default 0.2>      "Max radian delta between triangles"
LDR=0.1            <default 0.1>      "Max sine delta between triangles"
LDC=100            <default 100.0>    "Max XY delta between triangles"
DXY=100            <default 100.0>    "Max delta from user input XYs"
WMT=N              <default Y>        "Y=Write map.tif files"
WTT=N              <default Y>        "Y=Write tf.txt files"


---- Input images ----
Til2Img entry: A T=[ 1.0000  0.0000     0.00  0.0000  1.0000  3428.00] path=[/groups/apig/tomo/DEMO/TIF/B1_9_2.tif].
Til2Img entry: B T=[ 1.0000  0.0000     0.00  0.0000  1.0000  3428.00] path=[/groups/apig/tomo/DEMO/TIF/A1_9_2.tif].


---- Command-line overrides ----
Tab=  1.0017 -0.0201  -194.66    0.0220  1.0049   191.67
Tdfm= 1.0019  0.0010     0.00    0.0010  1.0051     0.00
FLD=N


---- Image loading ----
Raster8FromTif: Opening [/groups/apig/tomo/DEMO/TIF/B1_9_2.tif].
Raster8FromTif: Bits per sample 8, samples per pixel 1
Raster8FromTif: Picture is 1376 by 1040, 1431040 pixels total.
TIF(8): Last Encoded strip had 1376 bytes.
Raster8FromTif: Opening [/groups/apig/tomo/DEMO/TIF/A1_9_2.tif].
Raster8FromTif: Bits per sample 8, samples per pixel 1
Raster8FromTif: Picture is 1376 by 1040, 1431040 pixels total.
TIF(8): Last Encoded strip had 1376 bytes.
PixPair: Using image scale=1.
Timer: Image conditioning took 0.240 seconds.

---- Foldmaps ----

---- Connected regions ----
Forcing single connected region.

---- Begin A-1 to B-1 ----

---- Thumbnail matching ----
Subimage: Using intersection, w=1221, h=887, pix=1083027
Thumbs: After decimation 16983 pts, reqArea 2501, thmscl 8
SetDisc( -5, 5, 10, 10 )
Initial: R= 1.577, A=   1.203, X=   -5.00, Y=    4.93
Peak-Disc: dR 0 dX 0 dY 0
Approx: LowRes  R=1.577, X=-40.018, Y=39.458
Approx: FullRes R=0.228, X=-39.313, Y=39.263, use=Y.
Timer: FinishAtFullRes took 1.000 seconds.
Approx: Returning A=1.202818, R=1.576997, X=-194.570635, Y=188.855778
Approx: Best transform  1.0017 -0.0201  -194.57    0.0220  1.0049   188.86
Approx: Orig transform  1.0017 -0.0201  -194.66    0.0220  1.0049   191.67
Approx: Idnt transform  1.0000  0.0000     0.03    0.0000  1.0000    -2.80
Approx: err = 2.80136, max = 80

---- Starting detailed region mapping ----
Roughly 974541 pixels map to B.
Region size is [194 1375] in x, [0 842] in y.

---- Building mesh - affine ----
Computed simple triangle.

---- ImproveMesh - affine ----
Tri: (194 0) (1375 0) (784 842).

---- Matlab Vertices ----
x=[194 1375 784 194]; y=[0 0 842 0]; plot(x,y); hold on;

---- ImproveControlPts ----
STAT: ImproveCpt: Initial affine correlation 0.567313 (974541 pixels).
corr=0.567313	step=10.000000
corr=0.567313	step=5.000000
corr=0.571813	step=5.000000
corr=0.571813	step=2.500000
corr=0.571813	step=1.250000
corr=0.572518	step=1.250000
corr=0.572518	step=0.625000
corr=0.572518	step=0.312500
corr=0.572526	step=0.312500
corr=0.572598	step=0.312500
STAT: ImproveCpt: Final affine correlation 0.572598, (threshold 0.200000).

---- Matlab A-Sys Originals ----
x=[194.000000 1375.000000 784.000000 194.000000]; y=[0.000000 0.000000 842.000000 0.000000]; plot(x,y); hold on;

---- Matlab B-Sys Originals ----
x=[-0.247819 1182.717365 573.771851 -0.247819]; y=[193.120868 219.085153 1052.206872 193.120868]; plot(x,y); hold on;

---- Matlab B-Sys Optimized ----
x=[-1.083799 1183.223615 572.739132 -1.083799]; y=[188.932040 219.509822 1053.598740 188.932040]; plot(x,y); hold on;

---- Deltas ----
id=     0: dx=   -0.84 dy=   -4.19 d=    4.27
id=     1: dx=    0.51 dy=    0.42 d=    0.66
id=     2: dx=   -1.03 dy=    1.39 d=    1.73

---- Areas ----
Triangle 0, area was   497201.0, is   503242.5,    1.2%
Combined: area was   497201.0, is   503242.5,    1.2%

---- Transforms ----
 1.0028 -0.0212  -195.63    0.0259  1.0088   183.91
Best affine transform:  1.0028 -0.0212  -195.63    0.0259  1.0088   183.91
    Inverse transform:  0.9967  0.0209   191.13   -0.0256  0.9908  -187.21

---- QC - affine ----
Metrics: AFF: Mean square difference 0.855435
Metrics: AFF: Smallest footprint deg=0, area=992718
MetricImages: Range x 196 1375, y 0 842, use Nx=1180, Ny=844
Approximate EM metric 0.136186 for 995920 points.
%Yellow: Tol   1.05  red   37.8  yellow   21.6  green   40.6
%Yellow: Tol   1.10  red   30.0  yellow   38.6  green   31.4
%Yellow: Tol   1.15  red   24.4  yellow   51.3  green   24.2
%Yellow: Tol   1.20  red   20.2  yellow   60.8  green   19.1
%Yellow: Tol   1.25  red   17.0  yellow   67.5  green   15.5
Affine Triangle: 969888 points, corr 0.572282, fm 0.136186, yellow 0.67

---- Building mesh - deformable ----
Lx Dx Nx:  1181   590.00   2
Ly Dy Ny:   842   421.00   2

STAT: From 974541 pts, got 8 triangles, 9 control points.
Timer: MeshCreate took 0.040 seconds.

---- ImproveMesh - deformable mesh ----
Tri: (194 0) (784 0) (194 421).
Tri: (194 421) (784 0) (784 421).
Tri: (784 0) (1375 0) (784 421).
Tri: (784 421) (1375 0) (1375 421).
Tri: (194 421) (784 421) (194 842).
Tri: (194 842) (784 421) (784 842).
Tri: (784 421) (1375 421) (784 842).
Tri: (784 842) (1375 421) (1375 842).

---- Matlab Vertices ----
x=[194 784 194 194]; y=[0 0 421 0]; plot(x,y); hold on;
x=[194 784 784 194]; y=[421 0 421 421]; plot(x,y); hold on;
x=[784 1375 784 784]; y=[0 0 421 0]; plot(x,y); hold on;
x=[784 1375 1375 784]; y=[421 0 421 421]; plot(x,y); hold on;
x=[194 784 194 194]; y=[421 421 842 421]; plot(x,y); hold on;
x=[194 784 784 194]; y=[842 421 842 842]; plot(x,y); hold on;
x=[784 1375 784 784]; y=[421 421 842 421]; plot(x,y); hold on;
x=[784 1375 1375 784]; y=[842 421 842 842]; plot(x,y); hold on;

---- ImproveControlPts ----
STAT: ImproveCpt: Initial deformable mesh correlation 0.572598 (974541 pixels).
corr=0.572598	step=10.000000
corr=0.572598	step=5.000000
corr=0.573524	step=5.000000
corr=0.573524	step=2.500000
corr=0.573567	step=2.500000
corr=0.573732	step=2.500000
corr=0.573732	step=1.250000
corr=0.573956	step=1.250000
corr=0.573967	step=1.250000
corr=0.574077	step=1.250000
corr=0.574077	step=0.625000
corr=0.574164	step=0.625000
corr=0.574164	step=0.312500
STAT: ImproveCpt: Final deformable mesh correlation 0.574164, (threshold 0.250000).

---- Matlab A-Sys Originals ----
x=[194.000000 784.000000 194.000000 194.000000]; y=[0.000000 0.000000 421.000000 0.000000]; plot(x,y); hold on;
x=[194.000000 784.000000 784.000000 194.000000]; y=[421.000000 0.000000 421.000000 421.000000]; plot(x,y); hold on;
x=[784.000000 1375.000000 784.000000 784.000000]; y=[0.000000 0.000000 421.000000 0.000000]; plot(x,y); hold on;
x=[784.000000 1375.000000 1375.000000 784.000000]; y=[421.000000 0.000000 421.000000 421.000000]; plot(x,y); hold on;
x=[194.000000 784.000000 194.000000 194.000000]; y=[421.000000 421.000000 842.000000 421.000000]; plot(x,y); hold on;
x=[194.000000 784.000000 784.000000 194.000000]; y=[842.000000 421.000000 842.000000 842.000000]; plot(x,y); hold on;
x=[784.000000 1375.000000 784.000000 784.000000]; y=[421.000000 421.000000 842.000000 421.000000]; plot(x,y); hold on;
x=[784.000000 1375.000000 1375.000000 784.000000]; y=[842.000000 421.000000 842.000000 842.000000]; plot(x,y); hold on;

---- Matlab B-Sys Originals ----
x=[-1.083799 590.568507 -9.998487 -1.083799]; y=[188.932040 204.207985 613.627418 188.932040]; plot(x,y); hold on;
x=[-9.998487 590.568507 581.653820 -9.998487]; y=[613.627418 204.207985 628.903363 613.627418]; plot(x,y); hold on;
x=[590.568507 1183.223615 581.653820 590.568507]; y=[204.207985 219.509822 628.903363 204.207985]; plot(x,y); hold on;
x=[581.653820 1183.223615 1174.308927 581.653820]; y=[628.903363 219.509822 644.205199 628.903363]; plot(x,y); hold on;
x=[-9.998487 581.653820 -18.913175 -9.998487]; y=[613.627418 628.903363 1038.322795 613.627418]; plot(x,y); hold on;
x=[-18.913175 581.653820 572.739132 -18.913175]; y=[1038.322795 628.903363 1053.598740 1038.322795]; plot(x,y); hold on;
x=[581.653820 1174.308927 572.739132 581.653820]; y=[628.903363 644.205199 1053.598740 628.903363]; plot(x,y); hold on;
x=[572.739132 1174.308927 1165.394239 572.739132]; y=[1053.598740 644.205199 1068.900577 1053.598740]; plot(x,y); hold on;

---- Matlab B-Sys Optimized ----
x=[2.555869 588.275119 -8.712527 2.555869]; y=[190.293696 202.924134 613.909028 190.293696]; plot(x,y); hold on;
x=[-8.712527 588.275119 580.417207 -8.712527]; y=[613.909028 202.924134 629.978313 613.909028]; plot(x,y); hold on;
x=[588.275119 1186.724993 580.417207 588.275119]; y=[202.924134 218.175973 629.978313 202.924134]; plot(x,y); hold on;
x=[580.417207 1186.724993 1174.075758 580.417207]; y=[629.978313 218.175973 644.538727 629.978313]; plot(x,y); hold on;
x=[-8.712527 580.417207 -17.770076 -8.712527]; y=[613.909028 629.978313 1038.093808 613.909028]; plot(x,y); hold on;
x=[-17.770076 580.417207 573.074482 -17.770076]; y=[1038.093808 629.978313 1052.476273 1038.093808]; plot(x,y); hold on;
x=[580.417207 1174.075758 573.074482 580.417207]; y=[629.978313 644.538727 1052.476273 629.978313]; plot(x,y); hold on;
x=[573.074482 1174.075758 1166.897494 573.074482]; y=[1052.476273 644.538727 1067.279444 1052.476273]; plot(x,y); hold on;

---- Deltas ----
id=     0: dx=    3.64 dy=    1.36 d=    3.89
id=     1: dx=   -2.29 dy=   -1.28 d=    2.63
id=     2: dx=    3.50 dy=   -1.33 d=    3.75
id=     3: dx=    1.29 dy=    0.28 d=    1.32
id=     4: dx=   -1.24 dy=    1.07 d=    1.64
id=     5: dx=   -0.23 dy=    0.33 d=    0.41
id=     6: dx=    1.14 dy=   -0.23 d=    1.17
id=     7: dx=    0.34 dy=   -1.12 d=    1.17
id=     8: dx=    1.50 dy=   -1.62 d=    2.21

---- Areas ----
Triangle 0, area was   124195.0, is   124131.0,   -0.1%
Triangle 1, area was   124195.0, is   125858.3,    1.3%
Triangle 2, area was   124405.5, is   127845.2,    2.8%
Triangle 3, area was   124405.5, is   126649.0,    1.8%
Triangle 4, area was   124195.0, is   125022.7,    0.7%
Triangle 5, area was   124195.0, is   124868.1,    0.5%
Triangle 6, area was   124405.5, is   125463.2,    0.9%
Triangle 7, area was   124405.5, is   125569.7,    0.9%
Combined: area was   994402.0, is  1005407.3,    1.1%

---- Transforms ----
 0.9927 -0.0268  -190.04    0.0214  1.0062   186.14
 0.9985 -0.0187  -194.57    0.0272  1.0144   181.57
 1.0126 -0.0187  -205.61    0.0258  1.0144   182.69
 1.0045 -0.0300  -194.46    0.0246  1.0127   184.30
 0.9985 -0.0215  -193.37    0.0272  1.0076   184.44
 1.0014 -0.0174  -197.36    0.0244  1.0036   188.37
 1.0045 -0.0174  -199.77    0.0246  1.0036   188.17
 1.0048 -0.0171  -200.31    0.0250  1.0041   187.36

---- QC - deformable ----
Remapping 1431040 points.
Metrics: DEF: Mean square difference 0.851949
Metrics: DEF: Smallest footprint deg=0, area=996086
MetricImages: Range x 192 1375, y 0 842, use Nx=1184, Ny=844
Approximate EM metric 0.135824 for 999296 points.
All points, deformable, dfm 0.135824

Metrics: TRI: Mean square difference 0.630799
Metrics: TRI: Smallest footprint deg=0, area=245088
MetricImages: Range x 192 784, y 0 414, use Nx=594, Ny=416
Approximate EM metric 0.083060 for 247104 points.
%Yellow: Tol   1.05  red   37.3  yellow   24.2  green   38.6
%Yellow: Tol   1.10  red   28.0  yellow   43.6  green   28.4
%Yellow: Tol   1.15  red   21.5  yellow   57.4  green   21.1
%Yellow: Tol   1.20  red   16.9  yellow   67.3  green   15.8
%Yellow: Tol   1.25  red   13.5  yellow   74.5  green   12.0
Triangle 0: 123213 points, corr 0.684592, fm 0.083060, yellow 0.74

Metrics: TRI: Mean square difference 1.192676
Metrics: TRI: Smallest footprint deg=0, area=244020
MetricImages: Range x 203 784, y 1 421, use Nx=582, Ny=422
Approximate EM metric 0.105593 for 245604 points.
%Yellow: Tol   1.05  red   42.2  yellow   16.0  green   41.8
%Yellow: Tol   1.10  red   35.1  yellow   30.1  green   34.8
%Yellow: Tol   1.15  red   29.6  yellow   41.4  green   29.1
%Yellow: Tol   1.20  red   25.0  yellow   50.7  green   24.3
%Yellow: Tol   1.25  red   21.3  yellow   58.4  green   20.2
Triangle 1: 124671 points, corr 0.403654, fm 0.105593, yellow 0.58

Metrics: TRI: Mean square difference 0.987544
Metrics: TRI: Smallest footprint deg=0, area=247800
MetricImages: Range x 785 1375, y 0 420, use Nx=592, Ny=422
Approximate EM metric 0.080862 for 249824 points.
%Yellow: Tol   1.05  red   40.2  yellow   17.7  green   42.1
%Yellow: Tol   1.10  red   34.6  yellow   29.7  green   35.7
%Yellow: Tol   1.15  red   29.8  yellow   41.2  green   29.0
%Yellow: Tol   1.20  red   25.6  yellow   51.1  green   23.3
%Yellow: Tol   1.25  red   21.8  yellow   59.1  green   19.1
Triangle 2: 124491 points, corr 0.506220, fm 0.080862, yellow 0.59

Metrics: TRI: Mean square difference 0.772383
Metrics: TRI: Smallest footprint deg=0, area=247800
MetricImages: Range x 785 1375, y 1 421, use Nx=592, Ny=422
Approximate EM metric 0.076959 for 249824 points.
%Yellow: Tol   1.05  red   36.3  yellow   26.9  green   36.8
%Yellow: Tol   1.10  red   29.1  yellow   43.0  green   28.0
%Yellow: Tol   1.15  red   24.0  yellow   54.2  green   21.8
%Yellow: Tol   1.20  red   20.2  yellow   62.4  green   17.5
%Yellow: Tol   1.25  red   17.1  yellow   68.6  green   14.3
Triangle 3: 124911 points, corr 0.613801, fm 0.076959, yellow 0.69

Metrics: TRI: Mean square difference 0.897852
Metrics: TRI: Smallest footprint deg=0, area=235653
MetricImages: Range x 203 782, y 422 829, use Nx=580, Ny=408
Approximate EM metric 0.082852 for 236640 points.
%Yellow: Tol   1.05  red   38.0  yellow   21.8  green   40.3
%Yellow: Tol   1.10  red   29.4  yellow   39.4  green   31.1
%Yellow: Tol   1.15  red   23.0  yellow   53.0  green   24.0
%Yellow: Tol   1.20  red   18.3  yellow   63.2  green   18.5
%Yellow: Tol   1.25  red   14.8  yellow   70.6  green   14.5
Triangle 4: 118431 points, corr 0.551066, fm 0.082852, yellow 0.71

Metrics: TRI: Mean square difference 0.633303
Metrics: TRI: Smallest footprint deg=35, area=237474
MetricImages: Range x -310 401, y 794 1128, use Nx=712, Ny=336
Approximate EM metric 0.072558 for 239232 points.
%Yellow: Tol   1.05  red   36.6  yellow   24.5  green   38.9
%Yellow: Tol   1.10  red   27.2  yellow   44.5  green   28.3
%Yellow: Tol   1.15  red   20.6  yellow   58.9  green   20.5
%Yellow: Tol   1.20  red   16.2  yellow   68.7  green   15.1
%Yellow: Tol   1.25  red   12.9  yellow   75.6  green   11.6
Triangle 5: 120584 points, corr 0.683340, fm 0.072558, yellow 0.76

Metrics: TRI: Mean square difference 0.904497
Metrics: TRI: Smallest footprint deg=0, area=238728
MetricImages: Range x 785 1373, y 422 828, use Nx=590, Ny=408
Approximate EM metric 0.114889 for 240720 points.
%Yellow: Tol   1.05  red   35.3  yellow   22.5  green   42.2
%Yellow: Tol   1.10  red   27.7  yellow   41.0  green   31.2
%Yellow: Tol   1.15  red   22.6  yellow   54.3  green   23.1
%Yellow: Tol   1.20  red   19.2  yellow   63.4  green   17.4
%Yellow: Tol   1.25  red   16.6  yellow   69.9  green   13.6
Triangle 6: 123778 points, corr 0.547743, fm 0.114889, yellow 0.70

Metrics: TRI: Mean square difference 1.003336
Metrics: TRI: Smallest footprint deg=35, area=226044
MetricImages: Range x 183 885, y 1133 1455, use Nx=704, Ny=324
Approximate EM metric 0.096136 for 228096 points.
%Yellow: Tol   1.05  red   39.9  yellow   19.0  green   41.1
%Yellow: Tol   1.10  red   33.4  yellow   33.7  green   33.0
%Yellow: Tol   1.15  red   28.6  yellow   43.9  green   27.5
%Yellow: Tol   1.20  red   24.6  yellow   52.4  green   23.0
%Yellow: Tol   1.25  red   21.4  yellow   59.6  green   19.0
Triangle 7: 112445 points, corr 0.498323, fm 0.096136, yellow 0.60


---- Final reports ----
STAT: Overall 972524 points, corr 0.5742, EMM 0.1358, weighted EMM 0.0891, cor+dfm 0.7100, weighted yellow 0.6705

Angle span: min, max, delta = 0.020854 0.027101 0.006247
Mesh-Thm: 0.0005  0.0008     2.36    0.0031  0.0034     3.48 2x(LDR,LDC)=(0.20,200.00) -- OK.

Final remapping of 1431040 points.
Center 382.910469 134.798826:  0.9927 -0.0268  -190.04    0.0214  1.0062   186.14
Mapping region 1 xy= 382.910469 134.798826 to region 1 xy= 186.487700 329.974023
Center 556.531431 291.656159:  0.9985 -0.0187  -194.57    0.0272  1.0144   181.57
Mapping region 1 xy= 556.531431 291.656159 to region 1 xy= 355.698346 492.579095
Center 965.270731 129.128558:  1.0126 -0.0187  -205.61    0.0258  1.0144   182.69
Mapping region 1 xy= 965.270731 129.128558 to region 1 xy= 769.420697 338.587645
Center 1142.081094 293.460118:  1.0045 -0.0300  -194.46    0.0246  1.0127   184.30
Mapping region 1 xy= 1142.081094 293.460118 to region 1 xy= 943.941115 509.635823
Center 386.781490 558.561029:  0.9985 -0.0215  -193.37    0.0272  1.0076   184.44
Mapping region 1 xy= 386.781490 558.561029 to region 1 xy= 180.825066 757.761290
Center 574.147905 706.370959:  1.0014 -0.0174  -197.36    0.0244  1.0036   188.37
Mapping region 1 xy= 574.147905 706.370959 to region 1 xy= 365.287520 911.249073
Center 965.865877 550.552511:  1.0045 -0.0174  -199.77    0.0246  1.0036   188.17
Mapping region 1 xy= 965.865877 550.552511 to region 1 xy= 760.841643 764.472398
Center 1167.055676 705.564772:  1.0048 -0.0171  -200.31    0.0250  1.0041   187.36
Mapping region 1 xy= 1167.055676 705.564772 to region 1 xy= 960.286179 925.071574

Pipe: Returning 8 total transforms.

---- Summary Region-region results ----
Pipe: Table Headers {Az t r Bz t r thmok ntri}
FOUND:     1    9   1      0    9   1   1   8

---- Tabulating point matches ----
Tabulate: Rgn 1 -> 1: Keeping 8 of 8 point-pairs.

Timer: Alignment took 3.280 seconds.

main: Got 8 mapping regions.
main: Transform   0:  0.9927 -0.0268  -190.04    0.0214  1.0062   186.14
main: Transform   1:  0.9985 -0.0187  -194.57    0.0272  1.0144   181.57
main: Transform   2:  1.0126 -0.0187  -205.61    0.0258  1.0144   182.69
main: Transform   3:  1.0045 -0.0300  -194.46    0.0246  1.0127   184.30
main: Transform   4:  0.9985 -0.0215  -193.37    0.0272  1.0076   184.44
main: Transform   5:  1.0014 -0.0174  -197.36    0.0244  1.0036   188.37
main: Transform   6:  1.0045 -0.0174  -199.77    0.0246  1.0036   188.17
main: Transform   7:  1.0048 -0.0171  -200.31    0.0250  1.0041   187.36

main: Average:  1.0022 -0.0209     0.00    0.0250  1.0083     0.00
main: Degrees: 1.31059
main: Residue:  1.0025  0.0021     0.00    0.0021  1.0085     0.00

main: Inverse:  0.9973  0.0207    -0.00   -0.0248  0.9912    -0.00
main: Degrees: -1.31059
main: Residue:  0.9976 -0.0020     0.00   -0.0020  0.9915     0.00

main: Normal completion for dmesh run.
Timer: Total took 3.520 seconds.

---- Memory ----
Host name: h05u32.int.janelia.org
PID:       18800
User time:       3 seconds.
System time:     0 seconds.
VmPeak:	  810060 kB
VmSize:	  242496 kB
VmLck:	       0 kB
VmPin:	       0 kB
VmHWM:	  646844 kB
VmRSS:	   77832 kB
VmData:	   73104 kB
VmStk:	     160 kB
VmExe:	     832 kB
VmLib:	   85564 kB
VmPTE:	     404 kB
VmSwap:	       0 kB
voluntary_ctxt_switches:	21
nonvoluntary_ctxt_switches:	39

