
---- dmesh start ----
main: Start: Fri Sep 30 13:27:01 2016


---- Match parameters ----
PXBRO=2            <default 2>        "Max Legendre poly order for bkg removal"
PXLENS=N           <default N>        "Y=Apply IDB/lens.txt"
PXRESMSK=N         <default N>        "Y=Apply resin mask"
PXDOG=N            <default N>        "Y=Apply DoG filter"
PXDOG_R1=3         <default 3>        "DoG inner radius"
PXDOG_R2=6         <default 6>        "DoG outer radius"
FLD=N              <default X>        "Mask usage: Y=Use, N=None, X=XL only"
PRETWEAK=N         <default N>        "Y=Auto-distort before angle scan"
SCALE=1            <default 1.0>      "Image-B / image-A scale factor"
XSCALE=1           <default 1.0>      "Image-B / image-A x-axis scale factor"
YSCALE=1           <default 1.0>      "Image-B / image-A y-axis scale factor"
SKEW=0             <default 0.0>      "Transform elem[3] user-applied distortion"
MODE_SL=M          <default Z>        "Notes above"
MODE_XL=N          <default Y>        "Notes above"
TAB2DFM_SL=N       <default Y>        "Adopt Tdfm from Tab"
TAB2DFM_XL=Y       <default Y>        "Adopt Tdfm from Tab"
XYCONF_SL=1.0      <default 0.0>      "[0,1.0] confidence in Tab XY"
XYCONF_XL=0.8      <default 0.0>      "[0,1.0] confidence in Tab XY"
THMDEC_SL=8        <default 8>        "2^N thumb decimation factor"
THMDEC_XL=8        <default 8>        "2^N thumb decimation factor"
OLAP1D_SL=0        <default 0>        "Min 1D pix full-size overlap"
OLAP1D_XL=0        <default 0>        "Min 1D pix full-size overlap"
OLAP2D_SL=60000    <default 25000>    "Min 2D pix full-size overlap"
OLAP2D_XL=160000   <default 200000>   "Min 2D pix full-size overlap"
NBMXHT_SL=0.75     <default 0.75>     "Max F(neib)/F(pk) in guard zone"
NBMXHT_XL=0.75     <default 0.75>     "Max F(neib)/F(pk) in guard zone"
HFANGDN_SL=5       <default 5.0>      "Half angle search range denovo"
HFANGDN_XL=45      <default 45.0>     "Half angle search range denovo"
HFANGPR_SL=1       <default 1.0>      "Half angle search range prior angles"
HFANGPR_XL=4       <default 1.0>      "Half angle search range prior angles"
RTRSH_SL=0.3       <default 0.3>      "R corr thresh"
RTRSH_XL=0.3       <default 0.3>      "R corr thresh"
TWEAKS=N           <default N>        "Y=Try 8 near unity distortions"
LIMXY_SL=30        <default 0>        "0 or Max XY delta from Tab"
LIMXY_XL=80        <default 0>        "0 or Max XY delta from Tab"
WTHMPR=Y           <default Y>        "Y=Write ThmPair_a^b.txt entries"
OPT_SL=Y           <default Y(EM)>    "Y=Enable mesh optimizer"
RIT_SL=0.50        <default 0.20>     "Min mesh starting corr"
RIT_XL=0.1         <default 0.20>     "Min mesh starting corr"
RFA_SL=0.55        <default 0.3>      "Affine-only final corr"
RFA_XL=0.20        <default 0.3>      "Affine-only final corr"
RFT_SL=0.65        <default 0.5>      "Full mesh final corr"
RFT_XL=0.25        <default 0.5>      "Full mesh final corr"
TMC=5              <default 30.0%>    "Max single triangle area change"
TSC=9              <default 9.0%>     "Max summed triangle area change"
MNL=250            <default 300>      "Triangle edges between MNL and 2*MNL"
MTA=120000         <default 10000>    "Min triangle size (pixels)"
MMA=60000          <default 100000>   "Min 2D overlap for mesh"
ONE=N              <default N>        "Y=Use just one affine transform"
IFM=0.50           <default 0.50>     "Min Fourier Metric after affine-only"
FFM=0.65           <default 0.65>     "Min Fourier Metric after full mesh"
FYL=0.5            <default 0.50>     "Min fraction of yellow pixels"
CPD=0.5            <default 0.50>     "Min Correlation + DFM"
EMM=Y              <default Y>        "Y=Use Earth Mover's Metric, N=Use Fourier"
EMT=0.14           <default 0.2>      "Earth Movers Metric thresh"
WDI=N              <default N>        "Y=Write diff images (Fourier, EMM metrics)"
LDA=0.2            <default 0.2>      "Max radian delta between triangles"
LDR=0.1            <default 0.1>      "Max sine delta between triangles"
LDC=100            <default 100.0>    "Max XY delta between triangles"
DXY=100            <default 100.0>    "Max delta from user input XYs"
WMT=N              <default Y>        "Y=Write map.tif files"
WTT=N              <default Y>        "Y=Write tf.txt files"


---- Input images ----
Til2Img entry: A T=[ 1.0000  0.0000  1142.00  0.0000  1.0000  2571.00] path=[/groups/apig/tomo/DEMO/TIF/B1_3_2.tif].
Til2Img entry: B T=[ 1.0000  0.0000     0.00  0.0000  1.0000  3428.00] path=[/groups/apig/tomo/DEMO/TIF/A1_9_2.tif].


---- Command-line overrides ----
Tab=  1.0028 -0.0216   967.30    0.0217  1.0041  -655.94
Tdfm= 1.0031  0.0001     0.00    0.0001  1.0044     0.00
FLD=N


---- Image loading ----
Raster8FromTif: Opening [/groups/apig/tomo/DEMO/TIF/B1_3_2.tif].
Raster8FromTif: Bits per sample 8, samples per pixel 1
Raster8FromTif: Picture is 1376 by 1040, 1431040 pixels total.
TIF(8): Last Encoded strip had 1376 bytes.
Raster8FromTif: Opening [/groups/apig/tomo/DEMO/TIF/A1_9_2.tif].
Raster8FromTif: Bits per sample 8, samples per pixel 1
Raster8FromTif: Picture is 1376 by 1040, 1431040 pixels total.
TIF(8): Last Encoded strip had 1376 bytes.
PixPair: Using image scale=1.
Timer: Image conditioning took 0.240 seconds.

---- Foldmaps ----

---- Connected regions ----
Forcing single connected region.

---- Begin A-1 to B-1 ----

---- Thumbnail matching ----
Subimage: Using intersection, w=603, h=516, pix=311148
Thumbs: After decimation 4940 pts, reqArea 2501, thmscl 8
SetDisc( 23, -16, 10, 10 )
Initial: R= 0.437, A=   1.237, X=   22.81, Y=  -16.13
Peak-Disc: dR 1 dX -1 dY -1
Approx: LowRes  R=0.437, X=182.505, Y=-129.045
Approx: FullRes R=0.066, X=183.184, Y=-130.948, use=Y.
Timer: FinishAtFullRes took 0.390 seconds.
Approx: Returning A=1.236672, R=0.436513, X=967.505335, Y=-657.120463
Approx: Best transform  1.0028 -0.0216   967.51    0.0217  1.0041  -657.12
Approx: Orig transform  1.0028 -0.0216   967.30    0.0217  1.0041  -655.94
Approx: Idnt transform  1.0000  0.0000     0.18    0.0000  1.0000    -1.18
Approx: err = 1.19717, max = 80

---- Starting detailed region mapping ----
Roughly 166426 pixels map to B.
Region size is [0 429] in x, [645 1039] in y.

---- Building mesh - affine ----
Computed simple triangle.

---- ImproveMesh - affine ----
Tri: (0 645) (429 645) (214 1039).

---- Matlab Vertices ----
x=[0 429 214 0]; y=[645 645 1039 645]; plot(x,y); hold on;

---- ImproveControlPts ----
STAT: ImproveCpt: Initial affine correlation 0.485770 (166426 pixels).
corr=0.485770	step=10.000000
corr=0.521223	step=10.000000
corr=0.556270	step=10.000000
corr=0.589152	step=10.000000
corr=0.619640	step=10.000000
corr=0.647023	step=10.000000
corr=0.671852	step=10.000000
corr=0.695838	step=10.000000
corr=0.718546	step=10.000000
corr=0.738157	step=10.000000
corr=0.756452	step=10.000000
corr=0.771620	step=10.000000
corr=0.783515	step=10.000000
corr=0.795702	step=10.000000
corr=0.806069	step=10.000000
corr=0.816244	step=10.000000
corr=0.821578	step=10.000000
corr=0.832231	step=10.000000
corr=0.837971	step=10.000000
corr=0.837971	step=5.000000
corr=0.838143	step=5.000000
corr=0.841459	step=5.000000
corr=0.841459	step=2.500000
corr=0.841537	step=2.500000
corr=0.842084	step=2.500000
corr=0.842084	step=1.250000
corr=0.842084	step=0.625000
corr=0.842084	step=0.312500
corr=0.842084	step=0.156250
corr=0.842084	step=0.078125
STAT: ImproveCpt: Final affine correlation 0.842084, (threshold 0.200000).

---- Matlab A-Sys Originals ----
x=[0.000000 429.000000 214.000000 0.000000]; y=[645.000000 645.000000 1039.000000 645.000000]; plot(x,y); hold on;

---- Matlab B-Sys Originals ----
x=[953.569465 1383.777958 1159.659539 953.569465]; y=[-9.446293 -0.128842 390.835097 -9.446293]; plot(x,y); hold on;

---- Matlab B-Sys Optimized ----
x=[948.666993 1361.700115 1077.887827 948.666993]; y=[64.860934 102.756265 429.991612 64.860934]; plot(x,y); hold on;

---- Deltas ----
id=     0: dx=   -4.90 dy=   74.31 d=   74.47
id=     1: dx=  -22.08 dy=  102.89 d=  105.23
id=     2: dx=  -81.77 dy=   39.16 d=   90.66

---- Areas ----
Triangle 0, area was    84513.0, is    72957.1,  -13.7%
Combined: area was    84513.0, is    72957.1,  -13.7%
FAIL: Area change too big (max, sum) = (   13.67%   -13.67%), (TMC TSC)=(5.000000 9.000000).
Pipe: Returning 0 total transforms.

---- Summary Region-region results ----
Pipe: Table Headers {Az t r Bz t r thmok ntri}
FOUND:     1    3   1      0    9   1   1   0
Timer: Alignment took 0.690 seconds.

main: Got 0 mapping regions.

main: Normal completion for dmesh run.
Timer: Total took 0.940 seconds.

---- Memory ----
Host name: h05u32.int.janelia.org
PID:       18833
User time:       0 seconds.
System time:     0 seconds.
VmPeak:	  475228 kB
VmSize:	  213688 kB
VmLck:	       0 kB
VmPin:	       0 kB
VmHWM:	  311880 kB
VmRSS:	   49052 kB
VmData:	   44292 kB
VmStk:	     164 kB
VmExe:	     832 kB
VmLib:	   85564 kB
VmPTE:	     336 kB
VmSwap:	       0 kB
voluntary_ctxt_switches:	17
nonvoluntary_ctxt_switches:	20

