
---- dmesh start ----
main: Start: Fri Sep 30 13:26:52 2016


---- Match parameters ----
PXBRO=2            <default 2>        "Max Legendre poly order for bkg removal"
PXLENS=N           <default N>        "Y=Apply IDB/lens.txt"
PXRESMSK=N         <default N>        "Y=Apply resin mask"
PXDOG=N            <default N>        "Y=Apply DoG filter"
PXDOG_R1=3         <default 3>        "DoG inner radius"
PXDOG_R2=6         <default 6>        "DoG outer radius"
FLD=N              <default X>        "Mask usage: Y=Use, N=None, X=XL only"
PRETWEAK=N         <default N>        "Y=Auto-distort before angle scan"
SCALE=1            <default 1.0>      "Image-B / image-A scale factor"
XSCALE=1           <default 1.0>      "Image-B / image-A x-axis scale factor"
YSCALE=1           <default 1.0>      "Image-B / image-A y-axis scale factor"
SKEW=0             <default 0.0>      "Transform elem[3] user-applied distortion"
MODE_SL=M          <default Z>        "Notes above"
MODE_XL=N          <default Y>        "Notes above"
TAB2DFM_SL=N       <default Y>        "Adopt Tdfm from Tab"
TAB2DFM_XL=Y       <default Y>        "Adopt Tdfm from Tab"
XYCONF_SL=1.0      <default 0.0>      "[0,1.0] confidence in Tab XY"
XYCONF_XL=0.8      <default 0.0>      "[0,1.0] confidence in Tab XY"
THMDEC_SL=8        <default 8>        "2^N thumb decimation factor"
THMDEC_XL=8        <default 8>        "2^N thumb decimation factor"
OLAP1D_SL=0        <default 0>        "Min 1D pix full-size overlap"
OLAP1D_XL=0        <default 0>        "Min 1D pix full-size overlap"
OLAP2D_SL=60000    <default 25000>    "Min 2D pix full-size overlap"
OLAP2D_XL=160000   <default 200000>   "Min 2D pix full-size overlap"
NBMXHT_SL=0.75     <default 0.75>     "Max F(neib)/F(pk) in guard zone"
NBMXHT_XL=0.75     <default 0.75>     "Max F(neib)/F(pk) in guard zone"
HFANGDN_SL=5       <default 5.0>      "Half angle search range denovo"
HFANGDN_XL=45      <default 45.0>     "Half angle search range denovo"
HFANGPR_SL=1       <default 1.0>      "Half angle search range prior angles"
HFANGPR_XL=4       <default 1.0>      "Half angle search range prior angles"
RTRSH_SL=0.3       <default 0.3>      "R corr thresh"
RTRSH_XL=0.3       <default 0.3>      "R corr thresh"
TWEAKS=N           <default N>        "Y=Try 8 near unity distortions"
LIMXY_SL=30        <default 0>        "0 or Max XY delta from Tab"
LIMXY_XL=80        <default 0>        "0 or Max XY delta from Tab"
WTHMPR=Y           <default Y>        "Y=Write ThmPair_a^b.txt entries"
OPT_SL=Y           <default Y(EM)>    "Y=Enable mesh optimizer"
RIT_SL=0.50        <default 0.20>     "Min mesh starting corr"
RIT_XL=0.1         <default 0.20>     "Min mesh starting corr"
RFA_SL=0.55        <default 0.3>      "Affine-only final corr"
RFA_XL=0.20        <default 0.3>      "Affine-only final corr"
RFT_SL=0.65        <default 0.5>      "Full mesh final corr"
RFT_XL=0.25        <default 0.5>      "Full mesh final corr"
TMC=5              <default 30.0%>    "Max single triangle area change"
TSC=9              <default 9.0%>     "Max summed triangle area change"
MNL=250            <default 300>      "Triangle edges between MNL and 2*MNL"
MTA=120000         <default 10000>    "Min triangle size (pixels)"
MMA=60000          <default 100000>   "Min 2D overlap for mesh"
ONE=N              <default N>        "Y=Use just one affine transform"
IFM=0.50           <default 0.50>     "Min Fourier Metric after affine-only"
FFM=0.65           <default 0.65>     "Min Fourier Metric after full mesh"
FYL=0.5            <default 0.50>     "Min fraction of yellow pixels"
CPD=0.5            <default 0.50>     "Min Correlation + DFM"
EMM=Y              <default Y>        "Y=Use Earth Mover's Metric, N=Use Fourier"
EMT=0.14           <default 0.2>      "Earth Movers Metric thresh"
WDI=N              <default N>        "Y=Write diff images (Fourier, EMM metrics)"
LDA=0.2            <default 0.2>      "Max radian delta between triangles"
LDR=0.1            <default 0.1>      "Max sine delta between triangles"
LDC=100            <default 100.0>    "Max XY delta between triangles"
DXY=100            <default 100.0>    "Max delta from user input XYs"
WMT=N              <default Y>        "Y=Write map.tif files"
WTT=N              <default Y>        "Y=Write tf.txt files"


---- Input images ----
Til2Img entry: A T=[ 1.0000  0.0000     0.00  0.0000  1.0000  3428.00] path=[/groups/apig/tomo/DEMO/TIF/B1_9_2.tif].
Til2Img entry: B T=[ 1.0000  0.0000     0.00  0.0000  1.0000  4285.00] path=[/groups/apig/tomo/DEMO/TIF/A1_8_2.tif].


---- Command-line overrides ----
Tab=  1.0016 -0.0207  -197.34    0.0219  1.0043  -665.39
Tdfm= 1.0019  0.0006     0.00    0.0006  1.0046     0.00
FLD=N


---- Image loading ----
Raster8FromTif: Opening [/groups/apig/tomo/DEMO/TIF/B1_9_2.tif].
Raster8FromTif: Bits per sample 8, samples per pixel 1
Raster8FromTif: Picture is 1376 by 1040, 1431040 pixels total.
TIF(8): Last Encoded strip had 1376 bytes.
Raster8FromTif: Opening [/groups/apig/tomo/DEMO/TIF/A1_8_2.tif].
Raster8FromTif: Bits per sample 8, samples per pixel 1
Raster8FromTif: Picture is 1376 by 1040, 1431040 pixels total.
TIF(8): Last Encoded strip had 1376 bytes.
PixPair: Using image scale=1.
Timer: Image conditioning took 0.230 seconds.

---- Foldmaps ----

---- Connected regions ----
Forcing single connected region.

---- Begin A-1 to B-1 ----

---- Thumbnail matching ----
Subimage: Using intersection, w=1219, h=508, pix=619252
Thumbs: After decimation 9792 pts, reqArea 2501, thmscl 8
SetDisc( -6, -16, 10, 10 )
Initial: R= 1.442, A=   1.214, X=   -6.42, Y=  -16.11
Peak-Disc: dR 3 dX -3 dY 0
Approx: LowRes  R=1.442, X=-51.326, Y=-128.871
Approx: FullRes R=0.244, X=-51.812, Y=-128.622, use=Y.
Timer: FinishAtFullRes took 0.910 seconds.
Approx: Returning A=1.214472, R=1.441843, X=-198.072579, Y=-666.366032
Approx: Best transform  1.0016 -0.0207  -198.07    0.0219  1.0043  -666.37
Approx: Orig transform  1.0016 -0.0207  -197.34    0.0219  1.0043  -665.39
Approx: Idnt transform  1.0000  0.0000    -0.75    0.0000  1.0000    -0.96
Approx: err = 1.22055, max = 80

---- Starting detailed region mapping ----
Roughly 457895 pixels map to B.
Region size is [211 1375] in x, [633 1039] in y.

---- Building mesh - affine ----
Computed simple triangle.

---- ImproveMesh - affine ----
Tri: (211 633) (1375 633) (793 1039).

---- Matlab Vertices ----
x=[211 1375 793 211]; y=[633 633 1039 633]; plot(x,y); hold on;

---- ImproveControlPts ----
STAT: ImproveCpt: Initial affine correlation 0.583541 (457895 pixels).
corr=0.583541	step=10.000000
corr=0.583541	step=5.000000
corr=0.587416	step=5.000000
corr=0.587416	step=2.500000
corr=0.589427	step=2.500000
corr=0.589427	step=1.250000
corr=0.590077	step=1.250000
corr=0.590077	step=0.625000
corr=0.590077	step=0.312500
corr=0.590080	step=0.312500
corr=0.590108	step=0.312500
corr=0.590284	step=0.312500
corr=0.590284	step=0.156250
corr=0.590284	step=0.078125
STAT: ImproveCpt: Final affine correlation 0.590284, (threshold 0.200000).

---- Matlab A-Sys Originals ----
x=[211.000000 1375.000000 793.000000 211.000000]; y=[633.000000 633.000000 1039.000000 633.000000]; plot(x,y); hold on;

---- Matlab B-Sys Originals ----
x=[0.188718 1166.080218 574.744072 0.188718]; y=[-26.003187 -0.558147 394.483403 -26.003187]; plot(x,y); hold on;

---- Matlab B-Sys Optimized ----
x=[0.062599 1166.049725 575.409663 0.062599]; y=[-30.246117 0.635841 394.622102 -30.246117]; plot(x,y); hold on;

---- Deltas ----
id=     0: dx=   -0.13 dy=   -4.24 d=    4.24
id=     1: dx=   -0.03 dy=    1.19 d=    1.19
id=     2: dx=    0.67 dy=    0.14 d=    0.68

---- Areas ----
Triangle 0, area was   236292.0, is   238811.5,    1.1%
Combined: area was   236292.0, is   238811.5,    1.1%

---- Transforms ----
 1.0017 -0.0188  -199.38    0.0265  1.0084  -674.19
Best affine transform:  1.0017 -0.0188  -199.38    0.0265  1.0084  -674.19
    Inverse transform:  0.9978  0.0186   211.50   -0.0263  0.9911   662.98

---- QC - affine ----
Metrics: AFF: Mean square difference 0.820321
Metrics: AFF: Smallest footprint deg=0, area=472178
MetricImages: Range x 212 1375, y 633 1039, use Nx=1164, Ny=408
Approximate EM metric 0.132237 for 474912 points.
%Yellow: Tol   1.05  red   38.3  yellow   23.0  green   38.6
%Yellow: Tol   1.10  red   29.3  yellow   41.6  green   29.1
%Yellow: Tol   1.15  red   22.5  yellow   55.5  green   22.0
%Yellow: Tol   1.20  red   17.5  yellow   65.6  green   16.9
%Yellow: Tol   1.25  red   14.0  yellow   72.7  green   13.4
Affine Triangle: 454771 points, corr 0.589838, fm 0.132237, yellow 0.73

---- Building mesh - deformable ----
Lx Dx Nx:  1164  1164.00   1
Ly Dy Ny:   406   406.00   1

STAT: From 457895 pts, got 2 triangles, 4 control points.
Timer: MeshCreate took 0.010 seconds.

---- ImproveMesh - deformable mesh ----
Tri: (211 633) (1375 633) (211 1039).
Tri: (211 1039) (1375 633) (1375 1039).

---- Matlab Vertices ----
x=[211 1375 211 211]; y=[633 633 1039 633]; plot(x,y); hold on;
x=[211 1375 1375 211]; y=[1039 633 1039 1039]; plot(x,y); hold on;

---- ImproveControlPts ----
STAT: ImproveCpt: Initial deformable mesh correlation 0.590284 (457895 pixels).
corr=0.590284	step=10.000000
corr=0.590284	step=5.000000
corr=0.590284	step=2.500000
corr=0.590284	step=1.250000
corr=0.590284	step=0.625000
STAT: ImproveCpt: Final deformable mesh correlation 0.590284, (threshold 0.250000).

---- Matlab A-Sys Originals ----
x=[211.000000 1375.000000 211.000000 211.000000]; y=[633.000000 633.000000 1039.000000 633.000000]; plot(x,y); hold on;
x=[211.000000 1375.000000 1375.000000 211.000000]; y=[1039.000000 633.000000 1039.000000 1039.000000]; plot(x,y); hold on;

---- Matlab B-Sys Originals ----
x=[0.062599 1166.049725 -7.583900 0.062599]; y=[-30.246117 0.635841 379.181123 -30.246117]; plot(x,y); hold on;
x=[-7.583900 1166.049725 1158.403227 -7.583900]; y=[379.181123 0.635841 410.063081 379.181123]; plot(x,y); hold on;

---- Matlab B-Sys Optimized ----
x=[0.062599 1166.049725 -7.583900 0.062599]; y=[-30.246117 0.635841 379.181123 -30.246117]; plot(x,y); hold on;
x=[-7.583900 1166.049725 1158.403227 -7.583900]; y=[379.181123 0.635841 410.063081 379.181123]; plot(x,y); hold on;

---- Deltas ----
id=     0: dx=    0.00 dy=    0.00 d=    0.00
id=     1: dx=    0.00 dy=    0.00 d=    0.00
id=     2: dx=    0.00 dy=    0.00 d=    0.00
id=     3: dx=    0.00 dy=    0.00 d=    0.00

---- Areas ----
Triangle 0, area was   236292.0, is   238811.5,    1.1%
Triangle 1, area was   236292.0, is   238811.5,    1.1%
Combined: area was   472584.0, is   477623.0,    1.1%

---- Transforms ----
 1.0017 -0.0188  -199.38    0.0265  1.0084  -674.19
 1.0017 -0.0188  -199.38    0.0265  1.0084  -674.19

---- QC - deformable ----
Remapping 1431040 points.
Metrics: DEF: Mean square difference 0.820321
Metrics: DEF: Smallest footprint deg=0, area=472178
MetricImages: Range x 212 1375, y 633 1039, use Nx=1164, Ny=408
Approximate EM metric 0.132237 for 474912 points.
All points, deformable, dfm 0.132237

Metrics: TRI: Mean square difference 0.700186
Metrics: TRI: Smallest footprint deg=19, area=436456
MetricImages: Range x -131 1095, y 695 1051, use Nx=1228, Ny=358
Approximate EM metric 0.079308 for 439624 points.
%Yellow: Tol   1.05  red   36.4  yellow   25.0  green   38.6
%Yellow: Tol   1.10  red   27.3  yellow   44.2  green   28.4
%Yellow: Tol   1.15  red   21.0  yellow   57.9  green   21.0
%Yellow: Tol   1.20  red   16.4  yellow   67.8  green   15.8
%Yellow: Tol   1.25  red   13.0  yellow   74.8  green   12.3
Triangle 0: 217709 points, corr 0.649903, fm 0.079308, yellow 0.75

Metrics: TRI: Mean square difference 0.921591
Metrics: TRI: Smallest footprint deg=0, area=468180
MetricImages: Range x 219 1375, y 634 1039, use Nx=1158, Ny=406
Approximate EM metric 0.095989 for 470148 points.
%Yellow: Tol   1.05  red   39.9  yellow   22.5  green   37.6
%Yellow: Tol   1.10  red   30.4  yellow   40.9  green   28.7
%Yellow: Tol   1.15  red   23.3  yellow   54.5  green   22.2
%Yellow: Tol   1.20  red   18.2  yellow   64.4  green   17.4
%Yellow: Tol   1.25  red   14.7  yellow   71.2  green   14.1
Triangle 1: 237062 points, corr 0.539200, fm 0.095989, yellow 0.71


---- Final reports ----
STAT: Overall 454771 points, corr 0.5903, EMM 0.1322, weighted EMM 0.0880, cor+dfm 0.7225, weighted yellow 0.7290

Angle span: min, max, delta = 0.022564 0.022564 0.000000
Mesh-Thm: 0.0001  0.0018     1.30    0.0047  0.0041     7.82 2x(LDR,LDC)=(0.20,200.00) -- OK.

Final remapping of 1431040 points.
Center 583.697942 762.996018:  1.0017 -0.0188  -199.38    0.0265  1.0084  -674.19
Mapping region 1 xy= 583.697942 762.996018 to region 1 xy= 370.948482 110.735268
Center 926.231500 914.264609:  1.0017 -0.0188  -199.38    0.0265  1.0084  -674.19
Mapping region 1 xy= 926.231500 914.264609 to region 1 xy= 711.217844 272.368511

Pipe: Returning 2 total transforms.

---- Summary Region-region results ----
Pipe: Table Headers {Az t r Bz t r thmok ntri}
FOUND:     1    9   1      0    8   1   1   2

---- Tabulating point matches ----
Tabulate: Rgn 1 -> 1: Keeping 2 of 2 point-pairs.

Timer: Alignment took 1.840 seconds.

main: Got 2 mapping regions.
main: Transform   0:  1.0017 -0.0188  -199.38    0.0265  1.0084  -674.19
main: Transform   1:  1.0017 -0.0188  -199.38    0.0265  1.0084  -674.19

main: Average:  1.0017 -0.0188     0.00    0.0265  1.0084     0.00
main: Degrees: 1.29282
main: Residue:  1.0021  0.0039     0.00    0.0039  1.0086     0.00

main: Inverse:  0.9978  0.0186    -0.00   -0.0263  0.9911    -0.00
main: Degrees: -1.29282
main: Residue:  0.9981 -0.0037     0.00   -0.0037  0.9913     0.00

main: Normal completion for dmesh run.
Timer: Total took 2.080 seconds.

---- Memory ----
Host name: h05u32.int.janelia.org
PID:       18802
User time:       1 seconds.
System time:     0 seconds.
VmPeak:	  706884 kB
VmSize:	  214820 kB
VmLck:	       0 kB
VmPin:	       0 kB
VmHWM:	  543708 kB
VmRSS:	   50284 kB
VmData:	   45424 kB
VmStk:	     164 kB
VmExe:	     832 kB
VmLib:	   85564 kB
VmPTE:	     348 kB
VmSwap:	       0 kB
voluntary_ctxt_switches:	23
nonvoluntary_ctxt_switches:	34

