
---- dmesh start ----
main: Start: Fri Sep 30 13:27:00 2016


---- Match parameters ----
PXBRO=2            <default 2>        "Max Legendre poly order for bkg removal"
PXLENS=N           <default N>        "Y=Apply IDB/lens.txt"
PXRESMSK=N         <default N>        "Y=Apply resin mask"
PXDOG=N            <default N>        "Y=Apply DoG filter"
PXDOG_R1=3         <default 3>        "DoG inner radius"
PXDOG_R2=6         <default 6>        "DoG outer radius"
FLD=N              <default X>        "Mask usage: Y=Use, N=None, X=XL only"
PRETWEAK=N         <default N>        "Y=Auto-distort before angle scan"
SCALE=1            <default 1.0>      "Image-B / image-A scale factor"
XSCALE=1           <default 1.0>      "Image-B / image-A x-axis scale factor"
YSCALE=1           <default 1.0>      "Image-B / image-A y-axis scale factor"
SKEW=0             <default 0.0>      "Transform elem[3] user-applied distortion"
MODE_SL=M          <default Z>        "Notes above"
MODE_XL=N          <default Y>        "Notes above"
TAB2DFM_SL=N       <default Y>        "Adopt Tdfm from Tab"
TAB2DFM_XL=Y       <default Y>        "Adopt Tdfm from Tab"
XYCONF_SL=1.0      <default 0.0>      "[0,1.0] confidence in Tab XY"
XYCONF_XL=0.8      <default 0.0>      "[0,1.0] confidence in Tab XY"
THMDEC_SL=8        <default 8>        "2^N thumb decimation factor"
THMDEC_XL=8        <default 8>        "2^N thumb decimation factor"
OLAP1D_SL=0        <default 0>        "Min 1D pix full-size overlap"
OLAP1D_XL=0        <default 0>        "Min 1D pix full-size overlap"
OLAP2D_SL=60000    <default 25000>    "Min 2D pix full-size overlap"
OLAP2D_XL=160000   <default 200000>   "Min 2D pix full-size overlap"
NBMXHT_SL=0.75     <default 0.75>     "Max F(neib)/F(pk) in guard zone"
NBMXHT_XL=0.75     <default 0.75>     "Max F(neib)/F(pk) in guard zone"
HFANGDN_SL=5       <default 5.0>      "Half angle search range denovo"
HFANGDN_XL=45      <default 45.0>     "Half angle search range denovo"
HFANGPR_SL=1       <default 1.0>      "Half angle search range prior angles"
HFANGPR_XL=4       <default 1.0>      "Half angle search range prior angles"
RTRSH_SL=0.3       <default 0.3>      "R corr thresh"
RTRSH_XL=0.3       <default 0.3>      "R corr thresh"
TWEAKS=N           <default N>        "Y=Try 8 near unity distortions"
LIMXY_SL=30        <default 0>        "0 or Max XY delta from Tab"
LIMXY_XL=80        <default 0>        "0 or Max XY delta from Tab"
WTHMPR=Y           <default Y>        "Y=Write ThmPair_a^b.txt entries"
OPT_SL=Y           <default Y(EM)>    "Y=Enable mesh optimizer"
RIT_SL=0.50        <default 0.20>     "Min mesh starting corr"
RIT_XL=0.1         <default 0.20>     "Min mesh starting corr"
RFA_SL=0.55        <default 0.3>      "Affine-only final corr"
RFA_XL=0.20        <default 0.3>      "Affine-only final corr"
RFT_SL=0.65        <default 0.5>      "Full mesh final corr"
RFT_XL=0.25        <default 0.5>      "Full mesh final corr"
TMC=5              <default 30.0%>    "Max single triangle area change"
TSC=9              <default 9.0%>     "Max summed triangle area change"
MNL=250            <default 300>      "Triangle edges between MNL and 2*MNL"
MTA=120000         <default 10000>    "Min triangle size (pixels)"
MMA=60000          <default 100000>   "Min 2D overlap for mesh"
ONE=N              <default N>        "Y=Use just one affine transform"
IFM=0.50           <default 0.50>     "Min Fourier Metric after affine-only"
FFM=0.65           <default 0.65>     "Min Fourier Metric after full mesh"
FYL=0.5            <default 0.50>     "Min fraction of yellow pixels"
CPD=0.5            <default 0.50>     "Min Correlation + DFM"
EMM=Y              <default Y>        "Y=Use Earth Mover's Metric, N=Use Fourier"
EMT=0.14           <default 0.2>      "Earth Movers Metric thresh"
WDI=N              <default N>        "Y=Write diff images (Fourier, EMM metrics)"
LDA=0.2            <default 0.2>      "Max radian delta between triangles"
LDR=0.1            <default 0.1>      "Max sine delta between triangles"
LDC=100            <default 100.0>    "Max XY delta between triangles"
DXY=100            <default 100.0>    "Max delta from user input XYs"
WMT=N              <default Y>        "Y=Write map.tif files"
WTT=N              <default Y>        "Y=Write tf.txt files"


---- Input images ----
Til2Img entry: A T=[ 1.0000  0.0000  1142.00  0.0000  1.0000  2571.00] path=[/groups/apig/tomo/DEMO/TIF/B1_3_2.tif].
Til2Img entry: B T=[ 1.0000  0.0000     0.00  0.0000  1.0000  2571.00] path=[/groups/apig/tomo/DEMO/TIF/A1_10_2.tif].


---- Command-line overrides ----
Tab=  1.0028 -0.0221   970.82    0.0212  1.0042   206.06
Tdfm= 1.0030 -0.0004     0.00   -0.0004  1.0044     0.00
FLD=N


---- Image loading ----
Raster8FromTif: Opening [/groups/apig/tomo/DEMO/TIF/B1_3_2.tif].
Raster8FromTif: Bits per sample 8, samples per pixel 1
Raster8FromTif: Picture is 1376 by 1040, 1431040 pixels total.
TIF(8): Last Encoded strip had 1376 bytes.
Raster8FromTif: Opening [/groups/apig/tomo/DEMO/TIF/A1_10_2.tif].
Raster8FromTif: Bits per sample 8, samples per pixel 1
Raster8FromTif: Picture is 1376 by 1040, 1431040 pixels total.
TIF(8): Last Encoded strip had 1376 bytes.
PixPair: Using image scale=1.
Timer: Image conditioning took 0.250 seconds.

---- Foldmaps ----

---- Connected regions ----
Forcing single connected region.

---- Begin A-1 to B-1 ----

---- Thumbnail matching ----
Subimage: Using intersection, w=600, h=876, pix=525600
Thumbs: After decimation 8250 pts, reqArea 2501, thmscl 8
SetDisc( 24, 5, 10, 10 )
Initial: R= 0.666, A=   1.235, X=   24.58, Y=    4.99
Peak-Disc: dR 4 dX 4 dY 0
Approx: LowRes  R=0.666, X=196.601, Y=39.954
Approx: FullRes R=0.095, X=196.060, Y=41.092, use=Y.
Timer: FinishAtFullRes took 0.440 seconds.
Approx: Returning A=1.235441, R=0.665551, X=972.059794, Y=205.091943
Approx: Best transform  1.0028 -0.0221   972.06    0.0212  1.0042   205.09
Approx: Orig transform  1.0028 -0.0221   970.82    0.0212  1.0042   206.06
Approx: Idnt transform  1.0000  0.0000     1.22    0.0000  1.0000    -0.99
Approx: err = 1.5711, max = 80

---- Starting detailed region mapping ----
Roughly 341279 pixels map to B.
Region size is [0 420] in x, [0 831] in y.

---- Building mesh - affine ----
Computed simple triangle.

---- ImproveMesh - affine ----
Tri: (0 0) (420 415) (0 831).

---- Matlab Vertices ----
x=[0 420 0 0]; y=[0 415 831 0]; plot(x,y); hold on;

---- ImproveControlPts ----
STAT: ImproveCpt: Initial affine correlation 0.343837 (341279 pixels).
corr=0.343837	step=10.000000
corr=0.343837	step=5.000000
corr=0.343837	step=2.500000
corr=0.344346	step=2.500000
corr=0.344346	step=1.250000
corr=0.344645	step=1.250000
corr=0.344645	step=0.625000
corr=0.344645	step=0.312500
corr=0.344677	step=0.312500
corr=0.344677	step=0.156250
STAT: ImproveCpt: Final affine correlation 0.344677, (threshold 0.200000).

---- Matlab A-Sys Originals ----
x=[0.000000 420.000000 0.000000 0.000000]; y=[0.000000 415.000000 831.000000 0.000000]; plot(x,y); hold on;

---- Matlab B-Sys Originals ----
x=[972.059794 1384.062014 953.724610 972.059794]; y=[205.091943 630.730728 1039.551396 205.091943]; plot(x,y); hold on;

---- Matlab B-Sys Optimized ----
x=[972.449656 1383.736326 952.542649 972.449656]; y=[202.493189 632.609625 1041.422792 202.493189]; plot(x,y); hold on;

---- Deltas ----
id=     0: dx=    0.39 dy=   -2.60 d=    2.63
id=     1: dx=   -0.33 dy=    1.88 d=    1.91
id=     2: dx=   -1.18 dy=    1.87 d=    2.21

---- Areas ----
Triangle 0, area was   174510.0, is   176801.4,    1.3%
Combined: area was   174510.0, is   176801.4,    1.3%

---- Transforms ----
 1.0029 -0.0240   972.45    0.0266  1.0095   202.49
Best affine transform:  1.0029 -0.0240   972.45    0.0266  1.0095   202.49
    Inverse transform:  0.9965  0.0236  -973.79   -0.0262  0.9899  -174.96

---- QC - affine ----
Metrics: AFF: Mean square difference 1.306759
Metrics: AFF: Smallest footprint deg=0, area=347760
MetricImages: Range x 0 420, y 0 828, use Nx=422, Ny=830
Approximate EM metric 0.156205 for 350260 points.
%Yellow: Tol   1.05  red   47.1  yellow   12.7  green   40.2
%Yellow: Tol   1.10  red   39.2  yellow   26.2  green   34.6
%Yellow: Tol   1.15  red   32.9  yellow   36.3  green   30.9
%Yellow: Tol   1.20  red   27.4  yellow   45.3  green   27.2
%Yellow: Tol   1.25  red   22.7  yellow   53.7  green   23.6
Affine Triangle: 339057 points, corr 0.346618, fm 0.156205, yellow 0.54

---- Building mesh - deformable ----
Lx Dx Nx:   420   420.00   1
Ly Dy Ny:   831   831.00   1

STAT: From 341279 pts, got 2 triangles, 4 control points.
Timer: MeshCreate took 0.000 seconds.

---- ImproveMesh - deformable mesh ----
Tri: (0 0) (420 0) (0 831).
Tri: (0 831) (420 0) (420 831).

---- Matlab Vertices ----
x=[0 420 0 0]; y=[0 0 831 0]; plot(x,y); hold on;
x=[0 420 420 0]; y=[831 0 831 831]; plot(x,y); hold on;

---- ImproveControlPts ----
STAT: ImproveCpt: Initial deformable mesh correlation 0.344677 (341279 pixels).
corr=0.344677	step=10.000000
corr=0.344677	step=5.000000
corr=0.344677	step=2.500000
corr=0.344751	step=2.500000
corr=0.344751	step=1.250000
corr=0.344751	step=0.625000
STAT: ImproveCpt: Final deformable mesh correlation 0.344751, (threshold 0.250000).

---- Matlab A-Sys Originals ----
x=[0.000000 420.000000 0.000000 0.000000]; y=[0.000000 0.000000 831.000000 0.000000]; plot(x,y); hold on;
x=[0.000000 420.000000 420.000000 0.000000]; y=[831.000000 0.000000 831.000000 831.000000]; plot(x,y); hold on;

---- Matlab B-Sys Originals ----
x=[972.449656 1393.677852 952.542649 972.449656]; y=[202.493189 213.649594 1041.422792 202.493189]; plot(x,y); hold on;
x=[952.542649 1393.677852 1373.770844 952.542649]; y=[1041.422792 213.649594 1052.579198 1041.422792]; plot(x,y); hold on;

---- Matlab B-Sys Optimized ----
x=[971.314262 1394.483481 952.638294 971.314262]; y=[201.583956 213.017135 1041.708433 201.583956]; plot(x,y); hold on;
x=[952.638294 1394.483481 1372.383365 952.638294]; y=[1041.708433 213.017135 1053.613265 1041.708433]; plot(x,y); hold on;

---- Deltas ----
id=     0: dx=   -1.14 dy=   -0.91 d=    1.45
id=     1: dx=    0.81 dy=   -0.63 d=    1.02
id=     2: dx=    0.10 dy=    0.29 d=    0.30
id=     3: dx=   -1.39 dy=    1.03 d=    1.73

---- Areas ----
Triangle 0, area was   174510.0, is   177864.2,    1.9%
Triangle 1, area was   174510.0, is   176549.6,    1.2%
Combined: area was   349020.0, is   354413.8,    1.5%

---- Transforms ----
 1.0075 -0.0225   971.31    0.0272  1.0110   201.58
 0.9994 -0.0266   974.74    0.0283  1.0115   201.11

---- QC - deformable ----
Remapping 1431040 points.
Metrics: DEF: Mean square difference 1.306538
Metrics: DEF: Smallest footprint deg=0, area=349416
MetricImages: Range x 0 422, y 0 828, use Nx=424, Ny=830
Approximate EM metric 0.154175 for 351920 points.
All points, deformable, dfm 0.154175

Metrics: TRI: Mean square difference 1.434735
Metrics: TRI: Smallest footprint deg=0, area=332028
MetricImages: Range x 0 401, y 0 828, use Nx=402, Ny=830
Approximate EM metric 0.085337 for 333660 points.
%Yellow: Tol   1.05  red   44.2  yellow   10.3  green   45.5
%Yellow: Tol   1.10  red   39.1  yellow   22.3  green   38.6
%Yellow: Tol   1.15  red   34.3  yellow   32.4  green   33.2
%Yellow: Tol   1.20  red   29.6  yellow   41.7  green   28.6
%Yellow: Tol   1.25  red   25.2  yellow   50.5  green   24.3
Triangle 0: 174775 points, corr 0.282627, fm 0.085337, yellow 0.51

Metrics: TRI: Mean square difference 1.181232
Metrics: TRI: Smallest footprint deg=-27, area=330478
MetricImages: Range x 374 747, y -149 737, use Nx=374, Ny=888
Approximate EM metric 0.129147 for 332112 points.
%Yellow: Tol   1.05  red   47.4  yellow   18.2  green   34.4
%Yellow: Tol   1.10  red   37.9  yellow   31.4  green   30.7
%Yellow: Tol   1.15  red   30.6  yellow   41.5  green   27.9
%Yellow: Tol   1.20  red   24.9  yellow   49.9  green   25.2
%Yellow: Tol   1.25  red   20.3  yellow   57.3  green   22.4
Triangle 1: 164218 points, corr 0.409378, fm 0.129147, yellow 0.57


---- Final reports ----
STAT: Overall 338993 points, corr 0.3448, EMM 0.1542, weighted EMM 0.1066, cor+dfm 0.4989, weighted yellow 0.5381
FAIL: Overall rejected: [EMM=0.154175 > 0.154 = (EMT=0.14 * 1.10)].
Pipe: Returning 0 total transforms.

---- Summary Region-region results ----
Pipe: Table Headers {Az t r Bz t r thmok ntri}
FOUND:     1    3   1      0   10   1   1   0
Timer: Alignment took 1.060 seconds.

main: Got 0 mapping regions.

main: Normal completion for dmesh run.
Timer: Total took 1.310 seconds.

---- Memory ----
Host name: h05u32.int.janelia.org
PID:       18831
User time:       1 seconds.
System time:     0 seconds.
VmPeak:	  525200 kB
VmSize:	  213632 kB
VmLck:	       0 kB
VmPin:	       0 kB
VmHWM:	  361912 kB
VmRSS:	   47784 kB
VmData:	   44240 kB
VmStk:	     160 kB
VmExe:	     832 kB
VmLib:	   85564 kB
VmPTE:	     344 kB
VmSwap:	       0 kB
voluntary_ctxt_switches:	22
nonvoluntary_ctxt_switches:	32

