
---- dmesh start ----
main: Start: Fri Sep 30 13:26:57 2016


---- Match parameters ----
PXBRO=2            <default 2>        "Max Legendre poly order for bkg removal"
PXLENS=N           <default N>        "Y=Apply IDB/lens.txt"
PXRESMSK=N         <default N>        "Y=Apply resin mask"
PXDOG=N            <default N>        "Y=Apply DoG filter"
PXDOG_R1=3         <default 3>        "DoG inner radius"
PXDOG_R2=6         <default 6>        "DoG outer radius"
FLD=N              <default X>        "Mask usage: Y=Use, N=None, X=XL only"
PRETWEAK=N         <default N>        "Y=Auto-distort before angle scan"
SCALE=1            <default 1.0>      "Image-B / image-A scale factor"
XSCALE=1           <default 1.0>      "Image-B / image-A x-axis scale factor"
YSCALE=1           <default 1.0>      "Image-B / image-A y-axis scale factor"
SKEW=0             <default 0.0>      "Transform elem[3] user-applied distortion"
MODE_SL=M          <default Z>        "Notes above"
MODE_XL=N          <default Y>        "Notes above"
TAB2DFM_SL=N       <default Y>        "Adopt Tdfm from Tab"
TAB2DFM_XL=Y       <default Y>        "Adopt Tdfm from Tab"
XYCONF_SL=1.0      <default 0.0>      "[0,1.0] confidence in Tab XY"
XYCONF_XL=0.8      <default 0.0>      "[0,1.0] confidence in Tab XY"
THMDEC_SL=8        <default 8>        "2^N thumb decimation factor"
THMDEC_XL=8        <default 8>        "2^N thumb decimation factor"
OLAP1D_SL=0        <default 0>        "Min 1D pix full-size overlap"
OLAP1D_XL=0        <default 0>        "Min 1D pix full-size overlap"
OLAP2D_SL=60000    <default 25000>    "Min 2D pix full-size overlap"
OLAP2D_XL=160000   <default 200000>   "Min 2D pix full-size overlap"
NBMXHT_SL=0.75     <default 0.75>     "Max F(neib)/F(pk) in guard zone"
NBMXHT_XL=0.75     <default 0.75>     "Max F(neib)/F(pk) in guard zone"
HFANGDN_SL=5       <default 5.0>      "Half angle search range denovo"
HFANGDN_XL=45      <default 45.0>     "Half angle search range denovo"
HFANGPR_SL=1       <default 1.0>      "Half angle search range prior angles"
HFANGPR_XL=4       <default 1.0>      "Half angle search range prior angles"
RTRSH_SL=0.3       <default 0.3>      "R corr thresh"
RTRSH_XL=0.3       <default 0.3>      "R corr thresh"
TWEAKS=N           <default N>        "Y=Try 8 near unity distortions"
LIMXY_SL=30        <default 0>        "0 or Max XY delta from Tab"
LIMXY_XL=80        <default 0>        "0 or Max XY delta from Tab"
WTHMPR=Y           <default Y>        "Y=Write ThmPair_a^b.txt entries"
OPT_SL=Y           <default Y(EM)>    "Y=Enable mesh optimizer"
RIT_SL=0.50        <default 0.20>     "Min mesh starting corr"
RIT_XL=0.1         <default 0.20>     "Min mesh starting corr"
RFA_SL=0.55        <default 0.3>      "Affine-only final corr"
RFA_XL=0.20        <default 0.3>      "Affine-only final corr"
RFT_SL=0.65        <default 0.5>      "Full mesh final corr"
RFT_XL=0.25        <default 0.5>      "Full mesh final corr"
TMC=5              <default 30.0%>    "Max single triangle area change"
TSC=9              <default 9.0%>     "Max summed triangle area change"
MNL=250            <default 300>      "Triangle edges between MNL and 2*MNL"
MTA=120000         <default 10000>    "Min triangle size (pixels)"
MMA=60000          <default 100000>   "Min 2D overlap for mesh"
ONE=N              <default N>        "Y=Use just one affine transform"
IFM=0.50           <default 0.50>     "Min Fourier Metric after affine-only"
FFM=0.65           <default 0.65>     "Min Fourier Metric after full mesh"
FYL=0.5            <default 0.50>     "Min fraction of yellow pixels"
CPD=0.5            <default 0.50>     "Min Correlation + DFM"
EMM=Y              <default Y>        "Y=Use Earth Mover's Metric, N=Use Fourier"
EMT=0.14           <default 0.2>      "Earth Movers Metric thresh"
WDI=N              <default N>        "Y=Write diff images (Fourier, EMM metrics)"
LDA=0.2            <default 0.2>      "Max radian delta between triangles"
LDR=0.1            <default 0.1>      "Max sine delta between triangles"
LDC=100            <default 100.0>    "Max XY delta between triangles"
DXY=100            <default 100.0>    "Max delta from user input XYs"
WMT=N              <default Y>        "Y=Write map.tif files"
WTT=N              <default Y>        "Y=Write tf.txt files"


---- Input images ----
Til2Img entry: A T=[ 1.0000  0.0000  1142.00  0.0000  1.0000  4285.00] path=[/groups/apig/tomo/DEMO/TIF/B1_5_2.tif].
Til2Img entry: B T=[ 1.0000  0.0000  1142.00  0.0000  1.0000  5142.00] path=[/groups/apig/tomo/DEMO/TIF/A1_6_2.tif].


---- Command-line overrides ----
Tab=  1.0030 -0.0241  -213.08    0.0214  1.0031  -633.28
Tdfm= 1.0032 -0.0014     0.00   -0.0014  1.0033     0.00
FLD=N


---- Image loading ----
Raster8FromTif: Opening [/groups/apig/tomo/DEMO/TIF/B1_5_2.tif].
Raster8FromTif: Bits per sample 8, samples per pixel 1
Raster8FromTif: Picture is 1376 by 1040, 1431040 pixels total.
TIF(8): Last Encoded strip had 1376 bytes.
Raster8FromTif: Opening [/groups/apig/tomo/DEMO/TIF/A1_6_2.tif].
Raster8FromTif: Bits per sample 8, samples per pixel 1
Raster8FromTif: Picture is 1376 by 1040, 1431040 pixels total.
TIF(8): Last Encoded strip had 1376 bytes.
PixPair: Using image scale=1.
Timer: Image conditioning took 0.230 seconds.

---- Foldmaps ----

---- Connected regions ----
Forcing single connected region.

---- Begin A-1 to B-1 ----

---- Thumbnail matching ----
Subimage: Using intersection, w=1206, h=534, pix=644004
Thumbs: After decimation 10117 pts, reqArea 2501, thmscl 8
SetDisc( -7, -15, 10, 10 )
Initial: R= 1.224, A=   1.300, X=   -6.88, Y=  -14.23
Peak-Disc: dR 6 dX 0 dY 6
Approx: LowRes  R=1.224, X=-55.062, Y=-113.824
Approx: FullRes R=0.181, X=-52.956, Y=-116.091, use=Y.
Timer: FinishAtFullRes took 0.910 seconds.
Approx: Returning A=1.299994, R=1.224241, X=-211.257238, Y=-627.271777
Approx: Best transform  1.0030 -0.0241  -211.26    0.0214  1.0031  -627.27
Approx: Orig transform  1.0030 -0.0241  -213.08    0.0214  1.0031  -633.28
Approx: Idnt transform  1.0000  0.0000     1.96    0.0000  1.0000     5.95
Approx: err = 6.26662, max = 80

---- Starting detailed region mapping ----
Roughly 495316 pixels map to B.
Region size is [225 1375] in x, [596 1039] in y.

---- Building mesh - affine ----
Computed simple triangle.

---- ImproveMesh - affine ----
Tri: (225 596) (1375 596) (800 1039).

---- Matlab Vertices ----
x=[225 1375 800 225]; y=[596 596 1039 596]; plot(x,y); hold on;

---- ImproveControlPts ----
STAT: ImproveCpt: Initial affine correlation 0.762657 (495316 pixels).
corr=0.762657	step=10.000000
corr=0.766776	step=10.000000
corr=0.766776	step=5.000000
corr=0.766776	step=2.500000
corr=0.768187	step=2.500000
corr=0.768909	step=2.500000
corr=0.768909	step=1.250000
corr=0.768909	step=0.625000
corr=0.768987	step=0.625000
corr=0.768987	step=0.312500
STAT: ImproveCpt: Final affine correlation 0.768987, (threshold 0.200000).

---- Matlab A-Sys Originals ----
x=[225.000000 1375.000000 800.000000 225.000000]; y=[596.000000 596.000000 1039.000000 596.000000]; plot(x,y); hold on;

---- Matlab B-Sys Originals ----
x=[0.038252 1153.513552 566.084097 0.038252]; y=[-24.639664 -0.042314 432.011490 -24.639664]; plot(x,y); hold on;

---- Matlab B-Sys Optimized ----
x=[0.048062 1149.646888 565.300599 0.048062]; y=[-26.594825 6.580129 432.452407 -26.594825]; plot(x,y); hold on;

---- Deltas ----
id=     0: dx=    0.01 dy=   -1.96 d=    1.96
id=     1: dx=   -3.87 dy=    6.62 d=    7.67
id=     2: dx=   -0.78 dy=    0.44 d=    0.90

---- Areas ----
Triangle 0, area was   254725.0, is   254484.0,   -0.1%
Combined: area was   254725.0, is   254484.0,   -0.1%

---- Transforms ----
 0.9997 -0.0216  -212.03    0.0288  0.9988  -628.36
Best affine transform:  0.9997 -0.0216  -212.03    0.0288  0.9988  -628.36
    Inverse transform:  0.9997  0.0216   225.53   -0.0289  1.0006   622.61

---- QC - affine ----
Metrics: AFF: Mean square difference 0.463541
Metrics: AFF: Smallest footprint deg=0, area=515901
MetricImages: Range x 226 1375, y 590 1039, use Nx=1150, Ny=450
Approximate EM metric 0.086746 for 517500 points.
%Yellow: Tol   1.05  red   34.9  yellow   33.0  green   32.1
%Yellow: Tol   1.10  red   24.6  yellow   53.0  green   22.5
%Yellow: Tol   1.15  red   17.7  yellow   65.5  green   16.8
%Yellow: Tol   1.20  red   13.1  yellow   73.8  green   13.1
%Yellow: Tol   1.25  red   10.1  yellow   79.5  green   10.5
Affine Triangle: 496635 points, corr 0.768228, fm 0.086746, yellow 0.79

---- Building mesh - deformable ----
Lx Dx Nx:  1150  1150.00   1
Ly Dy Ny:   443   221.00   2

STAT: From 495316 pts, got 4 triangles, 6 control points.
Timer: MeshCreate took 0.010 seconds.

---- ImproveMesh - deformable mesh ----
Tri: (225 596) (1375 596) (225 817).
Tri: (225 817) (1375 596) (1375 817).
Tri: (225 817) (1375 817) (225 1039).
Tri: (225 1039) (1375 817) (1375 1039).

---- Matlab Vertices ----
x=[225 1375 225 225]; y=[596 596 817 596]; plot(x,y); hold on;
x=[225 1375 1375 225]; y=[817 596 817 817]; plot(x,y); hold on;
x=[225 1375 225 225]; y=[817 817 1039 817]; plot(x,y); hold on;
x=[225 1375 1375 225]; y=[1039 817 1039 1039]; plot(x,y); hold on;

---- ImproveControlPts ----
STAT: ImproveCpt: Initial deformable mesh correlation 0.768987 (495316 pixels).
corr=0.768987	step=10.000000
corr=0.768987	step=5.000000
corr=0.768987	step=2.500000
corr=0.768987	step=1.250000
corr=0.768987	step=0.625000
STAT: ImproveCpt: Final deformable mesh correlation 0.769014, (threshold 0.250000).

---- Matlab A-Sys Originals ----
x=[225.000000 1375.000000 225.000000 225.000000]; y=[596.000000 596.000000 817.000000 596.000000]; plot(x,y); hold on;
x=[225.000000 1375.000000 1375.000000 225.000000]; y=[817.000000 596.000000 817.000000 817.000000]; plot(x,y); hold on;
x=[225.000000 1375.000000 225.000000 225.000000]; y=[817.000000 817.000000 1039.000000 817.000000]; plot(x,y); hold on;
x=[225.000000 1375.000000 1375.000000 225.000000]; y=[1039.000000 817.000000 1039.000000 1039.000000]; plot(x,y); hold on;

---- Matlab B-Sys Originals ----
x=[0.048062 1149.646888 -4.714601 0.048062]; y=[-26.594825 6.580129 194.135662 -26.594825]; plot(x,y); hold on;
x=[-4.714601 1149.646888 1144.884225 -4.714601]; y=[194.135662 6.580129 227.310616 194.135662]; plot(x,y); hold on;
x=[-4.714601 1144.884225 -9.498814 -4.714601]; y=[194.135662 227.310616 415.864930 194.135662]; plot(x,y); hold on;
x=[-9.498814 1144.884225 1140.100012 -9.498814]; y=[415.864930 227.310616 449.039884 415.864930]; plot(x,y); hold on;

---- Matlab B-Sys Optimized ----
x=[0.070278 1149.646620 -4.624426 0.070278]; y=[-26.639815 6.918308 194.177097 -26.639815]; plot(x,y); hold on;
x=[-4.624426 1149.646620 1144.843271 -4.624426]; y=[194.177097 6.918308 226.873746 194.177097]; plot(x,y); hold on;
x=[-4.624426 1144.843271 -9.383515 -4.624426]; y=[194.177097 226.873746 415.710944 194.177097]; plot(x,y); hold on;
x=[-9.383515 1144.843271 1140.206187 -9.383515]; y=[415.710944 226.873746 449.191812 415.710944]; plot(x,y); hold on;

---- Deltas ----
id=     0: dx=    0.02 dy=   -0.04 d=    0.05
id=     1: dx=   -0.00 dy=    0.34 d=    0.34
id=     2: dx=    0.09 dy=    0.04 d=    0.10
id=     3: dx=   -0.04 dy=   -0.44 d=    0.44
id=     4: dx=    0.12 dy=   -0.15 d=    0.19
id=     5: dx=    0.11 dy=    0.15 d=    0.19

---- Areas ----
Triangle 0, area was   127075.0, is   127001.7,   -0.1%
Triangle 1, area was   127075.0, is   126494.4,   -0.5%
Triangle 2, area was   127650.0, is   127400.8,   -0.2%
Triangle 3, area was   127650.0, is   127864.9,    0.2%
Combined: area was   509450.0, is   508761.8,   -0.1%

---- Transforms ----
 0.9996 -0.0212  -212.19    0.0292  0.9992  -628.71
 0.9995 -0.0217  -211.76    0.0284  0.9953  -625.36
 0.9995 -0.0214  -212.01    0.0284  0.9979  -627.50
 0.9996 -0.0209  -212.60    0.0291  1.0014  -631.33

---- QC - deformable ----
Remapping 1431040 points.
Metrics: DEF: Mean square difference 0.463577
Metrics: DEF: Smallest footprint deg=0, area=515901
MetricImages: Range x 226 1375, y 590 1039, use Nx=1150, Ny=450
Approximate EM metric 0.086500 for 517500 points.
All points, deformable, dfm 0.086500

Metrics: TRI: Mean square difference 0.420247
Metrics: TRI: Smallest footprint deg=2, area=223682
MetricImages: Range x 201 1354, y 630 824, use Nx=1154, Ny=196
Approximate EM metric 0.052266 for 226184 points.
%Yellow: Tol   1.05  red   35.2  yellow   31.2  green   33.6
%Yellow: Tol   1.10  red   24.7  yellow   52.7  green   22.7
%Yellow: Tol   1.15  red   17.1  yellow   67.0  green   15.9
%Yellow: Tol   1.20  red   11.9  yellow   76.2  green   11.9
%Yellow: Tol   1.25  red    8.6  yellow   82.1  green    9.4
Triangle 0: 115232 points, corr 0.789868, fm 0.052266, yellow 0.82

Metrics: TRI: Mean square difference 0.289733
Metrics: TRI: Smallest footprint deg=0, area=251900
MetricImages: Range x 230 1375, y 597 817, use Nx=1146, Ny=222
Approximate EM metric 0.031375 for 254412 points.
%Yellow: Tol   1.05  red   29.0  yellow   43.2  green   27.8
%Yellow: Tol   1.10  red   18.8  yellow   62.8  green   18.3
%Yellow: Tol   1.15  red   13.1  yellow   73.7  green   13.2
%Yellow: Tol   1.20  red    9.7  yellow   80.4  green   10.0
%Yellow: Tol   1.25  red    7.4  yellow   84.9  green    7.7
Triangle 1: 127756 points, corr 0.855126, fm 0.031375, yellow 0.85

Metrics: TRI: Mean square difference 0.377620
Metrics: TRI: Smallest footprint deg=0, area=249441
MetricImages: Range x 230 1369, y 818 1037, use Nx=1140, Ny=220
Approximate EM metric 0.037337 for 250800 points.
%Yellow: Tol   1.05  red   31.4  yellow   37.5  green   31.1
%Yellow: Tol   1.10  red   21.6  yellow   57.2  green   21.2
%Yellow: Tol   1.15  red   15.9  yellow   68.7  green   15.4
%Yellow: Tol   1.20  red   12.1  yellow   76.2  green   11.7
%Yellow: Tol   1.25  red    9.6  yellow   81.3  green    9.1
Triangle 2: 125531 points, corr 0.811182, fm 0.037337, yellow 0.81

Metrics: TRI: Mean square difference 1.096169
Metrics: TRI: Smallest footprint deg=0, area=251940
MetricImages: Range x 235 1375, y 818 1039, use Nx=1142, Ny=222
Approximate EM metric 0.073924 for 253524 points.
%Yellow: Tol   1.05  red   44.2  yellow   19.3  green   36.5
%Yellow: Tol   1.10  red   35.3  yellow   34.9  green   29.8
%Yellow: Tol   1.15  red   28.2  yellow   47.0  green   24.8
%Yellow: Tol   1.20  red   22.7  yellow   56.5  green   20.8
%Yellow: Tol   1.25  red   18.5  yellow   63.8  green   17.7
Triangle 3: 128322 points, corr 0.451908, fm 0.073924, yellow 0.64


---- Final reports ----
STAT: Overall 496841 points, corr 0.7690, EMM 0.0865, weighted EMM 0.0487, cor+dfm 0.8555, weighted yellow 0.7788

Angle span: min, max, delta = 0.024961 0.025222 0.000260
Mesh-Thm: 0.0034  0.0028     0.88    0.0074  0.0046     0.95 2x(LDR,LDC)=(0.20,200.00) -- OK.

Final remapping of 1431040 points.
Center 593.215321 666.761379:  0.9996 -0.0212  -212.19    0.0292  0.9992  -628.71
Mapping region 1 xy= 593.215321 666.761379 to region 1 xy= 366.646765 54.807824
Center 931.629060 749.102164:  0.9995 -0.0217  -211.76    0.0284  0.9953  -625.36
Mapping region 1 xy= 931.629060 749.102164 to region 1 xy= 703.153288 146.690967
Center 577.726465 885.091544:  0.9995 -0.0214  -212.01    0.0284  0.9979  -627.50
Mapping region 1 xy= 577.726465 885.091544 to region 1 xy= 346.479071 272.154336
Center 921.773703 971.746190:  0.9996 -0.0209  -212.60    0.0291  1.0014  -631.33
Mapping region 1 xy= 921.773703 971.746190 to region 1 xy= 688.546374 368.646507

Pipe: Returning 4 total transforms.

---- Summary Region-region results ----
Pipe: Table Headers {Az t r Bz t r thmok ntri}
FOUND:     1    5   1      0    6   1   1   4

---- Tabulating point matches ----
Tabulate: Rgn 1 -> 1: Keeping 4 of 4 point-pairs.

Timer: Alignment took 2.000 seconds.

main: Got 4 mapping regions.
main: Transform   0:  0.9996 -0.0212  -212.19    0.0292  0.9992  -628.71
main: Transform   1:  0.9995 -0.0217  -211.76    0.0284  0.9953  -625.36
main: Transform   2:  0.9995 -0.0214  -212.01    0.0284  0.9979  -627.50
main: Transform   3:  0.9996 -0.0209  -212.60    0.0291  1.0014  -631.33

main: Average:  0.9996 -0.0213     0.00    0.0288  0.9984     0.00
main: Degrees: 1.43681
main: Residue:  1.0000  0.0037     0.00    0.0037  0.9987     0.00

main: Inverse:  0.9998  0.0214    -0.00   -0.0288  1.0009    -0.00
main: Degrees: -1.43681
main: Residue:  1.0002 -0.0038     0.00   -0.0038  1.0012     0.00

main: Normal completion for dmesh run.
Timer: Total took 2.230 seconds.

---- Memory ----
Host name: h05u32.int.janelia.org
PID:       18818
User time:       2 seconds.
System time:     0 seconds.
VmPeak:	  712156 kB
VmSize:	  226008 kB
VmLck:	       0 kB
VmPin:	       0 kB
VmHWM:	  549064 kB
VmRSS:	   62084 kB
VmData:	   56612 kB
VmStk:	     164 kB
VmExe:	     832 kB
VmLib:	   85564 kB
VmPTE:	     368 kB
VmSwap:	       0 kB
voluntary_ctxt_switches:	17
nonvoluntary_ctxt_switches:	26

