
---- dmesh start ----
main: Start: Fri Sep 30 13:26:49 2016


---- Match parameters ----
PXBRO=2            <default 2>        "Max Legendre poly order for bkg removal"
PXLENS=N           <default N>        "Y=Apply IDB/lens.txt"
PXRESMSK=N         <default N>        "Y=Apply resin mask"
PXDOG=N            <default N>        "Y=Apply DoG filter"
PXDOG_R1=3         <default 3>        "DoG inner radius"
PXDOG_R2=6         <default 6>        "DoG outer radius"
FLD=N              <default X>        "Mask usage: Y=Use, N=None, X=XL only"
PRETWEAK=N         <default N>        "Y=Auto-distort before angle scan"
SCALE=1            <default 1.0>      "Image-B / image-A scale factor"
XSCALE=1           <default 1.0>      "Image-B / image-A x-axis scale factor"
YSCALE=1           <default 1.0>      "Image-B / image-A y-axis scale factor"
SKEW=0             <default 0.0>      "Transform elem[3] user-applied distortion"
MODE_SL=M          <default Z>        "Notes above"
MODE_XL=N          <default Y>        "Notes above"
TAB2DFM_SL=N       <default Y>        "Adopt Tdfm from Tab"
TAB2DFM_XL=Y       <default Y>        "Adopt Tdfm from Tab"
XYCONF_SL=1.0      <default 0.0>      "[0,1.0] confidence in Tab XY"
XYCONF_XL=0.8      <default 0.0>      "[0,1.0] confidence in Tab XY"
THMDEC_SL=8        <default 8>        "2^N thumb decimation factor"
THMDEC_XL=8        <default 8>        "2^N thumb decimation factor"
OLAP1D_SL=0        <default 0>        "Min 1D pix full-size overlap"
OLAP1D_XL=0        <default 0>        "Min 1D pix full-size overlap"
OLAP2D_SL=60000    <default 25000>    "Min 2D pix full-size overlap"
OLAP2D_XL=160000   <default 200000>   "Min 2D pix full-size overlap"
NBMXHT_SL=0.75     <default 0.75>     "Max F(neib)/F(pk) in guard zone"
NBMXHT_XL=0.75     <default 0.75>     "Max F(neib)/F(pk) in guard zone"
HFANGDN_SL=5       <default 5.0>      "Half angle search range denovo"
HFANGDN_XL=45      <default 45.0>     "Half angle search range denovo"
HFANGPR_SL=1       <default 1.0>      "Half angle search range prior angles"
HFANGPR_XL=4       <default 1.0>      "Half angle search range prior angles"
RTRSH_SL=0.3       <default 0.3>      "R corr thresh"
RTRSH_XL=0.3       <default 0.3>      "R corr thresh"
TWEAKS=N           <default N>        "Y=Try 8 near unity distortions"
LIMXY_SL=30        <default 0>        "0 or Max XY delta from Tab"
LIMXY_XL=80        <default 0>        "0 or Max XY delta from Tab"
WTHMPR=Y           <default Y>        "Y=Write ThmPair_a^b.txt entries"
OPT_SL=Y           <default Y(EM)>    "Y=Enable mesh optimizer"
RIT_SL=0.50        <default 0.20>     "Min mesh starting corr"
RIT_XL=0.1         <default 0.20>     "Min mesh starting corr"
RFA_SL=0.55        <default 0.3>      "Affine-only final corr"
RFA_XL=0.20        <default 0.3>      "Affine-only final corr"
RFT_SL=0.65        <default 0.5>      "Full mesh final corr"
RFT_XL=0.25        <default 0.5>      "Full mesh final corr"
TMC=5              <default 30.0%>    "Max single triangle area change"
TSC=9              <default 9.0%>     "Max summed triangle area change"
MNL=250            <default 300>      "Triangle edges between MNL and 2*MNL"
MTA=120000         <default 10000>    "Min triangle size (pixels)"
MMA=60000          <default 100000>   "Min 2D overlap for mesh"
ONE=N              <default N>        "Y=Use just one affine transform"
IFM=0.50           <default 0.50>     "Min Fourier Metric after affine-only"
FFM=0.65           <default 0.65>     "Min Fourier Metric after full mesh"
FYL=0.5            <default 0.50>     "Min fraction of yellow pixels"
CPD=0.5            <default 0.50>     "Min Correlation + DFM"
EMM=Y              <default Y>        "Y=Use Earth Mover's Metric, N=Use Fourier"
EMT=0.14           <default 0.2>      "Earth Movers Metric thresh"
WDI=N              <default N>        "Y=Write diff images (Fourier, EMM metrics)"
LDA=0.2            <default 0.2>      "Max radian delta between triangles"
LDR=0.1            <default 0.1>      "Max sine delta between triangles"
LDC=100            <default 100.0>    "Max XY delta between triangles"
DXY=100            <default 100.0>    "Max delta from user input XYs"
WMT=N              <default Y>        "Y=Write map.tif files"
WTT=N              <default Y>        "Y=Write tf.txt files"


---- Input images ----
Til2Img entry: A T=[ 1.0000  0.0000     0.00  0.0000  1.0000  1714.00] path=[/groups/apig/tomo/DEMO/TIF/B1_11_2.tif].
Til2Img entry: B T=[ 1.0000  0.0000     0.00  0.0000  1.0000  1714.00] path=[/groups/apig/tomo/DEMO/TIF/A1_11_2.tif].


---- Command-line overrides ----
Tab=  1.0020 -0.0223  -156.26    0.0222  1.0044   186.24
Tdfm= 1.0022 -0.0000     0.00   -0.0000  1.0047     0.00
FLD=N


---- Image loading ----
Raster8FromTif: Opening [/groups/apig/tomo/DEMO/TIF/B1_11_2.tif].
Raster8FromTif: Bits per sample 8, samples per pixel 1
Raster8FromTif: Picture is 1376 by 1040, 1431040 pixels total.
TIF(8): Last Encoded strip had 1376 bytes.
Raster8FromTif: Opening [/groups/apig/tomo/DEMO/TIF/A1_11_2.tif].
Raster8FromTif: Bits per sample 8, samples per pixel 1
Raster8FromTif: Picture is 1376 by 1040, 1431040 pixels total.
TIF(8): Last Encoded strip had 1376 bytes.
PixPair: Using image scale=1.
Timer: Image conditioning took 0.260 seconds.

---- Foldmaps ----

---- Connected regions ----
Forcing single connected region.

---- Begin A-1 to B-1 ----

---- Thumbnail matching ----
Subimage: Using intersection, w=1251, h=892, pix=1115892
Thumbs: After decimation 17584 pts, reqArea 2501, thmscl 8
SetDisc( -4, 5, 10, 10 )
Initial: R= 1.258, A=   1.270, X=   -4.03, Y=    3.32
Peak-Disc: dR 13 dX 0 dY -13
Approx: LowRes  R=1.258, X=-32.206, Y=26.528
Approx: FullRes R=0.160, X=-31.942, Y=27.948, use=Y.
Timer: FinishAtFullRes took 1.020 seconds.
Approx: Returning A=1.269855, R=1.257611, X=-157.186366, Y=173.175899
Approx: Best transform  1.0020 -0.0223  -157.19    0.0222  1.0044   173.18
Approx: Orig transform  1.0020 -0.0223  -156.26    0.0222  1.0044   186.24
Approx: Idnt transform  1.0000  0.0000    -1.22    0.0000  1.0000   -12.98
Approx: err = 13.0361, max = 80

---- Starting detailed region mapping ----
Roughly 1024308 pixels map to B.
Region size is [156 1375] in x, [0 859] in y.

---- Building mesh - affine ----
Computed simple triangle.

---- ImproveMesh - affine ----
Tri: (156 0) (1375 0) (765 859).

---- Matlab Vertices ----
x=[156 1375 765 156]; y=[0 0 859 0]; plot(x,y); hold on;

---- ImproveControlPts ----
STAT: ImproveCpt: Initial affine correlation 0.284172 (1024308 pixels).
corr=0.284172	step=10.000000
corr=0.289761	step=10.000000
corr=0.289761	step=5.000000
corr=0.293154	step=5.000000
corr=0.293154	step=2.500000
corr=0.293967	step=2.500000
corr=0.293967	step=1.250000
corr=0.294395	step=1.250000
corr=0.294395	step=0.625000
corr=0.294439	step=0.625000
corr=0.294439	step=0.312500
STAT: ImproveCpt: Final affine correlation 0.294479, (threshold 0.200000).

---- Matlab A-Sys Originals ----
x=[156.000000 1375.000000 765.000000 156.000000]; y=[0.000000 0.000000 859.000000 0.000000]; plot(x,y); hold on;

---- Matlab B-Sys Originals ----
x=[-0.881854 1220.497634 590.152932 -0.881854]; y=[176.635511 203.669274 1052.944956 176.635511]; plot(x,y); hold on;

---- Matlab B-Sys Optimized ----
x=[-1.836285 1222.082217 589.826554 -1.836285]; y=[167.241624 203.332235 1056.329528 167.241624]; plot(x,y); hold on;

---- Deltas ----
id=     0: dx=   -0.95 dy=   -9.39 d=    9.44
id=     1: dx=    1.58 dy=   -0.34 d=    1.62
id=     2: dx=   -0.33 dy=    3.38 d=    3.40

---- Areas ----
Triangle 0, area was   523560.5, is   533408.8,    1.9%
Combined: area was   523560.5, is   533408.8,    1.9%

---- Transforms ----
 1.0040 -0.0230  -158.47    0.0296  1.0140   162.62
Best affine transform:  1.0040 -0.0230  -158.47    0.0296  1.0140   162.62
    Inverse transform:  0.9953  0.0226   154.04   -0.0291  0.9855  -164.87

---- QC - affine ----
Metrics: AFF: Mean square difference 1.411123
Metrics: AFF: Smallest footprint deg=0, area=1.0454e+06
MetricImages: Range x 158 1375, y 0 859, use Nx=1218, Ny=860
Approximate EM metric 0.132333 for 1047480 points.
%Yellow: Tol   1.05  red   35.9  yellow   22.0  green   42.2
%Yellow: Tol   1.10  red   31.8  yellow   33.2  green   34.9
%Yellow: Tol   1.15  red   28.7  yellow   42.4  green   28.9
%Yellow: Tol   1.20  red   25.6  yellow   51.2  green   23.2
%Yellow: Tol   1.25  red   22.6  yellow   58.6  green   18.7
Affine Triangle: 1017242 points, corr 0.294438, fm 0.132333, yellow 0.59

---- Building mesh - deformable ----
Lx Dx Nx:  1219   609.00   2
Ly Dy Ny:   859   429.00   2

STAT: From 1024308 pts, got 8 triangles, 9 control points.
Timer: MeshCreate took 0.030 seconds.

---- ImproveMesh - deformable mesh ----
Tri: (156 0) (765 0) (156 429).
Tri: (156 429) (765 0) (765 429).
Tri: (765 0) (1375 0) (765 429).
Tri: (765 429) (1375 0) (1375 429).
Tri: (156 429) (765 429) (156 859).
Tri: (156 859) (765 429) (765 859).
Tri: (765 429) (1375 429) (765 859).
Tri: (765 859) (1375 429) (1375 859).

---- Matlab Vertices ----
x=[156 765 156 156]; y=[0 0 429 0]; plot(x,y); hold on;
x=[156 765 765 156]; y=[429 0 429 429]; plot(x,y); hold on;
x=[765 1375 765 765]; y=[0 0 429 0]; plot(x,y); hold on;
x=[765 1375 1375 765]; y=[429 0 429 429]; plot(x,y); hold on;
x=[156 765 156 156]; y=[429 429 859 429]; plot(x,y); hold on;
x=[156 765 765 156]; y=[859 429 859 859]; plot(x,y); hold on;
x=[765 1375 765 765]; y=[429 429 859 429]; plot(x,y); hold on;
x=[765 1375 1375 765]; y=[859 429 859 859]; plot(x,y); hold on;

---- ImproveControlPts ----
STAT: ImproveCpt: Initial deformable mesh correlation 0.294479 (1024308 pixels).
corr=0.294479	step=10.000000
corr=0.294479	step=5.000000
corr=0.295636	step=5.000000
corr=0.295636	step=2.500000
corr=0.295882	step=2.500000
corr=0.296047	step=2.500000
corr=0.296047	step=1.250000
corr=0.296047	step=0.625000
corr=0.296047	step=0.312500
corr=0.296047	step=0.156250
corr=0.296047	step=0.078125
corr=0.296053	step=0.078125
STAT: ImproveCpt: Final deformable mesh correlation 0.296053, (threshold 0.250000).

---- Matlab A-Sys Originals ----
x=[156.000000 765.000000 156.000000 156.000000]; y=[0.000000 0.000000 429.000000 0.000000]; plot(x,y); hold on;
x=[156.000000 765.000000 765.000000 156.000000]; y=[429.000000 0.000000 429.000000 429.000000]; plot(x,y); hold on;
x=[765.000000 1375.000000 765.000000 765.000000]; y=[0.000000 0.000000 429.000000 0.000000]; plot(x,y); hold on;
x=[765.000000 1375.000000 1375.000000 765.000000]; y=[429.000000 0.000000 429.000000 429.000000]; plot(x,y); hold on;
x=[156.000000 765.000000 156.000000 156.000000]; y=[429.000000 429.000000 859.000000 429.000000]; plot(x,y); hold on;
x=[156.000000 765.000000 765.000000 156.000000]; y=[859.000000 429.000000 859.000000 859.000000]; plot(x,y); hold on;
x=[765.000000 1375.000000 765.000000 765.000000]; y=[429.000000 429.000000 859.000000 429.000000]; plot(x,y); hold on;
x=[765.000000 1375.000000 1375.000000 765.000000]; y=[859.000000 429.000000 859.000000 859.000000]; plot(x,y); hold on;

---- Matlab B-Sys Originals ----
x=[-1.836285 609.620948 -11.721961 -1.836285]; y=[167.241624 185.272126 602.263307 167.241624]; plot(x,y); hold on;
x=[-11.721961 609.620948 599.735273 -11.721961]; y=[602.263307 185.272126 620.293809 602.263307]; plot(x,y); hold on;
x=[609.620948 1222.082217 599.735273 609.620948]; y=[185.272126 203.332235 620.293809 185.272126]; plot(x,y); hold on;
x=[599.735273 1222.082217 1212.196541 599.735273]; y=[620.293809 203.332235 638.353918 620.293809]; plot(x,y); hold on;
x=[-11.721961 599.735273 -21.630680 -11.721961]; y=[602.263307 620.293809 1038.299026 602.263307]; plot(x,y); hold on;
x=[-21.630680 599.735273 589.826554 -21.630680]; y=[1038.299026 620.293809 1056.329528 1038.299026]; plot(x,y); hold on;
x=[599.735273 1212.196541 589.826554 599.735273]; y=[620.293809 638.353918 1056.329528 620.293809]; plot(x,y); hold on;
x=[589.826554 1212.196541 1202.287822 589.826554]; y=[1056.329528 638.353918 1074.389637 1056.329528]; plot(x,y); hold on;

---- Matlab B-Sys Optimized ----
x=[-2.372923 608.633644 -12.019198 -2.372923]; y=[167.815725 183.120030 600.939271 167.815725]; plot(x,y); hold on;
x=[-12.019198 608.633644 601.905231 -12.019198]; y=[600.939271 183.120030 618.272953 600.939271]; plot(x,y); hold on;
x=[608.633644 1221.418953 601.905231 608.633644]; y=[183.120030 205.937060 618.272953 183.120030]; plot(x,y); hold on;
x=[601.905231 1221.418953 1213.003298 601.905231]; y=[618.272953 205.937060 639.630915 618.272953]; plot(x,y); hold on;
x=[-12.019198 601.905231 -22.059289 -12.019198]; y=[600.939271 618.272953 1042.316283 600.939271]; plot(x,y); hold on;
x=[-22.059289 601.905231 589.971702 -22.059289]; y=[1042.316283 618.272953 1056.398319 1042.316283]; plot(x,y); hold on;
x=[601.905231 1213.003298 589.971702 601.905231]; y=[618.272953 639.630915 1056.398319 618.272953]; plot(x,y); hold on;
x=[589.971702 1213.003298 1200.287592 589.971702]; y=[1056.398319 639.630915 1071.038487 1056.398319]; plot(x,y); hold on;

---- Deltas ----
id=     0: dx=   -0.54 dy=    0.57 d=    0.79
id=     1: dx=   -0.99 dy=   -2.15 d=    2.37
id=     2: dx=   -0.66 dy=    2.60 d=    2.69
id=     3: dx=   -0.30 dy=   -1.32 d=    1.36
id=     4: dx=    2.17 dy=   -2.02 d=    2.97
id=     5: dx=    0.81 dy=    1.28 d=    1.51
id=     6: dx=   -0.43 dy=    4.02 d=    4.04
id=     7: dx=    0.15 dy=    0.07 d=    0.16
id=     8: dx=   -2.00 dy=   -3.35 d=    3.90

---- Areas ----
Triangle 0, area was   130630.5, is   132394.5,    1.4%
Triangle 1, area was   130630.5, is   133633.8,    2.3%
Triangle 2, area was   130845.0, is   133404.4,    2.0%
Triangle 3, area was   130845.0, is   132604.6,    1.3%
Triangle 4, area was   130935.0, is   135573.1,    3.5%
Triangle 5, area was   130935.0, is   134157.2,    2.5%
Triangle 6, area was   131150.0, is   133996.2,    2.2%
Triangle 7, area was   131150.0, is   131740.5,    0.5%
Combined: area was  1047121.0, is  1067504.3,    1.9%

---- Transforms ----
 1.0033 -0.0225  -158.89    0.0251  1.0096   163.90
 1.0081 -0.0157  -162.55    0.0285  1.0143   161.35
 1.0046 -0.0157  -159.86    0.0374  1.0143   154.51
 1.0018 -0.0196  -156.06    0.0350  1.0109   157.79
 1.0081 -0.0233  -159.26    0.0285  1.0265   156.15
 1.0050 -0.0278  -155.00    0.0231  1.0189   163.48
 1.0018 -0.0278  -152.57    0.0350  1.0189   154.38
 1.0005 -0.0296  -150.02    0.0240  1.0033   176.23

---- QC - deformable ----
Remapping 1431040 points.
Metrics: DEF: Mean square difference 1.407789
Metrics: DEF: Smallest footprint deg=0, area=1.03968e+06
MetricImages: Range x 159 1375, y 0 855, use Nx=1218, Ny=856
Approximate EM metric 0.133046 for 1042608 points.
All points, deformable, dfm 0.133046

Metrics: TRI: Mean square difference 1.300516
Metrics: TRI: Smallest footprint deg=0, area=254520
MetricImages: Range x 159 765, y 0 420, use Nx=608, Ny=422
Approximate EM metric 0.097589 for 256576 points.
%Yellow: Tol   1.05  red   38.8  yellow   20.1  green   41.1
%Yellow: Tol   1.10  red   33.5  yellow   32.3  green   34.2
%Yellow: Tol   1.15  red   29.5  yellow   41.9  green   28.6
%Yellow: Tol   1.20  red   25.7  yellow   50.1  green   24.2
%Yellow: Tol   1.25  red   22.4  yellow   57.0  green   20.6
Triangle 0: 127910 points, corr 0.349734, fm 0.097589, yellow 0.57

Metrics: TRI: Mean square difference 1.334894
Metrics: TRI: Smallest footprint deg=0, area=255516
MetricImages: Range x 168 765, y 1 429, use Nx=598, Ny=430
Approximate EM metric 0.087891 for 257140 points.
%Yellow: Tol   1.05  red   34.0  yellow   29.0  green   37.0
%Yellow: Tol   1.10  red   30.9  yellow   38.0  green   31.1
%Yellow: Tol   1.15  red   27.8  yellow   45.8  green   26.4
%Yellow: Tol   1.20  red   24.3  yellow   53.1  green   22.6
%Yellow: Tol   1.25  red   21.4  yellow   59.4  green   19.2
Triangle 1: 131096 points, corr 0.332545, fm 0.087891, yellow 0.59

Metrics: TRI: Mean square difference 1.548080
Metrics: TRI: Smallest footprint deg=0, area=260652
MetricImages: Range x 766 1375, y 0 428, use Nx=610, Ny=430
Approximate EM metric 0.084940 for 262300 points.
%Yellow: Tol   1.05  red   33.1  yellow   19.9  green   47.0
%Yellow: Tol   1.10  red   30.6  yellow   41.8  green   27.5
%Yellow: Tol   1.15  red   28.2  yellow   48.7  green   23.1
%Yellow: Tol   1.20  red   25.4  yellow   54.9  green   19.7
%Yellow: Tol   1.25  red   22.7  yellow   60.3  green   16.9
Triangle 2: 130936 points, corr 0.225952, fm 0.084940, yellow 0.60

Metrics: TRI: Mean square difference 1.526462
Metrics: TRI: Smallest footprint deg=0, area=260652
MetricImages: Range x 766 1375, y 1 429, use Nx=610, Ny=430
Approximate EM metric 0.102803 for 262300 points.
%Yellow: Tol   1.05  red   31.7  yellow   23.5  green   44.7
%Yellow: Tol   1.10  red   29.1  yellow   36.7  green   34.2
%Yellow: Tol   1.15  red   26.8  yellow   49.8  green   23.5
%Yellow: Tol   1.20  red   24.1  yellow   57.0  green   19.0
%Yellow: Tol   1.25  red   21.5  yellow   62.4  green   16.2
Triangle 3: 131364 points, corr 0.236761, fm 0.102803, yellow 0.62

Metrics: TRI: Mean square difference 1.731403
Metrics: TRI: Smallest footprint deg=0, area=245735
MetricImages: Range x 168 763, y 430 843, use Nx=596, Ny=414
Approximate EM metric 0.067128 for 246744 points.
%Yellow: Tol   1.05  red   35.3  yellow   24.0  green   40.7
%Yellow: Tol   1.10  red   32.9  yellow   32.0  green   35.1
%Yellow: Tol   1.15  red   30.3  yellow   39.3  green   30.4
%Yellow: Tol   1.20  red   27.3  yellow   46.5  green   26.2
%Yellow: Tol   1.25  red   24.5  yellow   52.9  green   22.6
Triangle 4: 123531 points, corr 0.134291, fm 0.067128, yellow 0.53

Metrics: TRI: Mean square difference 1.248820
Metrics: TRI: Smallest footprint deg=35, area=245388
MetricImages: Range x -345 381, y 790 1128, use Nx=728, Ny=340
Approximate EM metric 0.095002 for 247520 points.
%Yellow: Tol   1.05  red   33.4  yellow   27.2  green   39.4
%Yellow: Tol   1.10  red   30.0  yellow   37.1  green   32.9
%Yellow: Tol   1.15  red   26.9  yellow   45.8  green   27.4
%Yellow: Tol   1.20  red   23.5  yellow   53.7  green   22.8
%Yellow: Tol   1.25  red   20.7  yellow   60.0  green   19.2
Triangle 5: 124865 points, corr 0.375582, fm 0.095002, yellow 0.60

Metrics: TRI: Mean square difference 1.470951
Metrics: TRI: Smallest footprint deg=0, area=249477
MetricImages: Range x 766 1373, y 430 841, use Nx=608, Ny=412
Approximate EM metric 0.103659 for 250496 points.
%Yellow: Tol   1.05  red   33.3  yellow   24.2  green   42.5
%Yellow: Tol   1.10  red   30.2  yellow   35.5  green   34.3
%Yellow: Tol   1.15  red   27.5  yellow   45.7  green   26.8
%Yellow: Tol   1.20  red   24.7  yellow   55.2  green   20.1
%Yellow: Tol   1.25  red   22.1  yellow   61.3  green   16.6
Triangle 6: 130426 points, corr 0.264517, fm 0.103659, yellow 0.61

Metrics: TRI: Mean square difference 1.221185
Metrics: TRI: Smallest footprint deg=35, area=233805
MetricImages: Range x 165 880, y 1140 1467, use Nx=716, Ny=328
Approximate EM metric 0.155417 for 234848 points.
%Yellow: Tol   1.05  red   42.9  yellow    9.7  green   47.4
%Yellow: Tol   1.10  red   38.3  yellow   20.9  green   40.8
%Yellow: Tol   1.15  red   33.8  yellow   30.5  green   35.7
%Yellow: Tol   1.20  red   29.4  yellow   39.6  green   31.0
%Yellow: Tol   1.25  red   25.0  yellow   50.0  green   25.0
Triangle 7: 116536 points, corr 0.389399, fm 0.155417, yellow 0.50


---- Final reports ----
STAT: Overall 1016664 points, corr 0.2961, EMM 0.1330, weighted EMM 0.0988, cor+dfm 0.4291, weighted yellow 0.5805

Angle span: min, max, delta = 0.021825 0.031051 0.009226
Mesh-Thm: 0.0022  0.0004     0.41    0.0074  0.0102    12.20 2x(LDR,LDC)=(0.20,200.00) -- OK.

Final remapping of 1431040 points.
Center 350.994027 137.360324:  1.0033 -0.0225  -158.89    0.0251  1.0096   163.90
Mapping region 1 xy= 350.994027 137.360324 to region 1 xy= 190.174966 311.396599
Center 530.206172 297.198319:  1.0081 -0.0157  -162.55    0.0285  1.0143   161.35
Mapping region 1 xy= 530.206172 297.198319 to region 1 xy= 367.280009 477.898082
Center 952.098386 131.582308:  1.0046 -0.0157  -159.86    0.0374  1.0143   154.51
Mapping region 1 xy= 952.098386 131.582308 to region 1 xy= 794.522606 323.587963
Center 1134.593007 299.036557:  1.0018 -0.0196  -156.06    0.0350  1.0109   157.79
Mapping region 1 xy= 1134.593007 299.036557 to region 1 xy= 974.713028 499.828109
Center 354.989707 569.501764:  1.0081 -0.0233  -159.26    0.0285  1.0265   156.15
Mapping region 1 xy= 354.989707 569.501764 to region 1 xy= 185.298975 750.822205
Center 548.389956 720.471526:  1.0050 -0.0278  -155.00    0.0231  1.0189   163.48
Mapping region 1 xy= 548.389956 720.471526 to region 1 xy= 376.128087 910.243463
Center 952.712665 561.322042:  1.0018 -0.0278  -152.57    0.0350  1.0189   154.38
Mapping region 1 xy= 952.712665 561.322042 to region 1 xy= 786.283546 759.667773
Center 1160.370495 719.648104:  1.0005 -0.0296  -150.02    0.0240  1.0033   176.23
Mapping region 1 xy= 1160.370495 719.648104 to region 1 xy= 989.667773 926.079266

Pipe: Returning 8 total transforms.

---- Summary Region-region results ----
Pipe: Table Headers {Az t r Bz t r thmok ntri}
FOUND:     1   11   1      0   11   1   1   8

---- Tabulating point matches ----
Tabulate: Rgn 1 -> 1: Keeping 8 of 8 point-pairs.

Timer: Alignment took 3.380 seconds.

main: Got 8 mapping regions.
main: Transform   0:  1.0033 -0.0225  -158.89    0.0251  1.0096   163.90
main: Transform   1:  1.0081 -0.0157  -162.55    0.0285  1.0143   161.35
main: Transform   2:  1.0046 -0.0157  -159.86    0.0374  1.0143   154.51
main: Transform   3:  1.0018 -0.0196  -156.06    0.0350  1.0109   157.79
main: Transform   4:  1.0081 -0.0233  -159.26    0.0285  1.0265   156.15
main: Transform   5:  1.0050 -0.0278  -155.00    0.0231  1.0189   163.48
main: Transform   6:  1.0018 -0.0278  -152.57    0.0350  1.0189   154.38
main: Transform   7:  1.0005 -0.0296  -150.02    0.0240  1.0033   176.23

main: Average:  1.0041 -0.0227     0.00    0.0296  1.0146     0.00
main: Degrees: 1.48442
main: Residue:  1.0046  0.0036     0.00    0.0036  1.0148     0.00

main: Inverse:  0.9952  0.0223    -0.00   -0.0290  0.9850    -0.00
main: Degrees: -1.48442
main: Residue:  0.9956 -0.0032     0.00   -0.0032  0.9852     0.00

main: Normal completion for dmesh run.
Timer: Total took 3.640 seconds.

---- Memory ----
Host name: h05u32.int.janelia.org
PID:       18788
User time:       3 seconds.
System time:     0 seconds.
VmPeak:	  817276 kB
VmSize:	  242508 kB
VmLck:	       0 kB
VmPin:	       0 kB
VmHWM:	  654084 kB
VmRSS:	   78628 kB
VmData:	   73112 kB
VmStk:	     164 kB
VmExe:	     832 kB
VmLib:	   85564 kB
VmPTE:	     404 kB
VmSwap:	       0 kB
voluntary_ctxt_switches:	22
nonvoluntary_ctxt_switches:	41

