
---- dmesh start ----
main: Start: Fri Sep 30 13:27:07 2016


---- Match parameters ----
PXBRO=2            <default 2>        "Max Legendre poly order for bkg removal"
PXLENS=N           <default N>        "Y=Apply IDB/lens.txt"
PXRESMSK=N         <default N>        "Y=Apply resin mask"
PXDOG=N            <default N>        "Y=Apply DoG filter"
PXDOG_R1=3         <default 3>        "DoG inner radius"
PXDOG_R2=6         <default 6>        "DoG outer radius"
FLD=N              <default X>        "Mask usage: Y=Use, N=None, X=XL only"
PRETWEAK=N         <default N>        "Y=Auto-distort before angle scan"
SCALE=1            <default 1.0>      "Image-B / image-A scale factor"
XSCALE=1           <default 1.0>      "Image-B / image-A x-axis scale factor"
YSCALE=1           <default 1.0>      "Image-B / image-A y-axis scale factor"
SKEW=0             <default 0.0>      "Transform elem[3] user-applied distortion"
MODE_SL=M          <default Z>        "Notes above"
MODE_XL=N          <default Y>        "Notes above"
TAB2DFM_SL=N       <default Y>        "Adopt Tdfm from Tab"
TAB2DFM_XL=Y       <default Y>        "Adopt Tdfm from Tab"
XYCONF_SL=1.0      <default 0.0>      "[0,1.0] confidence in Tab XY"
XYCONF_XL=0.8      <default 0.0>      "[0,1.0] confidence in Tab XY"
THMDEC_SL=8        <default 8>        "2^N thumb decimation factor"
THMDEC_XL=8        <default 8>        "2^N thumb decimation factor"
OLAP1D_SL=0        <default 0>        "Min 1D pix full-size overlap"
OLAP1D_XL=0        <default 0>        "Min 1D pix full-size overlap"
OLAP2D_SL=60000    <default 25000>    "Min 2D pix full-size overlap"
OLAP2D_XL=160000   <default 200000>   "Min 2D pix full-size overlap"
NBMXHT_SL=0.75     <default 0.75>     "Max F(neib)/F(pk) in guard zone"
NBMXHT_XL=0.75     <default 0.75>     "Max F(neib)/F(pk) in guard zone"
HFANGDN_SL=5       <default 5.0>      "Half angle search range denovo"
HFANGDN_XL=45      <default 45.0>     "Half angle search range denovo"
HFANGPR_SL=1       <default 1.0>      "Half angle search range prior angles"
HFANGPR_XL=4       <default 1.0>      "Half angle search range prior angles"
RTRSH_SL=0.3       <default 0.3>      "R corr thresh"
RTRSH_XL=0.3       <default 0.3>      "R corr thresh"
TWEAKS=N           <default N>        "Y=Try 8 near unity distortions"
LIMXY_SL=30        <default 0>        "0 or Max XY delta from Tab"
LIMXY_XL=80        <default 0>        "0 or Max XY delta from Tab"
WTHMPR=Y           <default Y>        "Y=Write ThmPair_a^b.txt entries"
OPT_SL=Y           <default Y(EM)>    "Y=Enable mesh optimizer"
RIT_SL=0.50        <default 0.20>     "Min mesh starting corr"
RIT_XL=0.1         <default 0.20>     "Min mesh starting corr"
RFA_SL=0.55        <default 0.3>      "Affine-only final corr"
RFA_XL=0.20        <default 0.3>      "Affine-only final corr"
RFT_SL=0.65        <default 0.5>      "Full mesh final corr"
RFT_XL=0.25        <default 0.5>      "Full mesh final corr"
TMC=5              <default 30.0%>    "Max single triangle area change"
TSC=9              <default 9.0%>     "Max summed triangle area change"
MNL=250            <default 300>      "Triangle edges between MNL and 2*MNL"
MTA=120000         <default 10000>    "Min triangle size (pixels)"
MMA=60000          <default 100000>   "Min 2D overlap for mesh"
ONE=N              <default N>        "Y=Use just one affine transform"
IFM=0.50           <default 0.50>     "Min Fourier Metric after affine-only"
FFM=0.65           <default 0.65>     "Min Fourier Metric after full mesh"
FYL=0.5            <default 0.50>     "Min fraction of yellow pixels"
CPD=0.5            <default 0.50>     "Min Correlation + DFM"
EMM=Y              <default Y>        "Y=Use Earth Mover's Metric, N=Use Fourier"
EMT=0.14           <default 0.2>      "Earth Movers Metric thresh"
WDI=N              <default N>        "Y=Write diff images (Fourier, EMM metrics)"
LDA=0.2            <default 0.2>      "Max radian delta between triangles"
LDR=0.1            <default 0.1>      "Max sine delta between triangles"
LDC=100            <default 100.0>    "Max XY delta between triangles"
DXY=100            <default 100.0>    "Max delta from user input XYs"
WMT=N              <default Y>        "Y=Write map.tif files"
WTT=N              <default Y>        "Y=Write tf.txt files"


---- Input images ----
Til2Img entry: A T=[ 1.0000  0.0000  1142.00  0.0000  1.0000   857.00] path=[/groups/apig/tomo/DEMO/TIF/B1_1_2.tif].
Til2Img entry: B T=[ 1.0000  0.0000  1142.00  0.0000  1.0000  1714.00] path=[/groups/apig/tomo/DEMO/TIF/A1_2_2.tif].


---- Command-line overrides ----
Tab=  1.0015 -0.0219  -140.24    0.0219  1.0049  -650.20
Tdfm= 1.0018  0.0001     0.00    0.0001  1.0051     0.00
FLD=N


---- Image loading ----
Raster8FromTif: Opening [/groups/apig/tomo/DEMO/TIF/B1_1_2.tif].
Raster8FromTif: Bits per sample 8, samples per pixel 1
Raster8FromTif: Picture is 1376 by 1040, 1431040 pixels total.
TIF(8): Last Encoded strip had 1376 bytes.
Raster8FromTif: Opening [/groups/apig/tomo/DEMO/TIF/A1_2_2.tif].
Raster8FromTif: Bits per sample 8, samples per pixel 1
Raster8FromTif: Picture is 1376 by 1040, 1431040 pixels total.
TIF(8): Last Encoded strip had 1376 bytes.
PixPair: Using image scale=1.
Timer: Image conditioning took 0.250 seconds.

---- Foldmaps ----

---- Connected regions ----
Forcing single connected region.

---- Begin A-1 to B-1 ----

---- Thumbnail matching ----
Subimage: Using intersection, w=1264, h=520, pix=657280
Thumbs: After decimation 10270 pts, reqArea 2501, thmscl 8
SetDisc( -5, -16, 10, 10 )
Initial: R= 1.074, A=   1.252, X=   -4.86, Y=  -15.84
Peak-Disc: dR 1 dX 1 dY 1
Approx: LowRes  R=1.074, X=-38.843, Y=-126.710
Approx: FullRes R=0.137, X=-37.917, Y=-125.898, use=Y.
Timer: FinishAtFullRes took 0.830 seconds.
Approx: Returning A=1.251626, R=1.073639, X=-138.700603, Y=-650.886213
Approx: Best transform  1.0015 -0.0219  -138.70    0.0219  1.0049  -650.89
Approx: Orig transform  1.0015 -0.0219  -140.24    0.0219  1.0049  -650.20
Approx: Idnt transform  1.0000  0.0000     1.52    0.0000  1.0000    -0.71
Approx: err = 1.68021, max = 80

---- Starting detailed region mapping ----
Roughly 499401 pixels map to B.
Region size is [152 1375] in x, [617 1039] in y.

---- Building mesh - affine ----
Computed simple triangle.

---- ImproveMesh - affine ----
Tri: (152 617) (1375 617) (763 1039).

---- Matlab Vertices ----
x=[152 1375 763 152]; y=[617 617 1039 617]; plot(x,y); hold on;

---- ImproveControlPts ----
STAT: ImproveCpt: Initial affine correlation 0.283905 (499401 pixels).
corr=0.283905	step=10.000000
corr=0.302993	step=10.000000
corr=0.302993	step=5.000000
corr=0.303379	step=5.000000
corr=0.303379	step=2.500000
corr=0.305817	step=2.500000
corr=0.305817	step=1.250000
corr=0.305817	step=0.625000
corr=0.305867	step=0.625000
corr=0.305867	step=0.312500
STAT: ImproveCpt: Final affine correlation 0.305894, (threshold 0.200000).

---- Matlab A-Sys Originals ----
x=[152.000000 1375.000000 763.000000 152.000000]; y=[617.000000 617.000000 1039.000000 617.000000]; plot(x,y); hold on;

---- Matlab B-Sys Originals ----
x=[0.019782 1224.906871 602.719489 0.019782]; y=[-27.548689 -0.723407 409.907281 -27.548689]; plot(x,y); hold on;

---- Matlab B-Sys Optimized ----
x=[-1.788441 1225.724091 601.846815 -1.788441]; y=[-36.714512 8.063331 409.499624 -36.714512]; plot(x,y); hold on;

---- Deltas ----
id=     0: dx=   -1.81 dy=   -9.17 d=    9.34
id=     1: dx=    0.82 dy=    8.79 d=    8.82
id=     2: dx=   -0.87 dy=   -0.41 d=    0.96

---- Areas ----
Triangle 0, area was   258053.0, is   260352.0,    0.9%
Combined: area was   258053.0, is   260352.0,    0.9%

---- Transforms ----
 1.0037 -0.0228  -140.29    0.0366  1.0044  -661.98
Best affine transform:  1.0037 -0.0228  -140.29    0.0366  1.0044  -661.98
    Inverse transform:  0.9955  0.0226   154.61   -0.0363  0.9948   653.46

---- QC - affine ----
Metrics: AFF: Mean square difference 1.389122
Metrics: AFF: Smallest footprint deg=0, area=524600
MetricImages: Range x 155 1375, y 609 1039, use Nx=1222, Ny=432
Approximate EM metric 0.147631 for 527904 points.
%Yellow: Tol   1.05  red   46.4  yellow   16.2  green   37.5
%Yellow: Tol   1.10  red   28.3  yellow   39.5  green   32.2
%Yellow: Tol   1.15  red   22.1  yellow   50.3  green   27.5
%Yellow: Tol   1.20  red   20.2  yellow   56.5  green   23.3
%Yellow: Tol   1.25  red   18.0  yellow   62.1  green   19.9
Affine Triangle: 496784 points, corr 0.305437, fm 0.147631, yellow 0.62

---- Building mesh - deformable ----
Lx Dx Nx:  1223  1223.00   1
Ly Dy Ny:   422   211.00   2

STAT: From 499401 pts, got 4 triangles, 6 control points.
Timer: MeshCreate took 0.010 seconds.

---- ImproveMesh - deformable mesh ----
Tri: (152 617) (1375 617) (152 828).
Tri: (152 828) (1375 617) (1375 828).
Tri: (152 828) (1375 828) (152 1039).
Tri: (152 1039) (1375 828) (1375 1039).

---- Matlab Vertices ----
x=[152 1375 152 152]; y=[617 617 828 617]; plot(x,y); hold on;
x=[152 1375 1375 152]; y=[828 617 828 828]; plot(x,y); hold on;
x=[152 1375 152 152]; y=[828 828 1039 828]; plot(x,y); hold on;
x=[152 1375 1375 152]; y=[1039 828 1039 1039]; plot(x,y); hold on;

---- ImproveControlPts ----
STAT: ImproveCpt: Initial deformable mesh correlation 0.305894 (499401 pixels).
corr=0.305894	step=10.000000
corr=0.305894	step=5.000000
corr=0.305894	step=2.500000
corr=0.306185	step=2.500000
corr=0.306185	step=1.250000
corr=0.306379	step=1.250000
corr=0.306450	step=1.250000
corr=0.306677	step=1.250000
corr=0.306862	step=1.250000
corr=0.307242	step=1.250000
corr=0.307470	step=1.250000
corr=0.307671	step=1.250000
corr=0.307862	step=1.250000
corr=0.307911	step=1.250000
corr=0.308126	step=1.250000
corr=0.308126	step=0.625000
corr=0.308237	step=0.625000
corr=0.308302	step=0.625000
corr=0.308374	step=0.625000
STAT: ImproveCpt: Final deformable mesh correlation 0.308374, (threshold 0.250000).

---- Matlab A-Sys Originals ----
x=[152.000000 1375.000000 152.000000 152.000000]; y=[617.000000 617.000000 828.000000 617.000000]; plot(x,y); hold on;
x=[152.000000 1375.000000 1375.000000 152.000000]; y=[828.000000 617.000000 828.000000 828.000000]; plot(x,y); hold on;
x=[152.000000 1375.000000 152.000000 152.000000]; y=[828.000000 828.000000 1039.000000 828.000000]; plot(x,y); hold on;
x=[152.000000 1375.000000 1375.000000 152.000000]; y=[1039.000000 828.000000 1039.000000 1039.000000]; plot(x,y); hold on;

---- Matlab B-Sys Originals ----
x=[-1.788441 1225.724091 -6.598023 -1.788441]; y=[-36.714512 8.063331 175.207249 -36.714512]; plot(x,y); hold on;
x=[-6.598023 1225.724091 1220.914509 -6.598023]; y=[175.207249 8.063331 219.985092 175.207249]; plot(x,y); hold on;
x=[-6.598023 1220.914509 -11.407606 -6.598023]; y=[175.207249 219.985092 387.129010 175.207249]; plot(x,y); hold on;
x=[-11.407606 1220.914509 1216.104926 -11.407606]; y=[387.129010 219.985092 431.906852 387.129010]; plot(x,y); hold on;

---- Matlab B-Sys Optimized ----
x=[-4.362879 1226.483934 -7.158815 -4.362879]; y=[-46.319247 8.515441 175.875974 -46.319247]; plot(x,y); hold on;
x=[-7.158815 1226.483934 1221.220861 -7.158815]; y=[175.875974 8.515441 220.943271 175.875974]; plot(x,y); hold on;
x=[-7.158815 1221.220861 -10.777802 -7.158815]; y=[175.875974 220.943271 388.586229 175.875974]; plot(x,y); hold on;
x=[-10.777802 1221.220861 1216.235124 -10.777802]; y=[388.586229 220.943271 428.102055 388.586229]; plot(x,y); hold on;

---- Deltas ----
id=     0: dx=   -2.57 dy=   -9.60 d=    9.94
id=     1: dx=    0.76 dy=    0.45 d=    0.88
id=     2: dx=   -0.56 dy=    0.67 d=    0.87
id=     3: dx=    0.31 dy=    0.96 d=    1.01
id=     4: dx=    0.63 dy=    1.46 d=    1.59
id=     5: dx=    0.13 dy=   -3.80 d=    3.81

---- Areas ----
Triangle 0, area was   129026.5, is   136820.8,    6.0%
Triangle 1, area was   129026.5, is   130589.6,    1.2%
Triangle 2, area was   129026.5, is   130726.0,    1.3%
Triangle 3, area was   129026.5, is   127191.8,   -1.4%
Combined: area was   516106.0, is   525328.2,    1.8%
FAIL: Area change too big (max, sum) = (    6.04%     1.79%), (TMC TSC)=(5.000000 12.000000).
Pipe: Returning 0 total transforms.

---- Summary Region-region results ----
Pipe: Table Headers {Az t r Bz t r thmok ntri}
FOUND:     1    1   1      0    2   1   1   0
Timer: Alignment took 1.790 seconds.

main: Got 0 mapping regions.

main: Normal completion for dmesh run.
Timer: Total took 2.050 seconds.

---- Memory ----
Host name: h05u32.int.janelia.org
PID:       18862
User time:       1 seconds.
System time:     0 seconds.
VmPeak:	  715136 kB
VmSize:	  214316 kB
VmLck:	       0 kB
VmPin:	       0 kB
VmHWM:	  551828 kB
VmRSS:	   50932 kB
VmData:	   44920 kB
VmStk:	     164 kB
VmExe:	     832 kB
VmLib:	   85564 kB
VmPTE:	     340 kB
VmSwap:	       0 kB
voluntary_ctxt_switches:	17
nonvoluntary_ctxt_switches:	34

