
---- dmesh start ----
main: Start: Fri Sep 30 13:13:18 2016


---- Match parameters ----
PXBRO=2            <default 2>        "Max Legendre poly order for bkg removal"
PXLENS=N           <default N>        "Y=Apply IDB/lens.txt"
PXRESMSK=N         <default N>        "Y=Apply resin mask"
PXDOG=N            <default N>        "Y=Apply DoG filter"
PXDOG_R1=3         <default 3>        "DoG inner radius"
PXDOG_R2=6         <default 6>        "DoG outer radius"
FLD=N              <default X>        "Mask usage: Y=Use, N=None, X=XL only"
PRETWEAK=N         <default N>        "Y=Auto-distort before angle scan"
SCALE=1            <default 1.0>      "Image-B / image-A scale factor"
XSCALE=1           <default 1.0>      "Image-B / image-A x-axis scale factor"
YSCALE=1           <default 1.0>      "Image-B / image-A y-axis scale factor"
SKEW=0             <default 0.0>      "Transform elem[3] user-applied distortion"
MODE_SL=M          <default Z>        "Notes above"
MODE_XL=N          <default Y>        "Notes above"
TAB2DFM_SL=N       <default Y>        "Adopt Tdfm from Tab"
TAB2DFM_XL=Y       <default Y>        "Adopt Tdfm from Tab"
XYCONF_SL=1.0      <default 0.0>      "[0,1.0] confidence in Tab XY"
XYCONF_XL=0.8      <default 0.0>      "[0,1.0] confidence in Tab XY"
THMDEC_SL=8        <default 8>        "2^N thumb decimation factor"
THMDEC_XL=8        <default 8>        "2^N thumb decimation factor"
OLAP1D_SL=0        <default 0>        "Min 1D pix full-size overlap"
OLAP1D_XL=0        <default 0>        "Min 1D pix full-size overlap"
OLAP2D_SL=60000    <default 25000>    "Min 2D pix full-size overlap"
OLAP2D_XL=160000   <default 200000>   "Min 2D pix full-size overlap"
NBMXHT_SL=0.75     <default 0.75>     "Max F(neib)/F(pk) in guard zone"
NBMXHT_XL=0.75     <default 0.75>     "Max F(neib)/F(pk) in guard zone"
HFANGDN_SL=5       <default 5.0>      "Half angle search range denovo"
HFANGDN_XL=45      <default 45.0>     "Half angle search range denovo"
HFANGPR_SL=1       <default 1.0>      "Half angle search range prior angles"
HFANGPR_XL=4       <default 1.0>      "Half angle search range prior angles"
RTRSH_SL=0.3       <default 0.3>      "R corr thresh"
RTRSH_XL=0.3       <default 0.3>      "R corr thresh"
TWEAKS=N           <default N>        "Y=Try 8 near unity distortions"
LIMXY_SL=30        <default 0>        "0 or Max XY delta from Tab"
LIMXY_XL=80        <default 0>        "0 or Max XY delta from Tab"
WTHMPR=Y           <default Y>        "Y=Write ThmPair_a^b.txt entries"
OPT_SL=Y           <default Y(EM)>    "Y=Enable mesh optimizer"
RIT_SL=0.50        <default 0.20>     "Min mesh starting corr"
RIT_XL=0.1         <default 0.20>     "Min mesh starting corr"
RFA_SL=0.55        <default 0.3>      "Affine-only final corr"
RFA_XL=0.20        <default 0.3>      "Affine-only final corr"
RFT_SL=0.65        <default 0.5>      "Full mesh final corr"
RFT_XL=0.25        <default 0.5>      "Full mesh final corr"
TMC=5              <default 30.0%>    "Max single triangle area change"
TSC=9              <default 9.0%>     "Max summed triangle area change"
MNL=250            <default 300>      "Triangle edges between MNL and 2*MNL"
MTA=120000         <default 10000>    "Min triangle size (pixels)"
MMA=60000          <default 100000>   "Min 2D overlap for mesh"
ONE=N              <default N>        "Y=Use just one affine transform"
IFM=0.50           <default 0.50>     "Min Fourier Metric after affine-only"
FFM=0.65           <default 0.65>     "Min Fourier Metric after full mesh"
FYL=0.5            <default 0.50>     "Min fraction of yellow pixels"
CPD=0.5            <default 0.50>     "Min Correlation + DFM"
EMM=Y              <default Y>        "Y=Use Earth Mover's Metric, N=Use Fourier"
EMT=0.14           <default 0.2>      "Earth Movers Metric thresh"
WDI=N              <default N>        "Y=Write diff images (Fourier, EMM metrics)"
LDA=0.2            <default 0.2>      "Max radian delta between triangles"
LDR=0.1            <default 0.1>      "Max sine delta between triangles"
LDC=100            <default 100.0>    "Max XY delta between triangles"
DXY=100            <default 100.0>    "Max delta from user input XYs"
WMT=N              <default Y>        "Y=Write map.tif files"
WTT=N              <default Y>        "Y=Write tf.txt files"


---- Input images ----
Til2Img entry: A T=[ 1.0000  0.0000  1142.00  0.0000  1.0000  1714.00] path=[/groups/apig/tomo/DEMO/TIF/B1_2_2.tif].
Til2Img entry: B T=[ 1.0000  0.0000  1142.00  0.0000  1.0000   857.00] path=[/groups/apig/tomo/DEMO/TIF/B1_1_2.tif].


---- Command-line overrides ----
Tdfm= 1.0000  0.0000     0.00    0.0000  1.0000     0.00
FLD=N
MODE=N (was M)
CTR=0


---- Image loading ----
Raster8FromTif: Opening [/groups/apig/tomo/DEMO/TIF/B1_2_2.tif].
Raster8FromTif: Bits per sample 8, samples per pixel 1
Raster8FromTif: Picture is 1376 by 1040, 1431040 pixels total.
TIF(8): Last Encoded strip had 1376 bytes.
Raster8FromTif: Opening [/groups/apig/tomo/DEMO/TIF/B1_1_2.tif].
Raster8FromTif: Bits per sample 8, samples per pixel 1
Raster8FromTif: Picture is 1376 by 1040, 1431040 pixels total.
TIF(8): Last Encoded strip had 1376 bytes.
PixPair: Using image scale=1.
Timer: Image conditioning took 0.250 seconds.

---- Foldmaps ----

---- Connected regions ----
Forcing single connected region.

---- Begin A-1 to B-1 ----

---- Thumbnail matching ----
Subimage: Using intersection, w=1376, h=183, pix=251808
Thumbs: After decimation 3956 pts, reqArea 937, thmscl 8
SetDisc( 0, 0, 3, 3 )
Initial: R= 5.260, A=   0.000, X=    0.25, Y=    0.05
Peak-Disc: dR 2 dX 2 dY 0
Approx: LowRes  R=5.260, X=2.019, Y=0.401
Approx: FullRes R=1.581, X=2.996, Y=0.121, use=Y.
Timer: FinishAtFullRes took 0.210 seconds.
Approx: Returning A=0.000000, R=5.260178, X=2.996373, Y=857.121298
Approx: Best transform  1.0000  0.0000     3.00    0.0000  1.0000   857.12
Approx: Orig transform  1.0000  0.0000     0.00    0.0000  1.0000   857.00
Approx: Idnt transform  1.0000  0.0000     3.00    0.0000  1.0000     0.12
Approx: err = 2.99883, max = 30

---- Starting detailed region mapping ----
Roughly 251442 pixels map to B.
Region size is [0 1373] in x, [0 182] in y.

---- Building mesh - affine ----
Computed simple triangle.

---- ImproveMesh - affine ----
Tri: (0 0) (1373 0) (686 182).

---- Matlab Vertices ----
x=[0 1373 686 0]; y=[0 0 182 0]; plot(x,y); hold on;

---- ImproveControlPts ----
STAT: ImproveCpt: Initial affine correlation 0.760160 (251442 pixels).
corr=0.760160	step=10.000000
corr=0.760160	step=5.000000
corr=0.760160	step=2.500000
corr=0.760160	step=1.250000
corr=0.772688	step=1.250000
corr=0.800619	step=1.250000
corr=0.800619	step=0.625000
corr=0.800619	step=0.312500
corr=0.800619	step=0.156250
corr=0.800619	step=0.078125
STAT: ImproveCpt: Final affine correlation 0.800619, (threshold 0.550000).

---- Matlab A-Sys Originals ----
x=[0.000000 1373.000000 686.000000 0.000000]; y=[0.000000 0.000000 182.000000 0.000000]; plot(x,y); hold on;

---- Matlab B-Sys Originals ----
x=[2.996373 1375.996373 688.996373 2.996373]; y=[857.121298 857.121298 1039.121298 857.121298]; plot(x,y); hold on;

---- Matlab B-Sys Optimized ----
x=[3.127590 1376.263173 689.371859 3.127590]; y=[857.510545 857.290087 1039.533528 857.510545]; plot(x,y); hold on;

---- Deltas ----
id=     0: dx=    0.13 dy=    0.39 d=    0.41
id=     1: dx=    0.27 dy=    0.17 d=    0.32
id=     2: dx=    0.38 dy=    0.41 d=    0.56

---- Areas ----
Triangle 0, area was   124943.0, is   125046.8,    0.1%
Combined: area was   124943.0, is   125046.8,    0.1%

---- Transforms ----
 1.0001  0.0010     3.13   -0.0002  1.0007   857.51
Best affine transform:  1.0001  0.0010     3.13   -0.0002  1.0007   857.51
    Inverse transform:  0.9999 -0.0010    -2.30    0.0002  0.9993  -856.88

---- QC - affine ----
Metrics: AFF: Mean square difference 0.399679
Metrics: AFF: Smallest footprint deg=0, area=248151
MetricImages: Range x 0 1371, y 0 181, use Nx=1372, Ny=182
Approximate EM metric 0.072061 for 249704 points.
%Yellow: Tol   1.05  red   31.6  yellow   26.5  green   42.0
%Yellow: Tol   1.10  red   25.6  yellow   45.2  green   29.2
%Yellow: Tol   1.15  red   20.7  yellow   59.1  green   20.2
%Yellow: Tol   1.20  red   16.4  yellow   69.9  green   13.8
%Yellow: Tol   1.25  red   12.6  yellow   78.3  green    9.1
Affine Triangle: 249704 points, corr 0.800157, fm 0.072061, yellow 0.78

---- Building mesh - deformable ----
Lx Dx Nx:  1373   228.00   6
Ly Dy Ny:   182   182.00   1

STAT: From 251442 pts, got 12 triangles, 14 control points.
Timer: MeshCreate took 0.010 seconds.

---- ImproveMesh - deformable mesh ----
Tri: (0 0) (228 0) (0 182).
Tri: (0 182) (228 0) (228 182).
Tri: (228 0) (456 0) (228 182).
Tri: (228 182) (456 0) (456 182).
Tri: (456 0) (684 0) (456 182).
Tri: (456 182) (684 0) (684 182).
Tri: (684 0) (912 0) (684 182).
Tri: (684 182) (912 0) (912 182).
Tri: (912 0) (1140 0) (912 182).
Tri: (912 182) (1140 0) (1140 182).
Tri: (1140 0) (1373 0) (1140 182).
Tri: (1140 182) (1373 0) (1373 182).

---- Matlab Vertices ----
x=[0 228 0 0]; y=[0 0 182 0]; plot(x,y); hold on;
x=[0 228 228 0]; y=[182 0 182 182]; plot(x,y); hold on;
x=[228 456 228 228]; y=[0 0 182 0]; plot(x,y); hold on;
x=[228 456 456 228]; y=[182 0 182 182]; plot(x,y); hold on;
x=[456 684 456 456]; y=[0 0 182 0]; plot(x,y); hold on;
x=[456 684 684 456]; y=[182 0 182 182]; plot(x,y); hold on;
x=[684 912 684 684]; y=[0 0 182 0]; plot(x,y); hold on;
x=[684 912 912 684]; y=[182 0 182 182]; plot(x,y); hold on;
x=[912 1140 912 912]; y=[0 0 182 0]; plot(x,y); hold on;
x=[912 1140 1140 912]; y=[182 0 182 182]; plot(x,y); hold on;
x=[1140 1373 1140 1140]; y=[0 0 182 0]; plot(x,y); hold on;
x=[1140 1373 1373 1140]; y=[182 0 182 182]; plot(x,y); hold on;

---- ImproveControlPts ----
STAT: ImproveCpt: Initial deformable mesh correlation 0.800619 (251442 pixels).
corr=0.800619	step=10.000000
corr=0.800619	step=5.000000
corr=0.800619	step=2.500000
corr=0.800619	step=1.250000
corr=0.800619	step=0.625000
STAT: ImproveCpt: Final deformable mesh correlation 0.800619, (threshold 0.650000).

---- Matlab A-Sys Originals ----
x=[0.000000 228.000000 0.000000 0.000000]; y=[0.000000 0.000000 182.000000 0.000000]; plot(x,y); hold on;
x=[0.000000 228.000000 228.000000 0.000000]; y=[182.000000 0.000000 182.000000 182.000000]; plot(x,y); hold on;
x=[228.000000 456.000000 228.000000 228.000000]; y=[0.000000 0.000000 182.000000 0.000000]; plot(x,y); hold on;
x=[228.000000 456.000000 456.000000 228.000000]; y=[182.000000 0.000000 182.000000 182.000000]; plot(x,y); hold on;
x=[456.000000 684.000000 456.000000 456.000000]; y=[0.000000 0.000000 182.000000 0.000000]; plot(x,y); hold on;
x=[456.000000 684.000000 684.000000 456.000000]; y=[182.000000 0.000000 182.000000 182.000000]; plot(x,y); hold on;
x=[684.000000 912.000000 684.000000 684.000000]; y=[0.000000 0.000000 182.000000 0.000000]; plot(x,y); hold on;
x=[684.000000 912.000000 912.000000 684.000000]; y=[182.000000 0.000000 182.000000 182.000000]; plot(x,y); hold on;
x=[912.000000 1140.000000 912.000000 912.000000]; y=[0.000000 0.000000 182.000000 0.000000]; plot(x,y); hold on;
x=[912.000000 1140.000000 1140.000000 912.000000]; y=[182.000000 0.000000 182.000000 182.000000]; plot(x,y); hold on;
x=[1140.000000 1373.000000 1140.000000 1140.000000]; y=[0.000000 0.000000 182.000000 0.000000]; plot(x,y); hold on;
x=[1140.000000 1373.000000 1373.000000 1140.000000]; y=[182.000000 0.000000 182.000000 182.000000]; plot(x,y); hold on;

---- Matlab B-Sys Originals ----
x=[3.127590 231.150105 3.304117 3.127590]; y=[857.510545 857.473935 1039.643676 857.510545]; plot(x,y); hold on;
x=[3.304117 231.150105 231.326632 3.304117]; y=[1039.643676 857.473935 1039.607067 1039.643676]; plot(x,y); hold on;
x=[231.150105 459.172620 231.326632 231.150105]; y=[857.473935 857.437326 1039.607067 857.473935]; plot(x,y); hold on;
x=[231.326632 459.172620 459.349147 231.326632]; y=[1039.607067 857.437326 1039.570458 1039.607067]; plot(x,y); hold on;
x=[459.172620 687.195135 459.349147 459.172620]; y=[857.437326 857.400717 1039.570458 857.437326]; plot(x,y); hold on;
x=[459.349147 687.195135 687.371662 459.349147]; y=[1039.570458 857.400717 1039.533849 1039.570458]; plot(x,y); hold on;
x=[687.195135 915.217650 687.371662 687.195135]; y=[857.400717 857.364108 1039.533849 857.400717]; plot(x,y); hold on;
x=[687.371662 915.217650 915.394177 687.371662]; y=[1039.533849 857.364108 1039.497240 1039.533849]; plot(x,y); hold on;
x=[915.217650 1143.240165 915.394177 915.217650]; y=[857.364108 857.327499 1039.497240 857.364108]; plot(x,y); hold on;
x=[915.394177 1143.240165 1143.416692 915.394177]; y=[1039.497240 857.327499 1039.460631 1039.497240]; plot(x,y); hold on;
x=[1143.240165 1376.263173 1143.416692 1143.240165]; y=[857.327499 857.290087 1039.460631 857.327499]; plot(x,y); hold on;
x=[1143.416692 1376.263173 1376.439700 1143.416692]; y=[1039.460631 857.290087 1039.423219 1039.460631]; plot(x,y); hold on;

---- Matlab B-Sys Optimized ----
x=[3.127590 231.150105 3.304117 3.127590]; y=[857.510545 857.473935 1039.643676 857.510545]; plot(x,y); hold on;
x=[3.304117 231.150105 231.326632 3.304117]; y=[1039.643676 857.473935 1039.607067 1039.643676]; plot(x,y); hold on;
x=[231.150105 459.172620 231.326632 231.150105]; y=[857.473935 857.437326 1039.607067 857.473935]; plot(x,y); hold on;
x=[231.326632 459.172620 459.349147 231.326632]; y=[1039.607067 857.437326 1039.570458 1039.607067]; plot(x,y); hold on;
x=[459.172620 687.195135 459.349147 459.172620]; y=[857.437326 857.400717 1039.570458 857.437326]; plot(x,y); hold on;
x=[459.349147 687.195135 687.371662 459.349147]; y=[1039.570458 857.400717 1039.533849 1039.570458]; plot(x,y); hold on;
x=[687.195135 915.217650 687.371662 687.195135]; y=[857.400717 857.364108 1039.533849 857.400717]; plot(x,y); hold on;
x=[687.371662 915.217650 915.394177 687.371662]; y=[1039.533849 857.364108 1039.497240 1039.533849]; plot(x,y); hold on;
x=[915.217650 1143.240165 915.394177 915.217650]; y=[857.364108 857.327499 1039.497240 857.364108]; plot(x,y); hold on;
x=[915.394177 1143.240165 1143.416692 915.394177]; y=[1039.497240 857.327499 1039.460631 1039.497240]; plot(x,y); hold on;
x=[1143.240165 1376.263173 1143.416692 1143.240165]; y=[857.327499 857.290087 1039.460631 857.327499]; plot(x,y); hold on;
x=[1143.416692 1376.263173 1376.439700 1143.416692]; y=[1039.460631 857.290087 1039.423219 1039.460631]; plot(x,y); hold on;

---- Deltas ----
id=     0: dx=    0.00 dy=    0.00 d=    0.00
id=     1: dx=    0.00 dy=    0.00 d=    0.00
id=     2: dx=    0.00 dy=    0.00 d=    0.00
id=     3: dx=    0.00 dy=    0.00 d=    0.00
id=     4: dx=    0.00 dy=    0.00 d=    0.00
id=     5: dx=    0.00 dy=    0.00 d=    0.00
id=     6: dx=    0.00 dy=    0.00 d=    0.00
id=     7: dx=    0.00 dy=    0.00 d=    0.00
id=     8: dx=    0.00 dy=    0.00 d=    0.00
id=     9: dx=    0.00 dy=    0.00 d=    0.00
id=    10: dx=    0.00 dy=    0.00 d=    0.00
id=    11: dx=    0.00 dy=    0.00 d=    0.00
id=    12: dx=    0.00 dy=    0.00 d=    0.00
id=    13: dx=    0.00 dy=    0.00 d=    0.00

---- Areas ----
Triangle 0, area was    20748.0, is    20765.2,    0.1%
Triangle 1, area was    20748.0, is    20765.2,    0.1%
Triangle 2, area was    20748.0, is    20765.2,    0.1%
Triangle 3, area was    20748.0, is    20765.2,    0.1%
Triangle 4, area was    20748.0, is    20765.2,    0.1%
Triangle 5, area was    20748.0, is    20765.2,    0.1%
Triangle 6, area was    20748.0, is    20765.2,    0.1%
Triangle 7, area was    20748.0, is    20765.2,    0.1%
Triangle 8, area was    20748.0, is    20765.2,    0.1%
Triangle 9, area was    20748.0, is    20765.2,    0.1%
Triangle 10, area was    21203.0, is    21220.6,    0.1%
Triangle 11, area was    21203.0, is    21220.6,    0.1%
Combined: area was   249886.0, is   250093.5,    0.1%

---- Transforms ----
 1.0001  0.0010     3.13   -0.0002  1.0007   857.51
 1.0001  0.0010     3.13   -0.0002  1.0007   857.51
 1.0001  0.0010     3.13   -0.0002  1.0007   857.51
 1.0001  0.0010     3.13   -0.0002  1.0007   857.51
 1.0001  0.0010     3.13   -0.0002  1.0007   857.51
 1.0001  0.0010     3.13   -0.0002  1.0007   857.51
 1.0001  0.0010     3.13   -0.0002  1.0007   857.51
 1.0001  0.0010     3.13   -0.0002  1.0007   857.51
 1.0001  0.0010     3.13   -0.0002  1.0007   857.51
 1.0001  0.0010     3.13   -0.0002  1.0007   857.51
 1.0001  0.0010     3.13   -0.0002  1.0007   857.51
 1.0001  0.0010     3.13   -0.0002  1.0007   857.51

---- QC - deformable ----
Remapping 1431040 points.
Metrics: DEF: Mean square difference 0.399679
Metrics: DEF: Smallest footprint deg=0, area=248151
MetricImages: Range x 0 1371, y 0 181, use Nx=1372, Ny=182
Approximate EM metric 0.072061 for 249704 points.
All points, deformable, dfm 0.072061

Metrics: TRI: Mean square difference 0.523659
Metrics: TRI: Smallest footprint deg=0, area=41268
MetricImages: Range x 0 228, y 0 181, use Nx=230, Ny=182
Approximate EM metric 0.039725 for 41860 points.
%Yellow: Tol   1.05  red   33.2  yellow   23.1  green   43.7
%Yellow: Tol   1.10  red   26.4  yellow   43.1  green   30.5
%Yellow: Tol   1.15  red   22.1  yellow   55.5  green   22.4
%Yellow: Tol   1.20  red   18.2  yellow   65.1  green   16.7
%Yellow: Tol   1.25  red   14.6  yellow   73.2  green   12.2
Triangle 0: 20954 points, corr 0.738123, fm 0.039725, yellow 0.73

Metrics: TRI: Mean square difference 0.530048
Metrics: TRI: Smallest footprint deg=0, area=40680
MetricImages: Range x 2 228, y 1 181, use Nx=228, Ny=182
Approximate EM metric 0.030465 for 41496 points.
%Yellow: Tol   1.05  red   36.4  yellow   21.9  green   41.7
%Yellow: Tol   1.10  red   28.5  yellow   40.9  green   30.6
%Yellow: Tol   1.15  red   23.4  yellow   52.9  green   23.7
%Yellow: Tol   1.20  red   19.1  yellow   62.8  green   18.2
%Yellow: Tol   1.25  red   15.0  yellow   70.8  green   14.1
Triangle 1: 20724 points, corr 0.734928, fm 0.030465, yellow 0.71

Metrics: TRI: Mean square difference 0.502907
Metrics: TRI: Smallest footprint deg=0, area=41087
MetricImages: Range x 229 456, y 0 181, use Nx=228, Ny=182
Approximate EM metric 0.028560 for 41496 points.
%Yellow: Tol   1.05  red   34.2  yellow   25.3  green   40.6
%Yellow: Tol   1.10  red   27.9  yellow   42.9  green   29.2
%Yellow: Tol   1.15  red   23.1  yellow   53.7  green   23.2
%Yellow: Tol   1.20  red   18.7  yellow   62.8  green   18.5
%Yellow: Tol   1.25  red   14.8  yellow   70.9  green   14.3
Triangle 2: 20772 points, corr 0.748498, fm 0.028560, yellow 0.71

Metrics: TRI: Mean square difference 0.450729
Metrics: TRI: Smallest footprint deg=0, area=40680
MetricImages: Range x 230 456, y 1 181, use Nx=228, Ny=182
Approximate EM metric 0.025902 for 41496 points.
%Yellow: Tol   1.05  red   32.9  yellow   26.5  green   40.6
%Yellow: Tol   1.10  red   27.4  yellow   44.6  green   28.0
%Yellow: Tol   1.15  red   22.3  yellow   56.3  green   21.4
%Yellow: Tol   1.20  red   17.9  yellow   65.4  green   16.7
%Yellow: Tol   1.25  red   14.0  yellow   73.3  green   12.7
Triangle 3: 20724 points, corr 0.774587, fm 0.025902, yellow 0.73

Metrics: TRI: Mean square difference 0.428706
Metrics: TRI: Smallest footprint deg=0, area=41087
MetricImages: Range x 457 684, y 0 181, use Nx=228, Ny=182
Approximate EM metric 0.021708 for 41496 points.
%Yellow: Tol   1.05  red   31.7  yellow   22.5  green   45.8
%Yellow: Tol   1.10  red   27.0  yellow   45.5  green   27.5
%Yellow: Tol   1.15  red   21.9  yellow   60.0  green   18.1
%Yellow: Tol   1.20  red   17.8  yellow   68.6  green   13.6
%Yellow: Tol   1.25  red   13.7  yellow   76.6  green    9.6
Triangle 4: 20772 points, corr 0.785599, fm 0.021708, yellow 0.77

Metrics: TRI: Mean square difference 0.363236
Metrics: TRI: Smallest footprint deg=0, area=40680
MetricImages: Range x 458 684, y 1 181, use Nx=228, Ny=182
Approximate EM metric 0.022769 for 41496 points.
%Yellow: Tol   1.05  red   29.2  yellow   31.9  green   38.8
%Yellow: Tol   1.10  red   24.5  yellow   51.4  green   24.0
%Yellow: Tol   1.15  red   19.4  yellow   64.6  green   15.9
%Yellow: Tol   1.20  red   16.0  yellow   72.6  green   11.4
%Yellow: Tol   1.25  red   11.9  yellow   80.4  green    7.7
Triangle 5: 20724 points, corr 0.818334, fm 0.022769, yellow 0.80

Metrics: TRI: Mean square difference 0.419556
Metrics: TRI: Smallest footprint deg=0, area=41087
MetricImages: Range x 685 912, y 0 181, use Nx=228, Ny=182
Approximate EM metric 0.026166 for 41496 points.
%Yellow: Tol   1.05  red   27.8  yellow   24.7  green   47.5
%Yellow: Tol   1.10  red   24.2  yellow   46.5  green   29.2
%Yellow: Tol   1.15  red   20.2  yellow   63.0  green   16.9
%Yellow: Tol   1.20  red   16.3  yellow   74.4  green    9.3
%Yellow: Tol   1.25  red   13.0  yellow   80.9  green    6.1
Triangle 6: 20772 points, corr 0.790174, fm 0.026166, yellow 0.81

Metrics: TRI: Mean square difference 0.352338
Metrics: TRI: Smallest footprint deg=0, area=40680
MetricImages: Range x 686 912, y 1 181, use Nx=228, Ny=182
Approximate EM metric 0.030907 for 41496 points.
%Yellow: Tol   1.05  red   22.2  yellow   43.6  green   34.2
%Yellow: Tol   1.10  red   19.3  yellow   59.4  green   21.3
%Yellow: Tol   1.15  red   16.1  yellow   72.1  green   11.8
%Yellow: Tol   1.20  red   13.2  yellow   79.6  green    7.1
%Yellow: Tol   1.25  red   10.5  yellow   84.9  green    4.6
Triangle 7: 20724 points, corr 0.823783, fm 0.030907, yellow 0.85

Metrics: TRI: Mean square difference 0.418241
Metrics: TRI: Smallest footprint deg=0, area=41087
MetricImages: Range x 913 1140, y 0 181, use Nx=228, Ny=182
Approximate EM metric 0.040610 for 41496 points.
%Yellow: Tol   1.05  red   32.1  yellow   16.6  green   51.4
%Yellow: Tol   1.10  red   26.3  yellow   35.5  green   38.2
%Yellow: Tol   1.15  red   22.1  yellow   56.7  green   21.2
%Yellow: Tol   1.20  red   17.7  yellow   72.6  green    9.7
%Yellow: Tol   1.25  red   13.5  yellow   81.3  green    5.3
Triangle 8: 20772 points, corr 0.790831, fm 0.040610, yellow 0.81

Metrics: TRI: Mean square difference 0.441235
Metrics: TRI: Smallest footprint deg=0, area=40680
MetricImages: Range x 914 1140, y 1 181, use Nx=228, Ny=182
Approximate EM metric 0.057950 for 41496 points.
%Yellow: Tol   1.05  red   28.7  yellow   24.8  green   46.5
%Yellow: Tol   1.10  red   24.6  yellow   42.9  green   32.4
%Yellow: Tol   1.15  red   21.0  yellow   57.1  green   21.8
%Yellow: Tol   1.20  red   17.4  yellow   69.2  green   13.4
%Yellow: Tol   1.25  red   13.6  yellow   78.9  green    7.5
Triangle 9: 20724 points, corr 0.779334, fm 0.057950, yellow 0.79

Metrics: TRI: Mean square difference 0.348046
Metrics: TRI: Smallest footprint deg=0, area=41630
MetricImages: Range x 1141 1371, y 0 181, use Nx=232, Ny=182
Approximate EM metric 0.055866 for 42224 points.
%Yellow: Tol   1.05  red   30.6  yellow   22.2  green   47.1
%Yellow: Tol   1.10  red   24.9  yellow   46.5  green   28.6
%Yellow: Tol   1.15  red   20.4  yellow   60.6  green   19.0
%Yellow: Tol   1.20  red   16.1  yellow   71.4  green   12.5
%Yellow: Tol   1.25  red   12.5  yellow   79.9  green    7.6
Triangle 10: 21227 points, corr 0.825930, fm 0.055866, yellow 0.80

Metrics: TRI: Mean square difference 0.295230
Metrics: TRI: Smallest footprint deg=0, area=40991
MetricImages: Range x 1142 1371, y 2 181, use Nx=230, Ny=180
Approximate EM metric 0.067087 for 41400 points.
%Yellow: Tol   1.05  red   31.9  yellow   31.5  green   36.6
%Yellow: Tol   1.10  red   23.6  yellow   52.3  green   24.1
%Yellow: Tol   1.15  red   18.1  yellow   65.4  green   16.5
%Yellow: Tol   1.20  red   14.1  yellow   73.3  green   12.6
%Yellow: Tol   1.25  red   10.9  yellow   79.5  green    9.6
Triangle 11: 20815 points, corr 0.852337, fm 0.067087, yellow 0.80


---- Final reports ----
STAT: Overall 249704 points, corr 0.8006, EMM 0.0721, weighted EMM 0.0374, cor+dfm 0.8727, weighted yellow 0.7757

Angle span: min, max, delta = -0.000565 -0.000565 0.000000
Mesh-Thm: 0.0001  0.0010     0.13    0.0002  0.0007     0.39 2x(LDR,LDC)=(0.20,200.00) -- OK.

Final remapping of 1431040 points.
Center 73.002690 58.274077:  1.0001  0.0010     3.13   -0.0002  1.0007   857.51
Mapping region 1 xy= 73.002690 58.274077 to region 1 xy= 76.194010 915.815527
Center 140.096892 126.084135:  1.0001  0.0010     3.13   -0.0002  1.0007   857.51
Mapping region 1 xy= 140.096892 126.084135 to region 1 xy= 143.360609 983.664415
Center 297.931856 55.822797:  1.0001  0.0010     3.13   -0.0002  1.0007   857.51
Mapping region 1 xy= 297.931856 55.822797 to region 1 xy= 301.143010 913.326338
Center 366.142960 126.863994:  1.0001  0.0010     3.13   -0.0002  1.0007   857.51
Mapping region 1 xy= 366.142960 126.863994 to region 1 xy= 369.429755 984.408548
Center 530.498610 59.468188:  1.0001  0.0010     3.13   -0.0002  1.0007   857.51
Mapping region 1 xy= 530.498610 59.468188 to region 1 xy= 533.736266 916.937053
Center 602.904614 123.367018:  1.0001  0.0010     3.13   -0.0002  1.0007   857.51
Mapping region 1 xy= 602.904614 123.367018 to region 1 xy= 606.211398 980.870998
Center 754.161455 56.006074:  1.0001  0.0010     3.13   -0.0002  1.0007   857.51
Mapping region 1 xy= 754.161455 56.006074 to region 1 xy= 757.417840 913.436493
Center 831.777824 123.018500:  1.0001  0.0010     3.13   -0.0002  1.0007   857.51
Mapping region 1 xy= 831.777824 123.018500 to region 1 xy= 835.106871 980.485476
Center 983.789828 57.305916:  1.0001  0.0010     3.13   -0.0002  1.0007   857.51
Mapping region 1 xy= 983.789828 57.305916 to region 1 xy= 987.070150 914.700415
Center 1056.743565 124.229542:  1.0001  0.0010     3.13   -0.0002  1.0007   857.51
Mapping region 1 xy= 1056.743565 124.229542 to region 1 xy= 1060.096002 981.661282
Center 1212.782436 56.851516:  1.0001  0.0010     3.13   -0.0002  1.0007   857.51
Mapping region 1 xy= 1212.782436 56.851516 to region 1 xy= 1216.084930 914.208915
Center 1289.667015 123.546359:  1.0001  0.0010     3.13   -0.0002  1.0007   857.51
Mapping region 1 xy= 1289.667015 123.546359 to region 1 xy= 1293.041790 980.940200

Pipe: Returning 12 total transforms.

---- Summary Region-region results ----
Pipe: Table Headers {Az t r Bz t r thmok ntri}
FOUND:     1    2   1      1    1   1   1  12

---- Tabulating point matches ----
Tabulate: Rgn 1 -> 1: Keeping 12 of 12 point-pairs.

Timer: Alignment took 1.480 seconds.

main: Got 12 mapping regions.
main: Transform   0:  1.0001  0.0010     3.13   -0.0002  1.0007   857.51
main: Transform   1:  1.0001  0.0010     3.13   -0.0002  1.0007   857.51
main: Transform   2:  1.0001  0.0010     3.13   -0.0002  1.0007   857.51
main: Transform   3:  1.0001  0.0010     3.13   -0.0002  1.0007   857.51
main: Transform   4:  1.0001  0.0010     3.13   -0.0002  1.0007   857.51
main: Transform   5:  1.0001  0.0010     3.13   -0.0002  1.0007   857.51
main: Transform   6:  1.0001  0.0010     3.13   -0.0002  1.0007   857.51
main: Transform   7:  1.0001  0.0010     3.13   -0.0002  1.0007   857.51
main: Transform   8:  1.0001  0.0010     3.13   -0.0002  1.0007   857.51
main: Transform   9:  1.0001  0.0010     3.13   -0.0002  1.0007   857.51
main: Transform  10:  1.0001  0.0010     3.13   -0.0002  1.0007   857.51
main: Transform  11:  1.0001  0.0010     3.13   -0.0002  1.0007   857.51

main: Average:  1.0001  0.0010     0.00   -0.0002  1.0007     0.00
main: Degrees: -0.0323728
main: Residue:  1.0001  0.0004     0.00    0.0004  1.0007     0.00

main: Inverse:  0.9999 -0.0010    -0.00    0.0002  0.9993    -0.00
main: Degrees: 0.0323728
main: Residue:  0.9999 -0.0004     0.00   -0.0004  0.9993     0.00

main: Normal completion for dmesh run.
Timer: Total took 1.730 seconds.

---- Memory ----
Host name: h07u29.int.janelia.org
PID:       34887
User time:       1 seconds.
System time:     0 seconds.
VmPeak:	  380064 kB
VmSize:	  217288 kB
VmLck:	       0 kB
VmPin:	       0 kB
VmHWM:	  216764 kB
VmRSS:	   53544 kB
VmData:	   47896 kB
VmStk:	     160 kB
VmExe:	     832 kB
VmLib:	   85564 kB
VmPTE:	     344 kB
VmSwap:	       0 kB
voluntary_ctxt_switches:	21
nonvoluntary_ctxt_switches:	35

