
---- dmesh start ----
main: Start: Fri Sep 30 13:13:17 2016


---- Match parameters ----
PXBRO=2            <default 2>        "Max Legendre poly order for bkg removal"
PXLENS=N           <default N>        "Y=Apply IDB/lens.txt"
PXRESMSK=N         <default N>        "Y=Apply resin mask"
PXDOG=N            <default N>        "Y=Apply DoG filter"
PXDOG_R1=3         <default 3>        "DoG inner radius"
PXDOG_R2=6         <default 6>        "DoG outer radius"
FLD=N              <default X>        "Mask usage: Y=Use, N=None, X=XL only"
PRETWEAK=N         <default N>        "Y=Auto-distort before angle scan"
SCALE=1            <default 1.0>      "Image-B / image-A scale factor"
XSCALE=1           <default 1.0>      "Image-B / image-A x-axis scale factor"
YSCALE=1           <default 1.0>      "Image-B / image-A y-axis scale factor"
SKEW=0             <default 0.0>      "Transform elem[3] user-applied distortion"
MODE_SL=M          <default Z>        "Notes above"
MODE_XL=N          <default Y>        "Notes above"
TAB2DFM_SL=N       <default Y>        "Adopt Tdfm from Tab"
TAB2DFM_XL=Y       <default Y>        "Adopt Tdfm from Tab"
XYCONF_SL=1.0      <default 0.0>      "[0,1.0] confidence in Tab XY"
XYCONF_XL=0.8      <default 0.0>      "[0,1.0] confidence in Tab XY"
THMDEC_SL=8        <default 8>        "2^N thumb decimation factor"
THMDEC_XL=8        <default 8>        "2^N thumb decimation factor"
OLAP1D_SL=0        <default 0>        "Min 1D pix full-size overlap"
OLAP1D_XL=0        <default 0>        "Min 1D pix full-size overlap"
OLAP2D_SL=60000    <default 25000>    "Min 2D pix full-size overlap"
OLAP2D_XL=160000   <default 200000>   "Min 2D pix full-size overlap"
NBMXHT_SL=0.75     <default 0.75>     "Max F(neib)/F(pk) in guard zone"
NBMXHT_XL=0.75     <default 0.75>     "Max F(neib)/F(pk) in guard zone"
HFANGDN_SL=5       <default 5.0>      "Half angle search range denovo"
HFANGDN_XL=45      <default 45.0>     "Half angle search range denovo"
HFANGPR_SL=1       <default 1.0>      "Half angle search range prior angles"
HFANGPR_XL=4       <default 1.0>      "Half angle search range prior angles"
RTRSH_SL=0.3       <default 0.3>      "R corr thresh"
RTRSH_XL=0.3       <default 0.3>      "R corr thresh"
TWEAKS=N           <default N>        "Y=Try 8 near unity distortions"
LIMXY_SL=30        <default 0>        "0 or Max XY delta from Tab"
LIMXY_XL=80        <default 0>        "0 or Max XY delta from Tab"
WTHMPR=Y           <default Y>        "Y=Write ThmPair_a^b.txt entries"
OPT_SL=Y           <default Y(EM)>    "Y=Enable mesh optimizer"
RIT_SL=0.50        <default 0.20>     "Min mesh starting corr"
RIT_XL=0.1         <default 0.20>     "Min mesh starting corr"
RFA_SL=0.55        <default 0.3>      "Affine-only final corr"
RFA_XL=0.20        <default 0.3>      "Affine-only final corr"
RFT_SL=0.65        <default 0.5>      "Full mesh final corr"
RFT_XL=0.25        <default 0.5>      "Full mesh final corr"
TMC=5              <default 30.0%>    "Max single triangle area change"
TSC=9              <default 9.0%>     "Max summed triangle area change"
MNL=250            <default 300>      "Triangle edges between MNL and 2*MNL"
MTA=120000         <default 10000>    "Min triangle size (pixels)"
MMA=60000          <default 100000>   "Min 2D overlap for mesh"
ONE=N              <default N>        "Y=Use just one affine transform"
IFM=0.50           <default 0.50>     "Min Fourier Metric after affine-only"
FFM=0.65           <default 0.65>     "Min Fourier Metric after full mesh"
FYL=0.5            <default 0.50>     "Min fraction of yellow pixels"
CPD=0.5            <default 0.50>     "Min Correlation + DFM"
EMM=Y              <default Y>        "Y=Use Earth Mover's Metric, N=Use Fourier"
EMT=0.14           <default 0.2>      "Earth Movers Metric thresh"
WDI=N              <default N>        "Y=Write diff images (Fourier, EMM metrics)"
LDA=0.2            <default 0.2>      "Max radian delta between triangles"
LDR=0.1            <default 0.1>      "Max sine delta between triangles"
LDC=100            <default 100.0>    "Max XY delta between triangles"
DXY=100            <default 100.0>    "Max delta from user input XYs"
WMT=N              <default Y>        "Y=Write map.tif files"
WTT=N              <default Y>        "Y=Write tf.txt files"


---- Input images ----
Til2Img entry: A T=[ 1.0000  0.0000     0.00  0.0000  1.0000  3428.00] path=[/groups/apig/tomo/DEMO/TIF/B1_9_2.tif].
Til2Img entry: B T=[ 1.0000  0.0000     0.00  0.0000  1.0000  4285.00] path=[/groups/apig/tomo/DEMO/TIF/B1_8_2.tif].


---- Command-line overrides ----
Tdfm= 1.0000  0.0000     0.00    0.0000  1.0000     0.00
FLD=N
MODE=N (was M)
CTR=0


---- Image loading ----
Raster8FromTif: Opening [/groups/apig/tomo/DEMO/TIF/B1_9_2.tif].
Raster8FromTif: Bits per sample 8, samples per pixel 1
Raster8FromTif: Picture is 1376 by 1040, 1431040 pixels total.
TIF(8): Last Encoded strip had 1376 bytes.
Raster8FromTif: Opening [/groups/apig/tomo/DEMO/TIF/B1_8_2.tif].
Raster8FromTif: Bits per sample 8, samples per pixel 1
Raster8FromTif: Picture is 1376 by 1040, 1431040 pixels total.
TIF(8): Last Encoded strip had 1376 bytes.
PixPair: Using image scale=1.
Timer: Image conditioning took 0.240 seconds.

---- Foldmaps ----

---- Connected regions ----
Forcing single connected region.

---- Begin A-1 to B-1 ----

---- Thumbnail matching ----
Subimage: Using intersection, w=1376, h=183, pix=251808
Thumbs: After decimation 3956 pts, reqArea 937, thmscl 8
SetDisc( 0, 0, 3, 3 )
Initial: R= 4.277, A=   0.000, X=   -0.24, Y=   -0.27
Peak-Disc: dR 2 dX -1 dY -2
Approx: LowRes  R=4.277, X=-1.881, Y=-2.132
Approx: FullRes R=1.315, X=-3.002, Y=-3.074, use=Y.
Timer: FinishAtFullRes took 0.250 seconds.
Approx: Returning A=0.000000, R=4.276658, X=-3.002219, Y=-860.073532
Approx: Best transform  1.0000  0.0000    -3.00    0.0000  1.0000  -860.07
Approx: Orig transform  1.0000  0.0000     0.00    0.0000  1.0000  -857.00
Approx: Idnt transform  1.0000  0.0000    -3.00    0.0000  1.0000    -3.07
Approx: err = 4.2965, max = 30

---- Starting detailed region mapping ----
Roughly 247140 pixels map to B.
Region size is [3 1375] in x, [860 1039] in y.

---- Building mesh - affine ----
Computed simple triangle.

---- ImproveMesh - affine ----
Tri: (3 860) (1375 860) (689 1039).

---- Matlab Vertices ----
x=[3 1375 689 3]; y=[860 860 1039 860]; plot(x,y); hold on;

---- ImproveControlPts ----
STAT: ImproveCpt: Initial affine correlation 0.904126 (247140 pixels).
corr=0.904126	step=10.000000
corr=0.904126	step=5.000000
corr=0.904126	step=2.500000
corr=0.904126	step=1.250000
corr=0.904126	step=0.625000
corr=0.910662	step=0.625000
corr=0.914772	step=0.625000
corr=0.914772	step=0.312500
corr=0.914772	step=0.156250
corr=0.914772	step=0.078125
STAT: ImproveCpt: Final affine correlation 0.914772, (threshold 0.550000).

---- Matlab A-Sys Originals ----
x=[3.000000 1375.000000 689.000000 3.000000]; y=[860.000000 860.000000 1039.000000 860.000000]; plot(x,y); hold on;

---- Matlab B-Sys Originals ----
x=[-0.002219 1371.997781 685.997781 -0.002219]; y=[-0.073532 -0.073532 178.926468 -0.073532]; plot(x,y); hold on;

---- Matlab B-Sys Optimized ----
x=[0.107976 1372.090158 686.207257 0.107976]; y=[-0.169179 -0.232553 178.656697 -0.169179]; plot(x,y); hold on;

---- Deltas ----
id=     0: dx=    0.11 dy=   -0.10 d=    0.15
id=     1: dx=    0.09 dy=   -0.16 d=    0.18
id=     2: dx=    0.21 dy=   -0.27 d=    0.34

---- Areas ----
Triangle 0, area was   122794.0, is   122694.7,   -0.1%
Combined: area was   122794.0, is   122694.7,   -0.1%

---- Transforms ----
 1.0000  0.0006    -3.41   -0.0000  0.9992  -859.48
Best affine transform:  1.0000  0.0006    -3.41   -0.0000  0.9992  -859.48
    Inverse transform:  1.0000 -0.0006     2.89    0.0000  1.0008   860.17

---- QC - affine ----
Metrics: AFF: Mean square difference 0.167845
Metrics: AFF: Smallest footprint deg=0, area=244216
MetricImages: Range x 3 1375, y 861 1039, use Nx=1374, Ny=180
Approximate EM metric 0.043824 for 247320 points.
%Yellow: Tol   1.05  red   28.4  yellow   46.0  green   25.6
%Yellow: Tol   1.10  red   15.4  yellow   71.6  green   13.0
%Yellow: Tol   1.15  red    8.9  yellow   83.8  green    7.3
%Yellow: Tol   1.20  red    5.4  yellow   90.0  green    4.6
%Yellow: Tol   1.25  red    3.5  yellow   93.1  green    3.3
Affine Triangle: 245767 points, corr 0.916074, fm 0.043824, yellow 0.93

---- Building mesh - deformable ----
Lx Dx Nx:  1372   228.00   6
Ly Dy Ny:   179   179.00   1

STAT: From 247140 pts, got 12 triangles, 14 control points.
Timer: MeshCreate took 0.010 seconds.

---- ImproveMesh - deformable mesh ----
Tri: (3 860) (231 860) (3 1039).
Tri: (3 1039) (231 860) (231 1039).
Tri: (231 860) (459 860) (231 1039).
Tri: (231 1039) (459 860) (459 1039).
Tri: (459 860) (687 860) (459 1039).
Tri: (459 1039) (687 860) (687 1039).
Tri: (687 860) (915 860) (687 1039).
Tri: (687 1039) (915 860) (915 1039).
Tri: (915 860) (1143 860) (915 1039).
Tri: (915 1039) (1143 860) (1143 1039).
Tri: (1143 860) (1375 860) (1143 1039).
Tri: (1143 1039) (1375 860) (1375 1039).

---- Matlab Vertices ----
x=[3 231 3 3]; y=[860 860 1039 860]; plot(x,y); hold on;
x=[3 231 231 3]; y=[1039 860 1039 1039]; plot(x,y); hold on;
x=[231 459 231 231]; y=[860 860 1039 860]; plot(x,y); hold on;
x=[231 459 459 231]; y=[1039 860 1039 1039]; plot(x,y); hold on;
x=[459 687 459 459]; y=[860 860 1039 860]; plot(x,y); hold on;
x=[459 687 687 459]; y=[1039 860 1039 1039]; plot(x,y); hold on;
x=[687 915 687 687]; y=[860 860 1039 860]; plot(x,y); hold on;
x=[687 915 915 687]; y=[1039 860 1039 1039]; plot(x,y); hold on;
x=[915 1143 915 915]; y=[860 860 1039 860]; plot(x,y); hold on;
x=[915 1143 1143 915]; y=[1039 860 1039 1039]; plot(x,y); hold on;
x=[1143 1375 1143 1143]; y=[860 860 1039 860]; plot(x,y); hold on;
x=[1143 1375 1375 1143]; y=[1039 860 1039 1039]; plot(x,y); hold on;

---- ImproveControlPts ----
STAT: ImproveCpt: Initial deformable mesh correlation 0.914772 (247140 pixels).
corr=0.914772	step=10.000000
corr=0.914772	step=5.000000
corr=0.914772	step=2.500000
corr=0.914772	step=1.250000
corr=0.914772	step=0.625000
STAT: ImproveCpt: Final deformable mesh correlation 0.914772, (threshold 0.650000).

---- Matlab A-Sys Originals ----
x=[3.000000 231.000000 3.000000 3.000000]; y=[860.000000 860.000000 1039.000000 860.000000]; plot(x,y); hold on;
x=[3.000000 231.000000 231.000000 3.000000]; y=[1039.000000 860.000000 1039.000000 1039.000000]; plot(x,y); hold on;
x=[231.000000 459.000000 231.000000 231.000000]; y=[860.000000 860.000000 1039.000000 860.000000]; plot(x,y); hold on;
x=[231.000000 459.000000 459.000000 231.000000]; y=[1039.000000 860.000000 1039.000000 1039.000000]; plot(x,y); hold on;
x=[459.000000 687.000000 459.000000 459.000000]; y=[860.000000 860.000000 1039.000000 860.000000]; plot(x,y); hold on;
x=[459.000000 687.000000 687.000000 459.000000]; y=[1039.000000 860.000000 1039.000000 1039.000000]; plot(x,y); hold on;
x=[687.000000 915.000000 687.000000 687.000000]; y=[860.000000 860.000000 1039.000000 860.000000]; plot(x,y); hold on;
x=[687.000000 915.000000 915.000000 687.000000]; y=[1039.000000 860.000000 1039.000000 1039.000000]; plot(x,y); hold on;
x=[915.000000 1143.000000 915.000000 915.000000]; y=[860.000000 860.000000 1039.000000 860.000000]; plot(x,y); hold on;
x=[915.000000 1143.000000 1143.000000 915.000000]; y=[1039.000000 860.000000 1039.000000 1039.000000]; plot(x,y); hold on;
x=[1143.000000 1375.000000 1143.000000 1143.000000]; y=[860.000000 860.000000 1039.000000 860.000000]; plot(x,y); hold on;
x=[1143.000000 1375.000000 1375.000000 1143.000000]; y=[1039.000000 860.000000 1039.000000 1039.000000]; plot(x,y); hold on;

---- Matlab B-Sys Originals ----
x=[0.107976 228.105015 0.216166 0.107976]; y=[-0.169179 -0.179711 178.688384 -0.169179]; plot(x,y); hold on;
x=[0.216166 228.105015 228.213205 0.216166]; y=[178.688384 -0.179711 178.677853 178.688384]; plot(x,y); hold on;
x=[228.105015 456.102054 228.213205 228.105015]; y=[-0.179711 -0.190242 178.677853 -0.179711]; plot(x,y); hold on;
x=[228.213205 456.102054 456.210244 228.213205]; y=[178.677853 -0.190242 178.667321 178.677853]; plot(x,y); hold on;
x=[456.102054 684.099093 456.210244 456.102054]; y=[-0.190242 -0.200774 178.667321 -0.190242]; plot(x,y); hold on;
x=[456.210244 684.099093 684.207283 456.210244]; y=[178.667321 -0.200774 178.656790 178.667321]; plot(x,y); hold on;
x=[684.099093 912.096132 684.207283 684.099093]; y=[-0.200774 -0.211305 178.656790 -0.200774]; plot(x,y); hold on;
x=[684.207283 912.096132 912.204322 684.207283]; y=[178.656790 -0.211305 178.646258 178.656790]; plot(x,y); hold on;
x=[912.096132 1140.093171 912.204322 912.096132]; y=[-0.211305 -0.221837 178.646258 -0.211305]; plot(x,y); hold on;
x=[912.204322 1140.093171 1140.201361 912.204322]; y=[178.646258 -0.221837 178.635726 178.646258]; plot(x,y); hold on;
x=[1140.093171 1372.090158 1140.201361 1140.093171]; y=[-0.221837 -0.232553 178.635726 -0.221837]; plot(x,y); hold on;
x=[1140.201361 1372.090158 1372.198348 1140.201361]; y=[178.635726 -0.232553 178.625010 178.635726]; plot(x,y); hold on;

---- Matlab B-Sys Optimized ----
x=[0.107976 228.105015 0.216166 0.107976]; y=[-0.169179 -0.179711 178.688384 -0.169179]; plot(x,y); hold on;
x=[0.216166 228.105015 228.213205 0.216166]; y=[178.688384 -0.179711 178.677853 178.688384]; plot(x,y); hold on;
x=[228.105015 456.102054 228.213205 228.105015]; y=[-0.179711 -0.190242 178.677853 -0.179711]; plot(x,y); hold on;
x=[228.213205 456.102054 456.210244 228.213205]; y=[178.677853 -0.190242 178.667321 178.677853]; plot(x,y); hold on;
x=[456.102054 684.099093 456.210244 456.102054]; y=[-0.190242 -0.200774 178.667321 -0.190242]; plot(x,y); hold on;
x=[456.210244 684.099093 684.207283 456.210244]; y=[178.667321 -0.200774 178.656790 178.667321]; plot(x,y); hold on;
x=[684.099093 912.096132 684.207283 684.099093]; y=[-0.200774 -0.211305 178.656790 -0.200774]; plot(x,y); hold on;
x=[684.207283 912.096132 912.204322 684.207283]; y=[178.656790 -0.211305 178.646258 178.656790]; plot(x,y); hold on;
x=[912.096132 1140.093171 912.204322 912.096132]; y=[-0.211305 -0.221837 178.646258 -0.211305]; plot(x,y); hold on;
x=[912.204322 1140.093171 1140.201361 912.204322]; y=[178.646258 -0.221837 178.635726 178.646258]; plot(x,y); hold on;
x=[1140.093171 1372.090158 1140.201361 1140.093171]; y=[-0.221837 -0.232553 178.635726 -0.221837]; plot(x,y); hold on;
x=[1140.201361 1372.090158 1372.198348 1140.201361]; y=[178.635726 -0.232553 178.625010 178.635726]; plot(x,y); hold on;

---- Deltas ----
id=     0: dx=    0.00 dy=    0.00 d=    0.00
id=     1: dx=    0.00 dy=    0.00 d=    0.00
id=     2: dx=    0.00 dy=    0.00 d=    0.00
id=     3: dx=    0.00 dy=    0.00 d=    0.00
id=     4: dx=    0.00 dy=    0.00 d=    0.00
id=     5: dx=    0.00 dy=    0.00 d=    0.00
id=     6: dx=    0.00 dy=    0.00 d=    0.00
id=     7: dx=    0.00 dy=    0.00 d=    0.00
id=     8: dx=    0.00 dy=    0.00 d=    0.00
id=     9: dx=    0.00 dy=    0.00 d=    0.00
id=    10: dx=    0.00 dy=    0.00 d=    0.00
id=    11: dx=    0.00 dy=    0.00 d=    0.00
id=    12: dx=    0.00 dy=    0.00 d=    0.00
id=    13: dx=    0.00 dy=    0.00 d=    0.00

---- Areas ----
Triangle 0, area was    20406.0, is    20389.5,   -0.1%
Triangle 1, area was    20406.0, is    20389.5,   -0.1%
Triangle 2, area was    20406.0, is    20389.5,   -0.1%
Triangle 3, area was    20406.0, is    20389.5,   -0.1%
Triangle 4, area was    20406.0, is    20389.5,   -0.1%
Triangle 5, area was    20406.0, is    20389.5,   -0.1%
Triangle 6, area was    20406.0, is    20389.5,   -0.1%
Triangle 7, area was    20406.0, is    20389.5,   -0.1%
Triangle 8, area was    20406.0, is    20389.5,   -0.1%
Triangle 9, area was    20406.0, is    20389.5,   -0.1%
Triangle 10, area was    20764.0, is    20747.2,   -0.1%
Triangle 11, area was    20764.0, is    20747.2,   -0.1%
Combined: area was   245588.0, is   245389.4,   -0.1%

---- Transforms ----
 1.0000  0.0006    -3.41   -0.0000  0.9992  -859.48
 1.0000  0.0006    -3.41   -0.0000  0.9992  -859.48
 1.0000  0.0006    -3.41   -0.0000  0.9992  -859.48
 1.0000  0.0006    -3.41   -0.0000  0.9992  -859.48
 1.0000  0.0006    -3.41   -0.0000  0.9992  -859.48
 1.0000  0.0006    -3.41   -0.0000  0.9992  -859.48
 1.0000  0.0006    -3.41   -0.0000  0.9992  -859.48
 1.0000  0.0006    -3.41   -0.0000  0.9992  -859.48
 1.0000  0.0006    -3.41   -0.0000  0.9992  -859.48
 1.0000  0.0006    -3.41   -0.0000  0.9992  -859.48
 1.0000  0.0006    -3.41   -0.0000  0.9992  -859.48
 1.0000  0.0006    -3.41   -0.0000  0.9992  -859.48

---- QC - deformable ----
Remapping 1431040 points.
Metrics: DEF: Mean square difference 0.167845
Metrics: DEF: Smallest footprint deg=0, area=244216
MetricImages: Range x 3 1375, y 861 1039, use Nx=1374, Ny=180
Approximate EM metric 0.043824 for 247320 points.
All points, deformable, dfm 0.043824

Metrics: TRI: Mean square difference 0.134664
Metrics: TRI: Smallest footprint deg=0, area=40228
MetricImages: Range x 3 229, y 861 1039, use Nx=228, Ny=180
Approximate EM metric 0.057134 for 41040 points.
%Yellow: Tol   1.05  red   33.8  yellow   36.7  green   29.5
%Yellow: Tol   1.10  red   17.2  yellow   64.4  green   18.4
%Yellow: Tol   1.15  red    8.7  yellow   81.1  green   10.2
%Yellow: Tol   1.20  red    4.2  yellow   90.4  green    5.4
%Yellow: Tol   1.25  red    1.8  yellow   95.2  green    3.0
Triangle 0: 20382 points, corr 0.932619, fm 0.057134, yellow 0.95

Metrics: TRI: Mean square difference 0.173485
Metrics: TRI: Smallest footprint deg=0, area=40406
MetricImages: Range x 4 231, y 861 1039, use Nx=228, Ny=180
Approximate EM metric 0.049138 for 41040 points.
%Yellow: Tol   1.05  red   35.3  yellow   30.3  green   34.4
%Yellow: Tol   1.10  red   22.4  yellow   56.8  green   20.7
%Yellow: Tol   1.15  red   11.8  yellow   76.6  green   11.6
%Yellow: Tol   1.20  red    4.6  yellow   89.3  green    6.0
%Yellow: Tol   1.25  red    1.8  yellow   95.1  green    3.1
Triangle 1: 20609 points, corr 0.913209, fm 0.049138, yellow 0.95

Metrics: TRI: Mean square difference 0.170768
Metrics: TRI: Smallest footprint deg=0, area=39825
MetricImages: Range x 232 457, y 861 1038, use Nx=226, Ny=178
Approximate EM metric 0.039447 for 40228 points.
%Yellow: Tol   1.05  red   33.2  yellow   36.3  green   30.5
%Yellow: Tol   1.10  red   18.0  yellow   63.5  green   18.5
%Yellow: Tol   1.15  red   10.1  yellow   78.6  green   11.3
%Yellow: Tol   1.20  red    6.0  yellow   86.8  green    7.2
%Yellow: Tol   1.25  red    3.6  yellow   91.7  green    4.7
Triangle 2: 20203 points, corr 0.914567, fm 0.039447, yellow 0.92

Metrics: TRI: Mean square difference 0.124040
Metrics: TRI: Smallest footprint deg=0, area=40406
MetricImages: Range x 232 459, y 861 1039, use Nx=228, Ny=180
Approximate EM metric 0.019228 for 41040 points.
%Yellow: Tol   1.05  red   27.6  yellow   46.6  green   25.8
%Yellow: Tol   1.10  red   14.9  yellow   71.1  green   14.0
%Yellow: Tol   1.15  red    8.1  yellow   83.6  green    8.4
%Yellow: Tol   1.20  red    4.6  yellow   90.0  green    5.4
%Yellow: Tol   1.25  red    2.7  yellow   93.9  green    3.4
Triangle 3: 20609 points, corr 0.937932, fm 0.019228, yellow 0.94

Metrics: TRI: Mean square difference 0.088656
Metrics: TRI: Smallest footprint deg=0, area=39825
MetricImages: Range x 460 685, y 861 1038, use Nx=226, Ny=178
Approximate EM metric 0.015830 for 40228 points.
%Yellow: Tol   1.05  red   25.2  yellow   52.2  green   22.6
%Yellow: Tol   1.10  red   11.6  yellow   77.2  green   11.2
%Yellow: Tol   1.15  red    5.8  yellow   87.9  green    6.3
%Yellow: Tol   1.20  red    2.8  yellow   93.2  green    4.0
%Yellow: Tol   1.25  red    1.5  yellow   95.8  green    2.7
Triangle 4: 20203 points, corr 0.955622, fm 0.015830, yellow 0.96

Metrics: TRI: Mean square difference 0.046901
Metrics: TRI: Smallest footprint deg=0, area=40406
MetricImages: Range x 460 687, y 861 1039, use Nx=228, Ny=180
Approximate EM metric 0.009727 for 41040 points.
%Yellow: Tol   1.05  red   18.3  yellow   64.2  green   17.5
%Yellow: Tol   1.10  red    6.0  yellow   87.1  green    6.9
%Yellow: Tol   1.15  red    2.6  yellow   94.0  green    3.3
%Yellow: Tol   1.20  red    1.3  yellow   96.7  green    2.0
%Yellow: Tol   1.25  red    0.8  yellow   97.9  green    1.3
Triangle 5: 20609 points, corr 0.976501, fm 0.009727, yellow 0.98

Metrics: TRI: Mean square difference 0.136771
Metrics: TRI: Smallest footprint deg=0, area=39825
MetricImages: Range x 688 913, y 861 1038, use Nx=226, Ny=178
Approximate EM metric 0.013770 for 40228 points.
%Yellow: Tol   1.05  red   28.7  yellow   46.5  green   24.8
%Yellow: Tol   1.10  red   15.1  yellow   71.6  green   13.3
%Yellow: Tol   1.15  red    8.0  yellow   84.0  green    8.0
%Yellow: Tol   1.20  red    4.5  yellow   90.2  green    5.2
%Yellow: Tol   1.25  red    2.9  yellow   93.2  green    4.0
Triangle 6: 20203 points, corr 0.931565, fm 0.013770, yellow 0.93

Metrics: TRI: Mean square difference 0.091497
Metrics: TRI: Smallest footprint deg=0, area=40406
MetricImages: Range x 688 915, y 861 1039, use Nx=228, Ny=180
Approximate EM metric 0.016098 for 41040 points.
%Yellow: Tol   1.05  red   26.9  yellow   49.5  green   23.6
%Yellow: Tol   1.10  red   12.2  yellow   75.8  green   12.1
%Yellow: Tol   1.15  red    5.3  yellow   87.8  green    6.8
%Yellow: Tol   1.20  red    2.4  yellow   93.5  green    4.1
%Yellow: Tol   1.25  red    1.0  yellow   96.5  green    2.6
Triangle 7: 20609 points, corr 0.954203, fm 0.016098, yellow 0.96

Metrics: TRI: Mean square difference 0.047274
Metrics: TRI: Smallest footprint deg=0, area=39825
MetricImages: Range x 916 1141, y 861 1038, use Nx=226, Ny=178
Approximate EM metric 0.011849 for 40228 points.
%Yellow: Tol   1.05  red   18.4  yellow   66.6  green   15.0
%Yellow: Tol   1.10  red    6.3  yellow   86.5  green    7.2
%Yellow: Tol   1.15  red    2.4  yellow   93.4  green    4.3
%Yellow: Tol   1.20  red    0.9  yellow   96.5  green    2.6
%Yellow: Tol   1.25  red    0.4  yellow   97.9  green    1.6
Triangle 8: 20203 points, corr 0.976313, fm 0.011849, yellow 0.98

Metrics: TRI: Mean square difference 0.114357
Metrics: TRI: Smallest footprint deg=0, area=40406
MetricImages: Range x 916 1143, y 861 1039, use Nx=228, Ny=180
Approximate EM metric 0.023842 for 41040 points.
%Yellow: Tol   1.05  red   28.1  yellow   43.9  green   27.9
%Yellow: Tol   1.10  red   14.5  yellow   71.2  green   14.3
%Yellow: Tol   1.15  red    7.8  yellow   84.5  green    7.8
%Yellow: Tol   1.20  red    4.1  yellow   91.6  green    4.2
%Yellow: Tol   1.25  red    2.2  yellow   95.1  green    2.7
Triangle 9: 20609 points, corr 0.942773, fm 0.023842, yellow 0.95

Metrics: TRI: Mean square difference 0.430020
Metrics: TRI: Smallest footprint deg=0, area=40533
MetricImages: Range x 1144 1373, y 861 1038, use Nx=230, Ny=178
Approximate EM metric 0.037062 for 40940 points.
%Yellow: Tol   1.05  red   37.2  yellow   29.9  green   32.9
%Yellow: Tol   1.10  red   26.2  yellow   53.1  green   20.7
%Yellow: Tol   1.15  red   18.5  yellow   68.3  green   13.2
%Yellow: Tol   1.20  red   13.5  yellow   76.6  green   10.0
%Yellow: Tol   1.25  red    9.9  yellow   81.9  green    8.2
Triangle 10: 20559 points, corr 0.784941, fm 0.037062, yellow 0.82

Metrics: TRI: Mean square difference 0.405695
Metrics: TRI: Smallest footprint deg=0, area=41118
MetricImages: Range x 1144 1375, y 861 1039, use Nx=232, Ny=180
Approximate EM metric 0.033949 for 41760 points.
%Yellow: Tol   1.05  red   37.2  yellow   30.9  green   31.9
%Yellow: Tol   1.10  red   25.7  yellow   54.4  green   19.8
%Yellow: Tol   1.15  red   18.0  yellow   68.6  green   13.4
%Yellow: Tol   1.20  red   12.4  yellow   77.3  green   10.3
%Yellow: Tol   1.25  red    9.0  yellow   82.2  green    8.8
Triangle 11: 20969 points, corr 0.797105, fm 0.033949, yellow 0.82


---- Final reports ----
STAT: Overall 245767 points, corr 0.9148, EMM 0.0438, weighted EMM 0.0273, cor+dfm 0.9586, weighted yellow 0.9300

Angle span: min, max, delta = -0.000325 -0.000325 0.000000
Mesh-Thm: 0.0000  0.0006     0.41    0.0000  0.0008     0.59 2x(LDR,LDC)=(0.20,200.00) -- OK.

Final remapping of 1431040 points.
Center 76.002690 917.313515:  1.0000  0.0006    -3.41   -0.0000  0.9992  -859.48
Mapping region 1 xy= 76.002690 917.313515 to region 1 xy= 73.144359 57.095358
Center 143.096892 984.005825:  1.0000  0.0006    -3.41   -0.0000  0.9992  -859.48
Mapping region 1 xy= 143.096892 984.005825 to region 1 xy= 140.277999 123.731499
Center 300.931856 914.902641:  1.0000  0.0006    -3.41   -0.0000  0.9992  -859.48
Mapping region 1 xy= 300.931856 914.902641 to region 1 xy= 298.069146 54.676012
Center 369.142960 984.772829:  1.0000  0.0006    -3.41   -0.0000  0.9992  -859.48
Mapping region 1 xy= 369.142960 984.772829 to region 1 xy= 366.321595 124.487452
Center 533.498610 918.487943:  1.0000  0.0006    -3.41   -0.0000  0.9992  -859.48
Mapping region 1 xy= 533.498610 918.487943 to region 1 xy= 530.635047 58.247719
Center 605.904614 981.333496:  1.0000  0.0006    -3.41   -0.0000  0.9992  -859.48
Mapping region 1 xy= 605.904614 981.333496 to region 1 xy= 603.078096 121.039919
Center 757.161455 915.082897:  1.0000  0.0006    -3.41   -0.0000  0.9992  -859.48
Mapping region 1 xy= 757.161455 915.082897 to region 1 xy= 754.292929 54.835051
Center 834.777824 980.990722:  1.0000  0.0006    -3.41   -0.0000  0.9992  -859.48
Mapping region 1 xy= 834.777824 980.990722 to region 1 xy= 831.948126 120.686846
Center 986.789828 916.361313:  1.0000  0.0006    -3.41   -0.0000  0.9992  -859.48
Mapping region 1 xy= 986.789828 916.361313 to region 1 xy= 983.919093 56.101842
Center 1059.743565 982.181802:  1.0000  0.0006    -3.41   -0.0000  0.9992  -859.48
Mapping region 1 xy= 1059.743565 982.181802 to region 1 xy= 1056.911665 121.866587
Center 1215.470065 915.914403:  1.0000  0.0006    -3.41   -0.0000  0.9992  -859.48
Mapping region 1 xy= 1215.470065 915.914403 to region 1 xy= 1212.596090 55.644726
Center 1292.024667 981.509881:  1.0000  0.0006    -3.41   -0.0000  0.9992  -859.48
Mapping region 1 xy= 1292.024667 981.509881 to region 1 xy= 1289.189344 121.184470

Pipe: Returning 12 total transforms.

---- Summary Region-region results ----
Pipe: Table Headers {Az t r Bz t r thmok ntri}
FOUND:     1    9   1      1    8   1   1  12

---- Tabulating point matches ----
Tabulate: Rgn 1 -> 1: Keeping 12 of 12 point-pairs.

Timer: Alignment took 1.390 seconds.

main: Got 12 mapping regions.
main: Transform   0:  1.0000  0.0006    -3.41   -0.0000  0.9992  -859.48
main: Transform   1:  1.0000  0.0006    -3.41   -0.0000  0.9992  -859.48
main: Transform   2:  1.0000  0.0006    -3.41   -0.0000  0.9992  -859.48
main: Transform   3:  1.0000  0.0006    -3.41   -0.0000  0.9992  -859.48
main: Transform   4:  1.0000  0.0006    -3.41   -0.0000  0.9992  -859.48
main: Transform   5:  1.0000  0.0006    -3.41   -0.0000  0.9992  -859.48
main: Transform   6:  1.0000  0.0006    -3.41   -0.0000  0.9992  -859.48
main: Transform   7:  1.0000  0.0006    -3.41   -0.0000  0.9992  -859.48
main: Transform   8:  1.0000  0.0006    -3.41   -0.0000  0.9992  -859.48
main: Transform   9:  1.0000  0.0006    -3.41   -0.0000  0.9992  -859.48
main: Transform  10:  1.0000  0.0006    -3.41   -0.0000  0.9992  -859.48
main: Transform  11:  1.0000  0.0006    -3.41   -0.0000  0.9992  -859.48

main: Average:  1.0000  0.0006     0.00   -0.0000  0.9992     0.00
main: Degrees: -0.018646
main: Residue:  1.0000  0.0003     0.00    0.0003  0.9992     0.00

main: Inverse:  1.0000 -0.0006    -0.00    0.0000  1.0008    -0.00
main: Degrees: 0.018646
main: Residue:  1.0000 -0.0003     0.00   -0.0003  1.0008     0.00

main: Normal completion for dmesh run.
Timer: Total took 1.640 seconds.

---- Memory ----
Host name: h07u29.int.janelia.org
PID:       34879
User time:       1 seconds.
System time:     0 seconds.
VmPeak:	  380068 kB
VmSize:	  217292 kB
VmLck:	       0 kB
VmPin:	       0 kB
VmHWM:	  216768 kB
VmRSS:	   53476 kB
VmData:	   47896 kB
VmStk:	     164 kB
VmExe:	     832 kB
VmLib:	   85564 kB
VmPTE:	     344 kB
VmSwap:	       0 kB
voluntary_ctxt_switches:	18
nonvoluntary_ctxt_switches:	25

