
---- dmesh start ----
main: Start: Fri Sep 30 13:13:14 2016


---- Match parameters ----
PXBRO=2            <default 2>        "Max Legendre poly order for bkg removal"
PXLENS=N           <default N>        "Y=Apply IDB/lens.txt"
PXRESMSK=N         <default N>        "Y=Apply resin mask"
PXDOG=N            <default N>        "Y=Apply DoG filter"
PXDOG_R1=3         <default 3>        "DoG inner radius"
PXDOG_R2=6         <default 6>        "DoG outer radius"
FLD=N              <default X>        "Mask usage: Y=Use, N=None, X=XL only"
PRETWEAK=N         <default N>        "Y=Auto-distort before angle scan"
SCALE=1            <default 1.0>      "Image-B / image-A scale factor"
XSCALE=1           <default 1.0>      "Image-B / image-A x-axis scale factor"
YSCALE=1           <default 1.0>      "Image-B / image-A y-axis scale factor"
SKEW=0             <default 0.0>      "Transform elem[3] user-applied distortion"
MODE_SL=M          <default Z>        "Notes above"
MODE_XL=N          <default Y>        "Notes above"
TAB2DFM_SL=N       <default Y>        "Adopt Tdfm from Tab"
TAB2DFM_XL=Y       <default Y>        "Adopt Tdfm from Tab"
XYCONF_SL=1.0      <default 0.0>      "[0,1.0] confidence in Tab XY"
XYCONF_XL=0.8      <default 0.0>      "[0,1.0] confidence in Tab XY"
THMDEC_SL=8        <default 8>        "2^N thumb decimation factor"
THMDEC_XL=8        <default 8>        "2^N thumb decimation factor"
OLAP1D_SL=0        <default 0>        "Min 1D pix full-size overlap"
OLAP1D_XL=0        <default 0>        "Min 1D pix full-size overlap"
OLAP2D_SL=60000    <default 25000>    "Min 2D pix full-size overlap"
OLAP2D_XL=160000   <default 200000>   "Min 2D pix full-size overlap"
NBMXHT_SL=0.75     <default 0.75>     "Max F(neib)/F(pk) in guard zone"
NBMXHT_XL=0.75     <default 0.75>     "Max F(neib)/F(pk) in guard zone"
HFANGDN_SL=5       <default 5.0>      "Half angle search range denovo"
HFANGDN_XL=45      <default 45.0>     "Half angle search range denovo"
HFANGPR_SL=1       <default 1.0>      "Half angle search range prior angles"
HFANGPR_XL=4       <default 1.0>      "Half angle search range prior angles"
RTRSH_SL=0.3       <default 0.3>      "R corr thresh"
RTRSH_XL=0.3       <default 0.3>      "R corr thresh"
TWEAKS=N           <default N>        "Y=Try 8 near unity distortions"
LIMXY_SL=30        <default 0>        "0 or Max XY delta from Tab"
LIMXY_XL=80        <default 0>        "0 or Max XY delta from Tab"
WTHMPR=Y           <default Y>        "Y=Write ThmPair_a^b.txt entries"
OPT_SL=Y           <default Y(EM)>    "Y=Enable mesh optimizer"
RIT_SL=0.50        <default 0.20>     "Min mesh starting corr"
RIT_XL=0.1         <default 0.20>     "Min mesh starting corr"
RFA_SL=0.55        <default 0.3>      "Affine-only final corr"
RFA_XL=0.20        <default 0.3>      "Affine-only final corr"
RFT_SL=0.65        <default 0.5>      "Full mesh final corr"
RFT_XL=0.25        <default 0.5>      "Full mesh final corr"
TMC=5              <default 30.0%>    "Max single triangle area change"
TSC=9              <default 9.0%>     "Max summed triangle area change"
MNL=250            <default 300>      "Triangle edges between MNL and 2*MNL"
MTA=120000         <default 10000>    "Min triangle size (pixels)"
MMA=60000          <default 100000>   "Min 2D overlap for mesh"
ONE=N              <default N>        "Y=Use just one affine transform"
IFM=0.50           <default 0.50>     "Min Fourier Metric after affine-only"
FFM=0.65           <default 0.65>     "Min Fourier Metric after full mesh"
FYL=0.5            <default 0.50>     "Min fraction of yellow pixels"
CPD=0.5            <default 0.50>     "Min Correlation + DFM"
EMM=Y              <default Y>        "Y=Use Earth Mover's Metric, N=Use Fourier"
EMT=0.14           <default 0.2>      "Earth Movers Metric thresh"
WDI=N              <default N>        "Y=Write diff images (Fourier, EMM metrics)"
LDA=0.2            <default 0.2>      "Max radian delta between triangles"
LDR=0.1            <default 0.1>      "Max sine delta between triangles"
LDC=100            <default 100.0>    "Max XY delta between triangles"
DXY=100            <default 100.0>    "Max delta from user input XYs"
WMT=N              <default Y>        "Y=Write map.tif files"
WTT=N              <default Y>        "Y=Write tf.txt files"


---- Input images ----
Til2Img entry: A T=[ 1.0000  0.0000  1142.00  0.0000  1.0000  3428.00] path=[/groups/apig/tomo/DEMO/TIF/B1_4_2.tif].
Til2Img entry: B T=[ 1.0000  0.0000     0.00  0.0000  1.0000  3428.00] path=[/groups/apig/tomo/DEMO/TIF/B1_9_2.tif].


---- Command-line overrides ----
Tdfm= 1.0000  0.0000     0.00    0.0000  1.0000     0.00
FLD=N
MODE=N (was M)
CTR=0


---- Image loading ----
Raster8FromTif: Opening [/groups/apig/tomo/DEMO/TIF/B1_4_2.tif].
Raster8FromTif: Bits per sample 8, samples per pixel 1
Raster8FromTif: Picture is 1376 by 1040, 1431040 pixels total.
TIF(8): Last Encoded strip had 1376 bytes.
Raster8FromTif: Opening [/groups/apig/tomo/DEMO/TIF/B1_9_2.tif].
Raster8FromTif: Bits per sample 8, samples per pixel 1
Raster8FromTif: Picture is 1376 by 1040, 1431040 pixels total.
TIF(8): Last Encoded strip had 1376 bytes.
PixPair: Using image scale=1.
Timer: Image conditioning took 0.270 seconds.

---- Foldmaps ----

---- Connected regions ----
Forcing single connected region.

---- Begin A-1 to B-1 ----

---- Thumbnail matching ----
Subimage: Using intersection, w=234, h=1040, pix=243360
Thumbs: After decimation 3900 pts, reqArea 937, thmscl 8
SetDisc( 0, 0, 3, 3 )
Initial: R= 3.485, A=   0.000, X=    0.16, Y=   -0.69
Peak-Disc: dR 5 dX 1 dY -5
Approx: LowRes  R=3.485, X=1.270, Y=-5.550
Approx: FullRes R=1.116, X=1.862, Y=-4.926, use=Y.
Timer: FinishAtFullRes took 0.250 seconds.
Approx: Returning A=0.000000, R=3.485305, X=1143.861874, Y=-4.925658
Approx: Best transform  1.0000  0.0000  1143.86    0.0000  1.0000    -4.93
Approx: Orig transform  1.0000  0.0000  1142.00    0.0000  1.0000     0.00
Approx: Idnt transform  1.0000  0.0000     1.86    0.0000  1.0000    -4.93
Approx: err = 5.2658, max = 30

---- Starting detailed region mapping ----
Roughly 241388 pixels map to B.
Region size is [0 232] in x, [4 1039] in y.

---- Building mesh - affine ----
Computed simple triangle.

---- ImproveMesh - affine ----
Tri: (0 4) (232 521) (0 1039).

---- Matlab Vertices ----
x=[0 232 0 0]; y=[4 521 1039 4]; plot(x,y); hold on;

---- ImproveControlPts ----
STAT: ImproveCpt: Initial affine correlation 0.689225 (241388 pixels).
corr=0.689225	step=10.000000
corr=0.689225	step=5.000000
corr=0.689225	step=2.500000
corr=0.689225	step=1.250000
corr=0.710494	step=1.250000
corr=0.710494	step=0.625000
corr=0.710494	step=0.312500
corr=0.710494	step=0.156250
corr=0.710494	step=0.078125
STAT: ImproveCpt: Final affine correlation 0.710494, (threshold 0.550000).

---- Matlab A-Sys Originals ----
x=[0.000000 232.000000 0.000000 0.000000]; y=[4.000000 521.000000 1039.000000 4.000000]; plot(x,y); hold on;

---- Matlab B-Sys Originals ----
x=[1143.861874 1375.861874 1143.861874 1143.861874]; y=[-0.925658 516.074342 1034.074342 -0.925658]; plot(x,y); hold on;

---- Matlab B-Sys Optimized ----
x=[1144.073897 1376.740390 1144.380739 1144.073897]; y=[-1.192697 515.542193 1033.725000 -1.192697]; plot(x,y); hold on;

---- Deltas ----
id=     0: dx=    0.21 dy=   -0.27 d=    0.34
id=     1: dx=    0.88 dy=   -0.53 d=    1.03
id=     2: dx=    0.52 dy=   -0.35 d=    0.63

---- Areas ----
Triangle 0, area was   120060.0, is   120316.1,    0.2%
Combined: area was   120060.0, is   120316.1,    0.2%

---- Transforms ----
 1.0022  0.0003  1144.07   -0.0010  0.9999    -5.19
Best affine transform:  1.0022  0.0003  1144.07   -0.0010  0.9999    -5.19
    Inverse transform:  0.9978 -0.0003 -1141.55    0.0010  1.0001     4.09

---- QC - affine ----
Metrics: AFF: Mean square difference 0.572114
Metrics: AFF: Smallest footprint deg=0, area=237590
MetricImages: Range x 0 230, y 6 1039, use Nx=232, Ny=1034
Approximate EM metric 0.090296 for 239888 points.
%Yellow: Tol   1.05  red   38.4  yellow   25.0  green   36.6
%Yellow: Tol   1.10  red   28.7  yellow   44.5  green   26.7
%Yellow: Tol   1.15  red   22.2  yellow   57.8  green   20.1
%Yellow: Tol   1.20  red   17.6  yellow   66.8  green   15.6
%Yellow: Tol   1.25  red   14.3  yellow   72.9  green   12.8
Affine Triangle: 238854 points, corr 0.713939, fm 0.090296, yellow 0.73

---- Building mesh - deformable ----
Lx Dx Nx:   232   232.00   1
Ly Dy Ny:  1035   207.00   5

STAT: From 241388 pts, got 10 triangles, 12 control points.
Timer: MeshCreate took 0.010 seconds.

---- ImproveMesh - deformable mesh ----
Tri: (0 4) (232 4) (0 211).
Tri: (0 211) (232 4) (232 211).
Tri: (0 211) (232 211) (0 418).
Tri: (0 418) (232 211) (232 418).
Tri: (0 418) (232 418) (0 625).
Tri: (0 625) (232 418) (232 625).
Tri: (0 625) (232 625) (0 832).
Tri: (0 832) (232 625) (232 832).
Tri: (0 832) (232 832) (0 1039).
Tri: (0 1039) (232 832) (232 1039).

---- Matlab Vertices ----
x=[0 232 0 0]; y=[4 4 211 4]; plot(x,y); hold on;
x=[0 232 232 0]; y=[211 4 211 211]; plot(x,y); hold on;
x=[0 232 0 0]; y=[211 211 418 211]; plot(x,y); hold on;
x=[0 232 232 0]; y=[418 211 418 418]; plot(x,y); hold on;
x=[0 232 0 0]; y=[418 418 625 418]; plot(x,y); hold on;
x=[0 232 232 0]; y=[625 418 625 625]; plot(x,y); hold on;
x=[0 232 0 0]; y=[625 625 832 625]; plot(x,y); hold on;
x=[0 232 232 0]; y=[832 625 832 832]; plot(x,y); hold on;
x=[0 232 0 0]; y=[832 832 1039 832]; plot(x,y); hold on;
x=[0 232 232 0]; y=[1039 832 1039 1039]; plot(x,y); hold on;

---- ImproveControlPts ----
STAT: ImproveCpt: Initial deformable mesh correlation 0.710494 (241388 pixels).
corr=0.710494	step=10.000000
corr=0.710494	step=5.000000
corr=0.710494	step=2.500000
corr=0.710494	step=1.250000
corr=0.710494	step=0.625000
STAT: ImproveCpt: Final deformable mesh correlation 0.710494, (threshold 0.650000).

---- Matlab A-Sys Originals ----
x=[0.000000 232.000000 0.000000 0.000000]; y=[4.000000 4.000000 211.000000 4.000000]; plot(x,y); hold on;
x=[0.000000 232.000000 232.000000 0.000000]; y=[211.000000 4.000000 211.000000 211.000000]; plot(x,y); hold on;
x=[0.000000 232.000000 0.000000 0.000000]; y=[211.000000 211.000000 418.000000 211.000000]; plot(x,y); hold on;
x=[0.000000 232.000000 232.000000 0.000000]; y=[418.000000 211.000000 418.000000 418.000000]; plot(x,y); hold on;
x=[0.000000 232.000000 0.000000 0.000000]; y=[418.000000 418.000000 625.000000 418.000000]; plot(x,y); hold on;
x=[0.000000 232.000000 232.000000 0.000000]; y=[625.000000 418.000000 625.000000 625.000000]; plot(x,y); hold on;
x=[0.000000 232.000000 0.000000 0.000000]; y=[625.000000 625.000000 832.000000 625.000000]; plot(x,y); hold on;
x=[0.000000 232.000000 232.000000 0.000000]; y=[832.000000 625.000000 832.000000 832.000000]; plot(x,y); hold on;
x=[0.000000 232.000000 0.000000 0.000000]; y=[832.000000 832.000000 1039.000000 832.000000]; plot(x,y); hold on;
x=[0.000000 232.000000 232.000000 0.000000]; y=[1039.000000 832.000000 1039.000000 1039.000000]; plot(x,y); hold on;

---- Matlab B-Sys Originals ----
x=[1144.073897 1376.587118 1144.135265 1144.073897]; y=[-1.192697 -1.416696 205.790842 -1.192697]; plot(x,y); hold on;
x=[1144.135265 1376.587118 1376.648486 1144.135265]; y=[205.790842 -1.416696 205.566844 205.790842]; plot(x,y); hold on;
x=[1144.135265 1376.648486 1144.196634 1144.135265]; y=[205.790842 205.566844 412.774382 205.790842]; plot(x,y); hold on;
x=[1144.196634 1376.648486 1376.709854 1144.196634]; y=[412.774382 205.566844 412.550383 412.774382]; plot(x,y); hold on;
x=[1144.196634 1376.709854 1144.258002 1144.196634]; y=[412.774382 412.550383 619.757921 412.774382]; plot(x,y); hold on;
x=[1144.258002 1376.709854 1376.771223 1144.258002]; y=[619.757921 412.550383 619.533923 619.757921]; plot(x,y); hold on;
x=[1144.258002 1376.771223 1144.319370 1144.258002]; y=[619.757921 619.533923 826.741461 619.757921]; plot(x,y); hold on;
x=[1144.319370 1376.771223 1376.832591 1144.319370]; y=[826.741461 619.533923 826.517462 826.741461]; plot(x,y); hold on;
x=[1144.319370 1376.832591 1144.380739 1144.319370]; y=[826.741461 826.517462 1033.725000 826.741461]; plot(x,y); hold on;
x=[1144.380739 1376.832591 1376.893959 1144.380739]; y=[1033.725000 826.517462 1033.501002 1033.725000]; plot(x,y); hold on;

---- Matlab B-Sys Optimized ----
x=[1144.073897 1376.587118 1144.135265 1144.073897]; y=[-1.192697 -1.416696 205.790842 -1.192697]; plot(x,y); hold on;
x=[1144.135265 1376.587118 1376.648486 1144.135265]; y=[205.790842 -1.416696 205.566844 205.790842]; plot(x,y); hold on;
x=[1144.135265 1376.648486 1144.196634 1144.135265]; y=[205.790842 205.566844 412.774382 205.790842]; plot(x,y); hold on;
x=[1144.196634 1376.648486 1376.709854 1144.196634]; y=[412.774382 205.566844 412.550383 412.774382]; plot(x,y); hold on;
x=[1144.196634 1376.709854 1144.258002 1144.196634]; y=[412.774382 412.550383 619.757921 412.774382]; plot(x,y); hold on;
x=[1144.258002 1376.709854 1376.771223 1144.258002]; y=[619.757921 412.550383 619.533923 619.757921]; plot(x,y); hold on;
x=[1144.258002 1376.771223 1144.319370 1144.258002]; y=[619.757921 619.533923 826.741461 619.757921]; plot(x,y); hold on;
x=[1144.319370 1376.771223 1376.832591 1144.319370]; y=[826.741461 619.533923 826.517462 826.741461]; plot(x,y); hold on;
x=[1144.319370 1376.832591 1144.380739 1144.319370]; y=[826.741461 826.517462 1033.725000 826.741461]; plot(x,y); hold on;
x=[1144.380739 1376.832591 1376.893959 1144.380739]; y=[1033.725000 826.517462 1033.501002 1033.725000]; plot(x,y); hold on;

---- Deltas ----
id=     0: dx=    0.00 dy=    0.00 d=    0.00
id=     1: dx=    0.00 dy=    0.00 d=    0.00
id=     2: dx=    0.00 dy=    0.00 d=    0.00
id=     3: dx=    0.00 dy=    0.00 d=    0.00
id=     4: dx=    0.00 dy=    0.00 d=    0.00
id=     5: dx=    0.00 dy=    0.00 d=    0.00
id=     6: dx=    0.00 dy=    0.00 d=    0.00
id=     7: dx=    0.00 dy=    0.00 d=    0.00
id=     8: dx=    0.00 dy=    0.00 d=    0.00
id=     9: dx=    0.00 dy=    0.00 d=    0.00
id=    10: dx=    0.00 dy=    0.00 d=    0.00
id=    11: dx=    0.00 dy=    0.00 d=    0.00

---- Areas ----
Triangle 0, area was    24012.0, is    24063.2,    0.2%
Triangle 1, area was    24012.0, is    24063.2,    0.2%
Triangle 2, area was    24012.0, is    24063.2,    0.2%
Triangle 3, area was    24012.0, is    24063.2,    0.2%
Triangle 4, area was    24012.0, is    24063.2,    0.2%
Triangle 5, area was    24012.0, is    24063.2,    0.2%
Triangle 6, area was    24012.0, is    24063.2,    0.2%
Triangle 7, area was    24012.0, is    24063.2,    0.2%
Triangle 8, area was    24012.0, is    24063.2,    0.2%
Triangle 9, area was    24012.0, is    24063.2,    0.2%
Combined: area was   240120.0, is   240632.1,    0.2%

---- Transforms ----
 1.0022  0.0003  1144.07   -0.0010  0.9999    -5.19
 1.0022  0.0003  1144.07   -0.0010  0.9999    -5.19
 1.0022  0.0003  1144.07   -0.0010  0.9999    -5.19
 1.0022  0.0003  1144.07   -0.0010  0.9999    -5.19
 1.0022  0.0003  1144.07   -0.0010  0.9999    -5.19
 1.0022  0.0003  1144.07   -0.0010  0.9999    -5.19
 1.0022  0.0003  1144.07   -0.0010  0.9999    -5.19
 1.0022  0.0003  1144.07   -0.0010  0.9999    -5.19
 1.0022  0.0003  1144.07   -0.0010  0.9999    -5.19
 1.0022  0.0003  1144.07   -0.0010  0.9999    -5.19

---- QC - deformable ----
Remapping 1431040 points.
Metrics: DEF: Mean square difference 0.572114
Metrics: DEF: Smallest footprint deg=0, area=237590
MetricImages: Range x 0 230, y 6 1039, use Nx=232, Ny=1034
Approximate EM metric 0.090296 for 239888 points.
All points, deformable, dfm 0.090296

Metrics: TRI: Mean square difference 0.260747
Metrics: TRI: Smallest footprint deg=0, area=46945
MetricImages: Range x 0 229, y 6 211, use Nx=230, Ny=206
Approximate EM metric 0.057532 for 47380 points.
%Yellow: Tol   1.05  red   29.4  yellow   37.4  green   33.2
%Yellow: Tol   1.10  red   19.0  yellow   60.2  green   20.9
%Yellow: Tol   1.15  red   14.8  yellow   71.3  green   13.9
%Yellow: Tol   1.20  red   12.0  yellow   78.6  green    9.4
%Yellow: Tol   1.25  red    9.9  yellow   83.4  green    6.7
Triangle 0: 23769 points, corr 0.869584, fm 0.057532, yellow 0.83

Metrics: TRI: Mean square difference 0.088766
Metrics: TRI: Smallest footprint deg=0, area=46945
MetricImages: Range x 1 230, y 6 211, use Nx=230, Ny=206
Approximate EM metric 0.019537 for 47380 points.
%Yellow: Tol   1.05  red   14.4  yellow   65.4  green   20.2
%Yellow: Tol   1.10  red    8.6  yellow   83.2  green    8.2
%Yellow: Tol   1.15  red    6.5  yellow   88.9  green    4.6
%Yellow: Tol   1.20  red    5.2  yellow   91.7  green    3.1
%Yellow: Tol   1.25  red    4.3  yellow   93.4  green    2.3
Triangle 1: 23817 points, corr 0.955575, fm 0.019537, yellow 0.93

Metrics: TRI: Mean square difference 0.293365
Metrics: TRI: Smallest footprint deg=0, area=47380
MetricImages: Range x 0 230, y 212 418, use Nx=232, Ny=208
Approximate EM metric 0.041212 for 48256 points.
%Yellow: Tol   1.05  red   30.5  yellow   36.4  green   33.2
%Yellow: Tol   1.10  red   19.5  yellow   60.6  green   20.0
%Yellow: Tol   1.15  red   13.6  yellow   73.9  green   12.6
%Yellow: Tol   1.20  red   10.2  yellow   81.6  green    8.3
%Yellow: Tol   1.25  red    8.0  yellow   85.9  green    6.1
Triangle 2: 24000 points, corr 0.853276, fm 0.041212, yellow 0.86

Metrics: TRI: Mean square difference 0.395402
Metrics: TRI: Smallest footprint deg=0, area=46945
MetricImages: Range x 1 230, y 213 418, use Nx=230, Ny=206
Approximate EM metric 0.039009 for 47380 points.
%Yellow: Tol   1.05  red   34.7  yellow   28.3  green   37.0
%Yellow: Tol   1.10  red   24.2  yellow   51.0  green   24.8
%Yellow: Tol   1.15  red   17.9  yellow   65.3  green   16.8
%Yellow: Tol   1.20  red   13.7  yellow   74.9  green   11.5
%Yellow: Tol   1.25  red   10.6  yellow   81.3  green    8.1
Triangle 3: 23817 points, corr 0.802257, fm 0.039009, yellow 0.81

Metrics: TRI: Mean square difference 0.360224
Metrics: TRI: Smallest footprint deg=0, area=47380
MetricImages: Range x 0 230, y 419 625, use Nx=232, Ny=208
Approximate EM metric 0.037530 for 48256 points.
%Yellow: Tol   1.05  red   34.0  yellow   31.6  green   34.4
%Yellow: Tol   1.10  red   23.1  yellow   54.2  green   22.7
%Yellow: Tol   1.15  red   16.8  yellow   68.0  green   15.2
%Yellow: Tol   1.20  red   12.7  yellow   76.9  green   10.4
%Yellow: Tol   1.25  red   10.1  yellow   82.3  green    7.7
Triangle 4: 24000 points, corr 0.819846, fm 0.037530, yellow 0.82

Metrics: TRI: Mean square difference 0.509230
Metrics: TRI: Smallest footprint deg=0, area=46945
MetricImages: Range x 1 230, y 420 625, use Nx=230, Ny=206
Approximate EM metric 0.034069 for 47380 points.
%Yellow: Tol   1.05  red   38.0  yellow   26.5  green   35.5
%Yellow: Tol   1.10  red   29.6  yellow   45.7  green   24.7
%Yellow: Tol   1.15  red   23.3  yellow   59.3  green   17.3
%Yellow: Tol   1.20  red   18.2  yellow   69.2  green   12.6
%Yellow: Tol   1.25  red   14.3  yellow   75.8  green    9.9
Triangle 5: 23817 points, corr 0.745343, fm 0.034069, yellow 0.76

Metrics: TRI: Mean square difference 0.567373
Metrics: TRI: Smallest footprint deg=0, area=47380
MetricImages: Range x 0 230, y 626 832, use Nx=232, Ny=208
Approximate EM metric 0.056451 for 48256 points.
%Yellow: Tol   1.05  red   39.5  yellow   23.9  green   36.6
%Yellow: Tol   1.10  red   30.6  yellow   42.6  green   26.8
%Yellow: Tol   1.15  red   24.6  yellow   56.1  green   19.3
%Yellow: Tol   1.20  red   19.8  yellow   66.2  green   14.0
%Yellow: Tol   1.25  red   15.8  yellow   73.5  green   10.7
Triangle 6: 24000 points, corr 0.716272, fm 0.056451, yellow 0.73

Metrics: TRI: Mean square difference 0.286506
Metrics: TRI: Smallest footprint deg=0, area=46945
MetricImages: Range x 1 230, y 627 832, use Nx=230, Ny=206
Approximate EM metric 0.046946 for 47380 points.
%Yellow: Tol   1.05  red   31.4  yellow   31.7  green   36.8
%Yellow: Tol   1.10  red   22.1  yellow   55.3  green   22.5
%Yellow: Tol   1.15  red   16.1  yellow   70.6  green   13.3
%Yellow: Tol   1.20  red   12.3  yellow   79.5  green    8.2
%Yellow: Tol   1.25  red    9.9  yellow   84.6  green    5.5
Triangle 7: 23817 points, corr 0.856705, fm 0.046946, yellow 0.85

Metrics: TRI: Mean square difference 0.331834
Metrics: TRI: Smallest footprint deg=0, area=47380
MetricImages: Range x 0 230, y 833 1039, use Nx=232, Ny=208
Approximate EM metric 0.074210 for 48256 points.
%Yellow: Tol   1.05  red   34.1  yellow   28.0  green   37.9
%Yellow: Tol   1.10  red   23.4  yellow   50.1  green   26.5
%Yellow: Tol   1.15  red   16.5  yellow   65.7  green   17.8
%Yellow: Tol   1.20  red   12.3  yellow   76.4  green   11.3
%Yellow: Tol   1.25  red    9.4  yellow   83.8  green    6.9
Triangle 8: 24000 points, corr 0.834041, fm 0.074210, yellow 0.84

Metrics: TRI: Mean square difference 0.267291
Metrics: TRI: Smallest footprint deg=0, area=46945
MetricImages: Range x 1 230, y 834 1039, use Nx=230, Ny=206
Approximate EM metric 0.029775 for 47380 points.
%Yellow: Tol   1.05  red   30.6  yellow   32.4  green   37.0
%Yellow: Tol   1.10  red   20.5  yellow   56.0  green   23.5
%Yellow: Tol   1.15  red   14.6  yellow   71.2  green   14.2
%Yellow: Tol   1.20  red   11.1  yellow   80.3  green    8.6
%Yellow: Tol   1.25  red    8.8  yellow   85.7  green    5.5
Triangle 9: 23817 points, corr 0.866312, fm 0.029775, yellow 0.86


---- Final reports ----
STAT: Overall 238854 points, corr 0.7105, EMM 0.0903, weighted EMM 0.0437, cor+dfm 0.8008, weighted yellow 0.8295

Angle span: min, max, delta = -0.000630 -0.000630 0.000000
Mesh-Thm: 0.0022  0.0003     0.21    0.0010  0.0001     0.27 2x(LDR,LDC)=(0.20,200.00) -- OK.

Final remapping of 1431040 points.
Center 74.283439 70.278758:  1.0022  0.0003  1144.07   -0.0010  0.9999    -5.19
Mapping region 1 xy= 74.283439 70.278758 to region 1 xy= 1218.541312 65.009069
Center 142.554732 147.403385:  1.0022  0.0003  1144.07   -0.0010  0.9999    -5.19
Mapping region 1 xy= 142.554732 147.403385 to region 1 xy= 1286.986497 142.061646
Center 71.158730 274.490764:  1.0022  0.0003  1144.07   -0.0010  0.9999    -5.19
Mapping region 1 xy= 71.158730 274.490764 to region 1 xy= 1215.470233 269.207853
Center 140.566521 355.290367:  1.0022  0.0003  1144.07   -0.0010  0.9999    -5.19
Mapping region 1 xy= 140.566521 355.290367 to region 1 xy= 1285.055519 349.934017
Center 75.805603 485.636896:  1.0022  0.0003  1144.07   -0.0010  0.9999    -5.19
Mapping region 1 xy= 75.805603 485.636896 to region 1 xy= 1220.189982 480.332708
Center 149.481888 558.313037:  1.0022  0.0003  1144.07   -0.0010  0.9999    -5.19
Mapping region 1 xy= 149.481888 558.313037 to region 1 xy= 1294.050797 552.931935
Center 71.392358 688.699216:  1.0022  0.0003  1144.07   -0.0010  0.9999    -5.19
Mapping region 1 xy= 71.392358 688.699216 to region 1 xy= 1215.827176 683.383142
Center 150.370418 764.916646:  1.0022  0.0003  1144.07   -0.0010  0.9999    -5.19
Mapping region 1 xy= 150.370418 764.916646 to region 1 xy= 1295.002543 759.518256
Center 73.049299 897.177607:  1.0022  0.0003  1144.07   -0.0010  0.9999    -5.19
Mapping region 1 xy= 73.049299 897.177607 to region 1 xy= 1217.549589 891.843355
Center 147.282926 973.294040:  1.0022  0.0003  1144.07   -0.0010  0.9999    -5.19
Mapping region 1 xy= 147.282926 973.294040 to region 1 xy= 1291.969998 967.882062

Pipe: Returning 10 total transforms.

---- Summary Region-region results ----
Pipe: Table Headers {Az t r Bz t r thmok ntri}
FOUND:     1    4   1      1    9   1   1  10

---- Tabulating point matches ----
Tabulate: Rgn 1 -> 1: Keeping 10 of 10 point-pairs.

Timer: Alignment took 1.380 seconds.

main: Got 10 mapping regions.
main: Transform   0:  1.0022  0.0003  1144.07   -0.0010  0.9999    -5.19
main: Transform   1:  1.0022  0.0003  1144.07   -0.0010  0.9999    -5.19
main: Transform   2:  1.0022  0.0003  1144.07   -0.0010  0.9999    -5.19
main: Transform   3:  1.0022  0.0003  1144.07   -0.0010  0.9999    -5.19
main: Transform   4:  1.0022  0.0003  1144.07   -0.0010  0.9999    -5.19
main: Transform   5:  1.0022  0.0003  1144.07   -0.0010  0.9999    -5.19
main: Transform   6:  1.0022  0.0003  1144.07   -0.0010  0.9999    -5.19
main: Transform   7:  1.0022  0.0003  1144.07   -0.0010  0.9999    -5.19
main: Transform   8:  1.0022  0.0003  1144.07   -0.0010  0.9999    -5.19
main: Transform   9:  1.0022  0.0003  1144.07   -0.0010  0.9999    -5.19

main: Average:  1.0022  0.0003     0.00   -0.0010  0.9999     0.00
main: Degrees: -0.0361144
main: Residue:  1.0022 -0.0003     0.00   -0.0003  0.9999     0.00

main: Inverse:  0.9978 -0.0003    -0.00    0.0010  1.0001    -0.00
main: Degrees: 0.0361144
main: Residue:  0.9978  0.0003     0.00    0.0003  1.0001     0.00

main: Normal completion for dmesh run.
Timer: Total took 1.660 seconds.

---- Memory ----
Host name: h07u29.int.janelia.org
PID:       34857
User time:       1 seconds.
System time:     0 seconds.
VmPeak:	  379968 kB
VmSize:	  207692 kB
VmLck:	       0 kB
VmPin:	       0 kB
VmHWM:	  215788 kB
VmRSS:	   43260 kB
VmData:	   38300 kB
VmStk:	     160 kB
VmExe:	     832 kB
VmLib:	   85564 kB
VmPTE:	     332 kB
VmSwap:	       0 kB
voluntary_ctxt_switches:	358
nonvoluntary_ctxt_switches:	1776

