
---- dmesh start ----
main: Start: Fri Sep 30 13:13:20 2016


---- Match parameters ----
PXBRO=2            <default 2>        "Max Legendre poly order for bkg removal"
PXLENS=N           <default N>        "Y=Apply IDB/lens.txt"
PXRESMSK=N         <default N>        "Y=Apply resin mask"
PXDOG=N            <default N>        "Y=Apply DoG filter"
PXDOG_R1=3         <default 3>        "DoG inner radius"
PXDOG_R2=6         <default 6>        "DoG outer radius"
FLD=N              <default X>        "Mask usage: Y=Use, N=None, X=XL only"
PRETWEAK=N         <default N>        "Y=Auto-distort before angle scan"
SCALE=1            <default 1.0>      "Image-B / image-A scale factor"
XSCALE=1           <default 1.0>      "Image-B / image-A x-axis scale factor"
YSCALE=1           <default 1.0>      "Image-B / image-A y-axis scale factor"
SKEW=0             <default 0.0>      "Transform elem[3] user-applied distortion"
MODE_SL=M          <default Z>        "Notes above"
MODE_XL=N          <default Y>        "Notes above"
TAB2DFM_SL=N       <default Y>        "Adopt Tdfm from Tab"
TAB2DFM_XL=Y       <default Y>        "Adopt Tdfm from Tab"
XYCONF_SL=1.0      <default 0.0>      "[0,1.0] confidence in Tab XY"
XYCONF_XL=0.8      <default 0.0>      "[0,1.0] confidence in Tab XY"
THMDEC_SL=8        <default 8>        "2^N thumb decimation factor"
THMDEC_XL=8        <default 8>        "2^N thumb decimation factor"
OLAP1D_SL=0        <default 0>        "Min 1D pix full-size overlap"
OLAP1D_XL=0        <default 0>        "Min 1D pix full-size overlap"
OLAP2D_SL=60000    <default 25000>    "Min 2D pix full-size overlap"
OLAP2D_XL=160000   <default 200000>   "Min 2D pix full-size overlap"
NBMXHT_SL=0.75     <default 0.75>     "Max F(neib)/F(pk) in guard zone"
NBMXHT_XL=0.75     <default 0.75>     "Max F(neib)/F(pk) in guard zone"
HFANGDN_SL=5       <default 5.0>      "Half angle search range denovo"
HFANGDN_XL=45      <default 45.0>     "Half angle search range denovo"
HFANGPR_SL=1       <default 1.0>      "Half angle search range prior angles"
HFANGPR_XL=4       <default 1.0>      "Half angle search range prior angles"
RTRSH_SL=0.3       <default 0.3>      "R corr thresh"
RTRSH_XL=0.3       <default 0.3>      "R corr thresh"
TWEAKS=N           <default N>        "Y=Try 8 near unity distortions"
LIMXY_SL=30        <default 0>        "0 or Max XY delta from Tab"
LIMXY_XL=80        <default 0>        "0 or Max XY delta from Tab"
WTHMPR=Y           <default Y>        "Y=Write ThmPair_a^b.txt entries"
OPT_SL=Y           <default Y(EM)>    "Y=Enable mesh optimizer"
RIT_SL=0.50        <default 0.20>     "Min mesh starting corr"
RIT_XL=0.1         <default 0.20>     "Min mesh starting corr"
RFA_SL=0.55        <default 0.3>      "Affine-only final corr"
RFA_XL=0.20        <default 0.3>      "Affine-only final corr"
RFT_SL=0.65        <default 0.5>      "Full mesh final corr"
RFT_XL=0.25        <default 0.5>      "Full mesh final corr"
TMC=5              <default 30.0%>    "Max single triangle area change"
TSC=9              <default 9.0%>     "Max summed triangle area change"
MNL=250            <default 300>      "Triangle edges between MNL and 2*MNL"
MTA=120000         <default 10000>    "Min triangle size (pixels)"
MMA=60000          <default 100000>   "Min 2D overlap for mesh"
ONE=N              <default N>        "Y=Use just one affine transform"
IFM=0.50           <default 0.50>     "Min Fourier Metric after affine-only"
FFM=0.65           <default 0.65>     "Min Fourier Metric after full mesh"
FYL=0.5            <default 0.50>     "Min fraction of yellow pixels"
CPD=0.5            <default 0.50>     "Min Correlation + DFM"
EMM=Y              <default Y>        "Y=Use Earth Mover's Metric, N=Use Fourier"
EMT=0.14           <default 0.2>      "Earth Movers Metric thresh"
WDI=N              <default N>        "Y=Write diff images (Fourier, EMM metrics)"
LDA=0.2            <default 0.2>      "Max radian delta between triangles"
LDR=0.1            <default 0.1>      "Max sine delta between triangles"
LDC=100            <default 100.0>    "Max XY delta between triangles"
DXY=100            <default 100.0>    "Max delta from user input XYs"
WMT=N              <default Y>        "Y=Write map.tif files"
WTT=N              <default Y>        "Y=Write tf.txt files"


---- Input images ----
Til2Img entry: A T=[ 1.0000  0.0000  1142.00  0.0000  1.0000   857.00] path=[/groups/apig/tomo/DEMO/TIF/B1_1_2.tif].
Til2Img entry: B T=[ 1.0000  0.0000     0.00  0.0000  1.0000   857.00] path=[/groups/apig/tomo/DEMO/TIF/B1_12_2.tif].


---- Command-line overrides ----
Tdfm= 1.0000  0.0000     0.00    0.0000  1.0000     0.00
FLD=N
MODE=N (was M)
CTR=0


---- Image loading ----
Raster8FromTif: Opening [/groups/apig/tomo/DEMO/TIF/B1_1_2.tif].
Raster8FromTif: Bits per sample 8, samples per pixel 1
Raster8FromTif: Picture is 1376 by 1040, 1431040 pixels total.
TIF(8): Last Encoded strip had 1376 bytes.
Raster8FromTif: Opening [/groups/apig/tomo/DEMO/TIF/B1_12_2.tif].
Raster8FromTif: Bits per sample 8, samples per pixel 1
Raster8FromTif: Picture is 1376 by 1040, 1431040 pixels total.
TIF(8): Last Encoded strip had 1376 bytes.
PixPair: Using image scale=1.
Timer: Image conditioning took 0.250 seconds.

---- Foldmaps ----

---- Connected regions ----
Forcing single connected region.

---- Begin A-1 to B-1 ----

---- Thumbnail matching ----
Subimage: Using intersection, w=234, h=1040, pix=243360
Thumbs: After decimation 3900 pts, reqArea 937, thmscl 8
SetDisc( 0, 0, 3, 3 )
Initial: R= 4.028, A=   0.000, X=    0.20, Y=   -0.56
Peak-Disc: dR 4 dX 1 dY -4
Approx: LowRes  R=4.028, X=1.567, Y=-4.461
Approx: FullRes R=1.325, X=1.879, Y=-4.138, use=Y.
Timer: FinishAtFullRes took 0.250 seconds.
Approx: Returning A=0.000000, R=4.027974, X=1143.878505, Y=-4.137828
Approx: Best transform  1.0000  0.0000  1143.88    0.0000  1.0000    -4.14
Approx: Orig transform  1.0000  0.0000  1142.00    0.0000  1.0000     0.00
Approx: Idnt transform  1.0000  0.0000     1.88    0.0000  1.0000    -4.14
Approx: err = 4.54427, max = 30

---- Starting detailed region mapping ----
Roughly 241388 pixels map to B.
Region size is [0 232] in x, [4 1039] in y.

---- Building mesh - affine ----
Computed simple triangle.

---- ImproveMesh - affine ----
Tri: (0 4) (232 521) (0 1039).

---- Matlab Vertices ----
x=[0 232 0 0]; y=[4 521 1039 4]; plot(x,y); hold on;

---- ImproveControlPts ----
STAT: ImproveCpt: Initial affine correlation 0.749322 (241388 pixels).
corr=0.749322	step=10.000000
corr=0.749322	step=5.000000
corr=0.749322	step=2.500000
corr=0.749322	step=1.250000
corr=0.764863	step=1.250000
corr=0.769858	step=1.250000
corr=0.769858	step=0.625000
corr=0.769858	step=0.312500
corr=0.769858	step=0.156250
corr=0.769858	step=0.078125
STAT: ImproveCpt: Final affine correlation 0.769858, (threshold 0.550000).

---- Matlab A-Sys Originals ----
x=[0.000000 232.000000 0.000000 0.000000]; y=[4.000000 521.000000 1039.000000 4.000000]; plot(x,y); hold on;

---- Matlab B-Sys Originals ----
x=[1143.878505 1375.878505 1143.878505 1143.878505]; y=[-0.137828 516.862172 1034.862172 -0.137828]; plot(x,y); hold on;

---- Matlab B-Sys Optimized ----
x=[1144.013232 1376.349829 1144.229002 1144.013232]; y=[-0.360521 516.406177 1034.641183 -0.360521]; plot(x,y); hold on;

---- Deltas ----
id=     0: dx=    0.13 dy=   -0.22 d=    0.26
id=     1: dx=    0.47 dy=   -0.46 d=    0.66
id=     2: dx=    0.35 dy=   -0.22 d=    0.41

---- Areas ----
Triangle 0, area was   120060.0, is   120178.6,    0.1%
Combined: area was   120060.0, is   120178.6,    0.1%

---- Transforms ----
 1.0010  0.0002  1144.01   -0.0010  1.0000    -4.36
Best affine transform:  1.0010  0.0002  1144.01   -0.0010  1.0000    -4.36
    Inverse transform:  0.9990 -0.0002 -1142.89    0.0010  1.0000     3.21

---- QC - affine ----
Metrics: AFF: Mean square difference 0.459296
Metrics: AFF: Smallest footprint deg=0, area=237820
MetricImages: Range x 0 230, y 5 1039, use Nx=232, Ny=1036
Approximate EM metric 0.068872 for 240352 points.
%Yellow: Tol   1.05  red   35.2  yellow   19.7  green   45.0
%Yellow: Tol   1.10  red   29.1  yellow   39.0  green   31.9
%Yellow: Tol   1.15  red   23.9  yellow   54.1  green   22.0
%Yellow: Tol   1.20  red   19.1  yellow   65.6  green   15.3
%Yellow: Tol   1.25  red   14.9  yellow   74.1  green   11.1
Affine Triangle: 239085 points, corr 0.770348, fm 0.068872, yellow 0.74

---- Building mesh - deformable ----
Lx Dx Nx:   232   232.00   1
Ly Dy Ny:  1035   207.00   5

STAT: From 241388 pts, got 10 triangles, 12 control points.
Timer: MeshCreate took 0.010 seconds.

---- ImproveMesh - deformable mesh ----
Tri: (0 4) (232 4) (0 211).
Tri: (0 211) (232 4) (232 211).
Tri: (0 211) (232 211) (0 418).
Tri: (0 418) (232 211) (232 418).
Tri: (0 418) (232 418) (0 625).
Tri: (0 625) (232 418) (232 625).
Tri: (0 625) (232 625) (0 832).
Tri: (0 832) (232 625) (232 832).
Tri: (0 832) (232 832) (0 1039).
Tri: (0 1039) (232 832) (232 1039).

---- Matlab Vertices ----
x=[0 232 0 0]; y=[4 4 211 4]; plot(x,y); hold on;
x=[0 232 232 0]; y=[211 4 211 211]; plot(x,y); hold on;
x=[0 232 0 0]; y=[211 211 418 211]; plot(x,y); hold on;
x=[0 232 232 0]; y=[418 211 418 418]; plot(x,y); hold on;
x=[0 232 0 0]; y=[418 418 625 418]; plot(x,y); hold on;
x=[0 232 232 0]; y=[625 418 625 625]; plot(x,y); hold on;
x=[0 232 0 0]; y=[625 625 832 625]; plot(x,y); hold on;
x=[0 232 232 0]; y=[832 625 832 832]; plot(x,y); hold on;
x=[0 232 0 0]; y=[832 832 1039 832]; plot(x,y); hold on;
x=[0 232 232 0]; y=[1039 832 1039 1039]; plot(x,y); hold on;

---- ImproveControlPts ----
STAT: ImproveCpt: Initial deformable mesh correlation 0.769858 (241388 pixels).
corr=0.769858	step=10.000000
corr=0.769858	step=5.000000
corr=0.769858	step=2.500000
corr=0.769858	step=1.250000
corr=0.769858	step=0.625000
STAT: ImproveCpt: Final deformable mesh correlation 0.769858, (threshold 0.650000).

---- Matlab A-Sys Originals ----
x=[0.000000 232.000000 0.000000 0.000000]; y=[4.000000 4.000000 211.000000 4.000000]; plot(x,y); hold on;
x=[0.000000 232.000000 232.000000 0.000000]; y=[211.000000 4.000000 211.000000 211.000000]; plot(x,y); hold on;
x=[0.000000 232.000000 0.000000 0.000000]; y=[211.000000 211.000000 418.000000 211.000000]; plot(x,y); hold on;
x=[0.000000 232.000000 232.000000 0.000000]; y=[418.000000 211.000000 418.000000 418.000000]; plot(x,y); hold on;
x=[0.000000 232.000000 0.000000 0.000000]; y=[418.000000 418.000000 625.000000 418.000000]; plot(x,y); hold on;
x=[0.000000 232.000000 232.000000 0.000000]; y=[625.000000 418.000000 625.000000 625.000000]; plot(x,y); hold on;
x=[0.000000 232.000000 0.000000 0.000000]; y=[625.000000 625.000000 832.000000 625.000000]; plot(x,y); hold on;
x=[0.000000 232.000000 232.000000 0.000000]; y=[832.000000 625.000000 832.000000 832.000000]; plot(x,y); hold on;
x=[0.000000 232.000000 0.000000 0.000000]; y=[832.000000 832.000000 1039.000000 832.000000]; plot(x,y); hold on;
x=[0.000000 232.000000 232.000000 0.000000]; y=[1039.000000 832.000000 1039.000000 1039.000000]; plot(x,y); hold on;

---- Matlab B-Sys Originals ----
x=[1144.013232 1376.242049 1144.056386 1144.013232]; y=[-0.360521 -0.594674 206.639820 -0.360521]; plot(x,y); hold on;
x=[1144.056386 1376.242049 1376.285203 1144.056386]; y=[206.639820 -0.594674 206.405667 206.639820]; plot(x,y); hold on;
x=[1144.056386 1376.285203 1144.099540 1144.056386]; y=[206.639820 206.405667 413.640161 206.639820]; plot(x,y); hold on;
x=[1144.099540 1376.285203 1376.328357 1144.099540]; y=[413.640161 206.405667 413.406008 413.640161]; plot(x,y); hold on;
x=[1144.099540 1376.328357 1144.142694 1144.099540]; y=[413.640161 413.406008 620.640501 413.640161]; plot(x,y); hold on;
x=[1144.142694 1376.328357 1376.371511 1144.142694]; y=[620.640501 413.406008 620.406349 620.640501]; plot(x,y); hold on;
x=[1144.142694 1376.371511 1144.185848 1144.142694]; y=[620.640501 620.406349 827.640842 620.640501]; plot(x,y); hold on;
x=[1144.185848 1376.371511 1376.414665 1144.185848]; y=[827.640842 620.406349 827.406689 827.640842]; plot(x,y); hold on;
x=[1144.185848 1376.414665 1144.229002 1144.185848]; y=[827.640842 827.406689 1034.641183 827.640842]; plot(x,y); hold on;
x=[1144.229002 1376.414665 1376.457819 1144.229002]; y=[1034.641183 827.406689 1034.407030 1034.641183]; plot(x,y); hold on;

---- Matlab B-Sys Optimized ----
x=[1144.013232 1376.242049 1144.056386 1144.013232]; y=[-0.360521 -0.594674 206.639820 -0.360521]; plot(x,y); hold on;
x=[1144.056386 1376.242049 1376.285203 1144.056386]; y=[206.639820 -0.594674 206.405667 206.639820]; plot(x,y); hold on;
x=[1144.056386 1376.285203 1144.099540 1144.056386]; y=[206.639820 206.405667 413.640161 206.639820]; plot(x,y); hold on;
x=[1144.099540 1376.285203 1376.328357 1144.099540]; y=[413.640161 206.405667 413.406008 413.640161]; plot(x,y); hold on;
x=[1144.099540 1376.328357 1144.142694 1144.099540]; y=[413.640161 413.406008 620.640501 413.640161]; plot(x,y); hold on;
x=[1144.142694 1376.328357 1376.371511 1144.142694]; y=[620.640501 413.406008 620.406349 620.640501]; plot(x,y); hold on;
x=[1144.142694 1376.371511 1144.185848 1144.142694]; y=[620.640501 620.406349 827.640842 620.640501]; plot(x,y); hold on;
x=[1144.185848 1376.371511 1376.414665 1144.185848]; y=[827.640842 620.406349 827.406689 827.640842]; plot(x,y); hold on;
x=[1144.185848 1376.414665 1144.229002 1144.185848]; y=[827.640842 827.406689 1034.641183 827.640842]; plot(x,y); hold on;
x=[1144.229002 1376.414665 1376.457819 1144.229002]; y=[1034.641183 827.406689 1034.407030 1034.641183]; plot(x,y); hold on;

---- Deltas ----
id=     0: dx=    0.00 dy=    0.00 d=    0.00
id=     1: dx=    0.00 dy=    0.00 d=    0.00
id=     2: dx=    0.00 dy=    0.00 d=    0.00
id=     3: dx=    0.00 dy=    0.00 d=    0.00
id=     4: dx=    0.00 dy=    0.00 d=    0.00
id=     5: dx=    0.00 dy=    0.00 d=    0.00
id=     6: dx=    0.00 dy=    0.00 d=    0.00
id=     7: dx=    0.00 dy=    0.00 d=    0.00
id=     8: dx=    0.00 dy=    0.00 d=    0.00
id=     9: dx=    0.00 dy=    0.00 d=    0.00
id=    10: dx=    0.00 dy=    0.00 d=    0.00
id=    11: dx=    0.00 dy=    0.00 d=    0.00

---- Areas ----
Triangle 0, area was    24012.0, is    24035.7,    0.1%
Triangle 1, area was    24012.0, is    24035.7,    0.1%
Triangle 2, area was    24012.0, is    24035.7,    0.1%
Triangle 3, area was    24012.0, is    24035.7,    0.1%
Triangle 4, area was    24012.0, is    24035.7,    0.1%
Triangle 5, area was    24012.0, is    24035.7,    0.1%
Triangle 6, area was    24012.0, is    24035.7,    0.1%
Triangle 7, area was    24012.0, is    24035.7,    0.1%
Triangle 8, area was    24012.0, is    24035.7,    0.1%
Triangle 9, area was    24012.0, is    24035.7,    0.1%
Combined: area was   240120.0, is   240357.3,    0.1%

---- Transforms ----
 1.0010  0.0002  1144.01   -0.0010  1.0000    -4.36
 1.0010  0.0002  1144.01   -0.0010  1.0000    -4.36
 1.0010  0.0002  1144.01   -0.0010  1.0000    -4.36
 1.0010  0.0002  1144.01   -0.0010  1.0000    -4.36
 1.0010  0.0002  1144.01   -0.0010  1.0000    -4.36
 1.0010  0.0002  1144.01   -0.0010  1.0000    -4.36
 1.0010  0.0002  1144.01   -0.0010  1.0000    -4.36
 1.0010  0.0002  1144.01   -0.0010  1.0000    -4.36
 1.0010  0.0002  1144.01   -0.0010  1.0000    -4.36
 1.0010  0.0002  1144.01   -0.0010  1.0000    -4.36

---- QC - deformable ----
Remapping 1431040 points.
Metrics: DEF: Mean square difference 0.459296
Metrics: DEF: Smallest footprint deg=0, area=237820
MetricImages: Range x 0 230, y 5 1039, use Nx=232, Ny=1036
Approximate EM metric 0.068872 for 240352 points.
All points, deformable, dfm 0.068872

Metrics: TRI: Mean square difference 0.572422
Metrics: TRI: Smallest footprint deg=0, area=47380
MetricImages: Range x 0 230, y 5 211, use Nx=232, Ny=208
Approximate EM metric 0.057612 for 48256 points.
%Yellow: Tol   1.05  red   31.5  yellow   22.3  green   46.2
%Yellow: Tol   1.10  red   27.1  yellow   42.5  green   30.5
%Yellow: Tol   1.15  red   23.0  yellow   55.9  green   21.2
%Yellow: Tol   1.20  red   19.4  yellow   64.6  green   16.0
%Yellow: Tol   1.25  red   16.0  yellow   71.7  green   12.3
Triangle 0: 24000 points, corr 0.713747, fm 0.057612, yellow 0.72

Metrics: TRI: Mean square difference 0.435354
Metrics: TRI: Smallest footprint deg=0, area=46945
MetricImages: Range x 1 230, y 6 211, use Nx=230, Ny=206
Approximate EM metric 0.039586 for 47380 points.
%Yellow: Tol   1.05  red   35.5  yellow   26.3  green   38.1
%Yellow: Tol   1.10  red   28.0  yellow   45.0  green   27.1
%Yellow: Tol   1.15  red   22.3  yellow   57.4  green   20.3
%Yellow: Tol   1.20  red   17.7  yellow   65.6  green   16.7
%Yellow: Tol   1.25  red   14.0  yellow   72.2  green   13.9
Triangle 1: 23817 points, corr 0.782281, fm 0.039586, yellow 0.72

Metrics: TRI: Mean square difference 0.356361
Metrics: TRI: Smallest footprint deg=0, area=47380
MetricImages: Range x 0 230, y 212 418, use Nx=232, Ny=208
Approximate EM metric 0.027520 for 48256 points.
%Yellow: Tol   1.05  red   32.1  yellow   35.0  green   32.9
%Yellow: Tol   1.10  red   24.4  yellow   55.6  green   20.0
%Yellow: Tol   1.15  red   19.3  yellow   65.9  green   14.7
%Yellow: Tol   1.20  red   15.5  yellow   72.4  green   12.1
%Yellow: Tol   1.25  red   12.6  yellow   76.7  green   10.7
Triangle 2: 24000 points, corr 0.821778, fm 0.027520, yellow 0.77

Metrics: TRI: Mean square difference 0.506401
Metrics: TRI: Smallest footprint deg=0, area=46945
MetricImages: Range x 1 230, y 213 418, use Nx=230, Ny=206
Approximate EM metric 0.046793 for 47380 points.
%Yellow: Tol   1.05  red   38.0  yellow   22.7  green   39.3
%Yellow: Tol   1.10  red   30.8  yellow   40.7  green   28.5
%Yellow: Tol   1.15  red   24.7  yellow   54.1  green   21.1
%Yellow: Tol   1.20  red   19.6  yellow   63.8  green   16.5
%Yellow: Tol   1.25  red   15.5  yellow   70.4  green   14.1
Triangle 3: 23817 points, corr 0.746758, fm 0.046793, yellow 0.70

Metrics: TRI: Mean square difference 0.473355
Metrics: TRI: Smallest footprint deg=0, area=47380
MetricImages: Range x 0 230, y 419 625, use Nx=232, Ny=208
Approximate EM metric 0.048369 for 48256 points.
%Yellow: Tol   1.05  red   37.8  yellow   22.2  green   39.9
%Yellow: Tol   1.10  red   31.0  yellow   40.1  green   28.9
%Yellow: Tol   1.15  red   25.1  yellow   53.0  green   21.9
%Yellow: Tol   1.20  red   19.9  yellow   61.6  green   18.5
%Yellow: Tol   1.25  red   15.4  yellow   68.1  green   16.6
Triangle 4: 24000 points, corr 0.763281, fm 0.048369, yellow 0.68

Metrics: TRI: Mean square difference 0.353452
Metrics: TRI: Smallest footprint deg=0, area=46945
MetricImages: Range x 1 230, y 420 625, use Nx=230, Ny=206
Approximate EM metric 0.043037 for 47380 points.
%Yellow: Tol   1.05  red   34.1  yellow   23.8  green   42.1
%Yellow: Tol   1.10  red   26.3  yellow   43.5  green   30.2
%Yellow: Tol   1.15  red   20.8  yellow   58.3  green   20.9
%Yellow: Tol   1.20  red   16.1  yellow   71.0  green   12.9
%Yellow: Tol   1.25  red   12.3  yellow   78.4  green    9.3
Triangle 5: 23817 points, corr 0.823232, fm 0.043037, yellow 0.78

Metrics: TRI: Mean square difference 0.433283
Metrics: TRI: Smallest footprint deg=0, area=47380
MetricImages: Range x 0 230, y 626 832, use Nx=232, Ny=208
Approximate EM metric 0.042147 for 48256 points.
%Yellow: Tol   1.05  red   37.1  yellow   21.0  green   41.8
%Yellow: Tol   1.10  red   30.1  yellow   42.1  green   27.8
%Yellow: Tol   1.15  red   24.1  yellow   55.4  green   20.5
%Yellow: Tol   1.20  red   18.7  yellow   65.6  green   15.7
%Yellow: Tol   1.25  red   14.1  yellow   73.5  green   12.4
Triangle 6: 24000 points, corr 0.783317, fm 0.042147, yellow 0.74

Metrics: TRI: Mean square difference 0.477593
Metrics: TRI: Smallest footprint deg=0, area=46945
MetricImages: Range x 1 230, y 627 832, use Nx=230, Ny=206
Approximate EM metric 0.039452 for 47380 points.
%Yellow: Tol   1.05  red   35.3  yellow   17.5  green   47.2
%Yellow: Tol   1.10  red   30.1  yellow   34.7  green   35.2
%Yellow: Tol   1.15  red   24.7  yellow   50.0  green   25.3
%Yellow: Tol   1.20  red   19.1  yellow   65.1  green   15.8
%Yellow: Tol   1.25  red   14.5  yellow   75.6  green    9.9
Triangle 7: 23817 points, corr 0.761161, fm 0.039452, yellow 0.76

Metrics: TRI: Mean square difference 0.557042
Metrics: TRI: Smallest footprint deg=0, area=47380
MetricImages: Range x 0 230, y 833 1039, use Nx=232, Ny=208
Approximate EM metric 0.047032 for 48256 points.
%Yellow: Tol   1.05  red   35.5  yellow   11.7  green   52.8
%Yellow: Tol   1.10  red   30.7  yellow   22.9  green   46.5
%Yellow: Tol   1.15  red   26.2  yellow   39.4  green   34.4
%Yellow: Tol   1.20  red   21.7  yellow   62.7  green   15.6
%Yellow: Tol   1.25  red   17.4  yellow   75.3  green    7.3
Triangle 8: 24000 points, corr 0.721438, fm 0.047032, yellow 0.75

Metrics: TRI: Mean square difference 0.511365
Metrics: TRI: Smallest footprint deg=0, area=46945
MetricImages: Range x 1 230, y 834 1039, use Nx=230, Ny=206
Approximate EM metric 0.031506 for 47380 points.
%Yellow: Tol   1.05  red   37.6  yellow    9.5  green   52.9
%Yellow: Tol   1.10  red   32.3  yellow   22.9  green   44.8
%Yellow: Tol   1.15  red   26.8  yellow   41.3  green   31.9
%Yellow: Tol   1.20  red   20.9  yellow   61.5  green   17.6
%Yellow: Tol   1.25  red   15.7  yellow   76.9  green    7.4
Triangle 9: 23817 points, corr 0.744275, fm 0.031506, yellow 0.77


---- Final reports ----
STAT: Overall 239085 points, corr 0.7699, EMM 0.0689, weighted EMM 0.0423, cor+dfm 0.8387, weighted yellow 0.7388

Angle span: min, max, delta = -0.000609 -0.000609 0.000000
Mesh-Thm: 0.0010  0.0002     0.13    0.0010  0.0000     0.22 2x(LDR,LDC)=(0.20,200.00) -- OK.

Final remapping of 1431040 points.
Center 74.283439 70.278758:  1.0010  0.0002  1144.01   -0.0010  1.0000    -4.36
Mapping region 1 xy= 74.283439 70.278758 to region 1 xy= 1218.383752 65.843373
Center 142.554732 147.403385:  1.0010  0.0002  1144.01   -0.0010  1.0000    -4.36
Mapping region 1 xy= 142.554732 147.403385 to region 1 xy= 1286.738459 142.899222
Center 71.158730 274.490764:  1.0010  0.0002  1144.01   -0.0010  1.0000    -4.36
Mapping region 1 xy= 71.158730 274.490764 to region 1 xy= 1215.298535 270.058869
Center 140.566521 355.290367:  1.0010  0.0002  1144.01   -0.0010  1.0000    -4.36
Mapping region 1 xy= 140.566521 355.290367 to region 1 xy= 1284.791625 350.788553
Center 75.805603 485.636896:  1.0010  0.0002  1144.01   -0.0010  1.0000    -4.36
Mapping region 1 xy= 75.805603 485.636896 to region 1 xy= 1219.994009 481.200658
Center 149.481888 558.313037:  1.0010  0.0002  1144.01   -0.0010  1.0000    -4.36
Mapping region 1 xy= 149.481888 558.313037 to region 1 xy= 1293.758110 553.802560
Center 71.392358 688.699216:  1.0010  0.0002  1144.01   -0.0010  1.0000    -4.36
Mapping region 1 xy= 71.392358 688.699216 to region 1 xy= 1215.618744 684.267767
Center 150.370418 764.916646:  1.0010  0.0002  1144.01   -0.0010  1.0000    -4.36
Mapping region 1 xy= 150.370418 764.916646 to region 1 xy= 1294.690588 760.405611
Center 73.049299 897.177607:  1.0010  0.0002  1144.01   -0.0010  1.0000    -4.36
Mapping region 1 xy= 73.049299 897.177607 to region 1 xy= 1217.320782 892.744829
Center 147.282926 973.294040:  1.0010  0.0002  1144.01   -0.0010  1.0000    -4.36
Mapping region 1 xy= 147.282926 973.294040 to region 1 xy= 1291.643491 968.786465

Pipe: Returning 10 total transforms.

---- Summary Region-region results ----
Pipe: Table Headers {Az t r Bz t r thmok ntri}
FOUND:     1    1   1      1   12   1   1  10

---- Tabulating point matches ----
Tabulate: Rgn 1 -> 1: Keeping 10 of 10 point-pairs.

Timer: Alignment took 1.360 seconds.

main: Got 10 mapping regions.
main: Transform   0:  1.0010  0.0002  1144.01   -0.0010  1.0000    -4.36
main: Transform   1:  1.0010  0.0002  1144.01   -0.0010  1.0000    -4.36
main: Transform   2:  1.0010  0.0002  1144.01   -0.0010  1.0000    -4.36
main: Transform   3:  1.0010  0.0002  1144.01   -0.0010  1.0000    -4.36
main: Transform   4:  1.0010  0.0002  1144.01   -0.0010  1.0000    -4.36
main: Transform   5:  1.0010  0.0002  1144.01   -0.0010  1.0000    -4.36
main: Transform   6:  1.0010  0.0002  1144.01   -0.0010  1.0000    -4.36
main: Transform   7:  1.0010  0.0002  1144.01   -0.0010  1.0000    -4.36
main: Transform   8:  1.0010  0.0002  1144.01   -0.0010  1.0000    -4.36
main: Transform   9:  1.0010  0.0002  1144.01   -0.0010  1.0000    -4.36

main: Average:  1.0010  0.0002     0.00   -0.0010  1.0000     0.00
main: Degrees: -0.0348688
main: Residue:  1.0010 -0.0004     0.00   -0.0004  1.0000     0.00

main: Inverse:  0.9990 -0.0002    -0.00    0.0010  1.0000    -0.00
main: Degrees: 0.0348688
main: Residue:  0.9990  0.0004     0.00    0.0004  1.0000     0.00

main: Normal completion for dmesh run.
Timer: Total took 1.610 seconds.

---- Memory ----
Host name: h07u29.int.janelia.org
PID:       34901
User time:       1 seconds.
System time:     0 seconds.
VmPeak:	  379972 kB
VmSize:	  207696 kB
VmLck:	       0 kB
VmPin:	       0 kB
VmHWM:	  215780 kB
VmRSS:	   43120 kB
VmData:	   38300 kB
VmStk:	     164 kB
VmExe:	     832 kB
VmLib:	   85564 kB
VmPTE:	     336 kB
VmSwap:	       0 kB
voluntary_ctxt_switches:	18
nonvoluntary_ctxt_switches:	20

