
---- dmesh start ----
main: Start: Fri Sep 30 13:13:21 2016


---- Match parameters ----
PXBRO=2            <default 2>        "Max Legendre poly order for bkg removal"
PXLENS=N           <default N>        "Y=Apply IDB/lens.txt"
PXRESMSK=N         <default N>        "Y=Apply resin mask"
PXDOG=N            <default N>        "Y=Apply DoG filter"
PXDOG_R1=3         <default 3>        "DoG inner radius"
PXDOG_R2=6         <default 6>        "DoG outer radius"
FLD=N              <default X>        "Mask usage: Y=Use, N=None, X=XL only"
PRETWEAK=N         <default N>        "Y=Auto-distort before angle scan"
SCALE=1            <default 1.0>      "Image-B / image-A scale factor"
XSCALE=1           <default 1.0>      "Image-B / image-A x-axis scale factor"
YSCALE=1           <default 1.0>      "Image-B / image-A y-axis scale factor"
SKEW=0             <default 0.0>      "Transform elem[3] user-applied distortion"
MODE_SL=M          <default Z>        "Notes above"
MODE_XL=N          <default Y>        "Notes above"
TAB2DFM_SL=N       <default Y>        "Adopt Tdfm from Tab"
TAB2DFM_XL=Y       <default Y>        "Adopt Tdfm from Tab"
XYCONF_SL=1.0      <default 0.0>      "[0,1.0] confidence in Tab XY"
XYCONF_XL=0.8      <default 0.0>      "[0,1.0] confidence in Tab XY"
THMDEC_SL=8        <default 8>        "2^N thumb decimation factor"
THMDEC_XL=8        <default 8>        "2^N thumb decimation factor"
OLAP1D_SL=0        <default 0>        "Min 1D pix full-size overlap"
OLAP1D_XL=0        <default 0>        "Min 1D pix full-size overlap"
OLAP2D_SL=60000    <default 25000>    "Min 2D pix full-size overlap"
OLAP2D_XL=160000   <default 200000>   "Min 2D pix full-size overlap"
NBMXHT_SL=0.75     <default 0.75>     "Max F(neib)/F(pk) in guard zone"
NBMXHT_XL=0.75     <default 0.75>     "Max F(neib)/F(pk) in guard zone"
HFANGDN_SL=5       <default 5.0>      "Half angle search range denovo"
HFANGDN_XL=45      <default 45.0>     "Half angle search range denovo"
HFANGPR_SL=1       <default 1.0>      "Half angle search range prior angles"
HFANGPR_XL=4       <default 1.0>      "Half angle search range prior angles"
RTRSH_SL=0.3       <default 0.3>      "R corr thresh"
RTRSH_XL=0.3       <default 0.3>      "R corr thresh"
TWEAKS=N           <default N>        "Y=Try 8 near unity distortions"
LIMXY_SL=30        <default 0>        "0 or Max XY delta from Tab"
LIMXY_XL=80        <default 0>        "0 or Max XY delta from Tab"
WTHMPR=Y           <default Y>        "Y=Write ThmPair_a^b.txt entries"
OPT_SL=Y           <default Y(EM)>    "Y=Enable mesh optimizer"
RIT_SL=0.50        <default 0.20>     "Min mesh starting corr"
RIT_XL=0.1         <default 0.20>     "Min mesh starting corr"
RFA_SL=0.55        <default 0.3>      "Affine-only final corr"
RFA_XL=0.20        <default 0.3>      "Affine-only final corr"
RFT_SL=0.65        <default 0.5>      "Full mesh final corr"
RFT_XL=0.25        <default 0.5>      "Full mesh final corr"
TMC=5              <default 30.0%>    "Max single triangle area change"
TSC=9              <default 9.0%>     "Max summed triangle area change"
MNL=250            <default 300>      "Triangle edges between MNL and 2*MNL"
MTA=120000         <default 10000>    "Min triangle size (pixels)"
MMA=60000          <default 100000>   "Min 2D overlap for mesh"
ONE=N              <default N>        "Y=Use just one affine transform"
IFM=0.50           <default 0.50>     "Min Fourier Metric after affine-only"
FFM=0.65           <default 0.65>     "Min Fourier Metric after full mesh"
FYL=0.5            <default 0.50>     "Min fraction of yellow pixels"
CPD=0.5            <default 0.50>     "Min Correlation + DFM"
EMM=Y              <default Y>        "Y=Use Earth Mover's Metric, N=Use Fourier"
EMT=0.14           <default 0.2>      "Earth Movers Metric thresh"
WDI=N              <default N>        "Y=Write diff images (Fourier, EMM metrics)"
LDA=0.2            <default 0.2>      "Max radian delta between triangles"
LDR=0.1            <default 0.1>      "Max sine delta between triangles"
LDC=100            <default 100.0>    "Max XY delta between triangles"
DXY=100            <default 100.0>    "Max delta from user input XYs"
WMT=N              <default Y>        "Y=Write map.tif files"
WTT=N              <default Y>        "Y=Write tf.txt files"


---- Input images ----
Til2Img entry: A T=[ 1.0000  0.0000  1142.00  0.0000  1.0000   857.00] path=[/groups/apig/tomo/DEMO/TIF/B1_1_2.tif].
Til2Img entry: B T=[ 1.0000  0.0000  1142.00  0.0000  1.0000     0.00] path=[/groups/apig/tomo/DEMO/TIF/B1_0_2.tif].


---- Command-line overrides ----
Tdfm= 1.0000  0.0000     0.00    0.0000  1.0000     0.00
FLD=N
MODE=N (was M)
CTR=0


---- Image loading ----
Raster8FromTif: Opening [/groups/apig/tomo/DEMO/TIF/B1_1_2.tif].
Raster8FromTif: Bits per sample 8, samples per pixel 1
Raster8FromTif: Picture is 1376 by 1040, 1431040 pixels total.
TIF(8): Last Encoded strip had 1376 bytes.
Raster8FromTif: Opening [/groups/apig/tomo/DEMO/TIF/B1_0_2.tif].
Raster8FromTif: Bits per sample 8, samples per pixel 1
Raster8FromTif: Picture is 1376 by 1040, 1431040 pixels total.
TIF(8): Last Encoded strip had 1376 bytes.
PixPair: Using image scale=1.
Timer: Image conditioning took 0.250 seconds.

---- Foldmaps ----

---- Connected regions ----
Forcing single connected region.

---- Begin A-1 to B-1 ----

---- Thumbnail matching ----
Subimage: Using intersection, w=1376, h=183, pix=251808
Thumbs: After decimation 3956 pts, reqArea 937, thmscl 8
SetDisc( 0, 0, 3, 3 )
Initial: R= 5.038, A=   0.000, X=    0.25, Y=    0.06
Peak-Disc: dR 2 dX 1 dY 0
Approx: LowRes  R=5.038, X=1.964, Y=0.479
Approx: FullRes R=1.301, X=2.975, Y=0.265, use=Y.
Timer: FinishAtFullRes took 0.250 seconds.
Approx: Returning A=0.000000, R=5.037747, X=2.975209, Y=857.265107
Approx: Best transform  1.0000  0.0000     2.98    0.0000  1.0000   857.27
Approx: Orig transform  1.0000  0.0000     0.00    0.0000  1.0000   857.00
Approx: Idnt transform  1.0000  0.0000     2.98    0.0000  1.0000     0.27
Approx: err = 2.987, max = 30

---- Starting detailed region mapping ----
Roughly 251442 pixels map to B.
Region size is [0 1373] in x, [0 182] in y.

---- Building mesh - affine ----
Computed simple triangle.

---- ImproveMesh - affine ----
Tri: (0 0) (1373 0) (686 182).

---- Matlab Vertices ----
x=[0 1373 686 0]; y=[0 0 182 0]; plot(x,y); hold on;

---- ImproveControlPts ----
STAT: ImproveCpt: Initial affine correlation 0.766960 (251442 pixels).
corr=0.766960	step=10.000000
corr=0.766960	step=5.000000
corr=0.766960	step=2.500000
corr=0.766960	step=1.250000
corr=0.789190	step=1.250000
corr=0.789190	step=0.625000
corr=0.802852	step=0.625000
corr=0.802852	step=0.312500
corr=0.802852	step=0.156250
corr=0.802852	step=0.078125
STAT: ImproveCpt: Final affine correlation 0.802852, (threshold 0.550000).

---- Matlab A-Sys Originals ----
x=[0.000000 1373.000000 686.000000 0.000000]; y=[0.000000 0.000000 182.000000 0.000000]; plot(x,y); hold on;

---- Matlab B-Sys Originals ----
x=[2.975209 1375.975209 688.975209 2.975209]; y=[857.265107 857.265107 1039.265107 857.265107]; plot(x,y); hold on;

---- Matlab B-Sys Optimized ----
x=[3.156473 1376.301952 689.477802 3.156473]; y=[857.447815 857.387554 1039.503440 857.447815]; plot(x,y); hold on;

---- Deltas ----
id=     0: dx=    0.18 dy=    0.18 d=    0.26
id=     1: dx=    0.33 dy=    0.12 d=    0.35
id=     2: dx=    0.50 dy=    0.24 d=    0.56

---- Areas ----
Triangle 0, area was   124943.0, is   125015.1,    0.1%
Combined: area was   124943.0, is   125015.1,    0.1%

---- Transforms ----
 1.0001  0.0014     3.16   -0.0000  1.0005   857.45
Best affine transform:  1.0001  0.0014     3.16   -0.0000  1.0005   857.45
    Inverse transform:  0.9999 -0.0014    -1.99    0.0000  0.9995  -857.04

---- QC - affine ----
Metrics: AFF: Mean square difference 0.393374
Metrics: AFF: Smallest footprint deg=0, area=248151
MetricImages: Range x 0 1371, y 0 181, use Nx=1372, Ny=182
Approximate EM metric 0.059940 for 249704 points.
%Yellow: Tol   1.05  red   37.1  yellow   27.6  green   35.3
%Yellow: Tol   1.10  red   27.2  yellow   47.0  green   25.8
%Yellow: Tol   1.15  red   20.5  yellow   59.7  green   19.8
%Yellow: Tol   1.20  red   15.2  yellow   69.4  green   15.5
%Yellow: Tol   1.25  red   10.1  yellow   77.6  green   12.2
Affine Triangle: 249704 points, corr 0.803309, fm 0.059940, yellow 0.78

---- Building mesh - deformable ----
Lx Dx Nx:  1373   228.00   6
Ly Dy Ny:   182   182.00   1

STAT: From 251442 pts, got 12 triangles, 14 control points.
Timer: MeshCreate took 0.010 seconds.

---- ImproveMesh - deformable mesh ----
Tri: (0 0) (228 0) (0 182).
Tri: (0 182) (228 0) (228 182).
Tri: (228 0) (456 0) (228 182).
Tri: (228 182) (456 0) (456 182).
Tri: (456 0) (684 0) (456 182).
Tri: (456 182) (684 0) (684 182).
Tri: (684 0) (912 0) (684 182).
Tri: (684 182) (912 0) (912 182).
Tri: (912 0) (1140 0) (912 182).
Tri: (912 182) (1140 0) (1140 182).
Tri: (1140 0) (1373 0) (1140 182).
Tri: (1140 182) (1373 0) (1373 182).

---- Matlab Vertices ----
x=[0 228 0 0]; y=[0 0 182 0]; plot(x,y); hold on;
x=[0 228 228 0]; y=[182 0 182 182]; plot(x,y); hold on;
x=[228 456 228 228]; y=[0 0 182 0]; plot(x,y); hold on;
x=[228 456 456 228]; y=[182 0 182 182]; plot(x,y); hold on;
x=[456 684 456 456]; y=[0 0 182 0]; plot(x,y); hold on;
x=[456 684 684 456]; y=[182 0 182 182]; plot(x,y); hold on;
x=[684 912 684 684]; y=[0 0 182 0]; plot(x,y); hold on;
x=[684 912 912 684]; y=[182 0 182 182]; plot(x,y); hold on;
x=[912 1140 912 912]; y=[0 0 182 0]; plot(x,y); hold on;
x=[912 1140 1140 912]; y=[182 0 182 182]; plot(x,y); hold on;
x=[1140 1373 1140 1140]; y=[0 0 182 0]; plot(x,y); hold on;
x=[1140 1373 1373 1140]; y=[182 0 182 182]; plot(x,y); hold on;

---- ImproveControlPts ----
STAT: ImproveCpt: Initial deformable mesh correlation 0.802852 (251442 pixels).
corr=0.802852	step=10.000000
corr=0.802852	step=5.000000
corr=0.802852	step=2.500000
corr=0.802852	step=1.250000
corr=0.802852	step=0.625000
STAT: ImproveCpt: Final deformable mesh correlation 0.802852, (threshold 0.650000).

---- Matlab A-Sys Originals ----
x=[0.000000 228.000000 0.000000 0.000000]; y=[0.000000 0.000000 182.000000 0.000000]; plot(x,y); hold on;
x=[0.000000 228.000000 228.000000 0.000000]; y=[182.000000 0.000000 182.000000 182.000000]; plot(x,y); hold on;
x=[228.000000 456.000000 228.000000 228.000000]; y=[0.000000 0.000000 182.000000 0.000000]; plot(x,y); hold on;
x=[228.000000 456.000000 456.000000 228.000000]; y=[182.000000 0.000000 182.000000 182.000000]; plot(x,y); hold on;
x=[456.000000 684.000000 456.000000 456.000000]; y=[0.000000 0.000000 182.000000 0.000000]; plot(x,y); hold on;
x=[456.000000 684.000000 684.000000 456.000000]; y=[182.000000 0.000000 182.000000 182.000000]; plot(x,y); hold on;
x=[684.000000 912.000000 684.000000 684.000000]; y=[0.000000 0.000000 182.000000 0.000000]; plot(x,y); hold on;
x=[684.000000 912.000000 912.000000 684.000000]; y=[182.000000 0.000000 182.000000 182.000000]; plot(x,y); hold on;
x=[912.000000 1140.000000 912.000000 912.000000]; y=[0.000000 0.000000 182.000000 0.000000]; plot(x,y); hold on;
x=[912.000000 1140.000000 1140.000000 912.000000]; y=[182.000000 0.000000 182.000000 182.000000]; plot(x,y); hold on;
x=[1140.000000 1373.000000 1140.000000 1140.000000]; y=[0.000000 0.000000 182.000000 0.000000]; plot(x,y); hold on;
x=[1140.000000 1373.000000 1373.000000 1140.000000]; y=[182.000000 0.000000 182.000000 182.000000]; plot(x,y); hold on;

---- Matlab B-Sys Originals ----
x=[3.156473 231.180631 3.405116 3.156473]; y=[857.447815 857.437808 1039.533549 857.447815]; plot(x,y); hold on;
x=[3.405116 231.180631 231.429274 3.405116]; y=[1039.533549 857.437808 1039.523542 1039.533549]; plot(x,y); hold on;
x=[231.180631 459.204790 231.429274 231.180631]; y=[857.437808 857.427801 1039.523542 857.437808]; plot(x,y); hold on;
x=[231.429274 459.204790 459.453432 231.429274]; y=[1039.523542 857.427801 1039.513535 1039.523542]; plot(x,y); hold on;
x=[459.204790 687.228948 459.453432 459.204790]; y=[857.427801 857.417794 1039.513535 857.427801]; plot(x,y); hold on;
x=[459.453432 687.228948 687.477590 459.453432]; y=[1039.513535 857.417794 1039.503528 1039.513535]; plot(x,y); hold on;
x=[687.228948 915.253106 687.477590 687.228948]; y=[857.417794 857.407787 1039.503528 857.417794]; plot(x,y); hold on;
x=[687.477590 915.253106 915.501748 687.477590]; y=[1039.503528 857.407787 1039.493521 1039.503528]; plot(x,y); hold on;
x=[915.253106 1143.277264 915.501748 915.253106]; y=[857.407787 857.397780 1039.493521 857.407787]; plot(x,y); hold on;
x=[915.501748 1143.277264 1143.525907 915.501748]; y=[1039.493521 857.397780 1039.483514 1039.493521]; plot(x,y); hold on;
x=[1143.277264 1376.301952 1143.525907 1143.277264]; y=[857.397780 857.387554 1039.483514 857.397780]; plot(x,y); hold on;
x=[1143.525907 1376.301952 1376.550595 1143.525907]; y=[1039.483514 857.387554 1039.473288 1039.483514]; plot(x,y); hold on;

---- Matlab B-Sys Optimized ----
x=[3.156473 231.180631 3.405116 3.156473]; y=[857.447815 857.437808 1039.533549 857.447815]; plot(x,y); hold on;
x=[3.405116 231.180631 231.429274 3.405116]; y=[1039.533549 857.437808 1039.523542 1039.533549]; plot(x,y); hold on;
x=[231.180631 459.204790 231.429274 231.180631]; y=[857.437808 857.427801 1039.523542 857.437808]; plot(x,y); hold on;
x=[231.429274 459.204790 459.453432 231.429274]; y=[1039.523542 857.427801 1039.513535 1039.523542]; plot(x,y); hold on;
x=[459.204790 687.228948 459.453432 459.204790]; y=[857.427801 857.417794 1039.513535 857.427801]; plot(x,y); hold on;
x=[459.453432 687.228948 687.477590 459.453432]; y=[1039.513535 857.417794 1039.503528 1039.513535]; plot(x,y); hold on;
x=[687.228948 915.253106 687.477590 687.228948]; y=[857.417794 857.407787 1039.503528 857.417794]; plot(x,y); hold on;
x=[687.477590 915.253106 915.501748 687.477590]; y=[1039.503528 857.407787 1039.493521 1039.503528]; plot(x,y); hold on;
x=[915.253106 1143.277264 915.501748 915.253106]; y=[857.407787 857.397780 1039.493521 857.407787]; plot(x,y); hold on;
x=[915.501748 1143.277264 1143.525907 915.501748]; y=[1039.493521 857.397780 1039.483514 1039.493521]; plot(x,y); hold on;
x=[1143.277264 1376.301952 1143.525907 1143.277264]; y=[857.397780 857.387554 1039.483514 857.397780]; plot(x,y); hold on;
x=[1143.525907 1376.301952 1376.550595 1143.525907]; y=[1039.483514 857.387554 1039.473288 1039.483514]; plot(x,y); hold on;

---- Deltas ----
id=     0: dx=    0.00 dy=    0.00 d=    0.00
id=     1: dx=    0.00 dy=    0.00 d=    0.00
id=     2: dx=    0.00 dy=    0.00 d=    0.00
id=     3: dx=    0.00 dy=    0.00 d=    0.00
id=     4: dx=    0.00 dy=    0.00 d=    0.00
id=     5: dx=    0.00 dy=    0.00 d=    0.00
id=     6: dx=    0.00 dy=    0.00 d=    0.00
id=     7: dx=    0.00 dy=    0.00 d=    0.00
id=     8: dx=    0.00 dy=    0.00 d=    0.00
id=     9: dx=    0.00 dy=    0.00 d=    0.00
id=    10: dx=    0.00 dy=    0.00 d=    0.00
id=    11: dx=    0.00 dy=    0.00 d=    0.00
id=    12: dx=    0.00 dy=    0.00 d=    0.00
id=    13: dx=    0.00 dy=    0.00 d=    0.00

---- Areas ----
Triangle 0, area was    20748.0, is    20760.0,    0.1%
Triangle 1, area was    20748.0, is    20760.0,    0.1%
Triangle 2, area was    20748.0, is    20760.0,    0.1%
Triangle 3, area was    20748.0, is    20760.0,    0.1%
Triangle 4, area was    20748.0, is    20760.0,    0.1%
Triangle 5, area was    20748.0, is    20760.0,    0.1%
Triangle 6, area was    20748.0, is    20760.0,    0.1%
Triangle 7, area was    20748.0, is    20760.0,    0.1%
Triangle 8, area was    20748.0, is    20760.0,    0.1%
Triangle 9, area was    20748.0, is    20760.0,    0.1%
Triangle 10, area was    21203.0, is    21215.2,    0.1%
Triangle 11, area was    21203.0, is    21215.2,    0.1%
Combined: area was   249886.0, is   250030.2,    0.1%

---- Transforms ----
 1.0001  0.0014     3.16   -0.0000  1.0005   857.45
 1.0001  0.0014     3.16   -0.0000  1.0005   857.45
 1.0001  0.0014     3.16   -0.0000  1.0005   857.45
 1.0001  0.0014     3.16   -0.0000  1.0005   857.45
 1.0001  0.0014     3.16   -0.0000  1.0005   857.45
 1.0001  0.0014     3.16   -0.0000  1.0005   857.45
 1.0001  0.0014     3.16   -0.0000  1.0005   857.45
 1.0001  0.0014     3.16   -0.0000  1.0005   857.45
 1.0001  0.0014     3.16   -0.0000  1.0005   857.45
 1.0001  0.0014     3.16   -0.0000  1.0005   857.45
 1.0001  0.0014     3.16   -0.0000  1.0005   857.45
 1.0001  0.0014     3.16   -0.0000  1.0005   857.45

---- QC - deformable ----
Remapping 1431040 points.
Metrics: DEF: Mean square difference 0.393374
Metrics: DEF: Smallest footprint deg=0, area=248151
MetricImages: Range x 0 1371, y 0 181, use Nx=1372, Ny=182
Approximate EM metric 0.059940 for 249704 points.
All points, deformable, dfm 0.059940

Metrics: TRI: Mean square difference 0.631534
Metrics: TRI: Smallest footprint deg=0, area=41268
MetricImages: Range x 0 228, y 0 181, use Nx=230, Ny=182
Approximate EM metric 0.043819 for 41860 points.
%Yellow: Tol   1.05  red   40.1  yellow   21.6  green   38.3
%Yellow: Tol   1.10  red   31.8  yellow   37.0  green   31.2
%Yellow: Tol   1.15  red   25.9  yellow   48.2  green   25.9
%Yellow: Tol   1.20  red   21.2  yellow   57.3  green   21.5
%Yellow: Tol   1.25  red   17.4  yellow   64.8  green   17.8
Triangle 0: 20954 points, corr 0.684185, fm 0.043819, yellow 0.65

Metrics: TRI: Mean square difference 0.467196
Metrics: TRI: Smallest footprint deg=0, area=40680
MetricImages: Range x 2 228, y 1 181, use Nx=228, Ny=182
Approximate EM metric 0.026598 for 41496 points.
%Yellow: Tol   1.05  red   37.1  yellow   26.9  green   35.9
%Yellow: Tol   1.10  red   27.0  yellow   47.1  green   25.9
%Yellow: Tol   1.15  red   20.4  yellow   59.2  green   20.4
%Yellow: Tol   1.20  red   15.4  yellow   67.4  green   17.2
%Yellow: Tol   1.25  red   12.3  yellow   72.9  green   14.8
Triangle 1: 20724 points, corr 0.766354, fm 0.026598, yellow 0.73

Metrics: TRI: Mean square difference 0.489027
Metrics: TRI: Smallest footprint deg=0, area=41087
MetricImages: Range x 229 456, y 0 181, use Nx=228, Ny=182
Approximate EM metric 0.037182 for 41496 points.
%Yellow: Tol   1.05  red   37.7  yellow   25.3  green   37.0
%Yellow: Tol   1.10  red   28.7  yellow   42.9  green   28.4
%Yellow: Tol   1.15  red   22.5  yellow   54.5  green   23.1
%Yellow: Tol   1.20  red   17.5  yellow   63.7  green   18.8
%Yellow: Tol   1.25  red   14.1  yellow   70.8  green   15.1
Triangle 2: 20772 points, corr 0.755438, fm 0.037182, yellow 0.71

Metrics: TRI: Mean square difference 0.463791
Metrics: TRI: Smallest footprint deg=0, area=40680
MetricImages: Range x 230 456, y 1 181, use Nx=228, Ny=182
Approximate EM metric 0.030297 for 41496 points.
%Yellow: Tol   1.05  red   37.2  yellow   25.8  green   37.0
%Yellow: Tol   1.10  red   27.9  yellow   44.0  green   28.1
%Yellow: Tol   1.15  red   21.1  yellow   56.2  green   22.7
%Yellow: Tol   1.20  red   16.3  yellow   65.4  green   18.3
%Yellow: Tol   1.25  red   12.8  yellow   72.6  green   14.6
Triangle 3: 20724 points, corr 0.768056, fm 0.030297, yellow 0.73

Metrics: TRI: Mean square difference 0.371850
Metrics: TRI: Smallest footprint deg=0, area=41087
MetricImages: Range x 457 684, y 0 181, use Nx=228, Ny=182
Approximate EM metric 0.033488 for 41496 points.
%Yellow: Tol   1.05  red   35.8  yellow   31.1  green   33.0
%Yellow: Tol   1.10  red   26.6  yellow   49.1  green   24.4
%Yellow: Tol   1.15  red   19.2  yellow   61.6  green   19.2
%Yellow: Tol   1.20  red   14.2  yellow   70.1  green   15.7
%Yellow: Tol   1.25  red    9.5  yellow   78.0  green   12.5
Triangle 4: 20772 points, corr 0.814027, fm 0.033488, yellow 0.78

Metrics: TRI: Mean square difference 0.456375
Metrics: TRI: Smallest footprint deg=0, area=40680
MetricImages: Range x 458 684, y 1 181, use Nx=228, Ny=182
Approximate EM metric 0.031536 for 41496 points.
%Yellow: Tol   1.05  red   38.8  yellow   24.8  green   36.4
%Yellow: Tol   1.10  red   29.2  yellow   43.1  green   27.7
%Yellow: Tol   1.15  red   20.9  yellow   58.0  green   21.0
%Yellow: Tol   1.20  red   12.8  yellow   71.3  green   15.9
%Yellow: Tol   1.25  red    9.9  yellow   78.3  green   11.9
Triangle 5: 20724 points, corr 0.771764, fm 0.031536, yellow 0.78

Metrics: TRI: Mean square difference 0.405038
Metrics: TRI: Smallest footprint deg=0, area=41087
MetricImages: Range x 685 912, y 0 181, use Nx=228, Ny=182
Approximate EM metric 0.031829 for 41496 points.
%Yellow: Tol   1.05  red   41.2  yellow   26.0  green   32.8
%Yellow: Tol   1.10  red   26.6  yellow   49.3  green   24.1
%Yellow: Tol   1.15  red   14.1  yellow   67.3  green   18.6
%Yellow: Tol   1.20  red   10.7  yellow   75.0  green   14.2
%Yellow: Tol   1.25  red    8.4  yellow   80.9  green   10.8
Triangle 6: 20772 points, corr 0.797433, fm 0.031829, yellow 0.81

Metrics: TRI: Mean square difference 0.380112
Metrics: TRI: Smallest footprint deg=0, area=40680
MetricImages: Range x 686 912, y 1 181, use Nx=228, Ny=182
Approximate EM metric 0.034392 for 41496 points.
%Yellow: Tol   1.05  red   38.2  yellow   27.9  green   34.0
%Yellow: Tol   1.10  red   26.5  yellow   49.2  green   24.3
%Yellow: Tol   1.15  red   13.6  yellow   68.5  green   17.9
%Yellow: Tol   1.20  red   10.8  yellow   76.0  green   13.2
%Yellow: Tol   1.25  red    8.5  yellow   81.7  green    9.8
Triangle 7: 20724 points, corr 0.809896, fm 0.034392, yellow 0.82

Metrics: TRI: Mean square difference 0.441810
Metrics: TRI: Smallest footprint deg=0, area=41087
MetricImages: Range x 913 1140, y 0 181, use Nx=228, Ny=182
Approximate EM metric 0.038163 for 41496 points.
%Yellow: Tol   1.05  red   36.0  yellow   25.0  green   39.0
%Yellow: Tol   1.10  red   27.5  yellow   45.1  green   27.4
%Yellow: Tol   1.15  red   21.0  yellow   58.0  green   21.0
%Yellow: Tol   1.20  red   16.6  yellow   66.6  green   16.7
%Yellow: Tol   1.25  red   13.2  yellow   73.3  green   13.5
Triangle 8: 20772 points, corr 0.779047, fm 0.038163, yellow 0.73

Metrics: TRI: Mean square difference 0.464312
Metrics: TRI: Smallest footprint deg=0, area=40680
MetricImages: Range x 914 1140, y 1 181, use Nx=228, Ny=182
Approximate EM metric 0.051364 for 41496 points.
%Yellow: Tol   1.05  red   36.6  yellow   25.8  green   37.6
%Yellow: Tol   1.10  red   27.4  yellow   47.0  green   25.7
%Yellow: Tol   1.15  red   20.9  yellow   60.1  green   19.0
%Yellow: Tol   1.20  red   16.4  yellow   68.6  green   15.0
%Yellow: Tol   1.25  red   12.9  yellow   74.6  green   12.4
Triangle 9: 20724 points, corr 0.767796, fm 0.051364, yellow 0.75

Metrics: TRI: Mean square difference 0.230800
Metrics: TRI: Smallest footprint deg=0, area=41630
MetricImages: Range x 1141 1371, y 0 181, use Nx=232, Ny=182
Approximate EM metric 0.036376 for 42224 points.
%Yellow: Tol   1.05  red   31.9  yellow   38.4  green   29.7
%Yellow: Tol   1.10  red   18.4  yellow   63.6  green   18.0
%Yellow: Tol   1.15  red   12.4  yellow   75.5  green   12.1
%Yellow: Tol   1.20  red    8.9  yellow   82.1  green    9.0
%Yellow: Tol   1.25  red    6.7  yellow   86.1  green    7.3
Triangle 10: 21227 points, corr 0.884553, fm 0.036376, yellow 0.86

Metrics: TRI: Mean square difference 0.240304
Metrics: TRI: Smallest footprint deg=0, area=40991
MetricImages: Range x 1142 1371, y 2 181, use Nx=230, Ny=180
Approximate EM metric 0.058568 for 41400 points.
%Yellow: Tol   1.05  red   29.0  yellow   40.1  green   30.9
%Yellow: Tol   1.10  red   19.2  yellow   59.8  green   21.0
%Yellow: Tol   1.15  red   14.4  yellow   70.4  green   15.2
%Yellow: Tol   1.20  red   11.2  yellow   77.6  green   11.2
%Yellow: Tol   1.25  red    8.6  yellow   83.0  green    8.5
Triangle 11: 20815 points, corr 0.879800, fm 0.058568, yellow 0.83


---- Final reports ----
STAT: Overall 249704 points, corr 0.8029, EMM 0.0599, weighted EMM 0.0378, cor+dfm 0.8628, weighted yellow 0.7642

Angle span: min, max, delta = -0.000705 -0.000705 0.000000
Mesh-Thm: 0.0001  0.0014     0.18    0.0000  0.0005     0.18 2x(LDR,LDC)=(0.20,200.00) -- OK.

Final remapping of 1431040 points.
Center 73.002690 58.274077:  1.0001  0.0014     3.16   -0.0000  1.0005   857.45
Mapping region 1 xy= 73.002690 58.274077 to region 1 xy= 76.246510 915.746138
Center 140.096892 126.084135:  1.0001  0.0014     3.16   -0.0000  1.0005   857.45
Mapping region 1 xy= 140.096892 126.084135 to region 1 xy= 143.440461 983.585195
Center 297.931856 55.822797:  1.0001  0.0014     3.16   -0.0000  1.0005   857.45
Mapping region 1 xy= 297.931856 55.822797 to region 1 xy= 301.196160 913.283832
Center 366.142960 126.863994:  1.0001  0.0014     3.16   -0.0000  1.0005   857.45
Mapping region 1 xy= 366.142960 126.863994 to region 1 xy= 369.511546 984.355500
Center 530.498610 59.468188:  1.0001  0.0014     3.16   -0.0000  1.0005   857.45
Mapping region 1 xy= 530.498610 59.468188 to region 1 xy= 533.792536 916.920733
Center 602.904614 123.367018:  1.0001  0.0014     3.16   -0.0000  1.0005   857.45
Mapping region 1 xy= 602.904614 123.367018 to region 1 xy= 606.293509 980.846485
Center 754.161455 56.006074:  1.0001  0.0014     3.16   -0.0000  1.0005   857.45
Mapping region 1 xy= 754.161455 56.006074 to region 1 xy= 757.474351 913.447171
Center 831.777824 123.018500:  1.0001  0.0014     3.16   -0.0000  1.0005   857.45
Mapping region 1 xy= 831.777824 123.018500 to region 1 xy= 835.190494 980.487758
Center 983.789828 57.305916:  1.0001  0.0014     3.16   -0.0000  1.0005   857.45
Mapping region 1 xy= 983.789828 57.305916 to region 1 xy= 987.128830 914.737547
Center 1056.743565 124.229542:  1.0001  0.0014     3.16   -0.0000  1.0005   857.45
Mapping region 1 xy= 1056.743565 124.229542 to region 1 xy= 1060.181726 981.689497
Center 1212.782436 56.851516:  1.0001  0.0014     3.16   -0.0000  1.0005   857.45
Mapping region 1 xy= 1212.782436 56.851516 to region 1 xy= 1216.145080 914.272883
Center 1289.667015 123.546359:  1.0001  0.0014     3.16   -0.0000  1.0005   857.45
Mapping region 1 xy= 1289.667015 123.546359 to region 1 xy= 1293.128922 980.995769

Pipe: Returning 12 total transforms.

---- Summary Region-region results ----
Pipe: Table Headers {Az t r Bz t r thmok ntri}
FOUND:     1    1   1      1    0   1   1  12

---- Tabulating point matches ----
Tabulate: Rgn 1 -> 1: Keeping 12 of 12 point-pairs.

Timer: Alignment took 1.480 seconds.

main: Got 12 mapping regions.
main: Transform   0:  1.0001  0.0014     3.16   -0.0000  1.0005   857.45
main: Transform   1:  1.0001  0.0014     3.16   -0.0000  1.0005   857.45
main: Transform   2:  1.0001  0.0014     3.16   -0.0000  1.0005   857.45
main: Transform   3:  1.0001  0.0014     3.16   -0.0000  1.0005   857.45
main: Transform   4:  1.0001  0.0014     3.16   -0.0000  1.0005   857.45
main: Transform   5:  1.0001  0.0014     3.16   -0.0000  1.0005   857.45
main: Transform   6:  1.0001  0.0014     3.16   -0.0000  1.0005   857.45
main: Transform   7:  1.0001  0.0014     3.16   -0.0000  1.0005   857.45
main: Transform   8:  1.0001  0.0014     3.16   -0.0000  1.0005   857.45
main: Transform   9:  1.0001  0.0014     3.16   -0.0000  1.0005   857.45
main: Transform  10:  1.0001  0.0014     3.16   -0.0000  1.0005   857.45
main: Transform  11:  1.0001  0.0014     3.16   -0.0000  1.0005   857.45

main: Average:  1.0001  0.0014     0.00   -0.0000  1.0005     0.00
main: Degrees: -0.0403835
main: Residue:  1.0001  0.0007     0.00    0.0007  1.0005     0.00

main: Inverse:  0.9999 -0.0014    -0.00    0.0000  0.9995    -0.00
main: Degrees: 0.0403835
main: Residue:  0.9999 -0.0007     0.00   -0.0007  0.9995     0.00

main: Normal completion for dmesh run.
Timer: Total took 1.730 seconds.

---- Memory ----
Host name: h07u29.int.janelia.org
PID:       34903
User time:       1 seconds.
System time:     0 seconds.
VmPeak:	  380068 kB
VmSize:	  217292 kB
VmLck:	       0 kB
VmPin:	       0 kB
VmHWM:	  216772 kB
VmRSS:	   53556 kB
VmData:	   47896 kB
VmStk:	     164 kB
VmExe:	     832 kB
VmLib:	   85564 kB
VmPTE:	     344 kB
VmSwap:	       0 kB
voluntary_ctxt_switches:	23
nonvoluntary_ctxt_switches:	37

