
---- dmesh start ----
main: Start: Fri Sep 30 13:13:17 2016


---- Match parameters ----
PXBRO=2            <default 2>        "Max Legendre poly order for bkg removal"
PXLENS=N           <default N>        "Y=Apply IDB/lens.txt"
PXRESMSK=N         <default N>        "Y=Apply resin mask"
PXDOG=N            <default N>        "Y=Apply DoG filter"
PXDOG_R1=3         <default 3>        "DoG inner radius"
PXDOG_R2=6         <default 6>        "DoG outer radius"
FLD=N              <default X>        "Mask usage: Y=Use, N=None, X=XL only"
PRETWEAK=N         <default N>        "Y=Auto-distort before angle scan"
SCALE=1            <default 1.0>      "Image-B / image-A scale factor"
XSCALE=1           <default 1.0>      "Image-B / image-A x-axis scale factor"
YSCALE=1           <default 1.0>      "Image-B / image-A y-axis scale factor"
SKEW=0             <default 0.0>      "Transform elem[3] user-applied distortion"
MODE_SL=M          <default Z>        "Notes above"
MODE_XL=N          <default Y>        "Notes above"
TAB2DFM_SL=N       <default Y>        "Adopt Tdfm from Tab"
TAB2DFM_XL=Y       <default Y>        "Adopt Tdfm from Tab"
XYCONF_SL=1.0      <default 0.0>      "[0,1.0] confidence in Tab XY"
XYCONF_XL=0.8      <default 0.0>      "[0,1.0] confidence in Tab XY"
THMDEC_SL=8        <default 8>        "2^N thumb decimation factor"
THMDEC_XL=8        <default 8>        "2^N thumb decimation factor"
OLAP1D_SL=0        <default 0>        "Min 1D pix full-size overlap"
OLAP1D_XL=0        <default 0>        "Min 1D pix full-size overlap"
OLAP2D_SL=60000    <default 25000>    "Min 2D pix full-size overlap"
OLAP2D_XL=160000   <default 200000>   "Min 2D pix full-size overlap"
NBMXHT_SL=0.75     <default 0.75>     "Max F(neib)/F(pk) in guard zone"
NBMXHT_XL=0.75     <default 0.75>     "Max F(neib)/F(pk) in guard zone"
HFANGDN_SL=5       <default 5.0>      "Half angle search range denovo"
HFANGDN_XL=45      <default 45.0>     "Half angle search range denovo"
HFANGPR_SL=1       <default 1.0>      "Half angle search range prior angles"
HFANGPR_XL=4       <default 1.0>      "Half angle search range prior angles"
RTRSH_SL=0.3       <default 0.3>      "R corr thresh"
RTRSH_XL=0.3       <default 0.3>      "R corr thresh"
TWEAKS=N           <default N>        "Y=Try 8 near unity distortions"
LIMXY_SL=30        <default 0>        "0 or Max XY delta from Tab"
LIMXY_XL=80        <default 0>        "0 or Max XY delta from Tab"
WTHMPR=Y           <default Y>        "Y=Write ThmPair_a^b.txt entries"
OPT_SL=Y           <default Y(EM)>    "Y=Enable mesh optimizer"
RIT_SL=0.50        <default 0.20>     "Min mesh starting corr"
RIT_XL=0.1         <default 0.20>     "Min mesh starting corr"
RFA_SL=0.55        <default 0.3>      "Affine-only final corr"
RFA_XL=0.20        <default 0.3>      "Affine-only final corr"
RFT_SL=0.65        <default 0.5>      "Full mesh final corr"
RFT_XL=0.25        <default 0.5>      "Full mesh final corr"
TMC=5              <default 30.0%>    "Max single triangle area change"
TSC=9              <default 9.0%>     "Max summed triangle area change"
MNL=250            <default 300>      "Triangle edges between MNL and 2*MNL"
MTA=120000         <default 10000>    "Min triangle size (pixels)"
MMA=60000          <default 100000>   "Min 2D overlap for mesh"
ONE=N              <default N>        "Y=Use just one affine transform"
IFM=0.50           <default 0.50>     "Min Fourier Metric after affine-only"
FFM=0.65           <default 0.65>     "Min Fourier Metric after full mesh"
FYL=0.5            <default 0.50>     "Min fraction of yellow pixels"
CPD=0.5            <default 0.50>     "Min Correlation + DFM"
EMM=Y              <default Y>        "Y=Use Earth Mover's Metric, N=Use Fourier"
EMT=0.14           <default 0.2>      "Earth Movers Metric thresh"
WDI=N              <default N>        "Y=Write diff images (Fourier, EMM metrics)"
LDA=0.2            <default 0.2>      "Max radian delta between triangles"
LDR=0.1            <default 0.1>      "Max sine delta between triangles"
LDC=100            <default 100.0>    "Max XY delta between triangles"
DXY=100            <default 100.0>    "Max delta from user input XYs"
WMT=N              <default Y>        "Y=Write map.tif files"
WTT=N              <default Y>        "Y=Write tf.txt files"


---- Input images ----
Til2Img entry: A T=[ 1.0000  0.0000     0.00  0.0000  1.0000  3428.00] path=[/groups/apig/tomo/DEMO/TIF/B1_9_2.tif].
Til2Img entry: B T=[ 1.0000  0.0000     0.00  0.0000  1.0000  2571.00] path=[/groups/apig/tomo/DEMO/TIF/B1_10_2.tif].


---- Command-line overrides ----
Tdfm= 1.0000  0.0000     0.00    0.0000  1.0000     0.00
FLD=N
MODE=N (was M)
CTR=0


---- Image loading ----
Raster8FromTif: Opening [/groups/apig/tomo/DEMO/TIF/B1_9_2.tif].
Raster8FromTif: Bits per sample 8, samples per pixel 1
Raster8FromTif: Picture is 1376 by 1040, 1431040 pixels total.
TIF(8): Last Encoded strip had 1376 bytes.
Raster8FromTif: Opening [/groups/apig/tomo/DEMO/TIF/B1_10_2.tif].
Raster8FromTif: Bits per sample 8, samples per pixel 1
Raster8FromTif: Picture is 1376 by 1040, 1431040 pixels total.
TIF(8): Last Encoded strip had 1376 bytes.
PixPair: Using image scale=1.
Timer: Image conditioning took 0.250 seconds.

---- Foldmaps ----

---- Connected regions ----
Forcing single connected region.

---- Begin A-1 to B-1 ----

---- Thumbnail matching ----
Subimage: Using intersection, w=1376, h=183, pix=251808
Thumbs: After decimation 3956 pts, reqArea 937, thmscl 8
SetDisc( 0, 0, 3, 3 )
Initial: R= 3.776, A=   0.000, X=    0.21, Y=    0.05
Peak-Disc: dR 1 dX 1 dY 0
Approx: LowRes  R=3.776, X=1.657, Y=0.365
Approx: FullRes R=1.070, X=2.849, Y=0.128, use=Y.
Timer: FinishAtFullRes took 0.250 seconds.
Approx: Returning A=0.000000, R=3.775634, X=2.848725, Y=857.127789
Approx: Best transform  1.0000  0.0000     2.85    0.0000  1.0000   857.13
Approx: Orig transform  1.0000  0.0000     0.00    0.0000  1.0000   857.00
Approx: Idnt transform  1.0000  0.0000     2.85    0.0000  1.0000     0.13
Approx: err = 2.85159, max = 30

---- Starting detailed region mapping ----
Roughly 251442 pixels map to B.
Region size is [0 1373] in x, [0 182] in y.

---- Building mesh - affine ----
Computed simple triangle.

---- ImproveMesh - affine ----
Tri: (0 0) (1373 0) (686 182).

---- Matlab Vertices ----
x=[0 1373 686 0]; y=[0 0 182 0]; plot(x,y); hold on;

---- ImproveControlPts ----
STAT: ImproveCpt: Initial affine correlation 0.849244 (251442 pixels).
corr=0.849244	step=10.000000
corr=0.849244	step=5.000000
corr=0.849244	step=2.500000
corr=0.849244	step=1.250000
corr=0.854359	step=1.250000
corr=0.856329	step=1.250000
corr=0.856329	step=0.625000
corr=0.856329	step=0.312500
corr=0.856329	step=0.156250
corr=0.856329	step=0.078125
STAT: ImproveCpt: Final affine correlation 0.856329, (threshold 0.550000).

---- Matlab A-Sys Originals ----
x=[0.000000 1373.000000 686.000000 0.000000]; y=[0.000000 0.000000 182.000000 0.000000]; plot(x,y); hold on;

---- Matlab B-Sys Originals ----
x=[2.848725 1375.848725 688.848725 2.848725]; y=[857.127789 857.127789 1039.127789 857.127789]; plot(x,y); hold on;

---- Matlab B-Sys Optimized ----
x=[2.777007 1376.153792 689.072651 2.777007]; y=[857.406275 857.171612 1039.473126 857.406275]; plot(x,y); hold on;

---- Deltas ----
id=     0: dx=   -0.07 dy=    0.28 d=    0.29
id=     1: dx=    0.31 dy=    0.04 d=    0.31
id=     2: dx=    0.22 dy=    0.35 d=    0.41

---- Areas ----
Triangle 0, area was   124943.0, is   125103.7,    0.1%
Combined: area was   124943.0, is   125103.7,    0.1%

---- Transforms ----
 1.0003  0.0006     2.78   -0.0002  1.0010   857.41
Best affine transform:  1.0003  0.0006     2.78   -0.0002  1.0010   857.41
    Inverse transform:  0.9997 -0.0006    -2.27    0.0002  0.9990  -856.54

---- QC - affine ----
Metrics: AFF: Mean square difference 0.284388
Metrics: AFF: Smallest footprint deg=0, area=248151
MetricImages: Range x 0 1371, y 0 181, use Nx=1372, Ny=182
Approximate EM metric 0.064292 for 249704 points.
%Yellow: Tol   1.05  red   30.1  yellow   37.1  green   32.8
%Yellow: Tol   1.10  red   21.5  yellow   57.2  green   21.3
%Yellow: Tol   1.15  red   16.3  yellow   68.2  green   15.4
%Yellow: Tol   1.20  red   12.9  yellow   75.0  green   12.1
%Yellow: Tol   1.25  red   10.4  yellow   80.5  green    9.2
Affine Triangle: 249704 points, corr 0.857802, fm 0.064292, yellow 0.80

---- Building mesh - deformable ----
Lx Dx Nx:  1373   228.00   6
Ly Dy Ny:   182   182.00   1

STAT: From 251442 pts, got 12 triangles, 14 control points.
Timer: MeshCreate took 0.010 seconds.

---- ImproveMesh - deformable mesh ----
Tri: (0 0) (228 0) (0 182).
Tri: (0 182) (228 0) (228 182).
Tri: (228 0) (456 0) (228 182).
Tri: (228 182) (456 0) (456 182).
Tri: (456 0) (684 0) (456 182).
Tri: (456 182) (684 0) (684 182).
Tri: (684 0) (912 0) (684 182).
Tri: (684 182) (912 0) (912 182).
Tri: (912 0) (1140 0) (912 182).
Tri: (912 182) (1140 0) (1140 182).
Tri: (1140 0) (1373 0) (1140 182).
Tri: (1140 182) (1373 0) (1373 182).

---- Matlab Vertices ----
x=[0 228 0 0]; y=[0 0 182 0]; plot(x,y); hold on;
x=[0 228 228 0]; y=[182 0 182 182]; plot(x,y); hold on;
x=[228 456 228 228]; y=[0 0 182 0]; plot(x,y); hold on;
x=[228 456 456 228]; y=[182 0 182 182]; plot(x,y); hold on;
x=[456 684 456 456]; y=[0 0 182 0]; plot(x,y); hold on;
x=[456 684 684 456]; y=[182 0 182 182]; plot(x,y); hold on;
x=[684 912 684 684]; y=[0 0 182 0]; plot(x,y); hold on;
x=[684 912 912 684]; y=[182 0 182 182]; plot(x,y); hold on;
x=[912 1140 912 912]; y=[0 0 182 0]; plot(x,y); hold on;
x=[912 1140 1140 912]; y=[182 0 182 182]; plot(x,y); hold on;
x=[1140 1373 1140 1140]; y=[0 0 182 0]; plot(x,y); hold on;
x=[1140 1373 1373 1140]; y=[182 0 182 182]; plot(x,y); hold on;

---- ImproveControlPts ----
STAT: ImproveCpt: Initial deformable mesh correlation 0.856329 (251442 pixels).
corr=0.856329	step=10.000000
corr=0.856329	step=5.000000
corr=0.856329	step=2.500000
corr=0.856329	step=1.250000
corr=0.856654	step=1.250000
corr=0.856654	step=0.625000
corr=0.856654	step=0.312500
corr=0.856654	step=0.156250
corr=0.856654	step=0.078125
STAT: ImproveCpt: Final deformable mesh correlation 0.856654, (threshold 0.650000).

---- Matlab A-Sys Originals ----
x=[0.000000 228.000000 0.000000 0.000000]; y=[0.000000 0.000000 182.000000 0.000000]; plot(x,y); hold on;
x=[0.000000 228.000000 228.000000 0.000000]; y=[182.000000 0.000000 182.000000 182.000000]; plot(x,y); hold on;
x=[228.000000 456.000000 228.000000 228.000000]; y=[0.000000 0.000000 182.000000 0.000000]; plot(x,y); hold on;
x=[228.000000 456.000000 456.000000 228.000000]; y=[182.000000 0.000000 182.000000 182.000000]; plot(x,y); hold on;
x=[456.000000 684.000000 456.000000 456.000000]; y=[0.000000 0.000000 182.000000 0.000000]; plot(x,y); hold on;
x=[456.000000 684.000000 684.000000 456.000000]; y=[182.000000 0.000000 182.000000 182.000000]; plot(x,y); hold on;
x=[684.000000 912.000000 684.000000 684.000000]; y=[0.000000 0.000000 182.000000 0.000000]; plot(x,y); hold on;
x=[684.000000 912.000000 912.000000 684.000000]; y=[182.000000 0.000000 182.000000 182.000000]; plot(x,y); hold on;
x=[912.000000 1140.000000 912.000000 912.000000]; y=[0.000000 0.000000 182.000000 0.000000]; plot(x,y); hold on;
x=[912.000000 1140.000000 1140.000000 912.000000]; y=[182.000000 0.000000 182.000000 182.000000]; plot(x,y); hold on;
x=[1140.000000 1373.000000 1140.000000 1140.000000]; y=[0.000000 0.000000 182.000000 0.000000]; plot(x,y); hold on;
x=[1140.000000 1373.000000 1373.000000 1140.000000]; y=[182.000000 0.000000 182.000000 182.000000]; plot(x,y); hold on;

---- Matlab B-Sys Originals ----
x=[2.777007 230.839576 2.884396 2.777007]; y=[857.406275 857.367307 1039.590372 857.406275]; plot(x,y); hold on;
x=[2.884396 230.839576 230.946965 2.884396]; y=[1039.590372 857.367307 1039.551404 1039.590372]; plot(x,y); hold on;
x=[230.839576 458.902145 230.946965 230.839576]; y=[857.367307 857.328339 1039.551404 857.367307]; plot(x,y); hold on;
x=[230.946965 458.902145 459.009534 230.946965]; y=[1039.551404 857.328339 1039.512436 1039.551404]; plot(x,y); hold on;
x=[458.902145 686.964714 459.009534 458.902145]; y=[857.328339 857.289371 1039.512436 857.328339]; plot(x,y); hold on;
x=[459.009534 686.964714 687.072103 459.009534]; y=[1039.512436 857.289371 1039.473468 1039.512436]; plot(x,y); hold on;
x=[686.964714 915.027282 687.072103 686.964714]; y=[857.289371 857.250403 1039.473468 857.289371]; plot(x,y); hold on;
x=[687.072103 915.027282 915.134671 687.072103]; y=[1039.473468 857.250403 1039.434500 1039.473468]; plot(x,y); hold on;
x=[915.027282 1143.089851 915.134671 915.027282]; y=[857.250403 857.211435 1039.434500 857.250403]; plot(x,y); hold on;
x=[915.134671 1143.089851 1143.197240 915.134671]; y=[1039.434500 857.211435 1039.395532 1039.434500]; plot(x,y); hold on;
x=[1143.089851 1376.153792 1143.197240 1143.089851]; y=[857.211435 857.171612 1039.395532 857.211435]; plot(x,y); hold on;
x=[1143.197240 1376.153792 1376.261181 1143.197240]; y=[1039.395532 857.171612 1039.355709 1039.395532]; plot(x,y); hold on;

---- Matlab B-Sys Optimized ----
x=[2.828138 230.973616 3.060843 2.828138]; y=[857.395653 857.393157 1039.595476 857.395653]; plot(x,y); hold on;
x=[3.060843 230.973616 231.095222 3.060843]; y=[1039.595476 857.393157 1039.558951 1039.595476]; plot(x,y); hold on;
x=[230.973616 459.041320 231.095222 230.973616]; y=[857.393157 857.362541 1039.558951 857.393157]; plot(x,y); hold on;
x=[231.095222 459.041320 458.894713 231.095222]; y=[1039.558951 857.362541 1039.345045 1039.558951]; plot(x,y); hold on;
x=[459.041320 686.840952 458.894713 459.041320]; y=[857.362541 857.146906 1039.345045 857.362541]; plot(x,y); hold on;
x=[458.894713 686.840952 686.611409 458.894713]; y=[1039.345045 857.146906 1039.288552 1039.345045]; plot(x,y); hold on;
x=[686.840952 914.623044 686.611409 686.840952]; y=[857.146906 857.016852 1039.288552 857.146906]; plot(x,y); hold on;
x=[686.611409 914.623044 914.510655 686.611409]; y=[1039.288552 857.016852 1039.159188 1039.288552]; plot(x,y); hold on;
x=[914.623044 1142.651347 914.510655 914.623044]; y=[857.016852 857.148282 1039.159188 857.016852]; plot(x,y); hold on;
x=[914.510655 1142.651347 1142.783084 914.510655]; y=[1039.159188 857.148282 1039.221413 1039.159188]; plot(x,y); hold on;
x=[1142.651347 1376.286436 1142.783084 1142.651347]; y=[857.148282 856.998918 1039.221413 857.148282]; plot(x,y); hold on;
x=[1142.783084 1376.286436 1376.327560 1142.783084]; y=[1039.221413 856.998918 1039.250523 1039.221413]; plot(x,y); hold on;

---- Deltas ----
id=     0: dx=    0.05 dy=   -0.01 d=    0.05
id=     1: dx=    0.13 dy=    0.03 d=    0.14
id=     2: dx=    0.14 dy=    0.03 d=    0.14
id=     3: dx=   -0.12 dy=   -0.14 d=    0.19
id=     4: dx=   -0.40 dy=   -0.23 d=    0.47
id=     5: dx=   -0.44 dy=   -0.06 d=    0.44
id=     6: dx=    0.13 dy=   -0.17 d=    0.22
id=     7: dx=    0.18 dy=    0.01 d=    0.18
id=     8: dx=    0.15 dy=    0.01 d=    0.15
id=     9: dx=   -0.11 dy=   -0.17 d=    0.20
id=    10: dx=   -0.46 dy=   -0.18 d=    0.50
id=    11: dx=   -0.62 dy=   -0.28 d=    0.68
id=    12: dx=   -0.41 dy=   -0.17 d=    0.45
id=    13: dx=    0.07 dy=   -0.11 d=    0.12

---- Areas ----
Triangle 0, area was    20748.0, is    20784.0,    0.2%
Triangle 1, area was    20748.0, is    20770.0,    0.1%
Triangle 2, area was    20748.0, is    20773.1,    0.1%
Triangle 3, area was    20748.0, is    20727.7,   -0.1%
Triangle 4, area was    20748.0, is    20727.8,   -0.1%
Triangle 5, area was    20748.0, is    20738.3,   -0.0%
Triangle 6, area was    20748.0, is    20744.3,   -0.0%
Triangle 7, area was    20748.0, is    20755.0,    0.0%
Triangle 8, area was    20748.0, is    20766.8,    0.1%
Triangle 9, area was    20748.0, is    20781.1,    0.2%
Triangle 10, area was    21203.0, is    21269.3,    0.3%
Triangle 11, area was    21203.0, is    21281.9,    0.4%
Combined: area was   249886.0, is   250119.5,    0.1%

---- Transforms ----
 1.0006  0.0013     2.83   -0.0000  1.0011   857.40
 1.0002  0.0007     2.94   -0.0002  1.0009   857.43
 1.0003  0.0007     2.91   -0.0001  1.0009   857.42
 0.9991 -0.0008     3.44   -0.0009  0.9999   857.79
 0.9991 -0.0008     3.44   -0.0009  0.9999   857.79
 0.9988 -0.0013     3.69   -0.0002  1.0008   857.32
 0.9990 -0.0013     3.49   -0.0006  1.0008   857.54
 0.9996 -0.0006     3.03   -0.0006  1.0008   857.53
 1.0001 -0.0006     2.51    0.0006  1.0008   856.49
 1.0012  0.0007     1.29    0.0003  1.0004   856.84
 1.0027  0.0007    -0.46   -0.0006  1.0004   857.88
 1.0023  0.0002     0.08    0.0001  1.0014   856.83

---- QC - deformable ----
Remapping 1431040 points.
Metrics: DEF: Mean square difference 0.283736
Metrics: DEF: Smallest footprint deg=0, area=248151
MetricImages: Range x 0 1371, y 0 181, use Nx=1372, Ny=182
Approximate EM metric 0.064373 for 249704 points.
All points, deformable, dfm 0.064373

Metrics: TRI: Mean square difference 0.380740
Metrics: TRI: Smallest footprint deg=0, area=41268
MetricImages: Range x 0 228, y 0 181, use Nx=230, Ny=182
Approximate EM metric 0.032101 for 41860 points.
%Yellow: Tol   1.05  red   31.4  yellow   39.0  green   29.7
%Yellow: Tol   1.10  red   20.9  yellow   60.9  green   18.2
%Yellow: Tol   1.15  red   14.9  yellow   72.7  green   12.4
%Yellow: Tol   1.20  red   11.1  yellow   79.5  green    9.4
%Yellow: Tol   1.25  red    9.0  yellow   83.4  green    7.6
Triangle 0: 20954 points, corr 0.809582, fm 0.032101, yellow 0.83

Metrics: TRI: Mean square difference 0.646040
Metrics: TRI: Smallest footprint deg=0, area=40680
MetricImages: Range x 2 228, y 1 181, use Nx=228, Ny=182
Approximate EM metric 0.026356 for 41496 points.
%Yellow: Tol   1.05  red   37.2  yellow   25.0  green   37.9
%Yellow: Tol   1.10  red   30.0  yellow   43.0  green   27.0
%Yellow: Tol   1.15  red   24.8  yellow   54.0  green   21.2
%Yellow: Tol   1.20  red   20.5  yellow   61.9  green   17.6
%Yellow: Tol   1.25  red   17.0  yellow   67.6  green   15.5
Triangle 1: 20724 points, corr 0.676932, fm 0.026356, yellow 0.68

Metrics: TRI: Mean square difference 0.540536
Metrics: TRI: Smallest footprint deg=0, area=41087
MetricImages: Range x 229 456, y 0 181, use Nx=228, Ny=182
Approximate EM metric 0.028481 for 41496 points.
%Yellow: Tol   1.05  red   35.9  yellow   29.1  green   35.1
%Yellow: Tol   1.10  red   26.2  yellow   49.8  green   24.1
%Yellow: Tol   1.15  red   19.2  yellow   64.0  green   16.8
%Yellow: Tol   1.20  red   14.4  yellow   73.1  green   12.5
%Yellow: Tol   1.25  red   11.4  yellow   78.8  green    9.7
Triangle 2: 20772 points, corr 0.729684, fm 0.028481, yellow 0.79

Metrics: TRI: Mean square difference 0.128821
Metrics: TRI: Smallest footprint deg=0, area=40680
MetricImages: Range x 230 456, y 1 181, use Nx=228, Ny=182
Approximate EM metric 0.036119 for 41496 points.
%Yellow: Tol   1.05  red   29.2  yellow   42.0  green   28.8
%Yellow: Tol   1.10  red   14.9  yellow   70.6  green   14.5
%Yellow: Tol   1.15  red    7.7  yellow   84.7  green    7.6
%Yellow: Tol   1.20  red    4.5  yellow   91.0  green    4.5
%Yellow: Tol   1.25  red    2.7  yellow   94.4  green    2.9
Triangle 3: 20724 points, corr 0.935541, fm 0.036119, yellow 0.94

Metrics: TRI: Mean square difference 0.254935
Metrics: TRI: Smallest footprint deg=0, area=41087
MetricImages: Range x 457 684, y 0 181, use Nx=228, Ny=182
Approximate EM metric 0.043244 for 41496 points.
%Yellow: Tol   1.05  red   32.1  yellow   37.3  green   30.6
%Yellow: Tol   1.10  red   19.1  yellow   61.8  green   19.1
%Yellow: Tol   1.15  red   11.6  yellow   76.4  green   12.1
%Yellow: Tol   1.20  red    7.6  yellow   83.8  green    8.6
%Yellow: Tol   1.25  red    5.5  yellow   88.0  green    6.5
Triangle 4: 20772 points, corr 0.872484, fm 0.043244, yellow 0.88

Metrics: TRI: Mean square difference 0.458426
Metrics: TRI: Smallest footprint deg=0, area=40680
MetricImages: Range x 458 684, y 1 181, use Nx=228, Ny=182
Approximate EM metric 0.040908 for 41496 points.
%Yellow: Tol   1.05  red   34.9  yellow   30.1  green   35.0
%Yellow: Tol   1.10  red   26.4  yellow   50.9  green   22.7
%Yellow: Tol   1.15  red   20.3  yellow   63.0  green   16.7
%Yellow: Tol   1.20  red   15.9  yellow   70.6  green   13.5
%Yellow: Tol   1.25  red   13.0  yellow   75.7  green   11.3
Triangle 5: 20724 points, corr 0.770739, fm 0.040908, yellow 0.76

Metrics: TRI: Mean square difference 0.412698
Metrics: TRI: Smallest footprint deg=0, area=41087
MetricImages: Range x 685 912, y 0 181, use Nx=228, Ny=182
Approximate EM metric 0.039532 for 41496 points.
%Yellow: Tol   1.05  red   33.3  yellow   30.9  green   35.9
%Yellow: Tol   1.10  red   25.4  yellow   51.1  green   23.5
%Yellow: Tol   1.15  red   20.4  yellow   61.5  green   18.1
%Yellow: Tol   1.20  red   16.5  yellow   68.5  green   15.0
%Yellow: Tol   1.25  red   13.7  yellow   73.9  green   12.4
Triangle 6: 20772 points, corr 0.793603, fm 0.039532, yellow 0.74

Metrics: TRI: Mean square difference 0.533222
Metrics: TRI: Smallest footprint deg=0, area=40680
MetricImages: Range x 686 912, y 1 181, use Nx=228, Ny=182
Approximate EM metric 0.031128 for 41496 points.
%Yellow: Tol   1.05  red   34.4  yellow   11.7  green   53.9
%Yellow: Tol   1.10  red   29.8  yellow   37.3  green   32.9
%Yellow: Tol   1.15  red   24.9  yellow   54.5  green   20.6
%Yellow: Tol   1.20  red   20.6  yellow   64.2  green   15.2
%Yellow: Tol   1.25  red   16.6  yellow   71.7  green   11.7
Triangle 7: 20724 points, corr 0.733341, fm 0.031128, yellow 0.72

Metrics: TRI: Mean square difference 0.338357
Metrics: TRI: Smallest footprint deg=0, area=41087
MetricImages: Range x 913 1140, y 0 181, use Nx=228, Ny=182
Approximate EM metric 0.030926 for 41496 points.
%Yellow: Tol   1.05  red   33.4  yellow   32.2  green   34.4
%Yellow: Tol   1.10  red   26.4  yellow   51.4  green   22.1
%Yellow: Tol   1.15  red   21.2  yellow   60.9  green   17.8
%Yellow: Tol   1.20  red   16.5  yellow   67.4  green   16.1
%Yellow: Tol   1.25  red   12.8  yellow   73.2  green   14.0
Triangle 8: 20772 points, corr 0.830773, fm 0.030926, yellow 0.73

Metrics: TRI: Mean square difference 0.569544
Metrics: TRI: Smallest footprint deg=0, area=40680
MetricImages: Range x 914 1140, y 1 181, use Nx=228, Ny=182
Approximate EM metric 0.046269 for 41496 points.
%Yellow: Tol   1.05  red   38.8  yellow   13.7  green   47.4
%Yellow: Tol   1.10  red   32.8  yellow   29.5  green   37.7
%Yellow: Tol   1.15  red   27.4  yellow   44.3  green   28.3
%Yellow: Tol   1.20  red   22.6  yellow   57.1  green   20.3
%Yellow: Tol   1.25  red   17.8  yellow   68.1  green   14.1
Triangle 9: 20724 points, corr 0.715180, fm 0.046269, yellow 0.68

Metrics: TRI: Mean square difference 0.291642
Metrics: TRI: Smallest footprint deg=0, area=41630
MetricImages: Range x 1141 1371, y 0 181, use Nx=232, Ny=182
Approximate EM metric 0.034039 for 42224 points.
%Yellow: Tol   1.05  red   31.1  yellow   39.5  green   29.4
%Yellow: Tol   1.10  red   23.6  yellow   59.4  green   17.0
%Yellow: Tol   1.15  red   18.4  yellow   67.7  green   13.9
%Yellow: Tol   1.20  red   14.7  yellow   73.1  green   12.2
%Yellow: Tol   1.25  red   11.5  yellow   77.3  green   11.2
Triangle 10: 21227 points, corr 0.854132, fm 0.034039, yellow 0.77

Metrics: TRI: Mean square difference 0.157874
Metrics: TRI: Smallest footprint deg=0, area=40991
MetricImages: Range x 1142 1371, y 2 181, use Nx=230, Ny=180
Approximate EM metric 0.048094 for 41400 points.
%Yellow: Tol   1.05  red   28.4  yellow   47.2  green   24.4
%Yellow: Tol   1.10  red   15.0  yellow   75.0  green   10.0
%Yellow: Tol   1.15  red    8.8  yellow   83.7  green    7.5
%Yellow: Tol   1.20  red    6.9  yellow   87.0  green    6.1
%Yellow: Tol   1.25  red    5.8  yellow   89.1  green    5.1
Triangle 11: 20815 points, corr 0.921015, fm 0.048094, yellow 0.89


---- Final reports ----
STAT: Overall 249704 points, corr 0.8567, EMM 0.0644, weighted EMM 0.0364, cor+dfm 0.9210, weighted yellow 0.7844

Angle span: min, max, delta = -0.000681 0.000597 0.001278
Mesh-Thm: 0.0003  0.0001     0.42    0.0003  0.0007     0.23 2x(LDR,LDC)=(0.20,200.00) -- OK.

Final remapping of 1431040 points.
Center 73.002690 58.274077:  1.0006  0.0013     2.83   -0.0000  1.0011   857.40
Mapping region 1 xy= 73.002690 58.274077 to region 1 xy= 75.951917 915.732911
Center 140.096892 126.084135:  1.0002  0.0007     2.94   -0.0002  1.0009   857.43
Mapping region 1 xy= 140.096892 126.084135 to region 1 xy= 143.141498 983.606231
Center 297.931856 55.822797:  1.0003  0.0007     2.91   -0.0001  1.0009   857.42
Mapping region 1 xy= 297.931856 55.822797 to region 1 xy= 300.963537 913.257416
Center 366.142960 126.863994:  0.9991 -0.0008     3.44   -0.0009  0.9999   857.79
Mapping region 1 xy= 366.142960 126.863994 to region 1 xy= 369.161110 984.298642
Center 530.498610 59.468188:  0.9991 -0.0008     3.44   -0.0009  0.9999   857.79
Mapping region 1 xy= 530.498610 59.468188 to region 1 xy= 533.426556 916.754555
Center 602.904614 123.367018:  0.9988 -0.0013     3.69   -0.0002  1.0008   857.32
Mapping region 1 xy= 602.904614 123.367018 to region 1 xy= 605.690738 980.630031
Center 754.161455 56.006074:  0.9990 -0.0013     3.49   -0.0006  1.0008   857.54
Mapping region 1 xy= 754.161455 56.006074 to region 1 xy= 756.864715 913.156547
Center 831.777824 123.018500:  0.9996 -0.0006     3.03   -0.0006  1.0008   857.53
Mapping region 1 xy= 831.777824 123.018500 to region 1 xy= 834.360352 980.177078
Center 983.789828 57.305916:  1.0001 -0.0006     2.51    0.0006  1.0008   856.49
Mapping region 1 xy= 983.789828 57.305916 to region 1 xy= 986.386396 914.408968
Center 1056.743565 124.229542:  1.0012  0.0007     1.29    0.0003  1.0004   856.84
Mapping region 1 xy= 1056.743565 124.229542 to region 1 xy= 1059.385353 981.405020
Center 1212.782436 56.851516:  1.0027  0.0007    -0.46   -0.0006  1.0004   857.88
Mapping region 1 xy= 1212.782436 56.851516 to region 1 xy= 1215.673317 913.975985
Center 1289.667015 123.546359:  1.0023  0.0002     0.08    0.0001  1.0014   856.83
Mapping region 1 xy= 1289.667015 123.546359 to region 1 xy= 1292.786633 980.705662

Pipe: Returning 12 total transforms.

---- Summary Region-region results ----
Pipe: Table Headers {Az t r Bz t r thmok ntri}
FOUND:     1    9   1      1   10   1   1  12

---- Tabulating point matches ----
Tabulate: Rgn 1 -> 1: Keeping 12 of 12 point-pairs.

Timer: Alignment took 1.580 seconds.

main: Got 12 mapping regions.
main: Transform   0:  1.0006  0.0013     2.83   -0.0000  1.0011   857.40
main: Transform   1:  1.0002  0.0007     2.94   -0.0002  1.0009   857.43
main: Transform   2:  1.0003  0.0007     2.91   -0.0001  1.0009   857.42
main: Transform   3:  0.9991 -0.0008     3.44   -0.0009  0.9999   857.79
main: Transform   4:  0.9991 -0.0008     3.44   -0.0009  0.9999   857.79
main: Transform   5:  0.9988 -0.0013     3.69   -0.0002  1.0008   857.32
main: Transform   6:  0.9990 -0.0013     3.49   -0.0006  1.0008   857.54
main: Transform   7:  0.9996 -0.0006     3.03   -0.0006  1.0008   857.53
main: Transform   8:  1.0001 -0.0006     2.51    0.0006  1.0008   856.49
main: Transform   9:  1.0012  0.0007     1.29    0.0003  1.0004   856.84
main: Transform  10:  1.0027  0.0007    -0.46   -0.0006  1.0004   857.88
main: Transform  11:  1.0023  0.0002     0.08    0.0001  1.0014   856.83

main: Average:  1.0003 -0.0001     0.00   -0.0003  1.0007     0.00
main: Degrees: -0.00515823
main: Residue:  1.0003 -0.0002     0.00   -0.0002  1.0007     0.00

main: Inverse:  0.9997  0.0001    -0.00    0.0003  0.9993    -0.00
main: Degrees: 0.00515823
main: Residue:  0.9997  0.0002     0.00    0.0002  0.9993     0.00

main: Normal completion for dmesh run.
Timer: Total took 1.830 seconds.

---- Memory ----
Host name: h07u29.int.janelia.org
PID:       34877
User time:       1 seconds.
System time:     0 seconds.
VmPeak:	  380064 kB
VmSize:	  217288 kB
VmLck:	       0 kB
VmPin:	       0 kB
VmHWM:	  216768 kB
VmRSS:	   53548 kB
VmData:	   47896 kB
VmStk:	     160 kB
VmExe:	     832 kB
VmLib:	   85564 kB
VmPTE:	     340 kB
VmSwap:	       0 kB
voluntary_ctxt_switches:	16
nonvoluntary_ctxt_switches:	20

