
---- dmesh start ----
main: Start: Fri Sep 30 13:13:18 2016


---- Match parameters ----
PXBRO=2            <default 2>        "Max Legendre poly order for bkg removal"
PXLENS=N           <default N>        "Y=Apply IDB/lens.txt"
PXRESMSK=N         <default N>        "Y=Apply resin mask"
PXDOG=N            <default N>        "Y=Apply DoG filter"
PXDOG_R1=3         <default 3>        "DoG inner radius"
PXDOG_R2=6         <default 6>        "DoG outer radius"
FLD=N              <default X>        "Mask usage: Y=Use, N=None, X=XL only"
PRETWEAK=N         <default N>        "Y=Auto-distort before angle scan"
SCALE=1            <default 1.0>      "Image-B / image-A scale factor"
XSCALE=1           <default 1.0>      "Image-B / image-A x-axis scale factor"
YSCALE=1           <default 1.0>      "Image-B / image-A y-axis scale factor"
SKEW=0             <default 0.0>      "Transform elem[3] user-applied distortion"
MODE_SL=M          <default Z>        "Notes above"
MODE_XL=N          <default Y>        "Notes above"
TAB2DFM_SL=N       <default Y>        "Adopt Tdfm from Tab"
TAB2DFM_XL=Y       <default Y>        "Adopt Tdfm from Tab"
XYCONF_SL=1.0      <default 0.0>      "[0,1.0] confidence in Tab XY"
XYCONF_XL=0.8      <default 0.0>      "[0,1.0] confidence in Tab XY"
THMDEC_SL=8        <default 8>        "2^N thumb decimation factor"
THMDEC_XL=8        <default 8>        "2^N thumb decimation factor"
OLAP1D_SL=0        <default 0>        "Min 1D pix full-size overlap"
OLAP1D_XL=0        <default 0>        "Min 1D pix full-size overlap"
OLAP2D_SL=60000    <default 25000>    "Min 2D pix full-size overlap"
OLAP2D_XL=160000   <default 200000>   "Min 2D pix full-size overlap"
NBMXHT_SL=0.75     <default 0.75>     "Max F(neib)/F(pk) in guard zone"
NBMXHT_XL=0.75     <default 0.75>     "Max F(neib)/F(pk) in guard zone"
HFANGDN_SL=5       <default 5.0>      "Half angle search range denovo"
HFANGDN_XL=45      <default 45.0>     "Half angle search range denovo"
HFANGPR_SL=1       <default 1.0>      "Half angle search range prior angles"
HFANGPR_XL=4       <default 1.0>      "Half angle search range prior angles"
RTRSH_SL=0.3       <default 0.3>      "R corr thresh"
RTRSH_XL=0.3       <default 0.3>      "R corr thresh"
TWEAKS=N           <default N>        "Y=Try 8 near unity distortions"
LIMXY_SL=30        <default 0>        "0 or Max XY delta from Tab"
LIMXY_XL=80        <default 0>        "0 or Max XY delta from Tab"
WTHMPR=Y           <default Y>        "Y=Write ThmPair_a^b.txt entries"
OPT_SL=Y           <default Y(EM)>    "Y=Enable mesh optimizer"
RIT_SL=0.50        <default 0.20>     "Min mesh starting corr"
RIT_XL=0.1         <default 0.20>     "Min mesh starting corr"
RFA_SL=0.55        <default 0.3>      "Affine-only final corr"
RFA_XL=0.20        <default 0.3>      "Affine-only final corr"
RFT_SL=0.65        <default 0.5>      "Full mesh final corr"
RFT_XL=0.25        <default 0.5>      "Full mesh final corr"
TMC=5              <default 30.0%>    "Max single triangle area change"
TSC=9              <default 9.0%>     "Max summed triangle area change"
MNL=250            <default 300>      "Triangle edges between MNL and 2*MNL"
MTA=120000         <default 10000>    "Min triangle size (pixels)"
MMA=60000          <default 100000>   "Min 2D overlap for mesh"
ONE=N              <default N>        "Y=Use just one affine transform"
IFM=0.50           <default 0.50>     "Min Fourier Metric after affine-only"
FFM=0.65           <default 0.65>     "Min Fourier Metric after full mesh"
FYL=0.5            <default 0.50>     "Min fraction of yellow pixels"
CPD=0.5            <default 0.50>     "Min Correlation + DFM"
EMM=Y              <default Y>        "Y=Use Earth Mover's Metric, N=Use Fourier"
EMT=0.14           <default 0.2>      "Earth Movers Metric thresh"
WDI=N              <default N>        "Y=Write diff images (Fourier, EMM metrics)"
LDA=0.2            <default 0.2>      "Max radian delta between triangles"
LDR=0.1            <default 0.1>      "Max sine delta between triangles"
LDC=100            <default 100.0>    "Max XY delta between triangles"
DXY=100            <default 100.0>    "Max delta from user input XYs"
WMT=N              <default Y>        "Y=Write map.tif files"
WTT=N              <default Y>        "Y=Write tf.txt files"


---- Input images ----
Til2Img entry: A T=[ 1.0000  0.0000  1142.00  0.0000  1.0000  1714.00] path=[/groups/apig/tomo/DEMO/TIF/B1_2_2.tif].
Til2Img entry: B T=[ 1.0000  0.0000     0.00  0.0000  1.0000  1714.00] path=[/groups/apig/tomo/DEMO/TIF/B1_11_2.tif].


---- Command-line overrides ----
Tdfm= 1.0000  0.0000     0.00    0.0000  1.0000     0.00
FLD=N
MODE=N (was M)
CTR=0


---- Image loading ----
Raster8FromTif: Opening [/groups/apig/tomo/DEMO/TIF/B1_2_2.tif].
Raster8FromTif: Bits per sample 8, samples per pixel 1
Raster8FromTif: Picture is 1376 by 1040, 1431040 pixels total.
TIF(8): Last Encoded strip had 1376 bytes.
Raster8FromTif: Opening [/groups/apig/tomo/DEMO/TIF/B1_11_2.tif].
Raster8FromTif: Bits per sample 8, samples per pixel 1
Raster8FromTif: Picture is 1376 by 1040, 1431040 pixels total.
TIF(8): Last Encoded strip had 1376 bytes.
PixPair: Using image scale=1.
Timer: Image conditioning took 0.230 seconds.

---- Foldmaps ----

---- Connected regions ----
Forcing single connected region.

---- Begin A-1 to B-1 ----

---- Thumbnail matching ----
Subimage: Using intersection, w=234, h=1040, pix=243360
Thumbs: After decimation 3900 pts, reqArea 937, thmscl 8
SetDisc( 0, 0, 3, 3 )
Initial: R= 4.120, A=   0.000, X=    0.19, Y=   -0.67
Peak-Disc: dR 5 dX 1 dY -5
Approx: LowRes  R=4.120, X=1.554, Y=-5.346
Approx: FullRes R=1.300, X=1.864, Y=-4.518, use=Y.
Timer: FinishAtFullRes took 0.200 seconds.
Approx: Returning A=0.000000, R=4.119785, X=1143.863800, Y=-4.517510
Approx: Best transform  1.0000  0.0000  1143.86    0.0000  1.0000    -4.52
Approx: Orig transform  1.0000  0.0000  1142.00    0.0000  1.0000     0.00
Approx: Idnt transform  1.0000  0.0000     1.86    0.0000  1.0000    -4.52
Approx: err = 4.88688, max = 30

---- Starting detailed region mapping ----
Roughly 241388 pixels map to B.
Region size is [0 232] in x, [4 1039] in y.

---- Building mesh - affine ----
Computed simple triangle.

---- ImproveMesh - affine ----
Tri: (0 4) (232 521) (0 1039).

---- Matlab Vertices ----
x=[0 232 0 0]; y=[4 521 1039 4]; plot(x,y); hold on;

---- ImproveControlPts ----
STAT: ImproveCpt: Initial affine correlation 0.760537 (241388 pixels).
corr=0.760537	step=10.000000
corr=0.760537	step=5.000000
corr=0.760537	step=2.500000
corr=0.760537	step=1.250000
corr=0.764094	step=1.250000
corr=0.764094	step=0.625000
corr=0.764855	step=0.625000
corr=0.764855	step=0.312500
corr=0.764855	step=0.156250
corr=0.764855	step=0.078125
STAT: ImproveCpt: Final affine correlation 0.764855, (threshold 0.550000).

---- Matlab A-Sys Originals ----
x=[0.000000 232.000000 0.000000 0.000000]; y=[4.000000 521.000000 1039.000000 4.000000]; plot(x,y); hold on;

---- Matlab B-Sys Originals ----
x=[1143.863800 1375.863800 1143.863800 1143.863800]; y=[-0.517510 516.482490 1034.482490 -0.517510]; plot(x,y); hold on;

---- Matlab B-Sys Optimized ----
x=[1144.087633 1376.386325 1144.141738 1144.087633]; y=[-0.616311 516.399314 1034.434297 -0.616311]; plot(x,y); hold on;

---- Deltas ----
id=     0: dx=    0.22 dy=   -0.10 d=    0.24
id=     1: dx=    0.52 dy=   -0.08 d=    0.53
id=     2: dx=    0.28 dy=   -0.05 d=    0.28

---- Areas ----
Triangle 0, area was   120060.0, is   120206.5,    0.1%
Combined: area was   120060.0, is   120206.5,    0.1%

---- Transforms ----
 1.0012  0.0001  1144.09   -0.0000  1.0000    -4.62
Best affine transform:  1.0012  0.0001  1144.09   -0.0000  1.0000    -4.62
    Inverse transform:  0.9988 -0.0001 -1142.75    0.0000  1.0000     4.57

---- QC - affine ----
Metrics: AFF: Mean square difference 0.468378
Metrics: AFF: Smallest footprint deg=0, area=237820
MetricImages: Range x 0 230, y 5 1039, use Nx=232, Ny=1036
Approximate EM metric 0.063562 for 240352 points.
%Yellow: Tol   1.05  red   36.6  yellow   19.4  green   43.9
%Yellow: Tol   1.10  red   30.2  yellow   36.6  green   33.3
%Yellow: Tol   1.15  red   24.7  yellow   51.2  green   24.2
%Yellow: Tol   1.20  red   19.5  yellow   62.3  green   18.2
%Yellow: Tol   1.25  red   14.9  yellow   71.9  green   13.2
Affine Triangle: 239085 points, corr 0.765807, fm 0.063562, yellow 0.72

---- Building mesh - deformable ----
Lx Dx Nx:   232   232.00   1
Ly Dy Ny:  1035   207.00   5

STAT: From 241388 pts, got 10 triangles, 12 control points.
Timer: MeshCreate took 0.010 seconds.

---- ImproveMesh - deformable mesh ----
Tri: (0 4) (232 4) (0 211).
Tri: (0 211) (232 4) (232 211).
Tri: (0 211) (232 211) (0 418).
Tri: (0 418) (232 211) (232 418).
Tri: (0 418) (232 418) (0 625).
Tri: (0 625) (232 418) (232 625).
Tri: (0 625) (232 625) (0 832).
Tri: (0 832) (232 625) (232 832).
Tri: (0 832) (232 832) (0 1039).
Tri: (0 1039) (232 832) (232 1039).

---- Matlab Vertices ----
x=[0 232 0 0]; y=[4 4 211 4]; plot(x,y); hold on;
x=[0 232 232 0]; y=[211 4 211 211]; plot(x,y); hold on;
x=[0 232 0 0]; y=[211 211 418 211]; plot(x,y); hold on;
x=[0 232 232 0]; y=[418 211 418 418]; plot(x,y); hold on;
x=[0 232 0 0]; y=[418 418 625 418]; plot(x,y); hold on;
x=[0 232 232 0]; y=[625 418 625 625]; plot(x,y); hold on;
x=[0 232 0 0]; y=[625 625 832 625]; plot(x,y); hold on;
x=[0 232 232 0]; y=[832 625 832 832]; plot(x,y); hold on;
x=[0 232 0 0]; y=[832 832 1039 832]; plot(x,y); hold on;
x=[0 232 232 0]; y=[1039 832 1039 1039]; plot(x,y); hold on;

---- ImproveControlPts ----
STAT: ImproveCpt: Initial deformable mesh correlation 0.764855 (241388 pixels).
corr=0.764855	step=10.000000
corr=0.764855	step=5.000000
corr=0.764855	step=2.500000
corr=0.764855	step=1.250000
corr=0.764855	step=0.625000
STAT: ImproveCpt: Final deformable mesh correlation 0.764855, (threshold 0.650000).

---- Matlab A-Sys Originals ----
x=[0.000000 232.000000 0.000000 0.000000]; y=[4.000000 4.000000 211.000000 4.000000]; plot(x,y); hold on;
x=[0.000000 232.000000 232.000000 0.000000]; y=[211.000000 4.000000 211.000000 211.000000]; plot(x,y); hold on;
x=[0.000000 232.000000 0.000000 0.000000]; y=[211.000000 211.000000 418.000000 211.000000]; plot(x,y); hold on;
x=[0.000000 232.000000 232.000000 0.000000]; y=[418.000000 211.000000 418.000000 418.000000]; plot(x,y); hold on;
x=[0.000000 232.000000 0.000000 0.000000]; y=[418.000000 418.000000 625.000000 418.000000]; plot(x,y); hold on;
x=[0.000000 232.000000 232.000000 0.000000]; y=[625.000000 418.000000 625.000000 625.000000]; plot(x,y); hold on;
x=[0.000000 232.000000 0.000000 0.000000]; y=[625.000000 625.000000 832.000000 625.000000]; plot(x,y); hold on;
x=[0.000000 232.000000 232.000000 0.000000]; y=[832.000000 625.000000 832.000000 832.000000]; plot(x,y); hold on;
x=[0.000000 232.000000 0.000000 0.000000]; y=[832.000000 832.000000 1039.000000 832.000000]; plot(x,y); hold on;
x=[0.000000 232.000000 232.000000 0.000000]; y=[1039.000000 832.000000 1039.000000 1039.000000]; plot(x,y); hold on;

---- Matlab B-Sys Originals ----
x=[1144.087633 1376.359299 1144.098454 1144.087633]; y=[-0.616311 -0.625966 206.393810 -0.616311]; plot(x,y); hold on;
x=[1144.098454 1376.359299 1376.370120 1144.098454]; y=[206.393810 -0.625966 206.384156 206.393810]; plot(x,y); hold on;
x=[1144.098454 1376.370120 1144.109275 1144.098454]; y=[206.393810 206.384156 413.403932 206.393810]; plot(x,y); hold on;
x=[1144.109275 1376.370120 1376.380940 1144.109275]; y=[413.403932 206.384156 413.394277 413.403932]; plot(x,y); hold on;
x=[1144.109275 1376.380940 1144.120096 1144.109275]; y=[413.403932 413.394277 620.414054 413.403932]; plot(x,y); hold on;
x=[1144.120096 1376.380940 1376.391761 1144.120096]; y=[620.414054 413.394277 620.404399 620.414054]; plot(x,y); hold on;
x=[1144.120096 1376.391761 1144.130917 1144.120096]; y=[620.414054 620.404399 827.424175 620.414054]; plot(x,y); hold on;
x=[1144.130917 1376.391761 1376.402582 1144.130917]; y=[827.424175 620.404399 827.414521 827.424175]; plot(x,y); hold on;
x=[1144.130917 1376.402582 1144.141738 1144.130917]; y=[827.424175 827.414521 1034.434297 827.424175]; plot(x,y); hold on;
x=[1144.141738 1376.402582 1376.413403 1144.141738]; y=[1034.434297 827.414521 1034.424642 1034.434297]; plot(x,y); hold on;

---- Matlab B-Sys Optimized ----
x=[1144.087633 1376.359299 1144.098454 1144.087633]; y=[-0.616311 -0.625966 206.393810 -0.616311]; plot(x,y); hold on;
x=[1144.098454 1376.359299 1376.370120 1144.098454]; y=[206.393810 -0.625966 206.384156 206.393810]; plot(x,y); hold on;
x=[1144.098454 1376.370120 1144.109275 1144.098454]; y=[206.393810 206.384156 413.403932 206.393810]; plot(x,y); hold on;
x=[1144.109275 1376.370120 1376.380940 1144.109275]; y=[413.403932 206.384156 413.394277 413.403932]; plot(x,y); hold on;
x=[1144.109275 1376.380940 1144.120096 1144.109275]; y=[413.403932 413.394277 620.414054 413.403932]; plot(x,y); hold on;
x=[1144.120096 1376.380940 1376.391761 1144.120096]; y=[620.414054 413.394277 620.404399 620.414054]; plot(x,y); hold on;
x=[1144.120096 1376.391761 1144.130917 1144.120096]; y=[620.414054 620.404399 827.424175 620.414054]; plot(x,y); hold on;
x=[1144.130917 1376.391761 1376.402582 1144.130917]; y=[827.424175 620.404399 827.414521 827.424175]; plot(x,y); hold on;
x=[1144.130917 1376.402582 1144.141738 1144.130917]; y=[827.424175 827.414521 1034.434297 827.424175]; plot(x,y); hold on;
x=[1144.141738 1376.402582 1376.413403 1144.141738]; y=[1034.434297 827.414521 1034.424642 1034.434297]; plot(x,y); hold on;

---- Deltas ----
id=     0: dx=    0.00 dy=    0.00 d=    0.00
id=     1: dx=    0.00 dy=    0.00 d=    0.00
id=     2: dx=    0.00 dy=    0.00 d=    0.00
id=     3: dx=    0.00 dy=    0.00 d=    0.00
id=     4: dx=    0.00 dy=    0.00 d=    0.00
id=     5: dx=    0.00 dy=    0.00 d=    0.00
id=     6: dx=    0.00 dy=    0.00 d=    0.00
id=     7: dx=    0.00 dy=    0.00 d=    0.00
id=     8: dx=    0.00 dy=    0.00 d=    0.00
id=     9: dx=    0.00 dy=    0.00 d=    0.00
id=    10: dx=    0.00 dy=    0.00 d=    0.00
id=    11: dx=    0.00 dy=    0.00 d=    0.00

---- Areas ----
Triangle 0, area was    24012.0, is    24041.3,    0.1%
Triangle 1, area was    24012.0, is    24041.3,    0.1%
Triangle 2, area was    24012.0, is    24041.3,    0.1%
Triangle 3, area was    24012.0, is    24041.3,    0.1%
Triangle 4, area was    24012.0, is    24041.3,    0.1%
Triangle 5, area was    24012.0, is    24041.3,    0.1%
Triangle 6, area was    24012.0, is    24041.3,    0.1%
Triangle 7, area was    24012.0, is    24041.3,    0.1%
Triangle 8, area was    24012.0, is    24041.3,    0.1%
Triangle 9, area was    24012.0, is    24041.3,    0.1%
Combined: area was   240120.0, is   240412.9,    0.1%

---- Transforms ----
 1.0012  0.0001  1144.09   -0.0000  1.0000    -4.62
 1.0012  0.0001  1144.09   -0.0000  1.0000    -4.62
 1.0012  0.0001  1144.09   -0.0000  1.0000    -4.62
 1.0012  0.0001  1144.09   -0.0000  1.0000    -4.62
 1.0012  0.0001  1144.09   -0.0000  1.0000    -4.62
 1.0012  0.0001  1144.09   -0.0000  1.0000    -4.62
 1.0012  0.0001  1144.09   -0.0000  1.0000    -4.62
 1.0012  0.0001  1144.09   -0.0000  1.0000    -4.62
 1.0012  0.0001  1144.09   -0.0000  1.0000    -4.62
 1.0012  0.0001  1144.09   -0.0000  1.0000    -4.62

---- QC - deformable ----
Remapping 1431040 points.
Metrics: DEF: Mean square difference 0.468378
Metrics: DEF: Smallest footprint deg=0, area=237820
MetricImages: Range x 0 230, y 5 1039, use Nx=232, Ny=1036
Approximate EM metric 0.063562 for 240352 points.
All points, deformable, dfm 0.063562

Metrics: TRI: Mean square difference 0.524130
Metrics: TRI: Smallest footprint deg=0, area=47380
MetricImages: Range x 0 230, y 5 211, use Nx=232, Ny=208
Approximate EM metric 0.039167 for 48256 points.
%Yellow: Tol   1.05  red   31.7  yellow   17.2  green   51.1
%Yellow: Tol   1.10  red   27.3  yellow   42.4  green   30.3
%Yellow: Tol   1.15  red   23.4  yellow   58.2  green   18.4
%Yellow: Tol   1.20  red   19.4  yellow   66.7  green   13.9
%Yellow: Tol   1.25  red   15.8  yellow   73.6  green   10.5
Triangle 0: 24000 points, corr 0.737894, fm 0.039167, yellow 0.74

Metrics: TRI: Mean square difference 0.475574
Metrics: TRI: Smallest footprint deg=0, area=46945
MetricImages: Range x 1 230, y 6 211, use Nx=230, Ny=206
Approximate EM metric 0.050120 for 47380 points.
%Yellow: Tol   1.05  red   36.6  yellow   16.4  green   47.0
%Yellow: Tol   1.10  red   30.5  yellow   35.3  green   34.2
%Yellow: Tol   1.15  red   25.3  yellow   51.8  green   22.9
%Yellow: Tol   1.20  red   19.9  yellow   63.0  green   17.1
%Yellow: Tol   1.25  red   15.5  yellow   72.3  green   12.3
Triangle 1: 23817 points, corr 0.762171, fm 0.050120, yellow 0.72

Metrics: TRI: Mean square difference 0.530597
Metrics: TRI: Smallest footprint deg=0, area=47380
MetricImages: Range x 0 230, y 212 418, use Nx=232, Ny=208
Approximate EM metric 0.048076 for 48256 points.
%Yellow: Tol   1.05  red   36.5  yellow   15.3  green   48.3
%Yellow: Tol   1.10  red   31.1  yellow   29.6  green   39.3
%Yellow: Tol   1.15  red   26.2  yellow   45.5  green   28.3
%Yellow: Tol   1.20  red   21.2  yellow   60.4  green   18.3
%Yellow: Tol   1.25  red   16.9  yellow   72.4  green   10.6
Triangle 2: 24000 points, corr 0.734660, fm 0.048076, yellow 0.72

Metrics: TRI: Mean square difference 0.508852
Metrics: TRI: Smallest footprint deg=0, area=46945
MetricImages: Range x 1 230, y 213 418, use Nx=230, Ny=206
Approximate EM metric 0.047711 for 47380 points.
%Yellow: Tol   1.05  red   33.6  yellow   21.1  green   45.3
%Yellow: Tol   1.10  red   29.2  yellow   36.6  green   34.2
%Yellow: Tol   1.15  red   24.4  yellow   49.7  green   25.9
%Yellow: Tol   1.20  red   19.8  yellow   62.3  green   17.9
%Yellow: Tol   1.25  red   15.5  yellow   74.1  green   10.4
Triangle 3: 23817 points, corr 0.745532, fm 0.047711, yellow 0.74

Metrics: TRI: Mean square difference 0.542953
Metrics: TRI: Smallest footprint deg=0, area=47380
MetricImages: Range x 0 230, y 419 625, use Nx=232, Ny=208
Approximate EM metric 0.049928 for 48256 points.
%Yellow: Tol   1.05  red   34.5  yellow   16.7  green   48.8
%Yellow: Tol   1.10  red   28.4  yellow   33.2  green   38.4
%Yellow: Tol   1.15  red   24.3  yellow   49.5  green   26.2
%Yellow: Tol   1.20  red   20.0  yellow   65.2  green   14.8
%Yellow: Tol   1.25  red   16.1  yellow   75.4  green    8.6
Triangle 4: 24000 points, corr 0.728482, fm 0.049928, yellow 0.75

Metrics: TRI: Mean square difference 0.504060
Metrics: TRI: Smallest footprint deg=0, area=46945
MetricImages: Range x 1 230, y 420 625, use Nx=230, Ny=206
Approximate EM metric 0.043671 for 47380 points.
%Yellow: Tol   1.05  red   33.0  yellow   16.4  green   50.6
%Yellow: Tol   1.10  red   28.5  yellow   36.3  green   35.2
%Yellow: Tol   1.15  red   23.7  yellow   53.4  green   22.9
%Yellow: Tol   1.20  red   19.5  yellow   67.5  green   13.0
%Yellow: Tol   1.25  red   15.5  yellow   76.2  green    8.2
Triangle 5: 23817 points, corr 0.747928, fm 0.043671, yellow 0.76

Metrics: TRI: Mean square difference 0.468018
Metrics: TRI: Smallest footprint deg=0, area=47380
MetricImages: Range x 0 230, y 626 832, use Nx=232, Ny=208
Approximate EM metric 0.043703 for 48256 points.
%Yellow: Tol   1.05  red   38.3  yellow   25.1  green   36.7
%Yellow: Tol   1.10  red   30.6  yellow   45.1  green   24.3
%Yellow: Tol   1.15  red   24.2  yellow   58.8  green   17.0
%Yellow: Tol   1.20  red   19.0  yellow   68.1  green   12.9
%Yellow: Tol   1.25  red   14.7  yellow   74.5  green   10.8
Triangle 6: 24000 points, corr 0.765950, fm 0.043703, yellow 0.75

Metrics: TRI: Mean square difference 0.318656
Metrics: TRI: Smallest footprint deg=0, area=46945
MetricImages: Range x 1 230, y 627 832, use Nx=230, Ny=206
Approximate EM metric 0.041525 for 47380 points.
%Yellow: Tol   1.05  red   33.8  yellow   33.4  green   32.8
%Yellow: Tol   1.10  red   26.1  yellow   55.1  green   18.8
%Yellow: Tol   1.15  red   20.0  yellow   67.4  green   12.6
%Yellow: Tol   1.20  red   15.1  yellow   74.8  green   10.1
%Yellow: Tol   1.25  red   11.2  yellow   79.8  green    9.0
Triangle 7: 23817 points, corr 0.840630, fm 0.041525, yellow 0.80

Metrics: TRI: Mean square difference 0.522612
Metrics: TRI: Smallest footprint deg=0, area=47380
MetricImages: Range x 0 230, y 833 1039, use Nx=232, Ny=208
Approximate EM metric 0.040414 for 48256 points.
%Yellow: Tol   1.05  red   42.8  yellow   16.2  green   41.0
%Yellow: Tol   1.10  red   35.8  yellow   32.8  green   31.4
%Yellow: Tol   1.15  red   29.0  yellow   48.2  green   22.8
%Yellow: Tol   1.20  red   22.7  yellow   58.2  green   19.1
%Yellow: Tol   1.25  red   17.0  yellow   65.6  green   17.4
Triangle 8: 24000 points, corr 0.738653, fm 0.040414, yellow 0.66

Metrics: TRI: Mean square difference 0.541821
Metrics: TRI: Smallest footprint deg=0, area=46945
MetricImages: Range x 1 230, y 834 1039, use Nx=230, Ny=206
Approximate EM metric 0.070234 for 47380 points.
%Yellow: Tol   1.05  red   38.4  yellow    9.0  green   52.6
%Yellow: Tol   1.10  red   33.7  yellow   18.1  green   48.2
%Yellow: Tol   1.15  red   28.4  yellow   33.2  green   38.4
%Yellow: Tol   1.20  red   22.9  yellow   55.9  green   21.2
%Yellow: Tol   1.25  red   17.5  yellow   72.9  green    9.7
Triangle 9: 23817 points, corr 0.729047, fm 0.070234, yellow 0.73


---- Final reports ----
STAT: Overall 239085 points, corr 0.7649, EMM 0.0636, weighted EMM 0.0474, cor+dfm 0.8284, weighted yellow 0.7368

Angle span: min, max, delta = -0.000047 -0.000047 0.000000
Mesh-Thm: 0.0012  0.0001     0.22    0.0000  0.0000     0.10 2x(LDR,LDC)=(0.20,200.00) -- OK.

Final remapping of 1431040 points.
Center 74.283439 70.278758:  1.0012  0.0001  1144.09   -0.0000  1.0000    -4.62
Mapping region 1 xy= 74.283439 70.278758 to region 1 xy= 1218.461520 65.662596
Center 142.554732 147.403385:  1.0012  0.0001  1144.09   -0.0000  1.0000    -4.62
Mapping region 1 xy= 142.554732 147.403385 to region 1 xy= 1286.816789 142.788153
Center 71.158730 274.490764:  1.0012  0.0001  1144.09   -0.0000  1.0000    -4.62
Mapping region 1 xy= 71.158730 274.490764 to region 1 xy= 1215.343828 269.884717
Center 140.566521 355.290367:  1.0012  0.0001  1144.09   -0.0000  1.0000    -4.62
Mapping region 1 xy= 140.566521 355.290367 to region 1 xy= 1284.837117 350.685383
Center 75.805603 485.636896:  1.0012  0.0001  1144.09   -0.0000  1.0000    -4.62
Mapping region 1 xy= 75.805603 485.636896 to region 1 xy= 1220.007180 481.040980
Center 149.481888 558.313037:  1.0012  0.0001  1144.09   -0.0000  1.0000    -4.62
Mapping region 1 xy= 149.481888 558.313037 to region 1 xy= 1293.773537 553.717609
Center 71.392358 688.699216:  1.0012  0.0001  1144.09   -0.0000  1.0000    -4.62
Mapping region 1 xy= 71.392358 688.699216 to region 1 xy= 1215.599382 684.113413
Center 150.370418 764.916646:  1.0012  0.0001  1144.09   -0.0000  1.0000    -4.62
Mapping region 1 xy= 150.370418 764.916646 to region 1 xy= 1294.673907 760.331283
Center 73.049299 897.177607:  1.0012  0.0001  1144.09   -0.0000  1.0000    -4.62
Mapping region 1 xy= 73.049299 897.177607 to region 1 xy= 1217.269162 892.601930
Center 147.282926 973.294040:  1.0012  0.0001  1144.09   -0.0000  1.0000    -4.62
Mapping region 1 xy= 147.282926 973.294040 to region 1 xy= 1291.593693 968.718995

Pipe: Returning 10 total transforms.

---- Summary Region-region results ----
Pipe: Table Headers {Az t r Bz t r thmok ntri}
FOUND:     1    2   1      1   11   1   1  10

---- Tabulating point matches ----
Tabulate: Rgn 1 -> 1: Keeping 10 of 10 point-pairs.

Timer: Alignment took 1.300 seconds.

main: Got 10 mapping regions.
main: Transform   0:  1.0012  0.0001  1144.09   -0.0000  1.0000    -4.62
main: Transform   1:  1.0012  0.0001  1144.09   -0.0000  1.0000    -4.62
main: Transform   2:  1.0012  0.0001  1144.09   -0.0000  1.0000    -4.62
main: Transform   3:  1.0012  0.0001  1144.09   -0.0000  1.0000    -4.62
main: Transform   4:  1.0012  0.0001  1144.09   -0.0000  1.0000    -4.62
main: Transform   5:  1.0012  0.0001  1144.09   -0.0000  1.0000    -4.62
main: Transform   6:  1.0012  0.0001  1144.09   -0.0000  1.0000    -4.62
main: Transform   7:  1.0012  0.0001  1144.09   -0.0000  1.0000    -4.62
main: Transform   8:  1.0012  0.0001  1144.09   -0.0000  1.0000    -4.62
main: Transform   9:  1.0012  0.0001  1144.09   -0.0000  1.0000    -4.62

main: Average:  1.0012  0.0001     0.00   -0.0000  1.0000     0.00
main: Degrees: -0.00268811
main: Residue:  1.0012  0.0000     0.00    0.0000  1.0000     0.00

main: Inverse:  0.9988 -0.0001    -0.00    0.0000  1.0000    -0.00
main: Degrees: 0.00268811
main: Residue:  0.9988 -0.0000     0.00   -0.0000  1.0000     0.00

main: Normal completion for dmesh run.
Timer: Total took 1.540 seconds.

---- Memory ----
Host name: h07u29.int.janelia.org
PID:       34885
User time:       1 seconds.
System time:     0 seconds.
VmPeak:	  379972 kB
VmSize:	  207696 kB
VmLck:	       0 kB
VmPin:	       0 kB
VmHWM:	  215852 kB
VmRSS:	   43296 kB
VmData:	   38300 kB
VmStk:	     164 kB
VmExe:	     832 kB
VmLib:	   85564 kB
VmPTE:	     328 kB
VmSwap:	       0 kB
voluntary_ctxt_switches:	16
nonvoluntary_ctxt_switches:	22

