
---- dmesh start ----
main: Start: Fri Sep 30 13:13:17 2016


---- Match parameters ----
PXBRO=2            <default 2>        "Max Legendre poly order for bkg removal"
PXLENS=N           <default N>        "Y=Apply IDB/lens.txt"
PXRESMSK=N         <default N>        "Y=Apply resin mask"
PXDOG=N            <default N>        "Y=Apply DoG filter"
PXDOG_R1=3         <default 3>        "DoG inner radius"
PXDOG_R2=6         <default 6>        "DoG outer radius"
FLD=N              <default X>        "Mask usage: Y=Use, N=None, X=XL only"
PRETWEAK=N         <default N>        "Y=Auto-distort before angle scan"
SCALE=1            <default 1.0>      "Image-B / image-A scale factor"
XSCALE=1           <default 1.0>      "Image-B / image-A x-axis scale factor"
YSCALE=1           <default 1.0>      "Image-B / image-A y-axis scale factor"
SKEW=0             <default 0.0>      "Transform elem[3] user-applied distortion"
MODE_SL=M          <default Z>        "Notes above"
MODE_XL=N          <default Y>        "Notes above"
TAB2DFM_SL=N       <default Y>        "Adopt Tdfm from Tab"
TAB2DFM_XL=Y       <default Y>        "Adopt Tdfm from Tab"
XYCONF_SL=1.0      <default 0.0>      "[0,1.0] confidence in Tab XY"
XYCONF_XL=0.8      <default 0.0>      "[0,1.0] confidence in Tab XY"
THMDEC_SL=8        <default 8>        "2^N thumb decimation factor"
THMDEC_XL=8        <default 8>        "2^N thumb decimation factor"
OLAP1D_SL=0        <default 0>        "Min 1D pix full-size overlap"
OLAP1D_XL=0        <default 0>        "Min 1D pix full-size overlap"
OLAP2D_SL=60000    <default 25000>    "Min 2D pix full-size overlap"
OLAP2D_XL=160000   <default 200000>   "Min 2D pix full-size overlap"
NBMXHT_SL=0.75     <default 0.75>     "Max F(neib)/F(pk) in guard zone"
NBMXHT_XL=0.75     <default 0.75>     "Max F(neib)/F(pk) in guard zone"
HFANGDN_SL=5       <default 5.0>      "Half angle search range denovo"
HFANGDN_XL=45      <default 45.0>     "Half angle search range denovo"
HFANGPR_SL=1       <default 1.0>      "Half angle search range prior angles"
HFANGPR_XL=4       <default 1.0>      "Half angle search range prior angles"
RTRSH_SL=0.3       <default 0.3>      "R corr thresh"
RTRSH_XL=0.3       <default 0.3>      "R corr thresh"
TWEAKS=N           <default N>        "Y=Try 8 near unity distortions"
LIMXY_SL=30        <default 0>        "0 or Max XY delta from Tab"
LIMXY_XL=80        <default 0>        "0 or Max XY delta from Tab"
WTHMPR=Y           <default Y>        "Y=Write ThmPair_a^b.txt entries"
OPT_SL=Y           <default Y(EM)>    "Y=Enable mesh optimizer"
RIT_SL=0.50        <default 0.20>     "Min mesh starting corr"
RIT_XL=0.1         <default 0.20>     "Min mesh starting corr"
RFA_SL=0.55        <default 0.3>      "Affine-only final corr"
RFA_XL=0.20        <default 0.3>      "Affine-only final corr"
RFT_SL=0.65        <default 0.5>      "Full mesh final corr"
RFT_XL=0.25        <default 0.5>      "Full mesh final corr"
TMC=5              <default 30.0%>    "Max single triangle area change"
TSC=9              <default 9.0%>     "Max summed triangle area change"
MNL=250            <default 300>      "Triangle edges between MNL and 2*MNL"
MTA=120000         <default 10000>    "Min triangle size (pixels)"
MMA=60000          <default 100000>   "Min 2D overlap for mesh"
ONE=N              <default N>        "Y=Use just one affine transform"
IFM=0.50           <default 0.50>     "Min Fourier Metric after affine-only"
FFM=0.65           <default 0.65>     "Min Fourier Metric after full mesh"
FYL=0.5            <default 0.50>     "Min fraction of yellow pixels"
CPD=0.5            <default 0.50>     "Min Correlation + DFM"
EMM=Y              <default Y>        "Y=Use Earth Mover's Metric, N=Use Fourier"
EMT=0.14           <default 0.2>      "Earth Movers Metric thresh"
WDI=N              <default N>        "Y=Write diff images (Fourier, EMM metrics)"
LDA=0.2            <default 0.2>      "Max radian delta between triangles"
LDR=0.1            <default 0.1>      "Max sine delta between triangles"
LDC=100            <default 100.0>    "Max XY delta between triangles"
DXY=100            <default 100.0>    "Max delta from user input XYs"
WMT=N              <default Y>        "Y=Write map.tif files"
WTT=N              <default Y>        "Y=Write tf.txt files"


---- Input images ----
Til2Img entry: A T=[ 1.0000  0.0000     0.00  0.0000  1.0000  2571.00] path=[/groups/apig/tomo/DEMO/TIF/C1_10_2.tif].
Til2Img entry: B T=[ 1.0000  0.0000     0.00  0.0000  1.0000  1714.00] path=[/groups/apig/tomo/DEMO/TIF/C1_11_2.tif].


---- Command-line overrides ----
Tdfm= 1.0000  0.0000     0.00    0.0000  1.0000     0.00
FLD=N
MODE=N (was M)
CTR=0


---- Image loading ----
Raster8FromTif: Opening [/groups/apig/tomo/DEMO/TIF/C1_10_2.tif].
Raster8FromTif: Bits per sample 8, samples per pixel 1
Raster8FromTif: Picture is 1376 by 1040, 1431040 pixels total.
TIF(8): Last Encoded strip had 1376 bytes.
Raster8FromTif: Opening [/groups/apig/tomo/DEMO/TIF/C1_11_2.tif].
Raster8FromTif: Bits per sample 8, samples per pixel 1
Raster8FromTif: Picture is 1376 by 1040, 1431040 pixels total.
TIF(8): Last Encoded strip had 1376 bytes.
PixPair: Using image scale=1.
Timer: Image conditioning took 0.240 seconds.

---- Foldmaps ----

---- Connected regions ----
Forcing single connected region.

---- Begin A-1 to B-1 ----

---- Thumbnail matching ----
Subimage: Using intersection, w=1376, h=183, pix=251808
Thumbs: After decimation 3956 pts, reqArea 937, thmscl 8
SetDisc( 0, 0, 3, 3 )
Initial: R= 4.751, A=   0.000, X=    0.26, Y=   -0.02
Peak-Disc: dR 2 dX 2 dY 0
Approx: LowRes  R=4.751, X=2.090, Y=-0.165
Approx: FullRes R=1.258, X=2.923, Y=-0.911, use=Y.
Timer: FinishAtFullRes took 0.210 seconds.
Approx: Returning A=0.000000, R=4.751026, X=2.922525, Y=856.088569
Approx: Best transform  1.0000  0.0000     2.92    0.0000  1.0000   856.09
Approx: Orig transform  1.0000  0.0000     0.00    0.0000  1.0000   857.00
Approx: Idnt transform  1.0000  0.0000     2.92    0.0000  1.0000    -0.91
Approx: err = 3.06135, max = 30

---- Starting detailed region mapping ----
Roughly 252816 pixels map to B.
Region size is [0 1373] in x, [0 183] in y.

---- Building mesh - affine ----
Computed simple triangle.

---- ImproveMesh - affine ----
Tri: (0 0) (1373 0) (686 183).

---- Matlab Vertices ----
x=[0 1373 686 0]; y=[0 0 183 0]; plot(x,y); hold on;

---- ImproveControlPts ----
STAT: ImproveCpt: Initial affine correlation 0.761169 (252816 pixels).
corr=0.761169	step=10.000000
corr=0.761169	step=5.000000
corr=0.761169	step=2.500000
corr=0.761169	step=1.250000
corr=0.799467	step=1.250000
corr=0.799467	step=0.625000
corr=0.799467	step=0.312500
corr=0.799467	step=0.156250
corr=0.799643	step=0.156250
corr=0.799643	step=0.078125
STAT: ImproveCpt: Final affine correlation 0.799643, (threshold 0.550000).

---- Matlab A-Sys Originals ----
x=[0.000000 1373.000000 686.000000 0.000000]; y=[0.000000 0.000000 183.000000 0.000000]; plot(x,y); hold on;

---- Matlab B-Sys Originals ----
x=[2.922525 1375.922525 688.922525 2.922525]; y=[856.088569 856.088569 1039.088569 856.088569]; plot(x,y); hold on;

---- Matlab B-Sys Optimized ----
x=[3.151586 1376.277264 689.560376 3.151586]; y=[855.848280 855.787032 1038.407170 855.848280]; plot(x,y); hold on;

---- Deltas ----
id=     0: dx=    0.23 dy=   -0.24 d=    0.33
id=     1: dx=    0.35 dy=   -0.30 d=    0.47
id=     2: dx=    0.64 dy=   -0.68 d=    0.93

---- Areas ----
Triangle 0, area was   125629.5, is   125359.2,   -0.2%
Combined: area was   125629.5, is   125359.2,   -0.2%

---- Transforms ----
 1.0001  0.0019     3.15   -0.0000  0.9978   855.85
Best affine transform:  1.0001  0.0019     3.15   -0.0000  0.9978   855.85
    Inverse transform:  0.9999 -0.0019    -1.53    0.0000  1.0022  -857.77

---- QC - affine ----
Metrics: AFF: Mean square difference 0.400940
Metrics: AFF: Smallest footprint deg=0, area=250893
MetricImages: Range x 0 1371, y 0 183, use Nx=1372, Ny=184
Approximate EM metric 0.050898 for 252448 points.
%Yellow: Tol   1.05  red   33.8  yellow   25.3  green   40.9
%Yellow: Tol   1.10  red   26.6  yellow   46.3  green   27.2
%Yellow: Tol   1.15  red   21.1  yellow   59.6  green   19.4
%Yellow: Tol   1.20  red   16.6  yellow   68.8  green   14.5
%Yellow: Tol   1.25  red   13.0  yellow   75.7  green   11.3
Affine Triangle: 252448 points, corr 0.799526, fm 0.050898, yellow 0.76

---- Building mesh - deformable ----
Lx Dx Nx:  1373   228.00   6
Ly Dy Ny:   183   183.00   1

STAT: From 252816 pts, got 12 triangles, 14 control points.
Timer: MeshCreate took 0.010 seconds.

---- ImproveMesh - deformable mesh ----
Tri: (0 0) (228 0) (0 183).
Tri: (0 183) (228 0) (228 183).
Tri: (228 0) (456 0) (228 183).
Tri: (228 183) (456 0) (456 183).
Tri: (456 0) (684 0) (456 183).
Tri: (456 183) (684 0) (684 183).
Tri: (684 0) (912 0) (684 183).
Tri: (684 183) (912 0) (912 183).
Tri: (912 0) (1140 0) (912 183).
Tri: (912 183) (1140 0) (1140 183).
Tri: (1140 0) (1373 0) (1140 183).
Tri: (1140 183) (1373 0) (1373 183).

---- Matlab Vertices ----
x=[0 228 0 0]; y=[0 0 183 0]; plot(x,y); hold on;
x=[0 228 228 0]; y=[183 0 183 183]; plot(x,y); hold on;
x=[228 456 228 228]; y=[0 0 183 0]; plot(x,y); hold on;
x=[228 456 456 228]; y=[183 0 183 183]; plot(x,y); hold on;
x=[456 684 456 456]; y=[0 0 183 0]; plot(x,y); hold on;
x=[456 684 684 456]; y=[183 0 183 183]; plot(x,y); hold on;
x=[684 912 684 684]; y=[0 0 183 0]; plot(x,y); hold on;
x=[684 912 912 684]; y=[183 0 183 183]; plot(x,y); hold on;
x=[912 1140 912 912]; y=[0 0 183 0]; plot(x,y); hold on;
x=[912 1140 1140 912]; y=[183 0 183 183]; plot(x,y); hold on;
x=[1140 1373 1140 1140]; y=[0 0 183 0]; plot(x,y); hold on;
x=[1140 1373 1373 1140]; y=[183 0 183 183]; plot(x,y); hold on;

---- ImproveControlPts ----
STAT: ImproveCpt: Initial deformable mesh correlation 0.799643 (252816 pixels).
corr=0.799643	step=10.000000
corr=0.799643	step=5.000000
corr=0.799643	step=2.500000
corr=0.799643	step=1.250000
corr=0.799643	step=0.625000
STAT: ImproveCpt: Final deformable mesh correlation 0.799643, (threshold 0.650000).

---- Matlab A-Sys Originals ----
x=[0.000000 228.000000 0.000000 0.000000]; y=[0.000000 0.000000 183.000000 0.000000]; plot(x,y); hold on;
x=[0.000000 228.000000 228.000000 0.000000]; y=[183.000000 0.000000 183.000000 183.000000]; plot(x,y); hold on;
x=[228.000000 456.000000 228.000000 228.000000]; y=[0.000000 0.000000 183.000000 0.000000]; plot(x,y); hold on;
x=[228.000000 456.000000 456.000000 228.000000]; y=[183.000000 0.000000 183.000000 183.000000]; plot(x,y); hold on;
x=[456.000000 684.000000 456.000000 456.000000]; y=[0.000000 0.000000 183.000000 0.000000]; plot(x,y); hold on;
x=[456.000000 684.000000 684.000000 456.000000]; y=[183.000000 0.000000 183.000000 183.000000]; plot(x,y); hold on;
x=[684.000000 912.000000 684.000000 684.000000]; y=[0.000000 0.000000 183.000000 0.000000]; plot(x,y); hold on;
x=[684.000000 912.000000 912.000000 684.000000]; y=[183.000000 0.000000 183.000000 183.000000]; plot(x,y); hold on;
x=[912.000000 1140.000000 912.000000 912.000000]; y=[0.000000 0.000000 183.000000 0.000000]; plot(x,y); hold on;
x=[912.000000 1140.000000 1140.000000 912.000000]; y=[183.000000 0.000000 183.000000 183.000000]; plot(x,y); hold on;
x=[1140.000000 1373.000000 1140.000000 1140.000000]; y=[0.000000 0.000000 183.000000 0.000000]; plot(x,y); hold on;
x=[1140.000000 1373.000000 1373.000000 1140.000000]; y=[183.000000 0.000000 183.000000 183.000000]; plot(x,y); hold on;

---- Matlab B-Sys Originals ----
x=[3.151586 231.172456 3.497582 3.151586]; y=[855.848280 855.838109 1038.437771 855.848280]; plot(x,y); hold on;
x=[3.497582 231.172456 231.518453 3.497582]; y=[1038.437771 855.838109 1038.427601 1038.437771]; plot(x,y); hold on;
x=[231.172456 459.193326 231.518453 231.172456]; y=[855.838109 855.827939 1038.427601 855.838109]; plot(x,y); hold on;
x=[231.518453 459.193326 459.539323 231.518453]; y=[1038.427601 855.827939 1038.417430 1038.427601]; plot(x,y); hold on;
x=[459.193326 687.214196 459.539323 459.193326]; y=[855.827939 855.817768 1038.417430 855.827939]; plot(x,y); hold on;
x=[459.539323 687.214196 687.560193 459.539323]; y=[1038.417430 855.817768 1038.407259 1038.417430]; plot(x,y); hold on;
x=[687.214196 915.235066 687.560193 687.214196]; y=[855.817768 855.807597 1038.407259 855.817768]; plot(x,y); hold on;
x=[687.560193 915.235066 915.581063 687.560193]; y=[1038.407259 855.807597 1038.397088 1038.407259]; plot(x,y); hold on;
x=[915.235066 1143.255937 915.581063 915.235066]; y=[855.807597 855.797426 1038.397088 855.807597]; plot(x,y); hold on;
x=[915.581063 1143.255937 1143.601933 915.581063]; y=[1038.397088 855.797426 1038.386918 1038.397088]; plot(x,y); hold on;
x=[1143.255937 1376.277264 1143.601933 1143.255937]; y=[855.797426 855.787032 1038.386918 855.797426]; plot(x,y); hold on;
x=[1143.601933 1376.277264 1376.623261 1143.601933]; y=[1038.386918 855.787032 1038.376524 1038.386918]; plot(x,y); hold on;

---- Matlab B-Sys Optimized ----
x=[3.151586 231.172456 3.497582 3.151586]; y=[855.848280 855.838109 1038.437771 855.848280]; plot(x,y); hold on;
x=[3.497582 231.172456 231.518453 3.497582]; y=[1038.437771 855.838109 1038.427601 1038.437771]; plot(x,y); hold on;
x=[231.172456 459.193326 231.518453 231.172456]; y=[855.838109 855.827939 1038.427601 855.838109]; plot(x,y); hold on;
x=[231.518453 459.193326 459.539323 231.518453]; y=[1038.427601 855.827939 1038.417430 1038.427601]; plot(x,y); hold on;
x=[459.193326 687.214196 459.539323 459.193326]; y=[855.827939 855.817768 1038.417430 855.827939]; plot(x,y); hold on;
x=[459.539323 687.214196 687.560193 459.539323]; y=[1038.417430 855.817768 1038.407259 1038.417430]; plot(x,y); hold on;
x=[687.214196 915.235066 687.560193 687.214196]; y=[855.817768 855.807597 1038.407259 855.817768]; plot(x,y); hold on;
x=[687.560193 915.235066 915.581063 687.560193]; y=[1038.407259 855.807597 1038.397088 1038.407259]; plot(x,y); hold on;
x=[915.235066 1143.255937 915.581063 915.235066]; y=[855.807597 855.797426 1038.397088 855.807597]; plot(x,y); hold on;
x=[915.581063 1143.255937 1143.601933 915.581063]; y=[1038.397088 855.797426 1038.386918 1038.397088]; plot(x,y); hold on;
x=[1143.255937 1376.277264 1143.601933 1143.255937]; y=[855.797426 855.787032 1038.386918 855.797426]; plot(x,y); hold on;
x=[1143.601933 1376.277264 1376.623261 1143.601933]; y=[1038.386918 855.787032 1038.376524 1038.386918]; plot(x,y); hold on;

---- Deltas ----
id=     0: dx=    0.00 dy=    0.00 d=    0.00
id=     1: dx=    0.00 dy=    0.00 d=    0.00
id=     2: dx=    0.00 dy=    0.00 d=    0.00
id=     3: dx=    0.00 dy=    0.00 d=    0.00
id=     4: dx=    0.00 dy=    0.00 d=    0.00
id=     5: dx=    0.00 dy=    0.00 d=    0.00
id=     6: dx=    0.00 dy=    0.00 d=    0.00
id=     7: dx=    0.00 dy=    0.00 d=    0.00
id=     8: dx=    0.00 dy=    0.00 d=    0.00
id=     9: dx=    0.00 dy=    0.00 d=    0.00
id=    10: dx=    0.00 dy=    0.00 d=    0.00
id=    11: dx=    0.00 dy=    0.00 d=    0.00
id=    12: dx=    0.00 dy=    0.00 d=    0.00
id=    13: dx=    0.00 dy=    0.00 d=    0.00

---- Areas ----
Triangle 0, area was    20862.0, is    20817.1,   -0.2%
Triangle 1, area was    20862.0, is    20817.1,   -0.2%
Triangle 2, area was    20862.0, is    20817.1,   -0.2%
Triangle 3, area was    20862.0, is    20817.1,   -0.2%
Triangle 4, area was    20862.0, is    20817.1,   -0.2%
Triangle 5, area was    20862.0, is    20817.1,   -0.2%
Triangle 6, area was    20862.0, is    20817.1,   -0.2%
Triangle 7, area was    20862.0, is    20817.1,   -0.2%
Triangle 8, area was    20862.0, is    20817.1,   -0.2%
Triangle 9, area was    20862.0, is    20817.1,   -0.2%
Triangle 10, area was    21319.5, is    21273.6,   -0.2%
Triangle 11, area was    21319.5, is    21273.6,   -0.2%
Combined: area was   251259.0, is   250718.3,   -0.2%

---- Transforms ----
 1.0001  0.0019     3.15   -0.0000  0.9978   855.85
 1.0001  0.0019     3.15   -0.0000  0.9978   855.85
 1.0001  0.0019     3.15   -0.0000  0.9978   855.85
 1.0001  0.0019     3.15   -0.0000  0.9978   855.85
 1.0001  0.0019     3.15   -0.0000  0.9978   855.85
 1.0001  0.0019     3.15   -0.0000  0.9978   855.85
 1.0001  0.0019     3.15   -0.0000  0.9978   855.85
 1.0001  0.0019     3.15   -0.0000  0.9978   855.85
 1.0001  0.0019     3.15   -0.0000  0.9978   855.85
 1.0001  0.0019     3.15   -0.0000  0.9978   855.85
 1.0001  0.0019     3.15   -0.0000  0.9978   855.85
 1.0001  0.0019     3.15   -0.0000  0.9978   855.85

---- QC - deformable ----
Remapping 1431040 points.
Metrics: DEF: Mean square difference 0.400940
Metrics: DEF: Smallest footprint deg=0, area=250893
MetricImages: Range x 0 1371, y 0 183, use Nx=1372, Ny=184
Approximate EM metric 0.050898 for 252448 points.
All points, deformable, dfm 0.050898

Metrics: TRI: Mean square difference 0.389380
Metrics: TRI: Smallest footprint deg=0, area=41724
MetricImages: Range x 0 228, y 0 183, use Nx=230, Ny=184
Approximate EM metric 0.037298 for 42320 points.
%Yellow: Tol   1.05  red   33.7  yellow   35.0  green   31.3
%Yellow: Tol   1.10  red   22.7  yellow   57.5  green   19.8
%Yellow: Tol   1.15  red   16.1  yellow   70.4  green   13.5
%Yellow: Tol   1.20  red   11.9  yellow   78.1  green   10.0
%Yellow: Tol   1.25  red    9.3  yellow   82.9  green    7.9
Triangle 0: 21070 points, corr 0.805263, fm 0.037298, yellow 0.83

Metrics: TRI: Mean square difference 0.530493
Metrics: TRI: Smallest footprint deg=0, area=41314
MetricImages: Range x 1 228, y 1 183, use Nx=228, Ny=184
Approximate EM metric 0.035944 for 41952 points.
%Yellow: Tol   1.05  red   37.0  yellow   25.6  green   37.4
%Yellow: Tol   1.10  red   28.9  yellow   44.0  green   27.1
%Yellow: Tol   1.15  red   23.0  yellow   56.3  green   20.7
%Yellow: Tol   1.20  red   18.3  yellow   64.8  green   16.9
%Yellow: Tol   1.25  red   14.6  yellow   71.5  green   13.9
Triangle 1: 21066 points, corr 0.734706, fm 0.035944, yellow 0.71

Metrics: TRI: Mean square difference 0.479587
Metrics: TRI: Smallest footprint deg=0, area=41314
MetricImages: Range x 229 456, y 0 182, use Nx=228, Ny=184
Approximate EM metric 0.028599 for 41952 points.
%Yellow: Tol   1.05  red   33.7  yellow   26.6  green   39.7
%Yellow: Tol   1.10  red   26.7  yellow   44.8  green   28.4
%Yellow: Tol   1.15  red   21.7  yellow   56.7  green   21.6
%Yellow: Tol   1.20  red   17.7  yellow   65.3  green   16.9
%Yellow: Tol   1.25  red   14.2  yellow   72.3  green   13.5
Triangle 2: 20886 points, corr 0.760159, fm 0.028599, yellow 0.72

Metrics: TRI: Mean square difference 0.533281
Metrics: TRI: Smallest footprint deg=0, area=41314
MetricImages: Range x 229 456, y 1 183, use Nx=228, Ny=184
Approximate EM metric 0.032907 for 41952 points.
%Yellow: Tol   1.05  red   30.9  yellow   26.5  green   42.6
%Yellow: Tol   1.10  red   24.8  yellow   43.8  green   31.4
%Yellow: Tol   1.15  red   21.3  yellow   56.6  green   22.1
%Yellow: Tol   1.20  red   18.0  yellow   66.2  green   15.8
%Yellow: Tol   1.25  red   14.2  yellow   74.4  green   11.4
Triangle 3: 21066 points, corr 0.733312, fm 0.032907, yellow 0.74

Metrics: TRI: Mean square difference 0.603731
Metrics: TRI: Smallest footprint deg=0, area=41314
MetricImages: Range x 457 684, y 0 182, use Nx=228, Ny=184
Approximate EM metric 0.031189 for 41952 points.
%Yellow: Tol   1.05  red   34.0  yellow   23.0  green   43.0
%Yellow: Tol   1.10  red   29.6  yellow   36.9  green   33.5
%Yellow: Tol   1.15  red   25.5  yellow   50.1  green   24.4
%Yellow: Tol   1.20  red   21.0  yellow   60.8  green   18.1
%Yellow: Tol   1.25  red   17.6  yellow   68.6  green   13.8
Triangle 4: 20886 points, corr 0.698087, fm 0.031189, yellow 0.69

Metrics: TRI: Mean square difference 0.349647
Metrics: TRI: Smallest footprint deg=0, area=41314
MetricImages: Range x 457 684, y 1 183, use Nx=228, Ny=184
Approximate EM metric 0.033413 for 41952 points.
%Yellow: Tol   1.05  red   32.2  yellow   30.0  green   37.8
%Yellow: Tol   1.10  red   24.9  yellow   51.1  green   24.0
%Yellow: Tol   1.15  red   19.1  yellow   63.7  green   17.2
%Yellow: Tol   1.20  red   14.8  yellow   72.4  green   12.8
%Yellow: Tol   1.25  red   11.5  yellow   78.7  green    9.7
Triangle 5: 21066 points, corr 0.825129, fm 0.033413, yellow 0.79

Metrics: TRI: Mean square difference 0.410145
Metrics: TRI: Smallest footprint deg=0, area=41314
MetricImages: Range x 685 912, y 0 182, use Nx=228, Ny=184
Approximate EM metric 0.029250 for 41952 points.
%Yellow: Tol   1.05  red   34.1  yellow   28.0  green   37.8
%Yellow: Tol   1.10  red   26.8  yellow   47.6  green   25.7
%Yellow: Tol   1.15  red   21.4  yellow   59.4  green   19.1
%Yellow: Tol   1.20  red   17.2  yellow   67.3  green   15.5
%Yellow: Tol   1.25  red   13.7  yellow   73.8  green   12.5
Triangle 6: 20886 points, corr 0.794880, fm 0.029250, yellow 0.74

Metrics: TRI: Mean square difference 0.349516
Metrics: TRI: Smallest footprint deg=0, area=41314
MetricImages: Range x 685 912, y 1 183, use Nx=228, Ny=184
Approximate EM metric 0.029410 for 41952 points.
%Yellow: Tol   1.05  red   34.2  yellow   33.8  green   32.0
%Yellow: Tol   1.10  red   26.4  yellow   52.5  green   21.1
%Yellow: Tol   1.15  red   20.4  yellow   63.3  green   16.3
%Yellow: Tol   1.20  red   15.6  yellow   70.9  green   13.5
%Yellow: Tol   1.25  red   11.8  yellow   76.8  green   11.3
Triangle 7: 21066 points, corr 0.825194, fm 0.029410, yellow 0.77

Metrics: TRI: Mean square difference 0.671248
Metrics: TRI: Smallest footprint deg=0, area=41314
MetricImages: Range x 913 1140, y 0 182, use Nx=228, Ny=184
Approximate EM metric 0.037969 for 41952 points.
%Yellow: Tol   1.05  red   39.6  yellow   20.7  green   39.7
%Yellow: Tol   1.10  red   32.7  yellow   38.5  green   28.9
%Yellow: Tol   1.15  red   26.6  yellow   52.1  green   21.3
%Yellow: Tol   1.20  red   21.7  yellow   61.3  green   17.0
%Yellow: Tol   1.25  red   18.1  yellow   67.3  green   14.6
Triangle 8: 20886 points, corr 0.664328, fm 0.037969, yellow 0.67

Metrics: TRI: Mean square difference 0.474101
Metrics: TRI: Smallest footprint deg=0, area=41314
MetricImages: Range x 913 1140, y 1 183, use Nx=228, Ny=184
Approximate EM metric 0.039061 for 41952 points.
%Yellow: Tol   1.05  red   37.0  yellow   27.9  green   35.2
%Yellow: Tol   1.10  red   28.7  yellow   47.4  green   23.9
%Yellow: Tol   1.15  red   22.3  yellow   60.5  green   17.2
%Yellow: Tol   1.20  red   17.6  yellow   69.2  green   13.2
%Yellow: Tol   1.25  red   13.8  yellow   75.3  green   11.0
Triangle 9: 21066 points, corr 0.762902, fm 0.039061, yellow 0.75

Metrics: TRI: Mean square difference 0.349369
Metrics: TRI: Smallest footprint deg=0, area=41860
MetricImages: Range x 1141 1371, y 0 182, use Nx=232, Ny=184
Approximate EM metric 0.038355 for 42688 points.
%Yellow: Tol   1.05  red   35.0  yellow   27.0  green   38.0
%Yellow: Tol   1.10  red   27.7  yellow   47.1  green   25.2
%Yellow: Tol   1.15  red   21.8  yellow   58.3  green   20.0
%Yellow: Tol   1.20  red   17.0  yellow   66.3  green   16.8
%Yellow: Tol   1.25  red   12.8  yellow   73.0  green   14.1
Triangle 10: 21343 points, corr 0.825269, fm 0.038355, yellow 0.73

Metrics: TRI: Mean square difference 0.631385
Metrics: TRI: Smallest footprint deg=0, area=41630
MetricImages: Range x 1141 1371, y 2 183, use Nx=232, Ny=182
Approximate EM metric 0.048592 for 42224 points.
%Yellow: Tol   1.05  red   37.1  yellow   11.3  green   51.6
%Yellow: Tol   1.10  red   32.4  yellow   26.8  green   40.8
%Yellow: Tol   1.15  red   27.4  yellow   39.3  green   33.3
%Yellow: Tol   1.20  red   22.3  yellow   57.1  green   20.6
%Yellow: Tol   1.25  red   17.7  yellow   69.5  green   12.8
Triangle 11: 21161 points, corr 0.684260, fm 0.048592, yellow 0.70


---- Final reports ----
STAT: Overall 252448 points, corr 0.7996, EMM 0.0509, weighted EMM 0.0352, cor+dfm 0.8505, weighted yellow 0.7369

Angle span: min, max, delta = -0.000969 -0.000969 0.000000
Mesh-Thm: 0.0001  0.0019     0.23    0.0000  0.0022     0.24 2x(LDR,LDC)=(0.20,200.00) -- OK.

Final remapping of 1431040 points.
Center 73.002690 58.594264:  1.0001  0.0019     3.15   -0.0000  0.9978   855.85
Mapping region 1 xy= 73.002690 58.594264 to region 1 xy= 76.271742 914.307848
Center 140.096892 126.776905:  1.0001  0.0019     3.15   -0.0000  0.9978   855.85
Mapping region 1 xy= 140.096892 126.776905 to region 1 xy= 143.500998 982.334548
Center 297.931856 56.129516:  1.0001  0.0019     3.15   -0.0000  0.9978   855.85
Mapping region 1 xy= 297.931856 56.129516 to region 1 xy= 301.216837 911.838595
Center 366.142960 127.561049:  1.0001  0.0019     3.15   -0.0000  0.9978   855.85
Mapping region 1 xy= 366.142960 127.561049 to region 1 xy= 369.569240 983.106849
Center 530.498610 59.794937:  1.0001  0.0019     3.15   -0.0000  0.9978   855.85
Mapping region 1 xy= 530.498610 59.794937 to region 1 xy= 533.811809 915.485419
Center 602.904614 124.044859:  1.0001  0.0019     3.15   -0.0000  0.9978   855.85
Mapping region 1 xy= 602.904614 124.044859 to region 1 xy= 606.345918 979.587985
Center 754.161455 56.313799:  1.0001  0.0019     3.15   -0.0000  0.9978   855.85
Mapping region 1 xy= 754.161455 56.313799 to region 1 xy= 757.488546 912.002113
Center 831.777824 123.694426:  1.0001  0.0019     3.15   -0.0000  0.9978   855.85
Mapping region 1 xy= 831.777824 123.694426 to region 1 xy= 835.239416 979.228128
Center 983.789828 57.620783:  1.0001  0.0019     3.15   -0.0000  0.9978   855.85
Mapping region 1 xy= 983.789828 57.620783 to region 1 xy= 987.140409 913.295922
Center 1056.743565 124.912122:  1.0001  0.0019     3.15   -0.0000  0.9978   855.85
Mapping region 1 xy= 1056.743565 124.912122 to region 1 xy= 1060.228051 980.433057
Center 1212.782436 57.163887:  1.0001  0.0019     3.15   -0.0000  0.9978   855.85
Mapping region 1 xy= 1212.782436 57.163887 to region 1 xy= 1216.153114 912.829836
Center 1289.667015 124.225185:  1.0001  0.0019     3.15   -0.0000  0.9978   855.85
Mapping region 1 xy= 1289.667015 124.225185 to region 1 xy= 1293.171522 979.737271

Pipe: Returning 12 total transforms.

---- Summary Region-region results ----
Pipe: Table Headers {Az t r Bz t r thmok ntri}
FOUND:     2   10   1      2   11   1   1  12

---- Tabulating point matches ----
Tabulate: Rgn 1 -> 1: Keeping 12 of 12 point-pairs.

Timer: Alignment took 1.500 seconds.

main: Got 12 mapping regions.
main: Transform   0:  1.0001  0.0019     3.15   -0.0000  0.9978   855.85
main: Transform   1:  1.0001  0.0019     3.15   -0.0000  0.9978   855.85
main: Transform   2:  1.0001  0.0019     3.15   -0.0000  0.9978   855.85
main: Transform   3:  1.0001  0.0019     3.15   -0.0000  0.9978   855.85
main: Transform   4:  1.0001  0.0019     3.15   -0.0000  0.9978   855.85
main: Transform   5:  1.0001  0.0019     3.15   -0.0000  0.9978   855.85
main: Transform   6:  1.0001  0.0019     3.15   -0.0000  0.9978   855.85
main: Transform   7:  1.0001  0.0019     3.15   -0.0000  0.9978   855.85
main: Transform   8:  1.0001  0.0019     3.15   -0.0000  0.9978   855.85
main: Transform   9:  1.0001  0.0019     3.15   -0.0000  0.9978   855.85
main: Transform  10:  1.0001  0.0019     3.15   -0.0000  0.9978   855.85
main: Transform  11:  1.0001  0.0019     3.15   -0.0000  0.9978   855.85

main: Average:  1.0001  0.0019     0.00   -0.0000  0.9978     0.00
main: Degrees: -0.055502
main: Residue:  1.0001  0.0009     0.00    0.0009  0.9978     0.00

main: Inverse:  0.9999 -0.0019    -0.00    0.0000  1.0022    -0.00
main: Degrees: 0.055502
main: Residue:  0.9999 -0.0009     0.00   -0.0009  1.0022     0.00

main: Normal completion for dmesh run.
Timer: Total took 1.740 seconds.

---- Memory ----
Host name: h07u26.int.janelia.org
PID:       37162
User time:       1 seconds.
System time:     0 seconds.
VmPeak:	  380068 kB
VmSize:	  217292 kB
VmLck:	       0 kB
VmPin:	       0 kB
VmHWM:	  216760 kB
VmRSS:	   53568 kB
VmData:	   47896 kB
VmStk:	     164 kB
VmExe:	     832 kB
VmLib:	   85564 kB
VmPTE:	     352 kB
VmSwap:	       0 kB
voluntary_ctxt_switches:	16
nonvoluntary_ctxt_switches:	25

