
---- dmesh start ----
main: Start: Fri Sep 30 13:13:14 2016


---- Match parameters ----
PXBRO=2            <default 2>        "Max Legendre poly order for bkg removal"
PXLENS=N           <default N>        "Y=Apply IDB/lens.txt"
PXRESMSK=N         <default N>        "Y=Apply resin mask"
PXDOG=N            <default N>        "Y=Apply DoG filter"
PXDOG_R1=3         <default 3>        "DoG inner radius"
PXDOG_R2=6         <default 6>        "DoG outer radius"
FLD=N              <default X>        "Mask usage: Y=Use, N=None, X=XL only"
PRETWEAK=N         <default N>        "Y=Auto-distort before angle scan"
SCALE=1            <default 1.0>      "Image-B / image-A scale factor"
XSCALE=1           <default 1.0>      "Image-B / image-A x-axis scale factor"
YSCALE=1           <default 1.0>      "Image-B / image-A y-axis scale factor"
SKEW=0             <default 0.0>      "Transform elem[3] user-applied distortion"
MODE_SL=M          <default Z>        "Notes above"
MODE_XL=N          <default Y>        "Notes above"
TAB2DFM_SL=N       <default Y>        "Adopt Tdfm from Tab"
TAB2DFM_XL=Y       <default Y>        "Adopt Tdfm from Tab"
XYCONF_SL=1.0      <default 0.0>      "[0,1.0] confidence in Tab XY"
XYCONF_XL=0.8      <default 0.0>      "[0,1.0] confidence in Tab XY"
THMDEC_SL=8        <default 8>        "2^N thumb decimation factor"
THMDEC_XL=8        <default 8>        "2^N thumb decimation factor"
OLAP1D_SL=0        <default 0>        "Min 1D pix full-size overlap"
OLAP1D_XL=0        <default 0>        "Min 1D pix full-size overlap"
OLAP2D_SL=60000    <default 25000>    "Min 2D pix full-size overlap"
OLAP2D_XL=160000   <default 200000>   "Min 2D pix full-size overlap"
NBMXHT_SL=0.75     <default 0.75>     "Max F(neib)/F(pk) in guard zone"
NBMXHT_XL=0.75     <default 0.75>     "Max F(neib)/F(pk) in guard zone"
HFANGDN_SL=5       <default 5.0>      "Half angle search range denovo"
HFANGDN_XL=45      <default 45.0>     "Half angle search range denovo"
HFANGPR_SL=1       <default 1.0>      "Half angle search range prior angles"
HFANGPR_XL=4       <default 1.0>      "Half angle search range prior angles"
RTRSH_SL=0.3       <default 0.3>      "R corr thresh"
RTRSH_XL=0.3       <default 0.3>      "R corr thresh"
TWEAKS=N           <default N>        "Y=Try 8 near unity distortions"
LIMXY_SL=30        <default 0>        "0 or Max XY delta from Tab"
LIMXY_XL=80        <default 0>        "0 or Max XY delta from Tab"
WTHMPR=Y           <default Y>        "Y=Write ThmPair_a^b.txt entries"
OPT_SL=Y           <default Y(EM)>    "Y=Enable mesh optimizer"
RIT_SL=0.50        <default 0.20>     "Min mesh starting corr"
RIT_XL=0.1         <default 0.20>     "Min mesh starting corr"
RFA_SL=0.55        <default 0.3>      "Affine-only final corr"
RFA_XL=0.20        <default 0.3>      "Affine-only final corr"
RFT_SL=0.65        <default 0.5>      "Full mesh final corr"
RFT_XL=0.25        <default 0.5>      "Full mesh final corr"
TMC=5              <default 30.0%>    "Max single triangle area change"
TSC=9              <default 9.0%>     "Max summed triangle area change"
MNL=250            <default 300>      "Triangle edges between MNL and 2*MNL"
MTA=120000         <default 10000>    "Min triangle size (pixels)"
MMA=60000          <default 100000>   "Min 2D overlap for mesh"
ONE=N              <default N>        "Y=Use just one affine transform"
IFM=0.50           <default 0.50>     "Min Fourier Metric after affine-only"
FFM=0.65           <default 0.65>     "Min Fourier Metric after full mesh"
FYL=0.5            <default 0.50>     "Min fraction of yellow pixels"
CPD=0.5            <default 0.50>     "Min Correlation + DFM"
EMM=Y              <default Y>        "Y=Use Earth Mover's Metric, N=Use Fourier"
EMT=0.14           <default 0.2>      "Earth Movers Metric thresh"
WDI=N              <default N>        "Y=Write diff images (Fourier, EMM metrics)"
LDA=0.2            <default 0.2>      "Max radian delta between triangles"
LDR=0.1            <default 0.1>      "Max sine delta between triangles"
LDC=100            <default 100.0>    "Max XY delta between triangles"
DXY=100            <default 100.0>    "Max delta from user input XYs"
WMT=N              <default Y>        "Y=Write map.tif files"
WTT=N              <default Y>        "Y=Write tf.txt files"


---- Input images ----
Til2Img entry: A T=[ 1.0000  0.0000  1142.00  0.0000  1.0000  3428.00] path=[/groups/apig/tomo/DEMO/TIF/C1_4_2.tif].
Til2Img entry: B T=[ 1.0000  0.0000     0.00  0.0000  1.0000  3428.00] path=[/groups/apig/tomo/DEMO/TIF/C1_9_2.tif].


---- Command-line overrides ----
Tdfm= 1.0000  0.0000     0.00    0.0000  1.0000     0.00
FLD=N
MODE=N (was M)
CTR=0


---- Image loading ----
Raster8FromTif: Opening [/groups/apig/tomo/DEMO/TIF/C1_4_2.tif].
Raster8FromTif: Bits per sample 8, samples per pixel 1
Raster8FromTif: Picture is 1376 by 1040, 1431040 pixels total.
TIF(8): Last Encoded strip had 1376 bytes.
Raster8FromTif: Opening [/groups/apig/tomo/DEMO/TIF/C1_9_2.tif].
Raster8FromTif: Bits per sample 8, samples per pixel 1
Raster8FromTif: Picture is 1376 by 1040, 1431040 pixels total.
TIF(8): Last Encoded strip had 1376 bytes.
PixPair: Using image scale=1.
Timer: Image conditioning took 0.280 seconds.

---- Foldmaps ----

---- Connected regions ----
Forcing single connected region.

---- Begin A-1 to B-1 ----

---- Thumbnail matching ----
Subimage: Using intersection, w=234, h=1040, pix=243360
Thumbs: After decimation 3900 pts, reqArea 937, thmscl 8
SetDisc( 0, 0, 3, 3 )
Initial: R= 3.174, A=   0.000, X=    0.66, Y=   -0.50
Peak-Disc: dR 6 dX 5 dY -4
Approx: LowRes  R=3.174, X=5.254, Y=-4.011
Approx: FullRes R=1.143, X=4.472, Y=-4.385, use=Y.
Timer: FinishAtFullRes took 0.240 seconds.
Approx: Returning A=0.000000, R=3.173795, X=1146.472410, Y=-4.384835
Approx: Best transform  1.0000  0.0000  1146.47    0.0000  1.0000    -4.38
Approx: Orig transform  1.0000  0.0000  1142.00    0.0000  1.0000     0.00
Approx: Idnt transform  1.0000  0.0000     4.47    0.0000  1.0000    -4.38
Approx: err = 6.26332, max = 30

---- Starting detailed region mapping ----
Roughly 238280 pixels map to B.
Region size is [0 229] in x, [4 1039] in y.

---- Building mesh - affine ----
Computed simple triangle.

---- ImproveMesh - affine ----
Tri: (0 4) (229 521) (0 1039).

---- Matlab Vertices ----
x=[0 229 0 0]; y=[4 521 1039 4]; plot(x,y); hold on;

---- ImproveControlPts ----
STAT: ImproveCpt: Initial affine correlation 0.708317 (238280 pixels).
corr=0.708317	step=10.000000
corr=0.708317	step=5.000000
corr=0.708317	step=2.500000
corr=0.708317	step=1.250000
corr=0.708317	step=0.625000
STAT: ImproveCpt: Final affine correlation 0.708317, (threshold 0.550000).

---- Matlab A-Sys Originals ----
x=[0.000000 229.000000 0.000000 0.000000]; y=[4.000000 521.000000 1039.000000 4.000000]; plot(x,y); hold on;

---- Matlab B-Sys Originals ----
x=[1146.472410 1375.472410 1146.472410 1146.472410]; y=[-0.384835 516.615165 1034.615165 -0.384835]; plot(x,y); hold on;

---- Matlab B-Sys Optimized ----
x=[1146.472410 1375.472410 1146.472410 1146.472410]; y=[-0.384835 516.615165 1034.615165 -0.384835]; plot(x,y); hold on;

---- Deltas ----
id=     0: dx=    0.00 dy=    0.00 d=    0.00
id=     1: dx=    0.00 dy=    0.00 d=    0.00
id=     2: dx=    0.00 dy=    0.00 d=    0.00

---- Areas ----
Triangle 0, area was   118507.5, is   118507.5,    0.0%
Combined: area was   118507.5, is   118507.5,    0.0%

---- Transforms ----
 1.0000  0.0000  1146.47    0.0000  1.0000    -4.38
Best affine transform:  1.0000  0.0000  1146.47    0.0000  1.0000    -4.38
    Inverse transform:  1.0000 -0.0000 -1146.47   -0.0000  1.0000     4.38

---- QC - affine ----
Metrics: AFF: Mean square difference 0.581405
Metrics: AFF: Smallest footprint deg=0, area=235752
MetricImages: Range x 0 228, y 5 1039, use Nx=230, Ny=1036
Approximate EM metric 0.084898 for 238280 points.
%Yellow: Tol   1.05  red   39.2  yellow   23.0  green   37.7
%Yellow: Tol   1.10  red   29.1  yellow   42.2  green   28.8
%Yellow: Tol   1.15  red   22.2  yellow   56.1  green   21.7
%Yellow: Tol   1.20  red   17.5  yellow   66.1  green   16.4
%Yellow: Tol   1.25  red   14.3  yellow   72.7  green   13.0
Affine Triangle: 237015 points, corr 0.709293, fm 0.084898, yellow 0.73

---- Building mesh - deformable ----
Lx Dx Nx:   229   229.00   1
Ly Dy Ny:  1035   207.00   5

STAT: From 238280 pts, got 10 triangles, 12 control points.
Timer: MeshCreate took 0.010 seconds.

---- ImproveMesh - deformable mesh ----
Tri: (0 4) (229 4) (0 211).
Tri: (0 211) (229 4) (229 211).
Tri: (0 211) (229 211) (0 418).
Tri: (0 418) (229 211) (229 418).
Tri: (0 418) (229 418) (0 625).
Tri: (0 625) (229 418) (229 625).
Tri: (0 625) (229 625) (0 832).
Tri: (0 832) (229 625) (229 832).
Tri: (0 832) (229 832) (0 1039).
Tri: (0 1039) (229 832) (229 1039).

---- Matlab Vertices ----
x=[0 229 0 0]; y=[4 4 211 4]; plot(x,y); hold on;
x=[0 229 229 0]; y=[211 4 211 211]; plot(x,y); hold on;
x=[0 229 0 0]; y=[211 211 418 211]; plot(x,y); hold on;
x=[0 229 229 0]; y=[418 211 418 418]; plot(x,y); hold on;
x=[0 229 0 0]; y=[418 418 625 418]; plot(x,y); hold on;
x=[0 229 229 0]; y=[625 418 625 625]; plot(x,y); hold on;
x=[0 229 0 0]; y=[625 625 832 625]; plot(x,y); hold on;
x=[0 229 229 0]; y=[832 625 832 832]; plot(x,y); hold on;
x=[0 229 0 0]; y=[832 832 1039 832]; plot(x,y); hold on;
x=[0 229 229 0]; y=[1039 832 1039 1039]; plot(x,y); hold on;

---- ImproveControlPts ----
STAT: ImproveCpt: Initial deformable mesh correlation 0.708317 (238280 pixels).
corr=0.708317	step=10.000000
corr=0.708317	step=5.000000
corr=0.708317	step=2.500000
corr=0.708317	step=1.250000
corr=0.708317	step=0.625000
STAT: ImproveCpt: Final deformable mesh correlation 0.708317, (threshold 0.650000).

---- Matlab A-Sys Originals ----
x=[0.000000 229.000000 0.000000 0.000000]; y=[4.000000 4.000000 211.000000 4.000000]; plot(x,y); hold on;
x=[0.000000 229.000000 229.000000 0.000000]; y=[211.000000 4.000000 211.000000 211.000000]; plot(x,y); hold on;
x=[0.000000 229.000000 0.000000 0.000000]; y=[211.000000 211.000000 418.000000 211.000000]; plot(x,y); hold on;
x=[0.000000 229.000000 229.000000 0.000000]; y=[418.000000 211.000000 418.000000 418.000000]; plot(x,y); hold on;
x=[0.000000 229.000000 0.000000 0.000000]; y=[418.000000 418.000000 625.000000 418.000000]; plot(x,y); hold on;
x=[0.000000 229.000000 229.000000 0.000000]; y=[625.000000 418.000000 625.000000 625.000000]; plot(x,y); hold on;
x=[0.000000 229.000000 0.000000 0.000000]; y=[625.000000 625.000000 832.000000 625.000000]; plot(x,y); hold on;
x=[0.000000 229.000000 229.000000 0.000000]; y=[832.000000 625.000000 832.000000 832.000000]; plot(x,y); hold on;
x=[0.000000 229.000000 0.000000 0.000000]; y=[832.000000 832.000000 1039.000000 832.000000]; plot(x,y); hold on;
x=[0.000000 229.000000 229.000000 0.000000]; y=[1039.000000 832.000000 1039.000000 1039.000000]; plot(x,y); hold on;

---- Matlab B-Sys Originals ----
x=[1146.472410 1375.472410 1146.472410 1146.472410]; y=[-0.384835 -0.384835 206.615165 -0.384835]; plot(x,y); hold on;
x=[1146.472410 1375.472410 1375.472410 1146.472410]; y=[206.615165 -0.384835 206.615165 206.615165]; plot(x,y); hold on;
x=[1146.472410 1375.472410 1146.472410 1146.472410]; y=[206.615165 206.615165 413.615165 206.615165]; plot(x,y); hold on;
x=[1146.472410 1375.472410 1375.472410 1146.472410]; y=[413.615165 206.615165 413.615165 413.615165]; plot(x,y); hold on;
x=[1146.472410 1375.472410 1146.472410 1146.472410]; y=[413.615165 413.615165 620.615165 413.615165]; plot(x,y); hold on;
x=[1146.472410 1375.472410 1375.472410 1146.472410]; y=[620.615165 413.615165 620.615165 620.615165]; plot(x,y); hold on;
x=[1146.472410 1375.472410 1146.472410 1146.472410]; y=[620.615165 620.615165 827.615165 620.615165]; plot(x,y); hold on;
x=[1146.472410 1375.472410 1375.472410 1146.472410]; y=[827.615165 620.615165 827.615165 827.615165]; plot(x,y); hold on;
x=[1146.472410 1375.472410 1146.472410 1146.472410]; y=[827.615165 827.615165 1034.615165 827.615165]; plot(x,y); hold on;
x=[1146.472410 1375.472410 1375.472410 1146.472410]; y=[1034.615165 827.615165 1034.615165 1034.615165]; plot(x,y); hold on;

---- Matlab B-Sys Optimized ----
x=[1146.472410 1375.472410 1146.472410 1146.472410]; y=[-0.384835 -0.384835 206.615165 -0.384835]; plot(x,y); hold on;
x=[1146.472410 1375.472410 1375.472410 1146.472410]; y=[206.615165 -0.384835 206.615165 206.615165]; plot(x,y); hold on;
x=[1146.472410 1375.472410 1146.472410 1146.472410]; y=[206.615165 206.615165 413.615165 206.615165]; plot(x,y); hold on;
x=[1146.472410 1375.472410 1375.472410 1146.472410]; y=[413.615165 206.615165 413.615165 413.615165]; plot(x,y); hold on;
x=[1146.472410 1375.472410 1146.472410 1146.472410]; y=[413.615165 413.615165 620.615165 413.615165]; plot(x,y); hold on;
x=[1146.472410 1375.472410 1375.472410 1146.472410]; y=[620.615165 413.615165 620.615165 620.615165]; plot(x,y); hold on;
x=[1146.472410 1375.472410 1146.472410 1146.472410]; y=[620.615165 620.615165 827.615165 620.615165]; plot(x,y); hold on;
x=[1146.472410 1375.472410 1375.472410 1146.472410]; y=[827.615165 620.615165 827.615165 827.615165]; plot(x,y); hold on;
x=[1146.472410 1375.472410 1146.472410 1146.472410]; y=[827.615165 827.615165 1034.615165 827.615165]; plot(x,y); hold on;
x=[1146.472410 1375.472410 1375.472410 1146.472410]; y=[1034.615165 827.615165 1034.615165 1034.615165]; plot(x,y); hold on;

---- Deltas ----
id=     0: dx=    0.00 dy=    0.00 d=    0.00
id=     1: dx=    0.00 dy=    0.00 d=    0.00
id=     2: dx=    0.00 dy=    0.00 d=    0.00
id=     3: dx=    0.00 dy=    0.00 d=    0.00
id=     4: dx=    0.00 dy=    0.00 d=    0.00
id=     5: dx=    0.00 dy=    0.00 d=    0.00
id=     6: dx=    0.00 dy=    0.00 d=    0.00
id=     7: dx=    0.00 dy=    0.00 d=    0.00
id=     8: dx=    0.00 dy=    0.00 d=    0.00
id=     9: dx=    0.00 dy=    0.00 d=    0.00
id=    10: dx=    0.00 dy=    0.00 d=    0.00
id=    11: dx=    0.00 dy=    0.00 d=    0.00

---- Areas ----
Triangle 0, area was    23701.5, is    23701.5,    0.0%
Triangle 1, area was    23701.5, is    23701.5,    0.0%
Triangle 2, area was    23701.5, is    23701.5,    0.0%
Triangle 3, area was    23701.5, is    23701.5,    0.0%
Triangle 4, area was    23701.5, is    23701.5,    0.0%
Triangle 5, area was    23701.5, is    23701.5,    0.0%
Triangle 6, area was    23701.5, is    23701.5,    0.0%
Triangle 7, area was    23701.5, is    23701.5,    0.0%
Triangle 8, area was    23701.5, is    23701.5,    0.0%
Triangle 9, area was    23701.5, is    23701.5,    0.0%
Combined: area was   237015.0, is   237015.0,    0.0%

---- Transforms ----
 1.0000  0.0000  1146.47    0.0000  1.0000    -4.38
 1.0000  0.0000  1146.47    0.0000  1.0000    -4.38
 1.0000  0.0000  1146.47    0.0000  1.0000    -4.38
 1.0000  0.0000  1146.47    0.0000  1.0000    -4.38
 1.0000  0.0000  1146.47    0.0000  1.0000    -4.38
 1.0000  0.0000  1146.47    0.0000  1.0000    -4.38
 1.0000  0.0000  1146.47    0.0000  1.0000    -4.38
 1.0000  0.0000  1146.47    0.0000  1.0000    -4.38
 1.0000  0.0000  1146.47    0.0000  1.0000    -4.38
 1.0000  0.0000  1146.47    0.0000  1.0000    -4.38

---- QC - deformable ----
Remapping 1431040 points.
Metrics: DEF: Mean square difference 0.581405
Metrics: DEF: Smallest footprint deg=0, area=235752
MetricImages: Range x 0 228, y 5 1039, use Nx=230, Ny=1036
Approximate EM metric 0.084898 for 238280 points.
All points, deformable, dfm 0.084898

Metrics: TRI: Mean square difference 0.305462
Metrics: TRI: Smallest footprint deg=0, area=46762
MetricImages: Range x 0 227, y 5 211, use Nx=228, Ny=208
Approximate EM metric 0.061591 for 47424 points.
%Yellow: Tol   1.05  red   32.0  yellow   35.5  green   32.5
%Yellow: Tol   1.10  red   20.7  yellow   58.0  green   21.4
%Yellow: Tol   1.15  red   15.0  yellow   70.6  green   14.5
%Yellow: Tol   1.20  red   11.2  yellow   78.8  green   10.0
%Yellow: Tol   1.25  red    9.1  yellow   83.5  green    7.5
Triangle 0: 23691 points, corr 0.847227, fm 0.061591, yellow 0.83

Metrics: TRI: Mean square difference 0.131339
Metrics: TRI: Smallest footprint deg=0, area=46762
MetricImages: Range x 1 228, y 5 211, use Nx=228, Ny=208
Approximate EM metric 0.035558 for 47424 points.
%Yellow: Tol   1.05  red   25.3  yellow   48.8  green   26.0
%Yellow: Tol   1.10  red   13.1  yellow   72.9  green   14.1
%Yellow: Tol   1.15  red    7.6  yellow   84.1  green    8.3
%Yellow: Tol   1.20  red    4.9  yellow   89.8  green    5.3
%Yellow: Tol   1.25  red    3.5  yellow   92.7  green    3.8
Triangle 1: 23712 points, corr 0.934288, fm 0.035558, yellow 0.93

Metrics: TRI: Mean square difference 0.240618
Metrics: TRI: Smallest footprint deg=0, area=46762
MetricImages: Range x 0 227, y 212 418, use Nx=228, Ny=208
Approximate EM metric 0.051032 for 47424 points.
%Yellow: Tol   1.05  red   31.9  yellow   34.2  green   33.9
%Yellow: Tol   1.10  red   20.7  yellow   58.1  green   21.3
%Yellow: Tol   1.15  red   13.7  yellow   73.0  green   13.3
%Yellow: Tol   1.20  red    9.5  yellow   81.6  green    8.9
%Yellow: Tol   1.25  red    6.7  yellow   87.2  green    6.1
Triangle 2: 23691 points, corr 0.879649, fm 0.051032, yellow 0.87

Metrics: TRI: Mean square difference 0.317070
Metrics: TRI: Smallest footprint deg=0, area=46762
MetricImages: Range x 1 228, y 212 418, use Nx=228, Ny=208
Approximate EM metric 0.036932 for 47424 points.
%Yellow: Tol   1.05  red   31.1  yellow   34.5  green   34.3
%Yellow: Tol   1.10  red   21.1  yellow   56.0  green   22.8
%Yellow: Tol   1.15  red   15.7  yellow   69.0  green   15.3
%Yellow: Tol   1.20  red   12.2  yellow   77.7  green   10.1
%Yellow: Tol   1.25  red    9.7  yellow   83.2  green    7.1
Triangle 3: 23712 points, corr 0.841423, fm 0.036932, yellow 0.83

Metrics: TRI: Mean square difference 0.567094
Metrics: TRI: Smallest footprint deg=0, area=46762
MetricImages: Range x 0 227, y 419 625, use Nx=228, Ny=208
Approximate EM metric 0.042930 for 47424 points.
%Yellow: Tol   1.05  red   37.3  yellow   25.7  green   37.0
%Yellow: Tol   1.10  red   29.9  yellow   44.4  green   25.8
%Yellow: Tol   1.15  red   24.1  yellow   57.4  green   18.6
%Yellow: Tol   1.20  red   19.3  yellow   67.0  green   13.6
%Yellow: Tol   1.25  red   15.4  yellow   74.0  green   10.6
Triangle 4: 23691 points, corr 0.716411, fm 0.042930, yellow 0.74

Metrics: TRI: Mean square difference 0.585116
Metrics: TRI: Smallest footprint deg=0, area=46762
MetricImages: Range x 1 228, y 419 625, use Nx=228, Ny=208
Approximate EM metric 0.042009 for 47424 points.
%Yellow: Tol   1.05  red   38.4  yellow   24.5  green   37.1
%Yellow: Tol   1.10  red   30.9  yellow   43.2  green   25.9
%Yellow: Tol   1.15  red   24.9  yellow   56.6  green   18.5
%Yellow: Tol   1.20  red   19.8  yellow   66.7  green   13.5
%Yellow: Tol   1.25  red   15.9  yellow   73.5  green   10.6
Triangle 5: 23712 points, corr 0.707400, fm 0.042009, yellow 0.74

Metrics: TRI: Mean square difference 0.393432
Metrics: TRI: Smallest footprint deg=0, area=46762
MetricImages: Range x 0 227, y 626 832, use Nx=228, Ny=208
Approximate EM metric 0.051381 for 47424 points.
%Yellow: Tol   1.05  red   32.6  yellow   34.9  green   32.6
%Yellow: Tol   1.10  red   22.4  yellow   56.2  green   21.4
%Yellow: Tol   1.15  red   16.6  yellow   68.1  green   15.3
%Yellow: Tol   1.20  red   13.2  yellow   75.5  green   11.3
%Yellow: Tol   1.25  red   10.8  yellow   80.6  green    8.5
Triangle 6: 23691 points, corr 0.803242, fm 0.051381, yellow 0.81

Metrics: TRI: Mean square difference 0.317731
Metrics: TRI: Smallest footprint deg=0, area=46762
MetricImages: Range x 1 228, y 626 832, use Nx=228, Ny=208
Approximate EM metric 0.030510 for 47424 points.
%Yellow: Tol   1.05  red   33.0  yellow   31.8  green   35.3
%Yellow: Tol   1.10  red   22.0  yellow   54.8  green   23.2
%Yellow: Tol   1.15  red   15.7  yellow   69.0  green   15.3
%Yellow: Tol   1.20  red   12.1  yellow   77.9  green   10.0
%Yellow: Tol   1.25  red    9.8  yellow   83.2  green    6.9
Triangle 7: 23712 points, corr 0.841093, fm 0.030510, yellow 0.83

Metrics: TRI: Mean square difference 0.230054
Metrics: TRI: Smallest footprint deg=0, area=46762
MetricImages: Range x 0 227, y 833 1039, use Nx=228, Ny=208
Approximate EM metric 0.049197 for 47424 points.
%Yellow: Tol   1.05  red   30.3  yellow   34.3  green   35.4
%Yellow: Tol   1.10  red   18.5  yellow   59.5  green   22.0
%Yellow: Tol   1.15  red   12.4  yellow   74.7  green   12.9
%Yellow: Tol   1.20  red    9.2  yellow   83.1  green    7.7
%Yellow: Tol   1.25  red    7.3  yellow   88.0  green    4.7
Triangle 8: 23691 points, corr 0.884931, fm 0.049197, yellow 0.88

Metrics: TRI: Mean square difference 0.246472
Metrics: TRI: Smallest footprint deg=0, area=46762
MetricImages: Range x 1 228, y 833 1039, use Nx=228, Ny=208
Approximate EM metric 0.032952 for 47424 points.
%Yellow: Tol   1.05  red   32.0  yellow   31.3  green   36.7
%Yellow: Tol   1.10  red   20.2  yellow   56.1  green   23.6
%Yellow: Tol   1.15  red   14.1  yellow   71.4  green   14.5
%Yellow: Tol   1.20  red   10.5  yellow   80.6  green    8.9
%Yellow: Tol   1.25  red    8.0  yellow   86.5  green    5.5
Triangle 9: 23712 points, corr 0.876722, fm 0.032952, yellow 0.86


---- Final reports ----
STAT: Overall 237015 points, corr 0.7083, EMM 0.0849, weighted EMM 0.0434, cor+dfm 0.7932, weighted yellow 0.8325

Angle span: min, max, delta = 0.000000 0.000000 0.000000
Mesh-Thm: 0.0000  0.0000     0.00    0.0000  0.0000     0.00 2x(LDR,LDC)=(0.20,200.00) -- OK.

Final remapping of 1431040 points.
Center 73.322877 70.278758:  1.0000  0.0000  1146.47    0.0000  1.0000    -4.38
Mapping region 1 xy= 73.322877 70.278758 to region 1 xy= 1219.795287 65.893922
Center 140.711352 147.403385:  1.0000  0.0000  1146.47    0.0000  1.0000    -4.38
Mapping region 1 xy= 140.711352 147.403385 to region 1 xy= 1287.183762 143.018549
Center 70.238574 274.490764:  1.0000  0.0000  1146.47    0.0000  1.0000    -4.38
Mapping region 1 xy= 70.238574 274.490764 to region 1 xy= 1216.710985 270.105928
Center 138.748850 355.290367:  1.0000  0.0000  1146.47    0.0000  1.0000    -4.38
Mapping region 1 xy= 138.748850 355.290367 to region 1 xy= 1285.221261 350.905531
Center 74.825358 485.636896:  1.0000  0.0000  1146.47    0.0000  1.0000    -4.38
Mapping region 1 xy= 74.825358 485.636896 to region 1 xy= 1221.297768 481.252060
Center 147.548933 558.313037:  1.0000  0.0000  1146.47    0.0000  1.0000    -4.38
Mapping region 1 xy= 147.548933 558.313037 to region 1 xy= 1294.021343 553.928202
Center 70.469181 688.699216:  1.0000  0.0000  1146.47    0.0000  1.0000    -4.38
Mapping region 1 xy= 70.469181 688.699216 to region 1 xy= 1216.941591 684.314380
Center 148.425973 764.916646:  1.0000  0.0000  1146.47    0.0000  1.0000    -4.38
Mapping region 1 xy= 148.425973 764.916646 to region 1 xy= 1294.898383 760.531810
Center 72.104696 897.177607:  1.0000  0.0000  1146.47    0.0000  1.0000    -4.38
Mapping region 1 xy= 72.104696 897.177607 to region 1 xy= 1218.577106 892.792772
Center 145.378405 973.294040:  1.0000  0.0000  1146.47    0.0000  1.0000    -4.38
Mapping region 1 xy= 145.378405 973.294040 to region 1 xy= 1291.850815 968.909204

Pipe: Returning 10 total transforms.

---- Summary Region-region results ----
Pipe: Table Headers {Az t r Bz t r thmok ntri}
FOUND:     2    4   1      2    9   1   1  10

---- Tabulating point matches ----
Tabulate: Rgn 1 -> 1: Keeping 10 of 10 point-pairs.

Timer: Alignment took 1.390 seconds.

main: Got 10 mapping regions.
main: Transform   0:  1.0000  0.0000  1146.47    0.0000  1.0000    -4.38
main: Transform   1:  1.0000  0.0000  1146.47    0.0000  1.0000    -4.38
main: Transform   2:  1.0000  0.0000  1146.47    0.0000  1.0000    -4.38
main: Transform   3:  1.0000  0.0000  1146.47    0.0000  1.0000    -4.38
main: Transform   4:  1.0000  0.0000  1146.47    0.0000  1.0000    -4.38
main: Transform   5:  1.0000  0.0000  1146.47    0.0000  1.0000    -4.38
main: Transform   6:  1.0000  0.0000  1146.47    0.0000  1.0000    -4.38
main: Transform   7:  1.0000  0.0000  1146.47    0.0000  1.0000    -4.38
main: Transform   8:  1.0000  0.0000  1146.47    0.0000  1.0000    -4.38
main: Transform   9:  1.0000  0.0000  1146.47    0.0000  1.0000    -4.38

main: Average:  1.0000  0.0000     0.00    0.0000  1.0000     0.00
main: Degrees: 0
main: Residue:  1.0000  0.0000     0.00    0.0000  1.0000     0.00

main: Inverse:  1.0000 -0.0000    -0.00   -0.0000  1.0000    -0.00
main: Degrees: 0
main: Residue:  1.0000  0.0000     0.00   -0.0000  1.0000     0.00

main: Normal completion for dmesh run.
Timer: Total took 1.670 seconds.

---- Memory ----
Host name: h07u26.int.janelia.org
PID:       37136
User time:       1 seconds.
System time:     0 seconds.
VmPeak:	  379968 kB
VmSize:	  207692 kB
VmLck:	       0 kB
VmPin:	       0 kB
VmHWM:	  215780 kB
VmRSS:	   43072 kB
VmData:	   38300 kB
VmStk:	     160 kB
VmExe:	     832 kB
VmLib:	   85564 kB
VmPTE:	     336 kB
VmSwap:	       0 kB
voluntary_ctxt_switches:	325
nonvoluntary_ctxt_switches:	1286

