
---- dmesh start ----
main: Start: Fri Sep 30 13:27:09 2016


---- Match parameters ----
PXBRO=2            <default 2>        "Max Legendre poly order for bkg removal"
PXLENS=N           <default N>        "Y=Apply IDB/lens.txt"
PXRESMSK=N         <default N>        "Y=Apply resin mask"
PXDOG=N            <default N>        "Y=Apply DoG filter"
PXDOG_R1=3         <default 3>        "DoG inner radius"
PXDOG_R2=6         <default 6>        "DoG outer radius"
FLD=N              <default X>        "Mask usage: Y=Use, N=None, X=XL only"
PRETWEAK=N         <default N>        "Y=Auto-distort before angle scan"
SCALE=1            <default 1.0>      "Image-B / image-A scale factor"
XSCALE=1           <default 1.0>      "Image-B / image-A x-axis scale factor"
YSCALE=1           <default 1.0>      "Image-B / image-A y-axis scale factor"
SKEW=0             <default 0.0>      "Transform elem[3] user-applied distortion"
MODE_SL=M          <default Z>        "Notes above"
MODE_XL=N          <default Y>        "Notes above"
TAB2DFM_SL=N       <default Y>        "Adopt Tdfm from Tab"
TAB2DFM_XL=Y       <default Y>        "Adopt Tdfm from Tab"
XYCONF_SL=1.0      <default 0.0>      "[0,1.0] confidence in Tab XY"
XYCONF_XL=0.8      <default 0.0>      "[0,1.0] confidence in Tab XY"
THMDEC_SL=8        <default 8>        "2^N thumb decimation factor"
THMDEC_XL=8        <default 8>        "2^N thumb decimation factor"
OLAP1D_SL=0        <default 0>        "Min 1D pix full-size overlap"
OLAP1D_XL=0        <default 0>        "Min 1D pix full-size overlap"
OLAP2D_SL=60000    <default 25000>    "Min 2D pix full-size overlap"
OLAP2D_XL=160000   <default 200000>   "Min 2D pix full-size overlap"
NBMXHT_SL=0.75     <default 0.75>     "Max F(neib)/F(pk) in guard zone"
NBMXHT_XL=0.75     <default 0.75>     "Max F(neib)/F(pk) in guard zone"
HFANGDN_SL=5       <default 5.0>      "Half angle search range denovo"
HFANGDN_XL=45      <default 45.0>     "Half angle search range denovo"
HFANGPR_SL=1       <default 1.0>      "Half angle search range prior angles"
HFANGPR_XL=4       <default 1.0>      "Half angle search range prior angles"
RTRSH_SL=0.3       <default 0.3>      "R corr thresh"
RTRSH_XL=0.3       <default 0.3>      "R corr thresh"
TWEAKS=N           <default N>        "Y=Try 8 near unity distortions"
LIMXY_SL=30        <default 0>        "0 or Max XY delta from Tab"
LIMXY_XL=80        <default 0>        "0 or Max XY delta from Tab"
WTHMPR=Y           <default Y>        "Y=Write ThmPair_a^b.txt entries"
OPT_SL=Y           <default Y(EM)>    "Y=Enable mesh optimizer"
RIT_SL=0.50        <default 0.20>     "Min mesh starting corr"
RIT_XL=0.1         <default 0.20>     "Min mesh starting corr"
RFA_SL=0.55        <default 0.3>      "Affine-only final corr"
RFA_XL=0.20        <default 0.3>      "Affine-only final corr"
RFT_SL=0.65        <default 0.5>      "Full mesh final corr"
RFT_XL=0.25        <default 0.5>      "Full mesh final corr"
TMC=5              <default 30.0%>    "Max single triangle area change"
TSC=9              <default 9.0%>     "Max summed triangle area change"
MNL=250            <default 300>      "Triangle edges between MNL and 2*MNL"
MTA=120000         <default 10000>    "Min triangle size (pixels)"
MMA=60000          <default 100000>   "Min 2D overlap for mesh"
ONE=N              <default N>        "Y=Use just one affine transform"
IFM=0.50           <default 0.50>     "Min Fourier Metric after affine-only"
FFM=0.65           <default 0.65>     "Min Fourier Metric after full mesh"
FYL=0.5            <default 0.50>     "Min fraction of yellow pixels"
CPD=0.5            <default 0.50>     "Min Correlation + DFM"
EMM=Y              <default Y>        "Y=Use Earth Mover's Metric, N=Use Fourier"
EMT=0.14           <default 0.2>      "Earth Movers Metric thresh"
WDI=N              <default N>        "Y=Write diff images (Fourier, EMM metrics)"
LDA=0.2            <default 0.2>      "Max radian delta between triangles"
LDR=0.1            <default 0.1>      "Max sine delta between triangles"
LDC=100            <default 100.0>    "Max XY delta between triangles"
DXY=100            <default 100.0>    "Max delta from user input XYs"
WMT=N              <default Y>        "Y=Write map.tif files"
WTT=N              <default Y>        "Y=Write tf.txt files"


---- Input images ----
Til2Img entry: A T=[ 1.0000  0.0000  1142.00  0.0000  1.0000     0.00] path=[/groups/apig/tomo/DEMO/TIF/C1_0_2.tif].
Til2Img entry: B T=[ 1.0000  0.0000     0.00  0.0000  1.0000     0.00] path=[/groups/apig/tomo/DEMO/TIF/B1_13_2.tif].


---- Command-line overrides ----
Tab=  1.0003 -0.0225  1192.34    0.0224  1.0005    63.19
Tdfm= 1.0005 -0.0001     0.00   -0.0001  1.0008     0.00
FLD=N


---- Image loading ----
Raster8FromTif: Opening [/groups/apig/tomo/DEMO/TIF/C1_0_2.tif].
Raster8FromTif: Bits per sample 8, samples per pixel 1
Raster8FromTif: Picture is 1376 by 1040, 1431040 pixels total.
TIF(8): Last Encoded strip had 1376 bytes.
Raster8FromTif: Opening [/groups/apig/tomo/DEMO/TIF/B1_13_2.tif].
Raster8FromTif: Bits per sample 8, samples per pixel 1
Raster8FromTif: Picture is 1376 by 1040, 1431040 pixels total.
TIF(8): Last Encoded strip had 1376 bytes.
PixPair: Using image scale=1.
Timer: Image conditioning took 0.240 seconds.

---- Foldmaps ----

---- Connected regions ----
Forcing single connected region.

---- Begin A-1 to B-1 ----

---- Thumbnail matching ----
Subimage: Using intersection, w=423, h=990, pix=418770
Thumbs: After decimation 6572 pts, reqArea 2501, thmscl 8
SetDisc( 30, 2, 10, 10 )
Initial: R= 0.639, A=   1.285, X=   30.24, Y=    2.01
Peak-Disc: dR 1 dX 1 dY 0
Approx: LowRes  R=0.639, X=241.939, Y=16.054
Approx: FullRes R=0.092, X=242.446, Y=15.082, use=Y.
Timer: FinishAtFullRes took 0.250 seconds.
Approx: Returning A=1.284614, R=0.639075, X=1195.445823, Y=65.082077
Approx: Best transform  1.0003 -0.0225  1195.45    0.0224  1.0005    65.08
Approx: Orig transform  1.0003 -0.0225  1192.34    0.0224  1.0005    63.19
Approx: Idnt transform  1.0000  0.0000     3.15    0.0000  1.0000     1.82
Approx: err = 3.63599, max = 80

---- Starting detailed region mapping ----
Roughly 186684 pixels map to B.
Region size is [0 202] in x, [0 974] in y.

---- Building mesh - affine ----
Computed simple triangle.

---- ImproveMesh - affine ----
Tri: (0 0) (202 487) (0 974).

---- Matlab Vertices ----
x=[0 202 0 0]; y=[0 487 974 0]; plot(x,y); hold on;

---- ImproveControlPts ----
STAT: ImproveCpt: Initial affine correlation 0.195720 (186684 pixels).
corr=0.195720	step=10.000000
corr=0.195720	step=5.000000
corr=0.195720	step=2.500000
corr=0.197457	step=2.500000
corr=0.197570	step=2.500000
corr=0.198011	step=2.500000
corr=0.198011	step=1.250000
corr=0.198946	step=1.250000
corr=0.198946	step=0.625000
corr=0.198956	step=0.625000
corr=0.198956	step=0.312500
corr=0.199096	step=0.312500
corr=0.199096	step=0.156250
corr=0.199096	step=0.078125
corr=0.199119	step=0.078125
STAT: ImproveCpt: Final affine correlation 0.199119, (threshold 0.200000).
FAIL: ImproveMesh: corr=0.199119, below final thresh=0.200000
Pipe: Returning 0 total transforms.

---- Summary Region-region results ----
Pipe: Table Headers {Az t r Bz t r thmok ntri}
FOUND:     2    0   1      1   13   1   1   0
Timer: Alignment took 0.460 seconds.

main: Got 0 mapping regions.

main: Normal completion for dmesh run.
Timer: Total took 0.700 seconds.

---- Memory ----
Host name: h08u02.int.janelia.org
PID:       25598
User time:       0 seconds.
System time:     0 seconds.
VmPeak:	  418708 kB
VmSize:	  226108 kB
VmLck:	       0 kB
VmPin:	       0 kB
VmHWM:	  255400 kB
VmRSS:	   62708 kB
VmData:	   56716 kB
VmStk:	     160 kB
VmExe:	     832 kB
VmLib:	   85564 kB
VmPTE:	     376 kB
VmSwap:	       0 kB
voluntary_ctxt_switches:	23
nonvoluntary_ctxt_switches:	31

