
---- dmesh start ----
main: Start: Fri Sep 30 13:26:49 2016


---- Match parameters ----
PXBRO=2            <default 2>        "Max Legendre poly order for bkg removal"
PXLENS=N           <default N>        "Y=Apply IDB/lens.txt"
PXRESMSK=N         <default N>        "Y=Apply resin mask"
PXDOG=N            <default N>        "Y=Apply DoG filter"
PXDOG_R1=3         <default 3>        "DoG inner radius"
PXDOG_R2=6         <default 6>        "DoG outer radius"
FLD=N              <default X>        "Mask usage: Y=Use, N=None, X=XL only"
PRETWEAK=N         <default N>        "Y=Auto-distort before angle scan"
SCALE=1            <default 1.0>      "Image-B / image-A scale factor"
XSCALE=1           <default 1.0>      "Image-B / image-A x-axis scale factor"
YSCALE=1           <default 1.0>      "Image-B / image-A y-axis scale factor"
SKEW=0             <default 0.0>      "Transform elem[3] user-applied distortion"
MODE_SL=M          <default Z>        "Notes above"
MODE_XL=N          <default Y>        "Notes above"
TAB2DFM_SL=N       <default Y>        "Adopt Tdfm from Tab"
TAB2DFM_XL=Y       <default Y>        "Adopt Tdfm from Tab"
XYCONF_SL=1.0      <default 0.0>      "[0,1.0] confidence in Tab XY"
XYCONF_XL=0.8      <default 0.0>      "[0,1.0] confidence in Tab XY"
THMDEC_SL=8        <default 8>        "2^N thumb decimation factor"
THMDEC_XL=8        <default 8>        "2^N thumb decimation factor"
OLAP1D_SL=0        <default 0>        "Min 1D pix full-size overlap"
OLAP1D_XL=0        <default 0>        "Min 1D pix full-size overlap"
OLAP2D_SL=60000    <default 25000>    "Min 2D pix full-size overlap"
OLAP2D_XL=160000   <default 200000>   "Min 2D pix full-size overlap"
NBMXHT_SL=0.75     <default 0.75>     "Max F(neib)/F(pk) in guard zone"
NBMXHT_XL=0.75     <default 0.75>     "Max F(neib)/F(pk) in guard zone"
HFANGDN_SL=5       <default 5.0>      "Half angle search range denovo"
HFANGDN_XL=45      <default 45.0>     "Half angle search range denovo"
HFANGPR_SL=1       <default 1.0>      "Half angle search range prior angles"
HFANGPR_XL=4       <default 1.0>      "Half angle search range prior angles"
RTRSH_SL=0.3       <default 0.3>      "R corr thresh"
RTRSH_XL=0.3       <default 0.3>      "R corr thresh"
TWEAKS=N           <default N>        "Y=Try 8 near unity distortions"
LIMXY_SL=30        <default 0>        "0 or Max XY delta from Tab"
LIMXY_XL=80        <default 0>        "0 or Max XY delta from Tab"
WTHMPR=Y           <default Y>        "Y=Write ThmPair_a^b.txt entries"
OPT_SL=Y           <default Y(EM)>    "Y=Enable mesh optimizer"
RIT_SL=0.50        <default 0.20>     "Min mesh starting corr"
RIT_XL=0.1         <default 0.20>     "Min mesh starting corr"
RFA_SL=0.55        <default 0.3>      "Affine-only final corr"
RFA_XL=0.20        <default 0.3>      "Affine-only final corr"
RFT_SL=0.65        <default 0.5>      "Full mesh final corr"
RFT_XL=0.25        <default 0.5>      "Full mesh final corr"
TMC=5              <default 30.0%>    "Max single triangle area change"
TSC=9              <default 9.0%>     "Max summed triangle area change"
MNL=250            <default 300>      "Triangle edges between MNL and 2*MNL"
MTA=120000         <default 10000>    "Min triangle size (pixels)"
MMA=60000          <default 100000>   "Min 2D overlap for mesh"
ONE=N              <default N>        "Y=Use just one affine transform"
IFM=0.50           <default 0.50>     "Min Fourier Metric after affine-only"
FFM=0.65           <default 0.65>     "Min Fourier Metric after full mesh"
FYL=0.5            <default 0.50>     "Min fraction of yellow pixels"
CPD=0.5            <default 0.50>     "Min Correlation + DFM"
EMM=Y              <default Y>        "Y=Use Earth Mover's Metric, N=Use Fourier"
EMT=0.14           <default 0.2>      "Earth Movers Metric thresh"
WDI=N              <default N>        "Y=Write diff images (Fourier, EMM metrics)"
LDA=0.2            <default 0.2>      "Max radian delta between triangles"
LDR=0.1            <default 0.1>      "Max sine delta between triangles"
LDC=100            <default 100.0>    "Max XY delta between triangles"
DXY=100            <default 100.0>    "Max delta from user input XYs"
WMT=N              <default Y>        "Y=Write map.tif files"
WTT=N              <default Y>        "Y=Write tf.txt files"


---- Input images ----
Til2Img entry: A T=[ 1.0000  0.0000     0.00  0.0000  1.0000  1714.00] path=[/groups/apig/tomo/DEMO/TIF/C1_11_2.tif].
Til2Img entry: B T=[ 1.0000  0.0000     0.00  0.0000  1.0000   857.00] path=[/groups/apig/tomo/DEMO/TIF/B1_12_2.tif].


---- Command-line overrides ----
Tab=  0.9994 -0.0238    10.73    0.0225  0.9991   899.20
Tdfm= 0.9996 -0.0006     0.00   -0.0006  0.9994     0.00
FLD=N


---- Image loading ----
Raster8FromTif: Opening [/groups/apig/tomo/DEMO/TIF/C1_11_2.tif].
Raster8FromTif: Bits per sample 8, samples per pixel 1
Raster8FromTif: Picture is 1376 by 1040, 1431040 pixels total.
TIF(8): Last Encoded strip had 1376 bytes.
Raster8FromTif: Opening [/groups/apig/tomo/DEMO/TIF/B1_12_2.tif].
Raster8FromTif: Bits per sample 8, samples per pixel 1
Raster8FromTif: Picture is 1376 by 1040, 1431040 pixels total.
TIF(8): Last Encoded strip had 1376 bytes.
PixPair: Using image scale=1.
Timer: Image conditioning took 0.290 seconds.

---- Foldmaps ----

---- Connected regions ----
Forcing single connected region.

---- Begin A-1 to B-1 ----

---- Thumbnail matching ----
Subimage: Using intersection, w=1368, h=321, pix=439128
Thumbs: After decimation 7011 pts, reqArea 2501, thmscl 8
SetDisc( 0, 23, 10, 10 )
Initial: R= 0.540, A=   1.327, X=    0.71, Y=   22.69
Peak-Disc: dR 6 dX 5 dY -2
Approx: LowRes  R=0.540, X=5.709, Y=181.527
Approx: FullRes R=0.084, X=6.997, Y=182.988, use=Y.
Timer: FinishAtFullRes took 0.470 seconds.
Approx: Returning A=1.326812, R=0.540217, X=14.996830, Y=901.987681
Approx: Best transform  0.9994 -0.0238    15.00    0.0225  0.9991   901.99
Approx: Orig transform  0.9994 -0.0238    10.73    0.0225  0.9991   899.20
Approx: Idnt transform  1.0000  0.0000     4.33    0.0000  1.0000     2.70
Approx: err = 5.1011, max = 80

---- Starting detailed region mapping ----
Roughly 168127 pixels map to B.
Region size is [0 1364] in x, [0 138] in y.

---- Building mesh - affine ----
Computed simple triangle.

---- ImproveMesh - affine ----
Tri: (0 0) (1364 0) (682 138).

---- Matlab Vertices ----
x=[0 1364 682 0]; y=[0 0 138 0]; plot(x,y); hold on;

---- ImproveControlPts ----
STAT: ImproveCpt: Initial affine correlation 0.334749 (168127 pixels).
corr=0.334749	step=10.000000
corr=0.334749	step=5.000000
corr=0.334749	step=2.500000
corr=0.336337	step=2.500000
corr=0.336337	step=1.250000
corr=0.336337	step=0.625000
corr=0.336337	step=0.312500
corr=0.336472	step=0.312500
corr=0.336472	step=0.156250
corr=0.336472	step=0.078125
STAT: ImproveCpt: Final affine correlation 0.336472, (threshold 0.200000).

---- Matlab A-Sys Originals ----
x=[0.000000 1364.000000 682.000000 0.000000]; y=[0.000000 0.000000 138.000000 0.000000]; plot(x,y); hold on;

---- Matlab B-Sys Originals ----
x=[14.996830 1378.122506 693.277338 14.996830]; y=[901.987681 932.680409 1055.209431 901.987681]; plot(x,y); hold on;

---- Matlab B-Sys Optimized ----
x=[15.453204 1377.086366 691.658148 15.453204]; y=[903.190453 932.862506 1055.246702 903.190453]; plot(x,y); hold on;

---- Deltas ----
id=     0: dx=    0.46 dy=    1.20 d=    1.29
id=     1: dx=   -1.04 dy=    0.18 d=    1.05
id=     2: dx=   -1.62 dy=    0.04 d=    1.62

---- Areas ----
Triangle 0, area was    94116.0, is    93490.2,   -0.7%
Combined: area was    94116.0, is    93490.2,   -0.7%

---- Transforms ----
 0.9983 -0.0334    15.45    0.0218  0.9943   903.19
Best affine transform:  0.9983 -0.0334    15.45    0.0218  0.9943   903.19
    Inverse transform:  1.0010  0.0336   -45.85   -0.0219  1.0049  -907.32

---- QC - affine ----
Metrics: AFF: Mean square difference 1.327296
Metrics: AFF: Smallest footprint deg=0, area=185640
MetricImages: Range x 0 1365, y 0 136, use Nx=1366, Ny=138
Approximate EM metric 0.172737 for 188508 points.
%Yellow: Tol   1.05  red   40.6  yellow    9.9  green   49.6
%Yellow: Tol   1.10  red   36.5  yellow   20.1  green   43.4
%Yellow: Tol   1.15  red   32.5  yellow   32.1  green   35.4
%Yellow: Tol   1.20  red   28.7  yellow   45.2  green   26.1
%Yellow: Tol   1.25  red   25.1  yellow   55.5  green   19.4
Affine Triangle: 166666 points, corr 0.336346, fm 0.172737, yellow 0.56

---- Building mesh - deformable ----
Lx Dx Nx:  1364  1364.00   1
Ly Dy Ny:   138   138.00   1

STAT: From 168127 pts, got 2 triangles, 4 control points.
Timer: MeshCreate took 0.000 seconds.

---- ImproveMesh - deformable mesh ----
Tri: (0 0) (1364 0) (0 138).
Tri: (0 138) (1364 0) (1364 138).

---- Matlab Vertices ----
x=[0 1364 0 0]; y=[0 0 138 0]; plot(x,y); hold on;
x=[0 1364 1364 0]; y=[138 0 138 138]; plot(x,y); hold on;

---- ImproveControlPts ----
STAT: ImproveCpt: Initial deformable mesh correlation 0.336472 (168127 pixels).
corr=0.336472	step=10.000000
corr=0.336472	step=5.000000
corr=0.336472	step=2.500000
corr=0.336472	step=1.250000
corr=0.336705	step=1.250000
corr=0.336705	step=0.625000
corr=0.336719	step=0.625000
corr=0.337376	step=0.625000
corr=0.337376	step=0.312500
corr=0.337376	step=0.156250
corr=0.337376	step=0.078125
corr=0.337376	step=0.078125
STAT: ImproveCpt: Final deformable mesh correlation 0.337376, (threshold 0.250000).

---- Matlab A-Sys Originals ----
x=[0.000000 1364.000000 0.000000 0.000000]; y=[0.000000 0.000000 138.000000 0.000000]; plot(x,y); hold on;
x=[0.000000 1364.000000 1364.000000 0.000000]; y=[138.000000 0.000000 138.000000 138.000000]; plot(x,y); hold on;

---- Matlab B-Sys Originals ----
x=[15.453204 1377.086366 10.841568 15.453204]; y=[903.190453 932.862506 1040.410676 903.190453]; plot(x,y); hold on;
x=[10.841568 1377.086366 1372.474729 10.841568]; y=[1040.410676 932.862506 1070.082728 1040.410676]; plot(x,y); hold on;

---- Matlab B-Sys Optimized ----
x=[16.245356 1377.433689 10.937394 16.245356]; y=[902.891435 933.645135 1041.246847 902.891435]; plot(x,y); hold on;
x=[10.937394 1377.433689 1372.721058 10.937394]; y=[1041.246847 933.645135 1069.333762 1041.246847]; plot(x,y); hold on;

---- Deltas ----
id=     0: dx=    0.79 dy=   -0.30 d=    0.85
id=     1: dx=    0.35 dy=    0.78 d=    0.86
id=     2: dx=    0.10 dy=    0.84 d=    0.84
id=     3: dx=    0.25 dy=   -0.75 d=    0.79

---- Areas ----
Triangle 0, area was    94116.0, is    94245.5,    0.1%
Triangle 1, area was    94116.0, is    92455.5,   -1.8%
Combined: area was   188232.0, is   186701.0,   -0.8%

---- Transforms ----
 0.9979 -0.0385    16.25    0.0225  1.0026   902.89
 0.9984 -0.0341    15.65    0.0206  0.9833   905.56

---- QC - deformable ----
Remapping 1431040 points.
Metrics: DEF: Mean square difference 1.325783
Metrics: DEF: Smallest footprint deg=0, area=184275
MetricImages: Range x 0 1365, y 0 135, use Nx=1366, Ny=136
Approximate EM metric 0.176536 for 185776 points.
All points, deformable, dfm 0.176536

Metrics: TRI: Mean square difference 1.252613
Metrics: TRI: Smallest footprint deg=0, area=183735
MetricImages: Range x 0 1361, y 0 135, use Nx=1362, Ny=136
Approximate EM metric 0.120506 for 185232 points.
%Yellow: Tol   1.05  red   39.2  yellow   12.4  green   48.4
%Yellow: Tol   1.10  red   34.7  yellow   23.6  green   41.7
%Yellow: Tol   1.15  red   30.7  yellow   38.4  green   30.9
%Yellow: Tol   1.20  red   27.2  yellow   48.2  green   24.7
%Yellow: Tol   1.25  red   24.1  yellow   56.0  green   19.9
Triangle 0: 94835 points, corr 0.373683, fm 0.120506, yellow 0.56

Metrics: TRI: Mean square difference 1.424609
Metrics: TRI: Smallest footprint deg=2, area=142952
MetricImages: Range x 25 1361, y 48 155, use Nx=1338, Ny=108
Approximate EM metric 0.065641 for 144504 points.
%Yellow: Tol   1.05  red   42.8  yellow    7.4  green   49.8
%Yellow: Tol   1.10  red   38.5  yellow   17.3  green   44.2
%Yellow: Tol   1.15  red   34.3  yellow   27.4  green   38.3
%Yellow: Tol   1.20  red   30.0  yellow   40.0  green   30.0
%Yellow: Tol   1.25  red   25.7  yellow   54.2  green   20.1
Triangle 1: 71483 points, corr 0.287682, fm 0.065641, yellow 0.54


---- Final reports ----
STAT: Overall 166318 points, corr 0.3374, EMM 0.1765, weighted EMM 0.0969, cor+dfm 0.5139, weighted yellow 0.5525
FAIL: Overall rejected: [EMM=0.176536 > 0.154 = (EMT=0.14 * 1.10)].
Pipe: Returning 0 total transforms.

---- Summary Region-region results ----
Pipe: Table Headers {Az t r Bz t r thmok ntri}
FOUND:     2   11   1      1   12   1   1   0
Timer: Alignment took 0.970 seconds.

main: Got 0 mapping regions.

main: Normal completion for dmesh run.
Timer: Total took 1.260 seconds.

---- Memory ----
Host name: h08u02.int.janelia.org
PID:       25442
User time:       1 seconds.
System time:     0 seconds.
VmPeak:	  505500 kB
VmSize:	  205420 kB
VmLck:	       0 kB
VmPin:	       0 kB
VmHWM:	  342172 kB
VmRSS:	   40968 kB
VmData:	   36028 kB
VmStk:	     160 kB
VmExe:	     832 kB
VmLib:	   85564 kB
VmPTE:	     332 kB
VmSwap:	       0 kB
voluntary_ctxt_switches:	20
nonvoluntary_ctxt_switches:	36

