
---- dmesh start ----
main: Start: Fri Sep 30 13:26:59 2016


---- Match parameters ----
PXBRO=2            <default 2>        "Max Legendre poly order for bkg removal"
PXLENS=N           <default N>        "Y=Apply IDB/lens.txt"
PXRESMSK=N         <default N>        "Y=Apply resin mask"
PXDOG=N            <default N>        "Y=Apply DoG filter"
PXDOG_R1=3         <default 3>        "DoG inner radius"
PXDOG_R2=6         <default 6>        "DoG outer radius"
FLD=N              <default X>        "Mask usage: Y=Use, N=None, X=XL only"
PRETWEAK=N         <default N>        "Y=Auto-distort before angle scan"
SCALE=1            <default 1.0>      "Image-B / image-A scale factor"
XSCALE=1           <default 1.0>      "Image-B / image-A x-axis scale factor"
YSCALE=1           <default 1.0>      "Image-B / image-A y-axis scale factor"
SKEW=0             <default 0.0>      "Transform elem[3] user-applied distortion"
MODE_SL=M          <default Z>        "Notes above"
MODE_XL=N          <default Y>        "Notes above"
TAB2DFM_SL=N       <default Y>        "Adopt Tdfm from Tab"
TAB2DFM_XL=Y       <default Y>        "Adopt Tdfm from Tab"
XYCONF_SL=1.0      <default 0.0>      "[0,1.0] confidence in Tab XY"
XYCONF_XL=0.8      <default 0.0>      "[0,1.0] confidence in Tab XY"
THMDEC_SL=8        <default 8>        "2^N thumb decimation factor"
THMDEC_XL=8        <default 8>        "2^N thumb decimation factor"
OLAP1D_SL=0        <default 0>        "Min 1D pix full-size overlap"
OLAP1D_XL=0        <default 0>        "Min 1D pix full-size overlap"
OLAP2D_SL=60000    <default 25000>    "Min 2D pix full-size overlap"
OLAP2D_XL=160000   <default 200000>   "Min 2D pix full-size overlap"
NBMXHT_SL=0.75     <default 0.75>     "Max F(neib)/F(pk) in guard zone"
NBMXHT_XL=0.75     <default 0.75>     "Max F(neib)/F(pk) in guard zone"
HFANGDN_SL=5       <default 5.0>      "Half angle search range denovo"
HFANGDN_XL=45      <default 45.0>     "Half angle search range denovo"
HFANGPR_SL=1       <default 1.0>      "Half angle search range prior angles"
HFANGPR_XL=4       <default 1.0>      "Half angle search range prior angles"
RTRSH_SL=0.3       <default 0.3>      "R corr thresh"
RTRSH_XL=0.3       <default 0.3>      "R corr thresh"
TWEAKS=N           <default N>        "Y=Try 8 near unity distortions"
LIMXY_SL=30        <default 0>        "0 or Max XY delta from Tab"
LIMXY_XL=80        <default 0>        "0 or Max XY delta from Tab"
WTHMPR=Y           <default Y>        "Y=Write ThmPair_a^b.txt entries"
OPT_SL=Y           <default Y(EM)>    "Y=Enable mesh optimizer"
RIT_SL=0.50        <default 0.20>     "Min mesh starting corr"
RIT_XL=0.1         <default 0.20>     "Min mesh starting corr"
RFA_SL=0.55        <default 0.3>      "Affine-only final corr"
RFA_XL=0.20        <default 0.3>      "Affine-only final corr"
RFT_SL=0.65        <default 0.5>      "Full mesh final corr"
RFT_XL=0.25        <default 0.5>      "Full mesh final corr"
TMC=5              <default 30.0%>    "Max single triangle area change"
TSC=9              <default 9.0%>     "Max summed triangle area change"
MNL=250            <default 300>      "Triangle edges between MNL and 2*MNL"
MTA=120000         <default 10000>    "Min triangle size (pixels)"
MMA=60000          <default 100000>   "Min 2D overlap for mesh"
ONE=N              <default N>        "Y=Use just one affine transform"
IFM=0.50           <default 0.50>     "Min Fourier Metric after affine-only"
FFM=0.65           <default 0.65>     "Min Fourier Metric after full mesh"
FYL=0.5            <default 0.50>     "Min fraction of yellow pixels"
CPD=0.5            <default 0.50>     "Min Correlation + DFM"
EMM=Y              <default Y>        "Y=Use Earth Mover's Metric, N=Use Fourier"
EMT=0.14           <default 0.2>      "Earth Movers Metric thresh"
WDI=N              <default N>        "Y=Write diff images (Fourier, EMM metrics)"
LDA=0.2            <default 0.2>      "Max radian delta between triangles"
LDR=0.1            <default 0.1>      "Max sine delta between triangles"
LDC=100            <default 100.0>    "Max XY delta between triangles"
DXY=100            <default 100.0>    "Max delta from user input XYs"
WMT=N              <default Y>        "Y=Write map.tif files"
WTT=N              <default Y>        "Y=Write tf.txt files"


---- Input images ----
Til2Img entry: A T=[ 1.0000  0.0000  1142.00  0.0000  1.0000  5142.00] path=[/groups/apig/tomo/DEMO/TIF/C1_6_2.tif].
Til2Img entry: B T=[ 1.0000  0.0000  1142.00  0.0000  1.0000  5142.00] path=[/groups/apig/tomo/DEMO/TIF/B1_6_2.tif].


---- Command-line overrides ----
Tab=  0.9984 -0.0212   -69.69    0.0235  0.9988    65.71
Tdfm= 0.9987  0.0012     0.00    0.0012  0.9990     0.00
FLD=N


---- Image loading ----
Raster8FromTif: Opening [/groups/apig/tomo/DEMO/TIF/C1_6_2.tif].
Raster8FromTif: Bits per sample 8, samples per pixel 1
Raster8FromTif: Picture is 1376 by 1040, 1431040 pixels total.
TIF(8): Last Encoded strip had 1376 bytes.
Raster8FromTif: Opening [/groups/apig/tomo/DEMO/TIF/B1_6_2.tif].
Raster8FromTif: Bits per sample 8, samples per pixel 1
Raster8FromTif: Picture is 1376 by 1040, 1431040 pixels total.
TIF(8): Last Encoded strip had 1376 bytes.
PixPair: Using image scale=1.
Timer: Image conditioning took 0.250 seconds.

---- Foldmaps ----

---- Connected regions ----
Forcing single connected region.

---- Begin A-1 to B-1 ----

---- Thumbnail matching ----
Subimage: Using intersection, w=1321, h=988, pix=1305148
Thumbs: After decimation 20584 pts, reqArea 2501, thmscl 8
SetDisc( -2, 2, 10, 10 )
Initial: R= 1.889, A=   1.283, X=   -2.24, Y=    1.93
Peak-Disc: dR 1 dX -1 dY 0
Approx: LowRes  R=1.889, X=-17.899, Y=15.433
Approx: FullRes R=0.287, X=-19.048, Y=14.901, use=Y.
Timer: FinishAtFullRes took 0.980 seconds.
Approx: Returning A=1.282594, R=1.888866, X=-73.959711, Y=65.607130
Approx: Best transform  0.9984 -0.0212   -73.96    0.0235  0.9988    65.61
Approx: Orig transform  0.9984 -0.0212   -69.69    0.0235  0.9988    65.71
Approx: Idnt transform  1.0000 -0.0000    -4.27    0.0000  1.0000    -0.01
Approx: err = 4.27194, max = 80

---- Starting detailed region mapping ----
Roughly 1238994 pixels map to B.
Region size is [74 1375] in x, [0 973] in y.

---- Building mesh - affine ----
Computed simple triangle.

---- ImproveMesh - affine ----
Tri: (74 0) (1375 0) (724 973).

---- Matlab Vertices ----
x=[74 1375 724 74]; y=[0 0 973 0]; plot(x,y); hold on;

---- ImproveControlPts ----
STAT: ImproveCpt: Initial affine correlation 0.517215 (1238994 pixels).
corr=0.517215	step=10.000000
corr=0.517215	step=5.000000
corr=0.520147	step=5.000000
corr=0.520147	step=2.500000
corr=0.520701	step=2.500000
corr=0.520701	step=1.250000
corr=0.521583	step=1.250000
corr=0.521583	step=0.625000
corr=0.521760	step=0.625000
corr=0.521760	step=0.312500
corr=0.521864	step=0.312500
corr=0.521864	step=0.156250
corr=0.521869	step=0.156250
corr=0.521880	step=0.156250
STAT: ImproveCpt: Final affine correlation 0.521880, (threshold 0.200000).

---- Matlab A-Sys Originals ----
x=[74.000000 1375.000000 724.000000 74.000000]; y=[0.000000 0.000000 973.000000 0.000000]; plot(x,y); hold on;

---- Matlab B-Sys Originals ----
x=[-0.078925 1298.825164 628.260920 -0.078925]; y=[67.348350 97.960880 1054.451898 67.348350]; plot(x,y); hold on;

---- Matlab B-Sys Optimized ----
x=[4.010797 1298.582274 628.016694 4.010797]; y=[68.386775 95.552444 1054.976684 68.386775]; plot(x,y); hold on;

---- Deltas ----
id=     0: dx=    4.09 dy=    1.04 d=    4.22
id=     1: dx=   -0.24 dy=   -2.41 d=    2.42
id=     2: dx=   -0.24 dy=    0.52 d=    0.58

---- Areas ----
Triangle 0, area was   632936.5, is   630129.8,   -0.4%
Combined: area was   632936.5, is   630129.8,   -0.4%

---- Transforms ----
 0.9951 -0.0234   -69.62    0.0209  1.0000    66.84
Best affine transform:  0.9951 -0.0234   -69.62    0.0209  1.0000    66.84
    Inverse transform:  1.0045  0.0235    68.36   -0.0210  0.9995   -68.27

---- QC - affine ----
Metrics: AFF: Mean square difference 0.955652
Metrics: AFF: Smallest footprint deg=0, area=1.26585e+06
MetricImages: Range x 70 1375, y 0 970, use Nx=1306, Ny=972
Approximate EM metric 0.113372 for 1269432 points.
%Yellow: Tol   1.05  red   40.3  yellow   21.5  green   38.2
%Yellow: Tol   1.10  red   31.5  yellow   39.0  green   29.5
%Yellow: Tol   1.15  red   24.8  yellow   52.1  green   23.1
%Yellow: Tol   1.20  red   19.6  yellow   61.9  green   18.5
%Yellow: Tol   1.25  red   15.8  yellow   69.0  green   15.1
Affine Triangle: 1239026 points, corr 0.522173, fm 0.113372, yellow 0.69

---- Building mesh - deformable ----
Lx Dx Nx:  1301   650.00   2
Ly Dy Ny:   973   486.00   2

STAT: From 1238994 pts, got 8 triangles, 9 control points.
Timer: MeshCreate took 0.040 seconds.

---- ImproveMesh - deformable mesh ----
Tri: (74 0) (724 0) (74 486).
Tri: (74 486) (724 0) (724 486).
Tri: (724 0) (1375 0) (724 486).
Tri: (724 486) (1375 0) (1375 486).
Tri: (74 486) (724 486) (74 973).
Tri: (74 973) (724 486) (724 973).
Tri: (724 486) (1375 486) (724 973).
Tri: (724 973) (1375 486) (1375 973).

---- Matlab Vertices ----
x=[74 724 74 74]; y=[0 0 486 0]; plot(x,y); hold on;
x=[74 724 724 74]; y=[486 0 486 486]; plot(x,y); hold on;
x=[724 1375 724 724]; y=[0 0 486 0]; plot(x,y); hold on;
x=[724 1375 1375 724]; y=[486 0 486 486]; plot(x,y); hold on;
x=[74 724 74 74]; y=[486 486 973 486]; plot(x,y); hold on;
x=[74 724 724 74]; y=[973 486 973 973]; plot(x,y); hold on;
x=[724 1375 724 724]; y=[486 486 973 486]; plot(x,y); hold on;
x=[724 1375 1375 724]; y=[973 486 973 973]; plot(x,y); hold on;

---- ImproveControlPts ----
STAT: ImproveCpt: Initial deformable mesh correlation 0.521880 (1238994 pixels).
corr=0.521880	step=10.000000
corr=0.521880	step=5.000000
corr=0.521880	step=2.500000
corr=0.521880	step=1.250000
corr=0.522270	step=1.250000
corr=0.522477	step=1.250000
corr=0.522477	step=0.625000
corr=0.522734	step=0.625000
corr=0.522750	step=0.625000
corr=0.522862	step=0.625000
corr=0.522862	step=0.312500
corr=0.522862	step=0.156250
corr=0.522872	step=0.156250
corr=0.522872	step=0.078125
STAT: ImproveCpt: Final deformable mesh correlation 0.522872, (threshold 0.250000).

---- Matlab A-Sys Originals ----
x=[74.000000 724.000000 74.000000 74.000000]; y=[0.000000 0.000000 486.000000 0.000000]; plot(x,y); hold on;
x=[74.000000 724.000000 724.000000 74.000000]; y=[486.000000 0.000000 486.000000 486.000000]; plot(x,y); hold on;
x=[724.000000 1375.000000 724.000000 724.000000]; y=[0.000000 0.000000 486.000000 0.000000]; plot(x,y); hold on;
x=[724.000000 1375.000000 1375.000000 724.000000]; y=[486.000000 0.000000 486.000000 486.000000]; plot(x,y); hold on;
x=[74.000000 724.000000 74.000000 74.000000]; y=[486.000000 486.000000 973.000000 486.000000]; plot(x,y); hold on;
x=[74.000000 724.000000 724.000000 74.000000]; y=[973.000000 486.000000 973.000000 973.000000]; plot(x,y); hold on;
x=[724.000000 1375.000000 724.000000 724.000000]; y=[486.000000 486.000000 973.000000 486.000000]; plot(x,y); hold on;
x=[724.000000 1375.000000 1375.000000 724.000000]; y=[973.000000 486.000000 973.000000 973.000000]; plot(x,y); hold on;

---- Matlab B-Sys Originals ----
x=[4.010797 650.799006 -7.368652 4.010797]; y=[68.386775 81.959169 554.395523 68.386775]; plot(x,y); hold on;
x=[-7.368652 650.799006 639.419557 -7.368652]; y=[554.395523 81.959169 567.967918 554.395523]; plot(x,y); hold on;
x=[650.799006 1298.582274 639.419557 650.799006]; y=[81.959169 95.552444 567.967918 81.959169]; plot(x,y); hold on;
x=[639.419557 1298.582274 1287.202825 639.419557]; y=[567.967918 95.552444 581.561193 567.967918]; plot(x,y); hold on;
x=[-7.368652 639.419557 -18.771515 -7.368652]; y=[554.395523 567.967918 1041.404290 554.395523]; plot(x,y); hold on;
x=[-18.771515 639.419557 628.016694 -18.771515]; y=[1041.404290 567.967918 1054.976684 1041.404290]; plot(x,y); hold on;
x=[639.419557 1287.202825 628.016694 639.419557]; y=[567.967918 581.561193 1054.976684 567.967918]; plot(x,y); hold on;
x=[628.016694 1287.202825 1275.799962 628.016694]; y=[1054.976684 581.561193 1068.569959 1054.976684]; plot(x,y); hold on;

---- Matlab B-Sys Optimized ----
x=[3.693277 651.454431 -6.094052 3.693277]; y=[68.033170 81.838493 554.472375 68.033170]; plot(x,y); hold on;
x=[-6.094052 651.454431 638.461094 -6.094052]; y=[554.472375 81.838493 568.736893 554.472375]; plot(x,y); hold on;
x=[651.454431 1299.112941 638.461094 651.454431]; y=[81.838493 94.810591 568.736893 81.838493]; plot(x,y); hold on;
x=[638.461094 1299.112941 1288.110172 638.461094]; y=[568.736893 94.810591 581.524227 568.736893]; plot(x,y); hold on;
x=[-6.094052 638.461094 -18.244413 -6.094052]; y=[554.472375 568.736893 1040.575453 554.472375]; plot(x,y); hold on;
x=[-18.244413 638.461094 628.153964 -18.244413]; y=[1040.575453 568.736893 1054.853052 1040.575453]; plot(x,y); hold on;
x=[638.461094 1288.110172 628.153964 638.461094]; y=[568.736893 581.524227 1054.853052 568.736893]; plot(x,y); hold on;
x=[628.153964 1288.110172 1275.432170 628.153964]; y=[1054.853052 581.524227 1068.428806 1054.853052]; plot(x,y); hold on;

---- Deltas ----
id=     0: dx=   -0.32 dy=   -0.35 d=    0.48
id=     1: dx=    0.66 dy=   -0.12 d=    0.67
id=     2: dx=    0.53 dy=   -0.74 d=    0.91
id=     3: dx=    1.27 dy=    0.08 d=    1.28
id=     4: dx=   -0.96 dy=    0.77 d=    1.23
id=     5: dx=    0.91 dy=   -0.04 d=    0.91
id=     6: dx=    0.53 dy=   -0.83 d=    0.98
id=     7: dx=    0.14 dy=   -0.12 d=    0.18
id=     8: dx=   -0.37 dy=   -0.14 d=    0.39

---- Areas ----
Triangle 0, area was   157950.0, is   157615.8,   -0.2%
Triangle 1, area was   157950.0, is   157009.1,   -0.6%
Triangle 2, area was   158193.0, is   157756.2,   -0.3%
Triangle 3, area was   158193.0, is   158166.9,   -0.0%
Triangle 4, area was   158275.0, is   156746.8,   -1.0%
Triangle 5, area was   158275.0, is   157185.9,   -0.7%
Triangle 6, area was   158518.5, is   157968.4,   -0.3%
Triangle 7, area was   158518.5, is   157667.4,   -0.5%
Combined: area was  1265873.0, is  1260116.5,   -0.5%

---- Transforms ----
 0.9966 -0.0201   -70.05    0.0212  1.0009    66.46
 0.9916 -0.0267   -66.48    0.0219  1.0018    65.95
 0.9949 -0.0267   -68.83    0.0199  1.0018    67.41
 0.9979 -0.0226   -73.03    0.0196  1.0015    67.80
 0.9916 -0.0249   -67.35    0.0219  0.9982    67.74
 0.9945 -0.0212   -71.24    0.0220  0.9982    67.72
 0.9979 -0.0212   -73.75    0.0196  0.9982    69.40
 0.9943 -0.0260   -66.38    0.0209  0.9998    66.95

---- QC - deformable ----
Remapping 1431040 points.
Metrics: DEF: Mean square difference 0.953582
Metrics: DEF: Smallest footprint deg=0, area=1.26618e+06
MetricImages: Range x 71 1375, y 0 971, use Nx=1306, Ny=972
Approximate EM metric 0.113206 for 1269432 points.
All points, deformable, dfm 0.113206

Metrics: TRI: Mean square difference 0.890026
Metrics: TRI: Smallest footprint deg=0, area=313440
MetricImages: Range x 71 724, y 0 480, use Nx=654, Ny=482
Approximate EM metric 0.090316 for 315228 points.
%Yellow: Tol   1.05  red   37.3  yellow   23.9  green   38.7
%Yellow: Tol   1.10  red   28.7  yellow   41.9  green   29.4
%Yellow: Tol   1.15  red   22.4  yellow   54.9  green   22.7
%Yellow: Tol   1.20  red   17.7  yellow   64.7  green   17.6
%Yellow: Tol   1.25  red   14.3  yellow   71.8  green   13.9
Triangle 0: 157709 points, corr 0.554981, fm 0.090316, yellow 0.72

Metrics: TRI: Mean square difference 1.167148
Metrics: TRI: Smallest footprint deg=0, area=311855
MetricImages: Range x 81 724, y 1 486, use Nx=644, Ny=486
Approximate EM metric 0.083840 for 312984 points.
%Yellow: Tol   1.05  red   44.4  yellow   18.1  green   37.4
%Yellow: Tol   1.10  red   35.7  yellow   33.8  green   30.5
%Yellow: Tol   1.15  red   28.5  yellow   46.4  green   25.1
%Yellow: Tol   1.20  red   22.6  yellow   56.3  green   21.0
%Yellow: Tol   1.25  red   18.3  yellow   63.8  green   17.9
Triangle 1: 158499 points, corr 0.416420, fm 0.083840, yellow 0.64

Metrics: TRI: Mean square difference 0.926290
Metrics: TRI: Smallest footprint deg=0, area=315250
MetricImages: Range x 725 1375, y 0 485, use Nx=652, Ny=486
Approximate EM metric 0.077308 for 316872 points.
%Yellow: Tol   1.05  red   38.4  yellow   20.2  green   41.5
%Yellow: Tol   1.10  red   30.4  yellow   37.2  green   32.4
%Yellow: Tol   1.15  red   24.3  yellow   50.8  green   25.0
%Yellow: Tol   1.20  red   19.6  yellow   61.1  green   19.3
%Yellow: Tol   1.25  red   16.1  yellow   68.8  green   15.1
Triangle 2: 158277 points, corr 0.536849, fm 0.077308, yellow 0.69

Metrics: TRI: Mean square difference 0.790494
Metrics: TRI: Smallest footprint deg=0, area=315250
MetricImages: Range x 725 1375, y 1 486, use Nx=652, Ny=486
Approximate EM metric 0.106107 for 316872 points.
%Yellow: Tol   1.05  red   38.2  yellow   20.9  green   40.8
%Yellow: Tol   1.10  red   29.8  yellow   38.5  green   31.6
%Yellow: Tol   1.15  red   23.4  yellow   52.0  green   24.6
%Yellow: Tol   1.20  red   18.5  yellow   62.4  green   19.1
%Yellow: Tol   1.25  red   14.8  yellow   70.1  green   15.1
Triangle 3: 158760 points, corr 0.604747, fm 0.106107, yellow 0.70

Metrics: TRI: Mean square difference 0.677975
Metrics: TRI: Smallest footprint deg=0, area=301911
MetricImages: Range x 81 722, y 487 958, use Nx=642, Ny=472
Approximate EM metric 0.078530 for 303024 points.
%Yellow: Tol   1.05  red   39.2  yellow   24.8  green   36.0
%Yellow: Tol   1.10  red   29.4  yellow   43.8  green   26.8
%Yellow: Tol   1.15  red   22.0  yellow   57.9  green   20.1
%Yellow: Tol   1.20  red   16.5  yellow   68.1  green   15.3
%Yellow: Tol   1.25  red   12.5  yellow   75.4  green   12.0
Triangle 4: 152100 points, corr 0.661006, fm 0.078530, yellow 0.75

Metrics: TRI: Mean square difference 1.180472
Metrics: TRI: Smallest footprint deg=37, area=302860
MetricImages: Range x -511 286, y 821 1201, use Nx=798, Ny=382
Approximate EM metric 0.092405 for 304836 points.
%Yellow: Tol   1.05  red   44.0  yellow   17.5  green   38.5
%Yellow: Tol   1.10  red   35.8  yellow   32.4  green   31.7
%Yellow: Tol   1.15  red   28.9  yellow   44.7  green   26.5
%Yellow: Tol   1.20  red   23.2  yellow   54.5  green   22.4
%Yellow: Tol   1.25  red   18.9  yellow   61.9  green   19.3
Triangle 5: 152741 points, corr 0.409757, fm 0.092405, yellow 0.62

Metrics: TRI: Mean square difference 0.957948
Metrics: TRI: Smallest footprint deg=0, area=304560
MetricImages: Range x 725 1373, y 487 957, use Nx=650, Ny=472
Approximate EM metric 0.093852 for 306800 points.
%Yellow: Tol   1.05  red   40.8  yellow   22.2  green   37.0
%Yellow: Tol   1.10  red   31.4  yellow   40.0  green   28.6
%Yellow: Tol   1.15  red   24.4  yellow   52.8  green   22.8
%Yellow: Tol   1.20  red   19.5  yellow   61.9  green   18.6
%Yellow: Tol   1.25  red   16.1  yellow   68.3  green   15.7
Triangle 6: 157780 points, corr 0.521020, fm 0.093852, yellow 0.68

Metrics: TRI: Mean square difference 1.069081
Metrics: TRI: Smallest footprint deg=37, area=288880
MetricImages: Range x 21 806, y 1213 1581, use Nx=786, Ny=370
Approximate EM metric 0.076141 for 290820 points.
%Yellow: Tol   1.05  red   42.3  yellow   17.3  green   40.4
%Yellow: Tol   1.10  red   34.4  yellow   32.2  green   33.4
%Yellow: Tol   1.15  red   27.9  yellow   44.4  green   27.7
%Yellow: Tol   1.20  red   22.8  yellow   54.2  green   22.9
%Yellow: Tol   1.25  red   18.9  yellow   61.9  green   19.2
Triangle 7: 144179 points, corr 0.465452, fm 0.076141, yellow 0.62


---- Final reports ----
STAT: Overall 1240045 points, corr 0.5229, EMM 0.1132, weighted EMM 0.0875, cor+dfm 0.6361, weighted yellow 0.6781

Angle span: min, max, delta = 0.020440 0.024415 0.003975
Mesh-Thm: 0.0035  0.0025     4.32    0.0026  0.0013     1.82 2x(LDR,LDC)=(0.20,200.00) -- OK.

Final remapping of 1431040 points.
Center 282.121703 155.610997:  0.9966 -0.0201   -70.05    0.0212  1.0009    66.46
Mapping region 1 xy= 282.121703 155.610997 to region 1 xy= 207.964352 228.205083
Center 473.399034 336.686207:  0.9916 -0.0267   -66.48    0.0219  1.0018    65.95
Mapping region 1 xy= 473.399034 336.686207 to region 1 xy= 393.951280 413.647543
Center 923.673851 149.065271:  0.9949 -0.0267   -68.83    0.0199  1.0018    67.41
Mapping region 1 xy= 923.673851 149.065271 to region 1 xy= 846.118086 235.158105
Center 1118.434505 338.768687:  0.9979 -0.0226   -73.03    0.0196  1.0015    67.80
Mapping region 1 xy= 1118.434505 338.768687 to region 1 xy= 1035.410323 429.037108
Center 286.386387 645.126416:  0.9916 -0.0249   -67.35    0.0219  0.9982    67.74
Mapping region 1 xy= 286.386387 645.126416 to region 1 xy= 200.543128 717.966630
Center 492.807014 816.108449:  0.9945 -0.0212   -71.24    0.0220  0.9982    67.72
Mapping region 1 xy= 492.807014 816.108449 to region 1 xy= 401.562546 893.167961
Center 924.329418 635.862406:  0.9979 -0.0212   -73.75    0.0196  0.9982    69.40
Mapping region 1 xy= 924.329418 635.862406 to region 1 xy= 835.203030 722.262310
Center 1145.944578 815.175876:  0.9943 -0.0260   -66.38    0.0209  0.9998    66.95
Mapping region 1 xy= 1145.944578 815.175876 to region 1 xy= 1051.794880 905.858955

Pipe: Returning 8 total transforms.

---- Summary Region-region results ----
Pipe: Table Headers {Az t r Bz t r thmok ntri}
FOUND:     2    6   1      1    6   1   1   8

---- Tabulating point matches ----
Tabulate: Rgn 1 -> 1: Keeping 8 of 8 point-pairs.

Timer: Alignment took 3.910 seconds.

main: Got 8 mapping regions.
main: Transform   0:  0.9966 -0.0201   -70.05    0.0212  1.0009    66.46
main: Transform   1:  0.9916 -0.0267   -66.48    0.0219  1.0018    65.95
main: Transform   2:  0.9949 -0.0267   -68.83    0.0199  1.0018    67.41
main: Transform   3:  0.9979 -0.0226   -73.03    0.0196  1.0015    67.80
main: Transform   4:  0.9916 -0.0249   -67.35    0.0219  0.9982    67.74
main: Transform   5:  0.9945 -0.0212   -71.24    0.0220  0.9982    67.72
main: Transform   6:  0.9979 -0.0212   -73.75    0.0196  0.9982    69.40
main: Transform   7:  0.9943 -0.0260   -66.38    0.0209  0.9998    66.95

main: Average:  0.9949 -0.0237     0.00    0.0209  1.0001     0.00
main: Degrees: 1.28043
main: Residue:  0.9951 -0.0013     0.00   -0.0013  1.0003     0.00

main: Inverse:  1.0046  0.0238    -0.00   -0.0210  0.9995    -0.00
main: Degrees: -1.28043
main: Residue:  1.0048  0.0015     0.00    0.0015  0.9997     0.00

main: Normal completion for dmesh run.
Timer: Total took 4.160 seconds.

---- Memory ----
Host name: h08u02.int.janelia.org
PID:       25529
User time:       3 seconds.
System time:     0 seconds.
VmPeak:	  857884 kB
VmSize:	  231376 kB
VmLck:	       0 kB
VmPin:	       0 kB
VmHWM:	  694576 kB
VmRSS:	   67868 kB
VmData:	   61980 kB
VmStk:	     164 kB
VmExe:	     832 kB
VmLib:	   85564 kB
VmPTE:	     376 kB
VmSwap:	       0 kB
voluntary_ctxt_switches:	16
nonvoluntary_ctxt_switches:	31

