
---- dmesh start ----
main: Start: Fri Sep 30 13:26:51 2016


---- Match parameters ----
PXBRO=2            <default 2>        "Max Legendre poly order for bkg removal"
PXLENS=N           <default N>        "Y=Apply IDB/lens.txt"
PXRESMSK=N         <default N>        "Y=Apply resin mask"
PXDOG=N            <default N>        "Y=Apply DoG filter"
PXDOG_R1=3         <default 3>        "DoG inner radius"
PXDOG_R2=6         <default 6>        "DoG outer radius"
FLD=N              <default X>        "Mask usage: Y=Use, N=None, X=XL only"
PRETWEAK=N         <default N>        "Y=Auto-distort before angle scan"
SCALE=1            <default 1.0>      "Image-B / image-A scale factor"
XSCALE=1           <default 1.0>      "Image-B / image-A x-axis scale factor"
YSCALE=1           <default 1.0>      "Image-B / image-A y-axis scale factor"
SKEW=0             <default 0.0>      "Transform elem[3] user-applied distortion"
MODE_SL=M          <default Z>        "Notes above"
MODE_XL=N          <default Y>        "Notes above"
TAB2DFM_SL=N       <default Y>        "Adopt Tdfm from Tab"
TAB2DFM_XL=Y       <default Y>        "Adopt Tdfm from Tab"
XYCONF_SL=1.0      <default 0.0>      "[0,1.0] confidence in Tab XY"
XYCONF_XL=0.8      <default 0.0>      "[0,1.0] confidence in Tab XY"
THMDEC_SL=8        <default 8>        "2^N thumb decimation factor"
THMDEC_XL=8        <default 8>        "2^N thumb decimation factor"
OLAP1D_SL=0        <default 0>        "Min 1D pix full-size overlap"
OLAP1D_XL=0        <default 0>        "Min 1D pix full-size overlap"
OLAP2D_SL=60000    <default 25000>    "Min 2D pix full-size overlap"
OLAP2D_XL=160000   <default 200000>   "Min 2D pix full-size overlap"
NBMXHT_SL=0.75     <default 0.75>     "Max F(neib)/F(pk) in guard zone"
NBMXHT_XL=0.75     <default 0.75>     "Max F(neib)/F(pk) in guard zone"
HFANGDN_SL=5       <default 5.0>      "Half angle search range denovo"
HFANGDN_XL=45      <default 45.0>     "Half angle search range denovo"
HFANGPR_SL=1       <default 1.0>      "Half angle search range prior angles"
HFANGPR_XL=4       <default 1.0>      "Half angle search range prior angles"
RTRSH_SL=0.3       <default 0.3>      "R corr thresh"
RTRSH_XL=0.3       <default 0.3>      "R corr thresh"
TWEAKS=N           <default N>        "Y=Try 8 near unity distortions"
LIMXY_SL=30        <default 0>        "0 or Max XY delta from Tab"
LIMXY_XL=80        <default 0>        "0 or Max XY delta from Tab"
WTHMPR=Y           <default Y>        "Y=Write ThmPair_a^b.txt entries"
OPT_SL=Y           <default Y(EM)>    "Y=Enable mesh optimizer"
RIT_SL=0.50        <default 0.20>     "Min mesh starting corr"
RIT_XL=0.1         <default 0.20>     "Min mesh starting corr"
RFA_SL=0.55        <default 0.3>      "Affine-only final corr"
RFA_XL=0.20        <default 0.3>      "Affine-only final corr"
RFT_SL=0.65        <default 0.5>      "Full mesh final corr"
RFT_XL=0.25        <default 0.5>      "Full mesh final corr"
TMC=5              <default 30.0%>    "Max single triangle area change"
TSC=9              <default 9.0%>     "Max summed triangle area change"
MNL=250            <default 300>      "Triangle edges between MNL and 2*MNL"
MTA=120000         <default 10000>    "Min triangle size (pixels)"
MMA=60000          <default 100000>   "Min 2D overlap for mesh"
ONE=N              <default N>        "Y=Use just one affine transform"
IFM=0.50           <default 0.50>     "Min Fourier Metric after affine-only"
FFM=0.65           <default 0.65>     "Min Fourier Metric after full mesh"
FYL=0.5            <default 0.50>     "Min fraction of yellow pixels"
CPD=0.5            <default 0.50>     "Min Correlation + DFM"
EMM=Y              <default Y>        "Y=Use Earth Mover's Metric, N=Use Fourier"
EMT=0.14           <default 0.2>      "Earth Movers Metric thresh"
WDI=N              <default N>        "Y=Write diff images (Fourier, EMM metrics)"
LDA=0.2            <default 0.2>      "Max radian delta between triangles"
LDR=0.1            <default 0.1>      "Max sine delta between triangles"
LDC=100            <default 100.0>    "Max XY delta between triangles"
DXY=100            <default 100.0>    "Max delta from user input XYs"
WMT=N              <default Y>        "Y=Write map.tif files"
WTT=N              <default Y>        "Y=Write tf.txt files"


---- Input images ----
Til2Img entry: A T=[ 1.0000  0.0000     0.00  0.0000  1.0000  2571.00] path=[/groups/apig/tomo/DEMO/TIF/C1_10_2.tif].
Til2Img entry: B T=[ 1.0000  0.0000     0.00  0.0000  1.0000  1714.00] path=[/groups/apig/tomo/DEMO/TIF/B1_11_2.tif].


---- Command-line overrides ----
Tab=  0.9992 -0.0227    -8.68    0.0226  0.9982   896.90
Tdfm= 0.9995 -0.0000     0.00   -0.0000  0.9984     0.00
FLD=N


---- Image loading ----
Raster8FromTif: Opening [/groups/apig/tomo/DEMO/TIF/C1_10_2.tif].
Raster8FromTif: Bits per sample 8, samples per pixel 1
Raster8FromTif: Picture is 1376 by 1040, 1431040 pixels total.
TIF(8): Last Encoded strip had 1376 bytes.
Raster8FromTif: Opening [/groups/apig/tomo/DEMO/TIF/B1_11_2.tif].
Raster8FromTif: Bits per sample 8, samples per pixel 1
Raster8FromTif: Picture is 1376 by 1040, 1431040 pixels total.
TIF(8): Last Encoded strip had 1376 bytes.
PixPair: Using image scale=1.
Timer: Image conditioning took 0.250 seconds.

---- Foldmaps ----

---- Connected regions ----
Forcing single connected region.

---- Begin A-1 to B-1 ----

---- Thumbnail matching ----
Subimage: Using intersection, w=1370, h=323, pix=442510
Thumbs: After decimation 7052 pts, reqArea 2501, thmscl 8
SetDisc( 0, 23, 10, 10 )
Initial: R= 0.631, A=   1.301, X=    0.08, Y=   22.88
Peak-Disc: dR 1 dX 0 dY 0
Approx: LowRes  R=0.631, X=0.655, Y=183.027
Approx: FullRes R=0.097, X=1.838, Y=185.135, use=Y.
Timer: FinishAtFullRes took 0.440 seconds.
Approx: Returning A=1.300635, R=0.631320, X=-4.157392, Y=901.999408
Approx: Best transform  0.9992 -0.0227    -4.16    0.0226  0.9982   902.00
Approx: Orig transform  0.9992 -0.0227    -8.68    0.0226  0.9982   896.90
Approx: Idnt transform  1.0000  0.0000     4.64    0.0000  1.0000     5.00
Approx: err = 6.8231, max = 80

---- Starting detailed region mapping ----
Roughly 168743 pixels map to B.
Region size is [4 1375] in x, [0 138] in y.

---- Building mesh - affine ----
Computed simple triangle.

---- ImproveMesh - affine ----
Tri: (4 0) (1375 0) (689 138).

---- Matlab Vertices ----
x=[4 1375 689 4]; y=[0 0 138 0]; plot(x,y); hold on;

---- ImproveControlPts ----
STAT: ImproveCpt: Initial affine correlation 0.357931 (168743 pixels).
corr=0.357931	step=10.000000
corr=0.357931	step=5.000000
corr=0.363376	step=5.000000
corr=0.367409	step=5.000000
corr=0.367409	step=2.500000
corr=0.367642	step=2.500000
corr=0.367642	step=1.250000
corr=0.368380	step=1.250000
corr=0.368380	step=0.625000
corr=0.368380	step=0.312500
corr=0.368499	step=0.312500
corr=0.368499	step=0.156250
corr=0.368499	step=0.078125
STAT: ImproveCpt: Final affine correlation 0.368499, (threshold 0.200000).

---- Matlab A-Sys Originals ----
x=[4.000000 1375.000000 689.000000 4.000000]; y=[0.000000 0.000000 138.000000 0.000000]; plot(x,y); hold on;

---- Matlab B-Sys Originals ----
x=[-0.160612 1369.735733 681.153569 -0.160612]; y=[902.089952 933.123908 1055.344866 902.089952]; plot(x,y); hold on;

---- Matlab B-Sys Optimized ----
x=[5.569224 1368.630999 678.471507 5.569224]; y=[903.728685 927.880809 1053.372566 903.728685]; plot(x,y); hold on;

---- Deltas ----
id=     0: dx=    5.73 dy=    1.64 d=    5.96
id=     1: dx=   -1.10 dy=   -5.24 d=    5.36
id=     2: dx=   -2.68 dy=   -1.97 d=    3.33

---- Areas ----
Triangle 0, area was    94599.0, is    93860.9,   -0.8%
Combined: area was    94599.0, is    93860.9,   -0.8%

---- Transforms ----
 0.9942 -0.0589     1.59    0.0176  0.9969   903.66
Best affine transform:  0.9942 -0.0589     1.59    0.0176  0.9969   903.66
    Inverse transform:  1.0048  0.0594   -55.27   -0.0178  1.0020  -905.46

---- QC - affine ----
Metrics: AFF: Mean square difference 1.268587
Metrics: AFF: Smallest footprint deg=0, area=185625
MetricImages: Range x 0 1375, y 0 135, use Nx=1376, Ny=136
Approximate EM metric 0.182178 for 187136 points.
%Yellow: Tol   1.05  red   45.3  yellow   11.6  green   43.1
%Yellow: Tol   1.10  red   40.0  yellow   21.9  green   38.1
%Yellow: Tol   1.15  red   35.0  yellow   30.9  green   34.2
%Yellow: Tol   1.20  red   30.2  yellow   40.3  green   29.5
%Yellow: Tol   1.25  red   25.9  yellow   50.1  green   24.0
Affine Triangle: 170368 points, corr 0.365701, fm 0.182178, yellow 0.50

---- Building mesh - deformable ----
Lx Dx Nx:  1371  1371.00   1
Ly Dy Ny:   138   138.00   1

STAT: From 168743 pts, got 2 triangles, 4 control points.
Timer: MeshCreate took 0.010 seconds.

---- ImproveMesh - deformable mesh ----
Tri: (4 0) (1375 0) (4 138).
Tri: (4 138) (1375 0) (1375 138).

---- Matlab Vertices ----
x=[4 1375 4 4]; y=[0 0 138 0]; plot(x,y); hold on;
x=[4 1375 1375 4]; y=[138 0 138 138]; plot(x,y); hold on;

---- ImproveControlPts ----
STAT: ImproveCpt: Initial deformable mesh correlation 0.368499 (168743 pixels).
corr=0.368499	step=10.000000
corr=0.368499	step=5.000000
corr=0.368499	step=2.500000
corr=0.368499	step=1.250000
corr=0.368499	step=0.625000
STAT: ImproveCpt: Final deformable mesh correlation 0.368515, (threshold 0.250000).

---- Matlab A-Sys Originals ----
x=[4.000000 1375.000000 4.000000 4.000000]; y=[0.000000 0.000000 138.000000 0.000000]; plot(x,y); hold on;
x=[4.000000 1375.000000 1375.000000 4.000000]; y=[138.000000 0.000000 138.000000 138.000000]; plot(x,y); hold on;

---- Matlab B-Sys Originals ----
x=[5.569224 1368.630999 -2.562275 5.569224]; y=[903.728685 927.880809 1041.305312 903.728685]; plot(x,y); hold on;
x=[-2.562275 1368.630999 1360.499499 -2.562275]; y=[1041.305312 927.880809 1065.457436 1041.305312]; plot(x,y); hold on;

---- Matlab B-Sys Optimized ----
x=[5.561718 1368.778884 -2.468910 5.561718]; y=[903.628796 928.227960 1041.753426 903.628796]; plot(x,y); hold on;
x=[-2.468910 1368.778884 1360.380797 -2.468910]; y=[1041.753426 928.227960 1065.336634 1041.753426]; plot(x,y); hold on;

---- Deltas ----
id=     0: dx=   -0.01 dy=   -0.10 d=    0.10
id=     1: dx=    0.15 dy=    0.35 d=    0.38
id=     2: dx=    0.09 dy=    0.45 d=    0.46
id=     3: dx=   -0.12 dy=   -0.12 d=    0.17

---- Areas ----
Triangle 0, area was    94599.0, is    94245.7,   -0.4%
Triangle 1, area was    94599.0, is    93528.3,   -1.1%
Combined: area was   189198.0, is   187774.0,   -0.8%

---- Transforms ----
 0.9943 -0.0582     1.58    0.0179  1.0009   903.56
 0.9941 -0.0609     1.95    0.0172  0.9935   904.58

---- QC - deformable ----
Remapping 1431040 points.
Metrics: DEF: Mean square difference 1.268507
Metrics: DEF: Smallest footprint deg=0, area=185625
MetricImages: Range x 0 1375, y 0 135, use Nx=1376, Ny=136
Approximate EM metric 0.181819 for 187136 points.
All points, deformable, dfm 0.181819

Metrics: TRI: Mean square difference 1.296180
Metrics: TRI: Smallest footprint deg=0, area=185625
MetricImages: Range x 0 1375, y 0 135, use Nx=1376, Ny=136
Approximate EM metric 0.101999 for 187136 points.
%Yellow: Tol   1.05  red   44.3  yellow   12.4  green   43.3
%Yellow: Tol   1.10  red   39.0  yellow   22.9  green   38.1
%Yellow: Tol   1.15  red   34.2  yellow   32.3  green   33.5
%Yellow: Tol   1.20  red   29.6  yellow   44.4  green   26.0
%Yellow: Tol   1.25  red   25.4  yellow   52.6  green   22.0
Triangle 0: 95454 points, corr 0.351899, fm 0.101999, yellow 0.53

Metrics: TRI: Mean square difference 1.225920
Metrics: TRI: Smallest footprint deg=2, area=148296
MetricImages: Range x 39 1375, y 48 159, use Nx=1338, Ny=112
Approximate EM metric 0.064429 for 149856 points.
%Yellow: Tol   1.05  red   46.7  yellow   11.0  green   42.3
%Yellow: Tol   1.10  red   41.0  yellow   21.3  green   37.7
%Yellow: Tol   1.15  red   35.8  yellow   30.3  green   33.9
%Yellow: Tol   1.20  red   30.7  yellow   38.4  green   30.9
%Yellow: Tol   1.25  red   25.7  yellow   46.5  green   27.8
Triangle 1: 74626 points, corr 0.387027, fm 0.064429, yellow 0.47


---- Final reports ----
STAT: Overall 170080 points, corr 0.3685, EMM 0.1818, weighted EMM 0.0855, cor+dfm 0.5503, weighted yellow 0.4992
FAIL: Overall rejected: [Yellow=0.499206 < FYL=0.5] [EMM=0.181819 > 0.154 = (EMT=0.14 * 1.10)].
Pipe: Returning 0 total transforms.

---- Summary Region-region results ----
Pipe: Table Headers {Az t r Bz t r thmok ntri}
FOUND:     2   10   1      1   11   1   1   0
Timer: Alignment took 0.900 seconds.

main: Got 0 mapping regions.

main: Normal completion for dmesh run.
Timer: Total took 1.150 seconds.

---- Memory ----
Host name: h08u02.int.janelia.org
PID:       25484
User time:       1 seconds.
System time:     0 seconds.
VmPeak:	  506208 kB
VmSize:	  205424 kB
VmLck:	       0 kB
VmPin:	       0 kB
VmHWM:	  342884 kB
VmRSS:	   41204 kB
VmData:	   36028 kB
VmStk:	     164 kB
VmExe:	     832 kB
VmLib:	   85564 kB
VmPTE:	     324 kB
VmSwap:	       0 kB
voluntary_ctxt_switches:	22
nonvoluntary_ctxt_switches:	35

