
---- dmesh start ----
main: Start: Fri Sep 30 13:26:55 2016


---- Match parameters ----
PXBRO=2            <default 2>        "Max Legendre poly order for bkg removal"
PXLENS=N           <default N>        "Y=Apply IDB/lens.txt"
PXRESMSK=N         <default N>        "Y=Apply resin mask"
PXDOG=N            <default N>        "Y=Apply DoG filter"
PXDOG_R1=3         <default 3>        "DoG inner radius"
PXDOG_R2=6         <default 6>        "DoG outer radius"
FLD=N              <default X>        "Mask usage: Y=Use, N=None, X=XL only"
PRETWEAK=N         <default N>        "Y=Auto-distort before angle scan"
SCALE=1            <default 1.0>      "Image-B / image-A scale factor"
XSCALE=1           <default 1.0>      "Image-B / image-A x-axis scale factor"
YSCALE=1           <default 1.0>      "Image-B / image-A y-axis scale factor"
SKEW=0             <default 0.0>      "Transform elem[3] user-applied distortion"
MODE_SL=M          <default Z>        "Notes above"
MODE_XL=N          <default Y>        "Notes above"
TAB2DFM_SL=N       <default Y>        "Adopt Tdfm from Tab"
TAB2DFM_XL=Y       <default Y>        "Adopt Tdfm from Tab"
XYCONF_SL=1.0      <default 0.0>      "[0,1.0] confidence in Tab XY"
XYCONF_XL=0.8      <default 0.0>      "[0,1.0] confidence in Tab XY"
THMDEC_SL=8        <default 8>        "2^N thumb decimation factor"
THMDEC_XL=8        <default 8>        "2^N thumb decimation factor"
OLAP1D_SL=0        <default 0>        "Min 1D pix full-size overlap"
OLAP1D_XL=0        <default 0>        "Min 1D pix full-size overlap"
OLAP2D_SL=60000    <default 25000>    "Min 2D pix full-size overlap"
OLAP2D_XL=160000   <default 200000>   "Min 2D pix full-size overlap"
NBMXHT_SL=0.75     <default 0.75>     "Max F(neib)/F(pk) in guard zone"
NBMXHT_XL=0.75     <default 0.75>     "Max F(neib)/F(pk) in guard zone"
HFANGDN_SL=5       <default 5.0>      "Half angle search range denovo"
HFANGDN_XL=45      <default 45.0>     "Half angle search range denovo"
HFANGPR_SL=1       <default 1.0>      "Half angle search range prior angles"
HFANGPR_XL=4       <default 1.0>      "Half angle search range prior angles"
RTRSH_SL=0.3       <default 0.3>      "R corr thresh"
RTRSH_XL=0.3       <default 0.3>      "R corr thresh"
TWEAKS=N           <default N>        "Y=Try 8 near unity distortions"
LIMXY_SL=30        <default 0>        "0 or Max XY delta from Tab"
LIMXY_XL=80        <default 0>        "0 or Max XY delta from Tab"
WTHMPR=Y           <default Y>        "Y=Write ThmPair_a^b.txt entries"
OPT_SL=Y           <default Y(EM)>    "Y=Enable mesh optimizer"
RIT_SL=0.50        <default 0.20>     "Min mesh starting corr"
RIT_XL=0.1         <default 0.20>     "Min mesh starting corr"
RFA_SL=0.55        <default 0.3>      "Affine-only final corr"
RFA_XL=0.20        <default 0.3>      "Affine-only final corr"
RFT_SL=0.65        <default 0.5>      "Full mesh final corr"
RFT_XL=0.25        <default 0.5>      "Full mesh final corr"
TMC=5              <default 30.0%>    "Max single triangle area change"
TSC=9              <default 9.0%>     "Max summed triangle area change"
MNL=250            <default 300>      "Triangle edges between MNL and 2*MNL"
MTA=120000         <default 10000>    "Min triangle size (pixels)"
MMA=60000          <default 100000>   "Min 2D overlap for mesh"
ONE=N              <default N>        "Y=Use just one affine transform"
IFM=0.50           <default 0.50>     "Min Fourier Metric after affine-only"
FFM=0.65           <default 0.65>     "Min Fourier Metric after full mesh"
FYL=0.5            <default 0.50>     "Min fraction of yellow pixels"
CPD=0.5            <default 0.50>     "Min Correlation + DFM"
EMM=Y              <default Y>        "Y=Use Earth Mover's Metric, N=Use Fourier"
EMT=0.14           <default 0.2>      "Earth Movers Metric thresh"
WDI=N              <default N>        "Y=Write diff images (Fourier, EMM metrics)"
LDA=0.2            <default 0.2>      "Max radian delta between triangles"
LDR=0.1            <default 0.1>      "Max sine delta between triangles"
LDC=100            <default 100.0>    "Max XY delta between triangles"
DXY=100            <default 100.0>    "Max delta from user input XYs"
WMT=N              <default Y>        "Y=Write map.tif files"
WTT=N              <default Y>        "Y=Write tf.txt files"


---- Input images ----
Til2Img entry: A T=[ 1.0000  0.0000     0.00  0.0000  1.0000  3428.00] path=[/groups/apig/tomo/DEMO/TIF/C1_9_2.tif].
Til2Img entry: B T=[ 1.0000  0.0000  1142.00  0.0000  1.0000  3428.00] path=[/groups/apig/tomo/DEMO/TIF/B1_4_2.tif].


---- Command-line overrides ----
Tab=  0.9978 -0.0248 -1173.02    0.0227  0.9993    44.12
Tdfm= 0.9981 -0.0010     0.00   -0.0010  0.9996     0.00
FLD=N


---- Image loading ----
Raster8FromTif: Opening [/groups/apig/tomo/DEMO/TIF/C1_9_2.tif].
Raster8FromTif: Bits per sample 8, samples per pixel 1
Raster8FromTif: Picture is 1376 by 1040, 1431040 pixels total.
TIF(8): Last Encoded strip had 1376 bytes.
Raster8FromTif: Opening [/groups/apig/tomo/DEMO/TIF/B1_4_2.tif].
Raster8FromTif: Bits per sample 8, samples per pixel 1
Raster8FromTif: Picture is 1376 by 1040, 1431040 pixels total.
TIF(8): Last Encoded strip had 1376 bytes.
PixPair: Using image scale=1.
Timer: Image conditioning took 0.250 seconds.

---- Foldmaps ----

---- Connected regions ----
Forcing single connected region.

---- Begin A-1 to B-1 ----

---- Thumbnail matching ----
Subimage: Using intersection, w=438, h=1005, pix=440190
Thumbs: After decimation 6930 pts, reqArea 2501, thmscl 8
SetDisc( -30, 4, 10, 10 )
Initial: R= 0.480, A=   1.360, X=  -29.50, Y=    3.89
Peak-Disc: dR 4 dX 4 dY 0
Approx: LowRes  R=0.480, X=-235.965, Y=31.101
Approx: FullRes R=0.098, X=-235.151, Y=29.956, use=Y.
Timer: FinishAtFullRes took 0.260 seconds.
Approx: Returning A=1.360407, R=0.479870, X=-1171.112732, Y=43.691128
Approx: Best transform  0.9978 -0.0248 -1171.11    0.0227  0.9993    43.69
Approx: Orig transform  0.9978 -0.0248 -1173.02    0.0227  0.9993    44.12
Approx: Idnt transform  1.0000  0.0000     1.90    0.0000  1.0000    -0.48
Approx: err = 1.95593, max = 80

---- Starting detailed region mapping ----
Roughly 184794 pixels map to B.
Region size is [1173 1375] in x, [0 969] in y.

---- Building mesh - affine ----
Computed simple triangle.

---- ImproveMesh - affine ----
Tri: (1173 0) (1375 484) (1173 969).

---- Matlab Vertices ----
x=[1173 1375 1173 1173]; y=[0 484 969 0]; plot(x,y); hold on;

---- ImproveControlPts ----
STAT: ImproveCpt: Initial affine correlation 0.241609 (184794 pixels).
corr=0.241609	step=10.000000
corr=0.241609	step=5.000000
corr=0.241609	step=2.500000
corr=0.241609	step=1.250000
corr=0.241728	step=1.250000
corr=0.241876	step=1.250000
corr=0.241876	step=0.625000
corr=0.242363	step=0.625000
corr=0.242363	step=0.312500
corr=0.242363	step=0.156250
corr=0.242363	step=0.078125
STAT: ImproveCpt: Final affine correlation 0.242363, (threshold 0.200000).

---- Matlab A-Sys Originals ----
x=[1173.000000 1375.000000 1173.000000 1173.000000]; y=[0.000000 484.000000 969.000000 0.000000]; plot(x,y); hold on;

---- Matlab B-Sys Originals ----
x=[-0.661661 188.916521 -24.652163 -0.661661]; y=[70.283038 558.526482 1038.610552 70.283038]; plot(x,y); hold on;

---- Matlab B-Sys Optimized ----
x=[-0.132665 188.400609 -24.778160 -0.132665]; y=[70.189696 558.525597 1038.777172 70.189696]; plot(x,y); hold on;

---- Deltas ----
id=     0: dx=    0.53 dy=   -0.09 d=    0.54
id=     1: dx=   -0.52 dy=   -0.00 d=    0.52
id=     2: dx=   -0.13 dy=    0.17 d=    0.21

---- Areas ----
Triangle 0, area was    97869.0, is    97323.1,   -0.6%
Combined: area was    97869.0, is    97323.1,   -0.6%

---- Transforms ----
 0.9943 -0.0254 -1166.42    0.0225  0.9996    43.81
Best affine transform:  0.9943 -0.0254 -1166.42    0.0225  0.9996    43.81
    Inverse transform:  1.0052  0.0256  1171.34   -0.0226  0.9999   -70.18

---- QC - affine ----
Metrics: AFF: Mean square difference 1.515354
Metrics: AFF: Smallest footprint deg=0, area=194568
MetricImages: Range x 1174 1375, y 0 968, use Nx=202, Ny=970
Approximate EM metric 0.167112 for 195940 points.
%Yellow: Tol   1.05  red   45.5  yellow   14.0  green   40.5
%Yellow: Tol   1.10  red   38.6  yellow   27.0  green   34.4
%Yellow: Tol   1.15  red   32.3  yellow   38.3  green   29.3
%Yellow: Tol   1.20  red   26.9  yellow   48.1  green   25.0
%Yellow: Tol   1.25  red   22.4  yellow   56.0  green   21.6
Affine Triangle: 183770 points, corr 0.242318, fm 0.167112, yellow 0.56

---- Building mesh - deformable ----
Lx Dx Nx:   202   202.00   1
Ly Dy Ny:   969   969.00   1

STAT: From 184794 pts, got 2 triangles, 4 control points.
Timer: MeshCreate took 0.000 seconds.

---- ImproveMesh - deformable mesh ----
Tri: (1173 0) (1375 0) (1173 969).
Tri: (1173 969) (1375 0) (1375 969).

---- Matlab Vertices ----
x=[1173 1375 1173 1173]; y=[0 0 969 0]; plot(x,y); hold on;
x=[1173 1375 1375 1173]; y=[969 0 969 969]; plot(x,y); hold on;

---- ImproveControlPts ----
STAT: ImproveCpt: Initial deformable mesh correlation 0.242363 (184794 pixels).
corr=0.242363	step=10.000000
corr=0.242363	step=5.000000
corr=0.242363	step=2.500000
corr=0.242363	step=1.250000
corr=0.242691	step=1.250000
corr=0.242691	step=0.625000
corr=0.242691	step=0.312500
corr=0.242691	step=0.156250
corr=0.242691	step=0.078125
STAT: ImproveCpt: Final deformable mesh correlation 0.242691, (threshold 0.250000).
FAIL: ImproveMesh: corr=0.242691, below final thresh=0.250000
Pipe: Returning 0 total transforms.

---- Summary Region-region results ----
Pipe: Table Headers {Az t r Bz t r thmok ntri}
FOUND:     2    9   1      1    4   1   1   0
Timer: Alignment took 0.580 seconds.

main: Got 0 mapping regions.

main: Normal completion for dmesh run.
Timer: Total took 0.830 seconds.

---- Memory ----
Host name: h08u02.int.janelia.org
PID:       25505
User time:       0 seconds.
System time:     0 seconds.
VmPeak:	  423468 kB
VmSize:	  228880 kB
VmLck:	       0 kB
VmPin:	       0 kB
VmHWM:	  260068 kB
VmRSS:	   64560 kB
VmData:	   59488 kB
VmStk:	     160 kB
VmExe:	     832 kB
VmLib:	   85564 kB
VmPTE:	     376 kB
VmSwap:	       0 kB
voluntary_ctxt_switches:	16
nonvoluntary_ctxt_switches:	19

