
---- dmesh start ----
main: Start: Fri Sep 30 13:27:04 2016


---- Match parameters ----
PXBRO=2            <default 2>        "Max Legendre poly order for bkg removal"
PXLENS=N           <default N>        "Y=Apply IDB/lens.txt"
PXRESMSK=N         <default N>        "Y=Apply resin mask"
PXDOG=N            <default N>        "Y=Apply DoG filter"
PXDOG_R1=3         <default 3>        "DoG inner radius"
PXDOG_R2=6         <default 6>        "DoG outer radius"
FLD=N              <default X>        "Mask usage: Y=Use, N=None, X=XL only"
PRETWEAK=N         <default N>        "Y=Auto-distort before angle scan"
SCALE=1            <default 1.0>      "Image-B / image-A scale factor"
XSCALE=1           <default 1.0>      "Image-B / image-A x-axis scale factor"
YSCALE=1           <default 1.0>      "Image-B / image-A y-axis scale factor"
SKEW=0             <default 0.0>      "Transform elem[3] user-applied distortion"
MODE_SL=M          <default Z>        "Notes above"
MODE_XL=N          <default Y>        "Notes above"
TAB2DFM_SL=N       <default Y>        "Adopt Tdfm from Tab"
TAB2DFM_XL=Y       <default Y>        "Adopt Tdfm from Tab"
XYCONF_SL=1.0      <default 0.0>      "[0,1.0] confidence in Tab XY"
XYCONF_XL=0.8      <default 0.0>      "[0,1.0] confidence in Tab XY"
THMDEC_SL=8        <default 8>        "2^N thumb decimation factor"
THMDEC_XL=8        <default 8>        "2^N thumb decimation factor"
OLAP1D_SL=0        <default 0>        "Min 1D pix full-size overlap"
OLAP1D_XL=0        <default 0>        "Min 1D pix full-size overlap"
OLAP2D_SL=60000    <default 25000>    "Min 2D pix full-size overlap"
OLAP2D_XL=160000   <default 200000>   "Min 2D pix full-size overlap"
NBMXHT_SL=0.75     <default 0.75>     "Max F(neib)/F(pk) in guard zone"
NBMXHT_XL=0.75     <default 0.75>     "Max F(neib)/F(pk) in guard zone"
HFANGDN_SL=5       <default 5.0>      "Half angle search range denovo"
HFANGDN_XL=45      <default 45.0>     "Half angle search range denovo"
HFANGPR_SL=1       <default 1.0>      "Half angle search range prior angles"
HFANGPR_XL=4       <default 1.0>      "Half angle search range prior angles"
RTRSH_SL=0.3       <default 0.3>      "R corr thresh"
RTRSH_XL=0.3       <default 0.3>      "R corr thresh"
TWEAKS=N           <default N>        "Y=Try 8 near unity distortions"
LIMXY_SL=30        <default 0>        "0 or Max XY delta from Tab"
LIMXY_XL=80        <default 0>        "0 or Max XY delta from Tab"
WTHMPR=Y           <default Y>        "Y=Write ThmPair_a^b.txt entries"
OPT_SL=Y           <default Y(EM)>    "Y=Enable mesh optimizer"
RIT_SL=0.50        <default 0.20>     "Min mesh starting corr"
RIT_XL=0.1         <default 0.20>     "Min mesh starting corr"
RFA_SL=0.55        <default 0.3>      "Affine-only final corr"
RFA_XL=0.20        <default 0.3>      "Affine-only final corr"
RFT_SL=0.65        <default 0.5>      "Full mesh final corr"
RFT_XL=0.25        <default 0.5>      "Full mesh final corr"
TMC=5              <default 30.0%>    "Max single triangle area change"
TSC=9              <default 9.0%>     "Max summed triangle area change"
MNL=250            <default 300>      "Triangle edges between MNL and 2*MNL"
MTA=120000         <default 10000>    "Min triangle size (pixels)"
MMA=60000          <default 100000>   "Min 2D overlap for mesh"
ONE=N              <default N>        "Y=Use just one affine transform"
IFM=0.50           <default 0.50>     "Min Fourier Metric after affine-only"
FFM=0.65           <default 0.65>     "Min Fourier Metric after full mesh"
FYL=0.5            <default 0.50>     "Min fraction of yellow pixels"
CPD=0.5            <default 0.50>     "Min Correlation + DFM"
EMM=Y              <default Y>        "Y=Use Earth Mover's Metric, N=Use Fourier"
EMT=0.14           <default 0.2>      "Earth Movers Metric thresh"
WDI=N              <default N>        "Y=Write diff images (Fourier, EMM metrics)"
LDA=0.2            <default 0.2>      "Max radian delta between triangles"
LDR=0.1            <default 0.1>      "Max sine delta between triangles"
LDC=100            <default 100.0>    "Max XY delta between triangles"
DXY=100            <default 100.0>    "Max delta from user input XYs"
WMT=N              <default Y>        "Y=Write map.tif files"
WTT=N              <default Y>        "Y=Write tf.txt files"


---- Input images ----
Til2Img entry: A T=[ 1.0000  0.0000  1142.00  0.0000  1.0000  2571.00] path=[/groups/apig/tomo/DEMO/TIF/C1_3_2.tif].
Til2Img entry: B T=[ 1.0000  0.0000  1142.00  0.0000  1.0000  3428.00] path=[/groups/apig/tomo/DEMO/TIF/B1_4_2.tif].


---- Command-line overrides ----
Tab=  0.9986 -0.0243   -11.17    0.0228  0.9992  -795.82
Tdfm= 0.9988 -0.0007     0.00   -0.0007  0.9995     0.00
FLD=N


---- Image loading ----
Raster8FromTif: Opening [/groups/apig/tomo/DEMO/TIF/C1_3_2.tif].
Raster8FromTif: Bits per sample 8, samples per pixel 1
Raster8FromTif: Picture is 1376 by 1040, 1431040 pixels total.
TIF(8): Last Encoded strip had 1376 bytes.
Raster8FromTif: Opening [/groups/apig/tomo/DEMO/TIF/B1_4_2.tif].
Raster8FromTif: Bits per sample 8, samples per pixel 1
Raster8FromTif: Picture is 1376 by 1040, 1431040 pixels total.
TIF(8): Last Encoded strip had 1376 bytes.
PixPair: Using image scale=1.
Timer: Image conditioning took 0.250 seconds.

---- Foldmaps ----

---- Connected regions ----
Forcing single connected region.

---- Begin A-1 to B-1 ----

---- Thumbnail matching ----
Subimage: Using intersection, w=1368, h=404, pix=552672
Thumbs: After decimation 8721 pts, reqArea 2501, thmscl 8
SetDisc( -2, -20, 10, 10 )
Initial: R= 0.761, A=   1.350, X=   -2.62, Y=  -20.40
Peak-Disc: dR 5 dX -4 dY -3
Approx: LowRes  R=0.761, X=-20.964, Y=-163.206
Approx: FullRes R=0.119, X=-20.907, Y=-161.269, use=Y.
Timer: FinishAtFullRes took 0.460 seconds.
Approx: Returning A=1.349535, R=0.760563, X=-13.462213, Y=-796.970132
Approx: Best transform  0.9986 -0.0243   -13.46    0.0228  0.9992  -796.97
Approx: Orig transform  0.9986 -0.0243   -11.17    0.0228  0.9992  -795.82
Approx: Idnt transform  1.0000  0.0000    -2.33    0.0000  1.0000    -1.10
Approx: err = 2.57157, max = 80

---- Starting detailed region mapping ----
Roughly 347267 pixels map to B.
Region size is [32 1375] in x, [766 1039] in y.

---- Building mesh - affine ----
Computed simple triangle.

---- ImproveMesh - affine ----
Tri: (32 766) (1375 766) (703 1039).

---- Matlab Vertices ----
x=[32 1375 703 32]; y=[766 766 1039 766]; plot(x,y); hold on;

---- ImproveControlPts ----
STAT: ImproveCpt: Initial affine correlation 0.847035 (347267 pixels).
corr=0.847035	step=10.000000
corr=0.847035	step=5.000000
corr=0.847527	step=5.000000
corr=0.847527	step=2.500000
corr=0.847527	step=1.250000
corr=0.847527	step=0.625000
corr=0.847527	step=0.312500
corr=0.847527	step=0.156250
corr=0.847527	step=0.078125
STAT: ImproveCpt: Final affine correlation 0.847527, (threshold 0.200000).

---- Matlab A-Sys Originals ----
x=[32.000000 1375.000000 703.000000 32.000000]; y=[766.000000 766.000000 1039.000000 766.000000]; plot(x,y); hold on;

---- Matlab B-Sys Originals ----
x=[-0.095537 1340.992031 663.324341 -0.095537]; y=[-30.820426 -0.201369 257.271042 -30.820426]; plot(x,y); hold on;

---- Matlab B-Sys Optimized ----
x=[0.506390 1340.593485 661.849412 0.506390]; y=[-31.829550 -0.944466 252.717702 -31.829550]; plot(x,y); hold on;

---- Deltas ----
id=     0: dx=    0.60 dy=   -1.01 d=    1.18
id=     1: dx=   -0.40 dy=   -0.74 d=    0.84
id=     2: dx=   -1.47 dy=   -4.55 d=    4.79

---- Areas ----
Triangle 0, area was   183319.5, is   180446.2,   -1.6%
Combined: area was   183319.5, is   180446.2,   -1.6%

---- Transforms ----
 0.9978 -0.0300    -8.41    0.0230  0.9858  -787.67
Best affine transform:  0.9978 -0.0300    -8.41    0.0230  0.9858  -787.67
    Inverse transform:  1.0015  0.0305    32.46   -0.0234  1.0137   798.28

---- QC - affine ----
Metrics: AFF: Mean square difference 0.302448
Metrics: AFF: Smallest footprint deg=0, area=365024
MetricImages: Range x 33 1375, y 767 1039, use Nx=1344, Ny=274
Approximate EM metric 0.094567 for 368256 points.
%Yellow: Tol   1.05  red   30.3  yellow   36.5  green   33.2
%Yellow: Tol   1.10  red   20.4  yellow   59.6  green   20.0
%Yellow: Tol   1.15  red   15.1  yellow   71.5  green   13.4
%Yellow: Tol   1.20  red   11.4  yellow   78.8  green    9.8
%Yellow: Tol   1.25  red    9.0  yellow   83.6  green    7.4
Affine Triangle: 344131 points, corr 0.848773, fm 0.094567, yellow 0.84

---- Building mesh - deformable ----
Lx Dx Nx:  1343  1343.00   1
Ly Dy Ny:   273   273.00   1

STAT: From 347267 pts, got 2 triangles, 4 control points.
Timer: MeshCreate took 0.000 seconds.

---- ImproveMesh - deformable mesh ----
Tri: (32 766) (1375 766) (32 1039).
Tri: (32 1039) (1375 766) (1375 1039).

---- Matlab Vertices ----
x=[32 1375 32 32]; y=[766 766 1039 766]; plot(x,y); hold on;
x=[32 1375 1375 32]; y=[1039 766 1039 1039]; plot(x,y); hold on;

---- ImproveControlPts ----
STAT: ImproveCpt: Initial deformable mesh correlation 0.847527 (347267 pixels).
corr=0.847527	step=10.000000
corr=0.847527	step=5.000000
corr=0.847527	step=2.500000
corr=0.847527	step=1.250000
corr=0.847527	step=0.625000
STAT: ImproveCpt: Final deformable mesh correlation 0.847527, (threshold 0.250000).

---- Matlab A-Sys Originals ----
x=[32.000000 1375.000000 32.000000 32.000000]; y=[766.000000 766.000000 1039.000000 766.000000]; plot(x,y); hold on;
x=[32.000000 1375.000000 1375.000000 32.000000]; y=[1039.000000 766.000000 1039.000000 1039.000000]; plot(x,y); hold on;

---- Matlab B-Sys Originals ----
x=[0.506390 1340.593485 -7.695220 0.506390]; y=[-31.829550 -0.944466 237.286658 -31.829550]; plot(x,y); hold on;
x=[-7.695220 1340.593485 1332.391875 -7.695220]; y=[237.286658 -0.944466 268.171743 237.286658]; plot(x,y); hold on;

---- Matlab B-Sys Optimized ----
x=[0.506390 1340.593485 -7.695220 0.506390]; y=[-31.829550 -0.944466 237.286658 -31.829550]; plot(x,y); hold on;
x=[-7.695220 1340.593485 1332.391875 -7.695220]; y=[237.286658 -0.944466 268.171743 237.286658]; plot(x,y); hold on;

---- Deltas ----
id=     0: dx=    0.00 dy=    0.00 d=    0.00
id=     1: dx=    0.00 dy=    0.00 d=    0.00
id=     2: dx=    0.00 dy=    0.00 d=    0.00
id=     3: dx=    0.00 dy=    0.00 d=    0.00

---- Areas ----
Triangle 0, area was   183319.5, is   180446.2,   -1.6%
Triangle 1, area was   183319.5, is   180446.2,   -1.6%
Combined: area was   366639.0, is   360892.5,   -1.6%

---- Transforms ----
 0.9978 -0.0300    -8.41    0.0230  0.9858  -787.67
 0.9978 -0.0300    -8.41    0.0230  0.9858  -787.67

---- QC - deformable ----
Remapping 1431040 points.
Metrics: DEF: Mean square difference 0.302448
Metrics: DEF: Smallest footprint deg=0, area=365024
MetricImages: Range x 33 1375, y 767 1039, use Nx=1344, Ny=274
Approximate EM metric 0.094567 for 368256 points.
All points, deformable, dfm 0.094567

Metrics: TRI: Mean square difference 0.219099
Metrics: TRI: Smallest footprint deg=2, area=319065
MetricImages: Range x 3 1338, y 799 1038, use Nx=1336, Ny=240
Approximate EM metric 0.043978 for 320640 points.
%Yellow: Tol   1.05  red   28.5  yellow   42.1  green   29.4
%Yellow: Tol   1.10  red   18.0  yellow   65.4  green   16.6
%Yellow: Tol   1.15  red   12.9  yellow   75.7  green   11.4
%Yellow: Tol   1.20  red    9.6  yellow   82.2  green    8.1
%Yellow: Tol   1.25  red    7.4  yellow   86.5  green    6.1
Triangle 0: 160017 points, corr 0.890444, fm 0.043978, yellow 0.86

Metrics: TRI: Mean square difference 0.442065
Metrics: TRI: Smallest footprint deg=0, area=363120
MetricImages: Range x 40 1375, y 767 1039, use Nx=1336, Ny=274
Approximate EM metric 0.064453 for 366064 points.
%Yellow: Tol   1.05  red   32.5  yellow   30.4  green   37.2
%Yellow: Tol   1.10  red   23.4  yellow   53.0  green   23.6
%Yellow: Tol   1.15  red   17.6  yellow   66.2  green   16.2
%Yellow: Tol   1.20  red   13.7  yellow   74.2  green   12.1
%Yellow: Tol   1.25  red   10.9  yellow   79.5  green    9.5
Triangle 1: 184114 points, corr 0.778962, fm 0.064453, yellow 0.80


---- Final reports ----
STAT: Overall 344131 points, corr 0.8475, EMM 0.0946, weighted EMM 0.0549, cor+dfm 0.9421, weighted yellow 0.8277

Angle span: min, max, delta = 0.026733 0.026733 0.000000
Mesh-Thm: 0.0007  0.0058     5.05    0.0002  0.0135     9.30 2x(LDR,LDC)=(0.20,200.00) -- OK.

Final remapping of 1431040 points.
Center 462.011458 853.411115:  0.9978 -0.0300    -8.41    0.0230  0.9858  -787.67
Mapping region 1 xy= 462.011458 853.411115 to region 1 xy= 426.959122 64.227035
Center 857.219849 955.126203:  0.9978 -0.0300    -8.41    0.0230  0.9858  -787.67
Mapping region 1 xy= 857.219849 955.126203 to region 1 xy= 818.254547 173.583729

Pipe: Returning 2 total transforms.

---- Summary Region-region results ----
Pipe: Table Headers {Az t r Bz t r thmok ntri}
FOUND:     2    3   1      1    4   1   1   2

---- Tabulating point matches ----
Tabulate: Rgn 1 -> 1: Keeping 2 of 2 point-pairs.

Timer: Alignment took 1.210 seconds.

main: Got 2 mapping regions.
main: Transform   0:  0.9978 -0.0300    -8.41    0.0230  0.9858  -787.67
main: Transform   1:  0.9978 -0.0300    -8.41    0.0230  0.9858  -787.67

main: Average:  0.9978 -0.0300     0.00    0.0230  0.9858     0.00
main: Degrees: 1.53167
main: Residue:  0.9981 -0.0037     0.00   -0.0037  0.9862     0.00

main: Inverse:  1.0015  0.0305    -0.00   -0.0234  1.0137    -0.00
main: Degrees: -1.53167
main: Residue:  1.0017  0.0034     0.00    0.0034  1.0142     0.00

main: Normal completion for dmesh run.
Timer: Total took 1.460 seconds.

---- Memory ----
Host name: h08u02.int.janelia.org
PID:       25569
User time:       1 seconds.
System time:     0 seconds.
VmPeak:	  531884 kB
VmSize:	  214152 kB
VmLck:	       0 kB
VmPin:	       0 kB
VmHWM:	  368464 kB
VmRSS:	   49104 kB
VmData:	   44756 kB
VmStk:	     164 kB
VmExe:	     832 kB
VmLib:	   85564 kB
VmPTE:	     336 kB
VmSwap:	       0 kB
voluntary_ctxt_switches:	17
nonvoluntary_ctxt_switches:	24

