
---- dmesh start ----
main: Start: Fri Sep 30 13:27:00 2016


---- Match parameters ----
PXBRO=2            <default 2>        "Max Legendre poly order for bkg removal"
PXLENS=N           <default N>        "Y=Apply IDB/lens.txt"
PXRESMSK=N         <default N>        "Y=Apply resin mask"
PXDOG=N            <default N>        "Y=Apply DoG filter"
PXDOG_R1=3         <default 3>        "DoG inner radius"
PXDOG_R2=6         <default 6>        "DoG outer radius"
FLD=N              <default X>        "Mask usage: Y=Use, N=None, X=XL only"
PRETWEAK=N         <default N>        "Y=Auto-distort before angle scan"
SCALE=1            <default 1.0>      "Image-B / image-A scale factor"
XSCALE=1           <default 1.0>      "Image-B / image-A x-axis scale factor"
YSCALE=1           <default 1.0>      "Image-B / image-A y-axis scale factor"
SKEW=0             <default 0.0>      "Transform elem[3] user-applied distortion"
MODE_SL=M          <default Z>        "Notes above"
MODE_XL=N          <default Y>        "Notes above"
TAB2DFM_SL=N       <default Y>        "Adopt Tdfm from Tab"
TAB2DFM_XL=Y       <default Y>        "Adopt Tdfm from Tab"
XYCONF_SL=1.0      <default 0.0>      "[0,1.0] confidence in Tab XY"
XYCONF_XL=0.8      <default 0.0>      "[0,1.0] confidence in Tab XY"
THMDEC_SL=8        <default 8>        "2^N thumb decimation factor"
THMDEC_XL=8        <default 8>        "2^N thumb decimation factor"
OLAP1D_SL=0        <default 0>        "Min 1D pix full-size overlap"
OLAP1D_XL=0        <default 0>        "Min 1D pix full-size overlap"
OLAP2D_SL=60000    <default 25000>    "Min 2D pix full-size overlap"
OLAP2D_XL=160000   <default 200000>   "Min 2D pix full-size overlap"
NBMXHT_SL=0.75     <default 0.75>     "Max F(neib)/F(pk) in guard zone"
NBMXHT_XL=0.75     <default 0.75>     "Max F(neib)/F(pk) in guard zone"
HFANGDN_SL=5       <default 5.0>      "Half angle search range denovo"
HFANGDN_XL=45      <default 45.0>     "Half angle search range denovo"
HFANGPR_SL=1       <default 1.0>      "Half angle search range prior angles"
HFANGPR_XL=4       <default 1.0>      "Half angle search range prior angles"
RTRSH_SL=0.3       <default 0.3>      "R corr thresh"
RTRSH_XL=0.3       <default 0.3>      "R corr thresh"
TWEAKS=N           <default N>        "Y=Try 8 near unity distortions"
LIMXY_SL=30        <default 0>        "0 or Max XY delta from Tab"
LIMXY_XL=80        <default 0>        "0 or Max XY delta from Tab"
WTHMPR=Y           <default Y>        "Y=Write ThmPair_a^b.txt entries"
OPT_SL=Y           <default Y(EM)>    "Y=Enable mesh optimizer"
RIT_SL=0.50        <default 0.20>     "Min mesh starting corr"
RIT_XL=0.1         <default 0.20>     "Min mesh starting corr"
RFA_SL=0.55        <default 0.3>      "Affine-only final corr"
RFA_XL=0.20        <default 0.3>      "Affine-only final corr"
RFT_SL=0.65        <default 0.5>      "Full mesh final corr"
RFT_XL=0.25        <default 0.5>      "Full mesh final corr"
TMC=5              <default 30.0%>    "Max single triangle area change"
TSC=9              <default 9.0%>     "Max summed triangle area change"
MNL=250            <default 300>      "Triangle edges between MNL and 2*MNL"
MTA=120000         <default 10000>    "Min triangle size (pixels)"
MMA=60000          <default 100000>   "Min 2D overlap for mesh"
ONE=N              <default N>        "Y=Use just one affine transform"
IFM=0.50           <default 0.50>     "Min Fourier Metric after affine-only"
FFM=0.65           <default 0.65>     "Min Fourier Metric after full mesh"
FYL=0.5            <default 0.50>     "Min fraction of yellow pixels"
CPD=0.5            <default 0.50>     "Min Correlation + DFM"
EMM=Y              <default Y>        "Y=Use Earth Mover's Metric, N=Use Fourier"
EMT=0.14           <default 0.2>      "Earth Movers Metric thresh"
WDI=N              <default N>        "Y=Write diff images (Fourier, EMM metrics)"
LDA=0.2            <default 0.2>      "Max radian delta between triangles"
LDR=0.1            <default 0.1>      "Max sine delta between triangles"
LDC=100            <default 100.0>    "Max XY delta between triangles"
DXY=100            <default 100.0>    "Max delta from user input XYs"
WMT=N              <default Y>        "Y=Write map.tif files"
WTT=N              <default Y>        "Y=Write tf.txt files"


---- Input images ----
Til2Img entry: A T=[ 1.0000  0.0000  1142.00  0.0000  1.0000  4285.00] path=[/groups/apig/tomo/DEMO/TIF/C1_5_2.tif].
Til2Img entry: B T=[ 1.0000  0.0000  1142.00  0.0000  1.0000  4285.00] path=[/groups/apig/tomo/DEMO/TIF/B1_5_2.tif].


---- Command-line overrides ----
Tab=  0.9983 -0.0229   -49.92    0.0233  0.9990    60.73
Tdfm= 0.9985  0.0002     0.00    0.0002  0.9993     0.00
FLD=N


---- Image loading ----
Raster8FromTif: Opening [/groups/apig/tomo/DEMO/TIF/C1_5_2.tif].
Raster8FromTif: Bits per sample 8, samples per pixel 1
Raster8FromTif: Picture is 1376 by 1040, 1431040 pixels total.
TIF(8): Last Encoded strip had 1376 bytes.
Raster8FromTif: Opening [/groups/apig/tomo/DEMO/TIF/B1_5_2.tif].
Raster8FromTif: Bits per sample 8, samples per pixel 1
Raster8FromTif: Picture is 1376 by 1040, 1431040 pixels total.
TIF(8): Last Encoded strip had 1376 bytes.
PixPair: Using image scale=1.
Timer: Image conditioning took 0.240 seconds.

---- Foldmaps ----

---- Connected regions ----
Forcing single connected region.

---- Begin A-1 to B-1 ----

---- Thumbnail matching ----
Subimage: Using intersection, w=1337, h=992, pix=1326304
Thumbs: After decimation 20832 pts, reqArea 2501, thmscl 8
SetDisc( -1, 2, 10, 10 )
Initial: R= 1.601, A=   1.324, X=   -1.52, Y=    1.54
Peak-Disc: dR 5 dX -4 dY -3
Approx: LowRes  R=1.601, X=-12.139, Y=12.319
Approx: FullRes R=0.291, X=-12.912, Y=12.097, use=Y.
Timer: FinishAtFullRes took 1.060 seconds.
Approx: Returning A=1.323615, R=1.601065, X=-51.844667, Y=59.190228
Approx: Best transform  0.9983 -0.0229   -51.84    0.0233  0.9990    59.19
Approx: Orig transform  0.9983 -0.0229   -49.92    0.0233  0.9990    60.73
Approx: Idnt transform  1.0000  0.0000    -1.97    0.0000  1.0000    -1.49
Approx: err = 2.46872, max = 80

---- Starting detailed region mapping ----
Roughly 1268104 pixels map to B.
Region size is [51 1375] in x, [0 980] in y.

---- Building mesh - affine ----
Computed simple triangle.

---- ImproveMesh - affine ----
Tri: (51 0) (1375 0) (713 980).

---- Matlab Vertices ----
x=[51 1375 713 51]; y=[0 0 980 0]; plot(x,y); hold on;

---- ImproveControlPts ----
STAT: ImproveCpt: Initial affine correlation 0.748647 (1268104 pixels).
corr=0.748647	step=10.000000
corr=0.748647	step=5.000000
corr=0.753414	step=5.000000
corr=0.753414	step=2.500000
corr=0.753414	step=1.250000
corr=0.753557	step=1.250000
corr=0.753557	step=0.625000
corr=0.753586	step=0.625000
corr=0.753586	step=0.312500
STAT: ImproveCpt: Final affine correlation 0.753634, (threshold 0.200000).

---- Matlab A-Sys Originals ----
x=[51.000000 1375.000000 713.000000 51.000000]; y=[0.000000 0.000000 980.000000 0.000000]; plot(x,y); hold on;

---- Matlab B-Sys Originals ----
x=[-0.932642 1320.783458 637.487328 -0.932642]; y=[60.376080 91.161728 1054.783024 60.376080]; plot(x,y); hold on;

---- Matlab B-Sys Optimized ----
x=[2.649402 1320.225021 637.182900 2.649402]; y=[62.340019 88.764028 1055.742820 62.340019]; plot(x,y); hold on;

---- Deltas ----
id=     0: dx=    3.58 dy=    1.96 d=    4.09
id=     1: dx=   -0.56 dy=   -2.40 d=    2.46
id=     2: dx=   -0.30 dy=    0.96 d=    1.01

---- Areas ----
Triangle 0, area was   648760.0, is   646058.2,   -0.4%
Combined: area was   648760.0, is   646058.2,   -0.4%

---- Transforms ----
 0.9951 -0.0247   -48.10    0.0200  1.0002    61.32
Best affine transform:  0.9951 -0.0247   -48.10    0.0200  1.0002    61.32
    Inverse transform:  1.0044  0.0249    46.79   -0.0200  0.9993   -62.24

---- QC - affine ----
Metrics: AFF: Mean square difference 0.493202
Metrics: AFF: Smallest footprint deg=0, area=1.29418e+06
MetricImages: Range x 49 1375, y 0 976, use Nx=1328, Ny=978
Approximate EM metric 0.062461 for 1298784 points.
%Yellow: Tol   1.05  red   34.9  yellow   29.8  green   35.4
%Yellow: Tol   1.10  red   24.4  yellow   51.4  green   24.2
%Yellow: Tol   1.15  red   17.6  yellow   65.3  green   17.2
%Yellow: Tol   1.20  red   12.9  yellow   74.5  green   12.6
%Yellow: Tol   1.25  red    9.8  yellow   80.6  green    9.6
Affine Triangle: 1267243 points, corr 0.753398, fm 0.062461, yellow 0.81

---- Building mesh - deformable ----
Lx Dx Nx:  1324   662.00   2
Ly Dy Ny:   980   490.00   2

STAT: From 1268104 pts, got 8 triangles, 9 control points.
Timer: MeshCreate took 0.040 seconds.

---- ImproveMesh - deformable mesh ----
Tri: (51 0) (713 0) (51 490).
Tri: (51 490) (713 0) (713 490).
Tri: (713 0) (1375 0) (713 490).
Tri: (713 490) (1375 0) (1375 490).
Tri: (51 490) (713 490) (51 980).
Tri: (51 980) (713 490) (713 980).
Tri: (713 490) (1375 490) (713 980).
Tri: (713 980) (1375 490) (1375 980).

---- Matlab Vertices ----
x=[51 713 51 51]; y=[0 0 490 0]; plot(x,y); hold on;
x=[51 713 713 51]; y=[490 0 490 490]; plot(x,y); hold on;
x=[713 1375 713 713]; y=[0 0 490 0]; plot(x,y); hold on;
x=[713 1375 1375 713]; y=[490 0 490 490]; plot(x,y); hold on;
x=[51 713 51 51]; y=[490 490 980 490]; plot(x,y); hold on;
x=[51 713 713 51]; y=[980 490 980 980]; plot(x,y); hold on;
x=[713 1375 713 713]; y=[490 490 980 490]; plot(x,y); hold on;
x=[713 1375 1375 713]; y=[980 490 980 980]; plot(x,y); hold on;

---- ImproveControlPts ----
STAT: ImproveCpt: Initial deformable mesh correlation 0.753634 (1268104 pixels).
corr=0.753634	step=10.000000
corr=0.753634	step=5.000000
corr=0.753634	step=2.500000
corr=0.753634	step=1.250000
corr=0.753634	step=0.625000
STAT: ImproveCpt: Final deformable mesh correlation 0.753634, (threshold 0.250000).

---- Matlab A-Sys Originals ----
x=[51.000000 713.000000 51.000000 51.000000]; y=[0.000000 0.000000 490.000000 0.000000]; plot(x,y); hold on;
x=[51.000000 713.000000 713.000000 51.000000]; y=[490.000000 0.000000 490.000000 490.000000]; plot(x,y); hold on;
x=[713.000000 1375.000000 713.000000 713.000000]; y=[0.000000 0.000000 490.000000 0.000000]; plot(x,y); hold on;
x=[713.000000 1375.000000 1375.000000 713.000000]; y=[490.000000 0.000000 490.000000 490.000000]; plot(x,y); hold on;
x=[51.000000 713.000000 51.000000 51.000000]; y=[490.000000 490.000000 980.000000 490.000000]; plot(x,y); hold on;
x=[51.000000 713.000000 713.000000 51.000000]; y=[980.000000 490.000000 980.000000 980.000000]; plot(x,y); hold on;
x=[713.000000 1375.000000 713.000000 713.000000]; y=[490.000000 490.000000 980.000000 490.000000]; plot(x,y); hold on;
x=[713.000000 1375.000000 1375.000000 713.000000]; y=[980.000000 490.000000 980.000000 980.000000]; plot(x,y); hold on;

---- Matlab B-Sys Originals ----
x=[2.649402 661.437211 -9.477753 2.649402]; y=[62.340019 75.552023 552.435417 62.340019]; plot(x,y); hold on;
x=[-9.477753 661.437211 649.310056 -9.477753]; y=[552.435417 75.552023 565.647421 552.435417]; plot(x,y); hold on;
x=[661.437211 1320.225021 649.310056 661.437211]; y=[75.552023 88.764028 565.647421 75.552023]; plot(x,y); hold on;
x=[649.310056 1320.225021 1308.097865 649.310056]; y=[565.647421 88.764028 578.859426 565.647421]; plot(x,y); hold on;
x=[-9.477753 649.310056 -21.604909 -9.477753]; y=[552.435417 565.647421 1042.530815 552.435417]; plot(x,y); hold on;
x=[-21.604909 649.310056 637.182900 -21.604909]; y=[1042.530815 565.647421 1055.742820 1042.530815]; plot(x,y); hold on;
x=[649.310056 1308.097865 637.182900 649.310056]; y=[565.647421 578.859426 1055.742820 565.647421]; plot(x,y); hold on;
x=[637.182900 1308.097865 1295.970709 637.182900]; y=[1055.742820 578.859426 1068.954824 1055.742820]; plot(x,y); hold on;

---- Matlab B-Sys Optimized ----
x=[2.649402 661.437211 -9.477753 2.649402]; y=[62.340019 75.552023 552.435417 62.340019]; plot(x,y); hold on;
x=[-9.477753 661.437211 649.310056 -9.477753]; y=[552.435417 75.552023 565.647421 552.435417]; plot(x,y); hold on;
x=[661.437211 1320.225021 649.310056 661.437211]; y=[75.552023 88.764028 565.647421 75.552023]; plot(x,y); hold on;
x=[649.310056 1320.225021 1308.097865 649.310056]; y=[565.647421 88.764028 578.859426 565.647421]; plot(x,y); hold on;
x=[-9.477753 649.310056 -21.604909 -9.477753]; y=[552.435417 565.647421 1042.530815 552.435417]; plot(x,y); hold on;
x=[-21.604909 649.310056 637.182900 -21.604909]; y=[1042.530815 565.647421 1055.742820 1042.530815]; plot(x,y); hold on;
x=[649.310056 1308.097865 637.182900 649.310056]; y=[565.647421 578.859426 1055.742820 565.647421]; plot(x,y); hold on;
x=[637.182900 1308.097865 1295.970709 637.182900]; y=[1055.742820 578.859426 1068.954824 1055.742820]; plot(x,y); hold on;

---- Deltas ----
id=     0: dx=    0.00 dy=    0.00 d=    0.00
id=     1: dx=    0.00 dy=    0.00 d=    0.00
id=     2: dx=    0.00 dy=    0.00 d=    0.00
id=     3: dx=    0.00 dy=    0.00 d=    0.00
id=     4: dx=    0.00 dy=    0.00 d=    0.00
id=     5: dx=    0.00 dy=    0.00 d=    0.00
id=     6: dx=    0.00 dy=    0.00 d=    0.00
id=     7: dx=    0.00 dy=    0.00 d=    0.00
id=     8: dx=    0.00 dy=    0.00 d=    0.00

---- Areas ----
Triangle 0, area was   162190.0, is   161514.5,   -0.4%
Triangle 1, area was   162190.0, is   161514.5,   -0.4%
Triangle 2, area was   162190.0, is   161514.5,   -0.4%
Triangle 3, area was   162190.0, is   161514.5,   -0.4%
Triangle 4, area was   162190.0, is   161514.5,   -0.4%
Triangle 5, area was   162190.0, is   161514.5,   -0.4%
Triangle 6, area was   162190.0, is   161514.5,   -0.4%
Triangle 7, area was   162190.0, is   161514.5,   -0.4%
Combined: area was  1297520.0, is  1292116.4,   -0.4%

---- Transforms ----
 0.9951 -0.0247   -48.10    0.0200  1.0002    61.32
 0.9951 -0.0247   -48.10    0.0200  1.0002    61.32
 0.9951 -0.0247   -48.10    0.0200  1.0002    61.32
 0.9951 -0.0247   -48.10    0.0200  1.0002    61.32
 0.9951 -0.0247   -48.10    0.0200  1.0002    61.32
 0.9951 -0.0247   -48.10    0.0200  1.0002    61.32
 0.9951 -0.0247   -48.10    0.0200  1.0002    61.32
 0.9951 -0.0247   -48.10    0.0200  1.0002    61.32

---- QC - deformable ----
Remapping 1431040 points.
Metrics: DEF: Mean square difference 0.493202
Metrics: DEF: Smallest footprint deg=0, area=1.29418e+06
MetricImages: Range x 49 1375, y 0 976, use Nx=1328, Ny=978
Approximate EM metric 0.062461 for 1298784 points.
All points, deformable, dfm 0.062461

Metrics: TRI: Mean square difference 0.768346
Metrics: TRI: Smallest footprint deg=0, area=320048
MetricImages: Range x 49 713, y 0 482, use Nx=666, Ny=484
Approximate EM metric 0.060453 for 322344 points.
%Yellow: Tol   1.05  red   39.1  yellow   21.9  green   39.0
%Yellow: Tol   1.10  red   30.0  yellow   40.0  green   29.9
%Yellow: Tol   1.15  red   23.0  yellow   54.1  green   22.9
%Yellow: Tol   1.20  red   17.6  yellow   64.7  green   17.6
%Yellow: Tol   1.25  red   13.6  yellow   72.6  green   13.7
Triangle 0: 160874 points, corr 0.615821, fm 0.060453, yellow 0.73

Metrics: TRI: Mean square difference 0.621090
Metrics: TRI: Smallest footprint deg=0, area=318828
MetricImages: Range x 61 713, y 1 490, use Nx=654, Ny=490
Approximate EM metric 0.062259 for 320460 points.
%Yellow: Tol   1.05  red   37.1  yellow   26.0  green   36.8
%Yellow: Tol   1.10  red   27.7  yellow   45.9  green   26.4
%Yellow: Tol   1.15  red   21.0  yellow   59.6  green   19.4
%Yellow: Tol   1.20  red   15.9  yellow   69.3  green   14.7
%Yellow: Tol   1.25  red   12.1  yellow   76.4  green   11.5
Triangle 1: 162728 points, corr 0.689449, fm 0.062259, yellow 0.76

Metrics: TRI: Mean square difference 0.623230
Metrics: TRI: Smallest footprint deg=0, area=323229
MetricImages: Range x 714 1375, y 0 489, use Nx=662, Ny=490
Approximate EM metric 0.050406 for 324380 points.
%Yellow: Tol   1.05  red   36.4  yellow   25.7  green   37.9
%Yellow: Tol   1.10  red   26.6  yellow   46.0  green   27.3
%Yellow: Tol   1.15  red   19.8  yellow   60.2  green   20.0
%Yellow: Tol   1.20  red   14.8  yellow   70.5  green   14.7
%Yellow: Tol   1.25  red   11.3  yellow   77.6  green   11.0
Triangle 2: 162277 points, corr 0.688379, fm 0.050406, yellow 0.78

Metrics: TRI: Mean square difference 0.675698
Metrics: TRI: Smallest footprint deg=0, area=323229
MetricImages: Range x 714 1375, y 1 490, use Nx=662, Ny=490
Approximate EM metric 0.067234 for 324380 points.
%Yellow: Tol   1.05  red   38.1  yellow   23.3  green   38.5
%Yellow: Tol   1.10  red   28.5  yellow   42.5  green   29.0
%Yellow: Tol   1.15  red   21.1  yellow   57.1  green   21.7
%Yellow: Tol   1.20  red   15.7  yellow   68.0  green   16.2
%Yellow: Tol   1.25  red   12.0  yellow   75.7  green   12.3
Triangle 3: 162765 points, corr 0.662145, fm 0.067234, yellow 0.76

Metrics: TRI: Mean square difference 0.527847
Metrics: TRI: Smallest footprint deg=0, area=306800
MetricImages: Range x 61 711, y 491 963, use Nx=652, Ny=474
Approximate EM metric 0.062168 for 309048 points.
%Yellow: Tol   1.05  red   36.5  yellow   27.3  green   36.2
%Yellow: Tol   1.10  red   26.3  yellow   48.1  green   25.6
%Yellow: Tol   1.15  red   19.0  yellow   62.6  green   18.4
%Yellow: Tol   1.20  red   13.9  yellow   72.7  green   13.5
%Yellow: Tol   1.25  red   10.2  yellow   79.8  green   10.0
Triangle 4: 154384 points, corr 0.736070, fm 0.062168, yellow 0.80

Metrics: TRI: Mean square difference 0.763754
Metrics: TRI: Smallest footprint deg=36, area=308736
MetricImages: Range x -515 289, y 815 1199, use Nx=806, Ny=386
Approximate EM metric 0.071478 for 311116 points.
%Yellow: Tol   1.05  red   36.3  yellow   24.9  green   38.8
%Yellow: Tol   1.10  red   27.5  yellow   44.1  green   28.4
%Yellow: Tol   1.15  red   21.3  yellow   57.5  green   21.2
%Yellow: Tol   1.20  red   17.0  yellow   67.0  green   16.0
%Yellow: Tol   1.25  red   13.8  yellow   73.7  green   12.5
Triangle 5: 155622 points, corr 0.618116, fm 0.071478, yellow 0.74

Metrics: TRI: Mean square difference 0.264343
Metrics: TRI: Smallest footprint deg=0, area=311048
MetricImages: Range x 714 1373, y 491 963, use Nx=660, Ny=474
Approximate EM metric 0.025888 for 312840 points.
%Yellow: Tol   1.05  red   27.4  yellow   42.9  green   29.7
%Yellow: Tol   1.10  red   18.7  yellow   63.0  green   18.3
%Yellow: Tol   1.15  red   13.6  yellow   73.5  green   12.9
%Yellow: Tol   1.20  red   10.3  yellow   80.2  green    9.5
%Yellow: Tol   1.25  red    8.0  yellow   84.5  green    7.5
Triangle 6: 161430 points, corr 0.867822, fm 0.025888, yellow 0.85

Metrics: TRI: Mean square difference 0.520422
Metrics: TRI: Smallest footprint deg=36, area=295789
MetricImages: Range x 31 824, y 1204 1577, use Nx=794, Ny=374
Approximate EM metric 0.051728 for 296956 points.
%Yellow: Tol   1.05  red   33.7  yellow   30.6  green   35.7
%Yellow: Tol   1.10  red   25.1  yellow   50.3  green   24.7
%Yellow: Tol   1.15  red   19.5  yellow   62.5  green   18.0
%Yellow: Tol   1.20  red   15.4  yellow   71.1  green   13.6
%Yellow: Tol   1.25  red   12.3  yellow   77.3  green   10.4
Triangle 7: 147163 points, corr 0.739782, fm 0.051728, yellow 0.77


---- Final reports ----
STAT: Overall 1267243 points, corr 0.7536, EMM 0.0625, weighted EMM 0.0564, cor+dfm 0.8161, weighted yellow 0.7719

Angle span: min, max, delta = 0.022402 0.022402 0.000000
Mesh-Thm: 0.0031  0.0019     3.74    0.0033  0.0012     2.13 2x(LDR,LDC)=(0.20,200.00) -- OK.

Final remapping of 1431040 points.
Center 262.963950 156.891746:  0.9951 -0.0247   -48.10    0.0200  1.0002    61.32
Mapping region 1 xy= 262.963950 156.891746 to region 1 xy= 209.701889 223.492625
Center 457.772554 339.457287:  0.9951 -0.0247   -48.10    0.0200  1.0002    61.32
Mapping region 1 xy= 457.772554 339.457287 to region 1 xy= 399.046864 409.981644
Center 916.047757 150.292146:  0.9951 -0.0247   -48.10    0.0200  1.0002    61.32
Mapping region 1 xy= 916.047757 150.292146 to region 1 xy= 859.780104 229.925798
Center 1114.099297 341.556907:  0.9951 -0.0247   -48.10    0.0200  1.0002    61.32
Mapping region 1 xy= 1114.099297 341.556907 to region 1 xy= 1052.136980 425.180452
Center 267.307366 650.106661:  0.9951 -0.0247   -48.10    0.0200  1.0002    61.32
Mapping region 1 xy= 267.307366 650.106661 to region 1 xy= 201.817508 716.890249
Center 477.538836 822.141972:  0.9951 -0.0247   -48.10    0.0200  1.0002    61.32
Mapping region 1 xy= 477.538836 822.141972 to region 1 xy= 406.771128 893.154792
Center 916.714400 640.785583:  0.9951 -0.0247   -48.10    0.0200  1.0002    61.32
Mapping region 1 xy= 916.714400 640.785583 to region 1 xy= 848.304145 720.528034
Center 1142.074209 821.203654:  0.9951 -0.0247   -48.10    0.0200  1.0002    61.32
Mapping region 1 xy= 1142.074209 821.203654 to region 1 xy= 1068.105231 905.478896

Pipe: Returning 8 total transforms.

---- Summary Region-region results ----
Pipe: Table Headers {Az t r Bz t r thmok ntri}
FOUND:     2    5   1      1    5   1   1   8

---- Tabulating point matches ----
Tabulate: Rgn 1 -> 1: Keeping 8 of 8 point-pairs.

Timer: Alignment took 3.180 seconds.

main: Got 8 mapping regions.
main: Transform   0:  0.9951 -0.0247   -48.10    0.0200  1.0002    61.32
main: Transform   1:  0.9951 -0.0247   -48.10    0.0200  1.0002    61.32
main: Transform   2:  0.9951 -0.0247   -48.10    0.0200  1.0002    61.32
main: Transform   3:  0.9951 -0.0247   -48.10    0.0200  1.0002    61.32
main: Transform   4:  0.9951 -0.0247   -48.10    0.0200  1.0002    61.32
main: Transform   5:  0.9951 -0.0247   -48.10    0.0200  1.0002    61.32
main: Transform   6:  0.9951 -0.0247   -48.10    0.0200  1.0002    61.32
main: Transform   7:  0.9951 -0.0247   -48.10    0.0200  1.0002    61.32

main: Average:  0.9951 -0.0247     0.00    0.0200  1.0002     0.00
main: Degrees: 1.28354
main: Residue:  0.9953 -0.0023     0.00   -0.0023  1.0005     0.00

main: Inverse:  1.0044  0.0249    -0.00   -0.0200  0.9993    -0.00
main: Degrees: -1.28354
main: Residue:  1.0046  0.0025     0.00    0.0025  0.9996     0.00

main: Normal completion for dmesh run.
Timer: Total took 3.430 seconds.

---- Memory ----
Host name: h08u02.int.janelia.org
PID:       25537
User time:       3 seconds.
System time:     0 seconds.
VmPeak:	  862616 kB
VmSize:	  231376 kB
VmLck:	       0 kB
VmPin:	       0 kB
VmHWM:	  699312 kB
VmRSS:	   67868 kB
VmData:	   61984 kB
VmStk:	     160 kB
VmExe:	     832 kB
VmLib:	   85564 kB
VmPTE:	     380 kB
VmSwap:	       0 kB
voluntary_ctxt_switches:	16
nonvoluntary_ctxt_switches:	29

