
---- dmesh start ----
main: Start: Fri Sep 30 13:26:53 2016


---- Match parameters ----
PXBRO=2            <default 2>        "Max Legendre poly order for bkg removal"
PXLENS=N           <default N>        "Y=Apply IDB/lens.txt"
PXRESMSK=N         <default N>        "Y=Apply resin mask"
PXDOG=N            <default N>        "Y=Apply DoG filter"
PXDOG_R1=3         <default 3>        "DoG inner radius"
PXDOG_R2=6         <default 6>        "DoG outer radius"
FLD=N              <default X>        "Mask usage: Y=Use, N=None, X=XL only"
PRETWEAK=N         <default N>        "Y=Auto-distort before angle scan"
SCALE=1            <default 1.0>      "Image-B / image-A scale factor"
XSCALE=1           <default 1.0>      "Image-B / image-A x-axis scale factor"
YSCALE=1           <default 1.0>      "Image-B / image-A y-axis scale factor"
SKEW=0             <default 0.0>      "Transform elem[3] user-applied distortion"
MODE_SL=M          <default Z>        "Notes above"
MODE_XL=N          <default Y>        "Notes above"
TAB2DFM_SL=N       <default Y>        "Adopt Tdfm from Tab"
TAB2DFM_XL=Y       <default Y>        "Adopt Tdfm from Tab"
XYCONF_SL=1.0      <default 0.0>      "[0,1.0] confidence in Tab XY"
XYCONF_XL=0.8      <default 0.0>      "[0,1.0] confidence in Tab XY"
THMDEC_SL=8        <default 8>        "2^N thumb decimation factor"
THMDEC_XL=8        <default 8>        "2^N thumb decimation factor"
OLAP1D_SL=0        <default 0>        "Min 1D pix full-size overlap"
OLAP1D_XL=0        <default 0>        "Min 1D pix full-size overlap"
OLAP2D_SL=60000    <default 25000>    "Min 2D pix full-size overlap"
OLAP2D_XL=160000   <default 200000>   "Min 2D pix full-size overlap"
NBMXHT_SL=0.75     <default 0.75>     "Max F(neib)/F(pk) in guard zone"
NBMXHT_XL=0.75     <default 0.75>     "Max F(neib)/F(pk) in guard zone"
HFANGDN_SL=5       <default 5.0>      "Half angle search range denovo"
HFANGDN_XL=45      <default 45.0>     "Half angle search range denovo"
HFANGPR_SL=1       <default 1.0>      "Half angle search range prior angles"
HFANGPR_XL=4       <default 1.0>      "Half angle search range prior angles"
RTRSH_SL=0.3       <default 0.3>      "R corr thresh"
RTRSH_XL=0.3       <default 0.3>      "R corr thresh"
TWEAKS=N           <default N>        "Y=Try 8 near unity distortions"
LIMXY_SL=30        <default 0>        "0 or Max XY delta from Tab"
LIMXY_XL=80        <default 0>        "0 or Max XY delta from Tab"
WTHMPR=Y           <default Y>        "Y=Write ThmPair_a^b.txt entries"
OPT_SL=Y           <default Y(EM)>    "Y=Enable mesh optimizer"
RIT_SL=0.50        <default 0.20>     "Min mesh starting corr"
RIT_XL=0.1         <default 0.20>     "Min mesh starting corr"
RFA_SL=0.55        <default 0.3>      "Affine-only final corr"
RFA_XL=0.20        <default 0.3>      "Affine-only final corr"
RFT_SL=0.65        <default 0.5>      "Full mesh final corr"
RFT_XL=0.25        <default 0.5>      "Full mesh final corr"
TMC=5              <default 30.0%>    "Max single triangle area change"
TSC=9              <default 9.0%>     "Max summed triangle area change"
MNL=250            <default 300>      "Triangle edges between MNL and 2*MNL"
MTA=120000         <default 10000>    "Min triangle size (pixels)"
MMA=60000          <default 100000>   "Min 2D overlap for mesh"
ONE=N              <default N>        "Y=Use just one affine transform"
IFM=0.50           <default 0.50>     "Min Fourier Metric after affine-only"
FFM=0.65           <default 0.65>     "Min Fourier Metric after full mesh"
FYL=0.5            <default 0.50>     "Min fraction of yellow pixels"
CPD=0.5            <default 0.50>     "Min Correlation + DFM"
EMM=Y              <default Y>        "Y=Use Earth Mover's Metric, N=Use Fourier"
EMT=0.14           <default 0.2>      "Earth Movers Metric thresh"
WDI=N              <default N>        "Y=Write diff images (Fourier, EMM metrics)"
LDA=0.2            <default 0.2>      "Max radian delta between triangles"
LDR=0.1            <default 0.1>      "Max sine delta between triangles"
LDC=100            <default 100.0>    "Max XY delta between triangles"
DXY=100            <default 100.0>    "Max delta from user input XYs"
WMT=N              <default Y>        "Y=Write map.tif files"
WTT=N              <default Y>        "Y=Write tf.txt files"


---- Input images ----
Til2Img entry: A T=[ 1.0000  0.0000     0.00  0.0000  1.0000  2571.00] path=[/groups/apig/tomo/DEMO/TIF/C1_10_2.tif].
Til2Img entry: B T=[ 1.0000  0.0000  1142.00  0.0000  1.0000  2571.00] path=[/groups/apig/tomo/DEMO/TIF/B1_3_2.tif].


---- Command-line overrides ----
Tab=  0.9984 -0.0222 -1154.67    0.0235  0.9992    45.57
Tdfm= 0.9986  0.0006     0.00    0.0006  0.9995     0.00
FLD=N


---- Image loading ----
Raster8FromTif: Opening [/groups/apig/tomo/DEMO/TIF/C1_10_2.tif].
Raster8FromTif: Bits per sample 8, samples per pixel 1
Raster8FromTif: Picture is 1376 by 1040, 1431040 pixels total.
TIF(8): Last Encoded strip had 1376 bytes.
Raster8FromTif: Opening [/groups/apig/tomo/DEMO/TIF/B1_3_2.tif].
Raster8FromTif: Bits per sample 8, samples per pixel 1
Raster8FromTif: Picture is 1376 by 1040, 1431040 pixels total.
TIF(8): Last Encoded strip had 1376 bytes.
PixPair: Using image scale=1.
Timer: Image conditioning took 0.250 seconds.

---- Foldmaps ----

---- Connected regions ----
Forcing single connected region.

---- Begin A-1 to B-1 ----

---- Thumbnail matching ----
Subimage: Using intersection, w=453, h=1004, pix=454812
Thumbs: After decimation 7182 pts, reqArea 2501, thmscl 8
SetDisc( -29, 4, 10, 10 )
Initial: R= 0.442, A=   1.311, X=  -28.95, Y=    4.02
Peak-Disc: dR 0 dX 0 dY 0
Approx: LowRes  R=0.442, X=-231.602, Y=32.167
Approx: FullRes R=0.072, X=-232.077, Y=31.723, use=Y.
Timer: FinishAtFullRes took 0.260 seconds.
Approx: Returning A=1.310834, R=0.441597, X=-1153.562556, Y=46.062712
Approx: Best transform  0.9984 -0.0222 -1153.56    0.0235  0.9992    46.06
Approx: Orig transform  0.9984 -0.0222 -1154.67    0.0235  0.9992    45.57
Approx: Idnt transform  1.0000  0.0000     1.12    0.0000  1.0000     0.47
Approx: err = 1.21304, max = 80

---- Starting detailed region mapping ----
Roughly 202990 pixels map to B.
Region size is [1155 1375] in x, [0 967] in y.

---- Building mesh - affine ----
Computed simple triangle.

---- ImproveMesh - affine ----
Tri: (1155 0) (1375 483) (1155 967).

---- Matlab Vertices ----
x=[1155 1375 1155 1155]; y=[0 483 967 0]; plot(x,y); hold on;

---- ImproveControlPts ----
STAT: ImproveCpt: Initial affine correlation 0.378000 (202990 pixels).
corr=0.378000	step=10.000000
corr=0.396347	step=10.000000
corr=0.408705	step=10.000000
corr=0.426284	step=10.000000
corr=0.442521	step=10.000000
corr=0.454650	step=10.000000
corr=0.468336	step=10.000000
corr=0.481318	step=10.000000
corr=0.493190	step=10.000000
corr=0.496692	step=10.000000
corr=0.501574	step=10.000000
corr=0.502476	step=10.000000
corr=0.505617	step=10.000000
corr=0.509925	step=10.000000
corr=0.516897	step=10.000000
corr=0.518195	step=10.000000
corr=0.522049	step=10.000000
corr=0.522049	step=5.000000
corr=0.522980	step=5.000000
corr=0.524369	step=5.000000
corr=0.524538	step=5.000000
corr=0.525756	step=5.000000
corr=0.525919	step=5.000000
corr=0.527392	step=5.000000
corr=0.529798	step=5.000000
corr=0.531273	step=5.000000
corr=0.531273	step=2.500000
corr=0.531273	step=1.250000
corr=0.531310	step=1.250000
corr=0.531487	step=1.250000
corr=0.531487	step=0.625000
corr=0.531889	step=0.625000
corr=0.531889	step=0.312500
corr=0.531889	step=0.156250
corr=0.531905	step=0.156250
corr=0.531964	step=0.156250
STAT: ImproveCpt: Final affine correlation 0.531969, (threshold 0.200000).

---- Matlab A-Sys Originals ----
x=[1155.000000 1375.000000 1155.000000 1155.000000]; y=[0.000000 483.000000 967.000000 0.000000]; plot(x,y); hold on;

---- Matlab B-Sys Originals ----
x=[-0.457911 208.437700 -21.966892 -0.457911]; y=[73.167097 560.967587 1039.441847 73.167097]; plot(x,y); hold on;

---- Matlab B-Sys Optimized ----
x=[-79.012055 339.875108 -14.566610 -79.012055]; y=[92.696126 552.051977 1036.563999 92.696126]; plot(x,y); hold on;

---- Deltas ----
id=     0: dx=  -78.55 dy=   19.53 d=   80.95
id=     1: dx=  131.44 dy=   -8.92 d=  131.74
id=     2: dx=    7.40 dy=   -2.88 d=    7.94

---- Areas ----
Triangle 0, area was   106370.0, is   182885.4,   71.9%
Combined: area was   106370.0, is   182885.4,   71.9%
FAIL: Area change too big (max, sum) = (   71.93%    71.93%), (TMC TSC)=(5.000000 9.000000).
Pipe: Returning 0 total transforms.

---- Summary Region-region results ----
Pipe: Table Headers {Az t r Bz t r thmok ntri}
FOUND:     2   10   1      1    3   1   1   0
Timer: Alignment took 0.610 seconds.

main: Got 0 mapping regions.

main: Normal completion for dmesh run.
Timer: Total took 0.860 seconds.

---- Memory ----
Host name: h08u02.int.janelia.org
PID:       25492
User time:       0 seconds.
System time:     0 seconds.
VmPeak:	  426536 kB
VmSize:	  227128 kB
VmLck:	       0 kB
VmPin:	       0 kB
VmHWM:	  263160 kB
VmRSS:	   63076 kB
VmData:	   57736 kB
VmStk:	     160 kB
VmExe:	     832 kB
VmLib:	   85564 kB
VmPTE:	     364 kB
VmSwap:	       0 kB
voluntary_ctxt_switches:	16
nonvoluntary_ctxt_switches:	18

