
---- dmesh start ----
main: Start: Fri Sep 30 13:26:48 2016


---- Match parameters ----
PXBRO=2            <default 2>        "Max Legendre poly order for bkg removal"
PXLENS=N           <default N>        "Y=Apply IDB/lens.txt"
PXRESMSK=N         <default N>        "Y=Apply resin mask"
PXDOG=N            <default N>        "Y=Apply DoG filter"
PXDOG_R1=3         <default 3>        "DoG inner radius"
PXDOG_R2=6         <default 6>        "DoG outer radius"
FLD=N              <default X>        "Mask usage: Y=Use, N=None, X=XL only"
PRETWEAK=N         <default N>        "Y=Auto-distort before angle scan"
SCALE=1            <default 1.0>      "Image-B / image-A scale factor"
XSCALE=1           <default 1.0>      "Image-B / image-A x-axis scale factor"
YSCALE=1           <default 1.0>      "Image-B / image-A y-axis scale factor"
SKEW=0             <default 0.0>      "Transform elem[3] user-applied distortion"
MODE_SL=M          <default Z>        "Notes above"
MODE_XL=N          <default Y>        "Notes above"
TAB2DFM_SL=N       <default Y>        "Adopt Tdfm from Tab"
TAB2DFM_XL=Y       <default Y>        "Adopt Tdfm from Tab"
XYCONF_SL=1.0      <default 0.0>      "[0,1.0] confidence in Tab XY"
XYCONF_XL=0.8      <default 0.0>      "[0,1.0] confidence in Tab XY"
THMDEC_SL=8        <default 8>        "2^N thumb decimation factor"
THMDEC_XL=8        <default 8>        "2^N thumb decimation factor"
OLAP1D_SL=0        <default 0>        "Min 1D pix full-size overlap"
OLAP1D_XL=0        <default 0>        "Min 1D pix full-size overlap"
OLAP2D_SL=60000    <default 25000>    "Min 2D pix full-size overlap"
OLAP2D_XL=160000   <default 200000>   "Min 2D pix full-size overlap"
NBMXHT_SL=0.75     <default 0.75>     "Max F(neib)/F(pk) in guard zone"
NBMXHT_XL=0.75     <default 0.75>     "Max F(neib)/F(pk) in guard zone"
HFANGDN_SL=5       <default 5.0>      "Half angle search range denovo"
HFANGDN_XL=45      <default 45.0>     "Half angle search range denovo"
HFANGPR_SL=1       <default 1.0>      "Half angle search range prior angles"
HFANGPR_XL=4       <default 1.0>      "Half angle search range prior angles"
RTRSH_SL=0.3       <default 0.3>      "R corr thresh"
RTRSH_XL=0.3       <default 0.3>      "R corr thresh"
TWEAKS=N           <default N>        "Y=Try 8 near unity distortions"
LIMXY_SL=30        <default 0>        "0 or Max XY delta from Tab"
LIMXY_XL=80        <default 0>        "0 or Max XY delta from Tab"
WTHMPR=Y           <default Y>        "Y=Write ThmPair_a^b.txt entries"
OPT_SL=Y           <default Y(EM)>    "Y=Enable mesh optimizer"
RIT_SL=0.50        <default 0.20>     "Min mesh starting corr"
RIT_XL=0.1         <default 0.20>     "Min mesh starting corr"
RFA_SL=0.55        <default 0.3>      "Affine-only final corr"
RFA_XL=0.20        <default 0.3>      "Affine-only final corr"
RFT_SL=0.65        <default 0.5>      "Full mesh final corr"
RFT_XL=0.25        <default 0.5>      "Full mesh final corr"
TMC=5              <default 30.0%>    "Max single triangle area change"
TSC=9              <default 9.0%>     "Max summed triangle area change"
MNL=250            <default 300>      "Triangle edges between MNL and 2*MNL"
MTA=120000         <default 10000>    "Min triangle size (pixels)"
MMA=60000          <default 100000>   "Min 2D overlap for mesh"
ONE=N              <default N>        "Y=Use just one affine transform"
IFM=0.50           <default 0.50>     "Min Fourier Metric after affine-only"
FFM=0.65           <default 0.65>     "Min Fourier Metric after full mesh"
FYL=0.5            <default 0.50>     "Min fraction of yellow pixels"
CPD=0.5            <default 0.50>     "Min Correlation + DFM"
EMM=Y              <default Y>        "Y=Use Earth Mover's Metric, N=Use Fourier"
EMT=0.14           <default 0.2>      "Earth Movers Metric thresh"
WDI=N              <default N>        "Y=Write diff images (Fourier, EMM metrics)"
LDA=0.2            <default 0.2>      "Max radian delta between triangles"
LDR=0.1            <default 0.1>      "Max sine delta between triangles"
LDC=100            <default 100.0>    "Max XY delta between triangles"
DXY=100            <default 100.0>    "Max delta from user input XYs"
WMT=N              <default Y>        "Y=Write map.tif files"
WTT=N              <default Y>        "Y=Write tf.txt files"


---- Input images ----
Til2Img entry: A T=[ 1.0000  0.0000     0.00  0.0000  1.0000   857.00] path=[/groups/apig/tomo/DEMO/TIF/C1_12_2.tif].
Til2Img entry: B T=[ 1.0000  0.0000     0.00  0.0000  1.0000  1714.00] path=[/groups/apig/tomo/DEMO/TIF/B1_11_2.tif].


---- Command-line overrides ----
Tab=  0.9993 -0.0224    24.45    0.0224  0.9998  -821.73
Tdfm= 0.9996  0.0000     0.00    0.0000  1.0000     0.00
FLD=N


---- Image loading ----
Raster8FromTif: Opening [/groups/apig/tomo/DEMO/TIF/C1_12_2.tif].
Raster8FromTif: Bits per sample 8, samples per pixel 1
Raster8FromTif: Picture is 1376 by 1040, 1431040 pixels total.
TIF(8): Last Encoded strip had 1376 bytes.
Raster8FromTif: Opening [/groups/apig/tomo/DEMO/TIF/B1_11_2.tif].
Raster8FromTif: Bits per sample 8, samples per pixel 1
Raster8FromTif: Picture is 1376 by 1040, 1431040 pixels total.
TIF(8): Last Encoded strip had 1376 bytes.
PixPair: Using image scale=1.
Timer: Image conditioning took 0.250 seconds.

---- Foldmaps ----

---- Connected regions ----
Forcing single connected region.

---- Begin A-1 to B-1 ----

---- Thumbnail matching ----
Subimage: Using intersection, w=1357, h=383, pix=519731
Thumbs: After decimation 8160 pts, reqArea 2501, thmscl 8
SetDisc( -1, -21, 10, 10 )
Initial: R= 0.837, A=   1.283, X=   -0.80, Y=  -20.28
Peak-Disc: dR 5 dX 1 dY 5
Approx: LowRes  R=0.837, X=-6.400, Y=-162.241
Approx: FullRes R=0.123, X=-5.288, Y=-162.777, use=Y.
Timer: FinishAtFullRes took 0.460 seconds.
Approx: Returning A=1.283182, R=0.836520, X=28.416142, Y=-819.629823
Approx: Best transform  0.9993 -0.0224    28.42    0.0224  0.9998  -819.63
Approx: Orig transform  0.9993 -0.0224    24.45    0.0224  0.9998  -821.73
Approx: Idnt transform  1.0000  0.0000     4.01    0.0000  1.0000     2.01
Approx: err = 4.48716, max = 80

---- Starting detailed region mapping ----
Roughly 323213 pixels map to B.
Region size is [0 1371] in x, [789 1039] in y.

---- Building mesh - affine ----
Computed simple triangle.

---- ImproveMesh - affine ----
Tri: (0 789) (1371 789) (685 1039).

---- Matlab Vertices ----
x=[0 1371 685 0]; y=[789 789 1039 789]; plot(x,y); hold on;

---- ImproveControlPts ----
STAT: ImproveCpt: Initial affine correlation 0.333497 (323213 pixels).
corr=0.333497	step=10.000000
corr=0.333497	step=5.000000
corr=0.333497	step=2.500000
corr=0.335610	step=2.500000
corr=0.336052	step=2.500000
corr=0.337121	step=2.500000
corr=0.337398	step=2.500000
corr=0.337535	step=2.500000
corr=0.337645	step=2.500000
corr=0.337645	step=1.250000
corr=0.338602	step=1.250000
corr=0.338602	step=0.625000
corr=0.338602	step=0.312500
corr=0.338667	step=0.312500
corr=0.338711	step=0.312500
STAT: ImproveCpt: Final affine correlation 0.338711, (threshold 0.200000).

---- Matlab A-Sys Originals ----
x=[0.000000 1371.000000 685.000000 0.000000]; y=[789.000000 789.000000 1039.000000 789.000000]; plot(x,y); hold on;

---- Matlab B-Sys Originals ----
x=[10.757533 1380.841705 689.704703 10.757533]; y=[-30.806559 -0.098901 234.480071 -30.806559]; plot(x,y); hold on;

---- Matlab B-Sys Optimized ----
x=[13.060397 1379.761990 688.985203 13.060397]; y=[-26.597895 -2.229014 234.844415 -26.597895]; plot(x,y); hold on;

---- Deltas ----
id=     0: dx=    2.30 dy=    4.21 d=    4.80
id=     1: dx=   -1.08 dy=   -2.13 d=    2.39
id=     2: dx=   -0.72 dy=    0.36 d=    0.81

---- Areas ----
Triangle 0, area was   171375.0, is   170421.0,   -0.6%
Combined: area was   171375.0, is   170421.0,   -0.6%

---- Transforms ----
 0.9969 -0.0277    34.92    0.0178  0.9971  -813.28
Best affine transform:  0.9969 -0.0277    34.92    0.0178  0.9971  -813.28
    Inverse transform:  1.0026  0.0279   -12.35   -0.0179  1.0024   815.90

---- QC - affine ----
Metrics: AFF: Mean square difference 1.321983
Metrics: AFF: Smallest footprint deg=0, area=339131
MetricImages: Range x 0 1373, y 792 1039, use Nx=1374, Ny=248
Approximate EM metric 0.093043 for 340752 points.
%Yellow: Tol   1.05  red   36.1  yellow   22.9  green   41.0
%Yellow: Tol   1.10  red   31.0  yellow   36.4  green   32.5
%Yellow: Tol   1.15  red   26.7  yellow   46.3  green   27.0
%Yellow: Tol   1.20  red   23.2  yellow   54.1  green   22.7
%Yellow: Tol   1.25  red   20.4  yellow   60.5  green   19.1
Affine Triangle: 323416 points, corr 0.339006, fm 0.093043, yellow 0.60

---- Building mesh - deformable ----
Lx Dx Nx:  1371  1371.00   1
Ly Dy Ny:   250   250.00   1

STAT: From 323213 pts, got 2 triangles, 4 control points.
Timer: MeshCreate took 0.010 seconds.

---- ImproveMesh - deformable mesh ----
Tri: (0 789) (1371 789) (0 1039).
Tri: (0 1039) (1371 789) (1371 1039).

---- Matlab Vertices ----
x=[0 1371 0 0]; y=[789 789 1039 789]; plot(x,y); hold on;
x=[0 1371 1371 0]; y=[1039 789 1039 1039]; plot(x,y); hold on;

---- ImproveControlPts ----
STAT: ImproveCpt: Initial deformable mesh correlation 0.338711 (323213 pixels).
corr=0.338711	step=10.000000
corr=0.338711	step=5.000000
corr=0.338711	step=2.500000
corr=0.338711	step=1.250000
corr=0.338711	step=0.625000
STAT: ImproveCpt: Final deformable mesh correlation 0.338711, (threshold 0.250000).

---- Matlab A-Sys Originals ----
x=[0.000000 1371.000000 0.000000 0.000000]; y=[789.000000 789.000000 1039.000000 789.000000]; plot(x,y); hold on;
x=[0.000000 1371.000000 1371.000000 0.000000]; y=[1039.000000 789.000000 1039.000000 1039.000000]; plot(x,y); hold on;

---- Matlab B-Sys Originals ----
x=[13.060397 1379.761990 6.132839 13.060397]; y=[-26.597895 -2.229014 222.668862 -26.597895]; plot(x,y); hold on;
x=[6.132839 1379.761990 1372.834432 6.132839]; y=[222.668862 -2.229014 247.037744 222.668862]; plot(x,y); hold on;

---- Matlab B-Sys Optimized ----
x=[13.060397 1379.761990 6.132839 13.060397]; y=[-26.597895 -2.229014 222.668862 -26.597895]; plot(x,y); hold on;
x=[6.132839 1379.761990 1372.834432 6.132839]; y=[222.668862 -2.229014 247.037744 222.668862]; plot(x,y); hold on;

---- Deltas ----
id=     0: dx=    0.00 dy=    0.00 d=    0.00
id=     1: dx=    0.00 dy=    0.00 d=    0.00
id=     2: dx=    0.00 dy=    0.00 d=    0.00
id=     3: dx=    0.00 dy=    0.00 d=    0.00

---- Areas ----
Triangle 0, area was   171375.0, is   170421.0,   -0.6%
Triangle 1, area was   171375.0, is   170421.0,   -0.6%
Combined: area was   342750.0, is   340842.1,   -0.6%

---- Transforms ----
 0.9969 -0.0277    34.92    0.0178  0.9971  -813.28
 0.9969 -0.0277    34.92    0.0178  0.9971  -813.28

---- QC - deformable ----
Remapping 1431040 points.
Metrics: DEF: Mean square difference 1.321983
Metrics: DEF: Smallest footprint deg=0, area=339131
MetricImages: Range x 0 1373, y 792 1039, use Nx=1374, Ny=248
Approximate EM metric 0.093043 for 340752 points.
All points, deformable, dfm 0.093043

Metrics: TRI: Mean square difference 1.248275
Metrics: TRI: Smallest footprint deg=8, area=304096
MetricImages: Range x -145 1231, y 808 1029, use Nx=1378, Ny=222
Approximate EM metric 0.064376 for 305916 points.
%Yellow: Tol   1.05  red   37.9  yellow   18.7  green   43.4
%Yellow: Tol   1.10  red   31.8  yellow   34.0  green   34.2
%Yellow: Tol   1.15  red   27.3  yellow   45.0  green   27.8
%Yellow: Tol   1.20  red   23.7  yellow   53.4  green   22.9
%Yellow: Tol   1.25  red   20.7  yellow   60.0  green   19.3
Triangle 0: 151683 points, corr 0.375856, fm 0.064376, yellow 0.60

Metrics: TRI: Mean square difference 1.384766
Metrics: TRI: Smallest footprint deg=0, area=338884
MetricImages: Range x 1 1373, y 792 1039, use Nx=1374, Ny=248
Approximate EM metric 0.058017 for 340752 points.
%Yellow: Tol   1.05  red   34.0  yellow   28.0  green   38.1
%Yellow: Tol   1.10  red   28.8  yellow   39.6  green   31.6
%Yellow: Tol   1.15  red   25.5  yellow   47.8  green   26.6
%Yellow: Tol   1.20  red   22.3  yellow   55.3  green   22.4
%Yellow: Tol   1.25  red   19.9  yellow   61.1  green   19.0
Triangle 1: 171733 points, corr 0.307611, fm 0.058017, yellow 0.61


---- Final reports ----
STAT: Overall 323416 points, corr 0.3387, EMM 0.0930, weighted EMM 0.0610, cor+dfm 0.4318, weighted yellow 0.6055

Angle span: min, max, delta = 0.022808 0.022808 0.000000
Mesh-Thm: 0.0025  0.0053     6.51    0.0046  0.0027     6.35 2x(LDR,LDC)=(0.20,200.00) -- OK.

Final remapping of 1431040 points.
Center 438.976700 869.046809:  0.9969 -0.0277    34.92    0.0178  0.9971  -813.28
Mapping region 1 xy= 438.976700 869.046809 to region 1 xy= 448.442686 61.016743
Center 842.424731 962.192494:  0.9969 -0.0277    34.92    0.0178  0.9971  -813.28
Mapping region 1 xy= 842.424731 962.192494 to region 1 xy= 848.044724 161.060334

Pipe: Returning 2 total transforms.

---- Summary Region-region results ----
Pipe: Table Headers {Az t r Bz t r thmok ntri}
FOUND:     2   12   1      1   11   1   1   2

---- Tabulating point matches ----
Tabulate: Rgn 1 -> 1: Keeping 2 of 2 point-pairs.

Timer: Alignment took 1.240 seconds.

main: Got 2 mapping regions.
main: Transform   0:  0.9969 -0.0277    34.92    0.0178  0.9971  -813.28
main: Transform   1:  0.9969 -0.0277    34.92    0.0178  0.9971  -813.28

main: Average:  0.9969 -0.0277     0.00    0.0178  0.9971     0.00
main: Degrees: 1.30678
main: Residue:  0.9970 -0.0050     0.00   -0.0050  0.9974     0.00

main: Inverse:  1.0026  0.0279    -0.00   -0.0179  1.0024    -0.00
main: Degrees: -1.30678
main: Residue:  1.0028  0.0050     0.00    0.0050  1.0028     0.00

main: Normal completion for dmesh run.
Timer: Total took 1.490 seconds.

---- Memory ----
Host name: h08u02.int.janelia.org
PID:       25434
User time:       1 seconds.
System time:     0 seconds.
VmPeak:	  524732 kB
VmSize:	  214144 kB
VmLck:	       0 kB
VmPin:	       0 kB
VmHWM:	  361296 kB
VmRSS:	   47968 kB
VmData:	   44748 kB
VmStk:	     164 kB
VmExe:	     832 kB
VmLib:	   85564 kB
VmPTE:	     340 kB
VmSwap:	       0 kB
voluntary_ctxt_switches:	20
nonvoluntary_ctxt_switches:	34

