
---- dmesh start ----
main: Start: Fri Sep 30 13:26:56 2016


---- Match parameters ----
PXBRO=2            <default 2>        "Max Legendre poly order for bkg removal"
PXLENS=N           <default N>        "Y=Apply IDB/lens.txt"
PXRESMSK=N         <default N>        "Y=Apply resin mask"
PXDOG=N            <default N>        "Y=Apply DoG filter"
PXDOG_R1=3         <default 3>        "DoG inner radius"
PXDOG_R2=6         <default 6>        "DoG outer radius"
FLD=N              <default X>        "Mask usage: Y=Use, N=None, X=XL only"
PRETWEAK=N         <default N>        "Y=Auto-distort before angle scan"
SCALE=1            <default 1.0>      "Image-B / image-A scale factor"
XSCALE=1           <default 1.0>      "Image-B / image-A x-axis scale factor"
YSCALE=1           <default 1.0>      "Image-B / image-A y-axis scale factor"
SKEW=0             <default 0.0>      "Transform elem[3] user-applied distortion"
MODE_SL=M          <default Z>        "Notes above"
MODE_XL=N          <default Y>        "Notes above"
TAB2DFM_SL=N       <default Y>        "Adopt Tdfm from Tab"
TAB2DFM_XL=Y       <default Y>        "Adopt Tdfm from Tab"
XYCONF_SL=1.0      <default 0.0>      "[0,1.0] confidence in Tab XY"
XYCONF_XL=0.8      <default 0.0>      "[0,1.0] confidence in Tab XY"
THMDEC_SL=8        <default 8>        "2^N thumb decimation factor"
THMDEC_XL=8        <default 8>        "2^N thumb decimation factor"
OLAP1D_SL=0        <default 0>        "Min 1D pix full-size overlap"
OLAP1D_XL=0        <default 0>        "Min 1D pix full-size overlap"
OLAP2D_SL=60000    <default 25000>    "Min 2D pix full-size overlap"
OLAP2D_XL=160000   <default 200000>   "Min 2D pix full-size overlap"
NBMXHT_SL=0.75     <default 0.75>     "Max F(neib)/F(pk) in guard zone"
NBMXHT_XL=0.75     <default 0.75>     "Max F(neib)/F(pk) in guard zone"
HFANGDN_SL=5       <default 5.0>      "Half angle search range denovo"
HFANGDN_XL=45      <default 45.0>     "Half angle search range denovo"
HFANGPR_SL=1       <default 1.0>      "Half angle search range prior angles"
HFANGPR_XL=4       <default 1.0>      "Half angle search range prior angles"
RTRSH_SL=0.3       <default 0.3>      "R corr thresh"
RTRSH_XL=0.3       <default 0.3>      "R corr thresh"
TWEAKS=N           <default N>        "Y=Try 8 near unity distortions"
LIMXY_SL=30        <default 0>        "0 or Max XY delta from Tab"
LIMXY_XL=80        <default 0>        "0 or Max XY delta from Tab"
WTHMPR=Y           <default Y>        "Y=Write ThmPair_a^b.txt entries"
OPT_SL=Y           <default Y(EM)>    "Y=Enable mesh optimizer"
RIT_SL=0.50        <default 0.20>     "Min mesh starting corr"
RIT_XL=0.1         <default 0.20>     "Min mesh starting corr"
RFA_SL=0.55        <default 0.3>      "Affine-only final corr"
RFA_XL=0.20        <default 0.3>      "Affine-only final corr"
RFT_SL=0.65        <default 0.5>      "Full mesh final corr"
RFT_XL=0.25        <default 0.5>      "Full mesh final corr"
TMC=5              <default 30.0%>    "Max single triangle area change"
TSC=9              <default 9.0%>     "Max summed triangle area change"
MNL=250            <default 300>      "Triangle edges between MNL and 2*MNL"
MTA=120000         <default 10000>    "Min triangle size (pixels)"
MMA=60000          <default 100000>   "Min 2D overlap for mesh"
ONE=N              <default N>        "Y=Use just one affine transform"
IFM=0.50           <default 0.50>     "Min Fourier Metric after affine-only"
FFM=0.65           <default 0.65>     "Min Fourier Metric after full mesh"
FYL=0.5            <default 0.50>     "Min fraction of yellow pixels"
CPD=0.5            <default 0.50>     "Min Correlation + DFM"
EMM=Y              <default Y>        "Y=Use Earth Mover's Metric, N=Use Fourier"
EMT=0.14           <default 0.2>      "Earth Movers Metric thresh"
WDI=N              <default N>        "Y=Write diff images (Fourier, EMM metrics)"
LDA=0.2            <default 0.2>      "Max radian delta between triangles"
LDR=0.1            <default 0.1>      "Max sine delta between triangles"
LDC=100            <default 100.0>    "Max XY delta between triangles"
DXY=100            <default 100.0>    "Max delta from user input XYs"
WMT=N              <default Y>        "Y=Write map.tif files"
WTT=N              <default Y>        "Y=Write tf.txt files"


---- Input images ----
Til2Img entry: A T=[ 1.0000  0.0000     0.00  0.0000  1.0000  4285.00] path=[/groups/apig/tomo/DEMO/TIF/C1_8_2.tif].
Til2Img entry: B T=[ 1.0000  0.0000     0.00  0.0000  1.0000  3428.00] path=[/groups/apig/tomo/DEMO/TIF/B1_9_2.tif].


---- Command-line overrides ----
Tab=  0.9995 -0.0241   -48.73    0.0230  0.9997   894.00
Tdfm= 0.9997 -0.0006     0.00   -0.0006  1.0000     0.00
FLD=N


---- Image loading ----
Raster8FromTif: Opening [/groups/apig/tomo/DEMO/TIF/C1_8_2.tif].
Raster8FromTif: Bits per sample 8, samples per pixel 1
Raster8FromTif: Picture is 1376 by 1040, 1431040 pixels total.
TIF(8): Last Encoded strip had 1376 bytes.
Raster8FromTif: Opening [/groups/apig/tomo/DEMO/TIF/B1_9_2.tif].
Raster8FromTif: Bits per sample 8, samples per pixel 1
Raster8FromTif: Picture is 1376 by 1040, 1431040 pixels total.
TIF(8): Last Encoded strip had 1376 bytes.
PixPair: Using image scale=1.
Timer: Image conditioning took 0.250 seconds.

---- Foldmaps ----

---- Connected regions ----
Forcing single connected region.

---- Begin A-1 to B-1 ----

---- Thumbnail matching ----
Subimage: Using intersection, w=1338, h=325, pix=434850
Thumbs: After decimation 6888 pts, reqArea 2501, thmscl 8
SetDisc( -1, 22, 10, 10 )
Initial: R= 0.989, A=   1.349, X=   -0.89, Y=   22.99
Peak-Disc: dR 7 dX 0 dY 7
Approx: LowRes  R=0.989, X=-7.087, Y=183.926
Approx: FullRes R=0.148, X=-6.409, Y=183.166, use=Y.
Timer: FinishAtFullRes took 0.420 seconds.
Approx: Returning A=1.349357, R=0.989464, X=-44.388041, Y=897.292914
Approx: Best transform  0.9995 -0.0241   -44.39    0.0230  0.9997   897.29
Approx: Orig transform  0.9995 -0.0241   -48.73    0.0230  0.9997   894.00
Approx: Idnt transform  1.0000  0.0000     4.42    0.0000  1.0000     3.19
Approx: err = 5.44842, max = 80

---- Starting detailed region mapping ----
Roughly 168862 pixels map to B.
Region size is [44 1375] in x, [0 141] in y.

---- Building mesh - affine ----
Computed simple triangle.

---- ImproveMesh - affine ----
Tri: (44 0) (1375 0) (709 141).

---- Matlab Vertices ----
x=[44 1375 709 44]; y=[0 0 141 0]; plot(x,y); hold on;

---- ImproveControlPts ----
STAT: ImproveCpt: Initial affine correlation 0.629713 (168862 pixels).
corr=0.629713	step=10.000000
corr=0.629713	step=5.000000
corr=0.636462	step=5.000000
corr=0.638126	step=5.000000
corr=0.638126	step=2.500000
corr=0.646291	step=2.500000
corr=0.646291	step=1.250000
corr=0.646291	step=0.625000
corr=0.646321	step=0.625000
corr=0.646504	step=0.625000
corr=0.646504	step=0.312500
corr=0.646648	step=0.312500
corr=0.646648	step=0.156250
corr=0.646648	step=0.078125
STAT: ImproveCpt: Final affine correlation 0.646648, (threshold 0.200000).

---- Matlab A-Sys Originals ----
x=[44.000000 1375.000000 709.000000 44.000000]; y=[0.000000 0.000000 141.000000 0.000000]; plot(x,y); hold on;

---- Matlab B-Sys Originals ----
x=[-0.412197 1329.857084 660.823349 -0.412197]; y=[898.304078 928.891789 1054.543297 898.304078]; plot(x,y); hold on;

---- Matlab B-Sys Optimized ----
x=[3.271807 1326.500715 659.315979 3.271807]; y=[901.746669 926.711577 1054.557603 901.746669]; plot(x,y); hold on;

---- Deltas ----
id=     0: dx=    3.68 dy=    3.44 d=    5.04
id=     1: dx=   -3.36 dy=   -2.18 d=    4.00
id=     2: dx=   -1.51 dy=    0.01 d=    1.51

---- Areas ----
Triangle 0, area was    93835.5, is    92912.9,   -1.0%
Combined: area was    93835.5, is    92912.9,   -1.0%

---- Transforms ----
 0.9942 -0.0360   -40.47    0.0188  0.9953   900.92
Best affine transform:  0.9942 -0.0360   -40.47    0.0188  0.9953   900.92
    Inverse transform:  1.0052  0.0363     7.94   -0.0189  1.0040  -905.32

---- QC - affine ----
Metrics: AFF: Mean square difference 0.706272
Metrics: AFF: Smallest footprint deg=0, area=182758
MetricImages: Range x 41 1375, y 0 137, use Nx=1336, Ny=138
Approximate EM metric 0.135082 for 184368 points.
%Yellow: Tol   1.05  red   39.8  yellow   22.0  green   38.2
%Yellow: Tol   1.10  red   29.7  yellow   41.1  green   29.2
%Yellow: Tol   1.15  red   22.0  yellow   56.0  green   21.9
%Yellow: Tol   1.20  red   16.1  yellow   67.3  green   16.6
%Yellow: Tol   1.25  red   12.0  yellow   75.3  green   12.7
Affine Triangle: 167687 points, corr 0.646858, fm 0.135082, yellow 0.75

---- Building mesh - deformable ----
Lx Dx Nx:  1331  1331.00   1
Ly Dy Ny:   141   141.00   1

STAT: From 168862 pts, got 2 triangles, 4 control points.
Timer: MeshCreate took 0.000 seconds.

---- ImproveMesh - deformable mesh ----
Tri: (44 0) (1375 0) (44 141).
Tri: (44 141) (1375 0) (1375 141).

---- Matlab Vertices ----
x=[44 1375 44 44]; y=[0 0 141 0]; plot(x,y); hold on;
x=[44 1375 1375 44]; y=[141 0 141 141]; plot(x,y); hold on;

---- ImproveControlPts ----
STAT: ImproveCpt: Initial deformable mesh correlation 0.646648 (168862 pixels).
corr=0.646648	step=10.000000
corr=0.646648	step=5.000000
corr=0.646648	step=2.500000
corr=0.647035	step=2.500000
corr=0.647035	step=1.250000
corr=0.647035	step=0.625000
corr=0.647035	step=0.312500
corr=0.647137	step=0.312500
corr=0.647137	step=0.156250
corr=0.647137	step=0.078125
corr=0.647140	step=0.078125
STAT: ImproveCpt: Final deformable mesh correlation 0.647140, (threshold 0.250000).

---- Matlab A-Sys Originals ----
x=[44.000000 1375.000000 44.000000 44.000000]; y=[0.000000 0.000000 141.000000 0.000000]; plot(x,y); hold on;
x=[44.000000 1375.000000 1375.000000 44.000000]; y=[141.000000 0.000000 141.000000 141.000000]; plot(x,y); hold on;

---- Matlab B-Sys Originals ----
x=[3.271807 1326.500715 -1.801395 3.271807]; y=[901.746669 926.711577 1042.084527 901.746669]; plot(x,y); hold on;
x=[-1.801395 1326.500715 1321.427514 -1.801395]; y=[1042.084527 926.711577 1067.049435 1042.084527]; plot(x,y); hold on;

---- Matlab B-Sys Optimized ----
x=[4.848618 1325.874924 -2.685145 4.848618]; y=[901.315543 927.366451 1041.969741 901.315543]; plot(x,y); hold on;
x=[-2.685145 1325.874924 1322.599551 -2.685145]; y=[1041.969741 927.366451 1066.587159 1041.969741]; plot(x,y); hold on;

---- Deltas ----
id=     0: dx=    1.58 dy=   -0.43 d=    1.63
id=     1: dx=   -0.63 dy=    0.65 d=    0.91
id=     2: dx=   -0.88 dy=   -0.11 d=    0.89
id=     3: dx=    1.17 dy=   -0.46 d=    1.26

---- Areas ----
Triangle 0, area was    93835.5, is    93002.1,   -0.9%
Triangle 1, area was    93835.5, is    92293.9,   -1.6%
Combined: area was   187671.0, is   185295.9,   -1.3%

---- Transforms ----
 0.9925 -0.0534   -38.82    0.0196  0.9975   900.45
 0.9957 -0.0232   -43.22    0.0185  0.9874   901.94

---- QC - deformable ----
Remapping 1431040 points.
Metrics: DEF: Mean square difference 0.704873
Metrics: DEF: Smallest footprint deg=0, area=182895
MetricImages: Range x 40 1375, y 0 137, use Nx=1336, Ny=138
Approximate EM metric 0.135258 for 184368 points.
All points, deformable, dfm 0.135258

Metrics: TRI: Mean square difference 0.674395
Metrics: TRI: Smallest footprint deg=0, area=182895
MetricImages: Range x 40 1375, y 0 137, use Nx=1336, Ny=138
Approximate EM metric 0.075446 for 184368 points.
%Yellow: Tol   1.05  red   40.8  yellow   22.0  green   37.2
%Yellow: Tol   1.10  red   30.4  yellow   41.3  green   28.3
%Yellow: Tol   1.15  red   22.4  yellow   56.1  green   21.4
%Yellow: Tol   1.20  red   16.2  yellow   67.7  green   16.2
%Yellow: Tol   1.25  red   11.7  yellow   76.0  green   12.3
Triangle 0: 94609 points, corr 0.662792, fm 0.075446, yellow 0.76

Metrics: TRI: Mean square difference 0.733936
Metrics: TRI: Smallest footprint deg=2, area=146674
MetricImages: Range x 77 1375, y 48 161, use Nx=1300, Ny=114
Approximate EM metric 0.050479 for 148200 points.
%Yellow: Tol   1.05  red   39.4  yellow   21.6  green   39.0
%Yellow: Tol   1.10  red   29.7  yellow   40.3  green   30.0
%Yellow: Tol   1.15  red   22.2  yellow   55.0  green   22.8
%Yellow: Tol   1.20  red   16.6  yellow   66.2  green   17.2
%Yellow: Tol   1.25  red   12.6  yellow   74.1  green   13.3
Triangle 1: 73351 points, corr 0.633019, fm 0.050479, yellow 0.74


---- Final reports ----
STAT: Overall 167960 points, corr 0.6471, EMM 0.1353, weighted EMM 0.0645, cor+dfm 0.7824, weighted yellow 0.7517

Angle span: min, max, delta = 0.021037 0.036668 0.015630
Mesh-Thm: 0.0053  0.0142     3.37    0.0039  0.0072     3.90 2x(LDR,LDC)=(0.20,200.00) -- OK.

Final remapping of 1431040 points.
Center 470.169211 45.146400:  0.9925 -0.0534   -38.82    0.0196  0.9975   900.45
Mapping region 1 xy= 470.169211 45.146400 to region 1 xy= 425.412165 954.692390
Center 861.846329 97.680566:  0.9957 -0.0232   -43.22    0.0185  0.9874   901.94
Mapping region 1 xy= 861.846329 97.680566 to region 1 xy= 812.655651 1014.323379

Pipe: Returning 2 total transforms.

---- Summary Region-region results ----
Pipe: Table Headers {Az t r Bz t r thmok ntri}
FOUND:     2    8   1      1    9   1   1   2

---- Tabulating point matches ----
Tabulate: Rgn 1 -> 1: Keeping 2 of 2 point-pairs.

Timer: Alignment took 1.010 seconds.

main: Got 2 mapping regions.
main: Transform   0:  0.9925 -0.0534   -38.82    0.0196  0.9975   900.45
main: Transform   1:  0.9957 -0.0232   -43.22    0.0185  0.9874   901.94

main: Average:  0.9941 -0.0383     0.00    0.0190  0.9925     0.00
main: Degrees: 1.65401
main: Residue:  0.9942 -0.0097     0.00   -0.0097  0.9932     0.00

main: Inverse:  1.0052  0.0388    -0.00   -0.0193  1.0068    -0.00
main: Degrees: -1.65401
main: Residue:  1.0053  0.0097     0.00    0.0097  1.0075     0.00

main: Normal completion for dmesh run.
Timer: Total took 1.260 seconds.

---- Memory ----
Host name: h08u02.int.janelia.org
PID:       25509
User time:       1 seconds.
System time:     0 seconds.
VmPeak:	  504524 kB
VmSize:	  205928 kB
VmLck:	       0 kB
VmPin:	       0 kB
VmHWM:	  341172 kB
VmRSS:	   41504 kB
VmData:	   36536 kB
VmStk:	     160 kB
VmExe:	     832 kB
VmLib:	   85564 kB
VmPTE:	     328 kB
VmSwap:	       0 kB
voluntary_ctxt_switches:	17
nonvoluntary_ctxt_switches:	18

