
---- dmesh start ----
main: Start: Fri Sep 30 13:27:06 2016


---- Match parameters ----
PXBRO=2            <default 2>        "Max Legendre poly order for bkg removal"
PXLENS=N           <default N>        "Y=Apply IDB/lens.txt"
PXRESMSK=N         <default N>        "Y=Apply resin mask"
PXDOG=N            <default N>        "Y=Apply DoG filter"
PXDOG_R1=3         <default 3>        "DoG inner radius"
PXDOG_R2=6         <default 6>        "DoG outer radius"
FLD=N              <default X>        "Mask usage: Y=Use, N=None, X=XL only"
PRETWEAK=N         <default N>        "Y=Auto-distort before angle scan"
SCALE=1            <default 1.0>      "Image-B / image-A scale factor"
XSCALE=1           <default 1.0>      "Image-B / image-A x-axis scale factor"
YSCALE=1           <default 1.0>      "Image-B / image-A y-axis scale factor"
SKEW=0             <default 0.0>      "Transform elem[3] user-applied distortion"
MODE_SL=M          <default Z>        "Notes above"
MODE_XL=N          <default Y>        "Notes above"
TAB2DFM_SL=N       <default Y>        "Adopt Tdfm from Tab"
TAB2DFM_XL=Y       <default Y>        "Adopt Tdfm from Tab"
XYCONF_SL=1.0      <default 0.0>      "[0,1.0] confidence in Tab XY"
XYCONF_XL=0.8      <default 0.0>      "[0,1.0] confidence in Tab XY"
THMDEC_SL=8        <default 8>        "2^N thumb decimation factor"
THMDEC_XL=8        <default 8>        "2^N thumb decimation factor"
OLAP1D_SL=0        <default 0>        "Min 1D pix full-size overlap"
OLAP1D_XL=0        <default 0>        "Min 1D pix full-size overlap"
OLAP2D_SL=60000    <default 25000>    "Min 2D pix full-size overlap"
OLAP2D_XL=160000   <default 200000>   "Min 2D pix full-size overlap"
NBMXHT_SL=0.75     <default 0.75>     "Max F(neib)/F(pk) in guard zone"
NBMXHT_XL=0.75     <default 0.75>     "Max F(neib)/F(pk) in guard zone"
HFANGDN_SL=5       <default 5.0>      "Half angle search range denovo"
HFANGDN_XL=45      <default 45.0>     "Half angle search range denovo"
HFANGPR_SL=1       <default 1.0>      "Half angle search range prior angles"
HFANGPR_XL=4       <default 1.0>      "Half angle search range prior angles"
RTRSH_SL=0.3       <default 0.3>      "R corr thresh"
RTRSH_XL=0.3       <default 0.3>      "R corr thresh"
TWEAKS=N           <default N>        "Y=Try 8 near unity distortions"
LIMXY_SL=30        <default 0>        "0 or Max XY delta from Tab"
LIMXY_XL=80        <default 0>        "0 or Max XY delta from Tab"
WTHMPR=Y           <default Y>        "Y=Write ThmPair_a^b.txt entries"
OPT_SL=Y           <default Y(EM)>    "Y=Enable mesh optimizer"
RIT_SL=0.50        <default 0.20>     "Min mesh starting corr"
RIT_XL=0.1         <default 0.20>     "Min mesh starting corr"
RFA_SL=0.55        <default 0.3>      "Affine-only final corr"
RFA_XL=0.20        <default 0.3>      "Affine-only final corr"
RFT_SL=0.65        <default 0.5>      "Full mesh final corr"
RFT_XL=0.25        <default 0.5>      "Full mesh final corr"
TMC=5              <default 30.0%>    "Max single triangle area change"
TSC=9              <default 9.0%>     "Max summed triangle area change"
MNL=250            <default 300>      "Triangle edges between MNL and 2*MNL"
MTA=120000         <default 10000>    "Min triangle size (pixels)"
MMA=60000          <default 100000>   "Min 2D overlap for mesh"
ONE=N              <default N>        "Y=Use just one affine transform"
IFM=0.50           <default 0.50>     "Min Fourier Metric after affine-only"
FFM=0.65           <default 0.65>     "Min Fourier Metric after full mesh"
FYL=0.5            <default 0.50>     "Min fraction of yellow pixels"
CPD=0.5            <default 0.50>     "Min Correlation + DFM"
EMM=Y              <default Y>        "Y=Use Earth Mover's Metric, N=Use Fourier"
EMT=0.14           <default 0.2>      "Earth Movers Metric thresh"
WDI=N              <default N>        "Y=Write diff images (Fourier, EMM metrics)"
LDA=0.2            <default 0.2>      "Max radian delta between triangles"
LDR=0.1            <default 0.1>      "Max sine delta between triangles"
LDC=100            <default 100.0>    "Max XY delta between triangles"
DXY=100            <default 100.0>    "Max delta from user input XYs"
WMT=N              <default Y>        "Y=Write map.tif files"
WTT=N              <default Y>        "Y=Write tf.txt files"


---- Input images ----
Til2Img entry: A T=[ 1.0000  0.0000  1142.00  0.0000  1.0000  1714.00] path=[/groups/apig/tomo/DEMO/TIF/C1_2_2.tif].
Til2Img entry: B T=[ 1.0000  0.0000  1142.00  0.0000  1.0000  2571.00] path=[/groups/apig/tomo/DEMO/TIF/B1_3_2.tif].


---- Command-line overrides ----
Tab=  0.9993 -0.0225     6.23    0.0231  1.0002  -789.15
Tdfm= 0.9996  0.0003     0.00    0.0003  1.0005     0.00
FLD=N


---- Image loading ----
Raster8FromTif: Opening [/groups/apig/tomo/DEMO/TIF/C1_2_2.tif].
Raster8FromTif: Bits per sample 8, samples per pixel 1
Raster8FromTif: Picture is 1376 by 1040, 1431040 pixels total.
TIF(8): Last Encoded strip had 1376 bytes.
Raster8FromTif: Opening [/groups/apig/tomo/DEMO/TIF/B1_3_2.tif].
Raster8FromTif: Bits per sample 8, samples per pixel 1
Raster8FromTif: Picture is 1376 by 1040, 1431040 pixels total.
TIF(8): Last Encoded strip had 1376 bytes.
PixPair: Using image scale=1.
Timer: Image conditioning took 0.240 seconds.

---- Foldmaps ----

---- Connected regions ----
Forcing single connected region.

---- Begin A-1 to B-1 ----

---- Thumbnail matching ----
Subimage: Using intersection, w=1372, h=409, pix=561148
Thumbs: After decimation 8944 pts, reqArea 2501, thmscl 8
SetDisc( -1, -20, 10, 10 )
Initial: R= 0.923, A=   1.308, X=   -1.56, Y=  -20.15
Peak-Disc: dR 4 dX -4 dY -1
Approx: LowRes  R=0.923, X=-12.453, Y=-161.185
Approx: FullRes R=0.130, X=-12.060, Y=-158.925, use=Y.
Timer: FinishAtFullRes took 0.470 seconds.
Approx: Returning A=1.307547, R=0.923303, X=6.152805, Y=-790.053349
Approx: Best transform  0.9993 -0.0225     6.15    0.0231  1.0002  -790.05
Approx: Orig transform  0.9993 -0.0225     6.23    0.0231  1.0002  -789.15
Approx: Idnt transform  1.0000  0.0000    -0.10   -0.0000  1.0000    -0.90
Approx: err = 0.905341, max = 80

---- Starting detailed region mapping ----
Roughly 363200 pixels map to B.
Region size is [11 1375] in x, [758 1039] in y.

---- Building mesh - affine ----
Computed simple triangle.

---- ImproveMesh - affine ----
Tri: (11 758) (1375 758) (693 1039).

---- Matlab Vertices ----
x=[11 1375 693 11]; y=[758 758 1039 758]; plot(x,y); hold on;

---- ImproveControlPts ----
STAT: ImproveCpt: Initial affine correlation 0.467652 (363200 pixels).
corr=0.467652	step=10.000000
corr=0.468924	step=10.000000
corr=0.468924	step=5.000000
corr=0.479374	step=5.000000
corr=0.480010	step=5.000000
corr=0.480010	step=2.500000
corr=0.482236	step=2.500000
corr=0.482236	step=1.250000
corr=0.482246	step=1.250000
corr=0.482246	step=0.625000
corr=0.482546	step=0.625000
corr=0.482546	step=0.312500
corr=0.482546	step=0.156250
corr=0.482546	step=0.078125
STAT: ImproveCpt: Final affine correlation 0.482546, (threshold 0.200000).

---- Matlab A-Sys Originals ----
x=[11.000000 1375.000000 693.000000 11.000000]; y=[758.000000 758.000000 1039.000000 758.000000]; plot(x,y); hold on;

---- Matlab B-Sys Originals ----
x=[0.071342 1363.139730 675.276011 0.071342]; y=[-31.644463 -0.116967 265.176609 -31.644463]; plot(x,y); hold on;

---- Matlab B-Sys Optimized ----
x=[3.216184 1358.233572 673.429885 3.216184]; y=[-31.958249 -6.782488 261.935040 -31.958249]; plot(x,y); hold on;

---- Deltas ----
id=     0: dx=    3.14 dy=   -0.31 d=    3.16
id=     1: dx=   -4.91 dy=   -6.67 d=    8.28
id=     2: dx=   -1.85 dy=   -3.24 d=    3.73

---- Areas ----
Triangle 0, area was   191642.0, is   190678.7,   -0.5%
Combined: area was   191642.0, is   190678.7,   -0.5%

---- Transforms ----
 0.9934 -0.0260    11.97    0.0185  1.0011  -790.99
Best affine transform:  0.9934 -0.0260    11.97    0.0185  1.0011  -790.99
    Inverse transform:  1.0061  0.0261     8.60   -0.0186  0.9984   789.97

---- QC - affine ----
Metrics: AFF: Mean square difference 1.031253
Metrics: AFF: Smallest footprint deg=0, area=374284
MetricImages: Range x 9 1375, y 765 1039, use Nx=1368, Ny=276
Approximate EM metric 0.172305 for 377568 points.
%Yellow: Tol   1.05  red   38.8  yellow   19.4  green   41.8
%Yellow: Tol   1.10  red   31.7  yellow   35.5  green   32.8
%Yellow: Tol   1.15  red   26.2  yellow   47.8  green   26.0
%Yellow: Tol   1.20  red   22.0  yellow   57.0  green   21.0
%Yellow: Tol   1.25  red   18.8  yellow   63.8  green   17.4
Affine Triangle: 357503 points, corr 0.484371, fm 0.172305, yellow 0.64

---- Building mesh - deformable ----
Lx Dx Nx:  1364  1364.00   1
Ly Dy Ny:   281   281.00   1

STAT: From 363200 pts, got 2 triangles, 4 control points.
Timer: MeshCreate took 0.000 seconds.

---- ImproveMesh - deformable mesh ----
Tri: (11 758) (1375 758) (11 1039).
Tri: (11 1039) (1375 758) (1375 1039).

---- Matlab Vertices ----
x=[11 1375 11 11]; y=[758 758 1039 758]; plot(x,y); hold on;
x=[11 1375 1375 11]; y=[1039 758 1039 1039]; plot(x,y); hold on;

---- ImproveControlPts ----
STAT: ImproveCpt: Initial deformable mesh correlation 0.482546 (363200 pixels).
corr=0.482546	step=10.000000
corr=0.482546	step=5.000000
corr=0.482546	step=2.500000
corr=0.482546	step=1.250000
corr=0.482546	step=0.625000
STAT: ImproveCpt: Final deformable mesh correlation 0.482546, (threshold 0.250000).

---- Matlab A-Sys Originals ----
x=[11.000000 1375.000000 11.000000 11.000000]; y=[758.000000 758.000000 1039.000000 758.000000]; plot(x,y); hold on;
x=[11.000000 1375.000000 1375.000000 11.000000]; y=[1039.000000 758.000000 1039.000000 1039.000000]; plot(x,y); hold on;

---- Matlab B-Sys Originals ----
x=[3.216184 1358.233572 -4.078809 3.216184]; y=[-31.958249 -6.782488 249.347159 -31.958249]; plot(x,y); hold on;
x=[-4.078809 1358.233572 1350.938579 -4.078809]; y=[249.347159 -6.782488 274.522920 249.347159]; plot(x,y); hold on;

---- Matlab B-Sys Optimized ----
x=[3.216184 1358.233572 -4.078809 3.216184]; y=[-31.958249 -6.782488 249.347159 -31.958249]; plot(x,y); hold on;
x=[-4.078809 1358.233572 1350.938579 -4.078809]; y=[249.347159 -6.782488 274.522920 249.347159]; plot(x,y); hold on;

---- Deltas ----
id=     0: dx=    0.00 dy=    0.00 d=    0.00
id=     1: dx=    0.00 dy=    0.00 d=    0.00
id=     2: dx=    0.00 dy=    0.00 d=    0.00
id=     3: dx=    0.00 dy=    0.00 d=    0.00

---- Areas ----
Triangle 0, area was   191642.0, is   190678.7,   -0.5%
Triangle 1, area was   191642.0, is   190678.7,   -0.5%
Combined: area was   383284.0, is   381357.4,   -0.5%

---- Transforms ----
 0.9934 -0.0260    11.97    0.0185  1.0011  -790.99
 0.9934 -0.0260    11.97    0.0185  1.0011  -790.99

---- QC - deformable ----
Remapping 1431040 points.
Metrics: DEF: Mean square difference 1.031253
Metrics: DEF: Smallest footprint deg=0, area=374284
MetricImages: Range x 9 1375, y 765 1039, use Nx=1368, Ny=276
Approximate EM metric 0.172305 for 377568 points.
All points, deformable, dfm 0.172305

Metrics: TRI: Mean square difference 1.012427
Metrics: TRI: Smallest footprint deg=11, area=330505
MetricImages: Range x -183 1166, y 777 1022, use Nx=1350, Ny=246
Approximate EM metric 0.063759 for 332100 points.
%Yellow: Tol   1.05  red   37.5  yellow   20.1  green   42.4
%Yellow: Tol   1.10  red   31.0  yellow   37.0  green   32.0
%Yellow: Tol   1.15  red   26.2  yellow   49.0  green   24.8
%Yellow: Tol   1.20  red   22.4  yellow   57.9  green   19.7
%Yellow: Tol   1.25  red   19.2  yellow   64.6  green   16.2
Triangle 0: 165169 points, corr 0.493780, fm 0.063759, yellow 0.65

Metrics: TRI: Mean square difference 1.042126
Metrics: TRI: Smallest footprint deg=0, area=372366
MetricImages: Range x 16 1375, y 765 1039, use Nx=1360, Ny=276
Approximate EM metric 0.122835 for 375360 points.
%Yellow: Tol   1.05  red   40.3  yellow   18.0  green   41.7
%Yellow: Tol   1.10  red   32.7  yellow   34.0  green   33.3
%Yellow: Tol   1.15  red   26.3  yellow   47.1  green   26.6
%Yellow: Tol   1.20  red   21.4  yellow   57.0  green   21.6
%Yellow: Tol   1.25  red   18.0  yellow   64.2  green   17.8
Triangle 1: 192334 points, corr 0.478932, fm 0.122835, yellow 0.64


---- Final reports ----
STAT: Overall 357503 points, corr 0.4825, EMM 0.1723, weighted EMM 0.0955, cor+dfm 0.6549, weighted yellow 0.6436
FAIL: Overall rejected: [EMM=0.172305 > 0.154 = (EMT=0.14 * 1.10)].
Pipe: Returning 0 total transforms.

---- Summary Region-region results ----
Pipe: Table Headers {Az t r Bz t r thmok ntri}
FOUND:     2    2   1      1    3   1   1   0
Timer: Alignment took 1.190 seconds.

main: Got 0 mapping regions.

main: Normal completion for dmesh run.
Timer: Total took 1.430 seconds.

---- Memory ----
Host name: h08u02.int.janelia.org
PID:       25580
User time:       1 seconds.
System time:     0 seconds.
VmPeak:	  533832 kB
VmSize:	  213644 kB
VmLck:	       0 kB
VmPin:	       0 kB
VmHWM:	  370504 kB
VmRSS:	   48244 kB
VmData:	   44248 kB
VmStk:	     164 kB
VmExe:	     832 kB
VmLib:	   85564 kB
VmPTE:	     348 kB
VmSwap:	       0 kB
voluntary_ctxt_switches:	16
nonvoluntary_ctxt_switches:	42

