
---- dmesh start ----
main: Start: Fri Sep 30 13:26:57 2016


---- Match parameters ----
PXBRO=2            <default 2>        "Max Legendre poly order for bkg removal"
PXLENS=N           <default N>        "Y=Apply IDB/lens.txt"
PXRESMSK=N         <default N>        "Y=Apply resin mask"
PXDOG=N            <default N>        "Y=Apply DoG filter"
PXDOG_R1=3         <default 3>        "DoG inner radius"
PXDOG_R2=6         <default 6>        "DoG outer radius"
FLD=N              <default X>        "Mask usage: Y=Use, N=None, X=XL only"
PRETWEAK=N         <default N>        "Y=Auto-distort before angle scan"
SCALE=1            <default 1.0>      "Image-B / image-A scale factor"
XSCALE=1           <default 1.0>      "Image-B / image-A x-axis scale factor"
YSCALE=1           <default 1.0>      "Image-B / image-A y-axis scale factor"
SKEW=0             <default 0.0>      "Transform elem[3] user-applied distortion"
MODE_SL=M          <default Z>        "Notes above"
MODE_XL=N          <default Y>        "Notes above"
TAB2DFM_SL=N       <default Y>        "Adopt Tdfm from Tab"
TAB2DFM_XL=Y       <default Y>        "Adopt Tdfm from Tab"
XYCONF_SL=1.0      <default 0.0>      "[0,1.0] confidence in Tab XY"
XYCONF_XL=0.8      <default 0.0>      "[0,1.0] confidence in Tab XY"
THMDEC_SL=8        <default 8>        "2^N thumb decimation factor"
THMDEC_XL=8        <default 8>        "2^N thumb decimation factor"
OLAP1D_SL=0        <default 0>        "Min 1D pix full-size overlap"
OLAP1D_XL=0        <default 0>        "Min 1D pix full-size overlap"
OLAP2D_SL=60000    <default 25000>    "Min 2D pix full-size overlap"
OLAP2D_XL=160000   <default 200000>   "Min 2D pix full-size overlap"
NBMXHT_SL=0.75     <default 0.75>     "Max F(neib)/F(pk) in guard zone"
NBMXHT_XL=0.75     <default 0.75>     "Max F(neib)/F(pk) in guard zone"
HFANGDN_SL=5       <default 5.0>      "Half angle search range denovo"
HFANGDN_XL=45      <default 45.0>     "Half angle search range denovo"
HFANGPR_SL=1       <default 1.0>      "Half angle search range prior angles"
HFANGPR_XL=4       <default 1.0>      "Half angle search range prior angles"
RTRSH_SL=0.3       <default 0.3>      "R corr thresh"
RTRSH_XL=0.3       <default 0.3>      "R corr thresh"
TWEAKS=N           <default N>        "Y=Try 8 near unity distortions"
LIMXY_SL=30        <default 0>        "0 or Max XY delta from Tab"
LIMXY_XL=80        <default 0>        "0 or Max XY delta from Tab"
WTHMPR=Y           <default Y>        "Y=Write ThmPair_a^b.txt entries"
OPT_SL=Y           <default Y(EM)>    "Y=Enable mesh optimizer"
RIT_SL=0.50        <default 0.20>     "Min mesh starting corr"
RIT_XL=0.1         <default 0.20>     "Min mesh starting corr"
RFA_SL=0.55        <default 0.3>      "Affine-only final corr"
RFA_XL=0.20        <default 0.3>      "Affine-only final corr"
RFT_SL=0.65        <default 0.5>      "Full mesh final corr"
RFT_XL=0.25        <default 0.5>      "Full mesh final corr"
TMC=5              <default 30.0%>    "Max single triangle area change"
TSC=9              <default 9.0%>     "Max summed triangle area change"
MNL=250            <default 300>      "Triangle edges between MNL and 2*MNL"
MTA=120000         <default 10000>    "Min triangle size (pixels)"
MMA=60000          <default 100000>   "Min 2D overlap for mesh"
ONE=N              <default N>        "Y=Use just one affine transform"
IFM=0.50           <default 0.50>     "Min Fourier Metric after affine-only"
FFM=0.65           <default 0.65>     "Min Fourier Metric after full mesh"
FYL=0.5            <default 0.50>     "Min fraction of yellow pixels"
CPD=0.5            <default 0.50>     "Min Correlation + DFM"
EMM=Y              <default Y>        "Y=Use Earth Mover's Metric, N=Use Fourier"
EMT=0.14           <default 0.2>      "Earth Movers Metric thresh"
WDI=N              <default N>        "Y=Write diff images (Fourier, EMM metrics)"
LDA=0.2            <default 0.2>      "Max radian delta between triangles"
LDR=0.1            <default 0.1>      "Max sine delta between triangles"
LDC=100            <default 100.0>    "Max XY delta between triangles"
DXY=100            <default 100.0>    "Max delta from user input XYs"
WMT=N              <default Y>        "Y=Write map.tif files"
WTT=N              <default Y>        "Y=Write tf.txt files"


---- Input images ----
Til2Img entry: A T=[ 1.0000  0.0000     0.00  0.0000  1.0000  4285.00] path=[/groups/apig/tomo/DEMO/TIF/C1_8_2.tif].
Til2Img entry: B T=[ 1.0000  0.0000  1142.00  0.0000  1.0000  4285.00] path=[/groups/apig/tomo/DEMO/TIF/B1_5_2.tif].


---- Command-line overrides ----
Tab=  0.9972 -0.0228 -1193.38    0.0228  0.9993    38.94
Tdfm= 0.9975 -0.0000     0.00   -0.0000  0.9995     0.00
FLD=N


---- Image loading ----
Raster8FromTif: Opening [/groups/apig/tomo/DEMO/TIF/C1_8_2.tif].
Raster8FromTif: Bits per sample 8, samples per pixel 1
Raster8FromTif: Picture is 1376 by 1040, 1431040 pixels total.
TIF(8): Last Encoded strip had 1376 bytes.
Raster8FromTif: Opening [/groups/apig/tomo/DEMO/TIF/B1_5_2.tif].
Raster8FromTif: Bits per sample 8, samples per pixel 1
Raster8FromTif: Picture is 1376 by 1040, 1431040 pixels total.
TIF(8): Last Encoded strip had 1376 bytes.
PixPair: Using image scale=1.
Timer: Image conditioning took 0.240 seconds.

---- Foldmaps ----

---- Connected regions ----
Forcing single connected region.

---- Begin A-1 to B-1 ----

---- Thumbnail matching ----
Subimage: Using intersection, w=422, h=1009, pix=425798
Thumbs: After decimation 6731 pts, reqArea 2501, thmscl 8
SetDisc( -30, 4, 10, 10 )
Initial: R= 0.843, A=   1.309, X=  -30.17, Y=    3.87
Peak-Disc: dR 1 dX -1 dY -1
Approx: LowRes  R=0.843, X=-241.375, Y=30.926
Approx: FullRes R=0.145, X=-241.950, Y=29.782, use=Y.
Timer: FinishAtFullRes took 0.270 seconds.
Approx: Returning A=1.309366, R=0.842705, X=-1193.305056, Y=39.042385
Approx: Best transform  0.9972 -0.0228 -1193.31    0.0228  0.9993    39.04
Approx: Orig transform  0.9972 -0.0228 -1193.38    0.0228  0.9993    38.94
Approx: Idnt transform  1.0000  0.0000     0.08   -0.0000  1.0000     0.10
Approx: err = 0.127061, max = 80

---- Starting detailed region mapping ----
Roughly 164132 pixels map to B.
Region size is [1196 1375] in x, [0 973] in y.

---- Building mesh - affine ----
Computed simple triangle.

---- ImproveMesh - affine ----
Tri: (1196 0) (1375 486) (1196 973).

---- Matlab Vertices ----
x=[1196 1375 1196 1196]; y=[0 486 973 0]; plot(x,y); hold on;

---- ImproveControlPts ----
STAT: ImproveCpt: Initial affine correlation 0.517606 (164132 pixels).
corr=0.517606	step=10.000000
corr=0.517606	step=5.000000
corr=0.517606	step=2.500000
corr=0.517606	step=1.250000
corr=0.517606	step=0.625000
STAT: ImproveCpt: Final affine correlation 0.517663, (threshold 0.200000).

---- Matlab A-Sys Originals ----
x=[1196.000000 1375.000000 1196.000000 1196.000000]; y=[0.000000 486.000000 973.000000 0.000000]; plot(x,y); hold on;

---- Matlab B-Sys Originals ----
x=[-0.621564 166.779399 -22.849749 -0.621564]; y=[66.296833 556.012843 1038.570002 66.296833]; plot(x,y); hold on;

---- Matlab B-Sys Optimized ----
x=[-0.474935 166.531034 -23.307671 -0.474935]; y=[66.556947 556.163857 1038.484662 66.556947]; plot(x,y); hold on;

---- Deltas ----
id=     0: dx=    0.15 dy=    0.26 d=    0.30
id=     1: dx=   -0.25 dy=    0.15 d=    0.29
id=     2: dx=   -0.46 dy=   -0.09 d=    0.47

---- Areas ----
Triangle 0, area was    87083.5, is    86748.4,   -0.4%
Combined: area was    87083.5, is    86748.4,   -0.4%

---- Transforms ----
 0.9967 -0.0235 -1192.54    0.0231  0.9989    38.88
Best affine transform:  0.9967 -0.0235 -1192.54    0.0231  0.9989    38.88
    Inverse transform:  1.0028  0.0236  1194.91   -0.0232  1.0006   -66.61

---- QC - affine ----
Metrics: AFF: Mean square difference 0.962408
Metrics: AFF: Smallest footprint deg=0, area=173016
MetricImages: Range x 1197 1375, y 0 972, use Nx=180, Ny=974
Approximate EM metric 0.134043 for 175320 points.
%Yellow: Tol   1.05  red   44.1  yellow   17.0  green   38.9
%Yellow: Tol   1.10  red   36.5  yellow   32.2  green   31.3
%Yellow: Tol   1.15  red   29.7  yellow   45.3  green   25.0
%Yellow: Tol   1.20  red   23.6  yellow   56.4  green   19.9
%Yellow: Tol   1.25  red   18.5  yellow   65.3  green   16.1
Affine Triangle: 162844 points, corr 0.518790, fm 0.134043, yellow 0.65

---- Building mesh - deformable ----
Lx Dx Nx:   179   179.00   1
Ly Dy Ny:   973   973.00   1

STAT: From 164132 pts, got 2 triangles, 4 control points.
Timer: MeshCreate took 0.000 seconds.

---- ImproveMesh - deformable mesh ----
Tri: (1196 0) (1375 0) (1196 973).
Tri: (1196 973) (1375 0) (1375 973).

---- Matlab Vertices ----
x=[1196 1375 1196 1196]; y=[0 0 973 0]; plot(x,y); hold on;
x=[1196 1375 1375 1196]; y=[973 0 973 973]; plot(x,y); hold on;

---- ImproveControlPts ----
STAT: ImproveCpt: Initial deformable mesh correlation 0.517663 (164132 pixels).
corr=0.517663	step=10.000000
corr=0.517663	step=5.000000
corr=0.517717	step=5.000000
corr=0.517717	step=2.500000
corr=0.519342	step=2.500000
corr=0.519342	step=1.250000
corr=0.519845	step=1.250000
corr=0.519845	step=0.625000
corr=0.519845	step=0.312500
corr=0.519845	step=0.156250
corr=0.519856	step=0.156250
corr=0.519859	step=0.156250
STAT: ImproveCpt: Final deformable mesh correlation 0.519868, (threshold 0.250000).

---- Matlab A-Sys Originals ----
x=[1196.000000 1375.000000 1196.000000 1196.000000]; y=[0.000000 0.000000 973.000000 0.000000]; plot(x,y); hold on;
x=[1196.000000 1375.000000 1375.000000 1196.000000]; y=[973.000000 0.000000 973.000000 973.000000]; plot(x,y); hold on;

---- Matlab B-Sys Originals ----
x=[-0.474935 177.935669 -23.307671 -0.474935]; y=[66.556947 70.699449 1038.484662 66.556947]; plot(x,y); hold on;
x=[-23.307671 177.935669 155.102933 -23.307671]; y=[1038.484662 70.699449 1042.627164 1038.484662]; plot(x,y); hold on;

---- Matlab B-Sys Optimized ----
x=[3.756078 177.213811 -24.926197 3.756078]; y=[67.074250 70.517388 1038.512399 67.074250]; plot(x,y); hold on;
x=[-24.926197 177.213811 156.747053 -24.926197]; y=[1038.512399 70.517388 1042.768459 1038.512399]; plot(x,y); hold on;

---- Deltas ----
id=     0: dx=    4.23 dy=    0.52 d=    4.26
id=     1: dx=   -0.72 dy=   -0.18 d=    0.74
id=     2: dx=   -1.62 dy=    0.03 d=    1.62
id=     3: dx=    1.64 dy=    0.14 d=    1.65

---- Areas ----
Triangle 0, area was    87083.5, is    84301.1,   -3.2%
Triangle 1, area was    87083.5, is    88359.6,    1.5%
Combined: area was   174167.0, is   172660.7,   -0.9%

---- Transforms ----
 0.9690 -0.0295 -1155.21    0.0192  0.9984    44.07
 1.0149 -0.0210 -1218.32    0.0238  0.9992    37.82

---- QC - deformable ----
Remapping 1431040 points.
Metrics: DEF: Mean square difference 0.954582
Metrics: DEF: Smallest footprint deg=0, area=176904
MetricImages: Range x 1193 1375, y 0 972, use Nx=184, Ny=974
Approximate EM metric 0.128221 for 179216 points.
All points, deformable, dfm 0.128221

Metrics: TRI: Mean square difference 0.858761
Metrics: TRI: Smallest footprint deg=0, area=154700
MetricImages: Range x 1193 1375, y 0 850, use Nx=184, Ny=852
Approximate EM metric 0.096592 for 156768 points.
%Yellow: Tol   1.05  red   39.3  yellow   20.9  green   39.8
%Yellow: Tol   1.10  red   31.3  yellow   37.7  green   31.0
%Yellow: Tol   1.15  red   25.3  yellow   50.4  green   24.3
%Yellow: Tol   1.20  red   20.6  yellow   60.3  green   19.1
%Yellow: Tol   1.25  red   17.0  yellow   67.8  green   15.2
Triangle 0: 78091 points, corr 0.570607, fm 0.096592, yellow 0.68

Metrics: TRI: Mean square difference 1.001734
Metrics: TRI: Smallest footprint deg=0, area=151476
MetricImages: Range x 1219 1375, y 1 972, use Nx=158, Ny=972
Approximate EM metric 0.095579 for 153576 points.
%Yellow: Tol   1.05  red   48.2  yellow   16.2  green   35.6
%Yellow: Tol   1.10  red   39.5  yellow   31.1  green   29.3
%Yellow: Tol   1.15  red   31.2  yellow   44.4  green   24.3
%Yellow: Tol   1.20  red   23.7  yellow   56.3  green   20.1
%Yellow: Tol   1.25  red   17.7  yellow   65.6  green   16.7
Triangle 1: 85790 points, corr 0.499121, fm 0.095579, yellow 0.66


---- Final reports ----
STAT: Overall 163881 points, corr 0.5199, EMM 0.1282, weighted EMM 0.0961, cor+dfm 0.6481, weighted yellow 0.6664

Angle span: min, max, delta = 0.022245 0.024755 0.002510
Mesh-Thm: 0.0052  0.0024     6.54    0.0013  0.0004     1.90 2x(LDR,LDC)=(0.20,200.00) -- OK.

Final remapping of 1431040 points.
Center 1253.313515 311.542180:  0.9690 -0.0295 -1155.21    0.0192  0.9984    44.07
Mapping region 1 xy= 1253.313515 311.542180 to region 1 xy= 50.111332 379.218795
Center 1305.988349 674.065185:  1.0149 -0.0210 -1218.32    0.0238  0.9992    37.82
Mapping region 1 xy= 1305.988349 674.065185 to region 1 xy= 92.992760 742.422856

Pipe: Returning 2 total transforms.

---- Summary Region-region results ----
Pipe: Table Headers {Az t r Bz t r thmok ntri}
FOUND:     2    8   1      1    5   1   1   2

---- Tabulating point matches ----
Tabulate: Rgn 1 -> 1: Keeping 2 of 2 point-pairs.

Timer: Alignment took 0.770 seconds.

main: Got 2 mapping regions.
main: Transform   0:  0.9690 -0.0295 -1155.21    0.0192  0.9984    44.07
main: Transform   1:  1.0149 -0.0210 -1218.32    0.0238  0.9992    37.82

main: Average:  0.9920 -0.0253     0.00    0.0215  0.9988     0.00
main: Degrees: 1.34559
main: Residue:  0.9922 -0.0018     0.00   -0.0018  0.9991     0.00

main: Inverse:  1.0075  0.0255    -0.00   -0.0217  1.0006    -0.00
main: Degrees: -1.34559
main: Residue:  1.0078  0.0020     0.00    0.0020  1.0010     0.00

main: Normal completion for dmesh run.
Timer: Total took 1.010 seconds.

---- Memory ----
Host name: h08u02.int.janelia.org
PID:       25513
User time:       0 seconds.
System time:     0 seconds.
VmPeak:	  420196 kB
VmSize:	  198492 kB
VmLck:	       0 kB
VmPin:	       0 kB
VmHWM:	  256804 kB
VmRSS:	   35000 kB
VmData:	   29096 kB
VmStk:	     164 kB
VmExe:	     832 kB
VmLib:	   85564 kB
VmPTE:	     316 kB
VmSwap:	       0 kB
voluntary_ctxt_switches:	16
nonvoluntary_ctxt_switches:	34

