
---- dmesh start ----
main: Start: Fri Sep 30 13:26:53 2016


---- Match parameters ----
PXBRO=2            <default 2>        "Max Legendre poly order for bkg removal"
PXLENS=N           <default N>        "Y=Apply IDB/lens.txt"
PXRESMSK=N         <default N>        "Y=Apply resin mask"
PXDOG=N            <default N>        "Y=Apply DoG filter"
PXDOG_R1=3         <default 3>        "DoG inner radius"
PXDOG_R2=6         <default 6>        "DoG outer radius"
FLD=N              <default X>        "Mask usage: Y=Use, N=None, X=XL only"
PRETWEAK=N         <default N>        "Y=Auto-distort before angle scan"
SCALE=1            <default 1.0>      "Image-B / image-A scale factor"
XSCALE=1           <default 1.0>      "Image-B / image-A x-axis scale factor"
YSCALE=1           <default 1.0>      "Image-B / image-A y-axis scale factor"
SKEW=0             <default 0.0>      "Transform elem[3] user-applied distortion"
MODE_SL=M          <default Z>        "Notes above"
MODE_XL=N          <default Y>        "Notes above"
TAB2DFM_SL=N       <default Y>        "Adopt Tdfm from Tab"
TAB2DFM_XL=Y       <default Y>        "Adopt Tdfm from Tab"
XYCONF_SL=1.0      <default 0.0>      "[0,1.0] confidence in Tab XY"
XYCONF_XL=0.8      <default 0.0>      "[0,1.0] confidence in Tab XY"
THMDEC_SL=8        <default 8>        "2^N thumb decimation factor"
THMDEC_XL=8        <default 8>        "2^N thumb decimation factor"
OLAP1D_SL=0        <default 0>        "Min 1D pix full-size overlap"
OLAP1D_XL=0        <default 0>        "Min 1D pix full-size overlap"
OLAP2D_SL=60000    <default 25000>    "Min 2D pix full-size overlap"
OLAP2D_XL=160000   <default 200000>   "Min 2D pix full-size overlap"
NBMXHT_SL=0.75     <default 0.75>     "Max F(neib)/F(pk) in guard zone"
NBMXHT_XL=0.75     <default 0.75>     "Max F(neib)/F(pk) in guard zone"
HFANGDN_SL=5       <default 5.0>      "Half angle search range denovo"
HFANGDN_XL=45      <default 45.0>     "Half angle search range denovo"
HFANGPR_SL=1       <default 1.0>      "Half angle search range prior angles"
HFANGPR_XL=4       <default 1.0>      "Half angle search range prior angles"
RTRSH_SL=0.3       <default 0.3>      "R corr thresh"
RTRSH_XL=0.3       <default 0.3>      "R corr thresh"
TWEAKS=N           <default N>        "Y=Try 8 near unity distortions"
LIMXY_SL=30        <default 0>        "0 or Max XY delta from Tab"
LIMXY_XL=80        <default 0>        "0 or Max XY delta from Tab"
WTHMPR=Y           <default Y>        "Y=Write ThmPair_a^b.txt entries"
OPT_SL=Y           <default Y(EM)>    "Y=Enable mesh optimizer"
RIT_SL=0.50        <default 0.20>     "Min mesh starting corr"
RIT_XL=0.1         <default 0.20>     "Min mesh starting corr"
RFA_SL=0.55        <default 0.3>      "Affine-only final corr"
RFA_XL=0.20        <default 0.3>      "Affine-only final corr"
RFT_SL=0.65        <default 0.5>      "Full mesh final corr"
RFT_XL=0.25        <default 0.5>      "Full mesh final corr"
TMC=5              <default 30.0%>    "Max single triangle area change"
TSC=9              <default 9.0%>     "Max summed triangle area change"
MNL=250            <default 300>      "Triangle edges between MNL and 2*MNL"
MTA=120000         <default 10000>    "Min triangle size (pixels)"
MMA=60000          <default 100000>   "Min 2D overlap for mesh"
ONE=N              <default N>        "Y=Use just one affine transform"
IFM=0.50           <default 0.50>     "Min Fourier Metric after affine-only"
FFM=0.65           <default 0.65>     "Min Fourier Metric after full mesh"
FYL=0.5            <default 0.50>     "Min fraction of yellow pixels"
CPD=0.5            <default 0.50>     "Min Correlation + DFM"
EMM=Y              <default Y>        "Y=Use Earth Mover's Metric, N=Use Fourier"
EMT=0.14           <default 0.2>      "Earth Movers Metric thresh"
WDI=N              <default N>        "Y=Write diff images (Fourier, EMM metrics)"
LDA=0.2            <default 0.2>      "Max radian delta between triangles"
LDR=0.1            <default 0.1>      "Max sine delta between triangles"
LDC=100            <default 100.0>    "Max XY delta between triangles"
DXY=100            <default 100.0>    "Max delta from user input XYs"
WMT=N              <default Y>        "Y=Write map.tif files"
WTT=N              <default Y>        "Y=Write tf.txt files"


---- Input images ----
Til2Img entry: A T=[ 1.0000  0.0000     0.00  0.0000  1.0000  3428.00] path=[/groups/apig/tomo/DEMO/TIF/C1_9_2.tif].
Til2Img entry: B T=[ 1.0000  0.0000     0.00  0.0000  1.0000  2571.00] path=[/groups/apig/tomo/DEMO/TIF/B1_10_2.tif].


---- Command-line overrides ----
Tab=  0.9991 -0.0226   -28.16    0.0228  0.9996   896.16
Tdfm= 0.9993  0.0001     0.00    0.0001  0.9998     0.00
FLD=N


---- Image loading ----
Raster8FromTif: Opening [/groups/apig/tomo/DEMO/TIF/C1_9_2.tif].
Raster8FromTif: Bits per sample 8, samples per pixel 1
Raster8FromTif: Picture is 1376 by 1040, 1431040 pixels total.
TIF(8): Last Encoded strip had 1376 bytes.
Raster8FromTif: Opening [/groups/apig/tomo/DEMO/TIF/B1_10_2.tif].
Raster8FromTif: Bits per sample 8, samples per pixel 1
Raster8FromTif: Picture is 1376 by 1040, 1431040 pixels total.
TIF(8): Last Encoded strip had 1376 bytes.
PixPair: Using image scale=1.
Timer: Image conditioning took 0.250 seconds.

---- Foldmaps ----

---- Connected regions ----
Forcing single connected region.

---- Begin A-1 to B-1 ----

---- Thumbnail matching ----
Subimage: Using intersection, w=1354, h=324, pix=438696
Thumbs: After decimation 6970 pts, reqArea 2501, thmscl 8
SetDisc( -1, 23, 10, 10 )
Initial: R= 0.573, A=   1.301, X=   -0.32, Y=   22.98
Peak-Disc: dR 5 dX 5 dY 0
Approx: LowRes  R=0.573, X=-2.525, Y=183.822
Approx: FullRes R=0.084, X=-4.733, Y=184.669, use=Y.
Timer: FinishAtFullRes took 0.420 seconds.
Approx: Returning A=1.300697, R=0.572875, X=-26.712725, Y=900.168794
Approx: Best transform  0.9991 -0.0226   -26.71    0.0228  0.9996   900.17
Approx: Orig transform  0.9991 -0.0226   -28.16    0.0228  0.9996   896.16
Approx: Idnt transform  1.0000  0.0000     1.54    0.0000  1.0000     3.98
Approx: err = 4.26578, max = 80

---- Starting detailed region mapping ----
Roughly 167753 pixels map to B.
Region size is [26 1375] in x, [0 139] in y.

---- Building mesh - affine ----
Computed simple triangle.

---- ImproveMesh - affine ----
Tri: (26 0) (1375 0) (700 139).

---- Matlab Vertices ----
x=[26 1375 700 26]; y=[0 0 139 0]; plot(x,y); hold on;

---- ImproveControlPts ----
STAT: ImproveCpt: Initial affine correlation 0.557758 (167753 pixels).
corr=0.557758	step=10.000000
corr=0.557758	step=5.000000
corr=0.557758	step=2.500000
corr=0.557758	step=1.250000
corr=0.557758	step=0.625000
corr=0.558431	step=0.625000
corr=0.558632	step=0.625000
corr=0.558632	step=0.312500
corr=0.558632	step=0.156250
corr=0.558632	step=0.078125
STAT: ImproveCpt: Final affine correlation 0.558632, (threshold 0.200000).

---- Matlab A-Sys Originals ----
x=[26.000000 1375.000000 700.000000 26.000000]; y=[0.000000 0.000000 139.000000 0.000000]; plot(x,y); hold on;

---- Matlab B-Sys Originals ----
x=[-0.736437 1347.033275 669.503444 -0.736437]; y=[900.760320 931.451419 1055.033334 900.760320]; plot(x,y); hold on;

---- Matlab B-Sys Optimized ----
x=[-0.711632 1347.773608 670.102888 -0.711632]; y=[900.795230 931.167484 1054.395105 900.795230]; plot(x,y); hold on;

---- Deltas ----
id=     0: dx=    0.02 dy=    0.03 d=    0.04
id=     1: dx=    0.74 dy=   -0.28 d=    0.79
id=     2: dx=    0.60 dy=   -0.64 d=    0.88

---- Areas ----
Triangle 0, area was    93755.5, is    93376.5,   -0.4%
Combined: area was    93755.5, is    93376.5,   -0.4%

---- Transforms ----
 0.9996 -0.0211   -26.70    0.0225  0.9959   900.21
Best affine transform:  0.9996 -0.0211   -26.70    0.0225  0.9959   900.21
    Inverse transform:  0.9999  0.0212     7.66   -0.0226  1.0037  -904.12

---- QC - affine ----
Metrics: AFF: Mean square difference 0.883306
Metrics: AFF: Smallest footprint deg=0, area=186024
MetricImages: Range x 27 1375, y 0 138, use Nx=1350, Ny=140
Approximate EM metric 0.147989 for 189000 points.
%Yellow: Tol   1.05  red   40.5  yellow   20.1  green   39.4
%Yellow: Tol   1.10  red   33.3  yellow   35.9  green   30.8
%Yellow: Tol   1.15  red   27.9  yellow   47.0  green   25.0
%Yellow: Tol   1.20  red   23.6  yellow   55.4  green   21.0
%Yellow: Tol   1.25  red   20.1  yellow   61.6  green   18.3
Affine Triangle: 167068 points, corr 0.558341, fm 0.147989, yellow 0.62

---- Building mesh - deformable ----
Lx Dx Nx:  1349  1349.00   1
Ly Dy Ny:   139   139.00   1

STAT: From 167753 pts, got 2 triangles, 4 control points.
Timer: MeshCreate took 0.000 seconds.

---- ImproveMesh - deformable mesh ----
Tri: (26 0) (1375 0) (26 139).
Tri: (26 139) (1375 0) (1375 139).

---- Matlab Vertices ----
x=[26 1375 26 26]; y=[0 0 139 0]; plot(x,y); hold on;
x=[26 1375 1375 26]; y=[139 0 139 139]; plot(x,y); hold on;

---- ImproveControlPts ----
STAT: ImproveCpt: Initial deformable mesh correlation 0.558632 (167753 pixels).
corr=0.558632	step=10.000000
corr=0.558632	step=5.000000
corr=0.558632	step=2.500000
corr=0.559233	step=2.500000
corr=0.559615	step=2.500000
corr=0.559615	step=1.250000
corr=0.559615	step=0.625000
corr=0.559642	step=0.625000
corr=0.559642	step=0.312500
STAT: ImproveCpt: Final deformable mesh correlation 0.559642, (threshold 0.250000).

---- Matlab A-Sys Originals ----
x=[26.000000 1375.000000 26.000000 26.000000]; y=[0.000000 0.000000 139.000000 0.000000]; plot(x,y); hold on;
x=[26.000000 1375.000000 1375.000000 26.000000]; y=[139.000000 0.000000 139.000000 139.000000]; plot(x,y); hold on;

---- Matlab B-Sys Originals ----
x=[-0.711632 1347.773608 -3.639923 -0.711632]; y=[900.795230 931.167484 1039.220235 900.795230]; plot(x,y); hold on;
x=[-3.639923 1347.773608 1344.845317 -3.639923]; y=[1039.220235 931.167484 1069.592489 1039.220235]; plot(x,y); hold on;

---- Matlab B-Sys Optimized ----
x=[-0.235338 1350.109510 -4.702421 -0.235338]; y=[901.537554 929.061418 1039.615740 901.537554]; plot(x,y); hold on;
x=[-4.702421 1350.109510 1346.340635 -4.702421]; y=[1039.615740 929.061418 1069.077878 1039.615740]; plot(x,y); hold on;

---- Deltas ----
id=     0: dx=    0.48 dy=    0.74 d=    0.88
id=     1: dx=    2.34 dy=   -2.11 d=    3.15
id=     2: dx=   -1.06 dy=    0.40 d=    1.13
id=     3: dx=    1.50 dy=   -0.51 d=    1.58

---- Areas ----
Triangle 0, area was    93755.5, is    93288.1,   -0.5%
Triangle 1, area was    93755.5, is    94639.7,    0.9%
Combined: area was   187511.0, is   187927.7,    0.2%

---- Transforms ----
 1.0010 -0.0321   -26.26    0.0204  0.9934   901.01
 1.0015 -0.0271   -26.97    0.0218  1.0073   899.03

---- QC - deformable ----
Remapping 1431040 points.
Metrics: DEF: Mean square difference 0.881664
Metrics: DEF: Smallest footprint deg=0, area=186024
MetricImages: Range x 27 1375, y 0 138, use Nx=1350, Ny=140
Approximate EM metric 0.146743 for 189000 points.
All points, deformable, dfm 0.146743

Metrics: TRI: Mean square difference 0.771579
Metrics: TRI: Smallest footprint deg=0, area=186024
MetricImages: Range x 27 1375, y 0 138, use Nx=1350, Ny=140
Approximate EM metric 0.076533 for 189000 points.
%Yellow: Tol   1.05  red   38.8  yellow   23.0  green   38.2
%Yellow: Tol   1.10  red   30.7  yellow   40.1  green   29.2
%Yellow: Tol   1.15  red   25.1  yellow   51.8  green   23.1
%Yellow: Tol   1.20  red   20.9  yellow   60.1  green   19.0
%Yellow: Tol   1.25  red   17.7  yellow   66.2  green   16.2
Triangle 0: 94089 points, corr 0.614200, fm 0.076533, yellow 0.66

Metrics: TRI: Mean square difference 1.082630
Metrics: TRI: Smallest footprint deg=2, area=146496
MetricImages: Range x 31 1375, y 48 157, use Nx=1346, Ny=110
Approximate EM metric 0.060578 for 148060 points.
%Yellow: Tol   1.05  red   43.1  yellow   16.0  green   41.0
%Yellow: Tol   1.10  red   36.8  yellow   30.6  green   32.5
%Yellow: Tol   1.15  red   31.7  yellow   40.9  green   27.4
%Yellow: Tol   1.20  red   27.2  yellow   49.2  green   23.6
%Yellow: Tol   1.25  red   23.4  yellow   55.8  green   20.9
Triangle 1: 73261 points, corr 0.458672, fm 0.060578, yellow 0.56


---- Final reports ----
STAT: Overall 167350 points, corr 0.5596, EMM 0.1467, weighted EMM 0.0695, cor+dfm 0.7064, weighted yellow 0.6161

Angle span: min, max, delta = 0.024365 0.026338 0.001974
Mesh-Thm: 0.0022  0.0070     0.10    0.0016  0.0008     0.15 2x(LDR,LDC)=(0.20,200.00) -- OK.

Final remapping of 1431040 points.
Center 457.932581 44.506026:  1.0010 -0.0321   -26.26    0.0204  0.9934   901.01
Mapping region 1 xy= 457.932581 44.506026 to region 1 xy= 430.697543 954.561217
Center 854.906610 96.295026:  1.0015 -0.0271   -26.97    0.0218  1.0073   899.03
Mapping region 1 xy= 854.906610 96.295026 to region 1 xy= 826.617477 1014.701786

Pipe: Returning 2 total transforms.

---- Summary Region-region results ----
Pipe: Table Headers {Az t r Bz t r thmok ntri}
FOUND:     2    9   1      1   10   1   1   2

---- Tabulating point matches ----
Tabulate: Rgn 1 -> 1: Keeping 2 of 2 point-pairs.

Timer: Alignment took 0.990 seconds.

main: Got 2 mapping regions.
main: Transform   0:  1.0010 -0.0321   -26.26    0.0204  0.9934   901.01
main: Transform   1:  1.0015 -0.0271   -26.97    0.0218  1.0073   899.03

main: Average:  1.0013 -0.0296     0.00    0.0211  1.0003     0.00
main: Degrees: 1.45233
main: Residue:  1.0015 -0.0043     0.00   -0.0043  1.0008     0.00

main: Inverse:  0.9981  0.0296    -0.00   -0.0211  0.9990    -0.00
main: Degrees: -1.45233
main: Residue:  0.9983  0.0042     0.00    0.0042  0.9995     0.00

main: Normal completion for dmesh run.
Timer: Total took 1.240 seconds.

---- Memory ----
Host name: h08u02.int.janelia.org
PID:       25494
User time:       1 seconds.
System time:     0 seconds.
VmPeak:	  505340 kB
VmSize:	  205932 kB
VmLck:	       0 kB
VmPin:	       0 kB
VmHWM:	  342060 kB
VmRSS:	   42140 kB
VmData:	   36536 kB
VmStk:	     164 kB
VmExe:	     832 kB
VmLib:	   85564 kB
VmPTE:	     332 kB
VmSwap:	       0 kB
voluntary_ctxt_switches:	22
nonvoluntary_ctxt_switches:	37

