
---- dmesh start ----
main: Start: Fri Sep 30 13:27:03 2016


---- Match parameters ----
PXBRO=2            <default 2>        "Max Legendre poly order for bkg removal"
PXLENS=N           <default N>        "Y=Apply IDB/lens.txt"
PXRESMSK=N         <default N>        "Y=Apply resin mask"
PXDOG=N            <default N>        "Y=Apply DoG filter"
PXDOG_R1=3         <default 3>        "DoG inner radius"
PXDOG_R2=6         <default 6>        "DoG outer radius"
FLD=N              <default X>        "Mask usage: Y=Use, N=None, X=XL only"
PRETWEAK=N         <default N>        "Y=Auto-distort before angle scan"
SCALE=1            <default 1.0>      "Image-B / image-A scale factor"
XSCALE=1           <default 1.0>      "Image-B / image-A x-axis scale factor"
YSCALE=1           <default 1.0>      "Image-B / image-A y-axis scale factor"
SKEW=0             <default 0.0>      "Transform elem[3] user-applied distortion"
MODE_SL=M          <default Z>        "Notes above"
MODE_XL=N          <default Y>        "Notes above"
TAB2DFM_SL=N       <default Y>        "Adopt Tdfm from Tab"
TAB2DFM_XL=Y       <default Y>        "Adopt Tdfm from Tab"
XYCONF_SL=1.0      <default 0.0>      "[0,1.0] confidence in Tab XY"
XYCONF_XL=0.8      <default 0.0>      "[0,1.0] confidence in Tab XY"
THMDEC_SL=8        <default 8>        "2^N thumb decimation factor"
THMDEC_XL=8        <default 8>        "2^N thumb decimation factor"
OLAP1D_SL=0        <default 0>        "Min 1D pix full-size overlap"
OLAP1D_XL=0        <default 0>        "Min 1D pix full-size overlap"
OLAP2D_SL=60000    <default 25000>    "Min 2D pix full-size overlap"
OLAP2D_XL=160000   <default 200000>   "Min 2D pix full-size overlap"
NBMXHT_SL=0.75     <default 0.75>     "Max F(neib)/F(pk) in guard zone"
NBMXHT_XL=0.75     <default 0.75>     "Max F(neib)/F(pk) in guard zone"
HFANGDN_SL=5       <default 5.0>      "Half angle search range denovo"
HFANGDN_XL=45      <default 45.0>     "Half angle search range denovo"
HFANGPR_SL=1       <default 1.0>      "Half angle search range prior angles"
HFANGPR_XL=4       <default 1.0>      "Half angle search range prior angles"
RTRSH_SL=0.3       <default 0.3>      "R corr thresh"
RTRSH_XL=0.3       <default 0.3>      "R corr thresh"
TWEAKS=N           <default N>        "Y=Try 8 near unity distortions"
LIMXY_SL=30        <default 0>        "0 or Max XY delta from Tab"
LIMXY_XL=80        <default 0>        "0 or Max XY delta from Tab"
WTHMPR=Y           <default Y>        "Y=Write ThmPair_a^b.txt entries"
OPT_SL=Y           <default Y(EM)>    "Y=Enable mesh optimizer"
RIT_SL=0.50        <default 0.20>     "Min mesh starting corr"
RIT_XL=0.1         <default 0.20>     "Min mesh starting corr"
RFA_SL=0.55        <default 0.3>      "Affine-only final corr"
RFA_XL=0.20        <default 0.3>      "Affine-only final corr"
RFT_SL=0.65        <default 0.5>      "Full mesh final corr"
RFT_XL=0.25        <default 0.5>      "Full mesh final corr"
TMC=5              <default 30.0%>    "Max single triangle area change"
TSC=9              <default 9.0%>     "Max summed triangle area change"
MNL=250            <default 300>      "Triangle edges between MNL and 2*MNL"
MTA=120000         <default 10000>    "Min triangle size (pixels)"
MMA=60000          <default 100000>   "Min 2D overlap for mesh"
ONE=N              <default N>        "Y=Use just one affine transform"
IFM=0.50           <default 0.50>     "Min Fourier Metric after affine-only"
FFM=0.65           <default 0.65>     "Min Fourier Metric after full mesh"
FYL=0.5            <default 0.50>     "Min fraction of yellow pixels"
CPD=0.5            <default 0.50>     "Min Correlation + DFM"
EMM=Y              <default Y>        "Y=Use Earth Mover's Metric, N=Use Fourier"
EMT=0.14           <default 0.2>      "Earth Movers Metric thresh"
WDI=N              <default N>        "Y=Write diff images (Fourier, EMM metrics)"
LDA=0.2            <default 0.2>      "Max radian delta between triangles"
LDR=0.1            <default 0.1>      "Max sine delta between triangles"
LDC=100            <default 100.0>    "Max XY delta between triangles"
DXY=100            <default 100.0>    "Max delta from user input XYs"
WMT=N              <default Y>        "Y=Write map.tif files"
WTT=N              <default Y>        "Y=Write tf.txt files"


---- Input images ----
Til2Img entry: A T=[ 1.0000  0.0000  1142.00  0.0000  1.0000  3428.00] path=[/groups/apig/tomo/DEMO/TIF/C1_4_2.tif].
Til2Img entry: B T=[ 1.0000  0.0000  1142.00  0.0000  1.0000  2571.00] path=[/groups/apig/tomo/DEMO/TIF/B1_3_2.tif].


---- Command-line overrides ----
Tab=  0.9995 -0.0228   -26.31    0.0236  1.0002   929.25
Tdfm= 0.9998  0.0005     0.00    0.0005  1.0004     0.00
FLD=N


---- Image loading ----
Raster8FromTif: Opening [/groups/apig/tomo/DEMO/TIF/C1_4_2.tif].
Raster8FromTif: Bits per sample 8, samples per pixel 1
Raster8FromTif: Picture is 1376 by 1040, 1431040 pixels total.
TIF(8): Last Encoded strip had 1376 bytes.
Raster8FromTif: Opening [/groups/apig/tomo/DEMO/TIF/B1_3_2.tif].
Raster8FromTif: Bits per sample 8, samples per pixel 1
Raster8FromTif: Picture is 1376 by 1040, 1431040 pixels total.
TIF(8): Last Encoded strip had 1376 bytes.
PixPair: Using image scale=1.
Timer: Image conditioning took 0.240 seconds.

---- Foldmaps ----

---- Connected regions ----
Forcing single connected region.

---- Begin A-1 to B-1 ----

---- Thumbnail matching ----
Subimage: Using intersection, w=1355, h=297, pix=402435
Thumbs: After decimation 6460 pts, reqArea 2501, thmscl 8
SetDisc( -1, 23, 10, 10 )
Initial: R= 0.530, A=   1.329, X=   -0.02, Y=   18.76
Peak-Disc: dR 34 dX 7 dY -33
Approx: LowRes  R=0.530, X=-0.176, Y=150.071
Approx: FullRes R=0.076, X=1.998, Y=122.118, use=N.
Timer: FinishAtFullRes took 0.410 seconds.
Approx: Returning A=1.329430, R=0.529761, X=-21.165118, Y=892.574161
Approx: Best transform  0.9995 -0.0228   -21.17    0.0236  1.0002   892.57
Approx: Orig transform  0.9995 -0.0228   -26.31    0.0236  1.0002   929.25
Approx: Idnt transform  1.0000  0.0000     4.31    0.0000  1.0000   -36.78
Approx: err = 37.0263, max = 80

---- Starting detailed region mapping ----
Roughly 177842 pixels map to B.
Region size is [21 1375] in x, [0 146] in y.

---- Building mesh - affine ----
Computed simple triangle.

---- ImproveMesh - affine ----
Tri: (21 0) (1375 0) (698 146).

---- Matlab Vertices ----
x=[21 1375 698 21]; y=[0 0 146 0]; plot(x,y); hold on;

---- ImproveControlPts ----
STAT: ImproveCpt: Initial affine correlation 0.755002 (177842 pixels).
corr=0.755002	step=10.000000
corr=0.767041	step=10.000000
corr=0.774985	step=10.000000
corr=0.783237	step=10.000000
corr=0.794658	step=10.000000
corr=0.800107	step=10.000000
corr=0.802463	step=10.000000
corr=0.811177	step=10.000000
corr=0.813574	step=10.000000
corr=0.826143	step=10.000000
corr=0.833420	step=10.000000
corr=0.833420	step=5.000000
corr=0.833420	step=2.500000
corr=0.833420	step=1.250000
corr=0.833420	step=0.625000
corr=0.833420	step=0.312500
corr=0.833426	step=0.312500
corr=0.833479	step=0.312500
STAT: ImproveCpt: Final affine correlation 0.833479, (threshold 0.200000).

---- Matlab A-Sys Originals ----
x=[21.000000 1375.000000 698.000000 21.000000]; y=[0.000000 0.000000 146.000000 0.000000]; plot(x,y); hold on;

---- Matlab B-Sys Originals ----
x=[-0.175513 1353.154257 673.166558 -0.175513]; y=[893.070769 925.090161 1055.107475 893.070769]; plot(x,y); hold on;

---- Matlab B-Sys Optimized ----
x=[-18.109174 1349.099962 673.300060 -18.109174]; y=[853.428207 990.270220 1076.573926 853.428207]; plot(x,y); hold on;

---- Deltas ----
id=     0: dx=  -17.93 dy=  -39.64 d=   43.51
id=     1: dx=   -4.05 dy=   65.18 d=   65.31
id=     2: dx=    0.13 dy=   21.47 d=   21.47

---- Areas ----
Triangle 0, area was    98842.0, is   105236.5,    6.5%
Combined: area was    98842.0, is   105236.5,    6.5%
FAIL: Area change too big (max, sum) = (    6.47%     6.47%), (TMC TSC)=(5.000000 9.000000).
Pipe: Returning 0 total transforms.

---- Summary Region-region results ----
Pipe: Table Headers {Az t r Bz t r thmok ntri}
FOUND:     2    4   1      1    3   1   1   0
Timer: Alignment took 0.610 seconds.

main: Got 0 mapping regions.

main: Normal completion for dmesh run.
Timer: Total took 0.850 seconds.

---- Memory ----
Host name: h08u02.int.janelia.org
PID:       25563
User time:       0 seconds.
System time:     0 seconds.
VmPeak:	  497628 kB
VmSize:	  197344 kB
VmLck:	       0 kB
VmPin:	       0 kB
VmHWM:	  334388 kB
VmRSS:	   34276 kB
VmData:	   27952 kB
VmStk:	     160 kB
VmExe:	     832 kB
VmLib:	   85564 kB
VmPTE:	     312 kB
VmSwap:	       0 kB
voluntary_ctxt_switches:	17
nonvoluntary_ctxt_switches:	20

