
---- dmesh start ----
main: Start: Fri Sep 30 13:26:46 2016


---- Match parameters ----
PXBRO=2            <default 2>        "Max Legendre poly order for bkg removal"
PXLENS=N           <default N>        "Y=Apply IDB/lens.txt"
PXRESMSK=N         <default N>        "Y=Apply resin mask"
PXDOG=N            <default N>        "Y=Apply DoG filter"
PXDOG_R1=3         <default 3>        "DoG inner radius"
PXDOG_R2=6         <default 6>        "DoG outer radius"
FLD=N              <default X>        "Mask usage: Y=Use, N=None, X=XL only"
PRETWEAK=N         <default N>        "Y=Auto-distort before angle scan"
SCALE=1            <default 1.0>      "Image-B / image-A scale factor"
XSCALE=1           <default 1.0>      "Image-B / image-A x-axis scale factor"
YSCALE=1           <default 1.0>      "Image-B / image-A y-axis scale factor"
SKEW=0             <default 0.0>      "Transform elem[3] user-applied distortion"
MODE_SL=M          <default Z>        "Notes above"
MODE_XL=N          <default Y>        "Notes above"
TAB2DFM_SL=N       <default Y>        "Adopt Tdfm from Tab"
TAB2DFM_XL=Y       <default Y>        "Adopt Tdfm from Tab"
XYCONF_SL=1.0      <default 0.0>      "[0,1.0] confidence in Tab XY"
XYCONF_XL=0.8      <default 0.0>      "[0,1.0] confidence in Tab XY"
THMDEC_SL=8        <default 8>        "2^N thumb decimation factor"
THMDEC_XL=8        <default 8>        "2^N thumb decimation factor"
OLAP1D_SL=0        <default 0>        "Min 1D pix full-size overlap"
OLAP1D_XL=0        <default 0>        "Min 1D pix full-size overlap"
OLAP2D_SL=60000    <default 25000>    "Min 2D pix full-size overlap"
OLAP2D_XL=160000   <default 200000>   "Min 2D pix full-size overlap"
NBMXHT_SL=0.75     <default 0.75>     "Max F(neib)/F(pk) in guard zone"
NBMXHT_XL=0.75     <default 0.75>     "Max F(neib)/F(pk) in guard zone"
HFANGDN_SL=5       <default 5.0>      "Half angle search range denovo"
HFANGDN_XL=45      <default 45.0>     "Half angle search range denovo"
HFANGPR_SL=1       <default 1.0>      "Half angle search range prior angles"
HFANGPR_XL=4       <default 1.0>      "Half angle search range prior angles"
RTRSH_SL=0.3       <default 0.3>      "R corr thresh"
RTRSH_XL=0.3       <default 0.3>      "R corr thresh"
TWEAKS=N           <default N>        "Y=Try 8 near unity distortions"
LIMXY_SL=30        <default 0>        "0 or Max XY delta from Tab"
LIMXY_XL=80        <default 0>        "0 or Max XY delta from Tab"
WTHMPR=Y           <default Y>        "Y=Write ThmPair_a^b.txt entries"
OPT_SL=Y           <default Y(EM)>    "Y=Enable mesh optimizer"
RIT_SL=0.50        <default 0.20>     "Min mesh starting corr"
RIT_XL=0.1         <default 0.20>     "Min mesh starting corr"
RFA_SL=0.55        <default 0.3>      "Affine-only final corr"
RFA_XL=0.20        <default 0.3>      "Affine-only final corr"
RFT_SL=0.65        <default 0.5>      "Full mesh final corr"
RFT_XL=0.25        <default 0.5>      "Full mesh final corr"
TMC=5              <default 30.0%>    "Max single triangle area change"
TSC=9              <default 9.0%>     "Max summed triangle area change"
MNL=250            <default 300>      "Triangle edges between MNL and 2*MNL"
MTA=120000         <default 10000>    "Min triangle size (pixels)"
MMA=60000          <default 100000>   "Min 2D overlap for mesh"
ONE=N              <default N>        "Y=Use just one affine transform"
IFM=0.50           <default 0.50>     "Min Fourier Metric after affine-only"
FFM=0.65           <default 0.65>     "Min Fourier Metric after full mesh"
FYL=0.5            <default 0.50>     "Min fraction of yellow pixels"
CPD=0.5            <default 0.50>     "Min Correlation + DFM"
EMM=Y              <default Y>        "Y=Use Earth Mover's Metric, N=Use Fourier"
EMT=0.14           <default 0.2>      "Earth Movers Metric thresh"
WDI=N              <default N>        "Y=Write diff images (Fourier, EMM metrics)"
LDA=0.2            <default 0.2>      "Max radian delta between triangles"
LDR=0.1            <default 0.1>      "Max sine delta between triangles"
LDC=100            <default 100.0>    "Max XY delta between triangles"
DXY=100            <default 100.0>    "Max delta from user input XYs"
WMT=N              <default Y>        "Y=Write map.tif files"
WTT=N              <default Y>        "Y=Write tf.txt files"


---- Input images ----
Til2Img entry: A T=[ 1.0000  0.0000     0.00  0.0000  1.0000     0.00] path=[/groups/apig/tomo/DEMO/TIF/C1_13_2.tif].
Til2Img entry: B T=[ 1.0000  0.0000     0.00  0.0000  1.0000     0.00] path=[/groups/apig/tomo/DEMO/TIF/B1_13_2.tif].


---- Command-line overrides ----
Tab=  0.9992 -0.0221    46.66    0.0228  1.0006    41.74
Tdfm= 0.9995  0.0004     0.00    0.0004  1.0009     0.00
FLD=N


---- Image loading ----
Raster8FromTif: Opening [/groups/apig/tomo/DEMO/TIF/C1_13_2.tif].
Raster8FromTif: Bits per sample 8, samples per pixel 1
Raster8FromTif: Picture is 1376 by 1040, 1431040 pixels total.
TIF(8): Last Encoded strip had 1376 bytes.
Raster8FromTif: Opening [/groups/apig/tomo/DEMO/TIF/B1_13_2.tif].
Raster8FromTif: Bits per sample 8, samples per pixel 1
Raster8FromTif: Picture is 1376 by 1040, 1431040 pixels total.
TIF(8): Last Encoded strip had 1376 bytes.
PixPair: Using image scale=1.
Timer: Image conditioning took 0.250 seconds.

---- Foldmaps ----

---- Connected regions ----
Forcing single connected region.

---- Begin A-1 to B-1 ----

---- Thumbnail matching ----
Subimage: Using intersection, w=1339, h=1007, pix=1348373
Thumbs: After decimation 21168 pts, reqArea 2501, thmscl 8
SetDisc( 1, 1, 10, 10 )
Initial: R= 1.120, A=   1.287, X=    1.90, Y=    1.67
Peak-Disc: dR 8 dX 7 dY 5
Approx: LowRes  R=1.120, X=15.162, Y=13.368
Approx: FullRes R=0.167, X=14.310, Y=12.727, use=Y.
Timer: FinishAtFullRes took 1.060 seconds.
Approx: Returning A=1.286884, R=1.119943, X=51.310081, Y=45.727335
Approx: Best transform  0.9992 -0.0221    51.31    0.0228  1.0006    45.73
Approx: Orig transform  0.9992 -0.0221    46.66    0.0228  1.0006    41.74
Approx: Idnt transform  1.0000  0.0000     4.74    0.0000  1.0000     3.88
Approx: err = 6.12343, max = 80

---- Starting detailed region mapping ----
Roughly 1308684 pixels map to B.
Region size is [0 1347] in x, [0 993] in y.

---- Building mesh - affine ----
Computed simple triangle.

---- ImproveMesh - affine ----
Tri: (0 0) (1347 0) (673 993).

---- Matlab Vertices ----
x=[0 1347 673 0]; y=[0 0 993 0]; plot(x,y); hold on;

---- ImproveControlPts ----
STAT: ImproveCpt: Initial affine correlation 0.339888 (1308684 pixels).
corr=0.339888	step=10.000000
corr=0.339888	step=5.000000
corr=0.343585	step=5.000000
corr=0.343585	step=2.500000
corr=0.343613	step=2.500000
corr=0.343757	step=2.500000
corr=0.343863	step=2.500000
corr=0.343863	step=1.250000
corr=0.344391	step=1.250000
corr=0.344391	step=0.625000
corr=0.344391	step=0.312500
corr=0.344404	step=0.312500
corr=0.344418	step=0.312500
STAT: ImproveCpt: Final affine correlation 0.344438, (threshold 0.200000).

---- Matlab A-Sys Originals ----
x=[0.000000 1347.000000 673.000000 0.000000]; y=[0.000000 0.000000 993.000000 0.000000]; plot(x,y); hold on;

---- Matlab B-Sys Originals ----
x=[51.310081 1397.264809 701.831610 51.310081]; y=[45.727335 76.457793 1054.706747 45.727335]; plot(x,y); hold on;

---- Matlab B-Sys Optimized ----
x=[55.047057 1395.438605 702.035051 55.047057]; y=[49.213060 75.306102 1054.307523 49.213060]; plot(x,y); hold on;

---- Deltas ----
id=     0: dx=    3.74 dy=    3.49 d=    5.11
id=     1: dx=   -1.83 dy=   -1.15 d=    2.16
id=     2: dx=    0.20 dy=   -0.40 d=    0.45

---- Areas ----
Triangle 0, area was   668785.5, is   665169.1,   -0.5%
Combined: area was   668785.5, is   665169.1,   -0.5%

---- Transforms ----
 0.9951 -0.0229    55.05    0.0194  0.9991    49.21
Best affine transform:  0.9951 -0.0229    55.05    0.0194  0.9991    49.21
    Inverse transform:  1.0045  0.0230   -56.43   -0.0195  1.0005   -48.17

---- QC - affine ----
Metrics: AFF: Mean square difference 1.310894
Metrics: AFF: Smallest footprint deg=0, area=1.33452e+06
MetricImages: Range x 0 1348, y 0 990, use Nx=1350, Ny=992
Approximate EM metric 0.093601 for 1339200 points.
%Yellow: Tol   1.05  red   36.4  yellow   14.6  green   49.0
%Yellow: Tol   1.10  red   32.4  yellow   34.2  green   33.4
%Yellow: Tol   1.15  red   29.2  yellow   44.8  green   26.0
%Yellow: Tol   1.20  red   25.8  yellow   52.8  green   21.3
%Yellow: Tol   1.25  red   22.8  yellow   59.3  green   17.9
Affine Triangle: 1308954 points, corr 0.344552, fm 0.093601, yellow 0.59

---- Building mesh - deformable ----
Lx Dx Nx:  1347   673.00   2
Ly Dy Ny:   993   496.00   2

STAT: From 1308684 pts, got 8 triangles, 9 control points.
Timer: MeshCreate took 0.050 seconds.

---- ImproveMesh - deformable mesh ----
Tri: (0 0) (673 0) (0 496).
Tri: (0 496) (673 0) (673 496).
Tri: (673 0) (1347 0) (673 496).
Tri: (673 496) (1347 0) (1347 496).
Tri: (0 496) (673 496) (0 993).
Tri: (0 993) (673 496) (673 993).
Tri: (673 496) (1347 496) (673 993).
Tri: (673 993) (1347 496) (1347 993).

---- Matlab Vertices ----
x=[0 673 0 0]; y=[0 0 496 0]; plot(x,y); hold on;
x=[0 673 673 0]; y=[496 0 496 496]; plot(x,y); hold on;
x=[673 1347 673 673]; y=[0 0 496 0]; plot(x,y); hold on;
x=[673 1347 1347 673]; y=[496 0 496 496]; plot(x,y); hold on;
x=[0 673 0 0]; y=[496 496 993 496]; plot(x,y); hold on;
x=[0 673 673 0]; y=[993 496 993 993]; plot(x,y); hold on;
x=[673 1347 673 673]; y=[496 496 993 496]; plot(x,y); hold on;
x=[673 1347 1347 673]; y=[993 496 993 993]; plot(x,y); hold on;

---- ImproveControlPts ----
STAT: ImproveCpt: Initial deformable mesh correlation 0.344438 (1308684 pixels).
corr=0.344438	step=10.000000
corr=0.344438	step=5.000000
corr=0.345309	step=5.000000
corr=0.345309	step=2.500000
corr=0.345324	step=2.500000
corr=0.345324	step=1.250000
corr=0.345493	step=1.250000
corr=0.345493	step=0.625000
corr=0.345520	step=0.625000
corr=0.345520	step=0.312500
STAT: ImproveCpt: Final deformable mesh correlation 0.345520, (threshold 0.250000).

---- Matlab A-Sys Originals ----
x=[0.000000 673.000000 0.000000 0.000000]; y=[0.000000 0.000000 496.000000 0.000000]; plot(x,y); hold on;
x=[0.000000 673.000000 673.000000 0.000000]; y=[496.000000 0.000000 496.000000 496.000000]; plot(x,y); hold on;
x=[673.000000 1347.000000 673.000000 673.000000]; y=[0.000000 0.000000 496.000000 0.000000]; plot(x,y); hold on;
x=[673.000000 1347.000000 1347.000000 673.000000]; y=[496.000000 0.000000 496.000000 496.000000]; plot(x,y); hold on;
x=[0.000000 673.000000 0.000000 0.000000]; y=[496.000000 496.000000 993.000000 496.000000]; plot(x,y); hold on;
x=[0.000000 673.000000 673.000000 0.000000]; y=[993.000000 496.000000 993.000000 993.000000]; plot(x,y); hold on;
x=[673.000000 1347.000000 673.000000 673.000000]; y=[496.000000 496.000000 993.000000 496.000000]; plot(x,y); hold on;
x=[673.000000 1347.000000 1347.000000 673.000000]; y=[993.000000 496.000000 993.000000 993.000000]; plot(x,y); hold on;

---- Matlab B-Sys Originals ----
x=[55.047057 724.745284 43.703375 55.047057]; y=[49.213060 62.249896 544.742349 49.213060]; plot(x,y); hold on;
x=[43.703375 724.745284 713.401603 43.703375]; y=[544.742349 62.249896 557.779184 544.742349]; plot(x,y); hold on;
x=[724.745284 1395.438605 713.401603 724.745284]; y=[62.249896 75.306102 557.779184 62.249896]; plot(x,y); hold on;
x=[713.401603 1395.438605 1384.094924 713.401603]; y=[557.779184 75.306102 570.835391 557.779184]; plot(x,y); hold on;
x=[43.703375 713.401603 32.336824 43.703375]; y=[544.742349 557.779184 1041.270688 544.742349]; plot(x,y); hold on;
x=[32.336824 713.401603 702.035051 32.336824]; y=[1041.270688 557.779184 1054.307523 1041.270688]; plot(x,y); hold on;
x=[713.401603 1384.094924 702.035051 713.401603]; y=[557.779184 570.835391 1054.307523 557.779184]; plot(x,y); hold on;
x=[702.035051 1384.094924 1372.728372 702.035051]; y=[1054.307523 570.835391 1067.363730 1054.307523]; plot(x,y); hold on;

---- Matlab B-Sys Optimized ----
x=[54.325716 723.900789 43.596974 54.325716]; y=[49.343335 61.411731 544.996729 49.343335]; plot(x,y); hold on;
x=[43.596974 723.900789 713.774807 43.596974]; y=[544.996729 61.411731 560.443191 544.996729]; plot(x,y); hold on;
x=[723.900789 1396.078015 713.774807 723.900789]; y=[61.411731 75.108468 560.443191 61.411731]; plot(x,y); hold on;
x=[713.774807 1396.078015 1383.165651 713.774807]; y=[560.443191 75.108468 568.153205 560.443191]; plot(x,y); hold on;
x=[43.596974 713.774807 32.336429 43.596974]; y=[544.996729 560.443191 1040.930881 544.996729]; plot(x,y); hold on;
x=[32.336429 713.774807 700.919517 32.336429]; y=[1040.930881 560.443191 1053.974163 1040.930881]; plot(x,y); hold on;
x=[713.774807 1383.165651 700.919517 713.774807]; y=[560.443191 568.153205 1053.974163 560.443191]; plot(x,y); hold on;
x=[700.919517 1383.165651 1373.271816 700.919517]; y=[1053.974163 568.153205 1068.325020 1053.974163]; plot(x,y); hold on;

---- Deltas ----
id=     0: dx=   -0.72 dy=    0.13 d=    0.73
id=     1: dx=   -0.84 dy=   -0.84 d=    1.19
id=     2: dx=    0.64 dy=   -0.20 d=    0.67
id=     3: dx=   -0.11 dy=    0.25 d=    0.28
id=     4: dx=    0.37 dy=    2.66 d=    2.69
id=     5: dx=   -0.93 dy=   -2.68 d=    2.84
id=     6: dx=   -0.00 dy=   -0.34 d=    0.34
id=     7: dx=   -1.12 dy=   -0.33 d=    1.16
id=     8: dx=    0.54 dy=    0.96 d=    1.10

---- Areas ----
Triangle 0, area was   166904.0, is   166003.3,   -0.5%
Triangle 1, area was   166904.0, is   167298.1,    0.2%
Triangle 2, area was   167152.0, is   167788.1,    0.4%
Triangle 3, area was   167152.0, is   165069.6,   -1.2%
Triangle 4, area was   167240.5, is   166269.0,   -0.6%
Triangle 5, area was   167240.5, is   165067.1,   -1.3%
Triangle 6, area was   167489.0, is   165232.1,   -1.3%
Triangle 7, area was   167489.0, is   168216.8,    0.4%
Combined: area was  1337571.0, is  1330944.2,   -0.5%

---- Transforms ----
 0.9949 -0.0216    54.33    0.0179  0.9993    49.34
 0.9958 -0.0204    53.72    0.0230  1.0061    45.97
 0.9973 -0.0204    52.72    0.0203  1.0061    47.74
 0.9932 -0.0260    58.29    0.0114  0.9940    59.70
 0.9958 -0.0227    54.83    0.0230  0.9979    50.06
 0.9934 -0.0259    58.02    0.0194  0.9930    54.86
 0.9932 -0.0259    58.21    0.0114  0.9930    60.21
 0.9976 -0.0199    49.33    0.0213  1.0064    40.31

---- QC - deformable ----
Remapping 1431040 points.
Metrics: DEF: Mean square difference 1.308745
Metrics: DEF: Smallest footprint deg=0, area=1.33587e+06
MetricImages: Range x 0 1348, y 0 991, use Nx=1350, Ny=992
Approximate EM metric 0.093504 for 1339200 points.
All points, deformable, dfm 0.093504

Metrics: TRI: Mean square difference 1.441218
Metrics: TRI: Smallest footprint deg=0, area=333808
MetricImages: Range x 0 673, y 0 496, use Nx=674, Ny=498
Approximate EM metric 0.082313 for 335652 points.
%Yellow: Tol   1.05  red   44.5  yellow   12.5  green   43.0
%Yellow: Tol   1.10  red   39.1  yellow   24.0  green   37.0
%Yellow: Tol   1.15  red   34.1  yellow   34.5  green   31.5
%Yellow: Tol   1.20  red   29.7  yellow   43.4  green   26.9
%Yellow: Tol   1.25  red   25.8  yellow   50.9  green   23.3
Triangle 0: 167490 points, corr 0.279385, fm 0.082313, yellow 0.51

Metrics: TRI: Mean square difference 1.495213
Metrics: TRI: Smallest footprint deg=0, area=332640
MetricImages: Range x 1 673, y 1 496, use Nx=674, Ny=496
Approximate EM metric 0.092321 for 334304 points.
%Yellow: Tol   1.05  red   36.3  yellow    7.7  green   56.0
%Yellow: Tol   1.10  red   32.8  yellow   37.3  green   29.9
%Yellow: Tol   1.15  red   30.3  yellow   44.7  green   25.0
%Yellow: Tol   1.20  red   27.0  yellow   51.8  green   21.2
%Yellow: Tol   1.25  red   24.0  yellow   57.9  green   18.1
Triangle 1: 167488 points, corr 0.252388, fm 0.092321, yellow 0.58

Metrics: TRI: Mean square difference 1.644314
Metrics: TRI: Smallest footprint deg=0, area=322740
MetricImages: Range x 674 1326, y 0 495, use Nx=654, Ny=496
Approximate EM metric 0.069754 for 324384 points.
%Yellow: Tol   1.05  red   39.5  yellow    4.8  green   55.7
%Yellow: Tol   1.10  red   35.8  yellow   28.0  green   36.1
%Yellow: Tol   1.15  red   32.5  yellow   40.5  green   27.0
%Yellow: Tol   1.20  red   29.0  yellow   48.6  green   22.3
%Yellow: Tol   1.25  red   25.8  yellow   55.5  green   18.7
Triangle 2: 167070 points, corr 0.177837, fm 0.069754, yellow 0.56

Metrics: TRI: Mean square difference 1.644948
Metrics: TRI: Smallest footprint deg=0, area=318720
MetricImages: Range x 674 1338, y 16 496, use Nx=666, Ny=482
Approximate EM metric 0.093282 for 321012 points.
%Yellow: Tol   1.05  red   38.0  yellow    9.5  green   52.5
%Yellow: Tol   1.10  red   35.0  yellow   25.4  green   39.6
%Yellow: Tol   1.15  red   32.1  yellow   40.0  green   27.9
%Yellow: Tol   1.20  red   28.9  yellow   47.9  green   23.1
%Yellow: Tol   1.25  red   25.7  yellow   55.5  green   18.8
Triangle 3: 160344 points, corr 0.177520, fm 0.093282, yellow 0.55

Metrics: TRI: Mean square difference 1.643499
Metrics: TRI: Smallest footprint deg=0, area=331474
MetricImages: Range x 0 671, y 497 991, use Nx=672, Ny=496
Approximate EM metric 0.071772 for 333312 points.
%Yellow: Tol   1.05  red   40.3  yellow   16.0  green   43.7
%Yellow: Tol   1.10  red   36.7  yellow   26.5  green   36.8
%Yellow: Tol   1.15  red   33.0  yellow   34.8  green   32.2
%Yellow: Tol   1.20  red   29.6  yellow   42.5  green   28.0
%Yellow: Tol   1.25  red   26.1  yellow   49.6  green   24.3
Triangle 4: 167150 points, corr 0.178245, fm 0.071772, yellow 0.50

Metrics: TRI: Mean square difference 0.618046
Metrics: TRI: Smallest footprint deg=36, area=324090
MetricImages: Range x -578 253, y 796 1186, use Nx=832, Ny=392
Approximate EM metric 0.062227 for 326144 points.
%Yellow: Tol   1.05  red   30.6  yellow   34.2  green   35.2
%Yellow: Tol   1.10  red   23.0  yellow   50.7  green   26.3
%Yellow: Tol   1.15  red   19.2  yellow   62.6  green   18.2
%Yellow: Tol   1.20  red   16.4  yellow   68.9  green   14.7
%Yellow: Tol   1.25  red   14.2  yellow   73.6  green   12.2
Triangle 5: 161753 points, corr 0.690971, fm 0.062227, yellow 0.74

Metrics: TRI: Mean square difference 1.499786
Metrics: TRI: Smallest footprint deg=0, area=318720
MetricImages: Range x 674 1338, y 497 977, use Nx=666, Ny=482
Approximate EM metric 0.110891 for 321012 points.
%Yellow: Tol   1.05  red   32.8  yellow   11.4  green   55.8
%Yellow: Tol   1.10  red   29.2  yellow   43.1  green   27.7
%Yellow: Tol   1.15  red   27.3  yellow   49.8  green   22.9
%Yellow: Tol   1.20  red   24.7  yellow   56.0  green   19.2
%Yellow: Tol   1.25  red   22.3  yellow   61.3  green   16.4
Triangle 6: 166727 points, corr 0.250101, fm 0.110891, yellow 0.61

Metrics: TRI: Mean square difference 1.398138
Metrics: TRI: Smallest footprint deg=36, area=302821
MetricImages: Range x -12 787, y 1193 1572, use Nx=800, Ny=380
Approximate EM metric 0.104515 for 304000 points.
%Yellow: Tol   1.05  red   32.3  yellow   13.8  green   53.9
%Yellow: Tol   1.10  red   29.7  yellow   36.6  green   33.8
%Yellow: Tol   1.15  red   27.2  yellow   48.0  green   24.8
%Yellow: Tol   1.20  red   24.5  yellow   57.1  green   18.5
%Yellow: Tol   1.25  red   21.8  yellow   63.3  green   14.9
Triangle 7: 151191 points, corr 0.300924, fm 0.104515, yellow 0.63


---- Final reports ----
STAT: Overall 1309213 points, corr 0.3455, EMM 0.0935, weighted EMM 0.0857, cor+dfm 0.4390, weighted yellow 0.5834

Angle span: min, max, delta = 0.018780 0.022873 0.004093
Mesh-Thm: 0.0041  0.0007     3.62    0.0044  0.0011     5.30 2x(LDR,LDC)=(0.20,200.00) -- OK.

Final remapping of 1431040 points.
Center 215.486010 158.812869:  0.9949 -0.0216    54.33    0.0179  0.9993    49.34
Mapping region 1 xy= 215.486010 158.812869 to region 1 xy= 265.279901 211.909371
Center 413.531615 343.613907:  0.9958 -0.0204    53.72    0.0230  1.0061    45.97
Mapping region 1 xy= 413.531615 343.613907 to region 1 xy= 458.505486 401.170514
Center 879.728381 152.132458:  0.9973 -0.0204    52.72    0.0203  1.0061    47.74
Mapping region 1 xy= 879.728381 152.132458 to region 1 xy= 926.964263 218.675039
Center 1081.369979 345.739236:  0.9932 -0.0260    58.29    0.0114  0.9940    59.70
Mapping region 1 xy= 1081.369979 345.739236 to region 1 xy= 1123.263881 415.749132
Center 219.901598 658.393899:  0.9958 -0.0227    54.83    0.0230  0.9979    50.06
Mapping region 1 xy= 219.901598 658.393899 to region 1 xy= 258.897069 712.089469
Center 433.626339 832.886857:  0.9934 -0.0259    58.02    0.0194  0.9930    54.86
Mapping region 1 xy= 433.626339 832.886857 to region 1 xy= 467.258320 890.339345
Center 880.407108 648.939663:  0.9932 -0.0259    58.21    0.0114  0.9930    60.21
Mapping region 1 xy= 880.407108 648.939663 to region 1 xy= 915.807657 714.687915
Center 1109.851990 831.935134:  0.9976 -0.0199    49.33    0.0213  1.0064    40.31
Mapping region 1 xy= 1109.851990 831.935134 to region 1 xy= 1139.909889 901.182879

Pipe: Returning 8 total transforms.

---- Summary Region-region results ----
Pipe: Table Headers {Az t r Bz t r thmok ntri}
FOUND:     2   13   1      1   13   1   1   8

---- Tabulating point matches ----
Tabulate: Rgn 1 -> 1: Keeping 8 of 8 point-pairs.

Timer: Alignment took 3.760 seconds.

main: Got 8 mapping regions.
main: Transform   0:  0.9949 -0.0216    54.33    0.0179  0.9993    49.34
main: Transform   1:  0.9958 -0.0204    53.72    0.0230  1.0061    45.97
main: Transform   2:  0.9973 -0.0204    52.72    0.0203  1.0061    47.74
main: Transform   3:  0.9932 -0.0260    58.29    0.0114  0.9940    59.70
main: Transform   4:  0.9958 -0.0227    54.83    0.0230  0.9979    50.06
main: Transform   5:  0.9934 -0.0259    58.02    0.0194  0.9930    54.86
main: Transform   6:  0.9932 -0.0259    58.21    0.0114  0.9930    60.21
main: Transform   7:  0.9976 -0.0199    49.33    0.0213  1.0064    40.31

main: Average:  0.9951 -0.0228     0.00    0.0185  0.9995     0.00
main: Degrees: 1.18653
main: Residue:  0.9953 -0.0021     0.00   -0.0021  0.9997     0.00

main: Inverse:  1.0045  0.0230    -0.00   -0.0186  1.0001    -0.00
main: Degrees: -1.18653
main: Residue:  1.0046  0.0022     0.00    0.0022  1.0004     0.00

main: Normal completion for dmesh run.
Timer: Total took 4.010 seconds.

---- Memory ----
Host name: h08u02.int.janelia.org
PID:       25424
User time:       3 seconds.
System time:     0 seconds.
VmPeak:	  867516 kB
VmSize:	  231384 kB
VmLck:	       0 kB
VmPin:	       0 kB
VmHWM:	  704304 kB
VmRSS:	   67876 kB
VmData:	   61988 kB
VmStk:	     164 kB
VmExe:	     832 kB
VmLib:	   85564 kB
VmPTE:	     372 kB
VmSwap:	       0 kB
voluntary_ctxt_switches:	48
nonvoluntary_ctxt_switches:	62

