
---- dmesh start ----
main: Start: Fri Sep 30 13:26:55 2016


---- Match parameters ----
PXBRO=2            <default 2>        "Max Legendre poly order for bkg removal"
PXLENS=N           <default N>        "Y=Apply IDB/lens.txt"
PXRESMSK=N         <default N>        "Y=Apply resin mask"
PXDOG=N            <default N>        "Y=Apply DoG filter"
PXDOG_R1=3         <default 3>        "DoG inner radius"
PXDOG_R2=6         <default 6>        "DoG outer radius"
FLD=N              <default X>        "Mask usage: Y=Use, N=None, X=XL only"
PRETWEAK=N         <default N>        "Y=Auto-distort before angle scan"
SCALE=1            <default 1.0>      "Image-B / image-A scale factor"
XSCALE=1           <default 1.0>      "Image-B / image-A x-axis scale factor"
YSCALE=1           <default 1.0>      "Image-B / image-A y-axis scale factor"
SKEW=0             <default 0.0>      "Transform elem[3] user-applied distortion"
MODE_SL=M          <default Z>        "Notes above"
MODE_XL=N          <default Y>        "Notes above"
TAB2DFM_SL=N       <default Y>        "Adopt Tdfm from Tab"
TAB2DFM_XL=Y       <default Y>        "Adopt Tdfm from Tab"
XYCONF_SL=1.0      <default 0.0>      "[0,1.0] confidence in Tab XY"
XYCONF_XL=0.8      <default 0.0>      "[0,1.0] confidence in Tab XY"
THMDEC_SL=8        <default 8>        "2^N thumb decimation factor"
THMDEC_XL=8        <default 8>        "2^N thumb decimation factor"
OLAP1D_SL=0        <default 0>        "Min 1D pix full-size overlap"
OLAP1D_XL=0        <default 0>        "Min 1D pix full-size overlap"
OLAP2D_SL=60000    <default 25000>    "Min 2D pix full-size overlap"
OLAP2D_XL=160000   <default 200000>   "Min 2D pix full-size overlap"
NBMXHT_SL=0.75     <default 0.75>     "Max F(neib)/F(pk) in guard zone"
NBMXHT_XL=0.75     <default 0.75>     "Max F(neib)/F(pk) in guard zone"
HFANGDN_SL=5       <default 5.0>      "Half angle search range denovo"
HFANGDN_XL=45      <default 45.0>     "Half angle search range denovo"
HFANGPR_SL=1       <default 1.0>      "Half angle search range prior angles"
HFANGPR_XL=4       <default 1.0>      "Half angle search range prior angles"
RTRSH_SL=0.3       <default 0.3>      "R corr thresh"
RTRSH_XL=0.3       <default 0.3>      "R corr thresh"
TWEAKS=N           <default N>        "Y=Try 8 near unity distortions"
LIMXY_SL=30        <default 0>        "0 or Max XY delta from Tab"
LIMXY_XL=80        <default 0>        "0 or Max XY delta from Tab"
WTHMPR=Y           <default Y>        "Y=Write ThmPair_a^b.txt entries"
OPT_SL=Y           <default Y(EM)>    "Y=Enable mesh optimizer"
RIT_SL=0.50        <default 0.20>     "Min mesh starting corr"
RIT_XL=0.1         <default 0.20>     "Min mesh starting corr"
RFA_SL=0.55        <default 0.3>      "Affine-only final corr"
RFA_XL=0.20        <default 0.3>      "Affine-only final corr"
RFT_SL=0.65        <default 0.5>      "Full mesh final corr"
RFT_XL=0.25        <default 0.5>      "Full mesh final corr"
TMC=5              <default 30.0%>    "Max single triangle area change"
TSC=9              <default 9.0%>     "Max summed triangle area change"
MNL=250            <default 300>      "Triangle edges between MNL and 2*MNL"
MTA=120000         <default 10000>    "Min triangle size (pixels)"
MMA=60000          <default 100000>   "Min 2D overlap for mesh"
ONE=N              <default N>        "Y=Use just one affine transform"
IFM=0.50           <default 0.50>     "Min Fourier Metric after affine-only"
FFM=0.65           <default 0.65>     "Min Fourier Metric after full mesh"
FYL=0.5            <default 0.50>     "Min fraction of yellow pixels"
CPD=0.5            <default 0.50>     "Min Correlation + DFM"
EMM=Y              <default Y>        "Y=Use Earth Mover's Metric, N=Use Fourier"
EMT=0.14           <default 0.2>      "Earth Movers Metric thresh"
WDI=N              <default N>        "Y=Write diff images (Fourier, EMM metrics)"
LDA=0.2            <default 0.2>      "Max radian delta between triangles"
LDR=0.1            <default 0.1>      "Max sine delta between triangles"
LDC=100            <default 100.0>    "Max XY delta between triangles"
DXY=100            <default 100.0>    "Max delta from user input XYs"
WMT=N              <default Y>        "Y=Write map.tif files"
WTT=N              <default Y>        "Y=Write tf.txt files"


---- Input images ----
Til2Img entry: A T=[ 1.0000  0.0000     0.00  0.0000  1.0000  4285.00] path=[/groups/apig/tomo/DEMO/TIF/C1_8_2.tif].
Til2Img entry: B T=[ 1.0000  0.0000     0.00  0.0000  1.0000  5142.00] path=[/groups/apig/tomo/DEMO/TIF/B1_7_2.tif].


---- Command-line overrides ----
Tab=  0.9991 -0.0226   -54.88    0.0233  0.9989  -823.13
Tdfm= 0.9993  0.0004     0.00    0.0004  0.9991     0.00
FLD=N


---- Image loading ----
Raster8FromTif: Opening [/groups/apig/tomo/DEMO/TIF/C1_8_2.tif].
Raster8FromTif: Bits per sample 8, samples per pixel 1
Raster8FromTif: Picture is 1376 by 1040, 1431040 pixels total.
TIF(8): Last Encoded strip had 1376 bytes.
Raster8FromTif: Opening [/groups/apig/tomo/DEMO/TIF/B1_7_2.tif].
Raster8FromTif: Bits per sample 8, samples per pixel 1
Raster8FromTif: Picture is 1376 by 1040, 1431040 pixels total.
TIF(8): Last Encoded strip had 1376 bytes.
PixPair: Using image scale=1.
Timer: Image conditioning took 0.260 seconds.

---- Foldmaps ----

---- Connected regions ----
Forcing single connected region.

---- Begin A-1 to B-1 ----

---- Thumbnail matching ----
Subimage: Using intersection, w=1333, h=382, pix=509206
Thumbs: After decimation 8016 pts, reqArea 2501, thmscl 8
SetDisc( -3, -21, 10, 10 )
Initial: R= 1.167, A=   1.314, X=   -3.04, Y=  -20.19
Peak-Disc: dR 6 dX 0 dY 6
Approx: LowRes  R=1.167, X=-24.315, Y=-161.498
Approx: FullRes R=0.184, X=-25.141, Y=-162.113, use=Y.
Timer: FinishAtFullRes took 0.460 seconds.
Approx: Returning A=1.314498, R=1.166804, X=-53.250376, Y=-820.363056
Approx: Best transform  0.9991 -0.0226   -53.25    0.0233  0.9989  -820.36
Approx: Orig transform  0.9991 -0.0226   -54.88    0.0233  0.9989  -823.13
Approx: Idnt transform  1.0000  0.0000     1.69    0.0000  1.0000     2.73
Approx: err = 3.21342, max = 80

---- Starting detailed region mapping ----
Roughly 307426 pixels map to B.
Region size is [71 1375] in x, [789 1039] in y.

---- Building mesh - affine ----
Computed simple triangle.

---- ImproveMesh - affine ----
Tri: (71 789) (1375 789) (723 1039).

---- Matlab Vertices ----
x=[71 1375 723 71]; y=[789 789 1039 789]; plot(x,y); hold on;

---- ImproveControlPts ----
STAT: ImproveCpt: Initial affine correlation 0.637904 (307426 pixels).
corr=0.637904	step=10.000000
corr=0.637904	step=5.000000
corr=0.641683	step=5.000000
corr=0.641683	step=2.500000
corr=0.642984	step=2.500000
corr=0.642984	step=1.250000
corr=0.643548	step=1.250000
corr=0.643548	step=0.625000
corr=0.643548	step=0.312500
corr=0.643548	step=0.156250
corr=0.643548	step=0.078125
STAT: ImproveCpt: Final affine correlation 0.643548, (threshold 0.200000).

---- Matlab A-Sys Originals ----
x=[71.000000 1375.000000 723.000000 71.000000]; y=[789.000000 789.000000 1039.000000 789.000000]; plot(x,y); hold on;

---- Matlab B-Sys Originals ----
x=[-0.123915 1302.652933 645.622259 -0.123915]; y=[-30.610709 -0.258805 234.279993 -30.610709]; plot(x,y); hold on;

---- Matlab B-Sys Optimized ----
x=[2.560800 1300.236643 645.361578 2.560800]; y=[-30.819392 -2.711722 235.227811 -30.819392]; plot(x,y); hold on;

---- Deltas ----
id=     0: dx=    2.68 dy=   -0.21 d=    2.69
id=     1: dx=   -2.42 dy=   -2.45 d=    3.44
id=     2: dx=   -0.26 dy=    0.95 d=    0.98

---- Areas ----
Triangle 0, area was   163000.0, is   163587.7,    0.4%
Combined: area was   163000.0, is   163587.7,    0.4%

---- Transforms ----
 0.9952 -0.0241   -49.04    0.0216  1.0080  -827.64
Best affine transform:  0.9952 -0.0241   -49.04    0.0216  1.0080  -827.64
    Inverse transform:  1.0044  0.0241    69.17   -0.0215  0.9916   819.61

---- QC - affine ----
Metrics: AFF: Mean square difference 0.711147
Metrics: AFF: Smallest footprint deg=0, area=322335
MetricImages: Range x 70 1375, y 792 1039, use Nx=1306, Ny=248
Approximate EM metric 0.083199 for 323888 points.
%Yellow: Tol   1.05  red   42.0  yellow   22.7  green   35.3
%Yellow: Tol   1.10  red   31.7  yellow   41.8  green   26.5
%Yellow: Tol   1.15  red   23.8  yellow   55.9  green   20.2
%Yellow: Tol   1.20  red   17.8  yellow   66.4  green   15.8
%Yellow: Tol   1.25  red   13.4  yellow   73.9  green   12.7
Affine Triangle: 304901 points, corr 0.644423, fm 0.083199, yellow 0.74

---- Building mesh - deformable ----
Lx Dx Nx:  1304  1304.00   1
Ly Dy Ny:   250   250.00   1

STAT: From 307426 pts, got 2 triangles, 4 control points.
Timer: MeshCreate took 0.000 seconds.

---- ImproveMesh - deformable mesh ----
Tri: (71 789) (1375 789) (71 1039).
Tri: (71 1039) (1375 789) (1375 1039).

---- Matlab Vertices ----
x=[71 1375 71 71]; y=[789 789 1039 789]; plot(x,y); hold on;
x=[71 1375 1375 71]; y=[1039 789 1039 1039]; plot(x,y); hold on;

---- ImproveControlPts ----
STAT: ImproveCpt: Initial deformable mesh correlation 0.643548 (307426 pixels).
corr=0.643548	step=10.000000
corr=0.643548	step=5.000000
corr=0.643548	step=2.500000
corr=0.643548	step=1.250000
corr=0.643834	step=1.250000
corr=0.643834	step=0.625000
corr=0.643834	step=0.312500
corr=0.643859	step=0.312500
corr=0.643859	step=0.156250
STAT: ImproveCpt: Final deformable mesh correlation 0.643869, (threshold 0.250000).

---- Matlab A-Sys Originals ----
x=[71.000000 1375.000000 71.000000 71.000000]; y=[789.000000 789.000000 1039.000000 789.000000]; plot(x,y); hold on;
x=[71.000000 1375.000000 1375.000000 71.000000]; y=[1039.000000 789.000000 1039.000000 1039.000000]; plot(x,y); hold on;

---- Matlab B-Sys Originals ----
x=[2.560800 1300.236643 -3.476343 2.560800]; y=[-30.819392 -2.711722 221.173976 -30.819392]; plot(x,y); hold on;
x=[-3.476343 1300.236643 1294.199500 -3.476343]; y=[221.173976 -2.711722 249.281647 221.173976]; plot(x,y); hold on;

---- Matlab B-Sys Optimized ----
x=[2.687799 1300.459412 -3.396052 2.687799]; y=[-30.170392 -3.238753 220.947796 -30.170392]; plot(x,y); hold on;
x=[-3.396052 1300.459412 1294.429170 -3.396052]; y=[220.947796 -3.238753 250.289210 220.947796]; plot(x,y); hold on;

---- Deltas ----
id=     0: dx=    0.13 dy=    0.65 d=    0.66
id=     1: dx=    0.22 dy=   -0.53 d=    0.57
id=     2: dx=    0.08 dy=   -0.23 d=    0.24
id=     3: dx=    0.23 dy=    1.01 d=    1.03

---- Areas ----
Triangle 0, area was   163000.0, is   163029.0,    0.0%
Triangle 1, area was   163000.0, is   164606.0,    1.0%
Combined: area was   326000.0, is   327634.9,    0.5%

---- Transforms ----
 0.9952 -0.0243   -48.77    0.0207  1.0045  -824.17
 0.9953 -0.0241   -49.00    0.0225  1.0141  -834.31

---- QC - deformable ----
Remapping 1431040 points.
Metrics: DEF: Mean square difference 0.710354
Metrics: DEF: Smallest footprint deg=0, area=321030
MetricImages: Range x 70 1375, y 793 1039, use Nx=1306, Ny=248
Approximate EM metric 0.083180 for 323888 points.
All points, deformable, dfm 0.083180

Metrics: TRI: Mean square difference 0.896633
Metrics: TRI: Smallest footprint deg=10, area=282751
MetricImages: Range x -107 1196, y 819 1036, use Nx=1304, Ny=218
Approximate EM metric 0.063876 for 284272 points.
%Yellow: Tol   1.05  red   43.1  yellow   19.9  green   37.1
%Yellow: Tol   1.10  red   34.1  yellow   37.2  green   28.7
%Yellow: Tol   1.15  red   26.6  yellow   51.0  green   22.4
%Yellow: Tol   1.20  red   20.6  yellow   61.5  green   17.9
%Yellow: Tol   1.25  red   16.0  yellow   69.4  green   14.6
Triangle 0: 141187 points, corr 0.551676, fm 0.063876, yellow 0.69

Metrics: TRI: Mean square difference 0.601273
Metrics: TRI: Smallest footprint deg=0, area=319800
MetricImages: Range x 75 1375, y 793 1039, use Nx=1302, Ny=248
Approximate EM metric 0.041702 for 322896 points.
%Yellow: Tol   1.05  red   41.1  yellow   25.0  green   33.9
%Yellow: Tol   1.10  red   29.9  yellow   45.0  green   25.0
%Yellow: Tol   1.15  red   21.9  yellow   59.3  green   18.8
%Yellow: Tol   1.20  red   16.0  yellow   69.7  green   14.3
%Yellow: Tol   1.25  red   11.9  yellow   76.8  green   11.3
Triangle 1: 163740 points, corr 0.699358, fm 0.041702, yellow 0.77


---- Final reports ----
STAT: Overall 304927 points, corr 0.6439, EMM 0.0832, weighted EMM 0.0520, cor+dfm 0.7270, weighted yellow 0.7336

Angle span: min, max, delta = 0.022494 0.023198 0.000704
Mesh-Thm: 0.0038  0.0017     4.37    0.0017  0.0104     8.88 2x(LDR,LDC)=(0.20,200.00) -- OK.

Final remapping of 1431040 points.
Center 488.524155 869.046809:  0.9952 -0.0243   -48.77    0.0207  1.0045  -824.17
Mapping region 1 xy= 488.524155 869.046809 to region 1 xy= 416.269733 58.857614
Center 872.255907 962.192494:  0.9953 -0.0241   -49.00    0.0225  1.0141  -834.31
Mapping region 1 xy= 872.255907 962.192494 to region 1 xy= 795.918372 161.085520

Pipe: Returning 2 total transforms.

---- Summary Region-region results ----
Pipe: Table Headers {Az t r Bz t r thmok ntri}
FOUND:     2    8   1      1    7   1   1   2

---- Tabulating point matches ----
Tabulate: Rgn 1 -> 1: Keeping 2 of 2 point-pairs.

Timer: Alignment took 1.210 seconds.

main: Got 2 mapping regions.
main: Transform   0:  0.9952 -0.0243   -48.77    0.0207  1.0045  -824.17
main: Transform   1:  0.9953 -0.0241   -49.00    0.0225  1.0141  -834.31

main: Average:  0.9952 -0.0242     0.00    0.0216  1.0093     0.00
main: Degrees: 1.30903
main: Residue:  0.9955 -0.0012     0.00   -0.0012  1.0096     0.00

main: Inverse:  1.0043  0.0241    -0.00   -0.0215  0.9903    -0.00
main: Degrees: -1.30903
main: Residue:  1.0045  0.0015     0.00    0.0015  0.9906     0.00

main: Normal completion for dmesh run.
Timer: Total took 1.470 seconds.

---- Memory ----
Host name: h08u02.int.janelia.org
PID:       25507
User time:       1 seconds.
System time:     0 seconds.
VmPeak:	  520400 kB
VmSize:	  214144 kB
VmLck:	       0 kB
VmPin:	       0 kB
VmHWM:	  357136 kB
VmRSS:	   48728 kB
VmData:	   44748 kB
VmStk:	     164 kB
VmExe:	     832 kB
VmLib:	   85564 kB
VmPTE:	     340 kB
VmSwap:	       0 kB
voluntary_ctxt_switches:	27
nonvoluntary_ctxt_switches:	46

