
---- dmesh start ----
main: Start: Fri Sep 30 13:26:46 2016


---- Match parameters ----
PXBRO=2            <default 2>        "Max Legendre poly order for bkg removal"
PXLENS=N           <default N>        "Y=Apply IDB/lens.txt"
PXRESMSK=N         <default N>        "Y=Apply resin mask"
PXDOG=N            <default N>        "Y=Apply DoG filter"
PXDOG_R1=3         <default 3>        "DoG inner radius"
PXDOG_R2=6         <default 6>        "DoG outer radius"
FLD=N              <default X>        "Mask usage: Y=Use, N=None, X=XL only"
PRETWEAK=N         <default N>        "Y=Auto-distort before angle scan"
SCALE=1            <default 1.0>      "Image-B / image-A scale factor"
XSCALE=1           <default 1.0>      "Image-B / image-A x-axis scale factor"
YSCALE=1           <default 1.0>      "Image-B / image-A y-axis scale factor"
SKEW=0             <default 0.0>      "Transform elem[3] user-applied distortion"
MODE_SL=M          <default Z>        "Notes above"
MODE_XL=N          <default Y>        "Notes above"
TAB2DFM_SL=N       <default Y>        "Adopt Tdfm from Tab"
TAB2DFM_XL=Y       <default Y>        "Adopt Tdfm from Tab"
XYCONF_SL=1.0      <default 0.0>      "[0,1.0] confidence in Tab XY"
XYCONF_XL=0.8      <default 0.0>      "[0,1.0] confidence in Tab XY"
THMDEC_SL=8        <default 8>        "2^N thumb decimation factor"
THMDEC_XL=8        <default 8>        "2^N thumb decimation factor"
OLAP1D_SL=0        <default 0>        "Min 1D pix full-size overlap"
OLAP1D_XL=0        <default 0>        "Min 1D pix full-size overlap"
OLAP2D_SL=60000    <default 25000>    "Min 2D pix full-size overlap"
OLAP2D_XL=160000   <default 200000>   "Min 2D pix full-size overlap"
NBMXHT_SL=0.75     <default 0.75>     "Max F(neib)/F(pk) in guard zone"
NBMXHT_XL=0.75     <default 0.75>     "Max F(neib)/F(pk) in guard zone"
HFANGDN_SL=5       <default 5.0>      "Half angle search range denovo"
HFANGDN_XL=45      <default 45.0>     "Half angle search range denovo"
HFANGPR_SL=1       <default 1.0>      "Half angle search range prior angles"
HFANGPR_XL=4       <default 1.0>      "Half angle search range prior angles"
RTRSH_SL=0.3       <default 0.3>      "R corr thresh"
RTRSH_XL=0.3       <default 0.3>      "R corr thresh"
TWEAKS=N           <default N>        "Y=Try 8 near unity distortions"
LIMXY_SL=30        <default 0>        "0 or Max XY delta from Tab"
LIMXY_XL=80        <default 0>        "0 or Max XY delta from Tab"
WTHMPR=Y           <default Y>        "Y=Write ThmPair_a^b.txt entries"
OPT_SL=Y           <default Y(EM)>    "Y=Enable mesh optimizer"
RIT_SL=0.50        <default 0.20>     "Min mesh starting corr"
RIT_XL=0.1         <default 0.20>     "Min mesh starting corr"
RFA_SL=0.55        <default 0.3>      "Affine-only final corr"
RFA_XL=0.20        <default 0.3>      "Affine-only final corr"
RFT_SL=0.65        <default 0.5>      "Full mesh final corr"
RFT_XL=0.25        <default 0.5>      "Full mesh final corr"
TMC=5              <default 30.0%>    "Max single triangle area change"
TSC=9              <default 9.0%>     "Max summed triangle area change"
MNL=250            <default 300>      "Triangle edges between MNL and 2*MNL"
MTA=120000         <default 10000>    "Min triangle size (pixels)"
MMA=60000          <default 100000>   "Min 2D overlap for mesh"
ONE=N              <default N>        "Y=Use just one affine transform"
IFM=0.50           <default 0.50>     "Min Fourier Metric after affine-only"
FFM=0.65           <default 0.65>     "Min Fourier Metric after full mesh"
FYL=0.5            <default 0.50>     "Min fraction of yellow pixels"
CPD=0.5            <default 0.50>     "Min Correlation + DFM"
EMM=Y              <default Y>        "Y=Use Earth Mover's Metric, N=Use Fourier"
EMT=0.14           <default 0.2>      "Earth Movers Metric thresh"
WDI=N              <default N>        "Y=Write diff images (Fourier, EMM metrics)"
LDA=0.2            <default 0.2>      "Max radian delta between triangles"
LDR=0.1            <default 0.1>      "Max sine delta between triangles"
LDC=100            <default 100.0>    "Max XY delta between triangles"
DXY=100            <default 100.0>    "Max delta from user input XYs"
WMT=N              <default Y>        "Y=Write map.tif files"
WTT=N              <default Y>        "Y=Write tf.txt files"


---- Input images ----
Til2Img entry: A T=[ 1.0000  0.0000     0.00  0.0000  1.0000     0.00] path=[/groups/apig/tomo/DEMO/TIF/C1_13_2.tif].
Til2Img entry: B T=[ 1.0000  0.0000  1142.00  0.0000  1.0000     0.00] path=[/groups/apig/tomo/DEMO/TIF/B1_0_2.tif].


---- Command-line overrides ----
Tab=  0.9991 -0.0220 -1097.52    0.0233  1.0007    41.52
Tdfm= 0.9994  0.0007     0.00    0.0007  1.0009     0.00
FLD=N


---- Image loading ----
Raster8FromTif: Opening [/groups/apig/tomo/DEMO/TIF/C1_13_2.tif].
Raster8FromTif: Bits per sample 8, samples per pixel 1
Raster8FromTif: Picture is 1376 by 1040, 1431040 pixels total.
TIF(8): Last Encoded strip had 1376 bytes.
Raster8FromTif: Opening [/groups/apig/tomo/DEMO/TIF/B1_0_2.tif].
Raster8FromTif: Bits per sample 8, samples per pixel 1
Raster8FromTif: Picture is 1376 by 1040, 1431040 pixels total.
TIF(8): Last Encoded strip had 1376 bytes.
PixPair: Using image scale=1.
Timer: Image conditioning took 0.280 seconds.

---- Foldmaps ----

---- Connected regions ----
Forcing single connected region.

---- Begin A-1 to B-1 ----

---- Thumbnail matching ----
Subimage: Using intersection, w=498, h=1007, pix=501486
Thumbs: After decimation 7938 pts, reqArea 2501, thmscl 8
SetDisc( -28, 4, 10, 10 )
Initial: R= 0.715, A=   1.295, X=  -27.22, Y=    3.95
Peak-Disc: dR 6 dX 6 dY 0
Approx: LowRes  R=0.715, X=-217.761, Y=31.604
Approx: FullRes R=0.103, X=-217.021, Y=30.025, use=Y.
Timer: FinishAtFullRes took 0.300 seconds.
Approx: Returning A=1.295295, R=0.714881, X=-1094.231715, Y=42.597943
Approx: Best transform  0.9991 -0.0220 -1094.23    0.0233  1.0007    42.60
Approx: Orig transform  0.9991 -0.0220 -1097.52    0.0233  1.0007    41.52
Approx: Idnt transform  1.0000  0.0000     3.31    0.0000  1.0000     1.00
Approx: err = 3.45792, max = 80

---- Starting detailed region mapping ----
Roughly 262065 pixels map to B.
Region size is [1095 1375] in x, [0 970] in y.

---- Building mesh - affine ----
Computed simple triangle.

---- ImproveMesh - affine ----
Tri: (1095 0) (1375 485) (1095 970).

---- Matlab Vertices ----
x=[1095 1375 1095 1095]; y=[0 485 970 0]; plot(x,y); hold on;

---- ImproveControlPts ----
STAT: ImproveCpt: Initial affine correlation 0.219050 (262065 pixels).
corr=0.219050	step=10.000000
corr=0.219050	step=5.000000
corr=0.219050	step=2.500000
corr=0.220369	step=2.500000
corr=0.220980	step=2.500000
corr=0.220980	step=1.250000
corr=0.221617	step=1.250000
corr=0.221617	step=0.625000
corr=0.221617	step=0.312500
corr=0.221652	step=0.312500
corr=0.221791	step=0.312500
corr=0.221791	step=0.156250
corr=0.221791	step=0.078125
STAT: ImproveCpt: Final affine correlation 0.221791, (threshold 0.200000).

---- Matlab A-Sys Originals ----
x=[1095.000000 1375.000000 1095.000000 1095.000000]; y=[0.000000 485.000000 970.000000 0.000000]; plot(x,y); hold on;

---- Matlab B-Sys Originals ----
x=[-0.216120 268.885440 -21.509560 -0.216120]; y=[68.073118 559.915178 1038.728838 68.073118]; plot(x,y); hold on;

---- Matlab B-Sys Optimized ----
x=[0.740763 267.805729 -22.659976 0.740763]; y=[70.209783 559.375773 1040.297411 70.209783]; plot(x,y); hold on;

---- Deltas ----
id=     0: dx=    0.96 dy=    2.14 d=    2.34
id=     1: dx=   -1.08 dy=   -0.54 d=    1.21
id=     2: dx=   -1.15 dy=    1.57 d=    1.95

---- Areas ----
Triangle 0, area was   135800.0, is   135261.6,   -0.4%
Combined: area was   135800.0, is   135261.6,   -0.4%

---- Transforms ----
 0.9956 -0.0241 -1089.43    0.0147  1.0001    54.09
Best affine transform:  0.9956 -0.0241 -1089.43    0.0147  1.0001    54.09
    Inverse transform:  1.0041  0.0242  1092.56   -0.0148  0.9996   -70.17

---- QC - affine ----
Metrics: AFF: Mean square difference 1.556349
Metrics: AFF: Smallest footprint deg=0, area=271040
MetricImages: Range x 1095 1375, y 0 968, use Nx=282, Ny=970
Approximate EM metric 0.143590 for 273540 points.
%Yellow: Tol   1.05  red   44.1  yellow   11.4  green   44.6
%Yellow: Tol   1.10  red   38.7  yellow   21.9  green   39.4
%Yellow: Tol   1.15  red   33.8  yellow   31.5  green   34.7
%Yellow: Tol   1.20  red   29.3  yellow   40.6  green   30.1
%Yellow: Tol   1.25  red   25.3  yellow   48.8  green   25.9
Affine Triangle: 260637 points, corr 0.221822, fm 0.143590, yellow 0.49

---- Building mesh - deformable ----
Lx Dx Nx:   280   280.00   1
Ly Dy Ny:   970   970.00   1

STAT: From 262065 pts, got 2 triangles, 4 control points.
Timer: MeshCreate took 0.000 seconds.

---- ImproveMesh - deformable mesh ----
Tri: (1095 0) (1375 0) (1095 970).
Tri: (1095 970) (1375 0) (1375 970).

---- Matlab Vertices ----
x=[1095 1375 1095 1095]; y=[0 0 970 0]; plot(x,y); hold on;
x=[1095 1375 1375 1095]; y=[970 0 970 970]; plot(x,y); hold on;

---- ImproveControlPts ----
STAT: ImproveCpt: Initial deformable mesh correlation 0.221791 (262065 pixels).
corr=0.221791	step=10.000000
corr=0.221791	step=5.000000
corr=0.221791	step=2.500000
corr=0.221791	step=1.250000
corr=0.221791	step=0.625000
STAT: ImproveCpt: Final deformable mesh correlation 0.221791, (threshold 0.250000).
FAIL: ImproveMesh: corr=0.221791, below final thresh=0.250000
Pipe: Returning 0 total transforms.

---- Summary Region-region results ----
Pipe: Table Headers {Az t r Bz t r thmok ntri}
FOUND:     2   13   1      1    0   1   1   0
Timer: Alignment took 0.720 seconds.

main: Got 0 mapping regions.

main: Normal completion for dmesh run.
Timer: Total took 1.010 seconds.

---- Memory ----
Host name: h08u02.int.janelia.org
PID:       25423
User time:       0 seconds.
System time:     0 seconds.
VmPeak:	  436752 kB
VmSize:	  197996 kB
VmLck:	       0 kB
VmPin:	       0 kB
VmHWM:	  273480 kB
VmRSS:	   35008 kB
VmData:	   28604 kB
VmStk:	     160 kB
VmExe:	     832 kB
VmLib:	   85564 kB
VmPTE:	     316 kB
VmSwap:	       0 kB
voluntary_ctxt_switches:	41
nonvoluntary_ctxt_switches:	53

