
---- dmesh start ----
main: Start: Fri Sep 30 13:26:46 2016


---- Match parameters ----
PXBRO=2            <default 2>        "Max Legendre poly order for bkg removal"
PXLENS=N           <default N>        "Y=Apply IDB/lens.txt"
PXRESMSK=N         <default N>        "Y=Apply resin mask"
PXDOG=N            <default N>        "Y=Apply DoG filter"
PXDOG_R1=3         <default 3>        "DoG inner radius"
PXDOG_R2=6         <default 6>        "DoG outer radius"
FLD=N              <default X>        "Mask usage: Y=Use, N=None, X=XL only"
PRETWEAK=N         <default N>        "Y=Auto-distort before angle scan"
SCALE=1            <default 1.0>      "Image-B / image-A scale factor"
XSCALE=1           <default 1.0>      "Image-B / image-A x-axis scale factor"
YSCALE=1           <default 1.0>      "Image-B / image-A y-axis scale factor"
SKEW=0             <default 0.0>      "Transform elem[3] user-applied distortion"
MODE_SL=M          <default Z>        "Notes above"
MODE_XL=N          <default Y>        "Notes above"
TAB2DFM_SL=N       <default Y>        "Adopt Tdfm from Tab"
TAB2DFM_XL=Y       <default Y>        "Adopt Tdfm from Tab"
XYCONF_SL=1.0      <default 0.0>      "[0,1.0] confidence in Tab XY"
XYCONF_XL=0.8      <default 0.0>      "[0,1.0] confidence in Tab XY"
THMDEC_SL=8        <default 8>        "2^N thumb decimation factor"
THMDEC_XL=8        <default 8>        "2^N thumb decimation factor"
OLAP1D_SL=0        <default 0>        "Min 1D pix full-size overlap"
OLAP1D_XL=0        <default 0>        "Min 1D pix full-size overlap"
OLAP2D_SL=60000    <default 25000>    "Min 2D pix full-size overlap"
OLAP2D_XL=160000   <default 200000>   "Min 2D pix full-size overlap"
NBMXHT_SL=0.75     <default 0.75>     "Max F(neib)/F(pk) in guard zone"
NBMXHT_XL=0.75     <default 0.75>     "Max F(neib)/F(pk) in guard zone"
HFANGDN_SL=5       <default 5.0>      "Half angle search range denovo"
HFANGDN_XL=45      <default 45.0>     "Half angle search range denovo"
HFANGPR_SL=1       <default 1.0>      "Half angle search range prior angles"
HFANGPR_XL=4       <default 1.0>      "Half angle search range prior angles"
RTRSH_SL=0.3       <default 0.3>      "R corr thresh"
RTRSH_XL=0.3       <default 0.3>      "R corr thresh"
TWEAKS=N           <default N>        "Y=Try 8 near unity distortions"
LIMXY_SL=30        <default 0>        "0 or Max XY delta from Tab"
LIMXY_XL=80        <default 0>        "0 or Max XY delta from Tab"
WTHMPR=Y           <default Y>        "Y=Write ThmPair_a^b.txt entries"
OPT_SL=Y           <default Y(EM)>    "Y=Enable mesh optimizer"
RIT_SL=0.50        <default 0.20>     "Min mesh starting corr"
RIT_XL=0.1         <default 0.20>     "Min mesh starting corr"
RFA_SL=0.55        <default 0.3>      "Affine-only final corr"
RFA_XL=0.20        <default 0.3>      "Affine-only final corr"
RFT_SL=0.65        <default 0.5>      "Full mesh final corr"
RFT_XL=0.25        <default 0.5>      "Full mesh final corr"
TMC=5              <default 30.0%>    "Max single triangle area change"
TSC=9              <default 9.0%>     "Max summed triangle area change"
MNL=250            <default 300>      "Triangle edges between MNL and 2*MNL"
MTA=120000         <default 10000>    "Min triangle size (pixels)"
MMA=60000          <default 100000>   "Min 2D overlap for mesh"
ONE=N              <default N>        "Y=Use just one affine transform"
IFM=0.50           <default 0.50>     "Min Fourier Metric after affine-only"
FFM=0.65           <default 0.65>     "Min Fourier Metric after full mesh"
FYL=0.5            <default 0.50>     "Min fraction of yellow pixels"
CPD=0.5            <default 0.50>     "Min Correlation + DFM"
EMM=Y              <default Y>        "Y=Use Earth Mover's Metric, N=Use Fourier"
EMT=0.14           <default 0.2>      "Earth Movers Metric thresh"
WDI=N              <default N>        "Y=Write diff images (Fourier, EMM metrics)"
LDA=0.2            <default 0.2>      "Max radian delta between triangles"
LDR=0.1            <default 0.1>      "Max sine delta between triangles"
LDC=100            <default 100.0>    "Max XY delta between triangles"
DXY=100            <default 100.0>    "Max delta from user input XYs"
WMT=N              <default Y>        "Y=Write map.tif files"
WTT=N              <default Y>        "Y=Write tf.txt files"


---- Input images ----
Til2Img entry: A T=[ 1.0000  0.0000     0.00  0.0000  1.0000   857.00] path=[/groups/apig/tomo/DEMO/TIF/C1_12_2.tif].
Til2Img entry: B T=[ 1.0000  0.0000     0.00  0.0000  1.0000     0.00] path=[/groups/apig/tomo/DEMO/TIF/B1_13_2.tif].


---- Command-line overrides ----
Tab=  0.9996 -0.0222    30.19    0.0226  0.9993   897.30
Tdfm= 0.9999  0.0002     0.00    0.0002  0.9996     0.00
FLD=N


---- Image loading ----
Raster8FromTif: Opening [/groups/apig/tomo/DEMO/TIF/C1_12_2.tif].
Raster8FromTif: Bits per sample 8, samples per pixel 1
Raster8FromTif: Picture is 1376 by 1040, 1431040 pixels total.
TIF(8): Last Encoded strip had 1376 bytes.
Raster8FromTif: Opening [/groups/apig/tomo/DEMO/TIF/B1_13_2.tif].
Raster8FromTif: Bits per sample 8, samples per pixel 1
Raster8FromTif: Picture is 1376 by 1040, 1431040 pixels total.
TIF(8): Last Encoded strip had 1376 bytes.
PixPair: Using image scale=1.
Timer: Image conditioning took 0.260 seconds.

---- Foldmaps ----

---- Connected regions ----
Forcing single connected region.

---- Begin A-1 to B-1 ----

---- Thumbnail matching ----
Subimage: Using intersection, w=1352, h=323, pix=436696
Thumbs: After decimation 6929 pts, reqArea 2501, thmscl 8
SetDisc( 1, 23, 10, 10 )
Initial: R= 0.474, A=   1.285, X=    1.35, Y=   22.75
Peak-Disc: dR 3 dX 2 dY -2
Approx: LowRes  R=0.474, X=10.796, Y=181.981
Approx: FullRes R=0.071, X=10.460, Y=185.883, use=Y.
Timer: FinishAtFullRes took 0.440 seconds.
Approx: Returning A=1.284672, R=0.474455, X=34.460278, Y=902.882640
Approx: Best transform  0.9996 -0.0222    34.46    0.0226  0.9993   902.88
Approx: Orig transform  0.9996 -0.0222    30.19    0.0226  0.9993   897.30
Approx: Idnt transform  1.0000 -0.0000     4.40    0.0000  1.0000     5.49
Approx: err = 7.03222, max = 80

---- Starting detailed region mapping ----
Roughly 164632 pixels map to B.
Region size is [0 1344] in x, [0 137] in y.

---- Building mesh - affine ----
Computed simple triangle.

---- ImproveMesh - affine ----
Tri: (0 0) (1344 0) (672 137).

---- Matlab Vertices ----
x=[0 1344 672 0]; y=[0 0 137 0]; plot(x,y); hold on;

---- ImproveControlPts ----
STAT: ImproveCpt: Initial affine correlation 0.622878 (164632 pixels).
corr=0.622878	step=10.000000
corr=0.622878	step=5.000000
corr=0.624968	step=5.000000
corr=0.624968	step=2.500000
corr=0.626138	step=2.500000
corr=0.626138	step=1.250000
corr=0.626138	step=0.625000
corr=0.626254	step=0.625000
corr=0.626448	step=0.625000
corr=0.626448	step=0.312500
corr=0.626475	step=0.312500
corr=0.626475	step=0.156250
STAT: ImproveCpt: Final affine correlation 0.626512, (threshold 0.200000).

---- Matlab A-Sys Originals ----
x=[0.000000 1344.000000 672.000000 0.000000]; y=[0.000000 0.000000 137.000000 0.000000]; plot(x,y); hold on;

---- Matlab B-Sys Originals ----
x=[34.460278 1377.928054 703.151807 34.460278]; y=[902.882640 933.283920 1054.990668 902.882640]; plot(x,y); hold on;

---- Matlab B-Sys Optimized ----
x=[36.659799 1376.082871 705.096980 36.659799]; y=[900.459460 934.522989 1053.404760 900.459460]; plot(x,y); hold on;

---- Deltas ----
id=     0: dx=    2.20 dy=   -2.42 d=    3.27
id=     1: dx=   -1.85 dy=    1.24 d=    2.22
id=     2: dx=    1.95 dy=   -1.59 d=    2.51

---- Areas ----
Triangle 0, area was    92064.0, is    91044.6,   -1.1%
Combined: area was    92064.0, is    91044.6,   -1.1%

---- Transforms ----
 0.9966 -0.0093    36.66    0.0253  0.9921   900.46
Best affine transform:  0.9966 -0.0093    36.66    0.0253  0.9921   900.46
    Inverse transform:  1.0032  0.0094   -45.25   -0.0256  1.0078  -906.50

---- QC - affine ----
Metrics: AFF: Mean square difference 0.747185
Metrics: AFF: Smallest footprint deg=0, area=186677
MetricImages: Range x 0 1343, y 0 139, use Nx=1344, Ny=140
Approximate EM metric 0.119575 for 188160 points.
%Yellow: Tol   1.05  red   39.9  yellow   20.2  green   40.0
%Yellow: Tol   1.10  red   32.0  yellow   37.5  green   30.5
%Yellow: Tol   1.15  red   26.2  yellow   49.6  green   24.2
%Yellow: Tol   1.20  red   21.6  yellow   58.1  green   20.2
%Yellow: Tol   1.25  red   17.8  yellow   64.7  green   17.5
Affine Triangle: 165292 points, corr 0.626402, fm 0.119575, yellow 0.65

---- Building mesh - deformable ----
Lx Dx Nx:  1344  1344.00   1
Ly Dy Ny:   137   137.00   1

STAT: From 164632 pts, got 2 triangles, 4 control points.
Timer: MeshCreate took 0.000 seconds.

---- ImproveMesh - deformable mesh ----
Tri: (0 0) (1344 0) (0 137).
Tri: (0 137) (1344 0) (1344 137).

---- Matlab Vertices ----
x=[0 1344 0 0]; y=[0 0 137 0]; plot(x,y); hold on;
x=[0 1344 1344 0]; y=[137 0 137 137]; plot(x,y); hold on;

---- ImproveControlPts ----
STAT: ImproveCpt: Initial deformable mesh correlation 0.626512 (164632 pixels).
corr=0.626512	step=10.000000
corr=0.626512	step=5.000000
corr=0.626632	step=5.000000
corr=0.626632	step=2.500000
corr=0.626632	step=1.250000
corr=0.626821	step=1.250000
corr=0.627164	step=1.250000
corr=0.627761	step=1.250000
corr=0.627761	step=0.625000
corr=0.627761	step=0.312500
corr=0.627761	step=0.156250
corr=0.627761	step=0.078125
STAT: ImproveCpt: Final deformable mesh correlation 0.627761, (threshold 0.250000).

---- Matlab A-Sys Originals ----
x=[0.000000 1344.000000 0.000000 0.000000]; y=[0.000000 0.000000 137.000000 0.000000]; plot(x,y); hold on;
x=[0.000000 1344.000000 1344.000000 0.000000]; y=[137.000000 0.000000 137.000000 137.000000]; plot(x,y); hold on;

---- Matlab B-Sys Originals ----
x=[36.659799 1376.082871 35.385445 36.659799]; y=[900.459460 934.522989 1036.372995 900.459460]; plot(x,y); hold on;
x=[35.385445 1376.082871 1374.808516 35.385445]; y=[1036.372995 934.522989 1070.436524 1036.372995]; plot(x,y); hold on;

---- Matlab B-Sys Optimized ----
x=[37.552662 1376.009572 34.353275 37.552662]; y=[901.592959 936.404353 1034.226965 901.592959]; plot(x,y); hold on;
x=[34.353275 1376.009572 1377.819871 34.353275]; y=[1034.226965 936.404353 1072.379663 1034.226965]; plot(x,y); hold on;

---- Deltas ----
id=     0: dx=    0.89 dy=    1.13 d=    1.44
id=     1: dx=   -0.07 dy=    1.88 d=    1.88
id=     2: dx=   -1.03 dy=   -2.15 d=    2.38
id=     3: dx=    3.01 dy=    1.94 d=    3.58

---- Areas ----
Triangle 0, area was    92064.0, is    88818.1,   -3.5%
Triangle 1, area was    92064.0, is    91304.6,   -0.8%
Combined: area was   184128.0, is   180122.7,   -2.2%

---- Transforms ----
 0.9959 -0.0234    37.55    0.0259  0.9681   901.59
 0.9996  0.0132    32.54    0.0284  0.9925   898.25

---- QC - deformable ----
Remapping 1431040 points.
Metrics: DEF: Mean square difference 0.744835
Metrics: DEF: Smallest footprint deg=0, area=189222
MetricImages: Range x 0 1342, y 0 141, use Nx=1344, Ny=142
Approximate EM metric 0.117691 for 190848 points.
All points, deformable, dfm 0.117691

Metrics: TRI: Mean square difference 0.599471
Metrics: TRI: Smallest footprint deg=0, area=189222
MetricImages: Range x 0 1342, y 0 141, use Nx=1344, Ny=142
Approximate EM metric 0.065345 for 190848 points.
%Yellow: Tol   1.05  red   35.7  yellow   25.9  green   38.4
%Yellow: Tol   1.10  red   28.6  yellow   44.6  green   26.8
%Yellow: Tol   1.15  red   23.7  yellow   55.1  green   21.2
%Yellow: Tol   1.20  red   19.7  yellow   62.2  green   18.1
%Yellow: Tol   1.25  red   16.2  yellow   68.3  green   15.5
Triangle 0: 92808 points, corr 0.700254, fm 0.065345, yellow 0.68

Metrics: TRI: Mean square difference 0.917933
Metrics: TRI: Smallest footprint deg=4, area=138844
MetricImages: Range x -9 1339, y 94 197, use Nx=1350, Ny=104
Approximate EM metric 0.053644 for 140400 points.
%Yellow: Tol   1.05  red   43.7  yellow   19.4  green   37.0
%Yellow: Tol   1.10  red   34.8  yellow   33.8  green   31.4
%Yellow: Tol   1.15  red   28.4  yellow   44.4  green   27.2
%Yellow: Tol   1.20  red   23.2  yellow   52.9  green   23.9
%Yellow: Tol   1.25  red   19.0  yellow   60.0  green   21.0
Triangle 1: 72510 points, corr 0.541020, fm 0.053644, yellow 0.60


---- Final reports ----
STAT: Overall 165318 points, corr 0.6278, EMM 0.1177, weighted EMM 0.0602, cor+dfm 0.7455, weighted yellow 0.6464

Angle span: min, max, delta = 0.007617 0.025073 0.017457
Mesh-Thm: 0.0019  0.0171     0.59    0.0045  0.0190     2.96 2x(LDR,LDC)=(0.20,200.00) -- OK.

Final remapping of 1431040 points.
Center 430.331645 43.865651:  0.9959 -0.0234    37.55    0.0259  0.9681   901.59
Mapping region 1 xy= 430.331645 43.865651 to region 1 xy= 465.085077 955.206839
Center 825.834310 94.909486:  0.9996  0.0132    32.54    0.0284  0.9925   898.25
Mapping region 1 xy= 825.834310 94.909486 to region 1 xy= 859.303651 1015.894576

Pipe: Returning 2 total transforms.

---- Summary Region-region results ----
Pipe: Table Headers {Az t r Bz t r thmok ntri}
FOUND:     2   12   1      1   13   1   1   2

---- Tabulating point matches ----
Tabulate: Rgn 1 -> 1: Keeping 2 of 2 point-pairs.

Timer: Alignment took 1.030 seconds.

main: Got 2 mapping regions.
main: Transform   0:  0.9959 -0.0234    37.55    0.0259  0.9681   901.59
main: Transform   1:  0.9996  0.0132    32.54    0.0284  0.9925   898.25

main: Average:  0.9977 -0.0051     0.00    0.0271  0.9803     0.00
main: Degrees: 0.933016
main: Residue:  0.9980  0.0109     0.00    0.0109  0.9803     0.00

main: Inverse:  1.0021  0.0052    -0.00   -0.0277  1.0199    -0.00
main: Degrees: -0.933016
main: Residue:  1.0024 -0.0114     0.00   -0.0114  1.0199     0.00

main: Normal completion for dmesh run.
Timer: Total took 1.290 seconds.

---- Memory ----
Host name: h08u02.int.janelia.org
PID:       25428
User time:       1 seconds.
System time:     0 seconds.
VmPeak:	  504928 kB
VmSize:	  205928 kB
VmLck:	       0 kB
VmPin:	       0 kB
VmHWM:	  341528 kB
VmRSS:	   42104 kB
VmData:	   36536 kB
VmStk:	     160 kB
VmExe:	     832 kB
VmLib:	   85564 kB
VmPTE:	     332 kB
VmSwap:	       0 kB
voluntary_ctxt_switches:	21
nonvoluntary_ctxt_switches:	32

