
---- dmesh start ----
main: Start: Fri Sep 30 13:26:54 2016


---- Match parameters ----
PXBRO=2            <default 2>        "Max Legendre poly order for bkg removal"
PXLENS=N           <default N>        "Y=Apply IDB/lens.txt"
PXRESMSK=N         <default N>        "Y=Apply resin mask"
PXDOG=N            <default N>        "Y=Apply DoG filter"
PXDOG_R1=3         <default 3>        "DoG inner radius"
PXDOG_R2=6         <default 6>        "DoG outer radius"
FLD=N              <default X>        "Mask usage: Y=Use, N=None, X=XL only"
PRETWEAK=N         <default N>        "Y=Auto-distort before angle scan"
SCALE=1            <default 1.0>      "Image-B / image-A scale factor"
XSCALE=1           <default 1.0>      "Image-B / image-A x-axis scale factor"
YSCALE=1           <default 1.0>      "Image-B / image-A y-axis scale factor"
SKEW=0             <default 0.0>      "Transform elem[3] user-applied distortion"
MODE_SL=M          <default Z>        "Notes above"
MODE_XL=N          <default Y>        "Notes above"
TAB2DFM_SL=N       <default Y>        "Adopt Tdfm from Tab"
TAB2DFM_XL=Y       <default Y>        "Adopt Tdfm from Tab"
XYCONF_SL=1.0      <default 0.0>      "[0,1.0] confidence in Tab XY"
XYCONF_XL=0.8      <default 0.0>      "[0,1.0] confidence in Tab XY"
THMDEC_SL=8        <default 8>        "2^N thumb decimation factor"
THMDEC_XL=8        <default 8>        "2^N thumb decimation factor"
OLAP1D_SL=0        <default 0>        "Min 1D pix full-size overlap"
OLAP1D_XL=0        <default 0>        "Min 1D pix full-size overlap"
OLAP2D_SL=60000    <default 25000>    "Min 2D pix full-size overlap"
OLAP2D_XL=160000   <default 200000>   "Min 2D pix full-size overlap"
NBMXHT_SL=0.75     <default 0.75>     "Max F(neib)/F(pk) in guard zone"
NBMXHT_XL=0.75     <default 0.75>     "Max F(neib)/F(pk) in guard zone"
HFANGDN_SL=5       <default 5.0>      "Half angle search range denovo"
HFANGDN_XL=45      <default 45.0>     "Half angle search range denovo"
HFANGPR_SL=1       <default 1.0>      "Half angle search range prior angles"
HFANGPR_XL=4       <default 1.0>      "Half angle search range prior angles"
RTRSH_SL=0.3       <default 0.3>      "R corr thresh"
RTRSH_XL=0.3       <default 0.3>      "R corr thresh"
TWEAKS=N           <default N>        "Y=Try 8 near unity distortions"
LIMXY_SL=30        <default 0>        "0 or Max XY delta from Tab"
LIMXY_XL=80        <default 0>        "0 or Max XY delta from Tab"
WTHMPR=Y           <default Y>        "Y=Write ThmPair_a^b.txt entries"
OPT_SL=Y           <default Y(EM)>    "Y=Enable mesh optimizer"
RIT_SL=0.50        <default 0.20>     "Min mesh starting corr"
RIT_XL=0.1         <default 0.20>     "Min mesh starting corr"
RFA_SL=0.55        <default 0.3>      "Affine-only final corr"
RFA_XL=0.20        <default 0.3>      "Affine-only final corr"
RFT_SL=0.65        <default 0.5>      "Full mesh final corr"
RFT_XL=0.25        <default 0.5>      "Full mesh final corr"
TMC=5              <default 30.0%>    "Max single triangle area change"
TSC=9              <default 9.0%>     "Max summed triangle area change"
MNL=250            <default 300>      "Triangle edges between MNL and 2*MNL"
MTA=120000         <default 10000>    "Min triangle size (pixels)"
MMA=60000          <default 100000>   "Min 2D overlap for mesh"
ONE=N              <default N>        "Y=Use just one affine transform"
IFM=0.50           <default 0.50>     "Min Fourier Metric after affine-only"
FFM=0.65           <default 0.65>     "Min Fourier Metric after full mesh"
FYL=0.5            <default 0.50>     "Min fraction of yellow pixels"
CPD=0.5            <default 0.50>     "Min Correlation + DFM"
EMM=Y              <default Y>        "Y=Use Earth Mover's Metric, N=Use Fourier"
EMT=0.14           <default 0.2>      "Earth Movers Metric thresh"
WDI=N              <default N>        "Y=Write diff images (Fourier, EMM metrics)"
LDA=0.2            <default 0.2>      "Max radian delta between triangles"
LDR=0.1            <default 0.1>      "Max sine delta between triangles"
LDC=100            <default 100.0>    "Max XY delta between triangles"
DXY=100            <default 100.0>    "Max delta from user input XYs"
WMT=N              <default Y>        "Y=Write map.tif files"
WTT=N              <default Y>        "Y=Write tf.txt files"


---- Input images ----
Til2Img entry: A T=[ 1.0000  0.0000     0.00  0.0000  1.0000  3428.00] path=[/groups/apig/tomo/DEMO/TIF/C1_9_2.tif].
Til2Img entry: B T=[ 1.0000  0.0000     0.00  0.0000  1.0000  4285.00] path=[/groups/apig/tomo/DEMO/TIF/B1_8_2.tif].


---- Command-line overrides ----
Tab=  0.9994 -0.0235   -34.60    0.0229  0.9990  -821.46
Tdfm= 0.9996 -0.0003     0.00   -0.0003  0.9993     0.00
FLD=N


---- Image loading ----
Raster8FromTif: Opening [/groups/apig/tomo/DEMO/TIF/C1_9_2.tif].
Raster8FromTif: Bits per sample 8, samples per pixel 1
Raster8FromTif: Picture is 1376 by 1040, 1431040 pixels total.
TIF(8): Last Encoded strip had 1376 bytes.
Raster8FromTif: Opening [/groups/apig/tomo/DEMO/TIF/B1_8_2.tif].
Raster8FromTif: Bits per sample 8, samples per pixel 1
Raster8FromTif: Picture is 1376 by 1040, 1431040 pixels total.
TIF(8): Last Encoded strip had 1376 bytes.
PixPair: Using image scale=1.
Timer: Image conditioning took 0.250 seconds.

---- Foldmaps ----

---- Connected regions ----
Forcing single connected region.

---- Begin A-1 to B-1 ----

---- Thumbnail matching ----
Subimage: Using intersection, w=1349, h=383, pix=516667
Thumbs: After decimation 8112 pts, reqArea 2501, thmscl 8
SetDisc( -3, -21, 10, 10 )
Initial: R= 1.589, A=   1.330, X=   -2.35, Y=  -20.06
Peak-Disc: dR 9 dX 5 dY 7
Approx: LowRes  R=1.589, X=-18.815, Y=-160.511
Approx: FullRes R=0.264, X=-20.118, Y=-161.794, use=Y.
Timer: FinishAtFullRes took 0.460 seconds.
Approx: Returning A=1.329738, R=1.588772, X=-31.665144, Y=-818.754373
Approx: Best transform  0.9994 -0.0235   -31.67    0.0229  0.9990  -818.75
Approx: Orig transform  0.9994 -0.0235   -34.60    0.0229  0.9990  -821.46
Approx: Idnt transform  1.0000  0.0000     3.00    0.0000  1.0000     2.64
Approx: err = 3.99366, max = 80

---- Starting detailed region mapping ----
Roughly 313925 pixels map to B.
Region size is [50 1375] in x, [788 1039] in y.

---- Building mesh - affine ----
Computed simple triangle.

---- ImproveMesh - affine ----
Tri: (50 788) (1375 788) (712 1039).

---- Matlab Vertices ----
x=[50 1375 712 50]; y=[788 788 1039 788]; plot(x,y); hold on;

---- ImproveControlPts ----
STAT: ImproveCpt: Initial affine correlation 0.654890 (313925 pixels).
corr=0.654890	step=10.000000
corr=0.654890	step=5.000000
corr=0.663701	step=5.000000
corr=0.663701	step=2.500000
corr=0.663701	step=1.250000
corr=0.665821	step=1.250000
corr=0.665821	step=0.625000
corr=0.665821	step=0.312500
corr=0.665821	step=0.156250
corr=0.665821	step=0.078125
corr=0.665827	step=0.078125
STAT: ImproveCpt: Final affine correlation 0.665827, (threshold 0.200000).

---- Matlab A-Sys Originals ----
x=[50.000000 1375.000000 712.000000 50.000000]; y=[788.000000 788.000000 1039.000000 788.000000]; plot(x,y); hold on;

---- Matlab B-Sys Originals ----
x=[-0.210904 1323.949046 655.472143 -0.210904]; y=[-30.398561 -0.066661 235.504692 -30.398561]; plot(x,y); hold on;

---- Matlab B-Sys Optimized ----
x=[2.373395 1321.220826 656.222223 2.373395]; y=[-29.111387 -2.754756 236.351893 -29.111387]; plot(x,y); hold on;

---- Deltas ----
id=     0: dx=    2.58 dy=    1.29 d=    2.89
id=     1: dx=   -2.73 dy=   -2.69 d=    3.83
id=     2: dx=    0.75 dy=    0.85 d=    1.13

---- Areas ----
Triangle 0, area was   166287.5, is   166436.2,    0.1%
Combined: area was   166287.5, is   166436.2,    0.1%

---- Transforms ----
 0.9954 -0.0202   -31.45    0.0199  1.0052  -822.17
Best affine transform:  0.9954 -0.0202   -31.45    0.0199  1.0052  -822.17
    Inverse transform:  1.0043  0.0202    48.20   -0.0199  0.9945   817.00

---- QC - affine ----
Metrics: AFF: Mean square difference 0.665704
Metrics: AFF: Smallest footprint deg=0, area=328848
MetricImages: Range x 49 1375, y 791 1039, use Nx=1328, Ny=250
Approximate EM metric 0.094573 for 332000 points.
%Yellow: Tol   1.05  red   39.7  yellow   23.9  green   36.4
%Yellow: Tol   1.10  red   29.5  yellow   43.3  green   27.2
%Yellow: Tol   1.15  red   21.7  yellow   58.0  green   20.3
%Yellow: Tol   1.20  red   15.9  yellow   68.7  green   15.4
%Yellow: Tol   1.25  red   11.9  yellow   76.2  green   12.0
Affine Triangle: 312260 points, corr 0.667145, fm 0.094573, yellow 0.76

---- Building mesh - deformable ----
Lx Dx Nx:  1325  1325.00   1
Ly Dy Ny:   251   251.00   1

STAT: From 313925 pts, got 2 triangles, 4 control points.
Timer: MeshCreate took 0.010 seconds.

---- ImproveMesh - deformable mesh ----
Tri: (50 788) (1375 788) (50 1039).
Tri: (50 1039) (1375 788) (1375 1039).

---- Matlab Vertices ----
x=[50 1375 50 50]; y=[788 788 1039 788]; plot(x,y); hold on;
x=[50 1375 1375 50]; y=[1039 788 1039 1039]; plot(x,y); hold on;

---- ImproveControlPts ----
STAT: ImproveCpt: Initial deformable mesh correlation 0.665827 (313925 pixels).
corr=0.665827	step=10.000000
corr=0.665827	step=5.000000
corr=0.665827	step=2.500000
corr=0.665827	step=1.250000
corr=0.665827	step=0.625000
STAT: ImproveCpt: Final deformable mesh correlation 0.665827, (threshold 0.250000).

---- Matlab A-Sys Originals ----
x=[50.000000 1375.000000 50.000000 50.000000]; y=[788.000000 788.000000 1039.000000 788.000000]; plot(x,y); hold on;
x=[50.000000 1375.000000 1375.000000 50.000000]; y=[1039.000000 788.000000 1039.000000 1039.000000]; plot(x,y); hold on;

---- Matlab B-Sys Originals ----
x=[2.373395 1321.220826 -2.703814 2.373395]; y=[-29.111387 -2.754756 223.183523 -29.111387]; plot(x,y); hold on;
x=[-2.703814 1321.220826 1316.143616 -2.703814]; y=[223.183523 -2.754756 249.540154 223.183523]; plot(x,y); hold on;

---- Matlab B-Sys Optimized ----
x=[2.373395 1321.220826 -2.703814 2.373395]; y=[-29.111387 -2.754756 223.183523 -29.111387]; plot(x,y); hold on;
x=[-2.703814 1321.220826 1316.143616 -2.703814]; y=[223.183523 -2.754756 249.540154 223.183523]; plot(x,y); hold on;

---- Deltas ----
id=     0: dx=    0.00 dy=    0.00 d=    0.00
id=     1: dx=    0.00 dy=    0.00 d=    0.00
id=     2: dx=    0.00 dy=    0.00 d=    0.00
id=     3: dx=    0.00 dy=    0.00 d=    0.00

---- Areas ----
Triangle 0, area was   166287.5, is   166436.2,    0.1%
Triangle 1, area was   166287.5, is   166436.2,    0.1%
Combined: area was   332575.0, is   332872.3,    0.1%

---- Transforms ----
 0.9954 -0.0202   -31.45    0.0199  1.0052  -822.17
 0.9954 -0.0202   -31.45    0.0199  1.0052  -822.17

---- QC - deformable ----
Remapping 1431040 points.
Metrics: DEF: Mean square difference 0.665704
Metrics: DEF: Smallest footprint deg=0, area=328848
MetricImages: Range x 49 1375, y 791 1039, use Nx=1328, Ny=250
Approximate EM metric 0.094573 for 332000 points.
All points, deformable, dfm 0.094573

Metrics: TRI: Mean square difference 0.555552
Metrics: TRI: Smallest footprint deg=10, area=289956
MetricImages: Range x -129 1195, y 813 1032, use Nx=1326, Ny=220
Approximate EM metric 0.041403 for 291720 points.
%Yellow: Tol   1.05  red   38.7  yellow   26.4  green   34.9
%Yellow: Tol   1.10  red   27.6  yellow   47.2  green   25.2
%Yellow: Tol   1.15  red   19.3  yellow   62.3  green   18.4
%Yellow: Tol   1.20  red   13.6  yellow   72.7  green   13.7
%Yellow: Tol   1.25  red    9.8  yellow   79.7  green   10.5
Triangle 0: 145206 points, corr 0.722217, fm 0.041403, yellow 0.80

Metrics: TRI: Mean square difference 0.741284
Metrics: TRI: Smallest footprint deg=0, area=327856
MetricImages: Range x 53 1375, y 791 1039, use Nx=1324, Ny=250
Approximate EM metric 0.069709 for 331000 points.
%Yellow: Tol   1.05  red   41.5  yellow   21.7  green   36.8
%Yellow: Tol   1.10  red   31.5  yellow   40.1  green   28.3
%Yellow: Tol   1.15  red   23.6  yellow   54.6  green   21.8
%Yellow: Tol   1.20  red   17.5  yellow   65.7  green   16.9
%Yellow: Tol   1.25  red   13.2  yellow   73.5  green   13.3
Triangle 1: 167054 points, corr 0.629352, fm 0.069709, yellow 0.73


---- Final reports ----
STAT: Overall 312260 points, corr 0.6658, EMM 0.0946, weighted EMM 0.0565, cor+dfm 0.7604, weighted yellow 0.7636

Angle span: min, max, delta = 0.020052 0.020052 0.000000
Mesh-Thm: 0.0040  0.0033     0.21    0.0030  0.0062     3.42 2x(LDR,LDC)=(0.20,200.00) -- OK.

Final remapping of 1431040 points.
Center 474.248087 868.366996:  0.9954 -0.0202   -31.45    0.0199  1.0052  -822.17
Mapping region 1 xy= 474.248087 868.366996 to region 1 xy= 423.025851 60.109280
Center 864.159569 961.885264:  0.9954 -0.0202   -31.45    0.0199  1.0052  -822.17
Mapping region 1 xy= 864.159569 961.885264 to region 1 xy= 809.235117 161.866048

Pipe: Returning 2 total transforms.

---- Summary Region-region results ----
Pipe: Table Headers {Az t r Bz t r thmok ntri}
FOUND:     2    9   1      1    8   1   1   2

---- Tabulating point matches ----
Tabulate: Rgn 1 -> 1: Keeping 2 of 2 point-pairs.

Timer: Alignment took 1.180 seconds.

main: Got 2 mapping regions.
main: Transform   0:  0.9954 -0.0202   -31.45    0.0199  1.0052  -822.17
main: Transform   1:  0.9954 -0.0202   -31.45    0.0199  1.0052  -822.17

main: Average:  0.9954 -0.0202     0.00    0.0199  1.0052     0.00
main: Degrees: 1.1489
main: Residue:  0.9956 -0.0001     0.00   -0.0001  1.0054     0.00

main: Inverse:  1.0043  0.0202    -0.00   -0.0199  0.9945    -0.00
main: Degrees: -1.1489
main: Residue:  1.0045  0.0003     0.00    0.0003  0.9947     0.00

main: Normal completion for dmesh run.
Timer: Total took 1.430 seconds.

---- Memory ----
Host name: h08u02.int.janelia.org
PID:       25498
User time:       1 seconds.
System time:     0 seconds.
VmPeak:	  524060 kB
VmSize:	  214144 kB
VmLck:	       0 kB
VmPin:	       0 kB
VmHWM:	  360740 kB
VmRSS:	   48916 kB
VmData:	   44748 kB
VmStk:	     164 kB
VmExe:	     832 kB
VmLib:	   85564 kB
VmPTE:	     332 kB
VmSwap:	       0 kB
voluntary_ctxt_switches:	22
nonvoluntary_ctxt_switches:	35

