
---- dmesh start ----
main: Start: Fri Sep 30 13:13:21 2016


---- Match parameters ----
PXBRO=2            <default 2>        "Max Legendre poly order for bkg removal"
PXLENS=N           <default N>        "Y=Apply IDB/lens.txt"
PXRESMSK=N         <default N>        "Y=Apply resin mask"
PXDOG=N            <default N>        "Y=Apply DoG filter"
PXDOG_R1=3         <default 3>        "DoG inner radius"
PXDOG_R2=6         <default 6>        "DoG outer radius"
FLD=N              <default X>        "Mask usage: Y=Use, N=None, X=XL only"
PRETWEAK=N         <default N>        "Y=Auto-distort before angle scan"
SCALE=1            <default 1.0>      "Image-B / image-A scale factor"
XSCALE=1           <default 1.0>      "Image-B / image-A x-axis scale factor"
YSCALE=1           <default 1.0>      "Image-B / image-A y-axis scale factor"
SKEW=0             <default 0.0>      "Transform elem[3] user-applied distortion"
MODE_SL=M          <default Z>        "Notes above"
MODE_XL=N          <default Y>        "Notes above"
TAB2DFM_SL=N       <default Y>        "Adopt Tdfm from Tab"
TAB2DFM_XL=Y       <default Y>        "Adopt Tdfm from Tab"
XYCONF_SL=1.0      <default 0.0>      "[0,1.0] confidence in Tab XY"
XYCONF_XL=0.8      <default 0.0>      "[0,1.0] confidence in Tab XY"
THMDEC_SL=8        <default 8>        "2^N thumb decimation factor"
THMDEC_XL=8        <default 8>        "2^N thumb decimation factor"
OLAP1D_SL=0        <default 0>        "Min 1D pix full-size overlap"
OLAP1D_XL=0        <default 0>        "Min 1D pix full-size overlap"
OLAP2D_SL=60000    <default 25000>    "Min 2D pix full-size overlap"
OLAP2D_XL=160000   <default 200000>   "Min 2D pix full-size overlap"
NBMXHT_SL=0.75     <default 0.75>     "Max F(neib)/F(pk) in guard zone"
NBMXHT_XL=0.75     <default 0.75>     "Max F(neib)/F(pk) in guard zone"
HFANGDN_SL=5       <default 5.0>      "Half angle search range denovo"
HFANGDN_XL=45      <default 45.0>     "Half angle search range denovo"
HFANGPR_SL=1       <default 1.0>      "Half angle search range prior angles"
HFANGPR_XL=4       <default 1.0>      "Half angle search range prior angles"
RTRSH_SL=0.3       <default 0.3>      "R corr thresh"
RTRSH_XL=0.3       <default 0.3>      "R corr thresh"
TWEAKS=N           <default N>        "Y=Try 8 near unity distortions"
LIMXY_SL=30        <default 0>        "0 or Max XY delta from Tab"
LIMXY_XL=80        <default 0>        "0 or Max XY delta from Tab"
WTHMPR=Y           <default Y>        "Y=Write ThmPair_a^b.txt entries"
OPT_SL=Y           <default Y(EM)>    "Y=Enable mesh optimizer"
RIT_SL=0.50        <default 0.20>     "Min mesh starting corr"
RIT_XL=0.1         <default 0.20>     "Min mesh starting corr"
RFA_SL=0.55        <default 0.3>      "Affine-only final corr"
RFA_XL=0.20        <default 0.3>      "Affine-only final corr"
RFT_SL=0.65        <default 0.5>      "Full mesh final corr"
RFT_XL=0.25        <default 0.5>      "Full mesh final corr"
TMC=5              <default 30.0%>    "Max single triangle area change"
TSC=9              <default 9.0%>     "Max summed triangle area change"
MNL=250            <default 300>      "Triangle edges between MNL and 2*MNL"
MTA=120000         <default 10000>    "Min triangle size (pixels)"
MMA=60000          <default 100000>   "Min 2D overlap for mesh"
ONE=N              <default N>        "Y=Use just one affine transform"
IFM=0.50           <default 0.50>     "Min Fourier Metric after affine-only"
FFM=0.65           <default 0.65>     "Min Fourier Metric after full mesh"
FYL=0.5            <default 0.50>     "Min fraction of yellow pixels"
CPD=0.5            <default 0.50>     "Min Correlation + DFM"
EMM=Y              <default Y>        "Y=Use Earth Mover's Metric, N=Use Fourier"
EMT=0.14           <default 0.2>      "Earth Movers Metric thresh"
WDI=N              <default N>        "Y=Write diff images (Fourier, EMM metrics)"
LDA=0.2            <default 0.2>      "Max radian delta between triangles"
LDR=0.1            <default 0.1>      "Max sine delta between triangles"
LDC=100            <default 100.0>    "Max XY delta between triangles"
DXY=100            <default 100.0>    "Max delta from user input XYs"
WMT=N              <default Y>        "Y=Write map.tif files"
WTT=N              <default Y>        "Y=Write tf.txt files"


---- Input images ----
Til2Img entry: A T=[ 1.0000  0.0000  1142.00  0.0000  1.0000   857.00] path=[/groups/apig/tomo/DEMO/TIF/A1_1_2.tif].
Til2Img entry: B T=[ 1.0000  0.0000  1142.00  0.0000  1.0000     0.00] path=[/groups/apig/tomo/DEMO/TIF/A1_0_2.tif].


---- Command-line overrides ----
Tdfm= 1.0000  0.0000     0.00    0.0000  1.0000     0.00
FLD=N
MODE=N (was M)
CTR=0


---- Image loading ----
Raster8FromTif: Opening [/groups/apig/tomo/DEMO/TIF/A1_1_2.tif].
Raster8FromTif: Bits per sample 8, samples per pixel 1
Raster8FromTif: Picture is 1376 by 1040, 1431040 pixels total.
TIF(8): Last Encoded strip had 1376 bytes.
Raster8FromTif: Opening [/groups/apig/tomo/DEMO/TIF/A1_0_2.tif].
Raster8FromTif: Bits per sample 8, samples per pixel 1
Raster8FromTif: Picture is 1376 by 1040, 1431040 pixels total.
TIF(8): Last Encoded strip had 1376 bytes.
PixPair: Using image scale=1.
Timer: Image conditioning took 0.260 seconds.

---- Foldmaps ----

---- Connected regions ----
Forcing single connected region.

---- Begin A-1 to B-1 ----

---- Thumbnail matching ----
Subimage: Using intersection, w=1376, h=183, pix=251808
Thumbs: After decimation 3956 pts, reqArea 937, thmscl 8
SetDisc( 0, 0, 3, 3 )
Initial: R= 4.429, A=   0.000, X=    0.25, Y=    0.28
Peak-Disc: dR 3 dX 2 dY 2
Approx: LowRes  R=4.429, X=2.003, Y=2.246
Approx: FullRes R=1.488, X=3.019, Y=2.785, use=Y.
Timer: FinishAtFullRes took 0.220 seconds.
Approx: Returning A=0.000000, R=4.428564, X=3.019310, Y=859.784717
Approx: Best transform  1.0000  0.0000     3.02    0.0000  1.0000   859.78
Approx: Orig transform  1.0000  0.0000     0.00    0.0000  1.0000   857.00
Approx: Idnt transform  1.0000  0.0000     3.02    0.0000  1.0000     2.78
Approx: err = 4.10742, max = 30

---- Starting detailed region mapping ----
Roughly 248513 pixels map to B.
Region size is [0 1372] in x, [0 180] in y.

---- Building mesh - affine ----
Computed simple triangle.

---- ImproveMesh - affine ----
Tri: (0 0) (1372 0) (686 180).

---- Matlab Vertices ----
x=[0 1372 686 0]; y=[0 0 180 0]; plot(x,y); hold on;

---- ImproveControlPts ----
STAT: ImproveCpt: Initial affine correlation 0.762486 (248513 pixels).
corr=0.762486	step=10.000000
corr=0.762486	step=5.000000
corr=0.762486	step=2.500000
corr=0.762486	step=1.250000
corr=0.787023	step=1.250000
corr=0.787023	step=0.625000
corr=0.787023	step=0.312500
corr=0.787023	step=0.156250
corr=0.787023	step=0.078125
corr=0.787343	step=0.078125
STAT: ImproveCpt: Final affine correlation 0.787343, (threshold 0.550000).

---- Matlab A-Sys Originals ----
x=[0.000000 1372.000000 686.000000 0.000000]; y=[0.000000 0.000000 180.000000 0.000000]; plot(x,y); hold on;

---- Matlab B-Sys Originals ----
x=[3.019310 1375.019310 689.019310 3.019310]; y=[859.784717 859.784717 1039.784717 859.784717]; plot(x,y); hold on;

---- Matlab B-Sys Optimized ----
x=[2.602190 1374.711896 688.387328 2.602190]; y=[860.131912 860.130941 1040.467487 860.131912]; plot(x,y); hold on;

---- Deltas ----
id=     0: dx=   -0.42 dy=    0.35 d=    0.54
id=     1: dx=   -0.31 dy=    0.35 d=    0.46
id=     2: dx=   -0.63 dy=    0.68 d=    0.93

---- Areas ----
Triangle 0, area was   123480.0, is   123720.4,    0.2%
Combined: area was   123480.0, is   123720.4,    0.2%

---- Transforms ----
 1.0001 -0.0015     2.60   -0.0000  1.0019   860.13
Best affine transform:  1.0001 -0.0015     2.60   -0.0000  1.0019   860.13
    Inverse transform:  0.9999  0.0015    -3.89    0.0000  0.9981  -858.53

---- QC - affine ----
Metrics: AFF: Mean square difference 0.426275
Metrics: AFF: Smallest footprint deg=0, area=244216
MetricImages: Range x 0 1372, y 0 178, use Nx=1374, Ny=180
Approximate EM metric 0.058098 for 247320 points.
%Yellow: Tol   1.05  red   33.7  yellow   20.6  green   45.7
%Yellow: Tol   1.10  red   27.0  yellow   39.5  green   33.5
%Yellow: Tol   1.15  red   21.4  yellow   57.6  green   21.0
%Yellow: Tol   1.20  red   16.7  yellow   71.1  green   12.1
%Yellow: Tol   1.25  red   12.8  yellow   78.9  green    8.3
Affine Triangle: 245767 points, corr 0.786859, fm 0.058098, yellow 0.79

---- Building mesh - deformable ----
Lx Dx Nx:  1372   228.00   6
Ly Dy Ny:   180   180.00   1

STAT: From 248513 pts, got 12 triangles, 14 control points.
Timer: MeshCreate took 0.010 seconds.

---- ImproveMesh - deformable mesh ----
Tri: (0 0) (228 0) (0 180).
Tri: (0 180) (228 0) (228 180).
Tri: (228 0) (456 0) (228 180).
Tri: (228 180) (456 0) (456 180).
Tri: (456 0) (684 0) (456 180).
Tri: (456 180) (684 0) (684 180).
Tri: (684 0) (912 0) (684 180).
Tri: (684 180) (912 0) (912 180).
Tri: (912 0) (1140 0) (912 180).
Tri: (912 180) (1140 0) (1140 180).
Tri: (1140 0) (1372 0) (1140 180).
Tri: (1140 180) (1372 0) (1372 180).

---- Matlab Vertices ----
x=[0 228 0 0]; y=[0 0 180 0]; plot(x,y); hold on;
x=[0 228 228 0]; y=[180 0 180 180]; plot(x,y); hold on;
x=[228 456 228 228]; y=[0 0 180 0]; plot(x,y); hold on;
x=[228 456 456 228]; y=[180 0 180 180]; plot(x,y); hold on;
x=[456 684 456 456]; y=[0 0 180 0]; plot(x,y); hold on;
x=[456 684 684 456]; y=[180 0 180 180]; plot(x,y); hold on;
x=[684 912 684 684]; y=[0 0 180 0]; plot(x,y); hold on;
x=[684 912 912 684]; y=[180 0 180 180]; plot(x,y); hold on;
x=[912 1140 912 912]; y=[0 0 180 0]; plot(x,y); hold on;
x=[912 1140 1140 912]; y=[180 0 180 180]; plot(x,y); hold on;
x=[1140 1372 1140 1140]; y=[0 0 180 0]; plot(x,y); hold on;
x=[1140 1372 1372 1140]; y=[180 0 180 180]; plot(x,y); hold on;

---- ImproveControlPts ----
STAT: ImproveCpt: Initial deformable mesh correlation 0.787343 (248513 pixels).
corr=0.787343	step=10.000000
corr=0.787343	step=5.000000
corr=0.787343	step=2.500000
corr=0.787343	step=1.250000
corr=0.787343	step=0.625000
STAT: ImproveCpt: Final deformable mesh correlation 0.787343, (threshold 0.650000).

---- Matlab A-Sys Originals ----
x=[0.000000 228.000000 0.000000 0.000000]; y=[0.000000 0.000000 180.000000 0.000000]; plot(x,y); hold on;
x=[0.000000 228.000000 228.000000 0.000000]; y=[180.000000 0.000000 180.000000 180.000000]; plot(x,y); hold on;
x=[228.000000 456.000000 228.000000 228.000000]; y=[0.000000 0.000000 180.000000 0.000000]; plot(x,y); hold on;
x=[228.000000 456.000000 456.000000 228.000000]; y=[180.000000 0.000000 180.000000 180.000000]; plot(x,y); hold on;
x=[456.000000 684.000000 456.000000 456.000000]; y=[0.000000 0.000000 180.000000 0.000000]; plot(x,y); hold on;
x=[456.000000 684.000000 684.000000 456.000000]; y=[180.000000 0.000000 180.000000 180.000000]; plot(x,y); hold on;
x=[684.000000 912.000000 684.000000 684.000000]; y=[0.000000 0.000000 180.000000 0.000000]; plot(x,y); hold on;
x=[684.000000 912.000000 912.000000 684.000000]; y=[180.000000 0.000000 180.000000 180.000000]; plot(x,y); hold on;
x=[912.000000 1140.000000 912.000000 912.000000]; y=[0.000000 0.000000 180.000000 0.000000]; plot(x,y); hold on;
x=[912.000000 1140.000000 1140.000000 912.000000]; y=[180.000000 0.000000 180.000000 180.000000]; plot(x,y); hold on;
x=[1140.000000 1372.000000 1140.000000 1140.000000]; y=[0.000000 0.000000 180.000000 0.000000]; plot(x,y); hold on;
x=[1140.000000 1372.000000 1372.000000 1140.000000]; y=[180.000000 0.000000 180.000000 180.000000]; plot(x,y); hold on;

---- Matlab B-Sys Originals ----
x=[2.602190 230.620421 2.332475 2.602190]; y=[860.131912 860.131751 1040.467972 860.131912]; plot(x,y); hold on;
x=[2.332475 230.620421 230.350706 2.332475]; y=[1040.467972 860.131751 1040.467811 1040.467972]; plot(x,y); hold on;
x=[230.620421 458.638652 230.350706 230.620421]; y=[860.131751 860.131589 1040.467811 860.131751]; plot(x,y); hold on;
x=[230.350706 458.638652 458.368937 230.350706]; y=[1040.467811 860.131589 1040.467650 1040.467811]; plot(x,y); hold on;
x=[458.638652 686.656883 458.368937 458.638652]; y=[860.131589 860.131428 1040.467650 860.131589]; plot(x,y); hold on;
x=[458.368937 686.656883 686.387168 458.368937]; y=[1040.467650 860.131428 1040.467489 1040.467650]; plot(x,y); hold on;
x=[686.656883 914.675114 686.387168 686.656883]; y=[860.131428 860.131267 1040.467489 860.131428]; plot(x,y); hold on;
x=[686.387168 914.675114 914.405399 686.387168]; y=[1040.467489 860.131267 1040.467327 1040.467489]; plot(x,y); hold on;
x=[914.675114 1142.693345 914.405399 914.675114]; y=[860.131267 860.131106 1040.467327 860.131267]; plot(x,y); hold on;
x=[914.405399 1142.693345 1142.423630 914.405399]; y=[1040.467327 860.131106 1040.467166 1040.467327]; plot(x,y); hold on;
x=[1142.693345 1374.711896 1142.423630 1142.693345]; y=[860.131106 860.130941 1040.467166 860.131106]; plot(x,y); hold on;
x=[1142.423630 1374.711896 1374.442181 1142.423630]; y=[1040.467166 860.130941 1040.467002 1040.467166]; plot(x,y); hold on;

---- Matlab B-Sys Optimized ----
x=[2.602190 230.620421 2.332475 2.602190]; y=[860.131912 860.131751 1040.467972 860.131912]; plot(x,y); hold on;
x=[2.332475 230.620421 230.350706 2.332475]; y=[1040.467972 860.131751 1040.467811 1040.467972]; plot(x,y); hold on;
x=[230.620421 458.638652 230.350706 230.620421]; y=[860.131751 860.131589 1040.467811 860.131751]; plot(x,y); hold on;
x=[230.350706 458.638652 458.368937 230.350706]; y=[1040.467811 860.131589 1040.467650 1040.467811]; plot(x,y); hold on;
x=[458.638652 686.656883 458.368937 458.638652]; y=[860.131589 860.131428 1040.467650 860.131589]; plot(x,y); hold on;
x=[458.368937 686.656883 686.387168 458.368937]; y=[1040.467650 860.131428 1040.467489 1040.467650]; plot(x,y); hold on;
x=[686.656883 914.675114 686.387168 686.656883]; y=[860.131428 860.131267 1040.467489 860.131428]; plot(x,y); hold on;
x=[686.387168 914.675114 914.405399 686.387168]; y=[1040.467489 860.131267 1040.467327 1040.467489]; plot(x,y); hold on;
x=[914.675114 1142.693345 914.405399 914.675114]; y=[860.131267 860.131106 1040.467327 860.131267]; plot(x,y); hold on;
x=[914.405399 1142.693345 1142.423630 914.405399]; y=[1040.467327 860.131106 1040.467166 1040.467327]; plot(x,y); hold on;
x=[1142.693345 1374.711896 1142.423630 1142.693345]; y=[860.131106 860.130941 1040.467166 860.131106]; plot(x,y); hold on;
x=[1142.423630 1374.711896 1374.442181 1142.423630]; y=[1040.467166 860.130941 1040.467002 1040.467166]; plot(x,y); hold on;

---- Deltas ----
id=     0: dx=    0.00 dy=    0.00 d=    0.00
id=     1: dx=    0.00 dy=    0.00 d=    0.00
id=     2: dx=    0.00 dy=    0.00 d=    0.00
id=     3: dx=    0.00 dy=    0.00 d=    0.00
id=     4: dx=    0.00 dy=    0.00 d=    0.00
id=     5: dx=    0.00 dy=    0.00 d=    0.00
id=     6: dx=    0.00 dy=    0.00 d=    0.00
id=     7: dx=    0.00 dy=    0.00 d=    0.00
id=     8: dx=    0.00 dy=    0.00 d=    0.00
id=     9: dx=    0.00 dy=    0.00 d=    0.00
id=    10: dx=    0.00 dy=    0.00 d=    0.00
id=    11: dx=    0.00 dy=    0.00 d=    0.00
id=    12: dx=    0.00 dy=    0.00 d=    0.00
id=    13: dx=    0.00 dy=    0.00 d=    0.00

---- Areas ----
Triangle 0, area was    20520.0, is    20560.0,    0.2%
Triangle 1, area was    20520.0, is    20560.0,    0.2%
Triangle 2, area was    20520.0, is    20560.0,    0.2%
Triangle 3, area was    20520.0, is    20560.0,    0.2%
Triangle 4, area was    20520.0, is    20560.0,    0.2%
Triangle 5, area was    20520.0, is    20560.0,    0.2%
Triangle 6, area was    20520.0, is    20560.0,    0.2%
Triangle 7, area was    20520.0, is    20560.0,    0.2%
Triangle 8, area was    20520.0, is    20560.0,    0.2%
Triangle 9, area was    20520.0, is    20560.0,    0.2%
Triangle 10, area was    20880.0, is    20920.7,    0.2%
Triangle 11, area was    20880.0, is    20920.7,    0.2%
Combined: area was   246960.0, is   247440.9,    0.2%

---- Transforms ----
 1.0001 -0.0015     2.60   -0.0000  1.0019   860.13
 1.0001 -0.0015     2.60   -0.0000  1.0019   860.13
 1.0001 -0.0015     2.60   -0.0000  1.0019   860.13
 1.0001 -0.0015     2.60   -0.0000  1.0019   860.13
 1.0001 -0.0015     2.60   -0.0000  1.0019   860.13
 1.0001 -0.0015     2.60   -0.0000  1.0019   860.13
 1.0001 -0.0015     2.60   -0.0000  1.0019   860.13
 1.0001 -0.0015     2.60   -0.0000  1.0019   860.13
 1.0001 -0.0015     2.60   -0.0000  1.0019   860.13
 1.0001 -0.0015     2.60   -0.0000  1.0019   860.13
 1.0001 -0.0015     2.60   -0.0000  1.0019   860.13
 1.0001 -0.0015     2.60   -0.0000  1.0019   860.13

---- QC - deformable ----
Remapping 1431040 points.
Metrics: DEF: Mean square difference 0.426275
Metrics: DEF: Smallest footprint deg=0, area=244216
MetricImages: Range x 0 1372, y 0 178, use Nx=1374, Ny=180
Approximate EM metric 0.058098 for 247320 points.
All points, deformable, dfm 0.058098

Metrics: TRI: Mean square difference 0.604274
Metrics: TRI: Smallest footprint deg=0, area=40584
MetricImages: Range x 0 228, y 0 178, use Nx=230, Ny=180
Approximate EM metric 0.071065 for 41400 points.
%Yellow: Tol   1.05  red   36.1  yellow   22.9  green   41.1
%Yellow: Tol   1.10  red   28.7  yellow   39.7  green   31.6
%Yellow: Tol   1.15  red   22.8  yellow   53.4  green   23.8
%Yellow: Tol   1.20  red   17.3  yellow   64.8  green   18.0
%Yellow: Tol   1.25  red   13.7  yellow   72.8  green   13.5
Triangle 0: 20728 points, corr 0.697815, fm 0.071065, yellow 0.73

Metrics: TRI: Mean square difference 0.487712
Metrics: TRI: Smallest footprint deg=0, area=39825
MetricImages: Range x 3 228, y 1 178, use Nx=226, Ny=178
Approximate EM metric 0.037865 for 40228 points.
%Yellow: Tol   1.05  red   33.9  yellow   26.5  green   39.6
%Yellow: Tol   1.10  red   23.4  yellow   48.8  green   27.8
%Yellow: Tol   1.15  red   17.2  yellow   63.5  green   19.3
%Yellow: Tol   1.20  red   14.1  yellow   72.4  green   13.4
%Yellow: Tol   1.25  red   11.6  yellow   78.9  green    9.5
Triangle 1: 20263 points, corr 0.756095, fm 0.037865, yellow 0.79

Metrics: TRI: Mean square difference 0.447288
Metrics: TRI: Smallest footprint deg=0, area=40406
MetricImages: Range x 229 456, y 0 178, use Nx=228, Ny=180
Approximate EM metric 0.040794 for 41040 points.
%Yellow: Tol   1.05  red   29.4  yellow   35.4  green   35.2
%Yellow: Tol   1.10  red   21.3  yellow   53.2  green   25.5
%Yellow: Tol   1.15  red   17.6  yellow   64.4  green   18.0
%Yellow: Tol   1.20  red   14.1  yellow   72.9  green   13.0
%Yellow: Tol   1.25  red   11.4  yellow   79.5  green    9.1
Triangle 2: 20549 points, corr 0.776307, fm 0.040794, yellow 0.79

Metrics: TRI: Mean square difference 0.473459
Metrics: TRI: Smallest footprint deg=0, area=39825
MetricImages: Range x 231 456, y 1 178, use Nx=226, Ny=178
Approximate EM metric 0.028363 for 40228 points.
%Yellow: Tol   1.05  red   30.4  yellow   29.1  green   40.5
%Yellow: Tol   1.10  red   25.7  yellow   45.3  green   29.0
%Yellow: Tol   1.15  red   21.3  yellow   57.9  green   20.8
%Yellow: Tol   1.20  red   16.9  yellow   68.3  green   14.8
%Yellow: Tol   1.25  red   13.2  yellow   76.1  green   10.7
Triangle 3: 20263 points, corr 0.763221, fm 0.028363, yellow 0.76

Metrics: TRI: Mean square difference 0.345905
Metrics: TRI: Smallest footprint deg=0, area=40406
MetricImages: Range x 457 684, y 0 178, use Nx=228, Ny=180
Approximate EM metric 0.026220 for 41040 points.
%Yellow: Tol   1.05  red   31.7  yellow   23.7  green   44.6
%Yellow: Tol   1.10  red   25.3  yellow   49.6  green   25.2
%Yellow: Tol   1.15  red   19.9  yellow   64.3  green   15.8
%Yellow: Tol   1.20  red   15.5  yellow   72.9  green   11.6
%Yellow: Tol   1.25  red   11.7  yellow   79.7  green    8.6
Triangle 4: 20549 points, corr 0.826999, fm 0.026220, yellow 0.80

Metrics: TRI: Mean square difference 0.378476
Metrics: TRI: Smallest footprint deg=0, area=39825
MetricImages: Range x 459 684, y 1 178, use Nx=226, Ny=178
Approximate EM metric 0.029438 for 40228 points.
%Yellow: Tol   1.05  red   31.8  yellow   20.8  green   47.4
%Yellow: Tol   1.10  red   26.1  yellow   45.5  green   28.4
%Yellow: Tol   1.15  red   21.0  yellow   61.8  green   17.2
%Yellow: Tol   1.20  red   16.3  yellow   72.1  green   11.6
%Yellow: Tol   1.25  red   12.2  yellow   80.1  green    7.7
Triangle 5: 20263 points, corr 0.810713, fm 0.029438, yellow 0.80

Metrics: TRI: Mean square difference 0.395120
Metrics: TRI: Smallest footprint deg=0, area=40406
MetricImages: Range x 685 912, y 0 178, use Nx=228, Ny=180
Approximate EM metric 0.023398 for 41040 points.
%Yellow: Tol   1.05  red   29.6  yellow   20.7  green   49.7
%Yellow: Tol   1.10  red   24.8  yellow   49.1  green   26.1
%Yellow: Tol   1.15  red   20.6  yellow   64.8  green   14.6
%Yellow: Tol   1.20  red   16.6  yellow   73.9  green    9.6
%Yellow: Tol   1.25  red   12.5  yellow   80.9  green    6.6
Triangle 6: 20549 points, corr 0.802391, fm 0.023398, yellow 0.81

Metrics: TRI: Mean square difference 0.363077
Metrics: TRI: Smallest footprint deg=0, area=39825
MetricImages: Range x 687 912, y 1 178, use Nx=226, Ny=178
Approximate EM metric 0.032411 for 40228 points.
%Yellow: Tol   1.05  red   29.8  yellow   24.6  green   45.6
%Yellow: Tol   1.10  red   24.9  yellow   48.9  green   26.2
%Yellow: Tol   1.15  red   19.8  yellow   64.5  green   15.7
%Yellow: Tol   1.20  red   15.6  yellow   74.9  green    9.5
%Yellow: Tol   1.25  red   11.8  yellow   81.9  green    6.3
Triangle 7: 20263 points, corr 0.818412, fm 0.032411, yellow 0.82

Metrics: TRI: Mean square difference 0.363869
Metrics: TRI: Smallest footprint deg=0, area=40406
MetricImages: Range x 913 1140, y 0 178, use Nx=228, Ny=180
Approximate EM metric 0.027261 for 41040 points.
%Yellow: Tol   1.05  red   35.4  yellow   30.3  green   34.3
%Yellow: Tol   1.10  red   27.1  yellow   50.9  green   22.0
%Yellow: Tol   1.15  red   20.8  yellow   63.2  green   16.0
%Yellow: Tol   1.20  red   16.1  yellow   71.3  green   12.7
%Yellow: Tol   1.25  red   12.3  yellow   76.8  green   10.9
Triangle 8: 20549 points, corr 0.818017, fm 0.027261, yellow 0.77

Metrics: TRI: Mean square difference 0.528839
Metrics: TRI: Smallest footprint deg=0, area=39825
MetricImages: Range x 915 1140, y 1 178, use Nx=226, Ny=178
Approximate EM metric 0.029455 for 40228 points.
%Yellow: Tol   1.05  red   39.4  yellow   15.7  green   44.9
%Yellow: Tol   1.10  red   33.5  yellow   29.5  green   37.0
%Yellow: Tol   1.15  red   27.3  yellow   42.7  green   30.0
%Yellow: Tol   1.20  red   21.7  yellow   57.8  green   20.5
%Yellow: Tol   1.25  red   16.8  yellow   68.3  green   14.9
Triangle 9: 20263 points, corr 0.735531, fm 0.029455, yellow 0.68

Metrics: TRI: Mean square difference 0.525897
Metrics: TRI: Smallest footprint deg=0, area=41118
MetricImages: Range x 1141 1372, y 0 178, use Nx=232, Ny=180
Approximate EM metric 0.031228 for 41760 points.
%Yellow: Tol   1.05  red   35.0  yellow    8.3  green   56.8
%Yellow: Tol   1.10  red   30.0  yellow   20.6  green   49.4
%Yellow: Tol   1.15  red   25.9  yellow   55.5  green   18.6
%Yellow: Tol   1.20  red   20.9  yellow   66.8  green   12.3
%Yellow: Tol   1.25  red   16.6  yellow   75.1  green    8.3
Triangle 10: 20907 points, corr 0.737004, fm 0.031228, yellow 0.75

Metrics: TRI: Mean square difference 0.497984
Metrics: TRI: Smallest footprint deg=0, area=40533
MetricImages: Range x 1143 1372, y 1 178, use Nx=230, Ny=178
Approximate EM metric 0.040538 for 40940 points.
%Yellow: Tol   1.05  red   26.7  yellow   20.0  green   53.2
%Yellow: Tol   1.10  red   23.8  yellow   53.1  green   23.1
%Yellow: Tol   1.15  red   20.3  yellow   65.8  green   13.9
%Yellow: Tol   1.20  red   17.4  yellow   73.4  green    9.2
%Yellow: Tol   1.25  red   13.8  yellow   80.8  green    5.5
Triangle 11: 20621 points, corr 0.750960, fm 0.040538, yellow 0.81


---- Final reports ----
STAT: Overall 245767 points, corr 0.7873, EMM 0.0581, weighted EMM 0.0349, cor+dfm 0.8454, weighted yellow 0.7756

Angle span: min, max, delta = 0.000748 0.000748 0.000000
Mesh-Thm: 0.0001  0.0015     0.42    0.0000  0.0019     0.35 2x(LDR,LDC)=(0.20,200.00) -- OK.

Final remapping of 1431040 points.
Center 73.002690 57.633702:  1.0001 -0.0015     2.60   -0.0000  1.0019   860.13
Mapping region 1 xy= 73.002690 57.633702 to region 1 xy= 75.524357 917.873165
Center 140.096892 124.698595:  1.0001 -0.0015     2.60   -0.0000  1.0019   860.13
Mapping region 1 xy= 140.096892 124.698595 to region 1 xy= 142.523433 985.063221
Center 297.931856 55.209360:  1.0001 -0.0015     2.60   -0.0000  1.0019   860.13
Mapping region 1 xy= 297.931856 55.209360 to region 1 xy= 300.475142 915.444137
Center 366.142960 125.469884:  1.0001 -0.0015     2.60   -0.0000  1.0019   860.13
Mapping region 1 xy= 366.142960 125.469884 to region 1 xy= 368.586421 985.835790
Center 530.498610 58.814692:  1.0001 -0.0015     2.60   -0.0000  1.0019   860.13
Mapping region 1 xy= 530.498610 58.814692 to region 1 xy= 533.055089 919.056036
Center 602.904614 122.011337:  1.0001 -0.0015     2.60   -0.0000  1.0019   860.13
Mapping region 1 xy= 602.904614 122.011337 to region 1 xy= 605.372189 982.370618
Center 754.161455 55.390622:  1.0001 -0.0015     2.60   -0.0000  1.0019   860.13
Mapping region 1 xy= 754.161455 55.390622 to region 1 xy= 756.740950 915.625415
Center 831.777824 121.666648:  1.0001 -0.0015     2.60   -0.0000  1.0019   860.13
Mapping region 1 xy= 831.777824 121.666648 to region 1 xy= 834.264216 982.025124
Center 983.789828 56.676180:  1.0001 -0.0015     2.60   -0.0000  1.0019   860.13
Mapping region 1 xy= 983.789828 56.676180 to region 1 xy= 986.385758 916.913211
Center 1056.743565 122.864382:  1.0001 -0.0015     2.60   -0.0000  1.0019   860.13
Mapping region 1 xy= 1056.743565 122.864382 to region 1 xy= 1059.246150 983.224935
Center 1212.470065 56.226774:  1.0001 -0.0015     2.60   -0.0000  1.0019   860.13
Mapping region 1 xy= 1212.470065 56.226774 to region 1 xy= 1215.084953 916.462804
Center 1289.024667 122.188707:  1.0001 -0.0015     2.60   -0.0000  1.0019   860.13
Mapping region 1 xy= 1289.024667 122.188707 to region 1 xy= 1291.546838 982.547834

Pipe: Returning 12 total transforms.

---- Summary Region-region results ----
Pipe: Table Headers {Az t r Bz t r thmok ntri}
FOUND:     0    1   1      0    0   1   1  12

---- Tabulating point matches ----
Tabulate: Rgn 1 -> 1: Keeping 12 of 12 point-pairs.

Timer: Alignment took 1.500 seconds.

main: Got 12 mapping regions.
main: Transform   0:  1.0001 -0.0015     2.60   -0.0000  1.0019   860.13
main: Transform   1:  1.0001 -0.0015     2.60   -0.0000  1.0019   860.13
main: Transform   2:  1.0001 -0.0015     2.60   -0.0000  1.0019   860.13
main: Transform   3:  1.0001 -0.0015     2.60   -0.0000  1.0019   860.13
main: Transform   4:  1.0001 -0.0015     2.60   -0.0000  1.0019   860.13
main: Transform   5:  1.0001 -0.0015     2.60   -0.0000  1.0019   860.13
main: Transform   6:  1.0001 -0.0015     2.60   -0.0000  1.0019   860.13
main: Transform   7:  1.0001 -0.0015     2.60   -0.0000  1.0019   860.13
main: Transform   8:  1.0001 -0.0015     2.60   -0.0000  1.0019   860.13
main: Transform   9:  1.0001 -0.0015     2.60   -0.0000  1.0019   860.13
main: Transform  10:  1.0001 -0.0015     2.60   -0.0000  1.0019   860.13
main: Transform  11:  1.0001 -0.0015     2.60   -0.0000  1.0019   860.13

main: Average:  1.0001 -0.0015     0.00   -0.0000  1.0019     0.00
main: Degrees: 0.0428644
main: Residue:  1.0001 -0.0007     0.00   -0.0007  1.0019     0.00

main: Inverse:  0.9999  0.0015    -0.00    0.0000  0.9981    -0.00
main: Degrees: -0.0428644
main: Residue:  0.9999  0.0007     0.00    0.0007  0.9981     0.00

main: Normal completion for dmesh run.
Timer: Total took 1.760 seconds.

---- Memory ----
Host name: h08u02.int.janelia.org
PID:       24542
User time:       1 seconds.
System time:     0 seconds.
VmPeak:	  380068 kB
VmSize:	  217292 kB
VmLck:	       0 kB
VmPin:	       0 kB
VmHWM:	  216772 kB
VmRSS:	   53504 kB
VmData:	   47896 kB
VmStk:	     164 kB
VmExe:	     832 kB
VmLib:	   85564 kB
VmPTE:	     352 kB
VmSwap:	       0 kB
voluntary_ctxt_switches:	23
nonvoluntary_ctxt_switches:	36

