
---- dmesh start ----
main: Start: Fri Sep 30 13:13:18 2016


---- Match parameters ----
PXBRO=2            <default 2>        "Max Legendre poly order for bkg removal"
PXLENS=N           <default N>        "Y=Apply IDB/lens.txt"
PXRESMSK=N         <default N>        "Y=Apply resin mask"
PXDOG=N            <default N>        "Y=Apply DoG filter"
PXDOG_R1=3         <default 3>        "DoG inner radius"
PXDOG_R2=6         <default 6>        "DoG outer radius"
FLD=N              <default X>        "Mask usage: Y=Use, N=None, X=XL only"
PRETWEAK=N         <default N>        "Y=Auto-distort before angle scan"
SCALE=1            <default 1.0>      "Image-B / image-A scale factor"
XSCALE=1           <default 1.0>      "Image-B / image-A x-axis scale factor"
YSCALE=1           <default 1.0>      "Image-B / image-A y-axis scale factor"
SKEW=0             <default 0.0>      "Transform elem[3] user-applied distortion"
MODE_SL=M          <default Z>        "Notes above"
MODE_XL=N          <default Y>        "Notes above"
TAB2DFM_SL=N       <default Y>        "Adopt Tdfm from Tab"
TAB2DFM_XL=Y       <default Y>        "Adopt Tdfm from Tab"
XYCONF_SL=1.0      <default 0.0>      "[0,1.0] confidence in Tab XY"
XYCONF_XL=0.8      <default 0.0>      "[0,1.0] confidence in Tab XY"
THMDEC_SL=8        <default 8>        "2^N thumb decimation factor"
THMDEC_XL=8        <default 8>        "2^N thumb decimation factor"
OLAP1D_SL=0        <default 0>        "Min 1D pix full-size overlap"
OLAP1D_XL=0        <default 0>        "Min 1D pix full-size overlap"
OLAP2D_SL=60000    <default 25000>    "Min 2D pix full-size overlap"
OLAP2D_XL=160000   <default 200000>   "Min 2D pix full-size overlap"
NBMXHT_SL=0.75     <default 0.75>     "Max F(neib)/F(pk) in guard zone"
NBMXHT_XL=0.75     <default 0.75>     "Max F(neib)/F(pk) in guard zone"
HFANGDN_SL=5       <default 5.0>      "Half angle search range denovo"
HFANGDN_XL=45      <default 45.0>     "Half angle search range denovo"
HFANGPR_SL=1       <default 1.0>      "Half angle search range prior angles"
HFANGPR_XL=4       <default 1.0>      "Half angle search range prior angles"
RTRSH_SL=0.3       <default 0.3>      "R corr thresh"
RTRSH_XL=0.3       <default 0.3>      "R corr thresh"
TWEAKS=N           <default N>        "Y=Try 8 near unity distortions"
LIMXY_SL=30        <default 0>        "0 or Max XY delta from Tab"
LIMXY_XL=80        <default 0>        "0 or Max XY delta from Tab"
WTHMPR=Y           <default Y>        "Y=Write ThmPair_a^b.txt entries"
OPT_SL=Y           <default Y(EM)>    "Y=Enable mesh optimizer"
RIT_SL=0.50        <default 0.20>     "Min mesh starting corr"
RIT_XL=0.1         <default 0.20>     "Min mesh starting corr"
RFA_SL=0.55        <default 0.3>      "Affine-only final corr"
RFA_XL=0.20        <default 0.3>      "Affine-only final corr"
RFT_SL=0.65        <default 0.5>      "Full mesh final corr"
RFT_XL=0.25        <default 0.5>      "Full mesh final corr"
TMC=5              <default 30.0%>    "Max single triangle area change"
TSC=9              <default 9.0%>     "Max summed triangle area change"
MNL=250            <default 300>      "Triangle edges between MNL and 2*MNL"
MTA=120000         <default 10000>    "Min triangle size (pixels)"
MMA=60000          <default 100000>   "Min 2D overlap for mesh"
ONE=N              <default N>        "Y=Use just one affine transform"
IFM=0.50           <default 0.50>     "Min Fourier Metric after affine-only"
FFM=0.65           <default 0.65>     "Min Fourier Metric after full mesh"
FYL=0.5            <default 0.50>     "Min fraction of yellow pixels"
CPD=0.5            <default 0.50>     "Min Correlation + DFM"
EMM=Y              <default Y>        "Y=Use Earth Mover's Metric, N=Use Fourier"
EMT=0.14           <default 0.2>      "Earth Movers Metric thresh"
WDI=N              <default N>        "Y=Write diff images (Fourier, EMM metrics)"
LDA=0.2            <default 0.2>      "Max radian delta between triangles"
LDR=0.1            <default 0.1>      "Max sine delta between triangles"
LDC=100            <default 100.0>    "Max XY delta between triangles"
DXY=100            <default 100.0>    "Max delta from user input XYs"
WMT=N              <default Y>        "Y=Write map.tif files"
WTT=N              <default Y>        "Y=Write tf.txt files"


---- Input images ----
Til2Img entry: A T=[ 1.0000  0.0000  1142.00  0.0000  1.0000  1714.00] path=[/groups/apig/tomo/DEMO/TIF/A1_2_2.tif].
Til2Img entry: B T=[ 1.0000  0.0000  1142.00  0.0000  1.0000   857.00] path=[/groups/apig/tomo/DEMO/TIF/A1_1_2.tif].


---- Command-line overrides ----
Tdfm= 1.0000  0.0000     0.00    0.0000  1.0000     0.00
FLD=N
MODE=N (was M)
CTR=0


---- Image loading ----
Raster8FromTif: Opening [/groups/apig/tomo/DEMO/TIF/A1_2_2.tif].
Raster8FromTif: Bits per sample 8, samples per pixel 1
Raster8FromTif: Picture is 1376 by 1040, 1431040 pixels total.
TIF(8): Last Encoded strip had 1376 bytes.
Raster8FromTif: Opening [/groups/apig/tomo/DEMO/TIF/A1_1_2.tif].
Raster8FromTif: Bits per sample 8, samples per pixel 1
Raster8FromTif: Picture is 1376 by 1040, 1431040 pixels total.
TIF(8): Last Encoded strip had 1376 bytes.
PixPair: Using image scale=1.
Timer: Image conditioning took 0.250 seconds.

---- Foldmaps ----

---- Connected regions ----
Forcing single connected region.

---- Begin A-1 to B-1 ----

---- Thumbnail matching ----
Subimage: Using intersection, w=1376, h=183, pix=251808
Thumbs: After decimation 3956 pts, reqArea 937, thmscl 8
SetDisc( 0, 0, 3, 3 )
Initial: R= 5.191, A=   0.000, X=    0.27, Y=    0.13
Peak-Disc: dR 2 dX 2 dY 1
Approx: LowRes  R=5.191, X=2.177, Y=1.029
Approx: FullRes R=1.593, X=3.156, Y=1.274, use=Y.
Timer: FinishAtFullRes took 0.260 seconds.
Approx: Returning A=0.000000, R=5.191293, X=3.155681, Y=858.273532
Approx: Best transform  1.0000  0.0000     3.16    0.0000  1.0000   858.27
Approx: Orig transform  1.0000  0.0000     0.00    0.0000  1.0000   857.00
Approx: Idnt transform  1.0000  0.0000     3.16    0.0000  1.0000     1.27
Approx: err = 3.40297, max = 30

---- Starting detailed region mapping ----
Roughly 249886 pixels map to B.
Region size is [0 1372] in x, [0 181] in y.

---- Building mesh - affine ----
Computed simple triangle.

---- ImproveMesh - affine ----
Tri: (0 0) (1372 0) (686 181).

---- Matlab Vertices ----
x=[0 1372 686 0]; y=[0 0 181 0]; plot(x,y); hold on;

---- ImproveControlPts ----
STAT: ImproveCpt: Initial affine correlation 0.808975 (249886 pixels).
corr=0.808975	step=10.000000
corr=0.808975	step=5.000000
corr=0.808975	step=2.500000
corr=0.808975	step=1.250000
corr=0.808975	step=0.625000
corr=0.811837	step=0.625000
corr=0.811837	step=0.312500
corr=0.811837	step=0.156250
corr=0.811837	step=0.078125
STAT: ImproveCpt: Final affine correlation 0.811837, (threshold 0.550000).

---- Matlab A-Sys Originals ----
x=[0.000000 1372.000000 686.000000 0.000000]; y=[0.000000 0.000000 181.000000 0.000000]; plot(x,y); hold on;

---- Matlab B-Sys Originals ----
x=[3.155681 1375.155681 689.155681 3.155681]; y=[858.273532 858.273532 1039.273532 858.273532]; plot(x,y); hold on;

---- Matlab B-Sys Optimized ----
x=[2.869887 1374.934142 688.650018 2.869887]; y=[858.288488 858.313687 1039.321853 858.288488]; plot(x,y); hold on;

---- Deltas ----
id=     0: dx=   -0.29 dy=    0.01 d=    0.29
id=     1: dx=   -0.22 dy=    0.04 d=    0.23
id=     2: dx=   -0.51 dy=    0.05 d=    0.51

---- Areas ----
Triangle 0, area was   124166.0, is   124186.1,    0.0%
Combined: area was   124166.0, is   124186.1,    0.0%

---- Transforms ----
 1.0000 -0.0014     2.87    0.0000  1.0001   858.29
Best affine transform:  1.0000 -0.0014     2.87    0.0000  1.0001   858.29
    Inverse transform:  1.0000  0.0014    -4.06   -0.0000  0.9999  -858.19

---- QC - affine ----
Metrics: AFF: Mean square difference 0.375642
Metrics: AFF: Smallest footprint deg=0, area=246960
MetricImages: Range x 0 1372, y 0 180, use Nx=1374, Ny=182
Approximate EM metric 0.032173 for 250068 points.
%Yellow: Tol   1.05  red   27.0  yellow   36.3  green   36.7
%Yellow: Tol   1.10  red   21.0  yellow   55.0  green   24.0
%Yellow: Tol   1.15  red   17.4  yellow   64.9  green   17.7
%Yellow: Tol   1.20  red   13.9  yellow   73.5  green   12.5
%Yellow: Tol   1.25  red   11.0  yellow   80.8  green    8.2
Affine Triangle: 248513 points, corr 0.812175, fm 0.032173, yellow 0.81

---- Building mesh - deformable ----
Lx Dx Nx:  1372   228.00   6
Ly Dy Ny:   181   181.00   1

STAT: From 249886 pts, got 12 triangles, 14 control points.
Timer: MeshCreate took 0.010 seconds.

---- ImproveMesh - deformable mesh ----
Tri: (0 0) (228 0) (0 181).
Tri: (0 181) (228 0) (228 181).
Tri: (228 0) (456 0) (228 181).
Tri: (228 181) (456 0) (456 181).
Tri: (456 0) (684 0) (456 181).
Tri: (456 181) (684 0) (684 181).
Tri: (684 0) (912 0) (684 181).
Tri: (684 181) (912 0) (912 181).
Tri: (912 0) (1140 0) (912 181).
Tri: (912 181) (1140 0) (1140 181).
Tri: (1140 0) (1372 0) (1140 181).
Tri: (1140 181) (1372 0) (1372 181).

---- Matlab Vertices ----
x=[0 228 0 0]; y=[0 0 181 0]; plot(x,y); hold on;
x=[0 228 228 0]; y=[181 0 181 181]; plot(x,y); hold on;
x=[228 456 228 228]; y=[0 0 181 0]; plot(x,y); hold on;
x=[228 456 456 228]; y=[181 0 181 181]; plot(x,y); hold on;
x=[456 684 456 456]; y=[0 0 181 0]; plot(x,y); hold on;
x=[456 684 684 456]; y=[181 0 181 181]; plot(x,y); hold on;
x=[684 912 684 684]; y=[0 0 181 0]; plot(x,y); hold on;
x=[684 912 912 684]; y=[181 0 181 181]; plot(x,y); hold on;
x=[912 1140 912 912]; y=[0 0 181 0]; plot(x,y); hold on;
x=[912 1140 1140 912]; y=[181 0 181 181]; plot(x,y); hold on;
x=[1140 1372 1140 1140]; y=[0 0 181 0]; plot(x,y); hold on;
x=[1140 1372 1372 1140]; y=[181 0 181 181]; plot(x,y); hold on;

---- ImproveControlPts ----
STAT: ImproveCpt: Initial deformable mesh correlation 0.811837 (249886 pixels).
corr=0.811837	step=10.000000
corr=0.811837	step=5.000000
corr=0.811837	step=2.500000
corr=0.819580	step=2.500000
corr=0.819580	step=1.250000
corr=0.819580	step=0.625000
corr=0.819580	step=0.312500
corr=0.819580	step=0.156250
corr=0.819697	step=0.156250
corr=0.819697	step=0.078125
STAT: ImproveCpt: Final deformable mesh correlation 0.819697, (threshold 0.650000).

---- Matlab A-Sys Originals ----
x=[0.000000 228.000000 0.000000 0.000000]; y=[0.000000 0.000000 181.000000 0.000000]; plot(x,y); hold on;
x=[0.000000 228.000000 228.000000 0.000000]; y=[181.000000 0.000000 181.000000 181.000000]; plot(x,y); hold on;
x=[228.000000 456.000000 228.000000 228.000000]; y=[0.000000 0.000000 181.000000 0.000000]; plot(x,y); hold on;
x=[228.000000 456.000000 456.000000 228.000000]; y=[181.000000 0.000000 181.000000 181.000000]; plot(x,y); hold on;
x=[456.000000 684.000000 456.000000 456.000000]; y=[0.000000 0.000000 181.000000 0.000000]; plot(x,y); hold on;
x=[456.000000 684.000000 684.000000 456.000000]; y=[181.000000 0.000000 181.000000 181.000000]; plot(x,y); hold on;
x=[684.000000 912.000000 684.000000 684.000000]; y=[0.000000 0.000000 181.000000 0.000000]; plot(x,y); hold on;
x=[684.000000 912.000000 912.000000 684.000000]; y=[181.000000 0.000000 181.000000 181.000000]; plot(x,y); hold on;
x=[912.000000 1140.000000 912.000000 912.000000]; y=[0.000000 0.000000 181.000000 0.000000]; plot(x,y); hold on;
x=[912.000000 1140.000000 1140.000000 912.000000]; y=[181.000000 0.000000 181.000000 181.000000]; plot(x,y); hold on;
x=[1140.000000 1372.000000 1140.000000 1140.000000]; y=[0.000000 0.000000 181.000000 0.000000]; plot(x,y); hold on;
x=[1140.000000 1372.000000 1372.000000 1140.000000]; y=[181.000000 0.000000 181.000000 181.000000]; plot(x,y); hold on;

---- Matlab B-Sys Originals ----
x=[2.869887 230.880565 2.617890 2.869887]; y=[858.288488 858.292675 1039.309254 858.288488]; plot(x,y); hold on;
x=[2.617890 230.880565 230.628568 2.617890]; y=[1039.309254 858.292675 1039.313441 1039.309254]; plot(x,y); hold on;
x=[230.880565 458.891243 230.628568 230.880565]; y=[858.292675 858.296863 1039.313441 858.292675]; plot(x,y); hold on;
x=[230.628568 458.891243 458.639246 230.628568]; y=[1039.313441 858.296863 1039.317629 1039.313441]; plot(x,y); hold on;
x=[458.891243 686.901921 458.639246 458.891243]; y=[858.296863 858.301051 1039.317629 858.296863]; plot(x,y); hold on;
x=[458.639246 686.901921 686.649924 458.639246]; y=[1039.317629 858.301051 1039.321816 1039.317629]; plot(x,y); hold on;
x=[686.901921 914.912599 686.649924 686.901921]; y=[858.301051 858.305238 1039.321816 858.301051]; plot(x,y); hold on;
x=[686.649924 914.912599 914.660602 686.649924]; y=[1039.321816 858.305238 1039.326004 1039.321816]; plot(x,y); hold on;
x=[914.912599 1142.923277 914.660602 914.912599]; y=[858.305238 858.309426 1039.326004 858.305238]; plot(x,y); hold on;
x=[914.660602 1142.923277 1142.671280 914.660602]; y=[1039.326004 858.309426 1039.330191 1039.326004]; plot(x,y); hold on;
x=[1142.923277 1374.934142 1142.671280 1142.923277]; y=[858.309426 858.313687 1039.330191 858.309426]; plot(x,y); hold on;
x=[1142.671280 1374.934142 1374.682145 1142.671280]; y=[1039.330191 858.313687 1039.334452 1039.330191]; plot(x,y); hold on;

---- Matlab B-Sys Optimized ----
x=[3.117892 231.499302 3.076682 3.117892]; y=[858.284884 858.390230 1039.355052 858.284884]; plot(x,y); hold on;
x=[3.076682 231.499302 231.077186 3.076682]; y=[1039.355052 858.390230 1039.420584 1039.355052]; plot(x,y); hold on;
x=[231.499302 459.488703 231.077186 231.499302]; y=[858.390230 858.352458 1039.420584 858.390230]; plot(x,y); hold on;
x=[231.077186 459.488703 459.281188 231.077186]; y=[1039.420584 858.352458 1039.293777 1039.420584]; plot(x,y); hold on;
x=[459.488703 687.669275 459.281188 459.488703]; y=[858.352458 858.229521 1039.293777 858.352458]; plot(x,y); hold on;
x=[459.281188 687.669275 687.439537 459.281188]; y=[1039.293777 858.229521 1039.220011 1039.293777]; plot(x,y); hold on;
x=[687.669275 915.617817 687.439537 687.669275]; y=[858.229521 858.175351 1039.220011 858.229521]; plot(x,y); hold on;
x=[687.439537 915.617817 915.422046 687.439537]; y=[1039.220011 858.175351 1039.315184 1039.220011]; plot(x,y); hold on;
x=[915.617817 1143.685718 915.422046 915.617817]; y=[858.175351 858.420240 1039.315184 858.175351]; plot(x,y); hold on;
x=[915.422046 1143.685718 1143.414964 915.422046]; y=[1039.315184 858.420240 1039.491870 1039.315184]; plot(x,y); hold on;
x=[1143.685718 1375.428903 1143.414964 1143.685718]; y=[858.420240 858.439126 1039.491870 858.420240]; plot(x,y); hold on;
x=[1143.414964 1375.428903 1375.078184 1143.414964]; y=[1039.491870 858.439126 1039.372333 1039.491870]; plot(x,y); hold on;

---- Deltas ----
id=     0: dx=    0.25 dy=   -0.00 d=    0.25
id=     1: dx=    0.62 dy=    0.10 d=    0.63
id=     2: dx=    0.60 dy=    0.06 d=    0.60
id=     3: dx=    0.77 dy=   -0.07 d=    0.77
id=     4: dx=    0.71 dy=   -0.13 d=    0.72
id=     5: dx=    0.76 dy=    0.11 d=    0.77
id=     6: dx=    0.49 dy=    0.13 d=    0.51
id=     7: dx=    0.46 dy=    0.05 d=    0.46
id=     8: dx=    0.45 dy=    0.11 d=    0.46
id=     9: dx=    0.64 dy=   -0.02 d=    0.64
id=    10: dx=    0.79 dy=   -0.10 d=    0.80
id=    11: dx=    0.76 dy=   -0.01 d=    0.76
id=    12: dx=    0.74 dy=    0.16 d=    0.76
id=    13: dx=    0.40 dy=    0.04 d=    0.40

---- Areas ----
Triangle 0, area was    20634.0, is    20676.5,    0.2%
Triangle 1, area was    20634.0, is    20637.5,    0.0%
Triangle 2, area was    20634.0, is    20636.5,    0.0%
Triangle 3, area was    20634.0, is    20645.8,    0.1%
Triangle 4, area was    20634.0, is    20643.6,    0.0%
Triangle 5, area was    20634.0, is    20647.2,    0.1%
Triangle 6, area was    20634.0, is    20628.3,   -0.0%
Triangle 7, area was    20634.0, is    20648.4,    0.1%
Triangle 8, area was    20634.0, is    20656.1,    0.1%
Triangle 9, area was    20634.0, is    20641.5,    0.0%
Triangle 10, area was    20996.0, is    20981.1,   -0.1%
Triangle 11, area was    20996.0, is    20957.8,   -0.2%
Combined: area was   248332.0, is   248400.3,    0.0%

---- Transforms ----
 1.0017 -0.0002     3.12    0.0005  1.0004   858.28
 1.0000 -0.0023     3.50    0.0003  1.0002   858.32
 1.0000 -0.0023     3.51   -0.0002  1.0002   858.43
 1.0009 -0.0011     3.08   -0.0006  0.9997   858.61
 1.0008 -0.0011     3.13   -0.0005  0.9997   858.60
 1.0007 -0.0013     3.19   -0.0003  0.9999   858.45
 0.9998 -0.0013     3.82   -0.0002  0.9999   858.39
 0.9999 -0.0011     3.69    0.0004  1.0008   857.79
 1.0003 -0.0011     3.35    0.0011  1.0008   857.20
 1.0000 -0.0015     3.72    0.0008  1.0004   857.54
 0.9989 -0.0015     4.95    0.0001  1.0004   858.33
 0.9985 -0.0019     5.42   -0.0005  0.9996   859.15

---- QC - deformable ----
Remapping 1431040 points.
Metrics: DEF: Mean square difference 0.359829
Metrics: DEF: Smallest footprint deg=0, area=246780
MetricImages: Range x 0 1371, y 0 180, use Nx=1372, Ny=182
Approximate EM metric 0.032232 for 249704 points.
All points, deformable, dfm 0.032232

Metrics: TRI: Mean square difference 0.476235
Metrics: TRI: Smallest footprint deg=0, area=41040
MetricImages: Range x 0 228, y 0 180, use Nx=230, Ny=182
Approximate EM metric 0.026746 for 41860 points.
%Yellow: Tol   1.05  red   29.3  yellow   31.3  green   39.4
%Yellow: Tol   1.10  red   24.8  yellow   48.4  green   26.7
%Yellow: Tol   1.15  red   21.0  yellow   58.9  green   20.2
%Yellow: Tol   1.20  red   17.1  yellow   67.7  green   15.2
%Yellow: Tol   1.25  red   13.7  yellow   74.7  green   11.6
Triangle 0: 20839 points, corr 0.761835, fm 0.026746, yellow 0.75

Metrics: TRI: Mean square difference 0.529372
Metrics: TRI: Smallest footprint deg=0, area=40454
MetricImages: Range x 2 228, y 1 180, use Nx=228, Ny=180
Approximate EM metric 0.028493 for 41040 points.
%Yellow: Tol   1.05  red   34.8  yellow   25.0  green   40.2
%Yellow: Tol   1.10  red   28.5  yellow   43.1  green   28.4
%Yellow: Tol   1.15  red   23.7  yellow   53.7  green   22.6
%Yellow: Tol   1.20  red   19.2  yellow   62.5  green   18.4
%Yellow: Tol   1.25  red   15.3  yellow   69.7  green   14.9
Triangle 1: 20610 points, corr 0.735266, fm 0.028493, yellow 0.70

Metrics: TRI: Mean square difference 0.291435
Metrics: TRI: Smallest footprint deg=0, area=40860
MetricImages: Range x 229 456, y 0 180, use Nx=228, Ny=182
Approximate EM metric 0.018617 for 41496 points.
%Yellow: Tol   1.05  red   24.9  yellow   42.4  green   32.7
%Yellow: Tol   1.10  red   19.3  yellow   60.1  green   20.7
%Yellow: Tol   1.15  red   14.9  yellow   70.7  green   14.4
%Yellow: Tol   1.20  red   11.1  yellow   78.9  green   10.0
%Yellow: Tol   1.25  red    8.5  yellow   84.3  green    7.3
Triangle 2: 20658 points, corr 0.854234, fm 0.018617, yellow 0.84

Metrics: TRI: Mean square difference 0.172490
Metrics: TRI: Smallest footprint deg=0, area=40454
MetricImages: Range x 230 456, y 1 180, use Nx=228, Ny=180
Approximate EM metric 0.015307 for 41040 points.
%Yellow: Tol   1.05  red   15.6  yellow   64.1  green   20.3
%Yellow: Tol   1.10  red   11.7  yellow   76.1  green   12.1
%Yellow: Tol   1.15  red    8.8  yellow   83.6  green    7.7
%Yellow: Tol   1.20  red    6.9  yellow   88.0  green    5.0
%Yellow: Tol   1.25  red    4.9  yellow   92.0  green    3.1
Triangle 3: 20610 points, corr 0.913707, fm 0.015307, yellow 0.92

Metrics: TRI: Mean square difference 0.321880
Metrics: TRI: Smallest footprint deg=0, area=40860
MetricImages: Range x 457 684, y 0 180, use Nx=228, Ny=182
Approximate EM metric 0.016100 for 41496 points.
%Yellow: Tol   1.05  red   14.4  yellow   62.4  green   23.2
%Yellow: Tol   1.10  red   12.9  yellow   73.1  green   14.1
%Yellow: Tol   1.15  red   11.5  yellow   79.3  green    9.2
%Yellow: Tol   1.20  red    9.0  yellow   85.1  green    5.9
%Yellow: Tol   1.25  red    8.0  yellow   88.0  green    4.0
Triangle 4: 20658 points, corr 0.839012, fm 0.016100, yellow 0.88

Metrics: TRI: Mean square difference 0.311719
Metrics: TRI: Smallest footprint deg=0, area=40454
MetricImages: Range x 458 684, y 1 180, use Nx=228, Ny=180
Approximate EM metric 0.016375 for 41040 points.
%Yellow: Tol   1.05  red   18.8  yellow   55.8  green   25.5
%Yellow: Tol   1.10  red   16.4  yellow   68.1  green   15.5
%Yellow: Tol   1.15  red   13.4  yellow   76.0  green   10.6
%Yellow: Tol   1.20  red   10.9  yellow   82.2  green    6.8
%Yellow: Tol   1.25  red    8.6  yellow   86.6  green    4.8
Triangle 5: 20610 points, corr 0.844092, fm 0.016375, yellow 0.87

Metrics: TRI: Mean square difference 0.385859
Metrics: TRI: Smallest footprint deg=0, area=40860
MetricImages: Range x 685 912, y 0 180, use Nx=228, Ny=182
Approximate EM metric 0.024383 for 41496 points.
%Yellow: Tol   1.05  red   25.9  yellow   30.3  green   43.8
%Yellow: Tol   1.10  red   22.9  yellow   57.2  green   19.9
%Yellow: Tol   1.15  red   19.0  yellow   68.7  green   12.3
%Yellow: Tol   1.20  red   15.7  yellow   75.8  green    8.5
%Yellow: Tol   1.25  red   12.6  yellow   82.2  green    5.3
Triangle 6: 20658 points, corr 0.807022, fm 0.024383, yellow 0.82

Metrics: TRI: Mean square difference 0.298360
Metrics: TRI: Smallest footprint deg=0, area=40454
MetricImages: Range x 686 912, y 1 180, use Nx=228, Ny=180
Approximate EM metric 0.024919 for 41040 points.
%Yellow: Tol   1.05  red   20.5  yellow   54.5  green   25.1
%Yellow: Tol   1.10  red   18.1  yellow   67.9  green   14.0
%Yellow: Tol   1.15  red   14.5  yellow   77.1  green    8.3
%Yellow: Tol   1.20  red   12.5  yellow   82.3  green    5.2
%Yellow: Tol   1.25  red    9.6  yellow   87.2  green    3.1
Triangle 7: 20610 points, corr 0.850772, fm 0.024919, yellow 0.87

Metrics: TRI: Mean square difference 0.426385
Metrics: TRI: Smallest footprint deg=0, area=40860
MetricImages: Range x 913 1140, y 0 180, use Nx=228, Ny=182
Approximate EM metric 0.025464 for 41496 points.
%Yellow: Tol   1.05  red   23.1  yellow   33.0  green   43.9
%Yellow: Tol   1.10  red   21.2  yellow   60.0  green   18.8
%Yellow: Tol   1.15  red   17.7  yellow   70.4  green   11.9
%Yellow: Tol   1.20  red   15.6  yellow   77.4  green    7.0
%Yellow: Tol   1.25  red   12.4  yellow   83.1  green    4.5
Triangle 8: 20658 points, corr 0.786759, fm 0.025464, yellow 0.83

Metrics: TRI: Mean square difference 0.410142
Metrics: TRI: Smallest footprint deg=0, area=40454
MetricImages: Range x 914 1140, y 1 180, use Nx=228, Ny=180
Approximate EM metric 0.036252 for 41040 points.
%Yellow: Tol   1.05  red   35.5  yellow   13.2  green   51.3
%Yellow: Tol   1.10  red   28.8  yellow   36.7  green   34.5
%Yellow: Tol   1.15  red   23.9  yellow   57.0  green   19.1
%Yellow: Tol   1.20  red   18.5  yellow   67.9  green   13.6
%Yellow: Tol   1.25  red   13.7  yellow   77.0  green    9.3
Triangle 9: 20610 points, corr 0.794881, fm 0.036252, yellow 0.77

Metrics: TRI: Mean square difference 0.369737
Metrics: TRI: Smallest footprint deg=0, area=41400
MetricImages: Range x 1141 1371, y 0 180, use Nx=232, Ny=182
Approximate EM metric 0.026574 for 42224 points.
%Yellow: Tol   1.05  red   35.5  yellow   13.2  green   51.4
%Yellow: Tol   1.10  red   30.0  yellow   30.5  green   39.5
%Yellow: Tol   1.15  red   23.6  yellow   58.5  green   17.9
%Yellow: Tol   1.20  red   17.7  yellow   71.0  green   11.3
%Yellow: Tol   1.25  red   12.7  yellow   79.9  green    7.4
Triangle 10: 21021 points, corr 0.815084, fm 0.026574, yellow 0.80

Metrics: TRI: Mean square difference 0.411164
Metrics: TRI: Smallest footprint deg=0, area=40991
MetricImages: Range x 1142 1371, y 1 180, use Nx=230, Ny=180
Approximate EM metric 0.048984 for 41400 points.
%Yellow: Tol   1.05  red   27.3  yellow   20.6  green   52.0
%Yellow: Tol   1.10  red   23.9  yellow   48.4  green   27.7
%Yellow: Tol   1.15  red   20.1  yellow   68.7  green   11.2
%Yellow: Tol   1.20  red   16.8  yellow   77.1  green    6.1
%Yellow: Tol   1.25  red   13.2  yellow   82.8  green    3.9
Triangle 11: 20790 points, corr 0.794370, fm 0.048984, yellow 0.83


---- Final reports ----
STAT: Overall 248332 points, corr 0.8197, EMM 0.0322, weighted EMM 0.0257, cor+dfm 0.8519, weighted yellow 0.8228

Angle span: min, max, delta = 0.000295 0.001310 0.001015
Mesh-Thm: 0.0001  0.0014     0.55    0.0001  0.0002     0.02 2x(LDR,LDC)=(0.20,200.00) -- OK.

Final remapping of 1431040 points.
Center 73.002690 57.953890:  1.0017 -0.0002     3.12    0.0005  1.0004   858.28
Mapping region 1 xy= 73.002690 57.953890 to region 1 xy= 76.229510 916.294971
Center 140.096892 125.391365:  1.0000 -0.0023     3.50    0.0003  1.0002   858.32
Mapping region 1 xy= 140.096892 125.391365 to region 1 xy= 143.303570 983.777359
Center 297.931856 55.516078:  1.0000 -0.0023     3.51   -0.0002  1.0002   858.43
Mapping region 1 xy= 297.931856 55.516078 to region 1 xy= 301.298436 913.904033
Center 366.142960 126.166939:  1.0009 -0.0011     3.08   -0.0006  0.9997   858.61
Mapping region 1 xy= 366.142960 126.166939 to region 1 xy= 369.406614 984.528469
Center 530.498610 59.141440:  1.0008 -0.0011     3.13   -0.0005  0.9997   858.60
Mapping region 1 xy= 530.498610 59.141440 to region 1 xy= 533.978509 917.434555
Center 602.904614 122.689177:  1.0007 -0.0013     3.19   -0.0003  0.9999   858.45
Mapping region 1 xy= 602.904614 122.689177 to region 1 xy= 606.361841 980.938489
Center 754.161455 55.698348:  0.9998 -0.0013     3.82   -0.0002  0.9999   858.39
Mapping region 1 xy= 754.161455 55.698348 to region 1 xy= 757.744199 913.908273
Center 831.777824 122.342574:  0.9999 -0.0011     3.69    0.0004  1.0008   857.79
Mapping region 1 xy= 831.777824 122.342574 to region 1 xy= 835.269469 980.578955
Center 983.789828 56.991048:  1.0003 -0.0011     3.35    0.0011  1.0008   857.20
Mapping region 1 xy= 983.789828 56.991048 to region 1 xy= 987.367383 915.287535
Center 1056.743565 123.546962:  1.0000 -0.0015     3.72    0.0008  1.0004   857.54
Mapping region 1 xy= 1056.743565 123.546962 to region 1 xy= 1060.247057 981.951577
Center 1212.470065 56.539145:  0.9989 -0.0015     4.95    0.0001  1.0004   858.33
Mapping region 1 xy= 1212.470065 56.539145 to region 1 xy= 1215.990985 914.987660
Center 1289.024667 122.867533:  0.9985 -0.0019     5.42   -0.0005  0.9996   859.15
Mapping region 1 xy= 1289.024667 122.867533 to region 1 xy= 1292.335943 981.304071

Pipe: Returning 12 total transforms.

---- Summary Region-region results ----
Pipe: Table Headers {Az t r Bz t r thmok ntri}
FOUND:     0    2   1      0    1   1   1  12

---- Tabulating point matches ----
Tabulate: Rgn 1 -> 1: Keeping 12 of 12 point-pairs.

Timer: Alignment took 1.550 seconds.

main: Got 12 mapping regions.
main: Transform   0:  1.0017 -0.0002     3.12    0.0005  1.0004   858.28
main: Transform   1:  1.0000 -0.0023     3.50    0.0003  1.0002   858.32
main: Transform   2:  1.0000 -0.0023     3.51   -0.0002  1.0002   858.43
main: Transform   3:  1.0009 -0.0011     3.08   -0.0006  0.9997   858.61
main: Transform   4:  1.0008 -0.0011     3.13   -0.0005  0.9997   858.60
main: Transform   5:  1.0007 -0.0013     3.19   -0.0003  0.9999   858.45
main: Transform   6:  0.9998 -0.0013     3.82   -0.0002  0.9999   858.39
main: Transform   7:  0.9999 -0.0011     3.69    0.0004  1.0008   857.79
main: Transform   8:  1.0003 -0.0011     3.35    0.0011  1.0008   857.20
main: Transform   9:  1.0000 -0.0015     3.72    0.0008  1.0004   857.54
main: Transform  10:  0.9989 -0.0015     4.95    0.0001  1.0004   858.33
main: Transform  11:  0.9985 -0.0019     5.42   -0.0005  0.9996   859.15

main: Average:  1.0001 -0.0014     0.00    0.0001  1.0002     0.00
main: Degrees: 0.0419538
main: Residue:  1.0001 -0.0007     0.00   -0.0007  1.0002     0.00

main: Inverse:  0.9999  0.0014    -0.00   -0.0001  0.9998    -0.00
main: Degrees: -0.0419538
main: Residue:  0.9999  0.0007     0.00    0.0007  0.9998     0.00

main: Normal completion for dmesh run.
Timer: Total took 1.800 seconds.

---- Memory ----
Host name: h08u02.int.janelia.org
PID:       24526
User time:       1 seconds.
System time:     0 seconds.
VmPeak:	  380064 kB
VmSize:	  217288 kB
VmLck:	       0 kB
VmPin:	       0 kB
VmHWM:	  216572 kB
VmRSS:	   53520 kB
VmData:	   47896 kB
VmStk:	     160 kB
VmExe:	     832 kB
VmLib:	   85564 kB
VmPTE:	     356 kB
VmSwap:	       0 kB
voluntary_ctxt_switches:	21
nonvoluntary_ctxt_switches:	36

