
---- dmesh start ----
main: Start: Fri Sep 30 13:13:19 2016


---- Match parameters ----
PXBRO=2            <default 2>        "Max Legendre poly order for bkg removal"
PXLENS=N           <default N>        "Y=Apply IDB/lens.txt"
PXRESMSK=N         <default N>        "Y=Apply resin mask"
PXDOG=N            <default N>        "Y=Apply DoG filter"
PXDOG_R1=3         <default 3>        "DoG inner radius"
PXDOG_R2=6         <default 6>        "DoG outer radius"
FLD=N              <default X>        "Mask usage: Y=Use, N=None, X=XL only"
PRETWEAK=N         <default N>        "Y=Auto-distort before angle scan"
SCALE=1            <default 1.0>      "Image-B / image-A scale factor"
XSCALE=1           <default 1.0>      "Image-B / image-A x-axis scale factor"
YSCALE=1           <default 1.0>      "Image-B / image-A y-axis scale factor"
SKEW=0             <default 0.0>      "Transform elem[3] user-applied distortion"
MODE_SL=M          <default Z>        "Notes above"
MODE_XL=N          <default Y>        "Notes above"
TAB2DFM_SL=N       <default Y>        "Adopt Tdfm from Tab"
TAB2DFM_XL=Y       <default Y>        "Adopt Tdfm from Tab"
XYCONF_SL=1.0      <default 0.0>      "[0,1.0] confidence in Tab XY"
XYCONF_XL=0.8      <default 0.0>      "[0,1.0] confidence in Tab XY"
THMDEC_SL=8        <default 8>        "2^N thumb decimation factor"
THMDEC_XL=8        <default 8>        "2^N thumb decimation factor"
OLAP1D_SL=0        <default 0>        "Min 1D pix full-size overlap"
OLAP1D_XL=0        <default 0>        "Min 1D pix full-size overlap"
OLAP2D_SL=60000    <default 25000>    "Min 2D pix full-size overlap"
OLAP2D_XL=160000   <default 200000>   "Min 2D pix full-size overlap"
NBMXHT_SL=0.75     <default 0.75>     "Max F(neib)/F(pk) in guard zone"
NBMXHT_XL=0.75     <default 0.75>     "Max F(neib)/F(pk) in guard zone"
HFANGDN_SL=5       <default 5.0>      "Half angle search range denovo"
HFANGDN_XL=45      <default 45.0>     "Half angle search range denovo"
HFANGPR_SL=1       <default 1.0>      "Half angle search range prior angles"
HFANGPR_XL=4       <default 1.0>      "Half angle search range prior angles"
RTRSH_SL=0.3       <default 0.3>      "R corr thresh"
RTRSH_XL=0.3       <default 0.3>      "R corr thresh"
TWEAKS=N           <default N>        "Y=Try 8 near unity distortions"
LIMXY_SL=30        <default 0>        "0 or Max XY delta from Tab"
LIMXY_XL=80        <default 0>        "0 or Max XY delta from Tab"
WTHMPR=Y           <default Y>        "Y=Write ThmPair_a^b.txt entries"
OPT_SL=Y           <default Y(EM)>    "Y=Enable mesh optimizer"
RIT_SL=0.50        <default 0.20>     "Min mesh starting corr"
RIT_XL=0.1         <default 0.20>     "Min mesh starting corr"
RFA_SL=0.55        <default 0.3>      "Affine-only final corr"
RFA_XL=0.20        <default 0.3>      "Affine-only final corr"
RFT_SL=0.65        <default 0.5>      "Full mesh final corr"
RFT_XL=0.25        <default 0.5>      "Full mesh final corr"
TMC=5              <default 30.0%>    "Max single triangle area change"
TSC=9              <default 9.0%>     "Max summed triangle area change"
MNL=250            <default 300>      "Triangle edges between MNL and 2*MNL"
MTA=120000         <default 10000>    "Min triangle size (pixels)"
MMA=60000          <default 100000>   "Min 2D overlap for mesh"
ONE=N              <default N>        "Y=Use just one affine transform"
IFM=0.50           <default 0.50>     "Min Fourier Metric after affine-only"
FFM=0.65           <default 0.65>     "Min Fourier Metric after full mesh"
FYL=0.5            <default 0.50>     "Min fraction of yellow pixels"
CPD=0.5            <default 0.50>     "Min Correlation + DFM"
EMM=Y              <default Y>        "Y=Use Earth Mover's Metric, N=Use Fourier"
EMT=0.14           <default 0.2>      "Earth Movers Metric thresh"
WDI=N              <default N>        "Y=Write diff images (Fourier, EMM metrics)"
LDA=0.2            <default 0.2>      "Max radian delta between triangles"
LDR=0.1            <default 0.1>      "Max sine delta between triangles"
LDC=100            <default 100.0>    "Max XY delta between triangles"
DXY=100            <default 100.0>    "Max delta from user input XYs"
WMT=N              <default Y>        "Y=Write map.tif files"
WTT=N              <default Y>        "Y=Write tf.txt files"


---- Input images ----
Til2Img entry: A T=[ 1.0000  0.0000  1142.00  0.0000  1.0000  5142.00] path=[/groups/apig/tomo/DEMO/TIF/A1_6_2.tif].
Til2Img entry: B T=[ 1.0000  0.0000     0.00  0.0000  1.0000  5142.00] path=[/groups/apig/tomo/DEMO/TIF/A1_7_2.tif].


---- Command-line overrides ----
Tdfm= 1.0000  0.0000     0.00    0.0000  1.0000     0.00
FLD=N
MODE=N (was M)
CTR=0


---- Image loading ----
Raster8FromTif: Opening [/groups/apig/tomo/DEMO/TIF/A1_6_2.tif].
Raster8FromTif: Bits per sample 8, samples per pixel 1
Raster8FromTif: Picture is 1376 by 1040, 1431040 pixels total.
TIF(8): Last Encoded strip had 1376 bytes.
Raster8FromTif: Opening [/groups/apig/tomo/DEMO/TIF/A1_7_2.tif].
Raster8FromTif: Bits per sample 8, samples per pixel 1
Raster8FromTif: Picture is 1376 by 1040, 1431040 pixels total.
TIF(8): Last Encoded strip had 1376 bytes.
PixPair: Using image scale=1.
Timer: Image conditioning took 0.230 seconds.

---- Foldmaps ----

---- Connected regions ----
Forcing single connected region.

---- Begin A-1 to B-1 ----

---- Thumbnail matching ----
Subimage: Using intersection, w=234, h=1040, pix=243360
Thumbs: After decimation 3900 pts, reqArea 937, thmscl 8
SetDisc( 0, 0, 3, 3 )
Initial: R= 2.936, A=   0.000, X=    0.56, Y=   -0.50
Peak-Disc: dR 6 dX 4 dY -3
Approx: LowRes  R=2.936, X=4.511, Y=-3.978
Approx: FullRes R=1.076, X=3.842, Y=-4.299, use=Y.
Timer: FinishAtFullRes took 0.210 seconds.
Approx: Returning A=0.000000, R=2.936058, X=1145.841542, Y=-4.298717
Approx: Best transform  1.0000  0.0000  1145.84    0.0000  1.0000    -4.30
Approx: Orig transform  1.0000  0.0000  1142.00    0.0000  1.0000     0.00
Approx: Idnt transform  1.0000  0.0000     3.84    0.0000  1.0000    -4.30
Approx: err = 5.7651, max = 30

---- Starting detailed region mapping ----
Roughly 239316 pixels map to B.
Region size is [0 230] in x, [4 1039] in y.

---- Building mesh - affine ----
Computed simple triangle.

---- ImproveMesh - affine ----
Tri: (0 4) (230 521) (0 1039).

---- Matlab Vertices ----
x=[0 230 0 0]; y=[4 521 1039 4]; plot(x,y); hold on;

---- ImproveControlPts ----
STAT: ImproveCpt: Initial affine correlation 0.841562 (239316 pixels).
corr=0.841562	step=10.000000
corr=0.841562	step=5.000000
corr=0.841562	step=2.500000
corr=0.841562	step=1.250000
corr=0.841562	step=0.625000
STAT: ImproveCpt: Final affine correlation 0.841562, (threshold 0.550000).

---- Matlab A-Sys Originals ----
x=[0.000000 230.000000 0.000000 0.000000]; y=[4.000000 521.000000 1039.000000 4.000000]; plot(x,y); hold on;

---- Matlab B-Sys Originals ----
x=[1145.841542 1375.841542 1145.841542 1145.841542]; y=[-0.298717 516.701283 1034.701283 -0.298717]; plot(x,y); hold on;

---- Matlab B-Sys Optimized ----
x=[1145.841542 1375.841542 1145.841542 1145.841542]; y=[-0.298717 516.701283 1034.701283 -0.298717]; plot(x,y); hold on;

---- Deltas ----
id=     0: dx=    0.00 dy=    0.00 d=    0.00
id=     1: dx=    0.00 dy=    0.00 d=    0.00
id=     2: dx=    0.00 dy=    0.00 d=    0.00

---- Areas ----
Triangle 0, area was   119025.0, is   119025.0,    0.0%
Combined: area was   119025.0, is   119025.0,    0.0%

---- Transforms ----
 1.0000  0.0000  1145.84    0.0000  1.0000    -4.30
Best affine transform:  1.0000  0.0000  1145.84    0.0000  1.0000    -4.30
    Inverse transform:  1.0000 -0.0000 -1145.84   -0.0000  1.0000     4.30

---- QC - affine ----
Metrics: AFF: Mean square difference 0.316715
Metrics: AFF: Smallest footprint deg=0, area=236786
MetricImages: Range x 0 229, y 5 1039, use Nx=230, Ny=1036
Approximate EM metric 0.067911 for 238280 points.
%Yellow: Tol   1.05  red   30.7  yellow   32.5  green   36.8
%Yellow: Tol   1.10  red   21.0  yellow   56.1  green   22.9
%Yellow: Tol   1.15  red   15.0  yellow   70.6  green   14.4
%Yellow: Tol   1.20  red   11.8  yellow   78.9  green    9.4
%Yellow: Tol   1.25  red    9.7  yellow   83.9  green    6.4
Affine Triangle: 238050 points, corr 0.841638, fm 0.067911, yellow 0.84

---- Building mesh - deformable ----
Lx Dx Nx:   230   230.00   1
Ly Dy Ny:  1035   207.00   5

STAT: From 239316 pts, got 10 triangles, 12 control points.
Timer: MeshCreate took 0.010 seconds.

---- ImproveMesh - deformable mesh ----
Tri: (0 4) (230 4) (0 211).
Tri: (0 211) (230 4) (230 211).
Tri: (0 211) (230 211) (0 418).
Tri: (0 418) (230 211) (230 418).
Tri: (0 418) (230 418) (0 625).
Tri: (0 625) (230 418) (230 625).
Tri: (0 625) (230 625) (0 832).
Tri: (0 832) (230 625) (230 832).
Tri: (0 832) (230 832) (0 1039).
Tri: (0 1039) (230 832) (230 1039).

---- Matlab Vertices ----
x=[0 230 0 0]; y=[4 4 211 4]; plot(x,y); hold on;
x=[0 230 230 0]; y=[211 4 211 211]; plot(x,y); hold on;
x=[0 230 0 0]; y=[211 211 418 211]; plot(x,y); hold on;
x=[0 230 230 0]; y=[418 211 418 418]; plot(x,y); hold on;
x=[0 230 0 0]; y=[418 418 625 418]; plot(x,y); hold on;
x=[0 230 230 0]; y=[625 418 625 625]; plot(x,y); hold on;
x=[0 230 0 0]; y=[625 625 832 625]; plot(x,y); hold on;
x=[0 230 230 0]; y=[832 625 832 832]; plot(x,y); hold on;
x=[0 230 0 0]; y=[832 832 1039 832]; plot(x,y); hold on;
x=[0 230 230 0]; y=[1039 832 1039 1039]; plot(x,y); hold on;

---- ImproveControlPts ----
STAT: ImproveCpt: Initial deformable mesh correlation 0.841562 (239316 pixels).
corr=0.841562	step=10.000000
corr=0.841562	step=5.000000
corr=0.841562	step=2.500000
corr=0.841562	step=1.250000
corr=0.841562	step=0.625000
STAT: ImproveCpt: Final deformable mesh correlation 0.841562, (threshold 0.650000).

---- Matlab A-Sys Originals ----
x=[0.000000 230.000000 0.000000 0.000000]; y=[4.000000 4.000000 211.000000 4.000000]; plot(x,y); hold on;
x=[0.000000 230.000000 230.000000 0.000000]; y=[211.000000 4.000000 211.000000 211.000000]; plot(x,y); hold on;
x=[0.000000 230.000000 0.000000 0.000000]; y=[211.000000 211.000000 418.000000 211.000000]; plot(x,y); hold on;
x=[0.000000 230.000000 230.000000 0.000000]; y=[418.000000 211.000000 418.000000 418.000000]; plot(x,y); hold on;
x=[0.000000 230.000000 0.000000 0.000000]; y=[418.000000 418.000000 625.000000 418.000000]; plot(x,y); hold on;
x=[0.000000 230.000000 230.000000 0.000000]; y=[625.000000 418.000000 625.000000 625.000000]; plot(x,y); hold on;
x=[0.000000 230.000000 0.000000 0.000000]; y=[625.000000 625.000000 832.000000 625.000000]; plot(x,y); hold on;
x=[0.000000 230.000000 230.000000 0.000000]; y=[832.000000 625.000000 832.000000 832.000000]; plot(x,y); hold on;
x=[0.000000 230.000000 0.000000 0.000000]; y=[832.000000 832.000000 1039.000000 832.000000]; plot(x,y); hold on;
x=[0.000000 230.000000 230.000000 0.000000]; y=[1039.000000 832.000000 1039.000000 1039.000000]; plot(x,y); hold on;

---- Matlab B-Sys Originals ----
x=[1145.841542 1375.841542 1145.841542 1145.841542]; y=[-0.298717 -0.298717 206.701283 -0.298717]; plot(x,y); hold on;
x=[1145.841542 1375.841542 1375.841542 1145.841542]; y=[206.701283 -0.298717 206.701283 206.701283]; plot(x,y); hold on;
x=[1145.841542 1375.841542 1145.841542 1145.841542]; y=[206.701283 206.701283 413.701283 206.701283]; plot(x,y); hold on;
x=[1145.841542 1375.841542 1375.841542 1145.841542]; y=[413.701283 206.701283 413.701283 413.701283]; plot(x,y); hold on;
x=[1145.841542 1375.841542 1145.841542 1145.841542]; y=[413.701283 413.701283 620.701283 413.701283]; plot(x,y); hold on;
x=[1145.841542 1375.841542 1375.841542 1145.841542]; y=[620.701283 413.701283 620.701283 620.701283]; plot(x,y); hold on;
x=[1145.841542 1375.841542 1145.841542 1145.841542]; y=[620.701283 620.701283 827.701283 620.701283]; plot(x,y); hold on;
x=[1145.841542 1375.841542 1375.841542 1145.841542]; y=[827.701283 620.701283 827.701283 827.701283]; plot(x,y); hold on;
x=[1145.841542 1375.841542 1145.841542 1145.841542]; y=[827.701283 827.701283 1034.701283 827.701283]; plot(x,y); hold on;
x=[1145.841542 1375.841542 1375.841542 1145.841542]; y=[1034.701283 827.701283 1034.701283 1034.701283]; plot(x,y); hold on;

---- Matlab B-Sys Optimized ----
x=[1145.841542 1375.841542 1145.841542 1145.841542]; y=[-0.298717 -0.298717 206.701283 -0.298717]; plot(x,y); hold on;
x=[1145.841542 1375.841542 1375.841542 1145.841542]; y=[206.701283 -0.298717 206.701283 206.701283]; plot(x,y); hold on;
x=[1145.841542 1375.841542 1145.841542 1145.841542]; y=[206.701283 206.701283 413.701283 206.701283]; plot(x,y); hold on;
x=[1145.841542 1375.841542 1375.841542 1145.841542]; y=[413.701283 206.701283 413.701283 413.701283]; plot(x,y); hold on;
x=[1145.841542 1375.841542 1145.841542 1145.841542]; y=[413.701283 413.701283 620.701283 413.701283]; plot(x,y); hold on;
x=[1145.841542 1375.841542 1375.841542 1145.841542]; y=[620.701283 413.701283 620.701283 620.701283]; plot(x,y); hold on;
x=[1145.841542 1375.841542 1145.841542 1145.841542]; y=[620.701283 620.701283 827.701283 620.701283]; plot(x,y); hold on;
x=[1145.841542 1375.841542 1375.841542 1145.841542]; y=[827.701283 620.701283 827.701283 827.701283]; plot(x,y); hold on;
x=[1145.841542 1375.841542 1145.841542 1145.841542]; y=[827.701283 827.701283 1034.701283 827.701283]; plot(x,y); hold on;
x=[1145.841542 1375.841542 1375.841542 1145.841542]; y=[1034.701283 827.701283 1034.701283 1034.701283]; plot(x,y); hold on;

---- Deltas ----
id=     0: dx=    0.00 dy=    0.00 d=    0.00
id=     1: dx=    0.00 dy=    0.00 d=    0.00
id=     2: dx=    0.00 dy=    0.00 d=    0.00
id=     3: dx=    0.00 dy=    0.00 d=    0.00
id=     4: dx=    0.00 dy=    0.00 d=    0.00
id=     5: dx=    0.00 dy=    0.00 d=    0.00
id=     6: dx=    0.00 dy=    0.00 d=    0.00
id=     7: dx=    0.00 dy=    0.00 d=    0.00
id=     8: dx=    0.00 dy=    0.00 d=    0.00
id=     9: dx=    0.00 dy=    0.00 d=    0.00
id=    10: dx=    0.00 dy=    0.00 d=    0.00
id=    11: dx=    0.00 dy=    0.00 d=    0.00

---- Areas ----
Triangle 0, area was    23805.0, is    23805.0,    0.0%
Triangle 1, area was    23805.0, is    23805.0,    0.0%
Triangle 2, area was    23805.0, is    23805.0,    0.0%
Triangle 3, area was    23805.0, is    23805.0,    0.0%
Triangle 4, area was    23805.0, is    23805.0,    0.0%
Triangle 5, area was    23805.0, is    23805.0,    0.0%
Triangle 6, area was    23805.0, is    23805.0,    0.0%
Triangle 7, area was    23805.0, is    23805.0,    0.0%
Triangle 8, area was    23805.0, is    23805.0,    0.0%
Triangle 9, area was    23805.0, is    23805.0,   -0.0%
Combined: area was   238050.0, is   238050.0,    0.0%

---- Transforms ----
 1.0000  0.0000  1145.84    0.0000  1.0000    -4.30
 1.0000  0.0000  1145.84    0.0000  1.0000    -4.30
 1.0000  0.0000  1145.84    0.0000  1.0000    -4.30
 1.0000  0.0000  1145.84    0.0000  1.0000    -4.30
 1.0000  0.0000  1145.84    0.0000  1.0000    -4.30
 1.0000  0.0000  1145.84    0.0000  1.0000    -4.30
 1.0000  0.0000  1145.84    0.0000  1.0000    -4.30
 1.0000  0.0000  1145.84    0.0000  1.0000    -4.30
 1.0000  0.0000  1145.84    0.0000  1.0000    -4.30
 1.0000  0.0000  1145.84    0.0000  1.0000    -4.30

---- QC - deformable ----
Remapping 1431040 points.
Metrics: DEF: Mean square difference 0.316715
Metrics: DEF: Smallest footprint deg=0, area=236786
MetricImages: Range x 0 229, y 5 1039, use Nx=230, Ny=1036
Approximate EM metric 0.067911 for 238280 points.
All points, deformable, dfm 0.067911

Metrics: TRI: Mean square difference 0.106419
Metrics: TRI: Smallest footprint deg=0, area=46968
MetricImages: Range x 0 228, y 5 211, use Nx=230, Ny=208
Approximate EM metric 0.056245 for 47840 points.
%Yellow: Tol   1.05  red   28.3  yellow   42.1  green   29.5
%Yellow: Tol   1.10  red   14.4  yellow   69.7  green   15.9
%Yellow: Tol   1.15  red    7.3  yellow   85.3  green    7.4
%Yellow: Tol   1.20  red    3.9  yellow   92.9  green    3.2
%Yellow: Tol   1.25  red    2.2  yellow   96.2  green    1.6
Triangle 0: 23805 points, corr 0.946749, fm 0.056245, yellow 0.96

Metrics: TRI: Mean square difference 0.189550
Metrics: TRI: Smallest footprint deg=0, area=46968
MetricImages: Range x 1 229, y 5 211, use Nx=230, Ny=208
Approximate EM metric 0.021144 for 47840 points.
%Yellow: Tol   1.05  red   27.6  yellow   42.7  green   29.8
%Yellow: Tol   1.10  red   16.7  yellow   66.1  green   17.1
%Yellow: Tol   1.15  red   10.7  yellow   78.8  green   10.4
%Yellow: Tol   1.20  red    7.5  yellow   85.9  green    6.6
%Yellow: Tol   1.25  red    5.4  yellow   90.1  green    4.5
Triangle 1: 23805 points, corr 0.905183, fm 0.021144, yellow 0.90

Metrics: TRI: Mean square difference 0.218368
Metrics: TRI: Smallest footprint deg=0, area=46968
MetricImages: Range x 0 228, y 212 418, use Nx=230, Ny=208
Approximate EM metric 0.032953 for 47840 points.
%Yellow: Tol   1.05  red   28.8  yellow   42.1  green   29.1
%Yellow: Tol   1.10  red   17.4  yellow   66.0  green   16.6
%Yellow: Tol   1.15  red   11.2  yellow   78.2  green   10.6
%Yellow: Tol   1.20  red    7.7  yellow   84.9  green    7.5
%Yellow: Tol   1.25  red    5.6  yellow   89.0  green    5.4
Triangle 2: 23805 points, corr 0.890774, fm 0.032953, yellow 0.89

Metrics: TRI: Mean square difference 0.282358
Metrics: TRI: Smallest footprint deg=0, area=46968
MetricImages: Range x 1 229, y 212 418, use Nx=230, Ny=208
Approximate EM metric 0.024988 for 47840 points.
%Yellow: Tol   1.05  red   31.4  yellow   36.1  green   32.6
%Yellow: Tol   1.10  red   19.5  yellow   61.3  green   19.2
%Yellow: Tol   1.15  red   13.1  yellow   74.5  green   12.5
%Yellow: Tol   1.20  red    9.8  yellow   81.4  green    8.8
%Yellow: Tol   1.25  red    7.7  yellow   85.8  green    6.5
Triangle 3: 23805 points, corr 0.858779, fm 0.024988, yellow 0.86

Metrics: TRI: Mean square difference 0.319930
Metrics: TRI: Smallest footprint deg=0, area=46968
MetricImages: Range x 0 228, y 419 625, use Nx=230, Ny=208
Approximate EM metric 0.050280 for 47840 points.
%Yellow: Tol   1.05  red   32.7  yellow   33.0  green   34.3
%Yellow: Tol   1.10  red   19.6  yellow   57.3  green   23.1
%Yellow: Tol   1.15  red   13.9  yellow   70.5  green   15.6
%Yellow: Tol   1.20  red   10.5  yellow   79.0  green   10.6
%Yellow: Tol   1.25  red    8.3  yellow   84.4  green    7.3
Triangle 4: 23805 points, corr 0.839993, fm 0.050280, yellow 0.84

Metrics: TRI: Mean square difference 0.302878
Metrics: TRI: Smallest footprint deg=0, area=46968
MetricImages: Range x 1 229, y 419 625, use Nx=230, Ny=208
Approximate EM metric 0.038728 for 47840 points.
%Yellow: Tol   1.05  red   28.3  yellow   38.9  green   32.8
%Yellow: Tol   1.10  red   21.3  yellow   60.5  green   18.2
%Yellow: Tol   1.15  red   17.1  yellow   71.8  green   11.2
%Yellow: Tol   1.20  red   14.0  yellow   77.8  green    8.3
%Yellow: Tol   1.25  red   11.4  yellow   81.6  green    6.9
Triangle 5: 23805 points, corr 0.848519, fm 0.038728, yellow 0.82

Metrics: TRI: Mean square difference 0.433602
Metrics: TRI: Smallest footprint deg=0, area=46968
MetricImages: Range x 0 228, y 626 832, use Nx=230, Ny=208
Approximate EM metric 0.048983 for 47840 points.
%Yellow: Tol   1.05  red   33.9  yellow   31.8  green   34.3
%Yellow: Tol   1.10  red   26.1  yellow   52.5  green   21.4
%Yellow: Tol   1.15  red   20.7  yellow   64.5  green   14.8
%Yellow: Tol   1.20  red   16.9  yellow   71.5  green   11.6
%Yellow: Tol   1.25  red   14.2  yellow   76.3  green    9.5
Triangle 6: 23805 points, corr 0.783157, fm 0.048983, yellow 0.76

Metrics: TRI: Mean square difference 0.361157
Metrics: TRI: Smallest footprint deg=0, area=46968
MetricImages: Range x 1 229, y 626 832, use Nx=230, Ny=208
Approximate EM metric 0.030173 for 47840 points.
%Yellow: Tol   1.05  red   31.0  yellow   35.7  green   33.3
%Yellow: Tol   1.10  red   22.8  yellow   57.5  green   19.7
%Yellow: Tol   1.15  red   18.2  yellow   68.6  green   13.2
%Yellow: Tol   1.20  red   15.2  yellow   75.2  green    9.6
%Yellow: Tol   1.25  red   12.8  yellow   79.4  green    7.8
Triangle 7: 23805 points, corr 0.819380, fm 0.030173, yellow 0.79

Metrics: TRI: Mean square difference 0.153419
Metrics: TRI: Smallest footprint deg=0, area=46968
MetricImages: Range x 0 228, y 833 1039, use Nx=230, Ny=208
Approximate EM metric 0.027793 for 47840 points.
%Yellow: Tol   1.05  red   23.6  yellow   48.5  green   28.0
%Yellow: Tol   1.10  red   13.2  yellow   74.1  green   12.6
%Yellow: Tol   1.15  red    9.8  yellow   83.4  green    6.8
%Yellow: Tol   1.20  red    7.9  yellow   87.7  green    4.4
%Yellow: Tol   1.25  red    6.6  yellow   90.2  green    3.2
Triangle 8: 23805 points, corr 0.923248, fm 0.027793, yellow 0.90

Metrics: TRI: Mean square difference 0.199583
Metrics: TRI: Smallest footprint deg=0, area=46968
MetricImages: Range x 1 229, y 833 1039, use Nx=230, Ny=208
Approximate EM metric 0.024057 for 47840 points.
%Yellow: Tol   1.05  red   24.8  yellow   46.5  green   28.6
%Yellow: Tol   1.10  red   15.1  yellow   69.9  green   14.9
%Yellow: Tol   1.15  red   11.6  yellow   79.5  green    8.9
%Yellow: Tol   1.20  red    9.4  yellow   84.7  green    5.9
%Yellow: Tol   1.25  red    8.0  yellow   87.8  green    4.2
Triangle 9: 23805 points, corr 0.900167, fm 0.024057, yellow 0.88


---- Final reports ----
STAT: Overall 238050 points, corr 0.8416, EMM 0.0679, weighted EMM 0.0355, cor+dfm 0.9095, weighted yellow 0.8608

Angle span: min, max, delta = 0.000000 0.000000 0.000000
Mesh-Thm: 0.0000  0.0000     0.00    0.0000  0.0000     0.00 2x(LDR,LDC)=(0.20,200.00) -- OK.

Final remapping of 1431040 points.
Center 73.643064 70.278758:  1.0000  0.0000  1145.84    0.0000  1.0000    -4.30
Mapping region 1 xy= 73.643064 70.278758 to region 1 xy= 1219.484606 65.980041
Center 141.325812 147.403385:  1.0000  0.0000  1145.84    0.0000  1.0000    -4.30
Mapping region 1 xy= 141.325812 147.403385 to region 1 xy= 1287.167354 143.104668
Center 70.545293 274.490764:  1.0000  0.0000  1145.84    0.0000  1.0000    -4.30
Mapping region 1 xy= 70.545293 274.490764 to region 1 xy= 1216.386835 270.192047
Center 139.354741 355.290367:  1.0000  0.0000  1145.84    0.0000  1.0000    -4.30
Mapping region 1 xy= 139.354741 355.290367 to region 1 xy= 1285.196283 350.991650
Center 75.152106 485.636896:  1.0000  0.0000  1145.84    0.0000  1.0000    -4.30
Mapping region 1 xy= 75.152106 485.636896 to region 1 xy= 1220.993648 481.338179
Center 148.193251 558.313037:  1.0000  0.0000  1145.84    0.0000  1.0000    -4.30
Mapping region 1 xy= 148.193251 558.313037 to region 1 xy= 1294.034793 554.014320
Center 70.776906 688.699216:  1.0000  0.0000  1145.84    0.0000  1.0000    -4.30
Mapping region 1 xy= 70.776906 688.699216 to region 1 xy= 1216.618449 684.400499
Center 149.074121 764.916646:  1.0000  0.0000  1145.84    0.0000  1.0000    -4.30
Mapping region 1 xy= 149.074121 764.916646 to region 1 xy= 1294.915663 760.617929
Center 72.419564 897.177607:  1.0000  0.0000  1145.84    0.0000  1.0000    -4.30
Mapping region 1 xy= 72.419564 897.177607 to region 1 xy= 1218.261106 892.878891
Center 146.013245 973.294040:  1.0000  0.0000  1145.84    0.0000  1.0000    -4.30
Mapping region 1 xy= 146.013245 973.294040 to region 1 xy= 1291.854787 968.995323

Pipe: Returning 10 total transforms.

---- Summary Region-region results ----
Pipe: Table Headers {Az t r Bz t r thmok ntri}
FOUND:     0    6   1      0    7   1   1  10

---- Tabulating point matches ----
Tabulate: Rgn 1 -> 1: Keeping 10 of 10 point-pairs.

Timer: Alignment took 1.200 seconds.

main: Got 10 mapping regions.
main: Transform   0:  1.0000  0.0000  1145.84    0.0000  1.0000    -4.30
main: Transform   1:  1.0000  0.0000  1145.84    0.0000  1.0000    -4.30
main: Transform   2:  1.0000  0.0000  1145.84    0.0000  1.0000    -4.30
main: Transform   3:  1.0000  0.0000  1145.84    0.0000  1.0000    -4.30
main: Transform   4:  1.0000  0.0000  1145.84    0.0000  1.0000    -4.30
main: Transform   5:  1.0000  0.0000  1145.84    0.0000  1.0000    -4.30
main: Transform   6:  1.0000  0.0000  1145.84    0.0000  1.0000    -4.30
main: Transform   7:  1.0000  0.0000  1145.84    0.0000  1.0000    -4.30
main: Transform   8:  1.0000  0.0000  1145.84    0.0000  1.0000    -4.30
main: Transform   9:  1.0000  0.0000  1145.84    0.0000  1.0000    -4.30

main: Average:  1.0000  0.0000     0.00    0.0000  1.0000     0.00
main: Degrees: 1.26005e-14
main: Residue:  1.0000  0.0000     0.00    0.0000  1.0000     0.00

main: Inverse:  1.0000 -0.0000    -0.00   -0.0000  1.0000    -0.00
main: Degrees: -1.26005e-14
main: Residue:  1.0000 -0.0000     0.00   -0.0000  1.0000     0.00

main: Normal completion for dmesh run.
Timer: Total took 1.440 seconds.

---- Memory ----
Host name: h08u02.int.janelia.org
PID:       24538
User time:       1 seconds.
System time:     0 seconds.
VmPeak:	  379968 kB
VmSize:	  207692 kB
VmLck:	       0 kB
VmPin:	       0 kB
VmHWM:	  215848 kB
VmRSS:	   43444 kB
VmData:	   38300 kB
VmStk:	     160 kB
VmExe:	     832 kB
VmLib:	   85564 kB
VmPTE:	     340 kB
VmSwap:	       0 kB
voluntary_ctxt_switches:	16
nonvoluntary_ctxt_switches:	20

