Scapeops start: Fri Sep 30 13:17:56 2016 /groups/apig/tomo/DEMO/temp0/X_A_BIN_mons -script=/groups/apig/tomo/DEMO/prms/scriptparams.txt -idb=/groups/apig/tomo/DEMO/idb0 -mb -ab -za=1 -zb=0 

---- Script parameters ----
slotspernode=16        <typical 16>      "fixed slot count per cluster node"
usingfoldmasks=N       <typical N>       "Y=Each tile gets foldmask image"
croprectfile=          <path or blank>   "{cam,x0,y0,dx,dy} for ea. cam"
makefmjparam=4         <typical 4>       "'fsub'/make.fm -j #concurrent_procs"
makefmslots=4          <typical 4>       "'fsub'/make.fm slots per qsub (>= jparam)"
createauxdirs=N        <typical N>       "Y=create special dirs for aux ptest info"
montageblocksize=8     <typical 8>       "montage work grid cell size^2 tiles"
mintileolapfrac=0.02   <typical 0.02>    "min layout tile area frac for overlap"
ignorecorners=N        <typical N>       "Y=using row/col data, omit corner-corner pairs"
makesamejparam=4       <typical 4>       "'ssub'/make.same -j #concurrent_procs"
makesameslots=4        <typical 4>       "'ssub'/make.same slots per qsub (>= jparam)"
crossscale=8           <typical 50>      "scale reduction for strips and blocks"
legendremaxorder=2     <typical 1>       "max order Legendre poly bkgnd subtraction"
rendersdevcnts=42      <typical 42>      "rescale making 1 stdev this many cnts"
maskoutresin=N         <typical N>       "Y=remove resin pixels from EM rendering"
stripwidth=5           <typical 15>      "strips n tiles wide in short dimension (0 -> full)"
stripsweepspan=360     <typical 360.0>   "strip angle sweep span (deg, 0 -> force 0)"
stripsweepstep=5       <typical 5.0>     "strip sweep step size (deg, step > 0)"
stripmincorr=0.02      <typical 0.02>    "try bigger strips if correlation this low"
stripslots=8           <typical 8>       "subscapes.sht/scapeops slots/threads per job"
crossblocksize=10      <typical 10>      "block work grid cell size^2 tiles"
blocksweepspan=8       <typical 8.0>     "block angle sweep span (deg)"
blocksweepstep=0.2     <typical 0.2>     "block sweep step size (deg, step > 0)"
blockxyconf=0.75       <typical 0.75>    "search radius = (1-conf)(blockwide)"
blockmincorr=0.2       <typical 0.45>    "min required block match correlation"
blocknomcorr=0.2       <typical 0.50>    "nominal block match correlation"
blocknomcoverage=0.90  <typical 0.90>    "nominal block area frac matched"
blockreqdz=1           <typical 1>       "connect to at least reqdz layers (<= maxdz)"
blockmaxdz=10          <typical 10>      "max z-index span of useful correlation"
blockslots=8           <typical 8>       "bsub.sht/cross_thisblock slots/threads per job"
makedownjparam=4       <typical 4>       "'dsub'/make.down -j #concurrent_procs"
makedownslots=4        <typical 4>       "'dsub'/make.down slots per qsub (>= jparam)"
xmlpixeltype=0         <typical 0>       "ImagePlus type code (above)"
xmlsclmin=0            <typical 0>       "intensity scale min"
xmlsclmax=0            <typical 0>       "intensity scale max"

Got 28 images.
Raster8FromTif: Opening [/groups/apig/tomo/DEMO/TIF/A1_0_2.tif].
Raster8FromTif: Bits per sample 8, samples per pixel 1
Raster8FromTif: Picture is 1376 by 1040, 1431040 pixels total.
TIF(8): Last Encoded strip had 1376 bytes.
Timer: ReadFile took 0.030 seconds.

---- Paint montage ----
Raster8FromTif: Opening [/groups/apig/tomo/DEMO/TIF/A1_13_2.tif].
Raster8FromTif: Opening [/groups/apig/tomo/DEMO/TIF/A1_12_2.tif].
Raster8FromTif: Opening [/groups/apig/tomo/DEMO/TIF/A1_0_2.tif].
Raster8FromTif: Opening [/groups/apig/tomo/DEMO/TIF/A1_11_2.tif].
Raster8FromTif: Opening [/groups/apig/tomo/DEMO/TIF/A1_10_2.tif].
Raster8FromTif: Opening [/groups/apig/tomo/DEMO/TIF/A1_9_2.tif].
Raster8FromTif: Opening [/groups/apig/tomo/DEMO/TIF/A1_8_2.tif].
Raster8FromTif: Opening [/groups/apig/tomo/DEMO/TIF/A1_1_2.tif].
Raster8FromTif: Bits per sample 8, samples per pixel 1
Raster8FromTif: Picture is 1376 by 1040, 1431040 pixels total.
TIF(8): Last Encoded strip had 1376 bytes.
Raster8FromTif: Bits per sample 8, samples per pixel 1
Raster8FromTif: Picture is 1376 by 1040, 1431040 pixels total.
Raster8FromTif: Bits per sample 8, samples per pixel 1
Raster8FromTif: Picture is 1376 by 1040, 1431040 pixels total.
Raster8FromTif: Bits per sample 8, samples per pixel 1
Raster8FromTif: Picture is 1376 by 1040, 1431040 pixels total.
Raster8FromTif: Bits per sample 8, samples per pixel 1
Raster8FromTif: Picture is 1376 by 1040, 1431040 pixels total.
Raster8FromTif: Bits per sample 8, samples per pixel 1
Raster8FromTif: Picture is 1376 by 1040, 1431040 pixels total.
Raster8FromTif: Bits per sample 8, samples per pixel 1
Raster8FromTif: Picture is 1376 by 1040, 1431040 pixels total.
TIF(8): Last Encoded strip had 1376 bytes.
TIF(8): Last Encoded strip had 1376 bytes.
Raster8FromTif: Bits per sample 8, samples per pixel 1
Raster8FromTif: Picture is 1376 by 1040, 1431040 pixels total.
TIF(8): Last Encoded strip had 1376 bytes.
TIF(8): Last Encoded strip had 1376 bytes.
TIF(8): Last Encoded strip had 1376 bytes.
TIF(8): Last Encoded strip had 1376 bytes.
TIF(8): Last Encoded strip had 1376 bytes.
Raster8FromTif: Opening [/groups/apig/tomo/DEMO/TIF/A1_7_2.tif].
Raster8FromTif: Bits per sample 8, samples per pixel 1
Raster8FromTif: Picture is 1376 by 1040, 1431040 pixels total.
TIF(8): Last Encoded strip had 1376 bytes.
Raster8FromTif: Opening [/groups/apig/tomo/DEMO/TIF/A1_6_2.tif].
Raster8FromTif: Bits per sample 8, samples per pixel 1
Raster8FromTif: Picture is 1376 by 1040, 1431040 pixels total.
TIF(8): Last Encoded strip had 1376 bytes.
Raster8FromTif: Opening [/groups/apig/tomo/DEMO/TIF/A1_5_2.tif].
Raster8FromTif: Bits per sample 8, samples per pixel 1
Raster8FromTif: Picture is 1376 by 1040, 1431040 pixels total.
TIF(8): Last Encoded strip had 1376 bytes.
Raster8FromTif: Opening [/groups/apig/tomo/DEMO/TIF/A1_4_2.tif].
Raster8FromTif: Bits per sample 8, samples per pixel 1
Raster8FromTif: Picture is 1376 by 1040, 1431040 pixels total.
TIF(8): Last Encoded strip had 1376 bytes.
Raster8FromTif: Opening [/groups/apig/tomo/DEMO/TIF/A1_3_2.tif].
Raster8FromTif: Bits per sample 8, samples per pixel 1
Raster8FromTif: Picture is 1376 by 1040, 1431040 pixels total.
TIF(8): Last Encoded strip had 1376 bytes.
Raster8FromTif: Opening [/groups/apig/tomo/DEMO/TIF/A1_2_2.tif].
Raster8FromTif: Bits per sample 8, samples per pixel 1
Raster8FromTif: Picture is 1376 by 1040, 1431040 pixels total.
TIF(8): Last Encoded strip had 1376 bytes.
*M: z deg [l,r,b,t] scl [ws,hs] [x0,y0]
0 0 [0,2524,0,6187] 8 [316,774] [0,0]
Timer: MakeMontage took 1.070 seconds.

---- Align strips ----
Raster8FromTif: Opening [/groups/apig/tomo/DEMO/TIF/B1_12_2.tif].
Raster8FromTif: Opening [/groups/apig/tomo/DEMO/TIF/B1_11_2.tif].
Raster8FromTif: Opening [/groups/apig/tomo/DEMO/TIF/B1_9_2.tif].
Raster8FromTif: Opening [/groups/apig/tomo/DEMO/TIF/B1_10_2.tif].
Raster8FromTif: Opening [/groups/apig/tomo/DEMO/TIF/B1_13_2.tif].
Raster8FromTif: Opening [/groups/apig/tomo/DEMO/TIF/B1_7_2.tif].
Raster8FromTif: Opening [/groups/apig/tomo/DEMO/TIF/B1_8_2.tif].
Raster8FromTif: Opening [/groups/apig/tomo/DEMO/TIF/B1_6_2.tif].
Raster8FromTif: Bits per sample 8, samples per pixel 1
Raster8FromTif: Picture is 1376 by 1040, 1431040 pixels total.
Raster8FromTif: Bits per sample 8, samples per pixel 1
Raster8FromTif: Picture is 1376 by 1040, 1431040 pixels total.
Raster8FromTif: Bits per sample 8, samples per pixel 1
Raster8FromTif: Bits per sample 8, samples per pixel 1
Raster8FromTif: Picture is 1376 by 1040, 1431040 pixels total.
Raster8FromTif: Picture is 1376 by 1040, 1431040 pixels total.
Raster8FromTif: Bits per sample 8, samples per pixel 1
Raster8FromTif: Picture is 1376 by 1040, 1431040 pixels total.
Raster8FromTif: Bits per sample 8, samples per pixel 1
Raster8FromTif: Picture is 1376 by 1040, 1431040 pixels total.
Raster8FromTif: Bits per sample 8, samples per pixel 1
Raster8FromTif: Picture is 1376 by 1040, 1431040 pixels total.
Raster8FromTif: Bits per sample 8, samples per pixel 1
Raster8FromTif: Picture is 1376 by 1040, 1431040 pixels total.
TIF(8): Last Encoded strip had 1376 bytes.
TIF(8): Last Encoded strip had 1376 bytes.
TIF(8): Last Encoded strip had 1376 bytes.
TIF(8): Last Encoded strip had 1376 bytes.
TIF(8): Last Encoded strip had 1376 bytes.
TIF(8): Last Encoded strip had 1376 bytes.
TIF(8): Last Encoded strip had 1376 bytes.
TIF(8): Last Encoded strip had 1376 bytes.
Raster8FromTif: Opening [/groups/apig/tomo/DEMO/TIF/B1_5_2.tif].
Raster8FromTif: Bits per sample 8, samples per pixel 1
Raster8FromTif: Picture is 1376 by 1040, 1431040 pixels total.
TIF(8): Last Encoded strip had 1376 bytes.
Raster8FromTif: Opening [/groups/apig/tomo/DEMO/TIF/B1_4_2.tif].
Raster8FromTif: Bits per sample 8, samples per pixel 1
Raster8FromTif: Picture is 1376 by 1040, 1431040 pixels total.
TIF(8): Last Encoded strip had 1376 bytes.
Raster8FromTif: Opening [/groups/apig/tomo/DEMO/TIF/B1_3_2.tif].
Raster8FromTif: Bits per sample 8, samples per pixel 1
Raster8FromTif: Picture is 1376 by 1040, 1431040 pixels total.
TIF(8): Last Encoded strip had 1376 bytes.
Raster8FromTif: Opening [/groups/apig/tomo/DEMO/TIF/B1_2_2.tif].
Raster8FromTif: Bits per sample 8, samples per pixel 1
Raster8FromTif: Picture is 1376 by 1040, 1431040 pixels total.
TIF(8): Last Encoded strip had 1376 bytes.
Raster8FromTif: Opening [/groups/apig/tomo/DEMO/TIF/B1_1_2.tif].
Raster8FromTif: Bits per sample 8, samples per pixel 1
Raster8FromTif: Picture is 1376 by 1040, 1431040 pixels total.
TIF(8): Last Encoded strip had 1376 bytes.
Raster8FromTif: Opening [/groups/apig/tomo/DEMO/TIF/B1_0_2.tif].
Raster8FromTif: Bits per sample 8, samples per pixel 1
Raster8FromTif: Picture is 1376 by 1040, 1431040 pixels total.
TIF(8): Last Encoded strip had 1376 bytes.
Raster8FromTif: Opening [/groups/apig/tomo/DEMO/TIF/A1_0_2.tif].
Raster8FromTif: Opening [/groups/apig/tomo/DEMO/TIF/A1_12_2.tif].
Raster8FromTif: Opening [/groups/apig/tomo/DEMO/TIF/A1_13_2.tif].
Raster8FromTif: Opening [/groups/apig/tomo/DEMO/TIF/A1_11_2.tif].
Raster8FromTif: Opening [/groups/apig/tomo/DEMO/TIF/A1_9_2.tif].
Raster8FromTif: Opening [/groups/apig/tomo/DEMO/TIF/A1_1_2.tif].
Raster8FromTif: Opening [/groups/apig/tomo/DEMO/TIF/A1_10_2.tif].
Raster8FromTif: Opening [/groups/apig/tomo/DEMO/TIF/A1_8_2.tif].
Raster8FromTif: Bits per sample 8, samples per pixel 1
Raster8FromTif: Picture is 1376 by 1040, 1431040 pixels total.
Raster8FromTif: Bits per sample 8, samples per pixel 1
Raster8FromTif: Picture is 1376 by 1040, 1431040 pixels total.
Raster8FromTif: Bits per sample 8, samples per pixel 1
Raster8FromTif: Picture is 1376 by 1040, 1431040 pixels total.
Raster8FromTif: Bits per sample 8, samples per pixel 1
Raster8FromTif: Picture is 1376 by 1040, 1431040 pixels total.
Raster8FromTif: Bits per sample 8, samples per pixel 1
Raster8FromTif: Picture is 1376 by 1040, 1431040 pixels total.
Raster8FromTif: Bits per sample 8, samples per pixel 1
Raster8FromTif: Picture is 1376 by 1040, 1431040 pixels total.
Raster8FromTif: Bits per sample 8, samples per pixel 1
Raster8FromTif: Picture is 1376 by 1040, 1431040 pixels total.
Raster8FromTif: Bits per sample 8, samples per pixel 1
Raster8FromTif: Picture is 1376 by 1040, 1431040 pixels total.
TIF(8): Last Encoded strip had 1376 bytes.
TIF(8): Last Encoded strip had 1376 bytes.
TIF(8): Last Encoded strip had 1376 bytes.
TIF(8): Last Encoded strip had 1376 bytes.
TIF(8): Last Encoded strip had 1376 bytes.
TIF(8): Last Encoded strip had 1376 bytes.
TIF(8): Last Encoded strip had 1376 bytes.
TIF(8): Last Encoded strip had 1376 bytes.
Raster8FromTif: Opening [/groups/apig/tomo/DEMO/TIF/A1_7_2.tif].
Raster8FromTif: Bits per sample 8, samples per pixel 1
Raster8FromTif: Picture is 1376 by 1040, 1431040 pixels total.
TIF(8): Last Encoded strip had 1376 bytes.
Raster8FromTif: Opening [/groups/apig/tomo/DEMO/TIF/A1_6_2.tif].
Raster8FromTif: Bits per sample 8, samples per pixel 1
Raster8FromTif: Picture is 1376 by 1040, 1431040 pixels total.
TIF(8): Last Encoded strip had 1376 bytes.
Raster8FromTif: Opening [/groups/apig/tomo/DEMO/TIF/A1_5_2.tif].
Raster8FromTif: Bits per sample 8, samples per pixel 1
Raster8FromTif: Picture is 1376 by 1040, 1431040 pixels total.
TIF(8): Last Encoded strip had 1376 bytes.
Raster8FromTif: Opening [/groups/apig/tomo/DEMO/TIF/A1_4_2.tif].
Raster8FromTif: Bits per sample 8, samples per pixel 1
Raster8FromTif: Picture is 1376 by 1040, 1431040 pixels total.
TIF(8): Last Encoded strip had 1376 bytes.
Raster8FromTif: Opening [/groups/apig/tomo/DEMO/TIF/A1_3_2.tif].
Raster8FromTif: Bits per sample 8, samples per pixel 1
Raster8FromTif: Picture is 1376 by 1040, 1431040 pixels total.
TIF(8): Last Encoded strip had 1376 bytes.
Raster8FromTif: Opening [/groups/apig/tomo/DEMO/TIF/A1_2_2.tif].
Raster8FromTif: Bits per sample 8, samples per pixel 1
Raster8FromTif: Picture is 1376 by 1040, 1431040 pixels total.
TIF(8): Last Encoded strip had 1376 bytes.
Timer: MakeStrips took 1.830 seconds.
*A: z deg [l,r,b,t] scl [ws,hs] [x0,y0]
1 0 [0,2525,0,6188] 8 [316,774] [0,0]
*B: z deg [l,r,b,t] scl [ws,hs] [x0,y0]
0 0 [0,2524,0,6187] 8 [316,774] [0,0]

---- Thumbnail matching ----
AngleScan: center=0.000, hlfwid=180.000, step=5.000
Center: R= 0.389, A=   0.000, X=  -27.50, Y=   27.11
  Scan: R= 0.074, A= -10.000, X=  -35.95, Y=   -7.87
  Scan: R= 0.073, A=  -8.333, X= -108.14, Y=   64.37
  Scan: R= 0.089, A=  -6.667, X=  -82.06, Y=   55.36
  Scan: R= 0.114, A=  -5.000, X=  -79.81, Y=   50.47
  Scan: R= 0.141, A=  -3.333, X=  -64.02, Y=   40.02
  Scan: R= 0.201, A=  -1.667, X=  -46.30, Y=   32.85
  Scan: R= 0.389, A=   0.000, X=  -27.50, Y=   27.11
  Scan: R= 0.791, A=   1.667, X=  -11.07, Y=   23.43
  Scan: R= 0.277, A=   3.333, X=    6.97, Y=   20.18
  Scan: R= 0.175, A=   5.000, X=   22.80, Y=   13.75
  Scan: R= 0.107, A=   6.667, X=   34.22, Y=   15.95
  Scan: R= 0.086, A=   8.333, X=   65.50, Y=   11.56
  Scan: R= 0.074, A=  10.000, X=    1.92, Y=   18.01
  Scan: R= 0.066, A= 170.000, X=  372.82, Y=  728.85
  Scan: R= 0.064, A= 171.667, X=  325.91, Y=  747.86
  Scan: R= 0.077, A= 173.333, X=  315.64, Y=  756.96
  Scan: R= 0.075, A= 175.000, X=  351.97, Y=  751.99
  Scan: R= 0.094, A= 176.667, X=  351.68, Y=  754.57
  Scan: R= 0.076, A= 178.333, X=  336.25, Y=  869.43
  Scan: R= 0.074, A= 180.000, X=  316.29, Y=  869.85
  Scan: R= 0.077, A= 181.667, X=  289.14, Y=  787.19
  Scan: R= 0.069, A= 183.333, X=  271.27, Y=  795.22
  Scan: R= 0.062, A= 185.000, X=  298.14, Y=  698.34
  Scan: R= 0.088, A= 186.667, X=  301.50, Y=  815.09
  Scan: R= 0.067, A= 188.333, X=  219.55, Y=  793.79
  Scan: R= 0.065, A= 190.000, X=  277.15, Y=  806.61
  Scan: R= 0.074, A=-180.000, X=  316.29, Y=  869.85
  Scan: R= 0.062, A=-175.000, X=  298.14, Y=  698.34
  Scan: R= 0.065, A=-170.000, X=  277.15, Y=  806.61
  Scan: R= 0.075, A=-165.000, X=  151.91, Y=  874.66
  Scan: R= 0.065, A=-160.000, X=  131.49, Y=  866.90
  Scan: R= 0.061, A=-155.000, X=  140.62, Y=  928.78
  Scan: R= 0.069, A=-150.000, X=   46.96, Y=  870.03
  Scan: R= 0.070, A=-145.000, X=   -3.85, Y=  860.93
  Scan: R= 0.070, A=-140.000, X=   33.09, Y=  908.24
  Scan: R= 0.061, A=-135.000, X=    1.56, Y=  888.99
  Scan: R= 0.075, A=-130.000, X=  -49.85, Y=  871.45
  Scan: R= 0.083, A=-125.000, X=  -74.19, Y=  855.98
  Scan: R= 0.066, A=-120.000, X= -123.97, Y=  801.00
  Scan: R= 0.061, A=-115.000, X= -141.73, Y=  807.21
  Scan: R= 0.066, A=-110.000, X= -171.91, Y=  781.12
  Scan: R= 0.050, A=-105.000, X= -132.01, Y=  603.16
  Scan: R= 0.048, A=-100.000, X= -202.14, Y=  624.74
  Scan: R= 0.050, A= -95.000, X= -238.24, Y=  727.74
  Scan: R= 0.055, A= -90.000, X= -231.34, Y=  580.09
  Scan: R= 0.059, A= -85.000, X= -276.13, Y=  603.78
  Scan: R= 0.055, A= -80.000, X= -267.25, Y=  353.86
  Scan: R= 0.047, A= -75.000, X= -329.32, Y=  456.88
  Scan: R= 0.046, A= -70.000, X= -318.80, Y=  485.80
  Scan: R= 0.056, A= -65.000, X= -304.24, Y=  438.77
  Scan: R= 0.053, A= -60.000, X= -302.93, Y=  421.76
  Scan: R= 0.057, A= -55.000, X= -243.98, Y=  333.49
  Scan: R= 0.054, A= -50.000, X= -301.00, Y=  219.27
  Scan: R= 0.055, A= -45.000, X= -166.06, Y=  306.88
  Scan: R= 0.067, A= -40.000, X= -254.43, Y=   65.07
  Scan: R= 0.067, A= -35.000, X= -223.69, Y=   21.28
  Scan: R= 0.062, A= -30.000, X= -198.32, Y=  195.03
  Scan: R= 0.060, A= -25.000, X= -154.66, Y=   66.99
  Scan: R= 0.059, A= -20.000, X= -172.94, Y=  129.95
  Scan: R= 0.071, A= -15.000, X=  -46.85, Y=   89.81
  Scan: R= 0.074, A= -10.000, X=  -35.95, Y=   -7.87
  Scan: R= 0.114, A=  -5.000, X=  -79.81, Y=   50.47
  Scan: R= 0.389, A=   0.000, X=  -27.50, Y=   27.11
  Scan: R= 0.175, A=   5.000, X=   22.80, Y=   13.75
  Scan: R= 0.074, A=  10.000, X=    1.92, Y=   18.01
  Scan: R= 0.066, A=  15.000, X=   93.87, Y=    9.14
  Scan: R= 0.079, A=  20.000, X=  129.95, Y=   13.15
  Scan: R= 0.067, A=  25.000, X=  189.19, Y=   12.79
  Scan: R= 0.060, A=  30.000, X=  222.55, Y=  -25.05
  Scan: R= 0.079, A=  35.000, X=  194.29, Y=  102.79
  Scan: R= 0.070, A=  40.000, X=  314.94, Y=   53.78
  Scan: R= 0.061, A=  45.000, X=  252.85, Y=  -55.96
  Scan: R= 0.063, A=  50.000, X=  311.17, Y=  -62.15
  Scan: R= 0.061, A=  55.000, X=  434.07, Y=  133.11
  Scan: R= 0.058, A=  60.000, X=  434.59, Y=  170.87
  Scan: R= 0.055, A=  65.000, X=  485.00, Y=  180.06
  Scan: R= 0.055, A=  70.000, X=  441.24, Y=  273.07
  Scan: R= 0.055, A=  75.000, X=  539.07, Y=  281.47
  Scan: R= 0.063, A=  80.000, X=  557.89, Y=  308.02
  Scan: R= 0.046, A=  85.000, X=  550.62, Y=  125.86
  Scan: R= 0.063, A=  90.000, X=  586.98, Y=  267.78
  Scan: R= 0.055, A=  95.000, X=  608.77, Y=  310.88
  Scan: R= 0.057, A= 100.000, X=  597.09, Y=  358.18
  Scan: R= 0.053, A= 105.000, X=  620.42, Y=  396.43
  Scan: R= 0.063, A= 110.000, X=  611.94, Y=  417.72
  Scan: R= 0.057, A= 115.000, X=  628.00, Y=  465.83
  Scan: R= 0.063, A= 120.000, X=  635.38, Y=  423.01
  Scan: R= 0.055, A= 125.000, X=  626.92, Y=  537.61
  Scan: R= 0.076, A= 130.000, X=  617.21, Y=  494.06
  Scan: R= 0.063, A= 135.000, X=  583.15, Y=  628.04
  Scan: R= 0.076, A= 140.000, X=  578.14, Y=  664.20
  Scan: R= 0.071, A= 145.000, X=  552.96, Y=  705.99
  Scan: R= 0.061, A= 150.000, X=  487.37, Y=  731.34
  Scan: R= 0.064, A= 155.000, X=  435.96, Y=  752.00
  Scan: R= 0.057, A= 160.000, X=  431.85, Y=  677.35
  Scan: R= 0.064, A= 165.000, X=  465.81, Y=  795.37
  Scan: R= 0.066, A= 170.000, X=  372.82, Y=  728.85
  Scan: R= 0.075, A= 175.000, X=  351.97, Y=  751.99
  Scan: R= 0.074, A= 180.000, X=  316.29, Y=  869.85
  Best: R= 0.791, A=   1.667, X=  -11.07, Y=   23.43
Timer: AngleScan took 4.740 seconds.
AngleScan: center=1.667, hlfwid=10.000, step=0.250
Center: R= 0.791, A=   1.667, X=  -11.07, Y=   23.43
  Scan: R= 0.073, A=  -8.333, X= -108.14, Y=   64.37
  Scan: R= 0.078, A=  -8.083, X= -117.91, Y=   69.29
  Scan: R= 0.076, A=  -7.833, X= -102.92, Y=   60.38
  Scan: R= 0.077, A=  -7.583, X= -106.58, Y=   64.01
  Scan: R= 0.079, A=  -7.333, X=  -99.06, Y=   60.01
  Scan: R= 0.085, A=  -7.083, X= -105.13, Y=   63.72
  Scan: R= 0.083, A=  -6.833, X=  -82.56, Y=   56.25
  Scan: R= 0.088, A=  -6.583, X=  -81.86, Y=   55.14
  Scan: R= 0.089, A=  -6.333, X=  -86.81, Y=   57.91
  Scan: R= 0.089, A=  -6.083, X=  -81.15, Y=   51.99
  Scan: R= 0.095, A=  -5.833, X=  -85.64, Y=   55.05
  Scan: R= 0.096, A=  -5.583, X=  -83.94, Y=   56.66
  Scan: R= 0.105, A=  -5.333, X=  -80.43, Y=   52.61
  Scan: R= 0.114, A=  -5.083, X=  -79.90, Y=   50.96
  Scan: R= 0.119, A=  -4.833, X=  -77.76, Y=   48.38
  Scan: R= 0.131, A=  -4.583, X=  -75.36, Y=   43.23
  Scan: R= 0.126, A=  -4.333, X=  -74.26, Y=   42.47
  Scan: R= 0.131, A=  -4.083, X=  -67.89, Y=   49.29
  Scan: R= 0.140, A=  -3.833, X=  -65.00, Y=   48.97
  Scan: R= 0.139, A=  -3.583, X=  -64.21, Y=   47.99
  Scan: R= 0.141, A=  -3.333, X=  -64.02, Y=   40.02
  Scan: R= 0.143, A=  -3.083, X=  -61.05, Y=   40.51
  Scan: R= 0.155, A=  -2.833, X=  -57.85, Y=   41.13
  Scan: R= 0.164, A=  -2.583, X=  -51.23, Y=   37.72
  Scan: R= 0.177, A=  -2.333, X=  -49.44, Y=   34.01
  Scan: R= 0.198, A=  -2.083, X=  -48.98, Y=   33.29
  Scan: R= 0.205, A=  -1.833, X=  -47.13, Y=   31.98
  Scan: R= 0.202, A=  -1.583, X=  -45.65, Y=   32.35
  Scan: R= 0.222, A=  -1.333, X=  -42.26, Y=   30.77
  Scan: R= 0.234, A=  -1.083, X=  -37.99, Y=   31.62
  Scan: R= 0.259, A=  -0.833, X=  -36.09, Y=   29.76
  Scan: R= 0.286, A=  -0.583, X=  -31.99, Y=   28.82
  Scan: R= 0.325, A=  -0.333, X=  -30.59, Y=   27.97
  Scan: R= 0.377, A=  -0.083, X=  -27.94, Y=   27.15
  Scan: R= 0.441, A=   0.167, X=  -24.90, Y=   26.66
  Scan: R= 0.540, A=   0.417, X=  -22.73, Y=   26.46
  Scan: R= 0.648, A=   0.667, X=  -20.35, Y=   26.08
  Scan: R= 0.781, A=   0.917, X=  -17.79, Y=   25.65
  Scan: R= 0.883, A=   1.167, X=  -15.34, Y=   24.77
  Scan: R= 0.902, A=   1.417, X=  -13.09, Y=   24.14
  Scan: R= 0.791, A=   1.667, X=  -11.07, Y=   23.43
  Scan: R= 0.690, A=   1.917, X=   -8.43, Y=   23.06
  Scan: R= 0.571, A=   2.167, X=   -6.41, Y=   22.17
  Scan: R= 0.476, A=   2.417, X=   -4.62, Y=   21.25
  Scan: R= 0.388, A=   2.667, X=   -1.29, Y=   20.39
  Scan: R= 0.334, A=   2.917, X=    0.67, Y=   19.46
  Scan: R= 0.293, A=   3.167, X=    5.07, Y=   20.67
  Scan: R= 0.267, A=   3.417, X=    8.82, Y=   20.28
  Scan: R= 0.252, A=   3.667, X=   11.23, Y=   19.44
  Scan: R= 0.229, A=   3.917, X=   11.93, Y=   18.94
  Scan: R= 0.214, A=   4.167, X=   12.60, Y=   18.46
  Scan: R= 0.201, A=   4.417, X=   16.93, Y=   13.32
  Scan: R= 0.190, A=   4.667, X=   18.92, Y=   12.75
  Scan: R= 0.176, A=   4.917, X=   19.68, Y=   11.78
  Scan: R= 0.162, A=   5.167, X=   23.83, Y=   13.85
  Scan: R= 0.145, A=   5.417, X=   25.07, Y=   13.89
  Scan: R= 0.143, A=   5.667, X=   30.02, Y=   11.81
  Scan: R= 0.134, A=   5.917, X=   32.87, Y=   11.67
  Scan: R= 0.130, A=   6.167, X=   35.15, Y=   10.82
  Scan: R= 0.117, A=   6.417, X=   36.92, Y=    9.16
  Scan: R= 0.107, A=   6.667, X=   34.22, Y=   15.95
  Scan: R= 0.104, A=   6.917, X=   47.75, Y=   13.79
  Scan: R= 0.098, A=   7.167, X=   45.60, Y=    7.98
  Scan: R= 0.100, A=   7.417, X=   47.91, Y=    8.19
  Scan: R= 0.091, A=   7.667, X=   49.93, Y=   12.79
  Scan: R= 0.089, A=   7.917, X=   50.14, Y=   12.33
  Scan: R= 0.084, A=   8.167, X=   64.10, Y=   11.61
  Scan: R= 0.089, A=   8.417, X=   66.09, Y=   11.77
  Scan: R= 0.088, A=   8.667, X=   69.07, Y=    6.40
  Scan: R= 0.077, A=   8.917, X=   68.32, Y=   10.70
  Scan: R= 0.076, A=   9.167, X=   66.88, Y=    8.41
  Scan: R= 0.072, A=   9.417, X=   -4.71, Y=   24.10
  Scan: R= 0.077, A=   9.667, X=   94.95, Y=   57.24
  Scan: R= 0.071, A=   9.917, X=   -3.72, Y=   18.94
  Scan: R= 0.075, A=  10.167, X=  104.01, Y= -134.87
  Scan: R= 0.073, A=  10.417, X=    3.94, Y=   17.01
  Scan: R= 0.069, A=  10.667, X=    5.33, Y=   16.31
  Scan: R= 0.066, A=  10.917, X=   49.20, Y= -182.02
  Scan: R= 0.069, A=  11.167, X=   57.84, Y= -175.74
  Scan: R= 0.068, A=  11.417, X=   89.67, Y=  -68.24
  Scan: R= 0.069, A=  11.667, X=   91.55, Y=  -69.10
  Best: R= 0.902, A=   1.417, X=  -13.09, Y=   24.14
Timer: AngleScan took 2.930 seconds.
PeakHunt: Best: K=11, R=0.912, A=1.327, X=-13.967, Y=24.310
Timer: PeakHunt took 4.960 seconds.
*T: [0,1,2,3,4,5] (strip-strip)
[0.999732,-0.023160,-13.967298,0.023160,0.999732,24.310198]
Timer: Strips took 12.650 seconds.


---- Memory ----
Host name: h09u27.int.janelia.org
PID:       68912
User time:      59 seconds.
System time:     6 seconds.
VmPeak:	 1989744 kB
VmSize:	  647152 kB
VmLck:	       0 kB
VmPin:	       0 kB
VmHWM:	 1601924 kB
VmRSS:	   33512 kB
VmData:	  480772 kB
VmStk:	     160 kB
VmExe:	     744 kB
VmLib:	   82640 kB
VmPTE:	     600 kB
VmSwap:	       0 kB
voluntary_ctxt_switches:	945
nonvoluntary_ctxt_switches:	260

