Align this block: Fri Sep 30 13:22:11 2016 -script=/groups/apig/tomo/DEMO/prms/scriptparams.txt 

---- Script parameters ----
slotspernode=16        <typical 16>      "fixed slot count per cluster node"
usingfoldmasks=N       <typical N>       "Y=Each tile gets foldmask image"
croprectfile=          <path or blank>   "{cam,x0,y0,dx,dy} for ea. cam"
makefmjparam=4         <typical 4>       "'fsub'/make.fm -j #concurrent_procs"
makefmslots=4          <typical 4>       "'fsub'/make.fm slots per qsub (>= jparam)"
createauxdirs=N        <typical N>       "Y=create special dirs for aux ptest info"
montageblocksize=8     <typical 8>       "montage work grid cell size^2 tiles"
mintileolapfrac=0.02   <typical 0.02>    "min layout tile area frac for overlap"
ignorecorners=N        <typical N>       "Y=using row/col data, omit corner-corner pairs"
makesamejparam=4       <typical 4>       "'ssub'/make.same -j #concurrent_procs"
makesameslots=4        <typical 4>       "'ssub'/make.same slots per qsub (>= jparam)"
crossscale=8           <typical 50>      "scale reduction for strips and blocks"
legendremaxorder=2     <typical 1>       "max order Legendre poly bkgnd subtraction"
rendersdevcnts=42      <typical 42>      "rescale making 1 stdev this many cnts"
maskoutresin=N         <typical N>       "Y=remove resin pixels from EM rendering"
stripwidth=5           <typical 15>      "strips n tiles wide in short dimension (0 -> full)"
stripsweepspan=360     <typical 360.0>   "strip angle sweep span (deg, 0 -> force 0)"
stripsweepstep=5       <typical 5.0>     "strip sweep step size (deg, step > 0)"
stripmincorr=0.02      <typical 0.02>    "try bigger strips if correlation this low"
stripslots=8           <typical 8>       "subscapes.sht/scapeops slots/threads per job"
crossblocksize=10      <typical 10>      "block work grid cell size^2 tiles"
blocksweepspan=8       <typical 8.0>     "block angle sweep span (deg)"
blocksweepstep=0.2     <typical 0.2>     "block sweep step size (deg, step > 0)"
blockxyconf=0.75       <typical 0.75>    "search radius = (1-conf)(blockwide)"
blockmincorr=0.2       <typical 0.45>    "min required block match correlation"
blocknomcorr=0.2       <typical 0.50>    "nominal block match correlation"
blocknomcoverage=0.90  <typical 0.90>    "nominal block area frac matched"
blockreqdz=1           <typical 1>       "connect to at least reqdz layers (<= maxdz)"
blockmaxdz=10          <typical 10>      "max z-index span of useful correlation"
blockslots=8           <typical 8>       "bsub.sht/cross_thisblock slots/threads per job"
makedownjparam=4       <typical 4>       "'dsub'/make.down -j #concurrent_procs"
makedownslots=4        <typical 4>       "'dsub'/make.down slots per qsub (>= jparam)"
xmlpixeltype=0         <typical 0>       "ImagePlus type code (above)"
xmlsclmin=0            <typical 0>       "intensity scale min"
xmlsclmax=0            <typical 0>       "intensity scale max"

Got 42 images.
Raster8FromTif: Opening [/groups/apig/tomo/DEMO/TIF/A1_0_2.tif].
Raster8FromTif: Bits per sample 8, samples per pixel 1
Raster8FromTif: Picture is 1376 by 1040, 1431040 pixels total.
TIF(8): Last Encoded strip had 1376 bytes.
Timer: ReadFile took 0.050 seconds.

--- Start A layer ----
Raster8FromTif: Opening [/groups/apig/tomo/DEMO/TIF/C1_11_2.tif].
Raster8FromTif: Opening [/groups/apig/tomo/DEMO/TIF/C1_12_2.tif].
Raster8FromTif: Opening [/groups/apig/tomo/DEMO/TIF/C1_9_2.tif].
Raster8FromTif: Opening [/groups/apig/tomo/DEMO/TIF/C1_8_2.tif].
Raster8FromTif: Opening [/groups/apig/tomo/DEMO/TIF/C1_10_2.tif].
Raster8FromTif: Opening [/groups/apig/tomo/DEMO/TIF/C1_7_2.tif].
Raster8FromTif: Opening [/groups/apig/tomo/DEMO/TIF/C1_13_2.tif].
Raster8FromTif: Opening [/groups/apig/tomo/DEMO/TIF/C1_6_2.tif].
Raster8FromTif: Bits per sample 8, samples per pixel 1
Raster8FromTif: Picture is 1376 by 1040, 1431040 pixels total.
TIF(8): Last Encoded strip had 1376 bytes.
Raster8FromTif: Bits per sample 8, samples per pixel 1
Raster8FromTif: Picture is 1376 by 1040, 1431040 pixels total.
Raster8FromTif: Bits per sample 8, samples per pixel 1
Raster8FromTif: Picture is 1376 by 1040, 1431040 pixels total.
Raster8FromTif: Bits per sample 8, samples per pixel 1
Raster8FromTif: Picture is 1376 by 1040, 1431040 pixels total.
TIF(8): Last Encoded strip had 1376 bytes.
TIF(8): Last Encoded strip had 1376 bytes.
Raster8FromTif: Bits per sample 8, samples per pixel 1
Raster8FromTif: Picture is 1376 by 1040, 1431040 pixels total.
Raster8FromTif: Bits per sample 8, samples per pixel 1
Raster8FromTif: Picture is 1376 by 1040, 1431040 pixels total.
Raster8FromTif: Bits per sample 8, samples per pixel 1
Raster8FromTif: Picture is 1376 by 1040, 1431040 pixels total.
TIF(8): Last Encoded strip had 1376 bytes.
Raster8FromTif: Bits per sample 8, samples per pixel 1
Raster8FromTif: Picture is 1376 by 1040, 1431040 pixels total.
TIF(8): Last Encoded strip had 1376 bytes.
TIF(8): Last Encoded strip had 1376 bytes.
TIF(8): Last Encoded strip had 1376 bytes.
TIF(8): Last Encoded strip had 1376 bytes.
Raster8FromTif: Opening [/groups/apig/tomo/DEMO/TIF/C1_5_2.tif].
Raster8FromTif: Bits per sample 8, samples per pixel 1
Raster8FromTif: Picture is 1376 by 1040, 1431040 pixels total.
TIF(8): Last Encoded strip had 1376 bytes.
Raster8FromTif: Opening [/groups/apig/tomo/DEMO/TIF/C1_4_2.tif].
Raster8FromTif: Bits per sample 8, samples per pixel 1
Raster8FromTif: Picture is 1376 by 1040, 1431040 pixels total.
TIF(8): Last Encoded strip had 1376 bytes.
Raster8FromTif: Opening [/groups/apig/tomo/DEMO/TIF/C1_3_2.tif].
Raster8FromTif: Bits per sample 8, samples per pixel 1
Raster8FromTif: Picture is 1376 by 1040, 1431040 pixels total.
TIF(8): Last Encoded strip had 1376 bytes.
Raster8FromTif: Opening [/groups/apig/tomo/DEMO/TIF/C1_2_2.tif].
Raster8FromTif: Bits per sample 8, samples per pixel 1
Raster8FromTif: Picture is 1376 by 1040, 1431040 pixels total.
TIF(8): Last Encoded strip had 1376 bytes.
Raster8FromTif: Opening [/groups/apig/tomo/DEMO/TIF/C1_1_2.tif].
Raster8FromTif: Bits per sample 8, samples per pixel 1
Raster8FromTif: Picture is 1376 by 1040, 1431040 pixels total.
TIF(8): Last Encoded strip had 1376 bytes.
Raster8FromTif: Opening [/groups/apig/tomo/DEMO/TIF/C1_0_2.tif].
Raster8FromTif: Bits per sample 8, samples per pixel 1
Raster8FromTif: Picture is 1376 by 1040, 1431040 pixels total.
TIF(8): Last Encoded strip had 1376 bytes.
*A: z scl [ws,hs] [x0,y0]
2 8 [351,787] [-43.599492,29.731495]
Timer: MakeRasA took 1.020 seconds.

--- Start B layer ----
Raster8FromTif: Opening [/groups/apig/tomo/DEMO/TIF/B1_13_2.tif].
Raster8FromTif: Opening [/groups/apig/tomo/DEMO/TIF/B1_12_2.tif].
Raster8FromTif: Opening [/groups/apig/tomo/DEMO/TIF/B1_11_2.tif].
Raster8FromTif: Opening [/groups/apig/tomo/DEMO/TIF/B1_10_2.tif].
Raster8FromTif: Opening [/groups/apig/tomo/DEMO/TIF/B1_9_2.tif].
Raster8FromTif: Opening [/groups/apig/tomo/DEMO/TIF/B1_8_2.tif].
Raster8FromTif: Opening [/groups/apig/tomo/DEMO/TIF/B1_7_2.tif].
Raster8FromTif: Opening [/groups/apig/tomo/DEMO/TIF/B1_5_2.tif].
Raster8FromTif: Bits per sample 8, samples per pixel 1
Raster8FromTif: Picture is 1376 by 1040, 1431040 pixels total.
Raster8FromTif: Bits per sample 8, samples per pixel 1
Raster8FromTif: Picture is 1376 by 1040, 1431040 pixels total.
Raster8FromTif: Bits per sample 8, samples per pixel 1
Raster8FromTif: Picture is 1376 by 1040, 1431040 pixels total.
Raster8FromTif: Bits per sample 8, samples per pixel 1
Raster8FromTif: Picture is 1376 by 1040, 1431040 pixels total.
Raster8FromTif: Bits per sample 8, samples per pixel 1
Raster8FromTif: Picture is 1376 by 1040, 1431040 pixels total.
Raster8FromTif: Bits per sample 8, samples per pixel 1
Raster8FromTif: Picture is 1376 by 1040, 1431040 pixels total.
Raster8FromTif: Bits per sample 8, samples per pixel 1
Raster8FromTif: Picture is 1376 by 1040, 1431040 pixels total.
Raster8FromTif: Bits per sample 8, samples per pixel 1
Raster8FromTif: Picture is 1376 by 1040, 1431040 pixels total.
TIF(8): Last Encoded strip had 1376 bytes.
TIF(8): Last Encoded strip had 1376 bytes.
TIF(8): Last Encoded strip had 1376 bytes.
TIF(8): Last Encoded strip had 1376 bytes.
TIF(8): Last Encoded strip had 1376 bytes.
TIF(8): Last Encoded strip had 1376 bytes.
TIF(8): Last Encoded strip had 1376 bytes.
TIF(8): Last Encoded strip had 1376 bytes.
Raster8FromTif: Opening [/groups/apig/tomo/DEMO/TIF/B1_4_2.tif].
Raster8FromTif: Bits per sample 8, samples per pixel 1
Raster8FromTif: Picture is 1376 by 1040, 1431040 pixels total.
TIF(8): Last Encoded strip had 1376 bytes.
Raster8FromTif: Opening [/groups/apig/tomo/DEMO/TIF/B1_3_2.tif].
Raster8FromTif: Bits per sample 8, samples per pixel 1
Raster8FromTif: Picture is 1376 by 1040, 1431040 pixels total.
TIF(8): Last Encoded strip had 1376 bytes.
Raster8FromTif: Opening [/groups/apig/tomo/DEMO/TIF/B1_2_2.tif].
Raster8FromTif: Bits per sample 8, samples per pixel 1
Raster8FromTif: Picture is 1376 by 1040, 1431040 pixels total.
TIF(8): Last Encoded strip had 1376 bytes.
Raster8FromTif: Opening [/groups/apig/tomo/DEMO/TIF/B1_1_2.tif].
Raster8FromTif: Bits per sample 8, samples per pixel 1
Raster8FromTif: Picture is 1376 by 1040, 1431040 pixels total.
TIF(8): Last Encoded strip had 1376 bytes.
Raster8FromTif: Opening [/groups/apig/tomo/DEMO/TIF/B1_0_2.tif].
Raster8FromTif: Bits per sample 8, samples per pixel 1
Raster8FromTif: Picture is 1376 by 1040, 1431040 pixels total.
TIF(8): Last Encoded strip had 1376 bytes.
Raster8FromTif: Opening [/groups/apig/tomo/DEMO/TIF/B1_6_2.tif].
Raster8FromTif: Bits per sample 8, samples per pixel 1
Raster8FromTif: Picture is 1376 by 1040, 1431040 pixels total.
TIF(8): Last Encoded strip had 1376 bytes.
*B: z scl [ws,hs] [x0,y0]
1 8 [334,781] [-31.867360,24.324363]
Timer: MakeRasB took 0.910 seconds.

---- Thumbnail matching ----
Pretweaks start, best R=0.000
PTWSweep  0: 0.110 0.134 0.198 0.292 0.532 1.354 0.526 0.303 0.195 0.137 0.113
PTWSweep  1: 0.350 0.417 0.509 0.673 0.996 1.354 0.881 0.646 0.520 0.408 0.351
PTWSweep  2: 0.206 0.257 0.324 0.431 0.657 1.354 0.695 0.463 0.335 0.268 0.229
PTWSweep  3: 0.207 0.256 0.307 0.417 0.666 1.354 0.629 0.425 0.309 0.254 0.214
PTWSweep  4: 0.406 0.482 0.569 0.717 1.038 1.354 0.855 0.636 0.504 0.423 0.366
PTWIntrp  0: 1.354 @ 1.000
PTWUsing  0
PTWSweep  1: 0.350 0.417 0.509 0.673 0.996 1.354 0.881 0.646 0.520 0.408 0.351
PTWSweep  2: 0.206 0.257 0.324 0.431 0.657 1.354 0.695 0.463 0.335 0.268 0.229
PTWSweep  3: 0.207 0.256 0.307 0.417 0.666 1.354 0.629 0.425 0.309 0.254 0.214
PTWSweep  4: 0.406 0.482 0.569 0.717 1.038 1.354 0.855 0.636 0.504 0.423 0.366
PTWIntrp  1: 1.354 @ 1.000
Timer: Pretweaks took 5.170 seconds.
Approx: Pretweak  1.0000  0.0000     0.00    0.0000  1.0000     0.00
AngleScan: center=0.000, hlfwid=4.000, step=0.200
Center: R= 1.354, A=   0.000, X=  -11.81, Y=    5.36
  Scan: R= 0.996, A=  -0.400, X=  -15.24, Y=    6.63
  Scan: R= 1.055, A=  -0.333, X=  -14.61, Y=    6.38
  Scan: R= 1.170, A=  -0.267, X=  -13.94, Y=    6.16
  Scan: R= 1.249, A=  -0.200, X=  -13.31, Y=    6.00
  Scan: R= 1.307, A=  -0.133, X=  -12.72, Y=    5.84
  Scan: R= 1.332, A=  -0.067, X=  -12.13, Y=    5.69
  Scan: R= 1.354, A=  -0.000, X=  -11.81, Y=    5.36
  Scan: R= 1.327, A=   0.067, X=  -11.19, Y=    5.36
  Scan: R= 1.257, A=   0.133, X=  -10.69, Y=    5.03
  Scan: R= 1.199, A=   0.200, X=  -10.02, Y=    4.89
  Scan: R= 1.096, A=   0.267, X=   -9.31, Y=    4.80
  Scan: R= 1.002, A=   0.333, X=   -8.61, Y=    4.53
  Scan: R= 0.951, A=   0.400, X=   -8.08, Y=    4.35
  Scan: R= 0.190, A=  -4.000, X=  -41.17, Y=   18.01
  Scan: R= 0.189, A=  -3.800, X=  -52.19, Y=   19.64
  Scan: R= 0.196, A=  -3.600, X=  -41.34, Y=   16.00
  Scan: R= 0.205, A=  -3.400, X=  -40.11, Y=   14.86
  Scan: R= 0.221, A=  -3.200, X=  -41.07, Y=   13.11
  Scan: R= 0.239, A=  -3.000, X=  -40.09, Y=   12.24
  Scan: R= 0.264, A=  -2.800, X=  -39.91, Y=   11.71
  Scan: R= 0.282, A=  -2.600, X=  -38.32, Y=   11.08
  Scan: R= 0.289, A=  -2.400, X=  -35.80, Y=   10.62
  Scan: R= 0.307, A=  -2.200, X=  -34.31, Y=   10.67
  Scan: R= 0.330, A=  -2.000, X=  -30.72, Y=   10.99
  Scan: R= 0.365, A=  -1.800, X=  -29.95, Y=   10.74
  Scan: R= 0.395, A=  -1.600, X=  -26.28, Y=    9.26
  Scan: R= 0.443, A=  -1.400, X=  -24.86, Y=    8.85
  Scan: R= 0.509, A=  -1.200, X=  -22.97, Y=    8.35
  Scan: R= 0.593, A=  -1.000, X=  -21.16, Y=    8.24
  Scan: R= 0.687, A=  -0.800, X=  -19.29, Y=    7.59
  Scan: R= 0.839, A=  -0.600, X=  -17.13, Y=    7.14
  Scan: R= 0.996, A=  -0.400, X=  -15.24, Y=    6.63
  Scan: R= 1.249, A=  -0.200, X=  -13.31, Y=    6.00
  Scan: R= 1.354, A=   0.000, X=  -11.81, Y=    5.36
  Scan: R= 1.199, A=   0.200, X=  -10.02, Y=    4.89
  Scan: R= 0.951, A=   0.400, X=   -8.08, Y=    4.35
  Scan: R= 0.772, A=   0.600, X=   -5.94, Y=    3.81
  Scan: R= 0.648, A=   0.800, X=   -3.76, Y=    3.33
  Scan: R= 0.563, A=   1.000, X=   -1.73, Y=    2.91
  Scan: R= 0.496, A=   1.200, X=    0.27, Y=    2.63
  Scan: R= 0.435, A=   1.400, X=    2.40, Y=    2.77
  Scan: R= 0.384, A=   1.600, X=    3.40, Y=    2.32
  Scan: R= 0.345, A=   1.800, X=    6.51, Y=    0.09
  Scan: R= 0.319, A=   2.000, X=    8.14, Y=   -0.98
  Scan: R= 0.302, A=   2.200, X=   11.24, Y=    0.70
  Scan: R= 0.285, A=   2.400, X=   12.81, Y=    0.23
  Scan: R= 0.264, A=   2.600, X=   13.96, Y=    0.25
  Scan: R= 0.240, A=   2.800, X=   18.24, Y=   -1.94
  Scan: R= 0.234, A=   3.000, X=   19.98, Y=   -2.05
  Scan: R= 0.218, A=   3.200, X=   20.83, Y=   -0.98
  Scan: R= 0.202, A=   3.400, X=   24.11, Y=   -3.94
  Scan: R= 0.194, A=   3.600, X=   25.99, Y=   -3.89
  Scan: R= 0.186, A=   3.800, X=   24.39, Y=   -6.90
  Best: R= 1.354, A=   0.000, X=  -11.81, Y=    5.36
Timer: AngleScan took 1.860 seconds.
AngleScan: center=0.000, hlfwid=0.400, step=0.010
Center: R= 1.354, A=   0.000, X=  -11.81, Y=    5.36
  Scan: R= 0.996, A=  -0.400, X=  -15.24, Y=    6.63
  Scan: R= 1.004, A=  -0.390, X=  -15.13, Y=    6.60
  Scan: R= 1.011, A=  -0.380, X=  -15.04, Y=    6.56
  Scan: R= 1.017, A=  -0.370, X=  -14.95, Y=    6.52
  Scan: R= 1.026, A=  -0.360, X=  -14.84, Y=    6.48
  Scan: R= 1.039, A=  -0.350, X=  -14.76, Y=    6.44
  Scan: R= 1.049, A=  -0.340, X=  -14.67, Y=    6.40
  Scan: R= 1.058, A=  -0.330, X=  -14.58, Y=    6.37
  Scan: R= 1.066, A=  -0.320, X=  -14.49, Y=    6.32
  Scan: R= 1.088, A=  -0.310, X=  -14.35, Y=    6.28
  Scan: R= 1.111, A=  -0.300, X=  -14.24, Y=    6.25
  Scan: R= 1.132, A=  -0.290, X=  -14.14, Y=    6.22
  Scan: R= 1.151, A=  -0.280, X=  -14.05, Y=    6.19
  Scan: R= 1.166, A=  -0.270, X=  -13.96, Y=    6.17
  Scan: R= 1.178, A=  -0.260, X=  -13.88, Y=    6.14
  Scan: R= 1.187, A=  -0.250, X=  -13.78, Y=    6.12
  Scan: R= 1.194, A=  -0.240, X=  -13.69, Y=    6.09
  Scan: R= 1.199, A=  -0.230, X=  -13.59, Y=    6.07
  Scan: R= 1.203, A=  -0.220, X=  -13.49, Y=    6.05
  Scan: R= 1.228, A=  -0.210, X=  -13.39, Y=    6.03
  Scan: R= 1.249, A=  -0.200, X=  -13.31, Y=    6.00
  Scan: R= 1.267, A=  -0.190, X=  -13.23, Y=    5.98
  Scan: R= 1.280, A=  -0.180, X=  -13.15, Y=    5.96
  Scan: R= 1.290, A=  -0.170, X=  -13.06, Y=    5.94
  Scan: R= 1.297, A=  -0.160, X=  -12.98, Y=    5.91
  Scan: R= 1.302, A=  -0.150, X=  -12.88, Y=    5.89
  Scan: R= 1.306, A=  -0.140, X=  -12.79, Y=    5.86
  Scan: R= 1.307, A=  -0.130, X=  -12.70, Y=    5.83
  Scan: R= 1.303, A=  -0.120, X=  -12.61, Y=    5.80
  Scan: R= 1.295, A=  -0.110, X=  -12.52, Y=    5.77
  Scan: R= 1.306, A=  -0.100, X=  -12.43, Y=    5.81
  Scan: R= 1.317, A=  -0.090, X=  -12.35, Y=    5.78
  Scan: R= 1.324, A=  -0.080, X=  -12.26, Y=    5.74
  Scan: R= 1.330, A=  -0.070, X=  -12.16, Y=    5.71
  Scan: R= 1.335, A=  -0.060, X=  -12.07, Y=    5.66
  Scan: R= 1.335, A=  -0.050, X=  -11.98, Y=    5.62
  Scan: R= 1.332, A=  -0.040, X=  -11.90, Y=    5.57
  Scan: R= 1.325, A=  -0.030, X=  -11.82, Y=    5.52
  Scan: R= 1.333, A=  -0.020, X=  -11.91, Y=    5.46
  Scan: R= 1.345, A=  -0.010, X=  -11.86, Y=    5.41
  Scan: R= 1.354, A=   0.000, X=  -11.81, Y=    5.36
  Scan: R= 1.339, A=   0.010, X=  -11.75, Y=    5.33
  Scan: R= 1.320, A=   0.020, X=  -11.67, Y=    5.30
  Scan: R= 1.298, A=   0.030, X=  -11.58, Y=    5.26
  Scan: R= 1.284, A=   0.040, X=  -11.47, Y=    5.48
  Scan: R= 1.303, A=   0.050, X=  -11.35, Y=    5.44
  Scan: R= 1.318, A=   0.060, X=  -11.25, Y=    5.39
  Scan: R= 1.330, A=   0.070, X=  -11.17, Y=    5.34
  Scan: R= 1.338, A=   0.080, X=  -11.09, Y=    5.29
  Scan: R= 1.338, A=   0.090, X=  -11.02, Y=    5.25
  Scan: R= 1.330, A=   0.100, X=  -10.95, Y=    5.20
  Scan: R= 1.314, A=   0.110, X=  -10.88, Y=    5.15
  Scan: R= 1.293, A=   0.120, X=  -10.81, Y=    5.10
  Scan: R= 1.267, A=   0.130, X=  -10.72, Y=    5.05
  Scan: R= 1.237, A=   0.140, X=  -10.62, Y=    4.99
  Scan: R= 1.208, A=   0.150, X=  -10.49, Y=    5.18
  Scan: R= 1.217, A=   0.160, X=  -10.36, Y=    5.12
  Scan: R= 1.220, A=   0.170, X=  -10.26, Y=    5.06
  Scan: R= 1.218, A=   0.180, X=  -10.17, Y=    5.01
  Scan: R= 1.211, A=   0.190, X=  -10.09, Y=    4.95
  Scan: R= 1.199, A=   0.200, X=  -10.02, Y=    4.89
  Scan: R= 1.183, A=   0.210, X=   -9.94, Y=    4.84
  Scan: R= 1.164, A=   0.220, X=   -9.85, Y=    4.78
  Scan: R= 1.142, A=   0.230, X=   -9.74, Y=    4.73
  Scan: R= 1.119, A=   0.240, X=   -9.63, Y=    4.68
  Scan: R= 1.095, A=   0.250, X=   -9.49, Y=    4.87
  Scan: R= 1.097, A=   0.260, X=   -9.38, Y=    4.83
  Scan: R= 1.095, A=   0.270, X=   -9.28, Y=    4.79
  Scan: R= 1.088, A=   0.280, X=   -9.19, Y=    4.75
  Scan: R= 1.077, A=   0.290, X=   -9.09, Y=    4.70
  Scan: R= 1.064, A=   0.300, X=   -8.99, Y=    4.66
  Scan: R= 1.047, A=   0.310, X=   -8.89, Y=    4.62
  Scan: R= 1.029, A=   0.320, X=   -8.78, Y=    4.58
  Scan: R= 1.009, A=   0.330, X=   -8.65, Y=    4.54
  Scan: R= 0.988, A=   0.340, X=   -8.51, Y=    4.51
  Scan: R= 0.984, A=   0.350, X=   -8.41, Y=    4.63
  Scan: R= 0.977, A=   0.360, X=   -8.33, Y=    4.57
  Scan: R= 0.968, A=   0.370, X=   -8.24, Y=    4.52
  Scan: R= 0.963, A=   0.380, X=   -8.26, Y=    4.46
  Scan: R= 0.958, A=   0.390, X=   -8.17, Y=    4.40
  Best: R= 1.354, A=   0.000, X=  -11.81, Y=    5.36
Timer: AngleScan took 2.900 seconds.
PeakHunt: Best: K=10, R=1.354, A=0.000, X=-11.812, Y=5.364
Timer: PeakHunt took 4.850 seconds.
*T: [0,1,2,3,4,5] (block-block)
[1.000000,0.000000,-11.811792,0.000000,1.000000,5.363501]
Timer: Corr took 14.780 seconds.
Block coverage prime 1.00 scdry 1.00  Z 1
Final coverage prime 1.00 scdry 1.00 ntiles 14

--- Write Files ----


---- Memory ----
Host name: h09u24.int.janelia.org
PID:       6977
User time:      63 seconds.
System time:     7 seconds.
VmPeak:	 1334656 kB
VmSize:	  653116 kB
VmLck:	       0 kB
VmPin:	       0 kB
VmHWM:	  920088 kB
VmRSS:	   29592 kB
VmData:	  486716 kB
VmStk:	     160 kB
VmExe:	     764 kB
VmLib:	   82640 kB
VmPTE:	     536 kB
VmSwap:	       0 kB
voluntary_ctxt_switches:	1225
nonvoluntary_ctxt_switches:	457

