
---- dmesh start ----
main: Start: Fri Sep 30 13:13:22 2016


---- Match parameters ----
PXBRO=2            <default 2>        "Max Legendre poly order for bkg removal"
PXLENS=N           <default N>        "Y=Apply IDB/lens.txt"
PXRESMSK=N         <default N>        "Y=Apply resin mask"
PXDOG=N            <default N>        "Y=Apply DoG filter"
PXDOG_R1=3         <default 3>        "DoG inner radius"
PXDOG_R2=6         <default 6>        "DoG outer radius"
FLD=N              <default X>        "Mask usage: Y=Use, N=None, X=XL only"
PRETWEAK=N         <default N>        "Y=Auto-distort before angle scan"
SCALE=1            <default 1.0>      "Image-B / image-A scale factor"
XSCALE=1           <default 1.0>      "Image-B / image-A x-axis scale factor"
YSCALE=1           <default 1.0>      "Image-B / image-A y-axis scale factor"
SKEW=0             <default 0.0>      "Transform elem[3] user-applied distortion"
MODE_SL=M          <default Z>        "Notes above"
MODE_XL=N          <default Y>        "Notes above"
TAB2DFM_SL=N       <default Y>        "Adopt Tdfm from Tab"
TAB2DFM_XL=Y       <default Y>        "Adopt Tdfm from Tab"
XYCONF_SL=1.0      <default 0.0>      "[0,1.0] confidence in Tab XY"
XYCONF_XL=0.8      <default 0.0>      "[0,1.0] confidence in Tab XY"
THMDEC_SL=8        <default 8>        "2^N thumb decimation factor"
THMDEC_XL=8        <default 8>        "2^N thumb decimation factor"
OLAP1D_SL=0        <default 0>        "Min 1D pix full-size overlap"
OLAP1D_XL=0        <default 0>        "Min 1D pix full-size overlap"
OLAP2D_SL=60000    <default 25000>    "Min 2D pix full-size overlap"
OLAP2D_XL=160000   <default 200000>   "Min 2D pix full-size overlap"
NBMXHT_SL=0.75     <default 0.75>     "Max F(neib)/F(pk) in guard zone"
NBMXHT_XL=0.75     <default 0.75>     "Max F(neib)/F(pk) in guard zone"
HFANGDN_SL=5       <default 5.0>      "Half angle search range denovo"
HFANGDN_XL=45      <default 45.0>     "Half angle search range denovo"
HFANGPR_SL=1       <default 1.0>      "Half angle search range prior angles"
HFANGPR_XL=4       <default 1.0>      "Half angle search range prior angles"
RTRSH_SL=0.3       <default 0.3>      "R corr thresh"
RTRSH_XL=0.3       <default 0.3>      "R corr thresh"
TWEAKS=N           <default N>        "Y=Try 8 near unity distortions"
LIMXY_SL=30        <default 0>        "0 or Max XY delta from Tab"
LIMXY_XL=80        <default 0>        "0 or Max XY delta from Tab"
WTHMPR=Y           <default Y>        "Y=Write ThmPair_a^b.txt entries"
OPT_SL=Y           <default Y(EM)>    "Y=Enable mesh optimizer"
RIT_SL=0.50        <default 0.20>     "Min mesh starting corr"
RIT_XL=0.1         <default 0.20>     "Min mesh starting corr"
RFA_SL=0.55        <default 0.3>      "Affine-only final corr"
RFA_XL=0.20        <default 0.3>      "Affine-only final corr"
RFT_SL=0.65        <default 0.5>      "Full mesh final corr"
RFT_XL=0.25        <default 0.5>      "Full mesh final corr"
TMC=5              <default 30.0%>    "Max single triangle area change"
TSC=9              <default 9.0%>     "Max summed triangle area change"
MNL=250            <default 300>      "Triangle edges between MNL and 2*MNL"
MTA=120000         <default 10000>    "Min triangle size (pixels)"
MMA=60000          <default 100000>   "Min 2D overlap for mesh"
ONE=N              <default N>        "Y=Use just one affine transform"
IFM=0.50           <default 0.50>     "Min Fourier Metric after affine-only"
FFM=0.65           <default 0.65>     "Min Fourier Metric after full mesh"
FYL=0.5            <default 0.50>     "Min fraction of yellow pixels"
CPD=0.5            <default 0.50>     "Min Correlation + DFM"
EMM=Y              <default Y>        "Y=Use Earth Mover's Metric, N=Use Fourier"
EMT=0.14           <default 0.2>      "Earth Movers Metric thresh"
WDI=N              <default N>        "Y=Write diff images (Fourier, EMM metrics)"
LDA=0.2            <default 0.2>      "Max radian delta between triangles"
LDR=0.1            <default 0.1>      "Max sine delta between triangles"
LDC=100            <default 100.0>    "Max XY delta between triangles"
DXY=100            <default 100.0>    "Max delta from user input XYs"
WMT=N              <default Y>        "Y=Write map.tif files"
WTT=N              <default Y>        "Y=Write tf.txt files"


---- Input images ----
Til2Img entry: A T=[ 1.0000  0.0000     0.00  0.0000  1.0000   857.00] path=[/groups/apig/tomo/DEMO/TIF/B1_12_2.tif].
Til2Img entry: B T=[ 1.0000  0.0000     0.00  0.0000  1.0000     0.00] path=[/groups/apig/tomo/DEMO/TIF/B1_13_2.tif].


---- Command-line overrides ----
Tdfm= 1.0000  0.0000     0.00    0.0000  1.0000     0.00
FLD=N
MODE=N (was M)
CTR=0


---- Image loading ----
Raster8FromTif: Opening [/groups/apig/tomo/DEMO/TIF/B1_12_2.tif].
Raster8FromTif: Bits per sample 8, samples per pixel 1
Raster8FromTif: Picture is 1376 by 1040, 1431040 pixels total.
TIF(8): Last Encoded strip had 1376 bytes.
Raster8FromTif: Opening [/groups/apig/tomo/DEMO/TIF/B1_13_2.tif].
Raster8FromTif: Bits per sample 8, samples per pixel 1
Raster8FromTif: Picture is 1376 by 1040, 1431040 pixels total.
TIF(8): Last Encoded strip had 1376 bytes.
PixPair: Using image scale=1.
Timer: Image conditioning took 0.220 seconds.

---- Foldmaps ----

---- Connected regions ----
Forcing single connected region.

---- Begin A-1 to B-1 ----

---- Thumbnail matching ----
Subimage: Using intersection, w=1376, h=183, pix=251808
Thumbs: After decimation 3956 pts, reqArea 937, thmscl 8
SetDisc( 0, 0, 3, 3 )
Initial: R= 2.766, A=   0.000, X=    0.24, Y=    0.50
Peak-Disc: dR 4 dX 1 dY 4
Approx: LowRes  R=2.766, X=1.929, Y=4.014
Approx: FullRes R=1.068, X=2.894, Y=4.155, use=Y.
Timer: FinishAtFullRes took 0.220 seconds.
Approx: Returning A=0.000000, R=2.766482, X=2.893602, Y=861.154571
Approx: Best transform  1.0000  0.0000     2.89    0.0000  1.0000   861.15
Approx: Orig transform  1.0000  0.0000     0.00    0.0000  1.0000   857.00
Approx: Idnt transform  1.0000  0.0000     2.89    0.0000  1.0000     4.15
Approx: err = 5.06294, max = 30

---- Starting detailed region mapping ----
Roughly 245946 pixels map to B.
Region size is [0 1373] in x, [0 178] in y.

---- Building mesh - affine ----
Computed simple triangle.

---- ImproveMesh - affine ----
Tri: (0 0) (1373 0) (686 178).

---- Matlab Vertices ----
x=[0 1373 686 0]; y=[0 0 178 0]; plot(x,y); hold on;

---- ImproveControlPts ----
STAT: ImproveCpt: Initial affine correlation 0.860003 (245946 pixels).
corr=0.860003	step=10.000000
corr=0.860003	step=5.000000
corr=0.860003	step=2.500000
corr=0.860003	step=1.250000
corr=0.860003	step=0.625000
STAT: ImproveCpt: Final affine correlation 0.860003, (threshold 0.550000).

---- Matlab A-Sys Originals ----
x=[0.000000 1373.000000 686.000000 0.000000]; y=[0.000000 0.000000 178.000000 0.000000]; plot(x,y); hold on;

---- Matlab B-Sys Originals ----
x=[2.893602 1375.893602 688.893602 2.893602]; y=[861.154571 861.154571 1039.154571 861.154571]; plot(x,y); hold on;

---- Matlab B-Sys Optimized ----
x=[2.893602 1375.893602 688.893602 2.893602]; y=[861.154571 861.154571 1039.154571 861.154571]; plot(x,y); hold on;

---- Deltas ----
id=     0: dx=    0.00 dy=    0.00 d=    0.00
id=     1: dx=    0.00 dy=    0.00 d=    0.00
id=     2: dx=    0.00 dy=    0.00 d=    0.00

---- Areas ----
Triangle 0, area was   122197.0, is   122197.0,   -0.0%
Combined: area was   122197.0, is   122197.0,   -0.0%

---- Transforms ----
 1.0000  0.0000     2.89    0.0000  1.0000   861.15
Best affine transform:  1.0000  0.0000     2.89    0.0000  1.0000   861.15
    Inverse transform:  1.0000 -0.0000    -2.89   -0.0000  1.0000  -861.15

---- QC - affine ----
Metrics: AFF: Mean square difference 0.279724
Metrics: AFF: Smallest footprint deg=0, area=242844
MetricImages: Range x 0 1372, y 0 177, use Nx=1374, Ny=178
Approximate EM metric 0.061570 for 244572 points.
%Yellow: Tol   1.05  red   31.3  yellow   28.8  green   39.9
%Yellow: Tol   1.10  red   21.2  yellow   55.8  green   23.0
%Yellow: Tol   1.15  red   15.9  yellow   71.1  green   13.0
%Yellow: Tol   1.20  red   12.2  yellow   79.1  green    8.7
%Yellow: Tol   1.25  red    9.2  yellow   84.5  green    6.3
Affine Triangle: 244394 points, corr 0.860134, fm 0.061570, yellow 0.84

---- Building mesh - deformable ----
Lx Dx Nx:  1373   228.00   6
Ly Dy Ny:   178   178.00   1

STAT: From 245946 pts, got 12 triangles, 14 control points.
Timer: MeshCreate took 0.010 seconds.

---- ImproveMesh - deformable mesh ----
Tri: (0 0) (228 0) (0 178).
Tri: (0 178) (228 0) (228 178).
Tri: (228 0) (456 0) (228 178).
Tri: (228 178) (456 0) (456 178).
Tri: (456 0) (684 0) (456 178).
Tri: (456 178) (684 0) (684 178).
Tri: (684 0) (912 0) (684 178).
Tri: (684 178) (912 0) (912 178).
Tri: (912 0) (1140 0) (912 178).
Tri: (912 178) (1140 0) (1140 178).
Tri: (1140 0) (1373 0) (1140 178).
Tri: (1140 178) (1373 0) (1373 178).

---- Matlab Vertices ----
x=[0 228 0 0]; y=[0 0 178 0]; plot(x,y); hold on;
x=[0 228 228 0]; y=[178 0 178 178]; plot(x,y); hold on;
x=[228 456 228 228]; y=[0 0 178 0]; plot(x,y); hold on;
x=[228 456 456 228]; y=[178 0 178 178]; plot(x,y); hold on;
x=[456 684 456 456]; y=[0 0 178 0]; plot(x,y); hold on;
x=[456 684 684 456]; y=[178 0 178 178]; plot(x,y); hold on;
x=[684 912 684 684]; y=[0 0 178 0]; plot(x,y); hold on;
x=[684 912 912 684]; y=[178 0 178 178]; plot(x,y); hold on;
x=[912 1140 912 912]; y=[0 0 178 0]; plot(x,y); hold on;
x=[912 1140 1140 912]; y=[178 0 178 178]; plot(x,y); hold on;
x=[1140 1373 1140 1140]; y=[0 0 178 0]; plot(x,y); hold on;
x=[1140 1373 1373 1140]; y=[178 0 178 178]; plot(x,y); hold on;

---- ImproveControlPts ----
STAT: ImproveCpt: Initial deformable mesh correlation 0.860003 (245946 pixels).
corr=0.860003	step=10.000000
corr=0.860003	step=5.000000
corr=0.860003	step=2.500000
corr=0.860003	step=1.250000
corr=0.860003	step=0.625000
STAT: ImproveCpt: Final deformable mesh correlation 0.860003, (threshold 0.650000).

---- Matlab A-Sys Originals ----
x=[0.000000 228.000000 0.000000 0.000000]; y=[0.000000 0.000000 178.000000 0.000000]; plot(x,y); hold on;
x=[0.000000 228.000000 228.000000 0.000000]; y=[178.000000 0.000000 178.000000 178.000000]; plot(x,y); hold on;
x=[228.000000 456.000000 228.000000 228.000000]; y=[0.000000 0.000000 178.000000 0.000000]; plot(x,y); hold on;
x=[228.000000 456.000000 456.000000 228.000000]; y=[178.000000 0.000000 178.000000 178.000000]; plot(x,y); hold on;
x=[456.000000 684.000000 456.000000 456.000000]; y=[0.000000 0.000000 178.000000 0.000000]; plot(x,y); hold on;
x=[456.000000 684.000000 684.000000 456.000000]; y=[178.000000 0.000000 178.000000 178.000000]; plot(x,y); hold on;
x=[684.000000 912.000000 684.000000 684.000000]; y=[0.000000 0.000000 178.000000 0.000000]; plot(x,y); hold on;
x=[684.000000 912.000000 912.000000 684.000000]; y=[178.000000 0.000000 178.000000 178.000000]; plot(x,y); hold on;
x=[912.000000 1140.000000 912.000000 912.000000]; y=[0.000000 0.000000 178.000000 0.000000]; plot(x,y); hold on;
x=[912.000000 1140.000000 1140.000000 912.000000]; y=[178.000000 0.000000 178.000000 178.000000]; plot(x,y); hold on;
x=[1140.000000 1373.000000 1140.000000 1140.000000]; y=[0.000000 0.000000 178.000000 0.000000]; plot(x,y); hold on;
x=[1140.000000 1373.000000 1373.000000 1140.000000]; y=[178.000000 0.000000 178.000000 178.000000]; plot(x,y); hold on;

---- Matlab B-Sys Originals ----
x=[2.893602 230.893602 2.893602 2.893602]; y=[861.154571 861.154571 1039.154571 861.154571]; plot(x,y); hold on;
x=[2.893602 230.893602 230.893602 2.893602]; y=[1039.154571 861.154571 1039.154571 1039.154571]; plot(x,y); hold on;
x=[230.893602 458.893602 230.893602 230.893602]; y=[861.154571 861.154571 1039.154571 861.154571]; plot(x,y); hold on;
x=[230.893602 458.893602 458.893602 230.893602]; y=[1039.154571 861.154571 1039.154571 1039.154571]; plot(x,y); hold on;
x=[458.893602 686.893602 458.893602 458.893602]; y=[861.154571 861.154571 1039.154571 861.154571]; plot(x,y); hold on;
x=[458.893602 686.893602 686.893602 458.893602]; y=[1039.154571 861.154571 1039.154571 1039.154571]; plot(x,y); hold on;
x=[686.893602 914.893602 686.893602 686.893602]; y=[861.154571 861.154571 1039.154571 861.154571]; plot(x,y); hold on;
x=[686.893602 914.893602 914.893602 686.893602]; y=[1039.154571 861.154571 1039.154571 1039.154571]; plot(x,y); hold on;
x=[914.893602 1142.893602 914.893602 914.893602]; y=[861.154571 861.154571 1039.154571 861.154571]; plot(x,y); hold on;
x=[914.893602 1142.893602 1142.893602 914.893602]; y=[1039.154571 861.154571 1039.154571 1039.154571]; plot(x,y); hold on;
x=[1142.893602 1375.893602 1142.893602 1142.893602]; y=[861.154571 861.154571 1039.154571 861.154571]; plot(x,y); hold on;
x=[1142.893602 1375.893602 1375.893602 1142.893602]; y=[1039.154571 861.154571 1039.154571 1039.154571]; plot(x,y); hold on;

---- Matlab B-Sys Optimized ----
x=[2.893602 230.893602 2.893602 2.893602]; y=[861.154571 861.154571 1039.154571 861.154571]; plot(x,y); hold on;
x=[2.893602 230.893602 230.893602 2.893602]; y=[1039.154571 861.154571 1039.154571 1039.154571]; plot(x,y); hold on;
x=[230.893602 458.893602 230.893602 230.893602]; y=[861.154571 861.154571 1039.154571 861.154571]; plot(x,y); hold on;
x=[230.893602 458.893602 458.893602 230.893602]; y=[1039.154571 861.154571 1039.154571 1039.154571]; plot(x,y); hold on;
x=[458.893602 686.893602 458.893602 458.893602]; y=[861.154571 861.154571 1039.154571 861.154571]; plot(x,y); hold on;
x=[458.893602 686.893602 686.893602 458.893602]; y=[1039.154571 861.154571 1039.154571 1039.154571]; plot(x,y); hold on;
x=[686.893602 914.893602 686.893602 686.893602]; y=[861.154571 861.154571 1039.154571 861.154571]; plot(x,y); hold on;
x=[686.893602 914.893602 914.893602 686.893602]; y=[1039.154571 861.154571 1039.154571 1039.154571]; plot(x,y); hold on;
x=[914.893602 1142.893602 914.893602 914.893602]; y=[861.154571 861.154571 1039.154571 861.154571]; plot(x,y); hold on;
x=[914.893602 1142.893602 1142.893602 914.893602]; y=[1039.154571 861.154571 1039.154571 1039.154571]; plot(x,y); hold on;
x=[1142.893602 1375.893602 1142.893602 1142.893602]; y=[861.154571 861.154571 1039.154571 861.154571]; plot(x,y); hold on;
x=[1142.893602 1375.893602 1375.893602 1142.893602]; y=[1039.154571 861.154571 1039.154571 1039.154571]; plot(x,y); hold on;

---- Deltas ----
id=     0: dx=    0.00 dy=    0.00 d=    0.00
id=     1: dx=    0.00 dy=    0.00 d=    0.00
id=     2: dx=    0.00 dy=    0.00 d=    0.00
id=     3: dx=    0.00 dy=    0.00 d=    0.00
id=     4: dx=    0.00 dy=    0.00 d=    0.00
id=     5: dx=    0.00 dy=    0.00 d=    0.00
id=     6: dx=    0.00 dy=    0.00 d=    0.00
id=     7: dx=    0.00 dy=    0.00 d=    0.00
id=     8: dx=    0.00 dy=    0.00 d=    0.00
id=     9: dx=    0.00 dy=    0.00 d=    0.00
id=    10: dx=    0.00 dy=    0.00 d=    0.00
id=    11: dx=    0.00 dy=    0.00 d=    0.00
id=    12: dx=    0.00 dy=    0.00 d=    0.00
id=    13: dx=    0.00 dy=    0.00 d=    0.00

---- Areas ----
Triangle 0, area was    20292.0, is    20292.0,   -0.0%
Triangle 1, area was    20292.0, is    20292.0,   -0.0%
Triangle 2, area was    20292.0, is    20292.0,   -0.0%
Triangle 3, area was    20292.0, is    20292.0,   -0.0%
Triangle 4, area was    20292.0, is    20292.0,   -0.0%
Triangle 5, area was    20292.0, is    20292.0,   -0.0%
Triangle 6, area was    20292.0, is    20292.0,   -0.0%
Triangle 7, area was    20292.0, is    20292.0,   -0.0%
Triangle 8, area was    20292.0, is    20292.0,   -0.0%
Triangle 9, area was    20292.0, is    20292.0,   -0.0%
Triangle 10, area was    20737.0, is    20737.0,   -0.0%
Triangle 11, area was    20737.0, is    20737.0,   -0.0%
Combined: area was   244394.0, is   244394.0,   -0.0%

---- Transforms ----
 1.0000  0.0000     2.89    0.0000  1.0000   861.15
 1.0000  0.0000     2.89    0.0000  1.0000   861.15
 1.0000  0.0000     2.89    0.0000  1.0000   861.15
 1.0000  0.0000     2.89    0.0000  1.0000   861.15
 1.0000  0.0000     2.89    0.0000  1.0000   861.15
 1.0000  0.0000     2.89    0.0000  1.0000   861.15
 1.0000  0.0000     2.89    0.0000  1.0000   861.15
 1.0000  0.0000     2.89    0.0000  1.0000   861.15
 1.0000  0.0000     2.89    0.0000  1.0000   861.15
 1.0000  0.0000     2.89    0.0000  1.0000   861.15
 1.0000  0.0000     2.89    0.0000  1.0000   861.15
 1.0000  0.0000     2.89    0.0000  1.0000   861.15

---- QC - deformable ----
Remapping 1431040 points.
Metrics: DEF: Mean square difference 0.279724
Metrics: DEF: Smallest footprint deg=0, area=242844
MetricImages: Range x 0 1372, y 0 177, use Nx=1374, Ny=178
Approximate EM metric 0.061570 for 244572 points.
All points, deformable, dfm 0.061570

Metrics: TRI: Mean square difference 0.621058
Metrics: TRI: Smallest footprint deg=0, area=40356
MetricImages: Range x 0 228, y 0 177, use Nx=230, Ny=178
Approximate EM metric 0.028234 for 40940 points.
%Yellow: Tol   1.05  red   33.5  yellow   25.9  green   40.7
%Yellow: Tol   1.10  red   28.1  yellow   43.8  green   28.0
%Yellow: Tol   1.15  red   23.8  yellow   55.2  green   21.1
%Yellow: Tol   1.20  red   20.2  yellow   62.5  green   17.4
%Yellow: Tol   1.25  red   17.5  yellow   67.6  green   14.8
Triangle 0: 20496 points, corr 0.689422, fm 0.028234, yellow 0.68

Metrics: TRI: Mean square difference 0.604251
Metrics: TRI: Smallest footprint deg=0, area=39776
MetricImages: Range x 2 228, y 1 177, use Nx=228, Ny=178
Approximate EM metric 0.060386 for 40584 points.
%Yellow: Tol   1.05  red   35.8  yellow   24.4  green   39.7
%Yellow: Tol   1.10  red   28.1  yellow   43.7  green   28.2
%Yellow: Tol   1.15  red   22.6  yellow   56.1  green   21.3
%Yellow: Tol   1.20  red   18.4  yellow   64.9  green   16.7
%Yellow: Tol   1.25  red   15.7  yellow   70.6  green   13.7
Triangle 1: 20266 points, corr 0.697825, fm 0.060386, yellow 0.71

Metrics: TRI: Mean square difference 0.408111
Metrics: TRI: Smallest footprint deg=0, area=40179
MetricImages: Range x 229 456, y 0 177, use Nx=228, Ny=178
Approximate EM metric 0.046954 for 40584 points.
%Yellow: Tol   1.05  red   35.2  yellow   26.1  green   38.8
%Yellow: Tol   1.10  red   25.9  yellow   50.3  green   23.8
%Yellow: Tol   1.15  red   19.3  yellow   64.3  green   16.4
%Yellow: Tol   1.20  red   14.3  yellow   72.4  green   13.3
%Yellow: Tol   1.25  red   11.3  yellow   77.8  green   10.9
Triangle 2: 20318 points, corr 0.795895, fm 0.046954, yellow 0.78

Metrics: TRI: Mean square difference 0.181777
Metrics: TRI: Smallest footprint deg=0, area=39776
MetricImages: Range x 230 456, y 1 177, use Nx=228, Ny=178
Approximate EM metric 0.082792 for 40584 points.
%Yellow: Tol   1.05  red   39.4  yellow   26.5  green   34.1
%Yellow: Tol   1.10  red   25.4  yellow   52.3  green   22.4
%Yellow: Tol   1.15  red   10.8  yellow   75.4  green   13.9
%Yellow: Tol   1.20  red    2.7  yellow   90.1  green    7.2
%Yellow: Tol   1.25  red    1.1  yellow   96.0  green    2.9
Triangle 3: 20266 points, corr 0.909062, fm 0.082792, yellow 0.96

Metrics: TRI: Mean square difference 0.148944
Metrics: TRI: Smallest footprint deg=0, area=40179
MetricImages: Range x 457 684, y 0 177, use Nx=228, Ny=178
Approximate EM metric 0.058371 for 40584 points.
%Yellow: Tol   1.05  red   30.0  yellow   37.0  green   33.0
%Yellow: Tol   1.10  red   17.2  yellow   66.1  green   16.7
%Yellow: Tol   1.15  red    8.9  yellow   83.8  green    7.3
%Yellow: Tol   1.20  red    5.4  yellow   89.4  green    5.2
%Yellow: Tol   1.25  red    4.5  yellow   91.2  green    4.3
Triangle 4: 20318 points, corr 0.925479, fm 0.058371, yellow 0.91

Metrics: TRI: Mean square difference 0.429443
Metrics: TRI: Smallest footprint deg=0, area=39776
MetricImages: Range x 458 684, y 1 177, use Nx=228, Ny=178
Approximate EM metric 0.066002 for 40584 points.
%Yellow: Tol   1.05  red   31.7  yellow   35.7  green   32.7
%Yellow: Tol   1.10  red   22.7  yellow   54.8  green   22.5
%Yellow: Tol   1.15  red   18.3  yellow   64.3  green   17.3
%Yellow: Tol   1.20  red   15.2  yellow   70.6  green   14.2
%Yellow: Tol   1.25  red   12.9  yellow   74.8  green   12.3
Triangle 5: 20266 points, corr 0.785229, fm 0.066002, yellow 0.75

Metrics: TRI: Mean square difference 0.454591
Metrics: TRI: Smallest footprint deg=0, area=40179
MetricImages: Range x 685 912, y 0 177, use Nx=228, Ny=178
Approximate EM metric 0.064543 for 40584 points.
%Yellow: Tol   1.05  red   30.8  yellow   23.8  green   45.4
%Yellow: Tol   1.10  red   24.3  yellow   42.8  green   32.9
%Yellow: Tol   1.15  red   20.1  yellow   59.1  green   20.8
%Yellow: Tol   1.20  red   16.4  yellow   72.2  green   11.4
%Yellow: Tol   1.25  red   12.7  yellow   81.1  green    6.2
Triangle 6: 20318 points, corr 0.772655, fm 0.064543, yellow 0.81

Metrics: TRI: Mean square difference 0.520252
Metrics: TRI: Smallest footprint deg=0, area=39776
MetricImages: Range x 686 912, y 1 177, use Nx=228, Ny=178
Approximate EM metric 0.057255 for 40584 points.
%Yellow: Tol   1.05  red   29.8  yellow   26.2  green   44.0
%Yellow: Tol   1.10  red   24.1  yellow   45.1  green   30.8
%Yellow: Tol   1.15  red   20.0  yellow   59.5  green   20.6
%Yellow: Tol   1.20  red   16.6  yellow   70.1  green   13.2
%Yellow: Tol   1.25  red   13.8  yellow   77.7  green    8.5
Triangle 7: 20266 points, corr 0.739825, fm 0.057255, yellow 0.78

Metrics: TRI: Mean square difference 0.434870
Metrics: TRI: Smallest footprint deg=0, area=40179
MetricImages: Range x 913 1140, y 0 177, use Nx=228, Ny=178
Approximate EM metric 0.035020 for 40584 points.
%Yellow: Tol   1.05  red   31.1  yellow   23.7  green   45.2
%Yellow: Tol   1.10  red   23.6  yellow   44.9  green   31.5
%Yellow: Tol   1.15  red   18.7  yellow   67.0  green   14.2
%Yellow: Tol   1.20  red   15.1  yellow   77.6  green    7.3
%Yellow: Tol   1.25  red   12.1  yellow   82.9  green    5.0
Triangle 8: 20318 points, corr 0.782516, fm 0.035020, yellow 0.83

Metrics: TRI: Mean square difference 0.334006
Metrics: TRI: Smallest footprint deg=0, area=39776
MetricImages: Range x 914 1140, y 1 177, use Nx=228, Ny=178
Approximate EM metric 0.023650 for 40584 points.
%Yellow: Tol   1.05  red   27.6  yellow   26.7  green   45.7
%Yellow: Tol   1.10  red   21.9  yellow   51.6  green   26.5
%Yellow: Tol   1.15  red   18.2  yellow   71.2  green   10.6
%Yellow: Tol   1.20  red   14.8  yellow   79.4  green    5.8
%Yellow: Tol   1.25  red   11.3  yellow   84.4  green    4.3
Triangle 9: 20266 points, corr 0.832948, fm 0.023650, yellow 0.84

Metrics: TRI: Mean square difference 0.469858
Metrics: TRI: Smallest footprint deg=0, area=40887
MetricImages: Range x 1141 1372, y 0 177, use Nx=232, Ny=178
Approximate EM metric 0.038646 for 41296 points.
%Yellow: Tol   1.05  red   24.5  yellow   15.6  green   59.9
%Yellow: Tol   1.10  red   21.8  yellow   58.8  green   19.3
%Yellow: Tol   1.15  red   19.3  yellow   72.3  green    8.4
%Yellow: Tol   1.20  red   16.8  yellow   78.2  green    5.0
%Yellow: Tol   1.25  red   14.3  yellow   81.8  green    4.0
Triangle 10: 20764 points, corr 0.765023, fm 0.038646, yellow 0.82

Metrics: TRI: Mean square difference 0.460958
Metrics: TRI: Smallest footprint deg=0, area=40480
MetricImages: Range x 1142 1372, y 1 177, use Nx=232, Ny=178
Approximate EM metric 0.045834 for 41296 points.
%Yellow: Tol   1.05  red   34.4  yellow   17.8  green   47.8
%Yellow: Tol   1.10  red   29.4  yellow   33.7  green   36.9
%Yellow: Tol   1.15  red   24.7  yellow   50.7  green   24.6
%Yellow: Tol   1.20  red   20.1  yellow   67.3  green   12.6
%Yellow: Tol   1.25  red   15.6  yellow   76.8  green    7.6
Triangle 11: 20532 points, corr 0.769472, fm 0.045834, yellow 0.77


---- Final reports ----
STAT: Overall 244394 points, corr 0.8600, EMM 0.0616, weighted EMM 0.0506, cor+dfm 0.9216, weighted yellow 0.8023

Angle span: min, max, delta = 0.000000 0.000000 0.000000
Mesh-Thm: 0.0000  0.0000     0.00    0.0000  0.0000     0.00 2x(LDR,LDC)=(0.20,200.00) -- OK.

Final remapping of 1431040 points.
Center 73.002690 56.993328:  1.0000  0.0000     2.89    0.0000  1.0000   861.15
Mapping region 1 xy= 73.002690 56.993328 to region 1 xy= 75.896292 918.147899
Center 140.096892 123.313055:  1.0000  0.0000     2.89    0.0000  1.0000   861.15
Mapping region 1 xy= 140.096892 123.313055 to region 1 xy= 142.990494 984.467626
Center 297.931856 54.595922:  1.0000  0.0000     2.89    0.0000  1.0000   861.15
Mapping region 1 xy= 297.931856 54.595922 to region 1 xy= 300.825458 915.750493
Center 366.142960 124.075774:  1.0000  0.0000     2.89    0.0000  1.0000   861.15
Mapping region 1 xy= 366.142960 124.075774 to region 1 xy= 369.036562 985.230345
Center 530.498610 58.161195:  1.0000  0.0000     2.89    0.0000  1.0000   861.15
Mapping region 1 xy= 530.498610 58.161195 to region 1 xy= 533.392212 919.315766
Center 602.904614 120.655655:  1.0000  0.0000     2.89    0.0000  1.0000   861.15
Mapping region 1 xy= 602.904614 120.655655 to region 1 xy= 605.798216 981.810226
Center 754.161455 54.775171:  1.0000  0.0000     2.89    0.0000  1.0000   861.15
Mapping region 1 xy= 754.161455 54.775171 to region 1 xy= 757.055057 915.929742
Center 831.777824 120.314797:  1.0000  0.0000     2.89    0.0000  1.0000   861.15
Mapping region 1 xy= 831.777824 120.314797 to region 1 xy= 834.671427 981.469367
Center 983.789828 56.046445:  1.0000  0.0000     2.89    0.0000  1.0000   861.15
Mapping region 1 xy= 983.789828 56.046445 to region 1 xy= 986.683430 917.201016
Center 1056.743565 121.499223:  1.0000  0.0000     2.89    0.0000  1.0000   861.15
Mapping region 1 xy= 1056.743565 121.499223 to region 1 xy= 1059.637167 982.653793
Center 1212.782436 55.602033:  1.0000  0.0000     2.89    0.0000  1.0000   861.15
Mapping region 1 xy= 1212.782436 55.602033 to region 1 xy= 1215.676038 916.756603
Center 1289.667015 120.831055:  1.0000  0.0000     2.89    0.0000  1.0000   861.15
Mapping region 1 xy= 1289.667015 120.831055 to region 1 xy= 1292.560617 981.985625

Pipe: Returning 12 total transforms.

---- Summary Region-region results ----
Pipe: Table Headers {Az t r Bz t r thmok ntri}
FOUND:     1   12   1      1   13   1   1  12

---- Tabulating point matches ----
Tabulate: Rgn 1 -> 1: Keeping 12 of 12 point-pairs.

Timer: Alignment took 1.450 seconds.

main: Got 12 mapping regions.
main: Transform   0:  1.0000  0.0000     2.89    0.0000  1.0000   861.15
main: Transform   1:  1.0000  0.0000     2.89    0.0000  1.0000   861.15
main: Transform   2:  1.0000  0.0000     2.89    0.0000  1.0000   861.15
main: Transform   3:  1.0000  0.0000     2.89    0.0000  1.0000   861.15
main: Transform   4:  1.0000  0.0000     2.89    0.0000  1.0000   861.15
main: Transform   5:  1.0000  0.0000     2.89    0.0000  1.0000   861.15
main: Transform   6:  1.0000  0.0000     2.89    0.0000  1.0000   861.15
main: Transform   7:  1.0000  0.0000     2.89    0.0000  1.0000   861.15
main: Transform   8:  1.0000  0.0000     2.89    0.0000  1.0000   861.15
main: Transform   9:  1.0000  0.0000     2.89    0.0000  1.0000   861.15
main: Transform  10:  1.0000  0.0000     2.89    0.0000  1.0000   861.15
main: Transform  11:  1.0000  0.0000     2.89    0.0000  1.0000   861.15

main: Average:  1.0000  0.0000     0.00    0.0000  1.0000     0.00
main: Degrees: 0
main: Residue:  1.0000  0.0000     0.00    0.0000  1.0000     0.00

main: Inverse:  1.0000 -0.0000    -0.00   -0.0000  1.0000    -0.00
main: Degrees: 0
main: Residue:  1.0000  0.0000     0.00   -0.0000  1.0000     0.00

main: Normal completion for dmesh run.
Timer: Total took 1.670 seconds.

---- Memory ----
Host name: h07u29.int.janelia.org
PID:       34909
User time:       1 seconds.
System time:     0 seconds.
VmPeak:	  380064 kB
VmSize:	  217288 kB
VmLck:	       0 kB
VmPin:	       0 kB
VmHWM:	  216760 kB
VmRSS:	   53452 kB
VmData:	   47896 kB
VmStk:	     160 kB
VmExe:	     832 kB
VmLib:	   85564 kB
VmPTE:	     344 kB
VmSwap:	       0 kB
voluntary_ctxt_switches:	16
nonvoluntary_ctxt_switches:	21

