
---- dmesh start ----
main: Start: Fri Sep 30 13:13:20 2016


---- Match parameters ----
PXBRO=2            <default 2>        "Max Legendre poly order for bkg removal"
PXLENS=N           <default N>        "Y=Apply IDB/lens.txt"
PXRESMSK=N         <default N>        "Y=Apply resin mask"
PXDOG=N            <default N>        "Y=Apply DoG filter"
PXDOG_R1=3         <default 3>        "DoG inner radius"
PXDOG_R2=6         <default 6>        "DoG outer radius"
FLD=N              <default X>        "Mask usage: Y=Use, N=None, X=XL only"
PRETWEAK=N         <default N>        "Y=Auto-distort before angle scan"
SCALE=1            <default 1.0>      "Image-B / image-A scale factor"
XSCALE=1           <default 1.0>      "Image-B / image-A x-axis scale factor"
YSCALE=1           <default 1.0>      "Image-B / image-A y-axis scale factor"
SKEW=0             <default 0.0>      "Transform elem[3] user-applied distortion"
MODE_SL=M          <default Z>        "Notes above"
MODE_XL=N          <default Y>        "Notes above"
TAB2DFM_SL=N       <default Y>        "Adopt Tdfm from Tab"
TAB2DFM_XL=Y       <default Y>        "Adopt Tdfm from Tab"
XYCONF_SL=1.0      <default 0.0>      "[0,1.0] confidence in Tab XY"
XYCONF_XL=0.8      <default 0.0>      "[0,1.0] confidence in Tab XY"
THMDEC_SL=8        <default 8>        "2^N thumb decimation factor"
THMDEC_XL=8        <default 8>        "2^N thumb decimation factor"
OLAP1D_SL=0        <default 0>        "Min 1D pix full-size overlap"
OLAP1D_XL=0        <default 0>        "Min 1D pix full-size overlap"
OLAP2D_SL=60000    <default 25000>    "Min 2D pix full-size overlap"
OLAP2D_XL=160000   <default 200000>   "Min 2D pix full-size overlap"
NBMXHT_SL=0.75     <default 0.75>     "Max F(neib)/F(pk) in guard zone"
NBMXHT_XL=0.75     <default 0.75>     "Max F(neib)/F(pk) in guard zone"
HFANGDN_SL=5       <default 5.0>      "Half angle search range denovo"
HFANGDN_XL=45      <default 45.0>     "Half angle search range denovo"
HFANGPR_SL=1       <default 1.0>      "Half angle search range prior angles"
HFANGPR_XL=4       <default 1.0>      "Half angle search range prior angles"
RTRSH_SL=0.3       <default 0.3>      "R corr thresh"
RTRSH_XL=0.3       <default 0.3>      "R corr thresh"
TWEAKS=N           <default N>        "Y=Try 8 near unity distortions"
LIMXY_SL=30        <default 0>        "0 or Max XY delta from Tab"
LIMXY_XL=80        <default 0>        "0 or Max XY delta from Tab"
WTHMPR=Y           <default Y>        "Y=Write ThmPair_a^b.txt entries"
OPT_SL=Y           <default Y(EM)>    "Y=Enable mesh optimizer"
RIT_SL=0.50        <default 0.20>     "Min mesh starting corr"
RIT_XL=0.1         <default 0.20>     "Min mesh starting corr"
RFA_SL=0.55        <default 0.3>      "Affine-only final corr"
RFA_XL=0.20        <default 0.3>      "Affine-only final corr"
RFT_SL=0.65        <default 0.5>      "Full mesh final corr"
RFT_XL=0.25        <default 0.5>      "Full mesh final corr"
TMC=5              <default 30.0%>    "Max single triangle area change"
TSC=9              <default 9.0%>     "Max summed triangle area change"
MNL=250            <default 300>      "Triangle edges between MNL and 2*MNL"
MTA=120000         <default 10000>    "Min triangle size (pixels)"
MMA=60000          <default 100000>   "Min 2D overlap for mesh"
ONE=N              <default N>        "Y=Use just one affine transform"
IFM=0.50           <default 0.50>     "Min Fourier Metric after affine-only"
FFM=0.65           <default 0.65>     "Min Fourier Metric after full mesh"
FYL=0.5            <default 0.50>     "Min fraction of yellow pixels"
CPD=0.5            <default 0.50>     "Min Correlation + DFM"
EMM=Y              <default Y>        "Y=Use Earth Mover's Metric, N=Use Fourier"
EMT=0.14           <default 0.2>      "Earth Movers Metric thresh"
WDI=N              <default N>        "Y=Write diff images (Fourier, EMM metrics)"
LDA=0.2            <default 0.2>      "Max radian delta between triangles"
LDR=0.1            <default 0.1>      "Max sine delta between triangles"
LDC=100            <default 100.0>    "Max XY delta between triangles"
DXY=100            <default 100.0>    "Max delta from user input XYs"
WMT=N              <default Y>        "Y=Write map.tif files"
WTT=N              <default Y>        "Y=Write tf.txt files"


---- Input images ----
Til2Img entry: A T=[ 1.0000  0.0000     0.00  0.0000  1.0000  1714.00] path=[/groups/apig/tomo/DEMO/TIF/B1_11_2.tif].
Til2Img entry: B T=[ 1.0000  0.0000     0.00  0.0000  1.0000   857.00] path=[/groups/apig/tomo/DEMO/TIF/B1_12_2.tif].


---- Command-line overrides ----
Tdfm= 1.0000  0.0000     0.00    0.0000  1.0000     0.00
FLD=N
MODE=N (was M)
CTR=0


---- Image loading ----
Raster8FromTif: Opening [/groups/apig/tomo/DEMO/TIF/B1_11_2.tif].
Raster8FromTif: Bits per sample 8, samples per pixel 1
Raster8FromTif: Picture is 1376 by 1040, 1431040 pixels total.
TIF(8): Last Encoded strip had 1376 bytes.
Raster8FromTif: Opening [/groups/apig/tomo/DEMO/TIF/B1_12_2.tif].
Raster8FromTif: Bits per sample 8, samples per pixel 1
Raster8FromTif: Picture is 1376 by 1040, 1431040 pixels total.
TIF(8): Last Encoded strip had 1376 bytes.
PixPair: Using image scale=1.
Timer: Image conditioning took 0.230 seconds.

---- Foldmaps ----

---- Connected regions ----
Forcing single connected region.

---- Begin A-1 to B-1 ----

---- Thumbnail matching ----
Subimage: Using intersection, w=1376, h=183, pix=251808
Thumbs: After decimation 3956 pts, reqArea 937, thmscl 8
SetDisc( 0, 0, 3, 3 )
Initial: R= 5.104, A=   0.000, X=    0.24, Y=    0.07
Peak-Disc: dR 2 dX 1 dY 0
Approx: LowRes  R=5.104, X=1.941, Y=0.539
Approx: FullRes R=1.507, X=3.018, Y=0.469, use=Y.
Timer: FinishAtFullRes took 0.200 seconds.
Approx: Returning A=0.000000, R=5.103667, X=3.017563, Y=857.468713
Approx: Best transform  1.0000  0.0000     3.02    0.0000  1.0000   857.47
Approx: Orig transform  1.0000  0.0000     0.00    0.0000  1.0000   857.00
Approx: Idnt transform  1.0000  0.0000     3.02    0.0000  1.0000     0.47
Approx: err = 3.05375, max = 30

---- Starting detailed region mapping ----
Roughly 251259 pixels map to B.
Region size is [0 1372] in x, [0 182] in y.

---- Building mesh - affine ----
Computed simple triangle.

---- ImproveMesh - affine ----
Tri: (0 0) (1372 0) (686 182).

---- Matlab Vertices ----
x=[0 1372 686 0]; y=[0 0 182 0]; plot(x,y); hold on;

---- ImproveControlPts ----
STAT: ImproveCpt: Initial affine correlation 0.793369 (251259 pixels).
corr=0.793369	step=10.000000
corr=0.793369	step=5.000000
corr=0.793369	step=2.500000
corr=0.793369	step=1.250000
corr=0.793369	step=0.625000
corr=0.808760	step=0.625000
corr=0.808760	step=0.312500
corr=0.808760	step=0.156250
corr=0.808760	step=0.078125
STAT: ImproveCpt: Final affine correlation 0.808760, (threshold 0.550000).

---- Matlab A-Sys Originals ----
x=[0.000000 1372.000000 686.000000 0.000000]; y=[0.000000 0.000000 182.000000 0.000000]; plot(x,y); hold on;

---- Matlab B-Sys Originals ----
x=[3.017563 1375.017563 689.017563 3.017563]; y=[857.468713 857.468713 1039.468713 857.468713]; plot(x,y); hold on;

---- Matlab B-Sys Optimized ----
x=[2.797485 1374.739929 688.568221 2.797485]; y=[857.560838 857.621695 1039.645666 857.560838]; plot(x,y); hold on;

---- Deltas ----
id=     0: dx=   -0.22 dy=    0.09 d=    0.24
id=     1: dx=   -0.28 dy=    0.15 d=    0.32
id=     2: dx=   -0.45 dy=    0.18 d=    0.48

---- Areas ----
Triangle 0, area was   124852.0, is   124884.1,    0.0%
Combined: area was   124852.0, is   124884.1,    0.0%

---- Transforms ----
 1.0000 -0.0011     2.80    0.0000  1.0003   857.56
Best affine transform:  1.0000 -0.0011     2.80    0.0000  1.0003   857.56
    Inverse transform:  1.0000  0.0011    -3.74   -0.0000  0.9997  -857.30

---- QC - affine ----
Metrics: AFF: Mean square difference 0.382847
Metrics: AFF: Smallest footprint deg=0, area=248332
MetricImages: Range x 0 1372, y 0 181, use Nx=1374, Ny=182
Approximate EM metric 0.074246 for 250068 points.
%Yellow: Tol   1.05  red   27.8  yellow   32.3  green   39.9
%Yellow: Tol   1.10  red   21.7  yellow   54.3  green   24.0
%Yellow: Tol   1.15  red   18.1  yellow   67.2  green   14.7
%Yellow: Tol   1.20  red   14.9  yellow   75.2  green    9.9
%Yellow: Tol   1.25  red   11.9  yellow   81.1  green    7.1
Affine Triangle: 249886 points, corr 0.808573, fm 0.074246, yellow 0.81

---- Building mesh - deformable ----
Lx Dx Nx:  1372   228.00   6
Ly Dy Ny:   182   182.00   1

STAT: From 251259 pts, got 12 triangles, 14 control points.
Timer: MeshCreate took 0.010 seconds.

---- ImproveMesh - deformable mesh ----
Tri: (0 0) (228 0) (0 182).
Tri: (0 182) (228 0) (228 182).
Tri: (228 0) (456 0) (228 182).
Tri: (228 182) (456 0) (456 182).
Tri: (456 0) (684 0) (456 182).
Tri: (456 182) (684 0) (684 182).
Tri: (684 0) (912 0) (684 182).
Tri: (684 182) (912 0) (912 182).
Tri: (912 0) (1140 0) (912 182).
Tri: (912 182) (1140 0) (1140 182).
Tri: (1140 0) (1372 0) (1140 182).
Tri: (1140 182) (1372 0) (1372 182).

---- Matlab Vertices ----
x=[0 228 0 0]; y=[0 0 182 0]; plot(x,y); hold on;
x=[0 228 228 0]; y=[182 0 182 182]; plot(x,y); hold on;
x=[228 456 228 228]; y=[0 0 182 0]; plot(x,y); hold on;
x=[228 456 456 228]; y=[182 0 182 182]; plot(x,y); hold on;
x=[456 684 456 456]; y=[0 0 182 0]; plot(x,y); hold on;
x=[456 684 684 456]; y=[182 0 182 182]; plot(x,y); hold on;
x=[684 912 684 684]; y=[0 0 182 0]; plot(x,y); hold on;
x=[684 912 912 684]; y=[182 0 182 182]; plot(x,y); hold on;
x=[912 1140 912 912]; y=[0 0 182 0]; plot(x,y); hold on;
x=[912 1140 1140 912]; y=[182 0 182 182]; plot(x,y); hold on;
x=[1140 1372 1140 1140]; y=[0 0 182 0]; plot(x,y); hold on;
x=[1140 1372 1372 1140]; y=[182 0 182 182]; plot(x,y); hold on;

---- ImproveControlPts ----
STAT: ImproveCpt: Initial deformable mesh correlation 0.808760 (251259 pixels).
corr=0.808760	step=10.000000
corr=0.808760	step=5.000000
corr=0.808760	step=2.500000
corr=0.808760	step=1.250000
corr=0.808760	step=0.625000
STAT: ImproveCpt: Final deformable mesh correlation 0.808760, (threshold 0.650000).

---- Matlab A-Sys Originals ----
x=[0.000000 228.000000 0.000000 0.000000]; y=[0.000000 0.000000 182.000000 0.000000]; plot(x,y); hold on;
x=[0.000000 228.000000 228.000000 0.000000]; y=[182.000000 0.000000 182.000000 182.000000]; plot(x,y); hold on;
x=[228.000000 456.000000 228.000000 228.000000]; y=[0.000000 0.000000 182.000000 0.000000]; plot(x,y); hold on;
x=[228.000000 456.000000 456.000000 228.000000]; y=[182.000000 0.000000 182.000000 182.000000]; plot(x,y); hold on;
x=[456.000000 684.000000 456.000000 456.000000]; y=[0.000000 0.000000 182.000000 0.000000]; plot(x,y); hold on;
x=[456.000000 684.000000 684.000000 456.000000]; y=[182.000000 0.000000 182.000000 182.000000]; plot(x,y); hold on;
x=[684.000000 912.000000 684.000000 684.000000]; y=[0.000000 0.000000 182.000000 0.000000]; plot(x,y); hold on;
x=[684.000000 912.000000 912.000000 684.000000]; y=[182.000000 0.000000 182.000000 182.000000]; plot(x,y); hold on;
x=[912.000000 1140.000000 912.000000 912.000000]; y=[0.000000 0.000000 182.000000 0.000000]; plot(x,y); hold on;
x=[912.000000 1140.000000 1140.000000 912.000000]; y=[182.000000 0.000000 182.000000 182.000000]; plot(x,y); hold on;
x=[1140.000000 1372.000000 1140.000000 1140.000000]; y=[0.000000 0.000000 182.000000 0.000000]; plot(x,y); hold on;
x=[1140.000000 1372.000000 1372.000000 1140.000000]; y=[182.000000 0.000000 182.000000 182.000000]; plot(x,y); hold on;

---- Matlab B-Sys Originals ----
x=[2.797485 230.787921 2.596999 2.797485]; y=[857.560838 857.570951 1039.615238 857.560838]; plot(x,y); hold on;
x=[2.596999 230.787921 230.587435 2.596999]; y=[1039.615238 857.570951 1039.625351 1039.615238]; plot(x,y); hold on;
x=[230.787921 458.778356 230.587435 230.787921]; y=[857.570951 857.581064 1039.625351 857.570951]; plot(x,y); hold on;
x=[230.587435 458.778356 458.577870 230.587435]; y=[1039.625351 857.581064 1039.635464 1039.625351]; plot(x,y); hold on;
x=[458.778356 686.768791 458.577870 458.778356]; y=[857.581064 857.591178 1039.635464 857.581064]; plot(x,y); hold on;
x=[458.577870 686.768791 686.568305 458.577870]; y=[1039.635464 857.591178 1039.645577 1039.635464]; plot(x,y); hold on;
x=[686.768791 914.759227 686.568305 686.768791]; y=[857.591178 857.601291 1039.645577 857.591178]; plot(x,y); hold on;
x=[686.568305 914.759227 914.558741 686.568305]; y=[1039.645577 857.601291 1039.655690 1039.645577]; plot(x,y); hold on;
x=[914.759227 1142.749662 914.558741 914.759227]; y=[857.601291 857.611404 1039.655690 857.601291]; plot(x,y); hold on;
x=[914.558741 1142.749662 1142.549176 914.558741]; y=[1039.655690 857.611404 1039.665804 1039.655690]; plot(x,y); hold on;
x=[1142.749662 1374.739929 1142.549176 1142.749662]; y=[857.611404 857.621695 1039.665804 857.611404]; plot(x,y); hold on;
x=[1142.549176 1374.739929 1374.539443 1142.549176]; y=[1039.665804 857.621695 1039.676094 1039.665804]; plot(x,y); hold on;

---- Matlab B-Sys Optimized ----
x=[2.797485 230.787921 2.596999 2.797485]; y=[857.560838 857.570951 1039.615238 857.560838]; plot(x,y); hold on;
x=[2.596999 230.787921 230.587435 2.596999]; y=[1039.615238 857.570951 1039.625351 1039.615238]; plot(x,y); hold on;
x=[230.787921 458.778356 230.587435 230.787921]; y=[857.570951 857.581064 1039.625351 857.570951]; plot(x,y); hold on;
x=[230.587435 458.778356 458.577870 230.587435]; y=[1039.625351 857.581064 1039.635464 1039.625351]; plot(x,y); hold on;
x=[458.778356 686.768791 458.577870 458.778356]; y=[857.581064 857.591178 1039.635464 857.581064]; plot(x,y); hold on;
x=[458.577870 686.768791 686.568305 458.577870]; y=[1039.635464 857.591178 1039.645577 1039.635464]; plot(x,y); hold on;
x=[686.768791 914.759227 686.568305 686.768791]; y=[857.591178 857.601291 1039.645577 857.591178]; plot(x,y); hold on;
x=[686.568305 914.759227 914.558741 686.568305]; y=[1039.645577 857.601291 1039.655690 1039.645577]; plot(x,y); hold on;
x=[914.759227 1142.749662 914.558741 914.759227]; y=[857.601291 857.611404 1039.655690 857.601291]; plot(x,y); hold on;
x=[914.558741 1142.749662 1142.549176 914.558741]; y=[1039.655690 857.611404 1039.665804 1039.655690]; plot(x,y); hold on;
x=[1142.749662 1374.739929 1142.549176 1142.749662]; y=[857.611404 857.621695 1039.665804 857.611404]; plot(x,y); hold on;
x=[1142.549176 1374.739929 1374.539443 1142.549176]; y=[1039.665804 857.621695 1039.676094 1039.665804]; plot(x,y); hold on;

---- Deltas ----
id=     0: dx=    0.00 dy=    0.00 d=    0.00
id=     1: dx=    0.00 dy=    0.00 d=    0.00
id=     2: dx=    0.00 dy=    0.00 d=    0.00
id=     3: dx=    0.00 dy=    0.00 d=    0.00
id=     4: dx=    0.00 dy=    0.00 d=    0.00
id=     5: dx=    0.00 dy=    0.00 d=    0.00
id=     6: dx=    0.00 dy=    0.00 d=    0.00
id=     7: dx=    0.00 dy=    0.00 d=    0.00
id=     8: dx=    0.00 dy=    0.00 d=    0.00
id=     9: dx=    0.00 dy=    0.00 d=    0.00
id=    10: dx=    0.00 dy=    0.00 d=    0.00
id=    11: dx=    0.00 dy=    0.00 d=    0.00
id=    12: dx=    0.00 dy=    0.00 d=    0.00
id=    13: dx=    0.00 dy=    0.00 d=    0.00

---- Areas ----
Triangle 0, area was    20748.0, is    20753.3,    0.0%
Triangle 1, area was    20748.0, is    20753.3,    0.0%
Triangle 2, area was    20748.0, is    20753.3,    0.0%
Triangle 3, area was    20748.0, is    20753.3,    0.0%
Triangle 4, area was    20748.0, is    20753.3,    0.0%
Triangle 5, area was    20748.0, is    20753.3,    0.0%
Triangle 6, area was    20748.0, is    20753.3,    0.0%
Triangle 7, area was    20748.0, is    20753.3,    0.0%
Triangle 8, area was    20748.0, is    20753.3,    0.0%
Triangle 9, area was    20748.0, is    20753.3,    0.0%
Triangle 10, area was    21112.0, is    21117.4,    0.0%
Triangle 11, area was    21112.0, is    21117.4,    0.0%
Combined: area was   249704.0, is   249768.2,    0.0%

---- Transforms ----
 1.0000 -0.0011     2.80    0.0000  1.0003   857.56
 1.0000 -0.0011     2.80    0.0000  1.0003   857.56
 1.0000 -0.0011     2.80    0.0000  1.0003   857.56
 1.0000 -0.0011     2.80    0.0000  1.0003   857.56
 1.0000 -0.0011     2.80    0.0000  1.0003   857.56
 1.0000 -0.0011     2.80    0.0000  1.0003   857.56
 1.0000 -0.0011     2.80    0.0000  1.0003   857.56
 1.0000 -0.0011     2.80    0.0000  1.0003   857.56
 1.0000 -0.0011     2.80    0.0000  1.0003   857.56
 1.0000 -0.0011     2.80    0.0000  1.0003   857.56
 1.0000 -0.0011     2.80    0.0000  1.0003   857.56
 1.0000 -0.0011     2.80    0.0000  1.0003   857.56

---- QC - deformable ----
Remapping 1431040 points.
Metrics: DEF: Mean square difference 0.382847
Metrics: DEF: Smallest footprint deg=0, area=248332
MetricImages: Range x 0 1372, y 0 181, use Nx=1374, Ny=182
Approximate EM metric 0.074246 for 250068 points.
All points, deformable, dfm 0.074246

Metrics: TRI: Mean square difference 0.277841
Metrics: TRI: Smallest footprint deg=0, area=41268
MetricImages: Range x 0 228, y 0 181, use Nx=230, Ny=182
Approximate EM metric 0.023053 for 41860 points.
%Yellow: Tol   1.05  red   30.7  yellow   41.9  green   27.4
%Yellow: Tol   1.10  red   19.3  yellow   64.6  green   16.1
%Yellow: Tol   1.15  red   13.0  yellow   75.7  green   11.3
%Yellow: Tol   1.20  red    9.4  yellow   82.3  green    8.3
%Yellow: Tol   1.25  red    7.1  yellow   86.3  green    6.6
Triangle 0: 20954 points, corr 0.861032, fm 0.023053, yellow 0.86

Metrics: TRI: Mean square difference 0.247997
Metrics: TRI: Smallest footprint deg=0, area=40680
MetricImages: Range x 2 228, y 1 181, use Nx=228, Ny=182
Approximate EM metric 0.047683 for 41496 points.
%Yellow: Tol   1.05  red   32.0  yellow   38.6  green   29.3
%Yellow: Tol   1.10  red   20.6  yellow   62.4  green   17.0
%Yellow: Tol   1.15  red   13.6  yellow   75.5  green   10.9
%Yellow: Tol   1.20  red    9.0  yellow   83.5  green    7.5
%Yellow: Tol   1.25  red    6.2  yellow   88.1  green    5.7
Triangle 1: 20724 points, corr 0.875953, fm 0.047683, yellow 0.88

Metrics: TRI: Mean square difference 0.478487
Metrics: TRI: Smallest footprint deg=0, area=41087
MetricImages: Range x 229 456, y 0 181, use Nx=228, Ny=182
Approximate EM metric 0.028590 for 41496 points.
%Yellow: Tol   1.05  red   34.4  yellow   26.6  green   38.9
%Yellow: Tol   1.10  red   26.6  yellow   45.7  green   27.7
%Yellow: Tol   1.15  red   21.3  yellow   57.2  green   21.6
%Yellow: Tol   1.20  red   17.4  yellow   65.5  green   17.1
%Yellow: Tol   1.25  red   14.1  yellow   72.0  green   13.9
Triangle 2: 20772 points, corr 0.760708, fm 0.028590, yellow 0.72

Metrics: TRI: Mean square difference 0.405581
Metrics: TRI: Smallest footprint deg=0, area=40680
MetricImages: Range x 230 456, y 1 181, use Nx=228, Ny=182
Approximate EM metric 0.034346 for 41496 points.
%Yellow: Tol   1.05  red   31.3  yellow   31.3  green   37.4
%Yellow: Tol   1.10  red   22.3  yellow   52.7  green   25.0
%Yellow: Tol   1.15  red   18.3  yellow   63.5  green   18.2
%Yellow: Tol   1.20  red   14.6  yellow   72.1  green   13.4
%Yellow: Tol   1.25  red   11.5  yellow   78.3  green   10.2
Triangle 3: 20724 points, corr 0.797161, fm 0.034346, yellow 0.78

Metrics: TRI: Mean square difference 0.450144
Metrics: TRI: Smallest footprint deg=0, area=41087
MetricImages: Range x 457 684, y 0 181, use Nx=228, Ny=182
Approximate EM metric 0.032432 for 41496 points.
%Yellow: Tol   1.05  red   31.3  yellow   24.6  green   44.0
%Yellow: Tol   1.10  red   26.2  yellow   46.3  green   27.6
%Yellow: Tol   1.15  red   21.7  yellow   59.5  green   18.8
%Yellow: Tol   1.20  red   17.5  yellow   68.9  green   13.6
%Yellow: Tol   1.25  red   13.6  yellow   76.5  green    9.9
Triangle 4: 20772 points, corr 0.774880, fm 0.032432, yellow 0.77

Metrics: TRI: Mean square difference 0.236770
Metrics: TRI: Smallest footprint deg=0, area=40680
MetricImages: Range x 458 684, y 1 181, use Nx=228, Ny=182
Approximate EM metric 0.023790 for 41496 points.
%Yellow: Tol   1.05  red   25.0  yellow   43.7  green   31.3
%Yellow: Tol   1.10  red   19.4  yellow   64.2  green   16.4
%Yellow: Tol   1.15  red   14.7  yellow   74.9  green   10.4
%Yellow: Tol   1.20  red   11.3  yellow   81.8  green    6.9
%Yellow: Tol   1.25  red    8.3  yellow   86.9  green    4.9
Triangle 5: 20724 points, corr 0.881567, fm 0.023790, yellow 0.87

Metrics: TRI: Mean square difference 0.332437
Metrics: TRI: Smallest footprint deg=0, area=41087
MetricImages: Range x 685 912, y 0 181, use Nx=228, Ny=182
Approximate EM metric 0.029653 for 41496 points.
%Yellow: Tol   1.05  red   32.1  yellow   20.6  green   47.3
%Yellow: Tol   1.10  red   25.5  yellow   49.7  green   24.8
%Yellow: Tol   1.15  red   20.5  yellow   63.4  green   16.1
%Yellow: Tol   1.20  red   15.6  yellow   73.6  green   10.8
%Yellow: Tol   1.25  red   11.8  yellow   80.4  green    7.8
Triangle 6: 20772 points, corr 0.833734, fm 0.029653, yellow 0.80

Metrics: TRI: Mean square difference 0.424346
Metrics: TRI: Smallest footprint deg=0, area=40680
MetricImages: Range x 686 912, y 1 181, use Nx=228, Ny=182
Approximate EM metric 0.026874 for 41496 points.
%Yellow: Tol   1.05  red   30.6  yellow    9.5  green   59.9
%Yellow: Tol   1.10  red   25.8  yellow   48.3  green   25.9
%Yellow: Tol   1.15  red   21.9  yellow   61.9  green   16.2
%Yellow: Tol   1.20  red   17.4  yellow   72.0  green   10.5
%Yellow: Tol   1.25  red   13.3  yellow   79.7  green    7.0
Triangle 7: 20724 points, corr 0.787779, fm 0.026874, yellow 0.80

Metrics: TRI: Mean square difference 0.422437
Metrics: TRI: Smallest footprint deg=0, area=41087
MetricImages: Range x 913 1140, y 0 181, use Nx=228, Ny=182
Approximate EM metric 0.027076 for 41496 points.
%Yellow: Tol   1.05  red   27.7  yellow   17.6  green   54.8
%Yellow: Tol   1.10  red   24.0  yellow   54.2  green   21.8
%Yellow: Tol   1.15  red   20.3  yellow   66.3  green   13.4
%Yellow: Tol   1.20  red   16.7  yellow   74.9  green    8.4
%Yellow: Tol   1.25  red   13.2  yellow   81.7  green    5.1
Triangle 8: 20772 points, corr 0.788734, fm 0.027076, yellow 0.82

Metrics: TRI: Mean square difference 0.310453
Metrics: TRI: Smallest footprint deg=0, area=40680
MetricImages: Range x 914 1140, y 1 181, use Nx=228, Ny=182
Approximate EM metric 0.045197 for 41496 points.
%Yellow: Tol   1.05  red   20.2  yellow   40.9  green   38.9
%Yellow: Tol   1.10  red   17.6  yellow   67.7  green   14.7
%Yellow: Tol   1.15  red   14.8  yellow   77.8  green    7.4
%Yellow: Tol   1.20  red   12.0  yellow   83.7  green    4.3
%Yellow: Tol   1.25  red    9.7  yellow   87.6  green    2.7
Triangle 9: 20724 points, corr 0.844725, fm 0.045197, yellow 0.88

Metrics: TRI: Mean square difference 0.497676
Metrics: TRI: Smallest footprint deg=0, area=41811
MetricImages: Range x 1141 1372, y 0 181, use Nx=232, Ny=182
Approximate EM metric 0.043384 for 42224 points.
%Yellow: Tol   1.05  red   26.0  yellow   24.2  green   49.8
%Yellow: Tol   1.10  red   23.0  yellow   41.6  green   35.4
%Yellow: Tol   1.15  red   20.1  yellow   59.2  green   20.7
%Yellow: Tol   1.20  red   17.2  yellow   74.7  green    8.0
%Yellow: Tol   1.25  red   14.3  yellow   81.6  green    4.1
Triangle 10: 21138 points, corr 0.751115, fm 0.043384, yellow 0.82

Metrics: TRI: Mean square difference 0.473562
Metrics: TRI: Smallest footprint deg=0, area=41400
MetricImages: Range x 1142 1372, y 1 181, use Nx=232, Ny=182
Approximate EM metric 0.054370 for 42224 points.
%Yellow: Tol   1.05  red   32.5  yellow   19.5  green   48.0
%Yellow: Tol   1.10  red   25.8  yellow   40.3  green   33.9
%Yellow: Tol   1.15  red   21.7  yellow   56.7  green   21.6
%Yellow: Tol   1.20  red   17.5  yellow   68.7  green   13.8
%Yellow: Tol   1.25  red   13.9  yellow   78.3  green    7.9
Triangle 11: 21086 points, corr 0.763172, fm 0.054370, yellow 0.78


---- Final reports ----
STAT: Overall 249886 points, corr 0.8088, EMM 0.0742, weighted EMM 0.0347, cor+dfm 0.8830, weighted yellow 0.8143

Angle span: min, max, delta = 0.000573 0.000573 0.000000
Mesh-Thm: 0.0000  0.0011     0.22    0.0000  0.0003     0.09 2x(LDR,LDC)=(0.20,200.00) -- OK.

Final remapping of 1431040 points.
Center 73.002690 58.274077:  1.0000 -0.0011     2.80    0.0000  1.0003   857.56
Mapping region 1 xy= 73.002690 58.274077 to region 1 xy= 75.732920 915.855571
Center 140.096892 126.084135:  1.0000 -0.0011     2.80    0.0000  1.0003   857.56
Mapping region 1 xy= 140.096892 126.084135 to region 1 xy= 142.749609 983.688874
Center 297.931856 55.822797:  1.0000 -0.0011     2.80    0.0000  1.0003   857.56
Mapping region 1 xy= 297.931856 55.822797 to region 1 xy= 300.655350 913.413536
Center 366.142960 126.863994:  1.0000 -0.0011     2.80    0.0000  1.0003   857.56
Mapping region 1 xy= 366.142960 126.863994 to region 1 xy= 368.785336 984.478992
Center 530.498610 59.468188:  1.0000 -0.0011     2.80    0.0000  1.0003   857.56
Mapping region 1 xy= 530.498610 59.468188 to region 1 xy= 533.208332 917.070332
Center 602.904614 123.367018:  1.0000 -0.0011     2.80    0.0000  1.0003   857.56
Mapping region 1 xy= 602.904614 123.367018 to region 1 xy= 605.540910 980.991473
Center 754.161455 56.006074:  1.0000 -0.0011     2.80    0.0000  1.0003   857.56
Mapping region 1 xy= 754.161455 56.006074 to region 1 xy= 756.865608 913.617104
Center 831.777824 123.018500:  1.0000 -0.0011     2.80    0.0000  1.0003   857.56
Mapping region 1 xy= 831.777824 123.018500 to region 1 xy= 834.404903 980.653003
Center 983.789828 57.305916:  1.0000 -0.0011     2.80    0.0000  1.0003   857.56
Mapping region 1 xy= 983.789828 57.305916 to region 1 xy= 986.482917 914.927519
Center 1056.743565 124.229542:  1.0000 -0.0011     2.80    0.0000  1.0003   857.56
Mapping region 1 xy= 1056.743565 124.229542 to region 1 xy= 1059.359872 981.874385
Center 1212.470065 56.851516:  1.0000 -0.0011     2.80    0.0000  1.0003   857.56
Mapping region 1 xy= 1212.470065 56.851516 to region 1 xy= 1215.154061 914.483128
Center 1289.024667 123.546359:  1.0000 -0.0011     2.80    0.0000  1.0003   857.56
Mapping region 1 xy= 1289.024667 123.546359 to region 1 xy= 1291.631982 981.201301

Pipe: Returning 12 total transforms.

---- Summary Region-region results ----
Pipe: Table Headers {Az t r Bz t r thmok ntri}
FOUND:     1   11   1      1   12   1   1  12

---- Tabulating point matches ----
Tabulate: Rgn 1 -> 1: Keeping 12 of 12 point-pairs.

Timer: Alignment took 1.470 seconds.

main: Got 12 mapping regions.
main: Transform   0:  1.0000 -0.0011     2.80    0.0000  1.0003   857.56
main: Transform   1:  1.0000 -0.0011     2.80    0.0000  1.0003   857.56
main: Transform   2:  1.0000 -0.0011     2.80    0.0000  1.0003   857.56
main: Transform   3:  1.0000 -0.0011     2.80    0.0000  1.0003   857.56
main: Transform   4:  1.0000 -0.0011     2.80    0.0000  1.0003   857.56
main: Transform   5:  1.0000 -0.0011     2.80    0.0000  1.0003   857.56
main: Transform   6:  1.0000 -0.0011     2.80    0.0000  1.0003   857.56
main: Transform   7:  1.0000 -0.0011     2.80    0.0000  1.0003   857.56
main: Transform   8:  1.0000 -0.0011     2.80    0.0000  1.0003   857.56
main: Transform   9:  1.0000 -0.0011     2.80    0.0000  1.0003   857.56
main: Transform  10:  1.0000 -0.0011     2.80    0.0000  1.0003   857.56
main: Transform  11:  1.0000 -0.0011     2.80    0.0000  1.0003   857.56

main: Average:  1.0000 -0.0011     0.00    0.0000  1.0003     0.00
main: Degrees: 0.0328242
main: Residue:  1.0000 -0.0005     0.00   -0.0005  1.0003     0.00

main: Inverse:  1.0000  0.0011    -0.00   -0.0000  0.9997    -0.00
main: Degrees: -0.0328242
main: Residue:  1.0000  0.0005     0.00    0.0005  0.9997     0.00

main: Normal completion for dmesh run.
Timer: Total took 1.700 seconds.

---- Memory ----
Host name: h07u29.int.janelia.org
PID:       34897
User time:       1 seconds.
System time:     0 seconds.
VmPeak:	  380068 kB
VmSize:	  217292 kB
VmLck:	       0 kB
VmPin:	       0 kB
VmHWM:	  216572 kB
VmRSS:	   53708 kB
VmData:	   47896 kB
VmStk:	     164 kB
VmExe:	     832 kB
VmLib:	   85564 kB
VmPTE:	     352 kB
VmSwap:	       0 kB
voluntary_ctxt_switches:	16
nonvoluntary_ctxt_switches:	22

