
---- dmesh start ----
main: Start: Fri Sep 30 13:13:15 2016


---- Match parameters ----
PXBRO=2            <default 2>        "Max Legendre poly order for bkg removal"
PXLENS=N           <default N>        "Y=Apply IDB/lens.txt"
PXRESMSK=N         <default N>        "Y=Apply resin mask"
PXDOG=N            <default N>        "Y=Apply DoG filter"
PXDOG_R1=3         <default 3>        "DoG inner radius"
PXDOG_R2=6         <default 6>        "DoG outer radius"
FLD=N              <default X>        "Mask usage: Y=Use, N=None, X=XL only"
PRETWEAK=N         <default N>        "Y=Auto-distort before angle scan"
SCALE=1            <default 1.0>      "Image-B / image-A scale factor"
XSCALE=1           <default 1.0>      "Image-B / image-A x-axis scale factor"
YSCALE=1           <default 1.0>      "Image-B / image-A y-axis scale factor"
SKEW=0             <default 0.0>      "Transform elem[3] user-applied distortion"
MODE_SL=M          <default Z>        "Notes above"
MODE_XL=N          <default Y>        "Notes above"
TAB2DFM_SL=N       <default Y>        "Adopt Tdfm from Tab"
TAB2DFM_XL=Y       <default Y>        "Adopt Tdfm from Tab"
XYCONF_SL=1.0      <default 0.0>      "[0,1.0] confidence in Tab XY"
XYCONF_XL=0.8      <default 0.0>      "[0,1.0] confidence in Tab XY"
THMDEC_SL=8        <default 8>        "2^N thumb decimation factor"
THMDEC_XL=8        <default 8>        "2^N thumb decimation factor"
OLAP1D_SL=0        <default 0>        "Min 1D pix full-size overlap"
OLAP1D_XL=0        <default 0>        "Min 1D pix full-size overlap"
OLAP2D_SL=60000    <default 25000>    "Min 2D pix full-size overlap"
OLAP2D_XL=160000   <default 200000>   "Min 2D pix full-size overlap"
NBMXHT_SL=0.75     <default 0.75>     "Max F(neib)/F(pk) in guard zone"
NBMXHT_XL=0.75     <default 0.75>     "Max F(neib)/F(pk) in guard zone"
HFANGDN_SL=5       <default 5.0>      "Half angle search range denovo"
HFANGDN_XL=45      <default 45.0>     "Half angle search range denovo"
HFANGPR_SL=1       <default 1.0>      "Half angle search range prior angles"
HFANGPR_XL=4       <default 1.0>      "Half angle search range prior angles"
RTRSH_SL=0.3       <default 0.3>      "R corr thresh"
RTRSH_XL=0.3       <default 0.3>      "R corr thresh"
TWEAKS=N           <default N>        "Y=Try 8 near unity distortions"
LIMXY_SL=30        <default 0>        "0 or Max XY delta from Tab"
LIMXY_XL=80        <default 0>        "0 or Max XY delta from Tab"
WTHMPR=Y           <default Y>        "Y=Write ThmPair_a^b.txt entries"
OPT_SL=Y           <default Y(EM)>    "Y=Enable mesh optimizer"
RIT_SL=0.50        <default 0.20>     "Min mesh starting corr"
RIT_XL=0.1         <default 0.20>     "Min mesh starting corr"
RFA_SL=0.55        <default 0.3>      "Affine-only final corr"
RFA_XL=0.20        <default 0.3>      "Affine-only final corr"
RFT_SL=0.65        <default 0.5>      "Full mesh final corr"
RFT_XL=0.25        <default 0.5>      "Full mesh final corr"
TMC=5              <default 30.0%>    "Max single triangle area change"
TSC=9              <default 9.0%>     "Max summed triangle area change"
MNL=250            <default 300>      "Triangle edges between MNL and 2*MNL"
MTA=120000         <default 10000>    "Min triangle size (pixels)"
MMA=60000          <default 100000>   "Min 2D overlap for mesh"
ONE=N              <default N>        "Y=Use just one affine transform"
IFM=0.50           <default 0.50>     "Min Fourier Metric after affine-only"
FFM=0.65           <default 0.65>     "Min Fourier Metric after full mesh"
FYL=0.5            <default 0.50>     "Min fraction of yellow pixels"
CPD=0.5            <default 0.50>     "Min Correlation + DFM"
EMM=Y              <default Y>        "Y=Use Earth Mover's Metric, N=Use Fourier"
EMT=0.14           <default 0.2>      "Earth Movers Metric thresh"
WDI=N              <default N>        "Y=Write diff images (Fourier, EMM metrics)"
LDA=0.2            <default 0.2>      "Max radian delta between triangles"
LDR=0.1            <default 0.1>      "Max sine delta between triangles"
LDC=100            <default 100.0>    "Max XY delta between triangles"
DXY=100            <default 100.0>    "Max delta from user input XYs"
WMT=N              <default Y>        "Y=Write map.tif files"
WTT=N              <default Y>        "Y=Write tf.txt files"


---- Input images ----
Til2Img entry: A T=[ 1.0000  0.0000  1142.00  0.0000  1.0000  2571.00] path=[/groups/apig/tomo/DEMO/TIF/B1_3_2.tif].
Til2Img entry: B T=[ 1.0000  0.0000     0.00  0.0000  1.0000  2571.00] path=[/groups/apig/tomo/DEMO/TIF/B1_10_2.tif].


---- Command-line overrides ----
Tdfm= 1.0000  0.0000     0.00    0.0000  1.0000     0.00
FLD=N
MODE=N (was M)
CTR=0


---- Image loading ----
Raster8FromTif: Opening [/groups/apig/tomo/DEMO/TIF/B1_3_2.tif].
Raster8FromTif: Bits per sample 8, samples per pixel 1
Raster8FromTif: Picture is 1376 by 1040, 1431040 pixels total.
TIF(8): Last Encoded strip had 1376 bytes.
Raster8FromTif: Opening [/groups/apig/tomo/DEMO/TIF/B1_10_2.tif].
Raster8FromTif: Bits per sample 8, samples per pixel 1
Raster8FromTif: Picture is 1376 by 1040, 1431040 pixels total.
TIF(8): Last Encoded strip had 1376 bytes.
PixPair: Using image scale=1.
Timer: Image conditioning took 0.250 seconds.

---- Foldmaps ----

---- Connected regions ----
Forcing single connected region.

---- Begin A-1 to B-1 ----

---- Thumbnail matching ----
Subimage: Using intersection, w=234, h=1040, pix=243360
Thumbs: After decimation 3900 pts, reqArea 937, thmscl 8
SetDisc( 0, 0, 3, 3 )
Initial: R= 3.036, A=   0.000, X=    0.15, Y=   -1.39
Peak-Disc: dR 11 dX 1 dY -11
Approx: LowRes  R=3.036, X=1.230, Y=-11.105
Approx: FullRes R=1.000, X=1.503, Y=-11.733, use=Y.
Timer: FinishAtFullRes took 0.200 seconds.
Approx: Returning A=0.000000, R=3.035904, X=1143.503284, Y=-11.732974
Approx: Best transform  1.0000  0.0000  1143.50    0.0000  1.0000   -11.73
Approx: Orig transform  1.0000  0.0000  1142.00    0.0000  1.0000     0.00
Approx: Idnt transform  1.0000  0.0000     1.50    0.0000  1.0000   -11.73
Approx: err = 11.8289, max = 30

---- Starting detailed region mapping ----
Roughly 239757 pixels map to B.
Region size is [0 232] in x, [11 1039] in y.

---- Building mesh - affine ----
Computed simple triangle.

---- ImproveMesh - affine ----
Tri: (0 11) (232 525) (0 1039).

---- Matlab Vertices ----
x=[0 232 0 0]; y=[11 525 1039 11]; plot(x,y); hold on;

---- ImproveControlPts ----
STAT: ImproveCpt: Initial affine correlation 0.762490 (239757 pixels).
corr=0.762490	step=10.000000
corr=0.762490	step=5.000000
corr=0.762490	step=2.500000
corr=0.762490	step=1.250000
corr=0.762490	step=0.625000
STAT: ImproveCpt: Final affine correlation 0.762490, (threshold 0.550000).

---- Matlab A-Sys Originals ----
x=[0.000000 232.000000 0.000000 0.000000]; y=[11.000000 525.000000 1039.000000 11.000000]; plot(x,y); hold on;

---- Matlab B-Sys Originals ----
x=[1143.503284 1375.503284 1143.503284 1143.503284]; y=[-0.732974 513.267026 1027.267026 -0.732974]; plot(x,y); hold on;

---- Matlab B-Sys Optimized ----
x=[1143.503284 1375.503284 1143.503284 1143.503284]; y=[-0.732974 513.267026 1027.267026 -0.732974]; plot(x,y); hold on;

---- Deltas ----
id=     0: dx=    0.00 dy=    0.00 d=    0.00
id=     1: dx=    0.00 dy=    0.00 d=    0.00
id=     2: dx=    0.00 dy=    0.00 d=    0.00

---- Areas ----
Triangle 0, area was   119248.0, is   119248.0,    0.0%
Combined: area was   119248.0, is   119248.0,    0.0%

---- Transforms ----
 1.0000  0.0000  1143.50    0.0000  1.0000   -11.73
Best affine transform:  1.0000  0.0000  1143.50    0.0000  1.0000   -11.73
    Inverse transform:  1.0000 -0.0000 -1143.50   -0.0000  1.0000    11.73

---- QC - affine ----
Metrics: AFF: Mean square difference 0.474062
Metrics: AFF: Smallest footprint deg=0, area=237237
MetricImages: Range x 0 231, y 12 1039, use Nx=232, Ny=1028
Approximate EM metric 0.069635 for 238496 points.
%Yellow: Tol   1.05  red   36.6  yellow   19.6  green   43.8
%Yellow: Tol   1.10  red   29.0  yellow   39.6  green   31.5
%Yellow: Tol   1.15  red   22.5  yellow   56.5  green   21.0
%Yellow: Tol   1.20  red   18.0  yellow   66.8  green   15.1
%Yellow: Tol   1.25  red   14.5  yellow   74.7  green   10.8
Affine Triangle: 238496 points, corr 0.762965, fm 0.069635, yellow 0.75

---- Building mesh - deformable ----
Lx Dx Nx:   232   232.00   1
Ly Dy Ny:  1028   205.00   5

STAT: From 239757 pts, got 10 triangles, 12 control points.
Timer: MeshCreate took 0.010 seconds.

---- ImproveMesh - deformable mesh ----
Tri: (0 11) (232 11) (0 216).
Tri: (0 216) (232 11) (232 216).
Tri: (0 216) (232 216) (0 421).
Tri: (0 421) (232 216) (232 421).
Tri: (0 421) (232 421) (0 626).
Tri: (0 626) (232 421) (232 626).
Tri: (0 626) (232 626) (0 831).
Tri: (0 831) (232 626) (232 831).
Tri: (0 831) (232 831) (0 1039).
Tri: (0 1039) (232 831) (232 1039).

---- Matlab Vertices ----
x=[0 232 0 0]; y=[11 11 216 11]; plot(x,y); hold on;
x=[0 232 232 0]; y=[216 11 216 216]; plot(x,y); hold on;
x=[0 232 0 0]; y=[216 216 421 216]; plot(x,y); hold on;
x=[0 232 232 0]; y=[421 216 421 421]; plot(x,y); hold on;
x=[0 232 0 0]; y=[421 421 626 421]; plot(x,y); hold on;
x=[0 232 232 0]; y=[626 421 626 626]; plot(x,y); hold on;
x=[0 232 0 0]; y=[626 626 831 626]; plot(x,y); hold on;
x=[0 232 232 0]; y=[831 626 831 831]; plot(x,y); hold on;
x=[0 232 0 0]; y=[831 831 1039 831]; plot(x,y); hold on;
x=[0 232 232 0]; y=[1039 831 1039 1039]; plot(x,y); hold on;

---- ImproveControlPts ----
STAT: ImproveCpt: Initial deformable mesh correlation 0.762490 (239757 pixels).
corr=0.762490	step=10.000000
corr=0.762490	step=5.000000
corr=0.762490	step=2.500000
corr=0.762490	step=1.250000
corr=0.762490	step=0.625000
STAT: ImproveCpt: Final deformable mesh correlation 0.762490, (threshold 0.650000).

---- Matlab A-Sys Originals ----
x=[0.000000 232.000000 0.000000 0.000000]; y=[11.000000 11.000000 216.000000 11.000000]; plot(x,y); hold on;
x=[0.000000 232.000000 232.000000 0.000000]; y=[216.000000 11.000000 216.000000 216.000000]; plot(x,y); hold on;
x=[0.000000 232.000000 0.000000 0.000000]; y=[216.000000 216.000000 421.000000 216.000000]; plot(x,y); hold on;
x=[0.000000 232.000000 232.000000 0.000000]; y=[421.000000 216.000000 421.000000 421.000000]; plot(x,y); hold on;
x=[0.000000 232.000000 0.000000 0.000000]; y=[421.000000 421.000000 626.000000 421.000000]; plot(x,y); hold on;
x=[0.000000 232.000000 232.000000 0.000000]; y=[626.000000 421.000000 626.000000 626.000000]; plot(x,y); hold on;
x=[0.000000 232.000000 0.000000 0.000000]; y=[626.000000 626.000000 831.000000 626.000000]; plot(x,y); hold on;
x=[0.000000 232.000000 232.000000 0.000000]; y=[831.000000 626.000000 831.000000 831.000000]; plot(x,y); hold on;
x=[0.000000 232.000000 0.000000 0.000000]; y=[831.000000 831.000000 1039.000000 831.000000]; plot(x,y); hold on;
x=[0.000000 232.000000 232.000000 0.000000]; y=[1039.000000 831.000000 1039.000000 1039.000000]; plot(x,y); hold on;

---- Matlab B-Sys Originals ----
x=[1143.503284 1375.503284 1143.503284 1143.503284]; y=[-0.732974 -0.732974 204.267026 -0.732974]; plot(x,y); hold on;
x=[1143.503284 1375.503284 1375.503284 1143.503284]; y=[204.267026 -0.732974 204.267026 204.267026]; plot(x,y); hold on;
x=[1143.503284 1375.503284 1143.503284 1143.503284]; y=[204.267026 204.267026 409.267026 204.267026]; plot(x,y); hold on;
x=[1143.503284 1375.503284 1375.503284 1143.503284]; y=[409.267026 204.267026 409.267026 409.267026]; plot(x,y); hold on;
x=[1143.503284 1375.503284 1143.503284 1143.503284]; y=[409.267026 409.267026 614.267026 409.267026]; plot(x,y); hold on;
x=[1143.503284 1375.503284 1375.503284 1143.503284]; y=[614.267026 409.267026 614.267026 614.267026]; plot(x,y); hold on;
x=[1143.503284 1375.503284 1143.503284 1143.503284]; y=[614.267026 614.267026 819.267026 614.267026]; plot(x,y); hold on;
x=[1143.503284 1375.503284 1375.503284 1143.503284]; y=[819.267026 614.267026 819.267026 819.267026]; plot(x,y); hold on;
x=[1143.503284 1375.503284 1143.503284 1143.503284]; y=[819.267026 819.267026 1027.267026 819.267026]; plot(x,y); hold on;
x=[1143.503284 1375.503284 1375.503284 1143.503284]; y=[1027.267026 819.267026 1027.267026 1027.267026]; plot(x,y); hold on;

---- Matlab B-Sys Optimized ----
x=[1143.503284 1375.503284 1143.503284 1143.503284]; y=[-0.732974 -0.732974 204.267026 -0.732974]; plot(x,y); hold on;
x=[1143.503284 1375.503284 1375.503284 1143.503284]; y=[204.267026 -0.732974 204.267026 204.267026]; plot(x,y); hold on;
x=[1143.503284 1375.503284 1143.503284 1143.503284]; y=[204.267026 204.267026 409.267026 204.267026]; plot(x,y); hold on;
x=[1143.503284 1375.503284 1375.503284 1143.503284]; y=[409.267026 204.267026 409.267026 409.267026]; plot(x,y); hold on;
x=[1143.503284 1375.503284 1143.503284 1143.503284]; y=[409.267026 409.267026 614.267026 409.267026]; plot(x,y); hold on;
x=[1143.503284 1375.503284 1375.503284 1143.503284]; y=[614.267026 409.267026 614.267026 614.267026]; plot(x,y); hold on;
x=[1143.503284 1375.503284 1143.503284 1143.503284]; y=[614.267026 614.267026 819.267026 614.267026]; plot(x,y); hold on;
x=[1143.503284 1375.503284 1375.503284 1143.503284]; y=[819.267026 614.267026 819.267026 819.267026]; plot(x,y); hold on;
x=[1143.503284 1375.503284 1143.503284 1143.503284]; y=[819.267026 819.267026 1027.267026 819.267026]; plot(x,y); hold on;
x=[1143.503284 1375.503284 1375.503284 1143.503284]; y=[1027.267026 819.267026 1027.267026 1027.267026]; plot(x,y); hold on;

---- Deltas ----
id=     0: dx=    0.00 dy=    0.00 d=    0.00
id=     1: dx=    0.00 dy=    0.00 d=    0.00
id=     2: dx=    0.00 dy=    0.00 d=    0.00
id=     3: dx=    0.00 dy=    0.00 d=    0.00
id=     4: dx=    0.00 dy=    0.00 d=    0.00
id=     5: dx=    0.00 dy=    0.00 d=    0.00
id=     6: dx=    0.00 dy=    0.00 d=    0.00
id=     7: dx=    0.00 dy=    0.00 d=    0.00
id=     8: dx=    0.00 dy=    0.00 d=    0.00
id=     9: dx=    0.00 dy=    0.00 d=    0.00
id=    10: dx=    0.00 dy=    0.00 d=    0.00
id=    11: dx=    0.00 dy=    0.00 d=    0.00

---- Areas ----
Triangle 0, area was    23780.0, is    23780.0,    0.0%
Triangle 1, area was    23780.0, is    23780.0,    0.0%
Triangle 2, area was    23780.0, is    23780.0,    0.0%
Triangle 3, area was    23780.0, is    23780.0,    0.0%
Triangle 4, area was    23780.0, is    23780.0,    0.0%
Triangle 5, area was    23780.0, is    23780.0,    0.0%
Triangle 6, area was    23780.0, is    23780.0,    0.0%
Triangle 7, area was    23780.0, is    23780.0,    0.0%
Triangle 8, area was    24128.0, is    24128.0,    0.0%
Triangle 9, area was    24128.0, is    24128.0,    0.0%
Combined: area was   238496.0, is   238496.0,    0.0%

---- Transforms ----
 1.0000  0.0000  1143.50    0.0000  1.0000   -11.73
 1.0000  0.0000  1143.50    0.0000  1.0000   -11.73
 1.0000  0.0000  1143.50    0.0000  1.0000   -11.73
 1.0000  0.0000  1143.50    0.0000  1.0000   -11.73
 1.0000  0.0000  1143.50    0.0000  1.0000   -11.73
 1.0000  0.0000  1143.50    0.0000  1.0000   -11.73
 1.0000  0.0000  1143.50    0.0000  1.0000   -11.73
 1.0000  0.0000  1143.50    0.0000  1.0000   -11.73
 1.0000  0.0000  1143.50    0.0000  1.0000   -11.73
 1.0000  0.0000  1143.50    0.0000  1.0000   -11.73

---- QC - deformable ----
Remapping 1431040 points.
Metrics: DEF: Mean square difference 0.474062
Metrics: DEF: Smallest footprint deg=0, area=237237
MetricImages: Range x 0 231, y 12 1039, use Nx=232, Ny=1028
Approximate EM metric 0.069635 for 238496 points.
All points, deformable, dfm 0.069635

Metrics: TRI: Mean square difference 0.583676
Metrics: TRI: Smallest footprint deg=0, area=46920
MetricImages: Range x 0 230, y 12 216, use Nx=232, Ny=206
Approximate EM metric 0.044982 for 47792 points.
%Yellow: Tol   1.05  red   39.0  yellow   20.0  green   41.0
%Yellow: Tol   1.10  red   32.0  yellow   36.5  green   31.5
%Yellow: Tol   1.15  red   26.1  yellow   49.9  green   24.0
%Yellow: Tol   1.20  red   21.3  yellow   59.6  green   19.1
%Yellow: Tol   1.25  red   16.9  yellow   67.4  green   15.7
Triangle 0: 23767 points, corr 0.708120, fm 0.044982, yellow 0.67

Metrics: TRI: Mean square difference 0.617844
Metrics: TRI: Smallest footprint deg=0, area=46920
MetricImages: Range x 1 231, y 12 216, use Nx=232, Ny=206
Approximate EM metric 0.041131 for 47792 points.
%Yellow: Tol   1.05  red   35.4  yellow   16.1  green   48.5
%Yellow: Tol   1.10  red   30.4  yellow   31.5  green   38.1
%Yellow: Tol   1.15  red   25.8  yellow   45.8  green   28.4
%Yellow: Tol   1.20  red   21.4  yellow   60.8  green   17.8
%Yellow: Tol   1.25  red   17.3  yellow   70.3  green   12.4
Triangle 1: 23793 points, corr 0.691036, fm 0.041131, yellow 0.70

Metrics: TRI: Mean square difference 0.537727
Metrics: TRI: Smallest footprint deg=0, area=46920
MetricImages: Range x 0 230, y 217 421, use Nx=232, Ny=206
Approximate EM metric 0.052535 for 47792 points.
%Yellow: Tol   1.05  red   31.1  yellow   24.2  green   44.8
%Yellow: Tol   1.10  red   27.2  yellow   39.0  green   33.8
%Yellow: Tol   1.15  red   23.0  yellow   53.8  green   23.2
%Yellow: Tol   1.20  red   19.0  yellow   65.5  green   15.5
%Yellow: Tol   1.25  red   15.4  yellow   74.3  green   10.3
Triangle 2: 23767 points, corr 0.731094, fm 0.052535, yellow 0.74

Metrics: TRI: Mean square difference 0.562045
Metrics: TRI: Smallest footprint deg=0, area=46920
MetricImages: Range x 1 231, y 217 421, use Nx=232, Ny=206
Approximate EM metric 0.057538 for 47792 points.
%Yellow: Tol   1.05  red   35.6  yellow   13.9  green   50.5
%Yellow: Tol   1.10  red   29.3  yellow   30.3  green   40.4
%Yellow: Tol   1.15  red   24.1  yellow   47.0  green   28.9
%Yellow: Tol   1.20  red   19.7  yellow   63.1  green   17.2
%Yellow: Tol   1.25  red   15.8  yellow   75.3  green    8.9
Triangle 3: 23793 points, corr 0.718936, fm 0.057538, yellow 0.75

Metrics: TRI: Mean square difference 0.551150
Metrics: TRI: Smallest footprint deg=0, area=46920
MetricImages: Range x 0 230, y 422 626, use Nx=232, Ny=206
Approximate EM metric 0.049358 for 47792 points.
%Yellow: Tol   1.05  red   34.3  yellow   15.7  green   50.0
%Yellow: Tol   1.10  red   29.8  yellow   33.0  green   37.2
%Yellow: Tol   1.15  red   25.2  yellow   48.4  green   26.4
%Yellow: Tol   1.20  red   20.5  yellow   62.3  green   17.2
%Yellow: Tol   1.25  red   16.2  yellow   72.6  green   11.2
Triangle 4: 23767 points, corr 0.724383, fm 0.049358, yellow 0.73

Metrics: TRI: Mean square difference 0.686052
Metrics: TRI: Smallest footprint deg=0, area=46920
MetricImages: Range x 1 231, y 422 626, use Nx=232, Ny=206
Approximate EM metric 0.043055 for 47792 points.
%Yellow: Tol   1.05  red   44.1  yellow   13.5  green   42.3
%Yellow: Tol   1.10  red   37.8  yellow   26.5  green   35.7
%Yellow: Tol   1.15  red   31.4  yellow   40.5  green   28.1
%Yellow: Tol   1.20  red   25.3  yellow   51.7  green   23.0
%Yellow: Tol   1.25  red   19.7  yellow   60.1  green   20.2
Triangle 5: 23793 points, corr 0.656932, fm 0.043055, yellow 0.60

Metrics: TRI: Mean square difference 0.412759
Metrics: TRI: Smallest footprint deg=0, area=46920
MetricImages: Range x 0 230, y 627 831, use Nx=232, Ny=206
Approximate EM metric 0.082111 for 47792 points.
%Yellow: Tol   1.05  red   35.1  yellow   27.1  green   37.8
%Yellow: Tol   1.10  red   24.7  yellow   48.7  green   26.6
%Yellow: Tol   1.15  red   18.1  yellow   62.8  green   19.1
%Yellow: Tol   1.20  red   14.5  yellow   71.4  green   14.1
%Yellow: Tol   1.25  red   11.9  yellow   77.6  green   10.5
Triangle 6: 23767 points, corr 0.793579, fm 0.082111, yellow 0.78

Metrics: TRI: Mean square difference 0.091885
Metrics: TRI: Smallest footprint deg=0, area=46920
MetricImages: Range x 1 231, y 627 831, use Nx=232, Ny=206
Approximate EM metric 0.037105 for 47792 points.
%Yellow: Tol   1.05  red   20.8  yellow   54.0  green   25.3
%Yellow: Tol   1.10  red   11.7  yellow   76.0  green   12.3
%Yellow: Tol   1.15  red    7.2  yellow   86.2  green    6.6
%Yellow: Tol   1.20  red    4.8  yellow   91.2  green    3.9
%Yellow: Tol   1.25  red    3.6  yellow   93.9  green    2.5
Triangle 7: 23793 points, corr 0.954016, fm 0.037105, yellow 0.94

Metrics: TRI: Mean square difference 0.179727
Metrics: TRI: Smallest footprint deg=0, area=47610
MetricImages: Range x 0 230, y 832 1039, use Nx=232, Ny=208
Approximate EM metric 0.062811 for 48256 points.
%Yellow: Tol   1.05  red   27.3  yellow   50.1  green   22.6
%Yellow: Tol   1.10  red   19.9  yellow   64.3  green   15.8
%Yellow: Tol   1.15  red   14.3  yellow   73.4  green   12.3
%Yellow: Tol   1.20  red    9.6  yellow   80.9  green    9.4
%Yellow: Tol   1.25  red    5.9  yellow   86.8  green    7.3
Triangle 8: 24120 points, corr 0.910095, fm 0.062811, yellow 0.87

Metrics: TRI: Mean square difference 0.060703
Metrics: TRI: Smallest footprint deg=0, area=47610
MetricImages: Range x 1 231, y 832 1039, use Nx=232, Ny=208
Approximate EM metric 0.021072 for 48256 points.
%Yellow: Tol   1.05  red   12.7  yellow   75.5  green   11.8
%Yellow: Tol   1.10  red    9.0  yellow   83.4  green    7.6
%Yellow: Tol   1.15  red    6.5  yellow   87.9  green    5.6
%Yellow: Tol   1.20  red    4.6  yellow   91.0  green    4.3
%Yellow: Tol   1.25  red    3.3  yellow   93.5  green    3.2
Triangle 9: 24136 points, corr 0.969607, fm 0.021072, yellow 0.93


---- Final reports ----
STAT: Overall 238496 points, corr 0.7625, EMM 0.0696, weighted EMM 0.0491, cor+dfm 0.8321, weighted yellow 0.7722

Angle span: min, max, delta = 0.000000 0.000000 0.000000
Mesh-Thm: 0.0000  0.0000     0.00    0.0000  0.0000     0.00 2x(LDR,LDC)=(0.20,200.00) -- OK.

Final remapping of 1431040 points.
Center 74.283439 76.638383:  1.0000  0.0000  1143.50    0.0000  1.0000   -11.73
Mapping region 1 xy= 74.283439 76.638383 to region 1 xy= 1217.786723 64.905410
Center 142.554732 153.017845:  1.0000  0.0000  1143.50    0.0000  1.0000   -11.73
Mapping region 1 xy= 142.554732 153.017845 to region 1 xy= 1286.058016 141.284871
Center 71.158730 278.877326:  1.0000  0.0000  1143.50    0.0000  1.0000   -11.73
Mapping region 1 xy= 71.158730 278.877326 to region 1 xy= 1214.662015 267.144353
Center 140.566521 358.896257:  1.0000  0.0000  1143.50    0.0000  1.0000   -11.73
Mapping region 1 xy= 140.566521 358.896257 to region 1 xy= 1284.069805 347.163283
Center 75.805603 487.983399:  1.0000  0.0000  1143.50    0.0000  1.0000   -11.73
Mapping region 1 xy= 75.805603 487.983399 to region 1 xy= 1219.308887 476.250425
Center 149.481888 559.957355:  1.0000  0.0000  1143.50    0.0000  1.0000   -11.73
Mapping region 1 xy= 149.481888 559.957355 to region 1 xy= 1292.985172 548.224382
Center 71.392358 689.083764:  1.0000  0.0000  1143.50    0.0000  1.0000   -11.73
Mapping region 1 xy= 71.392358 689.083764 to region 1 xy= 1214.895642 677.350791
Center 150.370418 764.564794:  1.0000  0.0000  1143.50    0.0000  1.0000   -11.73
Mapping region 1 xy= 150.370418 764.564794 to region 1 xy= 1293.873702 752.831820
Center 73.049299 896.492475:  1.0000  0.0000  1143.50    0.0000  1.0000   -11.73
Mapping region 1 xy= 73.049299 896.492475 to region 1 xy= 1216.552583 884.759501
Center 147.282926 972.976620:  1.0000  0.0000  1143.50    0.0000  1.0000   -11.73
Mapping region 1 xy= 147.282926 972.976620 to region 1 xy= 1290.786210 961.243646

Pipe: Returning 10 total transforms.

---- Summary Region-region results ----
Pipe: Table Headers {Az t r Bz t r thmok ntri}
FOUND:     1    3   1      1   10   1   1  10

---- Tabulating point matches ----
Tabulate: Rgn 1 -> 1: Keeping 10 of 10 point-pairs.

Timer: Alignment took 1.250 seconds.

main: Got 10 mapping regions.
main: Transform   0:  1.0000  0.0000  1143.50    0.0000  1.0000   -11.73
main: Transform   1:  1.0000  0.0000  1143.50    0.0000  1.0000   -11.73
main: Transform   2:  1.0000  0.0000  1143.50    0.0000  1.0000   -11.73
main: Transform   3:  1.0000  0.0000  1143.50    0.0000  1.0000   -11.73
main: Transform   4:  1.0000  0.0000  1143.50    0.0000  1.0000   -11.73
main: Transform   5:  1.0000  0.0000  1143.50    0.0000  1.0000   -11.73
main: Transform   6:  1.0000  0.0000  1143.50    0.0000  1.0000   -11.73
main: Transform   7:  1.0000  0.0000  1143.50    0.0000  1.0000   -11.73
main: Transform   8:  1.0000  0.0000  1143.50    0.0000  1.0000   -11.73
main: Transform   9:  1.0000  0.0000  1143.50    0.0000  1.0000   -11.73

main: Average:  1.0000  0.0000     0.00    0.0000  1.0000     0.00
main: Degrees: 0
main: Residue:  1.0000  0.0000     0.00    0.0000  1.0000     0.00

main: Inverse:  1.0000 -0.0000    -0.00   -0.0000  1.0000    -0.00
main: Degrees: 0
main: Residue:  1.0000  0.0000     0.00   -0.0000  1.0000     0.00

main: Normal completion for dmesh run.
Timer: Total took 1.500 seconds.

---- Memory ----
Host name: h07u29.int.janelia.org
PID:       34863
User time:       1 seconds.
System time:     0 seconds.
VmPeak:	  379972 kB
VmSize:	  207696 kB
VmLck:	       0 kB
VmPin:	       0 kB
VmHWM:	  215796 kB
VmRSS:	   43096 kB
VmData:	   38300 kB
VmStk:	     164 kB
VmExe:	     832 kB
VmLib:	   85564 kB
VmPTE:	     332 kB
VmSwap:	       0 kB
voluntary_ctxt_switches:	16
nonvoluntary_ctxt_switches:	21

