
---- dmesh start ----
main: Start: Fri Sep 30 13:13:19 2016


---- Match parameters ----
PXBRO=2            <default 2>        "Max Legendre poly order for bkg removal"
PXLENS=N           <default N>        "Y=Apply IDB/lens.txt"
PXRESMSK=N         <default N>        "Y=Apply resin mask"
PXDOG=N            <default N>        "Y=Apply DoG filter"
PXDOG_R1=3         <default 3>        "DoG inner radius"
PXDOG_R2=6         <default 6>        "DoG outer radius"
FLD=N              <default X>        "Mask usage: Y=Use, N=None, X=XL only"
PRETWEAK=N         <default N>        "Y=Auto-distort before angle scan"
SCALE=1            <default 1.0>      "Image-B / image-A scale factor"
XSCALE=1           <default 1.0>      "Image-B / image-A x-axis scale factor"
YSCALE=1           <default 1.0>      "Image-B / image-A y-axis scale factor"
SKEW=0             <default 0.0>      "Transform elem[3] user-applied distortion"
MODE_SL=M          <default Z>        "Notes above"
MODE_XL=N          <default Y>        "Notes above"
TAB2DFM_SL=N       <default Y>        "Adopt Tdfm from Tab"
TAB2DFM_XL=Y       <default Y>        "Adopt Tdfm from Tab"
XYCONF_SL=1.0      <default 0.0>      "[0,1.0] confidence in Tab XY"
XYCONF_XL=0.8      <default 0.0>      "[0,1.0] confidence in Tab XY"
THMDEC_SL=8        <default 8>        "2^N thumb decimation factor"
THMDEC_XL=8        <default 8>        "2^N thumb decimation factor"
OLAP1D_SL=0        <default 0>        "Min 1D pix full-size overlap"
OLAP1D_XL=0        <default 0>        "Min 1D pix full-size overlap"
OLAP2D_SL=60000    <default 25000>    "Min 2D pix full-size overlap"
OLAP2D_XL=160000   <default 200000>   "Min 2D pix full-size overlap"
NBMXHT_SL=0.75     <default 0.75>     "Max F(neib)/F(pk) in guard zone"
NBMXHT_XL=0.75     <default 0.75>     "Max F(neib)/F(pk) in guard zone"
HFANGDN_SL=5       <default 5.0>      "Half angle search range denovo"
HFANGDN_XL=45      <default 45.0>     "Half angle search range denovo"
HFANGPR_SL=1       <default 1.0>      "Half angle search range prior angles"
HFANGPR_XL=4       <default 1.0>      "Half angle search range prior angles"
RTRSH_SL=0.3       <default 0.3>      "R corr thresh"
RTRSH_XL=0.3       <default 0.3>      "R corr thresh"
TWEAKS=N           <default N>        "Y=Try 8 near unity distortions"
LIMXY_SL=30        <default 0>        "0 or Max XY delta from Tab"
LIMXY_XL=80        <default 0>        "0 or Max XY delta from Tab"
WTHMPR=Y           <default Y>        "Y=Write ThmPair_a^b.txt entries"
OPT_SL=Y           <default Y(EM)>    "Y=Enable mesh optimizer"
RIT_SL=0.50        <default 0.20>     "Min mesh starting corr"
RIT_XL=0.1         <default 0.20>     "Min mesh starting corr"
RFA_SL=0.55        <default 0.3>      "Affine-only final corr"
RFA_XL=0.20        <default 0.3>      "Affine-only final corr"
RFT_SL=0.65        <default 0.5>      "Full mesh final corr"
RFT_XL=0.25        <default 0.5>      "Full mesh final corr"
TMC=5              <default 30.0%>    "Max single triangle area change"
TSC=9              <default 9.0%>     "Max summed triangle area change"
MNL=250            <default 300>      "Triangle edges between MNL and 2*MNL"
MTA=120000         <default 10000>    "Min triangle size (pixels)"
MMA=60000          <default 100000>   "Min 2D overlap for mesh"
ONE=N              <default N>        "Y=Use just one affine transform"
IFM=0.50           <default 0.50>     "Min Fourier Metric after affine-only"
FFM=0.65           <default 0.65>     "Min Fourier Metric after full mesh"
FYL=0.5            <default 0.50>     "Min fraction of yellow pixels"
CPD=0.5            <default 0.50>     "Min Correlation + DFM"
EMM=Y              <default Y>        "Y=Use Earth Mover's Metric, N=Use Fourier"
EMT=0.14           <default 0.2>      "Earth Movers Metric thresh"
WDI=N              <default N>        "Y=Write diff images (Fourier, EMM metrics)"
LDA=0.2            <default 0.2>      "Max radian delta between triangles"
LDR=0.1            <default 0.1>      "Max sine delta between triangles"
LDC=100            <default 100.0>    "Max XY delta between triangles"
DXY=100            <default 100.0>    "Max delta from user input XYs"
WMT=N              <default Y>        "Y=Write map.tif files"
WTT=N              <default Y>        "Y=Write tf.txt files"


---- Input images ----
Til2Img entry: A T=[ 1.0000  0.0000     0.00  0.0000  1.0000  4285.00] path=[/groups/apig/tomo/DEMO/TIF/B1_8_2.tif].
Til2Img entry: B T=[ 1.0000  0.0000     0.00  0.0000  1.0000  5142.00] path=[/groups/apig/tomo/DEMO/TIF/B1_7_2.tif].


---- Command-line overrides ----
Tdfm= 1.0000  0.0000     0.00    0.0000  1.0000     0.00
FLD=N
MODE=N (was M)
CTR=0


---- Image loading ----
Raster8FromTif: Opening [/groups/apig/tomo/DEMO/TIF/B1_8_2.tif].
Raster8FromTif: Bits per sample 8, samples per pixel 1
Raster8FromTif: Picture is 1376 by 1040, 1431040 pixels total.
TIF(8): Last Encoded strip had 1376 bytes.
Raster8FromTif: Opening [/groups/apig/tomo/DEMO/TIF/B1_7_2.tif].
Raster8FromTif: Bits per sample 8, samples per pixel 1
Raster8FromTif: Picture is 1376 by 1040, 1431040 pixels total.
TIF(8): Last Encoded strip had 1376 bytes.
PixPair: Using image scale=1.
Timer: Image conditioning took 0.280 seconds.

---- Foldmaps ----

---- Connected regions ----
Forcing single connected region.

---- Begin A-1 to B-1 ----

---- Thumbnail matching ----
Subimage: Using intersection, w=1376, h=183, pix=251808
Thumbs: After decimation 3956 pts, reqArea 937, thmscl 8
SetDisc( 0, 0, 3, 3 )
Initial: R= 4.709, A=   0.000, X=   -0.27, Y=   -0.02
Peak-Disc: dR 2 dX -2 dY 0
Approx: LowRes  R=4.709, X=-2.156, Y=-0.158
Approx: FullRes R=1.424, X=-3.092, Y=0.028, use=Y.
Timer: FinishAtFullRes took 0.220 seconds.
Approx: Returning A=0.000000, R=4.709284, X=-3.091725, Y=-856.971958
Approx: Best transform  1.0000  0.0000    -3.09    0.0000  1.0000  -856.97
Approx: Orig transform  1.0000  0.0000     0.00    0.0000  1.0000  -857.00
Approx: Idnt transform  1.0000  0.0000    -3.09    0.0000  1.0000     0.03
Approx: err = 3.09185, max = 30

---- Starting detailed region mapping ----
Roughly 252632 pixels map to B.
Region size is [3 1375] in x, [856 1039] in y.

---- Building mesh - affine ----
Computed simple triangle.

---- ImproveMesh - affine ----
Tri: (3 856) (1375 856) (689 1039).

---- Matlab Vertices ----
x=[3 1375 689 3]; y=[856 856 1039 856]; plot(x,y); hold on;

---- ImproveControlPts ----
STAT: ImproveCpt: Initial affine correlation 0.866427 (252632 pixels).
corr=0.866427	step=10.000000
corr=0.866427	step=5.000000
corr=0.866427	step=2.500000
corr=0.866427	step=1.250000
corr=0.880652	step=1.250000
corr=0.880652	step=0.625000
corr=0.880652	step=0.312500
corr=0.881863	step=0.312500
corr=0.881863	step=0.156250
corr=0.881863	step=0.078125
STAT: ImproveCpt: Final affine correlation 0.881863, (threshold 0.550000).

---- Matlab A-Sys Originals ----
x=[3.000000 1375.000000 689.000000 3.000000]; y=[856.000000 856.000000 1039.000000 856.000000]; plot(x,y); hold on;

---- Matlab B-Sys Originals ----
x=[-0.091725 1371.908275 685.908275 -0.091725]; y=[-0.971958 -0.971958 182.028042 -0.971958]; plot(x,y); hold on;

---- Matlab B-Sys Optimized ----
x=[0.164975 1372.112365 686.375753 0.164975]; y=[-1.406759 -1.257377 181.479740 -1.406759]; plot(x,y); hold on;

---- Deltas ----
id=     0: dx=    0.26 dy=   -0.43 d=    0.50
id=     1: dx=    0.20 dy=   -0.29 d=    0.35
id=     2: dx=    0.47 dy=   -0.55 d=    0.72

---- Areas ----
Triangle 0, area was   125538.0, is   125404.1,   -0.1%
Combined: area was   125538.0, is   125404.1,   -0.1%

---- Transforms ----
 1.0000  0.0013    -3.94    0.0001  0.9990  -856.53
Best affine transform:  1.0000  0.0013    -3.94    0.0001  0.9990  -856.53
    Inverse transform:  1.0000 -0.0013     2.83   -0.0001  1.0010   857.41

---- QC - affine ----
Metrics: AFF: Mean square difference 0.236275
Metrics: AFF: Smallest footprint deg=0, area=248332
MetricImages: Range x 3 1375, y 858 1039, use Nx=1374, Ny=182
Approximate EM metric 0.052663 for 250068 points.
%Yellow: Tol   1.05  red   33.7  yellow   36.2  green   30.0
%Yellow: Tol   1.10  red   20.8  yellow   62.7  green   16.5
%Yellow: Tol   1.15  red   12.8  yellow   77.3  green    9.9
%Yellow: Tol   1.20  red    8.0  yellow   85.1  green    7.0
%Yellow: Tol   1.25  red    5.2  yellow   89.5  green    5.4
Affine Triangle: 249886 points, corr 0.881859, fm 0.052663, yellow 0.89

---- Building mesh - deformable ----
Lx Dx Nx:  1372   228.00   6
Ly Dy Ny:   183   183.00   1

STAT: From 252632 pts, got 12 triangles, 14 control points.
Timer: MeshCreate took 0.010 seconds.

---- ImproveMesh - deformable mesh ----
Tri: (3 856) (231 856) (3 1039).
Tri: (3 1039) (231 856) (231 1039).
Tri: (231 856) (459 856) (231 1039).
Tri: (231 1039) (459 856) (459 1039).
Tri: (459 856) (687 856) (459 1039).
Tri: (459 1039) (687 856) (687 1039).
Tri: (687 856) (915 856) (687 1039).
Tri: (687 1039) (915 856) (915 1039).
Tri: (915 856) (1143 856) (915 1039).
Tri: (915 1039) (1143 856) (1143 1039).
Tri: (1143 856) (1375 856) (1143 1039).
Tri: (1143 1039) (1375 856) (1375 1039).

---- Matlab Vertices ----
x=[3 231 3 3]; y=[856 856 1039 856]; plot(x,y); hold on;
x=[3 231 231 3]; y=[1039 856 1039 1039]; plot(x,y); hold on;
x=[231 459 231 231]; y=[856 856 1039 856]; plot(x,y); hold on;
x=[231 459 459 231]; y=[1039 856 1039 1039]; plot(x,y); hold on;
x=[459 687 459 459]; y=[856 856 1039 856]; plot(x,y); hold on;
x=[459 687 687 459]; y=[1039 856 1039 1039]; plot(x,y); hold on;
x=[687 915 687 687]; y=[856 856 1039 856]; plot(x,y); hold on;
x=[687 915 915 687]; y=[1039 856 1039 1039]; plot(x,y); hold on;
x=[915 1143 915 915]; y=[856 856 1039 856]; plot(x,y); hold on;
x=[915 1143 1143 915]; y=[1039 856 1039 1039]; plot(x,y); hold on;
x=[1143 1375 1143 1143]; y=[856 856 1039 856]; plot(x,y); hold on;
x=[1143 1375 1375 1143]; y=[1039 856 1039 1039]; plot(x,y); hold on;

---- ImproveControlPts ----
STAT: ImproveCpt: Initial deformable mesh correlation 0.881863 (252632 pixels).
corr=0.881863	step=10.000000
corr=0.881863	step=5.000000
corr=0.881863	step=2.500000
corr=0.881863	step=1.250000
corr=0.881863	step=0.625000
STAT: ImproveCpt: Final deformable mesh correlation 0.881863, (threshold 0.650000).

---- Matlab A-Sys Originals ----
x=[3.000000 231.000000 3.000000 3.000000]; y=[856.000000 856.000000 1039.000000 856.000000]; plot(x,y); hold on;
x=[3.000000 231.000000 231.000000 3.000000]; y=[1039.000000 856.000000 1039.000000 1039.000000]; plot(x,y); hold on;
x=[231.000000 459.000000 231.000000 231.000000]; y=[856.000000 856.000000 1039.000000 856.000000]; plot(x,y); hold on;
x=[231.000000 459.000000 459.000000 231.000000]; y=[1039.000000 856.000000 1039.000000 1039.000000]; plot(x,y); hold on;
x=[459.000000 687.000000 459.000000 459.000000]; y=[856.000000 856.000000 1039.000000 856.000000]; plot(x,y); hold on;
x=[459.000000 687.000000 687.000000 459.000000]; y=[1039.000000 856.000000 1039.000000 1039.000000]; plot(x,y); hold on;
x=[687.000000 915.000000 687.000000 687.000000]; y=[856.000000 856.000000 1039.000000 856.000000]; plot(x,y); hold on;
x=[687.000000 915.000000 915.000000 687.000000]; y=[1039.000000 856.000000 1039.000000 1039.000000]; plot(x,y); hold on;
x=[915.000000 1143.000000 915.000000 915.000000]; y=[856.000000 856.000000 1039.000000 856.000000]; plot(x,y); hold on;
x=[915.000000 1143.000000 1143.000000 915.000000]; y=[1039.000000 856.000000 1039.000000 1039.000000]; plot(x,y); hold on;
x=[1143.000000 1375.000000 1143.000000 1143.000000]; y=[856.000000 856.000000 1039.000000 856.000000]; plot(x,y); hold on;
x=[1143.000000 1375.000000 1375.000000 1143.000000]; y=[1039.000000 856.000000 1039.000000 1039.000000]; plot(x,y); hold on;

---- Matlab B-Sys Originals ----
x=[0.164975 228.156232 0.402058 0.164975]; y=[-1.406759 -1.381935 181.405049 -1.406759]; plot(x,y); hold on;
x=[0.402058 228.156232 228.393315 0.402058]; y=[181.405049 -1.381935 181.429873 181.405049]; plot(x,y); hold on;
x=[228.156232 456.147489 228.393315 228.156232]; y=[-1.381935 -1.357110 181.429873 -1.381935]; plot(x,y); hold on;
x=[228.393315 456.147489 456.384572 228.393315]; y=[181.429873 -1.357110 181.454697 181.429873]; plot(x,y); hold on;
x=[456.147489 684.138747 456.384572 456.147489]; y=[-1.357110 -1.332286 181.454697 -1.357110]; plot(x,y); hold on;
x=[456.384572 684.138747 684.375829 456.384572]; y=[181.454697 -1.332286 181.479522 181.454697]; plot(x,y); hold on;
x=[684.138747 912.130004 684.375829 684.138747]; y=[-1.332286 -1.307461 181.479522 -1.332286]; plot(x,y); hold on;
x=[684.375829 912.130004 912.367087 684.375829]; y=[181.479522 -1.307461 181.504346 181.479522]; plot(x,y); hold on;
x=[912.130004 1140.121261 912.367087 912.130004]; y=[-1.307461 -1.282637 181.504346 -1.307461]; plot(x,y); hold on;
x=[912.367087 1140.121261 1140.358344 912.367087]; y=[181.504346 -1.282637 181.529171 181.504346]; plot(x,y); hold on;
x=[1140.121261 1372.112365 1140.358344 1140.121261]; y=[-1.282637 -1.257377 181.529171 -1.282637]; plot(x,y); hold on;
x=[1140.358344 1372.112365 1372.349448 1140.358344]; y=[181.529171 -1.257377 181.554431 181.529171]; plot(x,y); hold on;

---- Matlab B-Sys Optimized ----
x=[0.164975 228.156232 0.402058 0.164975]; y=[-1.406759 -1.381935 181.405049 -1.406759]; plot(x,y); hold on;
x=[0.402058 228.156232 228.393315 0.402058]; y=[181.405049 -1.381935 181.429873 181.405049]; plot(x,y); hold on;
x=[228.156232 456.147489 228.393315 228.156232]; y=[-1.381935 -1.357110 181.429873 -1.381935]; plot(x,y); hold on;
x=[228.393315 456.147489 456.384572 228.393315]; y=[181.429873 -1.357110 181.454697 181.429873]; plot(x,y); hold on;
x=[456.147489 684.138747 456.384572 456.147489]; y=[-1.357110 -1.332286 181.454697 -1.357110]; plot(x,y); hold on;
x=[456.384572 684.138747 684.375829 456.384572]; y=[181.454697 -1.332286 181.479522 181.454697]; plot(x,y); hold on;
x=[684.138747 912.130004 684.375829 684.138747]; y=[-1.332286 -1.307461 181.479522 -1.332286]; plot(x,y); hold on;
x=[684.375829 912.130004 912.367087 684.375829]; y=[181.479522 -1.307461 181.504346 181.479522]; plot(x,y); hold on;
x=[912.130004 1140.121261 912.367087 912.130004]; y=[-1.307461 -1.282637 181.504346 -1.307461]; plot(x,y); hold on;
x=[912.367087 1140.121261 1140.358344 912.367087]; y=[181.504346 -1.282637 181.529171 181.504346]; plot(x,y); hold on;
x=[1140.121261 1372.112365 1140.358344 1140.121261]; y=[-1.282637 -1.257377 181.529171 -1.282637]; plot(x,y); hold on;
x=[1140.358344 1372.112365 1372.349448 1140.358344]; y=[181.529171 -1.257377 181.554431 181.529171]; plot(x,y); hold on;

---- Deltas ----
id=     0: dx=    0.00 dy=    0.00 d=    0.00
id=     1: dx=    0.00 dy=    0.00 d=    0.00
id=     2: dx=    0.00 dy=    0.00 d=    0.00
id=     3: dx=    0.00 dy=    0.00 d=    0.00
id=     4: dx=    0.00 dy=    0.00 d=    0.00
id=     5: dx=    0.00 dy=    0.00 d=    0.00
id=     6: dx=    0.00 dy=    0.00 d=    0.00
id=     7: dx=    0.00 dy=    0.00 d=    0.00
id=     8: dx=    0.00 dy=    0.00 d=    0.00
id=     9: dx=    0.00 dy=    0.00 d=    0.00
id=    10: dx=    0.00 dy=    0.00 d=    0.00
id=    11: dx=    0.00 dy=    0.00 d=    0.00
id=    12: dx=    0.00 dy=    0.00 d=    0.00
id=    13: dx=    0.00 dy=    0.00 d=    0.00

---- Areas ----
Triangle 0, area was    20862.0, is    20839.7,   -0.1%
Triangle 1, area was    20862.0, is    20839.7,   -0.1%
Triangle 2, area was    20862.0, is    20839.7,   -0.1%
Triangle 3, area was    20862.0, is    20839.7,   -0.1%
Triangle 4, area was    20862.0, is    20839.7,   -0.1%
Triangle 5, area was    20862.0, is    20839.7,   -0.1%
Triangle 6, area was    20862.0, is    20839.7,   -0.1%
Triangle 7, area was    20862.0, is    20839.7,   -0.1%
Triangle 8, area was    20862.0, is    20839.7,   -0.1%
Triangle 9, area was    20862.0, is    20839.7,   -0.1%
Triangle 10, area was    21228.0, is    21205.4,   -0.1%
Triangle 11, area was    21228.0, is    21205.4,   -0.1%
Combined: area was   251076.0, is   250808.1,   -0.1%

---- Transforms ----
 1.0000  0.0013    -3.94    0.0001  0.9990  -856.53
 1.0000  0.0013    -3.94    0.0001  0.9990  -856.53
 1.0000  0.0013    -3.94    0.0001  0.9990  -856.53
 1.0000  0.0013    -3.94    0.0001  0.9990  -856.53
 1.0000  0.0013    -3.94    0.0001  0.9990  -856.53
 1.0000  0.0013    -3.94    0.0001  0.9990  -856.53
 1.0000  0.0013    -3.94    0.0001  0.9990  -856.53
 1.0000  0.0013    -3.94    0.0001  0.9990  -856.53
 1.0000  0.0013    -3.94    0.0001  0.9990  -856.53
 1.0000  0.0013    -3.94    0.0001  0.9990  -856.53
 1.0000  0.0013    -3.94    0.0001  0.9990  -856.53
 1.0000  0.0013    -3.94    0.0001  0.9990  -856.53

---- QC - deformable ----
Remapping 1431040 points.
Metrics: DEF: Mean square difference 0.236275
Metrics: DEF: Smallest footprint deg=0, area=248332
MetricImages: Range x 3 1375, y 858 1039, use Nx=1374, Ny=182
Approximate EM metric 0.052663 for 250068 points.
All points, deformable, dfm 0.052663

Metrics: TRI: Mean square difference 0.135673
Metrics: TRI: Smallest footprint deg=0, area=40725
MetricImages: Range x 3 228, y 858 1039, use Nx=226, Ny=182
Approximate EM metric 0.028316 for 41132 points.
%Yellow: Tol   1.05  red   29.6  yellow   42.4  green   28.0
%Yellow: Tol   1.10  red   15.8  yellow   70.2  green   14.1
%Yellow: Tol   1.15  red    8.5  yellow   83.9  green    7.7
%Yellow: Tol   1.20  red    4.7  yellow   90.5  green    4.8
%Yellow: Tol   1.25  red    2.8  yellow   94.0  green    3.2
Triangle 0: 20614 points, corr 0.932115, fm 0.028316, yellow 0.94

Metrics: TRI: Mean square difference 0.096888
Metrics: TRI: Smallest footprint deg=0, area=41087
MetricImages: Range x 4 231, y 858 1039, use Nx=228, Ny=182
Approximate EM metric 0.017302 for 41496 points.
%Yellow: Tol   1.05  red   25.6  yellow   48.9  green   25.5
%Yellow: Tol   1.10  red   13.7  yellow   75.0  green   11.3
%Yellow: Tol   1.15  red    7.4  yellow   86.9  green    5.8
%Yellow: Tol   1.20  red    4.1  yellow   92.5  green    3.4
%Yellow: Tol   1.25  red    2.3  yellow   95.4  green    2.3
Triangle 1: 21064 points, corr 0.951509, fm 0.017302, yellow 0.95

Metrics: TRI: Mean square difference 0.257626
Metrics: TRI: Smallest footprint deg=0, area=40320
MetricImages: Range x 232 456, y 858 1038, use Nx=226, Ny=182
Approximate EM metric 0.021337 for 41132 points.
%Yellow: Tol   1.05  red   32.4  yellow   39.1  green   28.5
%Yellow: Tol   1.10  red   20.2  yellow   63.7  green   16.1
%Yellow: Tol   1.15  red   13.0  yellow   76.5  green   10.5
%Yellow: Tol   1.20  red    8.3  yellow   84.0  green    7.6
%Yellow: Tol   1.25  red    5.7  yellow   88.3  green    5.9
Triangle 2: 20432 points, corr 0.871138, fm 0.021337, yellow 0.88

Metrics: TRI: Mean square difference 0.437365
Metrics: TRI: Smallest footprint deg=0, area=41087
MetricImages: Range x 232 459, y 858 1039, use Nx=228, Ny=182
Approximate EM metric 0.029063 for 41496 points.
%Yellow: Tol   1.05  red   36.3  yellow   29.9  green   33.8
%Yellow: Tol   1.10  red   25.2  yellow   52.9  green   21.9
%Yellow: Tol   1.15  red   17.9  yellow   67.5  green   14.6
%Yellow: Tol   1.20  red   12.9  yellow   76.5  green   10.6
%Yellow: Tol   1.25  red    9.6  yellow   82.2  green    8.2
Triangle 3: 21064 points, corr 0.781270, fm 0.029063, yellow 0.82

Metrics: TRI: Mean square difference 0.351211
Metrics: TRI: Smallest footprint deg=0, area=40320
MetricImages: Range x 460 684, y 858 1038, use Nx=226, Ny=182
Approximate EM metric 0.031716 for 41132 points.
%Yellow: Tol   1.05  red   34.3  yellow   34.6  green   31.1
%Yellow: Tol   1.10  red   22.6  yellow   58.6  green   18.9
%Yellow: Tol   1.15  red   15.2  yellow   72.5  green   12.3
%Yellow: Tol   1.20  red   10.8  yellow   80.1  green    9.1
%Yellow: Tol   1.25  red    8.1  yellow   84.6  green    7.3
Triangle 4: 20432 points, corr 0.824346, fm 0.031716, yellow 0.85

Metrics: TRI: Mean square difference 0.224994
Metrics: TRI: Smallest footprint deg=0, area=41087
MetricImages: Range x 460 687, y 858 1039, use Nx=228, Ny=182
Approximate EM metric 0.029759 for 41496 points.
%Yellow: Tol   1.05  red   34.4  yellow   35.2  green   30.4
%Yellow: Tol   1.10  red   21.2  yellow   60.9  green   17.8
%Yellow: Tol   1.15  red   12.3  yellow   76.4  green   11.3
%Yellow: Tol   1.20  red    7.5  yellow   84.7  green    7.7
%Yellow: Tol   1.25  red    4.8  yellow   89.5  green    5.7
Triangle 5: 21064 points, corr 0.887455, fm 0.029759, yellow 0.90

Metrics: TRI: Mean square difference 0.110521
Metrics: TRI: Smallest footprint deg=0, area=40320
MetricImages: Range x 688 912, y 858 1038, use Nx=226, Ny=182
Approximate EM metric 0.024414 for 41132 points.
%Yellow: Tol   1.05  red   28.3  yellow   47.6  green   24.1
%Yellow: Tol   1.10  red   14.1  yellow   74.1  green   11.8
%Yellow: Tol   1.15  red    6.4  yellow   86.5  green    7.1
%Yellow: Tol   1.20  red    2.9  yellow   92.5  green    4.6
%Yellow: Tol   1.25  red    1.3  yellow   95.4  green    3.3
Triangle 6: 20432 points, corr 0.944691, fm 0.024414, yellow 0.95

Metrics: TRI: Mean square difference 0.082753
Metrics: TRI: Smallest footprint deg=0, area=41087
MetricImages: Range x 688 915, y 858 1039, use Nx=228, Ny=182
Approximate EM metric 0.023394 for 41496 points.
%Yellow: Tol   1.05  red   23.3  yellow   58.9  green   17.8
%Yellow: Tol   1.10  red    8.3  yellow   83.0  green    8.7
%Yellow: Tol   1.15  red    3.3  yellow   90.9  green    5.8
%Yellow: Tol   1.20  red    1.6  yellow   94.4  green    4.0
%Yellow: Tol   1.25  red    0.8  yellow   96.3  green    2.9
Triangle 7: 21064 points, corr 0.958576, fm 0.023394, yellow 0.96

Metrics: TRI: Mean square difference 0.465898
Metrics: TRI: Smallest footprint deg=0, area=40320
MetricImages: Range x 916 1140, y 858 1038, use Nx=226, Ny=182
Approximate EM metric 0.032110 for 41132 points.
%Yellow: Tol   1.05  red   39.7  yellow   27.1  green   33.3
%Yellow: Tol   1.10  red   28.2  yellow   49.0  green   22.8
%Yellow: Tol   1.15  red   20.0  yellow   64.1  green   15.9
%Yellow: Tol   1.20  red   14.3  yellow   74.4  green   11.3
%Yellow: Tol   1.25  red   10.4  yellow   80.7  green    9.0
Triangle 8: 20432 points, corr 0.767002, fm 0.032110, yellow 0.81

Metrics: TRI: Mean square difference 0.215710
Metrics: TRI: Smallest footprint deg=0, area=41087
MetricImages: Range x 916 1143, y 858 1039, use Nx=228, Ny=182
Approximate EM metric 0.034130 for 41496 points.
%Yellow: Tol   1.05  red   31.3  yellow   44.4  green   24.3
%Yellow: Tol   1.10  red   17.3  yellow   68.4  green   14.4
%Yellow: Tol   1.15  red   10.5  yellow   80.6  green    8.9
%Yellow: Tol   1.20  red    6.7  yellow   86.8  green    6.5
%Yellow: Tol   1.25  red    4.6  yellow   90.2  green    5.2
Triangle 9: 21064 points, corr 0.892097, fm 0.034130, yellow 0.90

Metrics: TRI: Mean square difference 0.285801
Metrics: TRI: Smallest footprint deg=0, area=41040
MetricImages: Range x 1144 1372, y 858 1038, use Nx=230, Ny=182
Approximate EM metric 0.041820 for 41860 points.
%Yellow: Tol   1.05  red   36.4  yellow   31.4  green   32.1
%Yellow: Tol   1.10  red   24.6  yellow   56.4  green   19.0
%Yellow: Tol   1.15  red   15.9  yellow   71.9  green   12.2
%Yellow: Tol   1.20  red   10.1  yellow   81.3  green    8.6
%Yellow: Tol   1.25  red    6.3  yellow   87.2  green    6.5
Triangle 10: 20791 points, corr 0.857051, fm 0.041820, yellow 0.87

Metrics: TRI: Mean square difference 0.240918
Metrics: TRI: Smallest footprint deg=0, area=41811
MetricImages: Range x 1144 1375, y 858 1039, use Nx=232, Ny=182
Approximate EM metric 0.029018 for 42224 points.
%Yellow: Tol   1.05  red   35.4  yellow   35.0  green   29.6
%Yellow: Tol   1.10  red   22.3  yellow   59.7  green   18.0
%Yellow: Tol   1.15  red   13.7  yellow   74.7  green   11.7
%Yellow: Tol   1.20  red    8.1  yellow   83.7  green    8.2
%Yellow: Tol   1.25  red    4.7  yellow   89.2  green    6.1
Triangle 11: 21433 points, corr 0.879494, fm 0.029018, yellow 0.89


---- Final reports ----
STAT: Overall 249886 points, corr 0.8819, EMM 0.0527, weighted EMM 0.0285, cor+dfm 0.9345, weighted yellow 0.8944

Angle span: min, max, delta = -0.000594 -0.000594 0.000000
Mesh-Thm: 0.0000  0.0013     0.85    0.0001  0.0010     0.45 2x(LDR,LDC)=(0.20,200.00) -- OK.

Final remapping of 1431040 points.
Center 76.002690 914.594264:  1.0000  0.0013    -3.94    0.0001  0.9990  -856.53
Mapping region 1 xy= 76.002690 914.594264 to region 1 xy= 73.240776 57.135197
Center 143.096892 982.776905:  1.0000  0.0013    -3.94    0.0001  0.9990  -856.53
Mapping region 1 xy= 143.096892 982.776905 to region 1 xy= 140.420738 125.255026
Center 300.931856 912.129516:  1.0000  0.0013    -3.94    0.0001  0.9990  -856.53
Mapping region 1 xy= 300.931856 912.129516 to region 1 xy= 298.158124 54.697473
Center 369.142960 983.561049:  1.0000  0.0013    -3.94    0.0001  0.9990  -856.53
Mapping region 1 xy= 369.142960 983.561049 to region 1 xy= 366.459155 126.062975
Center 533.498610 915.794937:  1.0000  0.0013    -3.94    0.0001  0.9990  -856.53
Mapping region 1 xy= 533.498610 915.794937 to region 1 xy= 530.720709 58.384446
Center 605.904614 980.044859:  1.0000  0.0013    -3.94    0.0001  0.9990  -856.53
Mapping region 1 xy= 605.904614 980.044859 to region 1 xy= 603.207175 122.576179
Center 757.161455 912.313799:  1.0000  0.0013    -3.94    0.0001  0.9990  -856.53
Mapping region 1 xy= 757.161455 912.313799 to region 1 xy= 754.370468 54.931241
Center 834.777824 979.694426:  1.0000  0.0013    -3.94    0.0001  0.9990  -856.53
Mapping region 1 xy= 834.777824 979.694426 to region 1 xy= 832.071155 122.251026
Center 986.789828 913.620783:  1.0000  0.0013    -3.94    0.0001  0.9990  -856.53
Mapping region 1 xy= 986.789828 913.620783 to region 1 xy= 983.991729 56.261883
Center 1059.743565 980.912122:  1.0000  0.0013    -3.94    0.0001  0.9990  -856.53
Mapping region 1 xy= 1059.743565 980.912122 to region 1 xy= 1057.029846 123.491964
Center 1215.470065 913.163887:  1.0000  0.0013    -3.94    0.0001  0.9990  -856.53
Mapping region 1 xy= 1215.470065 913.163887 to region 1 xy= 1212.662605 55.830355
Center 1292.024667 980.225185:  1.0000  0.0013    -3.94    0.0001  0.9990  -856.53
Mapping region 1 xy= 1292.024667 980.225185 to region 1 xy= 1289.301151 122.831024

Pipe: Returning 12 total transforms.

---- Summary Region-region results ----
Pipe: Table Headers {Az t r Bz t r thmok ntri}
FOUND:     1    8   1      1    7   1   1  12

---- Tabulating point matches ----
Tabulate: Rgn 1 -> 1: Keeping 12 of 12 point-pairs.

Timer: Alignment took 1.440 seconds.

main: Got 12 mapping regions.
main: Transform   0:  1.0000  0.0013    -3.94    0.0001  0.9990  -856.53
main: Transform   1:  1.0000  0.0013    -3.94    0.0001  0.9990  -856.53
main: Transform   2:  1.0000  0.0013    -3.94    0.0001  0.9990  -856.53
main: Transform   3:  1.0000  0.0013    -3.94    0.0001  0.9990  -856.53
main: Transform   4:  1.0000  0.0013    -3.94    0.0001  0.9990  -856.53
main: Transform   5:  1.0000  0.0013    -3.94    0.0001  0.9990  -856.53
main: Transform   6:  1.0000  0.0013    -3.94    0.0001  0.9990  -856.53
main: Transform   7:  1.0000  0.0013    -3.94    0.0001  0.9990  -856.53
main: Transform   8:  1.0000  0.0013    -3.94    0.0001  0.9990  -856.53
main: Transform   9:  1.0000  0.0013    -3.94    0.0001  0.9990  -856.53
main: Transform  10:  1.0000  0.0013    -3.94    0.0001  0.9990  -856.53
main: Transform  11:  1.0000  0.0013    -3.94    0.0001  0.9990  -856.53

main: Average:  1.0000  0.0013     0.00    0.0001  0.9990     0.00
main: Degrees: -0.0340133
main: Residue:  1.0000  0.0007     0.00    0.0007  0.9990     0.00

main: Inverse:  1.0000 -0.0013    -0.00   -0.0001  1.0010    -0.00
main: Degrees: 0.0340133
main: Residue:  1.0000 -0.0007     0.00   -0.0007  1.0010     0.00

main: Normal completion for dmesh run.
Timer: Total took 1.720 seconds.

---- Memory ----
Host name: h07u29.int.janelia.org
PID:       34893
User time:       1 seconds.
System time:     0 seconds.
VmPeak:	  380068 kB
VmSize:	  220656 kB
VmLck:	       0 kB
VmPin:	       0 kB
VmHWM:	  216768 kB
VmRSS:	   56928 kB
VmData:	   51260 kB
VmStk:	     164 kB
VmExe:	     832 kB
VmLib:	   85564 kB
VmPTE:	     352 kB
VmSwap:	       0 kB
voluntary_ctxt_switches:	16
nonvoluntary_ctxt_switches:	22

