
---- dmesh start ----
main: Start: Fri Sep 30 13:13:14 2016


---- Match parameters ----
PXBRO=2            <default 2>        "Max Legendre poly order for bkg removal"
PXLENS=N           <default N>        "Y=Apply IDB/lens.txt"
PXRESMSK=N         <default N>        "Y=Apply resin mask"
PXDOG=N            <default N>        "Y=Apply DoG filter"
PXDOG_R1=3         <default 3>        "DoG inner radius"
PXDOG_R2=6         <default 6>        "DoG outer radius"
FLD=N              <default X>        "Mask usage: Y=Use, N=None, X=XL only"
PRETWEAK=N         <default N>        "Y=Auto-distort before angle scan"
SCALE=1            <default 1.0>      "Image-B / image-A scale factor"
XSCALE=1           <default 1.0>      "Image-B / image-A x-axis scale factor"
YSCALE=1           <default 1.0>      "Image-B / image-A y-axis scale factor"
SKEW=0             <default 0.0>      "Transform elem[3] user-applied distortion"
MODE_SL=M          <default Z>        "Notes above"
MODE_XL=N          <default Y>        "Notes above"
TAB2DFM_SL=N       <default Y>        "Adopt Tdfm from Tab"
TAB2DFM_XL=Y       <default Y>        "Adopt Tdfm from Tab"
XYCONF_SL=1.0      <default 0.0>      "[0,1.0] confidence in Tab XY"
XYCONF_XL=0.8      <default 0.0>      "[0,1.0] confidence in Tab XY"
THMDEC_SL=8        <default 8>        "2^N thumb decimation factor"
THMDEC_XL=8        <default 8>        "2^N thumb decimation factor"
OLAP1D_SL=0        <default 0>        "Min 1D pix full-size overlap"
OLAP1D_XL=0        <default 0>        "Min 1D pix full-size overlap"
OLAP2D_SL=60000    <default 25000>    "Min 2D pix full-size overlap"
OLAP2D_XL=160000   <default 200000>   "Min 2D pix full-size overlap"
NBMXHT_SL=0.75     <default 0.75>     "Max F(neib)/F(pk) in guard zone"
NBMXHT_XL=0.75     <default 0.75>     "Max F(neib)/F(pk) in guard zone"
HFANGDN_SL=5       <default 5.0>      "Half angle search range denovo"
HFANGDN_XL=45      <default 45.0>     "Half angle search range denovo"
HFANGPR_SL=1       <default 1.0>      "Half angle search range prior angles"
HFANGPR_XL=4       <default 1.0>      "Half angle search range prior angles"
RTRSH_SL=0.3       <default 0.3>      "R corr thresh"
RTRSH_XL=0.3       <default 0.3>      "R corr thresh"
TWEAKS=N           <default N>        "Y=Try 8 near unity distortions"
LIMXY_SL=30        <default 0>        "0 or Max XY delta from Tab"
LIMXY_XL=80        <default 0>        "0 or Max XY delta from Tab"
WTHMPR=Y           <default Y>        "Y=Write ThmPair_a^b.txt entries"
OPT_SL=Y           <default Y(EM)>    "Y=Enable mesh optimizer"
RIT_SL=0.50        <default 0.20>     "Min mesh starting corr"
RIT_XL=0.1         <default 0.20>     "Min mesh starting corr"
RFA_SL=0.55        <default 0.3>      "Affine-only final corr"
RFA_XL=0.20        <default 0.3>      "Affine-only final corr"
RFT_SL=0.65        <default 0.5>      "Full mesh final corr"
RFT_XL=0.25        <default 0.5>      "Full mesh final corr"
TMC=5              <default 30.0%>    "Max single triangle area change"
TSC=9              <default 9.0%>     "Max summed triangle area change"
MNL=250            <default 300>      "Triangle edges between MNL and 2*MNL"
MTA=120000         <default 10000>    "Min triangle size (pixels)"
MMA=60000          <default 100000>   "Min 2D overlap for mesh"
ONE=N              <default N>        "Y=Use just one affine transform"
IFM=0.50           <default 0.50>     "Min Fourier Metric after affine-only"
FFM=0.65           <default 0.65>     "Min Fourier Metric after full mesh"
FYL=0.5            <default 0.50>     "Min fraction of yellow pixels"
CPD=0.5            <default 0.50>     "Min Correlation + DFM"
EMM=Y              <default Y>        "Y=Use Earth Mover's Metric, N=Use Fourier"
EMT=0.14           <default 0.2>      "Earth Movers Metric thresh"
WDI=N              <default N>        "Y=Write diff images (Fourier, EMM metrics)"
LDA=0.2            <default 0.2>      "Max radian delta between triangles"
LDR=0.1            <default 0.1>      "Max sine delta between triangles"
LDC=100            <default 100.0>    "Max XY delta between triangles"
DXY=100            <default 100.0>    "Max delta from user input XYs"
WMT=N              <default Y>        "Y=Write map.tif files"
WTT=N              <default Y>        "Y=Write tf.txt files"


---- Input images ----
Til2Img entry: A T=[ 1.0000  0.0000  1142.00  0.0000  1.0000  3428.00] path=[/groups/apig/tomo/DEMO/TIF/B1_4_2.tif].
Til2Img entry: B T=[ 1.0000  0.0000  1142.00  0.0000  1.0000  2571.00] path=[/groups/apig/tomo/DEMO/TIF/B1_3_2.tif].


---- Command-line overrides ----
Tdfm= 1.0000  0.0000     0.00    0.0000  1.0000     0.00
FLD=N
MODE=N (was M)
CTR=0


---- Image loading ----
Raster8FromTif: Opening [/groups/apig/tomo/DEMO/TIF/B1_4_2.tif].
Raster8FromTif: Bits per sample 8, samples per pixel 1
Raster8FromTif: Picture is 1376 by 1040, 1431040 pixels total.
TIF(8): Last Encoded strip had 1376 bytes.
Raster8FromTif: Opening [/groups/apig/tomo/DEMO/TIF/B1_3_2.tif].
Raster8FromTif: Bits per sample 8, samples per pixel 1
Raster8FromTif: Picture is 1376 by 1040, 1431040 pixels total.
TIF(8): Last Encoded strip had 1376 bytes.
PixPair: Using image scale=1.
Timer: Image conditioning took 0.270 seconds.

---- Foldmaps ----

---- Connected regions ----
Forcing single connected region.

---- Begin A-1 to B-1 ----

---- Thumbnail matching ----
Subimage: Using intersection, w=1376, h=183, pix=251808
Thumbs: After decimation 3956 pts, reqArea 937, thmscl 8
SetDisc( 0, 0, 3, 3 )
Initial: R= 2.268, A=   0.000, X=    0.23, Y=    0.78
Peak-Disc: dR 6 dX 1 dY 6
Approx: LowRes  R=2.268, X=1.858, Y=6.252
Approx: FullRes R=0.640, X=3.070, Y=6.973, use=Y.
Timer: FinishAtFullRes took 0.250 seconds.
Approx: Returning A=0.000000, R=2.267776, X=3.069973, Y=863.972621
Approx: Best transform  1.0000  0.0000     3.07    0.0000  1.0000   863.97
Approx: Orig transform  1.0000  0.0000     0.00    0.0000  1.0000   857.00
Approx: Idnt transform  1.0000  0.0000     3.07    0.0000  1.0000     6.97
Approx: err = 7.61854, max = 30

---- Starting detailed region mapping ----
Roughly 243021 pixels map to B.
Region size is [0 1372] in x, [0 176] in y.

---- Building mesh - affine ----
Computed simple triangle.

---- ImproveMesh - affine ----
Tri: (0 0) (1372 0) (686 176).

---- Matlab Vertices ----
x=[0 1372 686 0]; y=[0 0 176 0]; plot(x,y); hold on;

---- ImproveControlPts ----
STAT: ImproveCpt: Initial affine correlation 0.886017 (243021 pixels).
corr=0.886017	step=10.000000
corr=0.886017	step=5.000000
corr=0.886017	step=2.500000
corr=0.886732	step=2.500000
corr=0.889460	step=2.500000
corr=0.889460	step=1.250000
corr=0.893967	step=1.250000
corr=0.895507	step=1.250000
corr=0.896508	step=1.250000
corr=0.897508	step=1.250000
corr=0.897508	step=0.625000
corr=0.897508	step=0.312500
corr=0.897508	step=0.156250
corr=0.897508	step=0.078125
STAT: ImproveCpt: Final affine correlation 0.897508, (threshold 0.550000).

---- Matlab A-Sys Originals ----
x=[0.000000 1372.000000 686.000000 0.000000]; y=[0.000000 0.000000 176.000000 0.000000]; plot(x,y); hold on;

---- Matlab B-Sys Originals ----
x=[3.069973 1375.069973 689.069973 3.069973]; y=[863.972621 863.972621 1039.972621 863.972621]; plot(x,y); hold on;

---- Matlab B-Sys Optimized ----
x=[2.110558 1375.391088 689.266052 2.110558]; y=[864.004800 864.364693 1040.599286 864.004800]; plot(x,y); hold on;

---- Deltas ----
id=     0: dx=   -0.96 dy=    0.03 d=    0.96
id=     1: dx=    0.32 dy=    0.39 d=    0.51
id=     2: dx=    0.20 dy=    0.63 d=    0.66

---- Areas ----
Triangle 0, area was   120736.0, is   121133.2,    0.3%
Combined: area was   120736.0, is   121133.2,    0.3%

---- Transforms ----
 1.0009  0.0029     2.11    0.0003  1.0024   864.00
Best affine transform:  1.0009  0.0029     2.11    0.0003  1.0024   864.00
    Inverse transform:  0.9991 -0.0029     0.41   -0.0003  0.9977  -861.97

---- QC - affine ----
Metrics: AFF: Mean square difference 0.202138
Metrics: AFF: Smallest footprint deg=0, area=238554
MetricImages: Range x 0 1371, y 0 174, use Nx=1372, Ny=176
Approximate EM metric 0.071333 for 241472 points.
%Yellow: Tol   1.05  red   29.7  yellow   33.7  green   36.6
%Yellow: Tol   1.10  red   20.3  yellow   59.3  green   20.4
%Yellow: Tol   1.15  red   14.1  yellow   74.8  green   11.1
%Yellow: Tol   1.20  red   10.3  yellow   82.3  green    7.4
%Yellow: Tol   1.25  red    8.0  yellow   86.9  green    5.1
Affine Triangle: 240100 points, corr 0.898927, fm 0.071333, yellow 0.87

---- Building mesh - deformable ----
Lx Dx Nx:  1372   228.00   6
Ly Dy Ny:   176   176.00   1

STAT: From 243021 pts, got 12 triangles, 14 control points.
Timer: MeshCreate took 0.010 seconds.

---- ImproveMesh - deformable mesh ----
Tri: (0 0) (228 0) (0 176).
Tri: (0 176) (228 0) (228 176).
Tri: (228 0) (456 0) (228 176).
Tri: (228 176) (456 0) (456 176).
Tri: (456 0) (684 0) (456 176).
Tri: (456 176) (684 0) (684 176).
Tri: (684 0) (912 0) (684 176).
Tri: (684 176) (912 0) (912 176).
Tri: (912 0) (1140 0) (912 176).
Tri: (912 176) (1140 0) (1140 176).
Tri: (1140 0) (1372 0) (1140 176).
Tri: (1140 176) (1372 0) (1372 176).

---- Matlab Vertices ----
x=[0 228 0 0]; y=[0 0 176 0]; plot(x,y); hold on;
x=[0 228 228 0]; y=[176 0 176 176]; plot(x,y); hold on;
x=[228 456 228 228]; y=[0 0 176 0]; plot(x,y); hold on;
x=[228 456 456 228]; y=[176 0 176 176]; plot(x,y); hold on;
x=[456 684 456 456]; y=[0 0 176 0]; plot(x,y); hold on;
x=[456 684 684 456]; y=[176 0 176 176]; plot(x,y); hold on;
x=[684 912 684 684]; y=[0 0 176 0]; plot(x,y); hold on;
x=[684 912 912 684]; y=[176 0 176 176]; plot(x,y); hold on;
x=[912 1140 912 912]; y=[0 0 176 0]; plot(x,y); hold on;
x=[912 1140 1140 912]; y=[176 0 176 176]; plot(x,y); hold on;
x=[1140 1372 1140 1140]; y=[0 0 176 0]; plot(x,y); hold on;
x=[1140 1372 1372 1140]; y=[176 0 176 176]; plot(x,y); hold on;

---- ImproveControlPts ----
STAT: ImproveCpt: Initial deformable mesh correlation 0.897508 (243021 pixels).
corr=0.897508	step=10.000000
corr=0.897508	step=5.000000
corr=0.897508	step=2.500000
corr=0.897508	step=1.250000
corr=0.897508	step=0.625000
STAT: ImproveCpt: Final deformable mesh correlation 0.897508, (threshold 0.650000).

---- Matlab A-Sys Originals ----
x=[0.000000 228.000000 0.000000 0.000000]; y=[0.000000 0.000000 176.000000 0.000000]; plot(x,y); hold on;
x=[0.000000 228.000000 228.000000 0.000000]; y=[176.000000 0.000000 176.000000 176.000000]; plot(x,y); hold on;
x=[228.000000 456.000000 228.000000 228.000000]; y=[0.000000 0.000000 176.000000 0.000000]; plot(x,y); hold on;
x=[228.000000 456.000000 456.000000 228.000000]; y=[176.000000 0.000000 176.000000 176.000000]; plot(x,y); hold on;
x=[456.000000 684.000000 456.000000 456.000000]; y=[0.000000 0.000000 176.000000 0.000000]; plot(x,y); hold on;
x=[456.000000 684.000000 684.000000 456.000000]; y=[176.000000 0.000000 176.000000 176.000000]; plot(x,y); hold on;
x=[684.000000 912.000000 684.000000 684.000000]; y=[0.000000 0.000000 176.000000 0.000000]; plot(x,y); hold on;
x=[684.000000 912.000000 912.000000 684.000000]; y=[176.000000 0.000000 176.000000 176.000000]; plot(x,y); hold on;
x=[912.000000 1140.000000 912.000000 912.000000]; y=[0.000000 0.000000 176.000000 0.000000]; plot(x,y); hold on;
x=[912.000000 1140.000000 1140.000000 912.000000]; y=[176.000000 0.000000 176.000000 176.000000]; plot(x,y); hold on;
x=[1140.000000 1372.000000 1140.000000 1140.000000]; y=[0.000000 0.000000 176.000000 0.000000]; plot(x,y); hold on;
x=[1140.000000 1372.000000 1372.000000 1140.000000]; y=[176.000000 0.000000 176.000000 176.000000]; plot(x,y); hold on;

---- Matlab B-Sys Originals ----
x=[2.110558 230.323357 2.625787 2.110558]; y=[864.004800 864.064607 1040.419339 864.004800]; plot(x,y); hold on;
x=[2.625787 230.323357 230.838586 2.625787]; y=[1040.419339 864.064607 1040.479147 1040.419339]; plot(x,y); hold on;
x=[230.323357 458.536157 230.838586 230.323357]; y=[864.064607 864.124415 1040.479147 864.064607]; plot(x,y); hold on;
x=[230.838586 458.536157 459.051386 230.838586]; y=[1040.479147 864.124415 1040.538954 1040.479147]; plot(x,y); hold on;
x=[458.536157 686.748956 459.051386 458.536157]; y=[864.124415 864.184222 1040.538954 864.124415]; plot(x,y); hold on;
x=[459.051386 686.748956 687.264185 459.051386]; y=[1040.538954 864.184222 1040.598761 1040.538954]; plot(x,y); hold on;
x=[686.748956 914.961756 687.264185 686.748956]; y=[864.184222 864.244029 1040.598761 864.184222]; plot(x,y); hold on;
x=[687.264185 914.961756 915.476985 687.264185]; y=[1040.598761 864.244029 1040.658569 1040.598761]; plot(x,y); hold on;
x=[914.961756 1143.174555 915.476985 914.961756]; y=[864.244029 864.303837 1040.658569 864.244029]; plot(x,y); hold on;
x=[915.476985 1143.174555 1143.689784 915.476985]; y=[1040.658569 864.303837 1040.718376 1040.658569]; plot(x,y); hold on;
x=[1143.174555 1375.391088 1143.689784 1143.174555]; y=[864.303837 864.364693 1040.718376 864.303837]; plot(x,y); hold on;
x=[1143.689784 1375.391088 1375.906317 1143.689784]; y=[1040.718376 864.364693 1040.779233 1040.718376]; plot(x,y); hold on;

---- Matlab B-Sys Optimized ----
x=[2.110558 230.323357 2.625787 2.110558]; y=[864.004800 864.064607 1040.419339 864.004800]; plot(x,y); hold on;
x=[2.625787 230.323357 230.838586 2.625787]; y=[1040.419339 864.064607 1040.479147 1040.419339]; plot(x,y); hold on;
x=[230.323357 458.536157 230.838586 230.323357]; y=[864.064607 864.124415 1040.479147 864.064607]; plot(x,y); hold on;
x=[230.838586 458.536157 459.051386 230.838586]; y=[1040.479147 864.124415 1040.538954 1040.479147]; plot(x,y); hold on;
x=[458.536157 686.748956 459.051386 458.536157]; y=[864.124415 864.184222 1040.538954 864.124415]; plot(x,y); hold on;
x=[459.051386 686.748956 687.264185 459.051386]; y=[1040.538954 864.184222 1040.598761 1040.538954]; plot(x,y); hold on;
x=[686.748956 914.961756 687.264185 686.748956]; y=[864.184222 864.244029 1040.598761 864.184222]; plot(x,y); hold on;
x=[687.264185 914.961756 915.476985 687.264185]; y=[1040.598761 864.244029 1040.658569 1040.598761]; plot(x,y); hold on;
x=[914.961756 1143.174555 915.476985 914.961756]; y=[864.244029 864.303837 1040.658569 864.244029]; plot(x,y); hold on;
x=[915.476985 1143.174555 1143.689784 915.476985]; y=[1040.658569 864.303837 1040.718376 1040.658569]; plot(x,y); hold on;
x=[1143.174555 1375.391088 1143.689784 1143.174555]; y=[864.303837 864.364693 1040.718376 864.303837]; plot(x,y); hold on;
x=[1143.689784 1375.391088 1375.906317 1143.689784]; y=[1040.718376 864.364693 1040.779233 1040.718376]; plot(x,y); hold on;

---- Deltas ----
id=     0: dx=    0.00 dy=    0.00 d=    0.00
id=     1: dx=    0.00 dy=    0.00 d=    0.00
id=     2: dx=    0.00 dy=    0.00 d=    0.00
id=     3: dx=    0.00 dy=    0.00 d=    0.00
id=     4: dx=    0.00 dy=    0.00 d=    0.00
id=     5: dx=    0.00 dy=    0.00 d=    0.00
id=     6: dx=    0.00 dy=    0.00 d=    0.00
id=     7: dx=    0.00 dy=    0.00 d=    0.00
id=     8: dx=    0.00 dy=    0.00 d=    0.00
id=     9: dx=    0.00 dy=    0.00 d=    0.00
id=    10: dx=    0.00 dy=    0.00 d=    0.00
id=    11: dx=    0.00 dy=    0.00 d=    0.00
id=    12: dx=    0.00 dy=    0.00 d=    0.00
id=    13: dx=    0.00 dy=    0.00 d=    0.00

---- Areas ----
Triangle 0, area was    20064.0, is    20130.0,    0.3%
Triangle 1, area was    20064.0, is    20130.0,    0.3%
Triangle 2, area was    20064.0, is    20130.0,    0.3%
Triangle 3, area was    20064.0, is    20130.0,    0.3%
Triangle 4, area was    20064.0, is    20130.0,    0.3%
Triangle 5, area was    20064.0, is    20130.0,    0.3%
Triangle 6, area was    20064.0, is    20130.0,    0.3%
Triangle 7, area was    20064.0, is    20130.0,    0.3%
Triangle 8, area was    20064.0, is    20130.0,    0.3%
Triangle 9, area was    20064.0, is    20130.0,    0.3%
Triangle 10, area was    20416.0, is    20483.2,    0.3%
Triangle 11, area was    20416.0, is    20483.2,    0.3%
Combined: area was   241472.0, is   242266.5,    0.3%

---- Transforms ----
 1.0009  0.0029     2.11    0.0003  1.0024   864.00
 1.0009  0.0029     2.11    0.0003  1.0024   864.00
 1.0009  0.0029     2.11    0.0003  1.0024   864.00
 1.0009  0.0029     2.11    0.0003  1.0024   864.00
 1.0009  0.0029     2.11    0.0003  1.0024   864.00
 1.0009  0.0029     2.11    0.0003  1.0024   864.00
 1.0009  0.0029     2.11    0.0003  1.0024   864.00
 1.0009  0.0029     2.11    0.0003  1.0024   864.00
 1.0009  0.0029     2.11    0.0003  1.0024   864.00
 1.0009  0.0029     2.11    0.0003  1.0024   864.00
 1.0009  0.0029     2.11    0.0003  1.0024   864.00
 1.0009  0.0029     2.11    0.0003  1.0024   864.00

---- QC - deformable ----
Remapping 1431040 points.
Metrics: DEF: Mean square difference 0.202138
Metrics: DEF: Smallest footprint deg=0, area=238554
MetricImages: Range x 0 1371, y 0 174, use Nx=1372, Ny=176
Approximate EM metric 0.071333 for 241472 points.
All points, deformable, dfm 0.071333

Metrics: TRI: Mean square difference 0.417276
Metrics: TRI: Smallest footprint deg=0, area=39672
MetricImages: Range x 0 228, y 0 174, use Nx=230, Ny=176
Approximate EM metric 0.124441 for 40480 points.
%Yellow: Tol   1.05  red   32.5  yellow   29.4  green   38.1
%Yellow: Tol   1.10  red   25.1  yellow   47.2  green   27.7
%Yellow: Tol   1.15  red   20.2  yellow   59.4  green   20.4
%Yellow: Tol   1.20  red   16.9  yellow   68.2  green   14.9
%Yellow: Tol   1.25  red   14.3  yellow   74.7  green   10.9
Triangle 0: 20266 points, corr 0.791313, fm 0.124441, yellow 0.75

Metrics: TRI: Mean square difference 0.104141
Metrics: TRI: Smallest footprint deg=0, area=38925
MetricImages: Range x 3 228, y 1 174, use Nx=226, Ny=174
Approximate EM metric 0.058349 for 39324 points.
%Yellow: Tol   1.05  red   31.5  yellow   38.7  green   29.8
%Yellow: Tol   1.10  red   16.5  yellow   67.6  green   16.0
%Yellow: Tol   1.15  red    6.1  yellow   86.7  green    7.3
%Yellow: Tol   1.20  red    2.9  yellow   93.5  green    3.7
%Yellow: Tol   1.25  red    1.5  yellow   96.3  green    2.3
Triangle 1: 19809 points, corr 0.947879, fm 0.058349, yellow 0.96

Metrics: TRI: Mean square difference 0.517250
Metrics: TRI: Smallest footprint deg=0, area=39498
MetricImages: Range x 229 456, y 0 174, use Nx=228, Ny=176
Approximate EM metric 0.119712 for 40128 points.
%Yellow: Tol   1.05  red   41.1  yellow   18.9  green   40.0
%Yellow: Tol   1.10  red   32.2  yellow   36.1  green   31.6
%Yellow: Tol   1.15  red   25.1  yellow   50.6  green   24.2
%Yellow: Tol   1.20  red   19.1  yellow   61.8  green   19.1
%Yellow: Tol   1.25  red   14.4  yellow   70.1  green   15.5
Triangle 2: 20091 points, corr 0.741325, fm 0.119712, yellow 0.70

Metrics: TRI: Mean square difference 0.274415
Metrics: TRI: Smallest footprint deg=0, area=38925
MetricImages: Range x 231 456, y 1 174, use Nx=226, Ny=174
Approximate EM metric 0.065948 for 39324 points.
%Yellow: Tol   1.05  red   35.4  yellow   20.5  green   44.1
%Yellow: Tol   1.10  red   26.3  yellow   43.9  green   29.8
%Yellow: Tol   1.15  red   18.9  yellow   61.7  green   19.4
%Yellow: Tol   1.20  red   12.6  yellow   77.7  green    9.8
%Yellow: Tol   1.25  red    7.3  yellow   88.0  green    4.7
Triangle 3: 19809 points, corr 0.862742, fm 0.065948, yellow 0.88

Metrics: TRI: Mean square difference 0.179038
Metrics: TRI: Smallest footprint deg=0, area=39498
MetricImages: Range x 457 684, y 0 174, use Nx=228, Ny=176
Approximate EM metric 0.045905 for 40128 points.
%Yellow: Tol   1.05  red   28.9  yellow   42.2  green   28.9
%Yellow: Tol   1.10  red   17.0  yellow   69.5  green   13.5
%Yellow: Tol   1.15  red   10.2  yellow   81.5  green    8.3
%Yellow: Tol   1.20  red    6.0  yellow   88.0  green    6.0
%Yellow: Tol   1.25  red    4.1  yellow   91.3  green    4.7
Triangle 4: 20091 points, corr 0.910431, fm 0.045905, yellow 0.91

Metrics: TRI: Mean square difference 0.522305
Metrics: TRI: Smallest footprint deg=0, area=38925
MetricImages: Range x 459 684, y 1 174, use Nx=226, Ny=174
Approximate EM metric 0.028663 for 39324 points.
%Yellow: Tol   1.05  red   31.9  yellow   30.9  green   37.2
%Yellow: Tol   1.10  red   24.8  yellow   50.2  green   25.0
%Yellow: Tol   1.15  red   20.5  yellow   60.7  green   18.8
%Yellow: Tol   1.20  red   17.1  yellow   67.8  green   15.1
%Yellow: Tol   1.25  red   14.1  yellow   73.4  green   12.5
Triangle 5: 19809 points, corr 0.738797, fm 0.028663, yellow 0.73

Metrics: TRI: Mean square difference 0.361856
Metrics: TRI: Smallest footprint deg=0, area=39498
MetricImages: Range x 685 912, y 0 174, use Nx=228, Ny=176
Approximate EM metric 0.023096 for 40128 points.
%Yellow: Tol   1.05  red   30.3  yellow   36.0  green   33.7
%Yellow: Tol   1.10  red   23.0  yellow   55.1  green   21.9
%Yellow: Tol   1.15  red   18.4  yellow   64.7  green   16.9
%Yellow: Tol   1.20  red   15.2  yellow   71.8  green   13.1
%Yellow: Tol   1.25  red   12.5  yellow   77.0  green   10.5
Triangle 6: 20091 points, corr 0.819022, fm 0.023096, yellow 0.77

Metrics: TRI: Mean square difference 0.422511
Metrics: TRI: Smallest footprint deg=0, area=38925
MetricImages: Range x 687 912, y 1 174, use Nx=226, Ny=174
Approximate EM metric 0.035651 for 39324 points.
%Yellow: Tol   1.05  red   33.4  yellow   19.0  green   47.6
%Yellow: Tol   1.10  red   27.3  yellow   41.8  green   31.0
%Yellow: Tol   1.15  red   22.1  yellow   60.5  green   17.3
%Yellow: Tol   1.20  red   17.4  yellow   70.3  green   12.3
%Yellow: Tol   1.25  red   13.4  yellow   77.4  green    9.2
Triangle 7: 19809 points, corr 0.788694, fm 0.035651, yellow 0.77

Metrics: TRI: Mean square difference 0.450330
Metrics: TRI: Smallest footprint deg=0, area=39498
MetricImages: Range x 913 1140, y 0 174, use Nx=228, Ny=176
Approximate EM metric 0.031512 for 40128 points.
%Yellow: Tol   1.05  red   32.1  yellow   34.4  green   33.5
%Yellow: Tol   1.10  red   23.7  yellow   54.8  green   21.4
%Yellow: Tol   1.15  red   18.6  yellow   66.4  green   15.0
%Yellow: Tol   1.20  red   14.9  yellow   73.7  green   11.4
%Yellow: Tol   1.25  red   12.4  yellow   78.1  green    9.4
Triangle 8: 20091 points, corr 0.774785, fm 0.031512, yellow 0.78

Metrics: TRI: Mean square difference 0.187566
Metrics: TRI: Smallest footprint deg=0, area=38925
MetricImages: Range x 915 1140, y 1 174, use Nx=226, Ny=174
Approximate EM metric 0.025724 for 39324 points.
%Yellow: Tol   1.05  red   25.5  yellow   46.6  green   27.9
%Yellow: Tol   1.10  red   16.0  yellow   69.0  green   15.1
%Yellow: Tol   1.15  red   11.4  yellow   79.7  green    8.9
%Yellow: Tol   1.20  red    8.6  yellow   85.6  green    5.8
%Yellow: Tol   1.25  red    6.7  yellow   89.2  green    4.2
Triangle 9: 19809 points, corr 0.906167, fm 0.025724, yellow 0.89

Metrics: TRI: Mean square difference 0.117410
Metrics: TRI: Smallest footprint deg=0, area=40020
MetricImages: Range x 1141 1371, y 0 174, use Nx=232, Ny=176
Approximate EM metric 0.024335 for 40832 points.
%Yellow: Tol   1.05  red   22.3  yellow   52.8  green   24.9
%Yellow: Tol   1.10  red   12.0  yellow   75.8  green   12.2
%Yellow: Tol   1.15  red    7.9  yellow   85.3  green    6.7
%Yellow: Tol   1.20  red    5.5  yellow   90.4  green    4.1
%Yellow: Tol   1.25  red    4.1  yellow   93.0  green    2.9
Triangle 10: 20446 points, corr 0.941246, fm 0.024335, yellow 0.93

Metrics: TRI: Mean square difference 0.264579
Metrics: TRI: Smallest footprint deg=0, area=39444
MetricImages: Range x 1143 1371, y 1 174, use Nx=230, Ny=174
Approximate EM metric 0.021334 for 40020 points.
%Yellow: Tol   1.05  red   27.8  yellow   43.9  green   28.3
%Yellow: Tol   1.10  red   16.9  yellow   67.0  green   16.1
%Yellow: Tol   1.15  red   12.5  yellow   77.0  green   10.5
%Yellow: Tol   1.20  red   10.0  yellow   82.6  green    7.5
%Yellow: Tol   1.25  red    8.2  yellow   86.1  green    5.7
Triangle 11: 19979 points, corr 0.867661, fm 0.021334, yellow 0.86


---- Final reports ----
STAT: Overall 240100 points, corr 0.8975, EMM 0.0713, weighted EMM 0.0505, cor+dfm 0.9688, weighted yellow 0.8289

Angle span: min, max, delta = -0.001330 -0.001330 0.000000
Mesh-Thm: 0.0009  0.0029     0.96    0.0003  0.0024     0.03 2x(LDR,LDC)=(0.20,200.00) -- OK.

Final remapping of 1431040 points.
Center 73.002690 56.352953:  1.0009  0.0029     2.11    0.0003  1.0024   864.00
Mapping region 1 xy= 73.002690 56.352953 to region 1 xy= 75.346353 920.509633
Center 140.096892 121.927515:  1.0009  0.0029     2.11    0.0003  1.0024   864.00
Mapping region 1 xy= 140.096892 121.927515 to region 1 xy= 142.695142 986.256245
Center 297.931856 53.982485:  1.0009  0.0029     2.11    0.0003  1.0024   864.00
Mapping region 1 xy= 297.931856 53.982485 to region 1 xy= 300.478513 918.192584
Center 366.142960 122.681664:  1.0009  0.0029     2.11    0.0003  1.0024   864.00
Mapping region 1 xy= 366.142960 122.681664 to region 1 xy= 368.954394 987.071465
Center 530.498610 57.507699:  1.0009  0.0029     2.11    0.0003  1.0024   864.00
Mapping region 1 xy= 530.498610 57.507699 to region 1 xy= 533.272648 921.787105
Center 602.904614 119.299974:  1.0009  0.0029     2.11    0.0003  1.0024   864.00
Mapping region 1 xy= 602.904614 119.299974 to region 1 xy= 605.927125 983.743915
Center 754.161455 54.159720:  1.0009  0.0029     2.11    0.0003  1.0024   864.00
Mapping region 1 xy= 754.161455 54.159720 to region 1 xy= 757.134444 918.489910
Center 831.777824 118.962945:  1.0009  0.0029     2.11    0.0003  1.0024   864.00
Mapping region 1 xy= 831.777824 118.962945 to region 1 xy= 835.012963 983.466129
Center 983.789828 55.416710:  1.0009  0.0029     2.11    0.0003  1.0024   864.00
Mapping region 1 xy= 983.789828 55.416710 to region 1 xy= 986.980817 919.810095
Center 1056.743565 120.134063:  1.0009  0.0029     2.11    0.0003  1.0024   864.00
Mapping region 1 xy= 1056.743565 120.134063 to region 1 xy= 1060.192099 984.699016
Center 1212.470065 54.977291:  1.0009  0.0029     2.11    0.0003  1.0024   864.00
Mapping region 1 xy= 1212.470065 54.977291 to region 1 xy= 1215.873201 919.429627
Center 1289.024667 119.473402:  1.0009  0.0029     2.11    0.0003  1.0024   864.00
Mapping region 1 xy= 1289.024667 119.473402 to region 1 xy= 1292.688062 984.097730

Pipe: Returning 12 total transforms.

---- Summary Region-region results ----
Pipe: Table Headers {Az t r Bz t r thmok ntri}
FOUND:     1    4   1      1    3   1   1  12

---- Tabulating point matches ----
Tabulate: Rgn 1 -> 1: Keeping 12 of 12 point-pairs.

Timer: Alignment took 1.580 seconds.

main: Got 12 mapping regions.
main: Transform   0:  1.0009  0.0029     2.11    0.0003  1.0024   864.00
main: Transform   1:  1.0009  0.0029     2.11    0.0003  1.0024   864.00
main: Transform   2:  1.0009  0.0029     2.11    0.0003  1.0024   864.00
main: Transform   3:  1.0009  0.0029     2.11    0.0003  1.0024   864.00
main: Transform   4:  1.0009  0.0029     2.11    0.0003  1.0024   864.00
main: Transform   5:  1.0009  0.0029     2.11    0.0003  1.0024   864.00
main: Transform   6:  1.0009  0.0029     2.11    0.0003  1.0024   864.00
main: Transform   7:  1.0009  0.0029     2.11    0.0003  1.0024   864.00
main: Transform   8:  1.0009  0.0029     2.11    0.0003  1.0024   864.00
main: Transform   9:  1.0009  0.0029     2.11    0.0003  1.0024   864.00
main: Transform  10:  1.0009  0.0029     2.11    0.0003  1.0024   864.00
main: Transform  11:  1.0009  0.0029     2.11    0.0003  1.0024   864.00

main: Average:  1.0009  0.0029     0.00    0.0003  1.0024     0.00
main: Degrees: -0.0762248
main: Residue:  1.0009  0.0016     0.00    0.0016  1.0024     0.00

main: Inverse:  0.9991 -0.0029    -0.00   -0.0003  0.9977    -0.00
main: Degrees: 0.0762248
main: Residue:  0.9991 -0.0016     0.00   -0.0016  0.9977     0.00

main: Normal completion for dmesh run.
Timer: Total took 1.860 seconds.

---- Memory ----
Host name: h07u29.int.janelia.org
PID:       34856
User time:       1 seconds.
System time:     0 seconds.
VmPeak:	  380068 kB
VmSize:	  217292 kB
VmLck:	       0 kB
VmPin:	       0 kB
VmHWM:	  216780 kB
VmRSS:	   53660 kB
VmData:	   47896 kB
VmStk:	     164 kB
VmExe:	     832 kB
VmLib:	   85564 kB
VmPTE:	     352 kB
VmSwap:	       0 kB
voluntary_ctxt_switches:	341
nonvoluntary_ctxt_switches:	1513

