
---- dmesh start ----
main: Start: Fri Sep 30 13:13:15 2016


---- Match parameters ----
PXBRO=2            <default 2>        "Max Legendre poly order for bkg removal"
PXLENS=N           <default N>        "Y=Apply IDB/lens.txt"
PXRESMSK=N         <default N>        "Y=Apply resin mask"
PXDOG=N            <default N>        "Y=Apply DoG filter"
PXDOG_R1=3         <default 3>        "DoG inner radius"
PXDOG_R2=6         <default 6>        "DoG outer radius"
FLD=N              <default X>        "Mask usage: Y=Use, N=None, X=XL only"
PRETWEAK=N         <default N>        "Y=Auto-distort before angle scan"
SCALE=1            <default 1.0>      "Image-B / image-A scale factor"
XSCALE=1           <default 1.0>      "Image-B / image-A x-axis scale factor"
YSCALE=1           <default 1.0>      "Image-B / image-A y-axis scale factor"
SKEW=0             <default 0.0>      "Transform elem[3] user-applied distortion"
MODE_SL=M          <default Z>        "Notes above"
MODE_XL=N          <default Y>        "Notes above"
TAB2DFM_SL=N       <default Y>        "Adopt Tdfm from Tab"
TAB2DFM_XL=Y       <default Y>        "Adopt Tdfm from Tab"
XYCONF_SL=1.0      <default 0.0>      "[0,1.0] confidence in Tab XY"
XYCONF_XL=0.8      <default 0.0>      "[0,1.0] confidence in Tab XY"
THMDEC_SL=8        <default 8>        "2^N thumb decimation factor"
THMDEC_XL=8        <default 8>        "2^N thumb decimation factor"
OLAP1D_SL=0        <default 0>        "Min 1D pix full-size overlap"
OLAP1D_XL=0        <default 0>        "Min 1D pix full-size overlap"
OLAP2D_SL=60000    <default 25000>    "Min 2D pix full-size overlap"
OLAP2D_XL=160000   <default 200000>   "Min 2D pix full-size overlap"
NBMXHT_SL=0.75     <default 0.75>     "Max F(neib)/F(pk) in guard zone"
NBMXHT_XL=0.75     <default 0.75>     "Max F(neib)/F(pk) in guard zone"
HFANGDN_SL=5       <default 5.0>      "Half angle search range denovo"
HFANGDN_XL=45      <default 45.0>     "Half angle search range denovo"
HFANGPR_SL=1       <default 1.0>      "Half angle search range prior angles"
HFANGPR_XL=4       <default 1.0>      "Half angle search range prior angles"
RTRSH_SL=0.3       <default 0.3>      "R corr thresh"
RTRSH_XL=0.3       <default 0.3>      "R corr thresh"
TWEAKS=N           <default N>        "Y=Try 8 near unity distortions"
LIMXY_SL=30        <default 0>        "0 or Max XY delta from Tab"
LIMXY_XL=80        <default 0>        "0 or Max XY delta from Tab"
WTHMPR=Y           <default Y>        "Y=Write ThmPair_a^b.txt entries"
OPT_SL=Y           <default Y(EM)>    "Y=Enable mesh optimizer"
RIT_SL=0.50        <default 0.20>     "Min mesh starting corr"
RIT_XL=0.1         <default 0.20>     "Min mesh starting corr"
RFA_SL=0.55        <default 0.3>      "Affine-only final corr"
RFA_XL=0.20        <default 0.3>      "Affine-only final corr"
RFT_SL=0.65        <default 0.5>      "Full mesh final corr"
RFT_XL=0.25        <default 0.5>      "Full mesh final corr"
TMC=5              <default 30.0%>    "Max single triangle area change"
TSC=9              <default 9.0%>     "Max summed triangle area change"
MNL=250            <default 300>      "Triangle edges between MNL and 2*MNL"
MTA=120000         <default 10000>    "Min triangle size (pixels)"
MMA=60000          <default 100000>   "Min 2D overlap for mesh"
ONE=N              <default N>        "Y=Use just one affine transform"
IFM=0.50           <default 0.50>     "Min Fourier Metric after affine-only"
FFM=0.65           <default 0.65>     "Min Fourier Metric after full mesh"
FYL=0.5            <default 0.50>     "Min fraction of yellow pixels"
CPD=0.5            <default 0.50>     "Min Correlation + DFM"
EMM=Y              <default Y>        "Y=Use Earth Mover's Metric, N=Use Fourier"
EMT=0.14           <default 0.2>      "Earth Movers Metric thresh"
WDI=N              <default N>        "Y=Write diff images (Fourier, EMM metrics)"
LDA=0.2            <default 0.2>      "Max radian delta between triangles"
LDR=0.1            <default 0.1>      "Max sine delta between triangles"
LDC=100            <default 100.0>    "Max XY delta between triangles"
DXY=100            <default 100.0>    "Max delta from user input XYs"
WMT=N              <default Y>        "Y=Write map.tif files"
WTT=N              <default Y>        "Y=Write tf.txt files"


---- Input images ----
Til2Img entry: A T=[ 1.0000  0.0000  1142.00  0.0000  1.0000  2571.00] path=[/groups/apig/tomo/DEMO/TIF/B1_3_2.tif].
Til2Img entry: B T=[ 1.0000  0.0000  1142.00  0.0000  1.0000  1714.00] path=[/groups/apig/tomo/DEMO/TIF/B1_2_2.tif].


---- Command-line overrides ----
Tdfm= 1.0000  0.0000     0.00    0.0000  1.0000     0.00
FLD=N
MODE=N (was M)
CTR=0


---- Image loading ----
Raster8FromTif: Opening [/groups/apig/tomo/DEMO/TIF/B1_3_2.tif].
Raster8FromTif: Bits per sample 8, samples per pixel 1
Raster8FromTif: Picture is 1376 by 1040, 1431040 pixels total.
TIF(8): Last Encoded strip had 1376 bytes.
Raster8FromTif: Opening [/groups/apig/tomo/DEMO/TIF/B1_2_2.tif].
Raster8FromTif: Bits per sample 8, samples per pixel 1
Raster8FromTif: Picture is 1376 by 1040, 1431040 pixels total.
TIF(8): Last Encoded strip had 1376 bytes.
PixPair: Using image scale=1.
Timer: Image conditioning took 0.250 seconds.

---- Foldmaps ----

---- Connected regions ----
Forcing single connected region.

---- Begin A-1 to B-1 ----

---- Thumbnail matching ----
Subimage: Using intersection, w=1376, h=183, pix=251808
Thumbs: After decimation 3956 pts, reqArea 937, thmscl 8
SetDisc( 0, 0, 3, 3 )
Initial: R= 3.984, A=   0.000, X=    0.24, Y=   -0.07
Peak-Disc: dR 1 dX 1 dY 0
Approx: LowRes  R=3.984, X=1.915, Y=-0.566
Approx: FullRes R=1.074, X=2.900, Y=-1.822, use=Y.
Timer: FinishAtFullRes took 0.260 seconds.
Approx: Returning A=0.000000, R=3.984171, X=2.900144, Y=855.177693
Approx: Best transform  1.0000  0.0000     2.90    0.0000  1.0000   855.18
Approx: Orig transform  1.0000  0.0000     0.00    0.0000  1.0000   857.00
Approx: Idnt transform  1.0000  0.0000     2.90    0.0000  1.0000    -1.82
Approx: err = 3.42515, max = 30

---- Starting detailed region mapping ----
Roughly 254190 pixels map to B.
Region size is [0 1373] in x, [0 184] in y.

---- Building mesh - affine ----
Computed simple triangle.

---- ImproveMesh - affine ----
Tri: (0 0) (1373 0) (686 184).

---- Matlab Vertices ----
x=[0 1373 686 0]; y=[0 0 184 0]; plot(x,y); hold on;

---- ImproveControlPts ----
STAT: ImproveCpt: Initial affine correlation 0.818524 (254190 pixels).
corr=0.818524	step=10.000000
corr=0.818524	step=5.000000
corr=0.818524	step=2.500000
corr=0.818524	step=1.250000
corr=0.833742	step=1.250000
corr=0.833742	step=0.625000
corr=0.833742	step=0.312500
corr=0.833742	step=0.156250
corr=0.833742	step=0.078125
STAT: ImproveCpt: Final affine correlation 0.833742, (threshold 0.550000).

---- Matlab A-Sys Originals ----
x=[0.000000 1373.000000 686.000000 0.000000]; y=[0.000000 0.000000 184.000000 0.000000]; plot(x,y); hold on;

---- Matlab B-Sys Originals ----
x=[2.900144 1375.900144 688.900144 2.900144]; y=[855.177693 855.177693 1039.177693 855.177693]; plot(x,y); hold on;

---- Matlab B-Sys Optimized ----
x=[3.143322 1376.507739 689.543291 3.143322]; y=[854.761432 854.821484 1038.529314 854.761432]; plot(x,y); hold on;

---- Deltas ----
id=     0: dx=    0.24 dy=   -0.42 d=    0.48
id=     1: dx=    0.61 dy=   -0.36 d=    0.70
id=     2: dx=    0.64 dy=   -0.65 d=    0.91

---- Areas ----
Triangle 0, area was   126316.0, is   126169.5,   -0.1%
Combined: area was   126316.0, is   126169.5,   -0.1%

---- Transforms ----
 1.0003  0.0012     3.14    0.0000  0.9986   854.76
Best affine transform:  1.0003  0.0012     3.14    0.0000  0.9986   854.76
    Inverse transform:  0.9997 -0.0012    -2.13   -0.0000  1.0014  -855.98

---- QC - affine ----
Metrics: AFF: Mean square difference 0.332360
Metrics: AFF: Smallest footprint deg=0, area=252264
MetricImages: Range x 0 1371, y 0 184, use Nx=1372, Ny=186
Approximate EM metric 0.054444 for 255192 points.
%Yellow: Tol   1.05  red   33.6  yellow   30.8  green   35.7
%Yellow: Tol   1.10  red   24.8  yellow   50.2  green   25.0
%Yellow: Tol   1.15  red   18.7  yellow   62.4  green   18.9
%Yellow: Tol   1.20  red   14.0  yellow   71.2  green   14.8
%Yellow: Tol   1.25  red   10.5  yellow   77.2  green   12.3
Affine Triangle: 253820 points, corr 0.833816, fm 0.054444, yellow 0.77

---- Building mesh - deformable ----
Lx Dx Nx:  1373   228.00   6
Ly Dy Ny:   184   184.00   1

STAT: From 254190 pts, got 12 triangles, 14 control points.
Timer: MeshCreate took 0.020 seconds.

---- ImproveMesh - deformable mesh ----
Tri: (0 0) (228 0) (0 184).
Tri: (0 184) (228 0) (228 184).
Tri: (228 0) (456 0) (228 184).
Tri: (228 184) (456 0) (456 184).
Tri: (456 0) (684 0) (456 184).
Tri: (456 184) (684 0) (684 184).
Tri: (684 0) (912 0) (684 184).
Tri: (684 184) (912 0) (912 184).
Tri: (912 0) (1140 0) (912 184).
Tri: (912 184) (1140 0) (1140 184).
Tri: (1140 0) (1373 0) (1140 184).
Tri: (1140 184) (1373 0) (1373 184).

---- Matlab Vertices ----
x=[0 228 0 0]; y=[0 0 184 0]; plot(x,y); hold on;
x=[0 228 228 0]; y=[184 0 184 184]; plot(x,y); hold on;
x=[228 456 228 228]; y=[0 0 184 0]; plot(x,y); hold on;
x=[228 456 456 228]; y=[184 0 184 184]; plot(x,y); hold on;
x=[456 684 456 456]; y=[0 0 184 0]; plot(x,y); hold on;
x=[456 684 684 456]; y=[184 0 184 184]; plot(x,y); hold on;
x=[684 912 684 684]; y=[0 0 184 0]; plot(x,y); hold on;
x=[684 912 912 684]; y=[184 0 184 184]; plot(x,y); hold on;
x=[912 1140 912 912]; y=[0 0 184 0]; plot(x,y); hold on;
x=[912 1140 1140 912]; y=[184 0 184 184]; plot(x,y); hold on;
x=[1140 1373 1140 1140]; y=[0 0 184 0]; plot(x,y); hold on;
x=[1140 1373 1373 1140]; y=[184 0 184 184]; plot(x,y); hold on;

---- ImproveControlPts ----
STAT: ImproveCpt: Initial deformable mesh correlation 0.833742 (254190 pixels).
corr=0.833742	step=10.000000
corr=0.833742	step=5.000000
corr=0.833742	step=2.500000
corr=0.833742	step=1.250000
corr=0.833742	step=0.625000
STAT: ImproveCpt: Final deformable mesh correlation 0.833742, (threshold 0.650000).

---- Matlab A-Sys Originals ----
x=[0.000000 228.000000 0.000000 0.000000]; y=[0.000000 0.000000 184.000000 0.000000]; plot(x,y); hold on;
x=[0.000000 228.000000 228.000000 0.000000]; y=[184.000000 0.000000 184.000000 184.000000]; plot(x,y); hold on;
x=[228.000000 456.000000 228.000000 228.000000]; y=[0.000000 0.000000 184.000000 0.000000]; plot(x,y); hold on;
x=[228.000000 456.000000 456.000000 228.000000]; y=[184.000000 0.000000 184.000000 184.000000]; plot(x,y); hold on;
x=[456.000000 684.000000 456.000000 456.000000]; y=[0.000000 0.000000 184.000000 0.000000]; plot(x,y); hold on;
x=[456.000000 684.000000 684.000000 456.000000]; y=[184.000000 0.000000 184.000000 184.000000]; plot(x,y); hold on;
x=[684.000000 912.000000 684.000000 684.000000]; y=[0.000000 0.000000 184.000000 0.000000]; plot(x,y); hold on;
x=[684.000000 912.000000 912.000000 684.000000]; y=[184.000000 0.000000 184.000000 184.000000]; plot(x,y); hold on;
x=[912.000000 1140.000000 912.000000 912.000000]; y=[0.000000 0.000000 184.000000 0.000000]; plot(x,y); hold on;
x=[912.000000 1140.000000 1140.000000 912.000000]; y=[184.000000 0.000000 184.000000 184.000000]; plot(x,y); hold on;
x=[1140.000000 1373.000000 1140.000000 1140.000000]; y=[0.000000 0.000000 184.000000 0.000000]; plot(x,y); hold on;
x=[1140.000000 1373.000000 1373.000000 1140.000000]; y=[184.000000 0.000000 184.000000 184.000000]; plot(x,y); hold on;

---- Matlab B-Sys Originals ----
x=[3.143322 231.203837 3.361215 3.143322]; y=[854.761432 854.771404 1038.499309 854.761432]; plot(x,y); hold on;
x=[3.361215 231.203837 231.421730 3.361215]; y=[1038.499309 854.771404 1038.509281 1038.499309]; plot(x,y); hold on;
x=[231.203837 459.264352 231.421730 231.203837]; y=[854.771404 854.781376 1038.509281 854.771404]; plot(x,y); hold on;
x=[231.421730 459.264352 459.482245 231.421730]; y=[1038.509281 854.781376 1038.519254 1038.509281]; plot(x,y); hold on;
x=[459.264352 687.324867 459.482245 459.264352]; y=[854.781376 854.791349 1038.519254 854.781376]; plot(x,y); hold on;
x=[459.482245 687.324867 687.542760 459.482245]; y=[1038.519254 854.791349 1038.529226 1038.519254]; plot(x,y); hold on;
x=[687.324867 915.385382 687.542760 687.324867]; y=[854.791349 854.801321 1038.529226 854.791349]; plot(x,y); hold on;
x=[687.542760 915.385382 915.603275 687.542760]; y=[1038.529226 854.801321 1038.539198 1038.529226]; plot(x,y); hold on;
x=[915.385382 1143.445897 915.603275 915.385382]; y=[854.801321 854.811293 1038.539198 854.801321]; plot(x,y); hold on;
x=[915.603275 1143.445897 1143.663790 915.603275]; y=[1038.539198 854.811293 1038.549171 1038.539198]; plot(x,y); hold on;
x=[1143.445897 1376.507739 1143.663790 1143.445897]; y=[854.811293 854.821484 1038.549171 854.811293]; plot(x,y); hold on;
x=[1143.663790 1376.507739 1376.725632 1143.663790]; y=[1038.549171 854.821484 1038.559362 1038.549171]; plot(x,y); hold on;

---- Matlab B-Sys Optimized ----
x=[3.143322 231.203837 3.361215 3.143322]; y=[854.761432 854.771404 1038.499309 854.761432]; plot(x,y); hold on;
x=[3.361215 231.203837 231.421730 3.361215]; y=[1038.499309 854.771404 1038.509281 1038.499309]; plot(x,y); hold on;
x=[231.203837 459.264352 231.421730 231.203837]; y=[854.771404 854.781376 1038.509281 854.771404]; plot(x,y); hold on;
x=[231.421730 459.264352 459.482245 231.421730]; y=[1038.509281 854.781376 1038.519254 1038.509281]; plot(x,y); hold on;
x=[459.264352 687.324867 459.482245 459.264352]; y=[854.781376 854.791349 1038.519254 854.781376]; plot(x,y); hold on;
x=[459.482245 687.324867 687.542760 459.482245]; y=[1038.519254 854.791349 1038.529226 1038.519254]; plot(x,y); hold on;
x=[687.324867 915.385382 687.542760 687.324867]; y=[854.791349 854.801321 1038.529226 854.791349]; plot(x,y); hold on;
x=[687.542760 915.385382 915.603275 687.542760]; y=[1038.529226 854.801321 1038.539198 1038.529226]; plot(x,y); hold on;
x=[915.385382 1143.445897 915.603275 915.385382]; y=[854.801321 854.811293 1038.539198 854.801321]; plot(x,y); hold on;
x=[915.603275 1143.445897 1143.663790 915.603275]; y=[1038.539198 854.811293 1038.549171 1038.539198]; plot(x,y); hold on;
x=[1143.445897 1376.507739 1143.663790 1143.445897]; y=[854.811293 854.821484 1038.549171 854.811293]; plot(x,y); hold on;
x=[1143.663790 1376.507739 1376.725632 1143.663790]; y=[1038.549171 854.821484 1038.559362 1038.549171]; plot(x,y); hold on;

---- Deltas ----
id=     0: dx=    0.00 dy=    0.00 d=    0.00
id=     1: dx=    0.00 dy=    0.00 d=    0.00
id=     2: dx=    0.00 dy=    0.00 d=    0.00
id=     3: dx=    0.00 dy=    0.00 d=    0.00
id=     4: dx=    0.00 dy=    0.00 d=    0.00
id=     5: dx=    0.00 dy=    0.00 d=    0.00
id=     6: dx=    0.00 dy=    0.00 d=    0.00
id=     7: dx=    0.00 dy=    0.00 d=    0.00
id=     8: dx=    0.00 dy=    0.00 d=    0.00
id=     9: dx=    0.00 dy=    0.00 d=    0.00
id=    10: dx=    0.00 dy=    0.00 d=    0.00
id=    11: dx=    0.00 dy=    0.00 d=    0.00
id=    12: dx=    0.00 dy=    0.00 d=    0.00
id=    13: dx=    0.00 dy=    0.00 d=    0.00

---- Areas ----
Triangle 0, area was    20976.0, is    20951.7,   -0.1%
Triangle 1, area was    20976.0, is    20951.7,   -0.1%
Triangle 2, area was    20976.0, is    20951.7,   -0.1%
Triangle 3, area was    20976.0, is    20951.7,   -0.1%
Triangle 4, area was    20976.0, is    20951.7,   -0.1%
Triangle 5, area was    20976.0, is    20951.7,   -0.1%
Triangle 6, area was    20976.0, is    20951.7,   -0.1%
Triangle 7, area was    20976.0, is    20951.7,   -0.1%
Triangle 8, area was    20976.0, is    20951.7,   -0.1%
Triangle 9, area was    20976.0, is    20951.7,   -0.1%
Triangle 10, area was    21436.0, is    21411.1,   -0.1%
Triangle 11, area was    21436.0, is    21411.1,   -0.1%
Combined: area was   252632.0, is   252339.1,   -0.1%

---- Transforms ----
 1.0003  0.0012     3.14    0.0000  0.9986   854.76
 1.0003  0.0012     3.14    0.0000  0.9986   854.76
 1.0003  0.0012     3.14    0.0000  0.9986   854.76
 1.0003  0.0012     3.14    0.0000  0.9986   854.76
 1.0003  0.0012     3.14    0.0000  0.9986   854.76
 1.0003  0.0012     3.14    0.0000  0.9986   854.76
 1.0003  0.0012     3.14    0.0000  0.9986   854.76
 1.0003  0.0012     3.14    0.0000  0.9986   854.76
 1.0003  0.0012     3.14    0.0000  0.9986   854.76
 1.0003  0.0012     3.14    0.0000  0.9986   854.76
 1.0003  0.0012     3.14    0.0000  0.9986   854.76
 1.0003  0.0012     3.14    0.0000  0.9986   854.76

---- QC - deformable ----
Remapping 1431040 points.
Metrics: DEF: Mean square difference 0.332360
Metrics: DEF: Smallest footprint deg=0, area=252264
MetricImages: Range x 0 1371, y 0 184, use Nx=1372, Ny=186
Approximate EM metric 0.054444 for 255192 points.
All points, deformable, dfm 0.054444

Metrics: TRI: Mean square difference 0.579115
Metrics: TRI: Smallest footprint deg=0, area=41952
MetricImages: Range x 0 228, y 0 184, use Nx=230, Ny=186
Approximate EM metric 0.048186 for 42780 points.
%Yellow: Tol   1.05  red   38.9  yellow   21.7  green   39.5
%Yellow: Tol   1.10  red   29.6  yellow   40.8  green   29.5
%Yellow: Tol   1.15  red   22.9  yellow   54.8  green   22.3
%Yellow: Tol   1.20  red   18.4  yellow   64.5  green   17.2
%Yellow: Tol   1.25  red   14.8  yellow   71.2  green   14.0
Triangle 0: 21185 points, corr 0.710395, fm 0.048186, yellow 0.71

Metrics: TRI: Mean square difference 0.641177
Metrics: TRI: Smallest footprint deg=0, area=41541
MetricImages: Range x 1 228, y 1 184, use Nx=228, Ny=184
Approximate EM metric 0.053013 for 41952 points.
%Yellow: Tol   1.05  red   37.2  yellow   20.1  green   42.7
%Yellow: Tol   1.10  red   29.7  yellow   37.4  green   33.0
%Yellow: Tol   1.15  red   24.4  yellow   50.5  green   25.1
%Yellow: Tol   1.20  red   20.1  yellow   60.9  green   19.1
%Yellow: Tol   1.25  red   16.5  yellow   68.9  green   14.6
Triangle 1: 21180 points, corr 0.679364, fm 0.053013, yellow 0.69

Metrics: TRI: Mean square difference 0.172792
Metrics: TRI: Smallest footprint deg=0, area=41541
MetricImages: Range x 229 456, y 0 183, use Nx=228, Ny=184
Approximate EM metric 0.021506 for 41952 points.
%Yellow: Tol   1.05  red   21.3  yellow   54.3  green   24.4
%Yellow: Tol   1.10  red   13.7  yellow   73.8  green   12.6
%Yellow: Tol   1.15  red   10.5  yellow   80.5  green    9.0
%Yellow: Tol   1.20  red    8.4  yellow   84.2  green    7.4
%Yellow: Tol   1.25  red    6.9  yellow   86.8  green    6.3
Triangle 2: 21000 points, corr 0.913556, fm 0.021506, yellow 0.87

Metrics: TRI: Mean square difference 0.195261
Metrics: TRI: Smallest footprint deg=0, area=41541
MetricImages: Range x 229 456, y 1 184, use Nx=228, Ny=184
Approximate EM metric 0.025704 for 41952 points.
%Yellow: Tol   1.05  red   24.7  yellow   47.1  green   28.1
%Yellow: Tol   1.10  red   16.7  yellow   66.8  green   16.5
%Yellow: Tol   1.15  red   12.5  yellow   76.1  green   11.4
%Yellow: Tol   1.20  red    9.7  yellow   81.8  green    8.5
%Yellow: Tol   1.25  red    7.5  yellow   85.8  green    6.7
Triangle 3: 21180 points, corr 0.902322, fm 0.025704, yellow 0.86

Metrics: TRI: Mean square difference 0.346445
Metrics: TRI: Smallest footprint deg=0, area=41541
MetricImages: Range x 457 684, y 0 183, use Nx=228, Ny=184
Approximate EM metric 0.043319 for 41952 points.
%Yellow: Tol   1.05  red   32.7  yellow   33.3  green   34.0
%Yellow: Tol   1.10  red   22.8  yellow   54.4  green   22.9
%Yellow: Tol   1.15  red   17.0  yellow   66.0  green   17.0
%Yellow: Tol   1.20  red   13.5  yellow   73.7  green   12.9
%Yellow: Tol   1.25  red   11.0  yellow   78.5  green   10.5
Triangle 4: 21000 points, corr 0.826730, fm 0.043319, yellow 0.79

Metrics: TRI: Mean square difference 0.347280
Metrics: TRI: Smallest footprint deg=0, area=41541
MetricImages: Range x 457 684, y 1 184, use Nx=228, Ny=184
Approximate EM metric 0.040729 for 41952 points.
%Yellow: Tol   1.05  red   34.1  yellow   33.9  green   32.0
%Yellow: Tol   1.10  red   24.6  yellow   54.4  green   21.0
%Yellow: Tol   1.15  red   18.6  yellow   65.5  green   16.0
%Yellow: Tol   1.20  red   14.3  yellow   72.5  green   13.3
%Yellow: Tol   1.25  red   11.1  yellow   77.4  green   11.6
Triangle 5: 21180 points, corr 0.826313, fm 0.040729, yellow 0.77

Metrics: TRI: Mean square difference 0.357866
Metrics: TRI: Smallest footprint deg=0, area=41541
MetricImages: Range x 685 912, y 0 183, use Nx=228, Ny=184
Approximate EM metric 0.032590 for 41952 points.
%Yellow: Tol   1.05  red   33.8  yellow   33.2  green   33.0
%Yellow: Tol   1.10  red   24.6  yellow   54.8  green   20.6
%Yellow: Tol   1.15  red   18.9  yellow   66.8  green   14.3
%Yellow: Tol   1.20  red   14.6  yellow   73.8  green   11.6
%Yellow: Tol   1.25  red   11.5  yellow   78.4  green   10.1
Triangle 6: 21000 points, corr 0.821019, fm 0.032590, yellow 0.78

Metrics: TRI: Mean square difference 0.271960
Metrics: TRI: Smallest footprint deg=0, area=41541
MetricImages: Range x 685 912, y 1 184, use Nx=228, Ny=184
Approximate EM metric 0.032405 for 41952 points.
%Yellow: Tol   1.05  red   28.4  yellow   42.8  green   28.8
%Yellow: Tol   1.10  red   20.1  yellow   63.3  green   16.7
%Yellow: Tol   1.15  red   15.2  yellow   73.5  green   11.4
%Yellow: Tol   1.20  red   11.9  yellow   79.2  green    9.0
%Yellow: Tol   1.25  red    9.6  yellow   82.8  green    7.6
Triangle 7: 21180 points, corr 0.863973, fm 0.032405, yellow 0.83

Metrics: TRI: Mean square difference 0.369087
Metrics: TRI: Smallest footprint deg=0, area=41541
MetricImages: Range x 913 1140, y 0 183, use Nx=228, Ny=184
Approximate EM metric 0.036278 for 41952 points.
%Yellow: Tol   1.05  red   33.7  yellow   18.9  green   47.4
%Yellow: Tol   1.10  red   27.3  yellow   39.0  green   33.7
%Yellow: Tol   1.15  red   21.9  yellow   59.6  green   18.5
%Yellow: Tol   1.20  red   16.8  yellow   71.8  green   11.4
%Yellow: Tol   1.25  red   12.4  yellow   79.5  green    8.0
Triangle 8: 21000 points, corr 0.815409, fm 0.036278, yellow 0.80

Metrics: TRI: Mean square difference 0.410908
Metrics: TRI: Smallest footprint deg=0, area=41541
MetricImages: Range x 913 1140, y 1 184, use Nx=228, Ny=184
Approximate EM metric 0.049594 for 41952 points.
%Yellow: Tol   1.05  red   27.0  yellow   26.7  green   46.2
%Yellow: Tol   1.10  red   23.3  yellow   47.9  green   28.8
%Yellow: Tol   1.15  red   19.5  yellow   64.5  green   16.0
%Yellow: Tol   1.20  red   15.7  yellow   75.5  green    8.8
%Yellow: Tol   1.25  red   12.6  yellow   82.4  green    5.0
Triangle 9: 21180 points, corr 0.794499, fm 0.049594, yellow 0.82

Metrics: TRI: Mean square difference 0.290060
Metrics: TRI: Smallest footprint deg=0, area=42090
MetricImages: Range x 1141 1371, y 0 183, use Nx=232, Ny=184
Approximate EM metric 0.033513 for 42688 points.
%Yellow: Tol   1.05  red   32.9  yellow   29.3  green   37.9
%Yellow: Tol   1.10  red   25.1  yellow   51.3  green   23.6
%Yellow: Tol   1.15  red   19.5  yellow   62.6  green   17.9
%Yellow: Tol   1.20  red   14.6  yellow   70.7  green   14.7
%Yellow: Tol   1.25  red   10.5  yellow   78.6  green   10.9
Triangle 10: 21459 points, corr 0.854923, fm 0.033513, yellow 0.79

Metrics: TRI: Mean square difference 0.368074
Metrics: TRI: Smallest footprint deg=0, area=41860
MetricImages: Range x 1141 1371, y 2 184, use Nx=232, Ny=184
Approximate EM metric 0.038279 for 42688 points.
%Yellow: Tol   1.05  red   35.5  yellow   28.6  green   35.9
%Yellow: Tol   1.10  red   25.1  yellow   53.5  green   21.4
%Yellow: Tol   1.15  red   18.5  yellow   68.5  green   13.1
%Yellow: Tol   1.20  red   14.4  yellow   76.4  green    9.2
%Yellow: Tol   1.25  red   11.2  yellow   81.4  green    7.4
Triangle 11: 21276 points, corr 0.815916, fm 0.038279, yellow 0.81


---- Final reports ----
STAT: Overall 253820 points, corr 0.8337, EMM 0.0544, weighted EMM 0.0379, cor+dfm 0.8882, weighted yellow 0.7929

Angle span: min, max, delta = -0.000571 -0.000571 0.000000
Mesh-Thm: 0.0003  0.0012     0.24    0.0000  0.0014     0.42 2x(LDR,LDC)=(0.20,200.00) -- OK.

Final remapping of 1431040 points.
Center 73.002690 58.914451:  1.0003  0.0012     3.14    0.0000  0.9986   854.76
Mapping region 1 xy= 73.002690 58.914451 to region 1 xy= 76.235154 913.595148
Center 140.096892 127.469675:  1.0003  0.0012     3.14    0.0000  0.9986   854.76
Mapping region 1 xy= 140.096892 127.469675 to region 1 xy= 143.428347 982.055644
Center 297.931856 56.436234:  1.0003  0.0012     3.14    0.0000  0.9986   854.76
Mapping region 1 xy= 297.931856 56.436234 to region 1 xy= 301.221085 911.130299
Center 366.142960 128.258104:  1.0003  0.0012     3.14    0.0000  0.9986   854.76
Mapping region 1 xy= 366.142960 128.258104 to region 1 xy= 369.535346 982.852836
Center 530.498610 60.121685:  1.0003  0.0012     3.14    0.0000  0.9986   854.76
Mapping region 1 xy= 530.498610 60.121685 to region 1 xy= 533.853931 914.820672
Center 602.904614 124.722700:  1.0003  0.0012     3.14    0.0000  0.9986   854.76
Mapping region 1 xy= 602.904614 124.722700 to region 1 xy= 606.355654 979.332824
Center 754.161455 56.621525:  1.0003  0.0012     3.14    0.0000  0.9986   854.76
Mapping region 1 xy= 754.161455 56.621525 to region 1 xy= 757.571995 911.335281
Center 831.777824 124.370352:  1.0003  0.0012     3.14    0.0000  0.9986   854.76
Mapping region 1 xy= 831.777824 124.370352 to region 1 xy= 835.289194 978.990988
Center 983.789828 57.935651:  1.0003  0.0012     3.14    0.0000  0.9986   854.76
Mapping region 1 xy= 983.789828 57.935651 to region 1 xy= 987.262872 912.657578
Center 1056.743565 125.594702:  1.0003  0.0012     3.14    0.0000  0.9986   854.76
Mapping region 1 xy= 1056.743565 125.594702 to region 1 xy= 1060.316094 980.223434
Center 1212.782436 57.476258:  1.0003  0.0012     3.14    0.0000  0.9986   854.76
Mapping region 1 xy= 1212.782436 57.476258 to region 1 xy= 1216.315714 912.208856
Center 1289.667015 124.904011:  1.0003  0.0012     3.14    0.0000  0.9986   854.76
Mapping region 1 xy= 1289.667015 124.904011 to region 1 xy= 1293.300547 979.543915

Pipe: Returning 12 total transforms.

---- Summary Region-region results ----
Pipe: Table Headers {Az t r Bz t r thmok ntri}
FOUND:     1    3   1      1    2   1   1  12

---- Tabulating point matches ----
Tabulate: Rgn 1 -> 1: Keeping 12 of 12 point-pairs.

Timer: Alignment took 1.560 seconds.

main: Got 12 mapping regions.
main: Transform   0:  1.0003  0.0012     3.14    0.0000  0.9986   854.76
main: Transform   1:  1.0003  0.0012     3.14    0.0000  0.9986   854.76
main: Transform   2:  1.0003  0.0012     3.14    0.0000  0.9986   854.76
main: Transform   3:  1.0003  0.0012     3.14    0.0000  0.9986   854.76
main: Transform   4:  1.0003  0.0012     3.14    0.0000  0.9986   854.76
main: Transform   5:  1.0003  0.0012     3.14    0.0000  0.9986   854.76
main: Transform   6:  1.0003  0.0012     3.14    0.0000  0.9986   854.76
main: Transform   7:  1.0003  0.0012     3.14    0.0000  0.9986   854.76
main: Transform   8:  1.0003  0.0012     3.14    0.0000  0.9986   854.76
main: Transform   9:  1.0003  0.0012     3.14    0.0000  0.9986   854.76
main: Transform  10:  1.0003  0.0012     3.14    0.0000  0.9986   854.76
main: Transform  11:  1.0003  0.0012     3.14    0.0000  0.9986   854.76

main: Average:  1.0003  0.0012     0.00    0.0000  0.9986     0.00
main: Degrees: -0.0326908
main: Residue:  1.0003  0.0006     0.00    0.0006  0.9986     0.00

main: Inverse:  0.9997 -0.0012    -0.00   -0.0000  1.0014    -0.00
main: Degrees: 0.0326908
main: Residue:  0.9997 -0.0006     0.00   -0.0006  1.0014     0.00

main: Normal completion for dmesh run.
Timer: Total took 1.810 seconds.

---- Memory ----
Host name: h07u29.int.janelia.org
PID:       34865
User time:       1 seconds.
System time:     0 seconds.
VmPeak:	  380068 kB
VmSize:	  217292 kB
VmLck:	       0 kB
VmPin:	       0 kB
VmHWM:	  216576 kB
VmRSS:	   53592 kB
VmData:	   47896 kB
VmStk:	     164 kB
VmExe:	     832 kB
VmLib:	   85564 kB
VmPTE:	     360 kB
VmSwap:	       0 kB
voluntary_ctxt_switches:	21
nonvoluntary_ctxt_switches:	35

