
---- dmesh start ----
main: Start: Fri Sep 30 13:13:20 2016


---- Match parameters ----
PXBRO=2            <default 2>        "Max Legendre poly order for bkg removal"
PXLENS=N           <default N>        "Y=Apply IDB/lens.txt"
PXRESMSK=N         <default N>        "Y=Apply resin mask"
PXDOG=N            <default N>        "Y=Apply DoG filter"
PXDOG_R1=3         <default 3>        "DoG inner radius"
PXDOG_R2=6         <default 6>        "DoG outer radius"
FLD=N              <default X>        "Mask usage: Y=Use, N=None, X=XL only"
PRETWEAK=N         <default N>        "Y=Auto-distort before angle scan"
SCALE=1            <default 1.0>      "Image-B / image-A scale factor"
XSCALE=1           <default 1.0>      "Image-B / image-A x-axis scale factor"
YSCALE=1           <default 1.0>      "Image-B / image-A y-axis scale factor"
SKEW=0             <default 0.0>      "Transform elem[3] user-applied distortion"
MODE_SL=M          <default Z>        "Notes above"
MODE_XL=N          <default Y>        "Notes above"
TAB2DFM_SL=N       <default Y>        "Adopt Tdfm from Tab"
TAB2DFM_XL=Y       <default Y>        "Adopt Tdfm from Tab"
XYCONF_SL=1.0      <default 0.0>      "[0,1.0] confidence in Tab XY"
XYCONF_XL=0.8      <default 0.0>      "[0,1.0] confidence in Tab XY"
THMDEC_SL=8        <default 8>        "2^N thumb decimation factor"
THMDEC_XL=8        <default 8>        "2^N thumb decimation factor"
OLAP1D_SL=0        <default 0>        "Min 1D pix full-size overlap"
OLAP1D_XL=0        <default 0>        "Min 1D pix full-size overlap"
OLAP2D_SL=60000    <default 25000>    "Min 2D pix full-size overlap"
OLAP2D_XL=160000   <default 200000>   "Min 2D pix full-size overlap"
NBMXHT_SL=0.75     <default 0.75>     "Max F(neib)/F(pk) in guard zone"
NBMXHT_XL=0.75     <default 0.75>     "Max F(neib)/F(pk) in guard zone"
HFANGDN_SL=5       <default 5.0>      "Half angle search range denovo"
HFANGDN_XL=45      <default 45.0>     "Half angle search range denovo"
HFANGPR_SL=1       <default 1.0>      "Half angle search range prior angles"
HFANGPR_XL=4       <default 1.0>      "Half angle search range prior angles"
RTRSH_SL=0.3       <default 0.3>      "R corr thresh"
RTRSH_XL=0.3       <default 0.3>      "R corr thresh"
TWEAKS=N           <default N>        "Y=Try 8 near unity distortions"
LIMXY_SL=30        <default 0>        "0 or Max XY delta from Tab"
LIMXY_XL=80        <default 0>        "0 or Max XY delta from Tab"
WTHMPR=Y           <default Y>        "Y=Write ThmPair_a^b.txt entries"
OPT_SL=Y           <default Y(EM)>    "Y=Enable mesh optimizer"
RIT_SL=0.50        <default 0.20>     "Min mesh starting corr"
RIT_XL=0.1         <default 0.20>     "Min mesh starting corr"
RFA_SL=0.55        <default 0.3>      "Affine-only final corr"
RFA_XL=0.20        <default 0.3>      "Affine-only final corr"
RFT_SL=0.65        <default 0.5>      "Full mesh final corr"
RFT_XL=0.25        <default 0.5>      "Full mesh final corr"
TMC=5              <default 30.0%>    "Max single triangle area change"
TSC=9              <default 9.0%>     "Max summed triangle area change"
MNL=250            <default 300>      "Triangle edges between MNL and 2*MNL"
MTA=120000         <default 10000>    "Min triangle size (pixels)"
MMA=60000          <default 100000>   "Min 2D overlap for mesh"
ONE=N              <default N>        "Y=Use just one affine transform"
IFM=0.50           <default 0.50>     "Min Fourier Metric after affine-only"
FFM=0.65           <default 0.65>     "Min Fourier Metric after full mesh"
FYL=0.5            <default 0.50>     "Min fraction of yellow pixels"
CPD=0.5            <default 0.50>     "Min Correlation + DFM"
EMM=Y              <default Y>        "Y=Use Earth Mover's Metric, N=Use Fourier"
EMT=0.14           <default 0.2>      "Earth Movers Metric thresh"
WDI=N              <default N>        "Y=Write diff images (Fourier, EMM metrics)"
LDA=0.2            <default 0.2>      "Max radian delta between triangles"
LDR=0.1            <default 0.1>      "Max sine delta between triangles"
LDC=100            <default 100.0>    "Max XY delta between triangles"
DXY=100            <default 100.0>    "Max delta from user input XYs"
WMT=N              <default Y>        "Y=Write map.tif files"
WTT=N              <default Y>        "Y=Write tf.txt files"


---- Input images ----
Til2Img entry: A T=[ 1.0000  0.0000  1142.00  0.0000  1.0000   857.00] path=[/groups/apig/tomo/DEMO/TIF/A1_1_2.tif].
Til2Img entry: B T=[ 1.0000  0.0000     0.00  0.0000  1.0000   857.00] path=[/groups/apig/tomo/DEMO/TIF/A1_12_2.tif].


---- Command-line overrides ----
Tdfm= 1.0000  0.0000     0.00    0.0000  1.0000     0.00
FLD=N
MODE=N (was M)
CTR=0


---- Image loading ----
Raster8FromTif: Opening [/groups/apig/tomo/DEMO/TIF/A1_1_2.tif].
Raster8FromTif: Bits per sample 8, samples per pixel 1
Raster8FromTif: Picture is 1376 by 1040, 1431040 pixels total.
TIF(8): Last Encoded strip had 1376 bytes.
Raster8FromTif: Opening [/groups/apig/tomo/DEMO/TIF/A1_12_2.tif].
Raster8FromTif: Bits per sample 8, samples per pixel 1
Raster8FromTif: Picture is 1376 by 1040, 1431040 pixels total.
TIF(8): Last Encoded strip had 1376 bytes.
PixPair: Using image scale=1.
Timer: Image conditioning took 0.230 seconds.

---- Foldmaps ----

---- Connected regions ----
Forcing single connected region.

---- Begin A-1 to B-1 ----

---- Thumbnail matching ----
Subimage: Using intersection, w=234, h=1040, pix=243360
Thumbs: After decimation 3900 pts, reqArea 937, thmscl 8
SetDisc( 0, 0, 3, 3 )
Initial: R= 3.858, A=   0.000, X=    0.57, Y=   -0.73
Peak-Disc: dR 7 dX 4 dY -5
Approx: LowRes  R=3.858, X=4.541, Y=-5.871
Approx: FullRes R=1.379, X=3.781, Y=-5.039, use=Y.
Timer: FinishAtFullRes took 0.200 seconds.
Approx: Returning A=0.000000, R=3.858213, X=1145.781111, Y=-5.038649
Approx: Best transform  1.0000  0.0000  1145.78    0.0000  1.0000    -5.04
Approx: Orig transform  1.0000  0.0000  1142.00    0.0000  1.0000     0.00
Approx: Idnt transform  1.0000  0.0000     3.78    0.0000  1.0000    -5.04
Approx: err = 6.29959, max = 30

---- Starting detailed region mapping ----
Roughly 239085 pixels map to B.
Region size is [0 230] in x, [5 1039] in y.

---- Building mesh - affine ----
Computed simple triangle.

---- ImproveMesh - affine ----
Tri: (0 5) (230 522) (0 1039).

---- Matlab Vertices ----
x=[0 230 0 0]; y=[5 522 1039 5]; plot(x,y); hold on;

---- ImproveControlPts ----
STAT: ImproveCpt: Initial affine correlation 0.745005 (239085 pixels).
corr=0.745005	step=10.000000
corr=0.745005	step=5.000000
corr=0.745005	step=2.500000
corr=0.745005	step=1.250000
corr=0.758370	step=1.250000
corr=0.758370	step=0.625000
corr=0.758370	step=0.312500
corr=0.758370	step=0.156250
corr=0.758370	step=0.078125
corr=0.758544	step=0.078125
STAT: ImproveCpt: Final affine correlation 0.758544, (threshold 0.550000).

---- Matlab A-Sys Originals ----
x=[0.000000 230.000000 0.000000 0.000000]; y=[5.000000 522.000000 1039.000000 5.000000]; plot(x,y); hold on;

---- Matlab B-Sys Originals ----
x=[1145.781111 1375.781111 1145.781111 1145.781111]; y=[-0.038649 516.961351 1033.961351 -0.038649]; plot(x,y); hold on;

---- Matlab B-Sys Optimized ----
x=[1146.067878 1376.505459 1146.171934 1146.067878]; y=[0.308902 517.602804 1034.256962 0.308902]; plot(x,y); hold on;

---- Deltas ----
id=     0: dx=    0.29 dy=    0.35 d=    0.45
id=     1: dx=    0.72 dy=    0.64 d=    0.97
id=     2: dx=    0.39 dy=    0.30 d=    0.49

---- Areas ----
Triangle 0, area was   118910.0, is   119103.3,    0.2%
Combined: area was   118910.0, is   119103.3,    0.2%

---- Transforms ----
 1.0017  0.0001  1146.07    0.0014  0.9999    -4.69
Best affine transform:  1.0017  0.0001  1146.07    0.0014  0.9999    -4.69
    Inverse transform:  0.9983 -0.0001 -1144.15   -0.0014  1.0001     6.28

---- QC - affine ----
Metrics: AFF: Mean square difference 0.481075
Metrics: AFF: Smallest footprint deg=0, area=235752
MetricImages: Range x 0 228, y 5 1039, use Nx=230, Ny=1036
Approximate EM metric 0.080620 for 238280 points.
%Yellow: Tol   1.05  red   36.7  yellow   14.4  green   48.8
%Yellow: Tol   1.10  red   31.1  yellow   29.3  green   39.6
%Yellow: Tol   1.15  red   25.8  yellow   45.3  green   28.9
%Yellow: Tol   1.20  red   20.7  yellow   62.9  green   16.4
%Yellow: Tol   1.25  red   15.9  yellow   73.7  green   10.4
Affine Triangle: 237015 points, corr 0.759458, fm 0.080620, yellow 0.74

---- Building mesh - deformable ----
Lx Dx Nx:   230   230.00   1
Ly Dy Ny:  1034   206.00   5

STAT: From 239085 pts, got 10 triangles, 12 control points.
Timer: MeshCreate took 0.010 seconds.

---- ImproveMesh - deformable mesh ----
Tri: (0 5) (230 5) (0 211).
Tri: (0 211) (230 5) (230 211).
Tri: (0 211) (230 211) (0 417).
Tri: (0 417) (230 211) (230 417).
Tri: (0 417) (230 417) (0 623).
Tri: (0 623) (230 417) (230 623).
Tri: (0 623) (230 623) (0 829).
Tri: (0 829) (230 623) (230 829).
Tri: (0 829) (230 829) (0 1039).
Tri: (0 1039) (230 829) (230 1039).

---- Matlab Vertices ----
x=[0 230 0 0]; y=[5 5 211 5]; plot(x,y); hold on;
x=[0 230 230 0]; y=[211 5 211 211]; plot(x,y); hold on;
x=[0 230 0 0]; y=[211 211 417 211]; plot(x,y); hold on;
x=[0 230 230 0]; y=[417 211 417 417]; plot(x,y); hold on;
x=[0 230 0 0]; y=[417 417 623 417]; plot(x,y); hold on;
x=[0 230 230 0]; y=[623 417 623 623]; plot(x,y); hold on;
x=[0 230 0 0]; y=[623 623 829 623]; plot(x,y); hold on;
x=[0 230 230 0]; y=[829 623 829 829]; plot(x,y); hold on;
x=[0 230 0 0]; y=[829 829 1039 829]; plot(x,y); hold on;
x=[0 230 230 0]; y=[1039 829 1039 1039]; plot(x,y); hold on;

---- ImproveControlPts ----
STAT: ImproveCpt: Initial deformable mesh correlation 0.758544 (239085 pixels).
corr=0.758544	step=10.000000
corr=0.758544	step=5.000000
corr=0.758544	step=2.500000
corr=0.758544	step=1.250000
corr=0.758544	step=0.625000
STAT: ImproveCpt: Final deformable mesh correlation 0.758544, (threshold 0.650000).

---- Matlab A-Sys Originals ----
x=[0.000000 230.000000 0.000000 0.000000]; y=[5.000000 5.000000 211.000000 5.000000]; plot(x,y); hold on;
x=[0.000000 230.000000 230.000000 0.000000]; y=[211.000000 5.000000 211.000000 211.000000]; plot(x,y); hold on;
x=[0.000000 230.000000 0.000000 0.000000]; y=[211.000000 211.000000 417.000000 211.000000]; plot(x,y); hold on;
x=[0.000000 230.000000 230.000000 0.000000]; y=[417.000000 211.000000 417.000000 417.000000]; plot(x,y); hold on;
x=[0.000000 230.000000 0.000000 0.000000]; y=[417.000000 417.000000 623.000000 417.000000]; plot(x,y); hold on;
x=[0.000000 230.000000 230.000000 0.000000]; y=[623.000000 417.000000 623.000000 623.000000]; plot(x,y); hold on;
x=[0.000000 230.000000 0.000000 0.000000]; y=[623.000000 623.000000 829.000000 623.000000]; plot(x,y); hold on;
x=[0.000000 230.000000 230.000000 0.000000]; y=[829.000000 623.000000 829.000000 829.000000]; plot(x,y); hold on;
x=[0.000000 230.000000 0.000000 0.000000]; y=[829.000000 829.000000 1039.000000 829.000000]; plot(x,y); hold on;
x=[0.000000 230.000000 230.000000 0.000000]; y=[1039.000000 829.000000 1039.000000 1039.000000]; plot(x,y); hold on;

---- Matlab B-Sys Originals ----
x=[1146.067878 1376.453431 1146.088608 1146.067878]; y=[0.308902 0.628774 206.298554 0.308902]; plot(x,y); hold on;
x=[1146.088608 1376.453431 1376.474162 1146.088608]; y=[206.298554 0.628774 206.618426 206.298554]; plot(x,y); hold on;
x=[1146.088608 1376.474162 1146.109339 1146.088608]; y=[206.298554 206.618426 412.288206 206.298554]; plot(x,y); hold on;
x=[1146.109339 1376.474162 1376.494892 1146.109339]; y=[412.288206 206.618426 412.608079 412.288206]; plot(x,y); hold on;
x=[1146.109339 1376.494892 1146.130070 1146.109339]; y=[412.288206 412.608079 618.277859 412.288206]; plot(x,y); hold on;
x=[1146.130070 1376.494892 1376.515623 1146.130070]; y=[618.277859 412.608079 618.597731 618.277859]; plot(x,y); hold on;
x=[1146.130070 1376.515623 1146.150801 1146.130070]; y=[618.277859 618.597731 824.267511 618.277859]; plot(x,y); hold on;
x=[1146.150801 1376.515623 1376.536354 1146.150801]; y=[824.267511 618.597731 824.587383 824.267511]; plot(x,y); hold on;
x=[1146.150801 1376.536354 1146.171934 1146.150801]; y=[824.267511 824.587383 1034.256962 824.267511]; plot(x,y); hold on;
x=[1146.171934 1376.536354 1376.557487 1146.171934]; y=[1034.256962 824.587383 1034.576834 1034.256962]; plot(x,y); hold on;

---- Matlab B-Sys Optimized ----
x=[1146.067878 1376.453431 1146.088608 1146.067878]; y=[0.308902 0.628774 206.298554 0.308902]; plot(x,y); hold on;
x=[1146.088608 1376.453431 1376.474162 1146.088608]; y=[206.298554 0.628774 206.618426 206.298554]; plot(x,y); hold on;
x=[1146.088608 1376.474162 1146.109339 1146.088608]; y=[206.298554 206.618426 412.288206 206.298554]; plot(x,y); hold on;
x=[1146.109339 1376.474162 1376.494892 1146.109339]; y=[412.288206 206.618426 412.608079 412.288206]; plot(x,y); hold on;
x=[1146.109339 1376.494892 1146.130070 1146.109339]; y=[412.288206 412.608079 618.277859 412.288206]; plot(x,y); hold on;
x=[1146.130070 1376.494892 1376.515623 1146.130070]; y=[618.277859 412.608079 618.597731 618.277859]; plot(x,y); hold on;
x=[1146.130070 1376.515623 1146.150801 1146.130070]; y=[618.277859 618.597731 824.267511 618.277859]; plot(x,y); hold on;
x=[1146.150801 1376.515623 1376.536354 1146.150801]; y=[824.267511 618.597731 824.587383 824.267511]; plot(x,y); hold on;
x=[1146.150801 1376.536354 1146.171934 1146.150801]; y=[824.267511 824.587383 1034.256962 824.267511]; plot(x,y); hold on;
x=[1146.171934 1376.536354 1376.557487 1146.171934]; y=[1034.256962 824.587383 1034.576834 1034.256962]; plot(x,y); hold on;

---- Deltas ----
id=     0: dx=    0.00 dy=    0.00 d=    0.00
id=     1: dx=    0.00 dy=    0.00 d=    0.00
id=     2: dx=    0.00 dy=    0.00 d=    0.00
id=     3: dx=    0.00 dy=    0.00 d=    0.00
id=     4: dx=    0.00 dy=    0.00 d=    0.00
id=     5: dx=    0.00 dy=    0.00 d=    0.00
id=     6: dx=    0.00 dy=    0.00 d=    0.00
id=     7: dx=    0.00 dy=    0.00 d=    0.00
id=     8: dx=    0.00 dy=    0.00 d=    0.00
id=     9: dx=    0.00 dy=    0.00 d=    0.00
id=    10: dx=    0.00 dy=    0.00 d=    0.00
id=    11: dx=    0.00 dy=    0.00 d=    0.00

---- Areas ----
Triangle 0, area was    23690.0, is    23728.5,    0.2%
Triangle 1, area was    23690.0, is    23728.5,    0.2%
Triangle 2, area was    23690.0, is    23728.5,    0.2%
Triangle 3, area was    23690.0, is    23728.5,    0.2%
Triangle 4, area was    23690.0, is    23728.5,    0.2%
Triangle 5, area was    23690.0, is    23728.5,    0.2%
Triangle 6, area was    23690.0, is    23728.5,    0.2%
Triangle 7, area was    23690.0, is    23728.5,    0.2%
Triangle 8, area was    24150.0, is    24189.3,    0.2%
Triangle 9, area was    24150.0, is    24189.3,    0.2%
Combined: area was   237820.0, is   238206.7,    0.2%

---- Transforms ----
 1.0017  0.0001  1146.07    0.0014  0.9999    -4.69
 1.0017  0.0001  1146.07    0.0014  0.9999    -4.69
 1.0017  0.0001  1146.07    0.0014  0.9999    -4.69
 1.0017  0.0001  1146.07    0.0014  0.9999    -4.69
 1.0017  0.0001  1146.07    0.0014  0.9999    -4.69
 1.0017  0.0001  1146.07    0.0014  0.9999    -4.69
 1.0017  0.0001  1146.07    0.0014  0.9999    -4.69
 1.0017  0.0001  1146.07    0.0014  0.9999    -4.69
 1.0017  0.0001  1146.07    0.0014  0.9999    -4.69
 1.0017  0.0001  1146.07    0.0014  0.9999    -4.69

---- QC - deformable ----
Remapping 1431040 points.
Metrics: DEF: Mean square difference 0.481075
Metrics: DEF: Smallest footprint deg=0, area=235752
MetricImages: Range x 0 228, y 5 1039, use Nx=230, Ny=1036
Approximate EM metric 0.080620 for 238280 points.
All points, deformable, dfm 0.080620

Metrics: TRI: Mean square difference 0.589000
Metrics: TRI: Smallest footprint deg=0, area=46968
MetricImages: Range x 0 228, y 5 211, use Nx=230, Ny=208
Approximate EM metric 0.077130 for 47840 points.
%Yellow: Tol   1.05  red   32.0  yellow   19.8  green   48.1
%Yellow: Tol   1.10  red   25.9  yellow   41.2  green   33.0
%Yellow: Tol   1.15  red   21.3  yellow   56.1  green   22.6
%Yellow: Tol   1.20  red   18.3  yellow   66.5  green   15.2
%Yellow: Tol   1.25  red   15.2  yellow   74.8  green   10.0
Triangle 0: 23908 points, corr 0.705458, fm 0.077130, yellow 0.75

Metrics: TRI: Mean square difference 0.481142
Metrics: TRI: Smallest footprint deg=0, area=46308
MetricImages: Range x 1 228, y 7 211, use Nx=228, Ny=206
Approximate EM metric 0.043955 for 46968 points.
%Yellow: Tol   1.05  red   28.2  yellow   21.1  green   50.7
%Yellow: Tol   1.10  red   24.9  yellow   45.6  green   29.5
%Yellow: Tol   1.15  red   21.3  yellow   60.8  green   17.9
%Yellow: Tol   1.20  red   17.8  yellow   72.1  green   10.1
%Yellow: Tol   1.25  red   14.4  yellow   79.9  green    5.6
Triangle 1: 23495 points, corr 0.759387, fm 0.043955, yellow 0.80

Metrics: TRI: Mean square difference 0.559647
Metrics: TRI: Smallest footprint deg=0, area=46740
MetricImages: Range x 0 228, y 212 417, use Nx=230, Ny=206
Approximate EM metric 0.038171 for 47380 points.
%Yellow: Tol   1.05  red   37.8  yellow   12.6  green   49.6
%Yellow: Tol   1.10  red   32.8  yellow   24.0  green   43.2
%Yellow: Tol   1.15  red   27.2  yellow   44.8  green   27.9
%Yellow: Tol   1.20  red   22.7  yellow   61.0  green   16.3
%Yellow: Tol   1.25  red   17.8  yellow   70.4  green   11.8
Triangle 2: 23679 points, corr 0.720134, fm 0.038171, yellow 0.70

Metrics: TRI: Mean square difference 0.463839
Metrics: TRI: Smallest footprint deg=0, area=46308
MetricImages: Range x 1 228, y 213 417, use Nx=228, Ny=206
Approximate EM metric 0.043746 for 46968 points.
%Yellow: Tol   1.05  red   38.0  yellow   14.8  green   47.2
%Yellow: Tol   1.10  red   32.2  yellow   28.7  green   39.1
%Yellow: Tol   1.15  red   26.3  yellow   44.1  green   29.6
%Yellow: Tol   1.20  red   21.0  yellow   60.7  green   18.3
%Yellow: Tol   1.25  red   16.0  yellow   72.5  green   11.5
Triangle 3: 23495 points, corr 0.768038, fm 0.043746, yellow 0.73

Metrics: TRI: Mean square difference 0.604710
Metrics: TRI: Smallest footprint deg=0, area=46740
MetricImages: Range x 0 228, y 418 623, use Nx=230, Ny=206
Approximate EM metric 0.057666 for 47380 points.
%Yellow: Tol   1.05  red   41.1  yellow   15.0  green   43.9
%Yellow: Tol   1.10  red   35.2  yellow   29.8  green   35.1
%Yellow: Tol   1.15  red   29.6  yellow   43.3  green   27.1
%Yellow: Tol   1.20  red   23.7  yellow   54.9  green   21.5
%Yellow: Tol   1.25  red   18.5  yellow   62.9  green   18.6
Triangle 4: 23679 points, corr 0.697603, fm 0.057666, yellow 0.63

Metrics: TRI: Mean square difference 0.502040
Metrics: TRI: Smallest footprint deg=0, area=46308
MetricImages: Range x 1 228, y 419 623, use Nx=228, Ny=206
Approximate EM metric 0.066660 for 46968 points.
%Yellow: Tol   1.05  red   41.6  yellow   17.5  green   40.9
%Yellow: Tol   1.10  red   34.2  yellow   33.6  green   32.2
%Yellow: Tol   1.15  red   27.3  yellow   46.8  green   25.9
%Yellow: Tol   1.20  red   20.9  yellow   57.3  green   21.8
%Yellow: Tol   1.25  red   15.3  yellow   66.4  green   18.3
Triangle 5: 23495 points, corr 0.748937, fm 0.066660, yellow 0.66

Metrics: TRI: Mean square difference 0.368189
Metrics: TRI: Smallest footprint deg=0, area=46740
MetricImages: Range x 0 228, y 624 829, use Nx=230, Ny=206
Approximate EM metric 0.060070 for 47380 points.
%Yellow: Tol   1.05  red   35.6  yellow   28.3  green   36.1
%Yellow: Tol   1.10  red   28.2  yellow   49.6  green   22.2
%Yellow: Tol   1.15  red   22.5  yellow   62.6  green   15.0
%Yellow: Tol   1.20  red   17.4  yellow   70.8  green   11.8
%Yellow: Tol   1.25  red   13.1  yellow   76.8  green   10.1
Triangle 6: 23679 points, corr 0.815863, fm 0.060070, yellow 0.77

Metrics: TRI: Mean square difference 0.312503
Metrics: TRI: Smallest footprint deg=0, area=46308
MetricImages: Range x 1 228, y 625 829, use Nx=228, Ny=206
Approximate EM metric 0.040359 for 46968 points.
%Yellow: Tol   1.05  red   33.8  yellow   17.1  green   49.0
%Yellow: Tol   1.10  red   27.5  yellow   40.2  green   32.3
%Yellow: Tol   1.15  red   21.7  yellow   57.9  green   20.4
%Yellow: Tol   1.20  red   15.8  yellow   71.1  green   13.1
%Yellow: Tol   1.25  red   10.9  yellow   83.1  green    6.0
Triangle 7: 23495 points, corr 0.843706, fm 0.040359, yellow 0.83

Metrics: TRI: Mean square difference 0.457260
Metrics: TRI: Smallest footprint deg=0, area=47652
MetricImages: Range x 0 228, y 830 1039, use Nx=230, Ny=210
Approximate EM metric 0.032463 for 48300 points.
%Yellow: Tol   1.05  red   32.3  yellow   11.0  green   56.7
%Yellow: Tol   1.10  red   28.5  yellow   26.7  green   44.8
%Yellow: Tol   1.15  red   24.2  yellow   55.8  green   20.0
%Yellow: Tol   1.20  red   19.7  yellow   72.5  green    7.8
%Yellow: Tol   1.25  red   15.1  yellow   81.1  green    3.8
Triangle 8: 24145 points, corr 0.771329, fm 0.032463, yellow 0.81

Metrics: TRI: Mean square difference 0.541533
Metrics: TRI: Smallest footprint deg=0, area=47216
MetricImages: Range x 1 228, y 831 1039, use Nx=228, Ny=210
Approximate EM metric 0.038158 for 47880 points.
%Yellow: Tol   1.05  red   40.9  yellow    9.8  green   49.3
%Yellow: Tol   1.10  red   34.7  yellow   19.8  green   45.5
%Yellow: Tol   1.15  red   28.9  yellow   32.3  green   38.8
%Yellow: Tol   1.20  red   22.7  yellow   48.4  green   28.9
%Yellow: Tol   1.25  red   16.7  yellow   74.9  green    8.5
Triangle 9: 23945 points, corr 0.729192, fm 0.038158, yellow 0.75


---- Final reports ----
STAT: Overall 237015 points, corr 0.7585, EMM 0.0806, weighted EMM 0.0498, cor+dfm 0.8392, weighted yellow 0.7430

Angle span: min, max, delta = 0.000645 0.000645 0.000000
Mesh-Thm: 0.0017  0.0001     0.29    0.0014  0.0001     0.35 2x(LDR,LDC)=(0.20,200.00) -- OK.

Final remapping of 1431040 points.
Center 73.643064 70.958571:  1.0017  0.0001  1146.07    0.0014  0.9999    -4.69
Mapping region 1 xy= 73.643064 70.958571 to region 1 xy= 1219.841029 66.366578
Center 141.325812 147.710615:  1.0017  0.0001  1146.07    0.0014  0.9999    -4.69
Mapping region 1 xy= 141.325812 147.710615 to region 1 xy= 1287.644958 143.208897
Center 70.545293 274.184045:  1.0017  0.0001  1146.07    0.0014  0.9999    -4.69
Mapping region 1 xy= 70.545293 274.184045 to region 1 xy= 1216.758516 269.577536
Center 139.354741 354.593312:  1.0017  0.0001  1146.07    0.0014  0.9999    -4.69
Mapping region 1 xy= 139.354741 354.593312 to region 1 xy= 1285.691402 350.078460
Center 75.152106 484.310147:  1.0017  0.0001  1146.07    0.0014  0.9999    -4.69
Mapping region 1 xy= 75.152106 484.310147 to region 1 xy= 1221.394198 479.699490
Center 148.193251 556.635196:  1.0017  0.0001  1146.07    0.0014  0.9999    -4.69
Mapping region 1 xy= 148.193251 556.635196 to region 1 xy= 1294.565061 552.122488
Center 70.776906 686.391490:  1.0017  0.0001  1146.07    0.0014  0.9999    -4.69
Mapping region 1 xy= 70.776906 686.391490 to region 1 xy= 1217.032000 681.764597
Center 149.074121 762.240720:  1.0017  0.0001  1146.07    0.0014  0.9999    -4.69
Mapping region 1 xy= 149.074121 762.240720 to region 1 xy= 1295.468099 757.718909
Center 72.419564 895.122210:  1.0017  0.0001  1146.07    0.0014  0.9999    -4.69
Mapping region 1 xy= 72.419564 895.122210 to region 1 xy= 1218.698417 890.487117
Center 146.013245 972.341779:  1.0017  0.0001  1146.07    0.0014  0.9999    -4.69
Mapping region 1 xy= 146.013245 972.341779 to region 1 xy= 1292.423235 967.805158

Pipe: Returning 10 total transforms.

---- Summary Region-region results ----
Pipe: Table Headers {Az t r Bz t r thmok ntri}
FOUND:     0    1   1      0   12   1   1  10

---- Tabulating point matches ----
Tabulate: Rgn 1 -> 1: Keeping 10 of 10 point-pairs.

Timer: Alignment took 1.260 seconds.

main: Got 10 mapping regions.
main: Transform   0:  1.0017  0.0001  1146.07    0.0014  0.9999    -4.69
main: Transform   1:  1.0017  0.0001  1146.07    0.0014  0.9999    -4.69
main: Transform   2:  1.0017  0.0001  1146.07    0.0014  0.9999    -4.69
main: Transform   3:  1.0017  0.0001  1146.07    0.0014  0.9999    -4.69
main: Transform   4:  1.0017  0.0001  1146.07    0.0014  0.9999    -4.69
main: Transform   5:  1.0017  0.0001  1146.07    0.0014  0.9999    -4.69
main: Transform   6:  1.0017  0.0001  1146.07    0.0014  0.9999    -4.69
main: Transform   7:  1.0017  0.0001  1146.07    0.0014  0.9999    -4.69
main: Transform   8:  1.0017  0.0001  1146.07    0.0014  0.9999    -4.69
main: Transform   9:  1.0017  0.0001  1146.07    0.0014  0.9999    -4.69

main: Average:  1.0017  0.0001     0.00    0.0014  0.9999     0.00
main: Degrees: 0.036929
main: Residue:  1.0017  0.0007     0.00    0.0007  0.9999     0.00

main: Inverse:  0.9983 -0.0001    -0.00   -0.0014  1.0001    -0.00
main: Degrees: -0.036929
main: Residue:  0.9983 -0.0007     0.00   -0.0007  1.0001     0.00

main: Normal completion for dmesh run.
Timer: Total took 1.490 seconds.

---- Memory ----
Host name: h08u02.int.janelia.org
PID:       24540
User time:       1 seconds.
System time:     0 seconds.
VmPeak:	  379968 kB
VmSize:	  207692 kB
VmLck:	       0 kB
VmPin:	       0 kB
VmHWM:	  215848 kB
VmRSS:	   43088 kB
VmData:	   38300 kB
VmStk:	     160 kB
VmExe:	     832 kB
VmLib:	   85564 kB
VmPTE:	     328 kB
VmSwap:	       0 kB
voluntary_ctxt_switches:	23
nonvoluntary_ctxt_switches:	19

