
---- dmesh start ----
main: Start: Fri Sep 30 13:13:15 2016


---- Match parameters ----
PXBRO=2            <default 2>        "Max Legendre poly order for bkg removal"
PXLENS=N           <default N>        "Y=Apply IDB/lens.txt"
PXRESMSK=N         <default N>        "Y=Apply resin mask"
PXDOG=N            <default N>        "Y=Apply DoG filter"
PXDOG_R1=3         <default 3>        "DoG inner radius"
PXDOG_R2=6         <default 6>        "DoG outer radius"
FLD=N              <default X>        "Mask usage: Y=Use, N=None, X=XL only"
PRETWEAK=N         <default N>        "Y=Auto-distort before angle scan"
SCALE=1            <default 1.0>      "Image-B / image-A scale factor"
XSCALE=1           <default 1.0>      "Image-B / image-A x-axis scale factor"
YSCALE=1           <default 1.0>      "Image-B / image-A y-axis scale factor"
SKEW=0             <default 0.0>      "Transform elem[3] user-applied distortion"
MODE_SL=M          <default Z>        "Notes above"
MODE_XL=N          <default Y>        "Notes above"
TAB2DFM_SL=N       <default Y>        "Adopt Tdfm from Tab"
TAB2DFM_XL=Y       <default Y>        "Adopt Tdfm from Tab"
XYCONF_SL=1.0      <default 0.0>      "[0,1.0] confidence in Tab XY"
XYCONF_XL=0.8      <default 0.0>      "[0,1.0] confidence in Tab XY"
THMDEC_SL=8        <default 8>        "2^N thumb decimation factor"
THMDEC_XL=8        <default 8>        "2^N thumb decimation factor"
OLAP1D_SL=0        <default 0>        "Min 1D pix full-size overlap"
OLAP1D_XL=0        <default 0>        "Min 1D pix full-size overlap"
OLAP2D_SL=60000    <default 25000>    "Min 2D pix full-size overlap"
OLAP2D_XL=160000   <default 200000>   "Min 2D pix full-size overlap"
NBMXHT_SL=0.75     <default 0.75>     "Max F(neib)/F(pk) in guard zone"
NBMXHT_XL=0.75     <default 0.75>     "Max F(neib)/F(pk) in guard zone"
HFANGDN_SL=5       <default 5.0>      "Half angle search range denovo"
HFANGDN_XL=45      <default 45.0>     "Half angle search range denovo"
HFANGPR_SL=1       <default 1.0>      "Half angle search range prior angles"
HFANGPR_XL=4       <default 1.0>      "Half angle search range prior angles"
RTRSH_SL=0.3       <default 0.3>      "R corr thresh"
RTRSH_XL=0.3       <default 0.3>      "R corr thresh"
TWEAKS=N           <default N>        "Y=Try 8 near unity distortions"
LIMXY_SL=30        <default 0>        "0 or Max XY delta from Tab"
LIMXY_XL=80        <default 0>        "0 or Max XY delta from Tab"
WTHMPR=Y           <default Y>        "Y=Write ThmPair_a^b.txt entries"
OPT_SL=Y           <default Y(EM)>    "Y=Enable mesh optimizer"
RIT_SL=0.50        <default 0.20>     "Min mesh starting corr"
RIT_XL=0.1         <default 0.20>     "Min mesh starting corr"
RFA_SL=0.55        <default 0.3>      "Affine-only final corr"
RFA_XL=0.20        <default 0.3>      "Affine-only final corr"
RFT_SL=0.65        <default 0.5>      "Full mesh final corr"
RFT_XL=0.25        <default 0.5>      "Full mesh final corr"
TMC=5              <default 30.0%>    "Max single triangle area change"
TSC=9              <default 9.0%>     "Max summed triangle area change"
MNL=250            <default 300>      "Triangle edges between MNL and 2*MNL"
MTA=120000         <default 10000>    "Min triangle size (pixels)"
MMA=60000          <default 100000>   "Min 2D overlap for mesh"
ONE=N              <default N>        "Y=Use just one affine transform"
IFM=0.50           <default 0.50>     "Min Fourier Metric after affine-only"
FFM=0.65           <default 0.65>     "Min Fourier Metric after full mesh"
FYL=0.5            <default 0.50>     "Min fraction of yellow pixels"
CPD=0.5            <default 0.50>     "Min Correlation + DFM"
EMM=Y              <default Y>        "Y=Use Earth Mover's Metric, N=Use Fourier"
EMT=0.14           <default 0.2>      "Earth Movers Metric thresh"
WDI=N              <default N>        "Y=Write diff images (Fourier, EMM metrics)"
LDA=0.2            <default 0.2>      "Max radian delta between triangles"
LDR=0.1            <default 0.1>      "Max sine delta between triangles"
LDC=100            <default 100.0>    "Max XY delta between triangles"
DXY=100            <default 100.0>    "Max delta from user input XYs"
WMT=N              <default Y>        "Y=Write map.tif files"
WTT=N              <default Y>        "Y=Write tf.txt files"


---- Input images ----
Til2Img entry: A T=[ 1.0000  0.0000  1142.00  0.0000  1.0000  2571.00] path=[/groups/apig/tomo/DEMO/TIF/A1_3_2.tif].
Til2Img entry: B T=[ 1.0000  0.0000  1142.00  0.0000  1.0000  1714.00] path=[/groups/apig/tomo/DEMO/TIF/A1_2_2.tif].


---- Command-line overrides ----
Tdfm= 1.0000  0.0000     0.00    0.0000  1.0000     0.00
FLD=N
MODE=N (was M)
CTR=0


---- Image loading ----
Raster8FromTif: Opening [/groups/apig/tomo/DEMO/TIF/A1_3_2.tif].
Raster8FromTif: Bits per sample 8, samples per pixel 1
Raster8FromTif: Picture is 1376 by 1040, 1431040 pixels total.
TIF(8): Last Encoded strip had 1376 bytes.
Raster8FromTif: Opening [/groups/apig/tomo/DEMO/TIF/A1_2_2.tif].
Raster8FromTif: Bits per sample 8, samples per pixel 1
Raster8FromTif: Picture is 1376 by 1040, 1431040 pixels total.
TIF(8): Last Encoded strip had 1376 bytes.
PixPair: Using image scale=1.
Timer: Image conditioning took 0.240 seconds.

---- Foldmaps ----

---- Connected regions ----
Forcing single connected region.

---- Begin A-1 to B-1 ----

---- Thumbnail matching ----
Subimage: Using intersection, w=1376, h=183, pix=251808
Thumbs: After decimation 3956 pts, reqArea 937, thmscl 8
SetDisc( 0, 0, 3, 3 )
Initial: R= 5.298, A=   0.000, X=    0.27, Y=    0.01
Peak-Disc: dR 2 dX 2 dY 0
Approx: LowRes  R=5.298, X=2.166, Y=0.045
Approx: FullRes R=1.600, X=3.016, Y=-0.457, use=Y.
Timer: FinishAtFullRes took 0.220 seconds.
Approx: Returning A=0.000000, R=5.298290, X=3.015952, Y=856.543495
Approx: Best transform  1.0000  0.0000     3.02    0.0000  1.0000   856.54
Approx: Orig transform  1.0000  0.0000     0.00    0.0000  1.0000   857.00
Approx: Idnt transform  1.0000  0.0000     3.02    0.0000  1.0000    -0.46
Approx: err = 3.05031, max = 30

---- Starting detailed region mapping ----
Roughly 252632 pixels map to B.
Region size is [0 1372] in x, [0 183] in y.

---- Building mesh - affine ----
Computed simple triangle.

---- ImproveMesh - affine ----
Tri: (0 0) (1372 0) (686 183).

---- Matlab Vertices ----
x=[0 1372 686 0]; y=[0 0 183 0]; plot(x,y); hold on;

---- ImproveControlPts ----
STAT: ImproveCpt: Initial affine correlation 0.786535 (252632 pixels).
corr=0.786535	step=10.000000
corr=0.786535	step=5.000000
corr=0.786535	step=2.500000
corr=0.786535	step=1.250000
corr=0.786535	step=0.625000
corr=0.802876	step=0.625000
corr=0.802876	step=0.312500
corr=0.802876	step=0.156250
corr=0.802876	step=0.078125
STAT: ImproveCpt: Final affine correlation 0.802876, (threshold 0.550000).

---- Matlab A-Sys Originals ----
x=[0.000000 1372.000000 686.000000 0.000000]; y=[0.000000 0.000000 183.000000 0.000000]; plot(x,y); hold on;

---- Matlab B-Sys Originals ----
x=[3.015952 1375.015952 689.015952 3.015952]; y=[856.543495 856.543495 1039.543495 856.543495]; plot(x,y); hold on;

---- Matlab B-Sys Optimized ----
x=[2.742734 1374.754963 688.519763 2.742734]; y=[856.580316 856.547473 1039.560415 856.580316]; plot(x,y); hold on;

---- Deltas ----
id=     0: dx=   -0.27 dy=    0.04 d=    0.28
id=     1: dx=   -0.26 dy=    0.00 d=    0.26
id=     2: dx=   -0.50 dy=    0.02 d=    0.50

---- Areas ----
Triangle 0, area was   125538.0, is   125536.7,   -0.0%
Combined: area was   125538.0, is   125536.7,   -0.0%

---- Transforms ----
 1.0000 -0.0013     2.74   -0.0000  1.0000   856.58
Best affine transform:  1.0000 -0.0013     2.74   -0.0000  1.0000   856.58
    Inverse transform:  1.0000  0.0013    -3.82    0.0000  1.0000  -856.60

---- QC - affine ----
Metrics: AFF: Mean square difference 0.394527
Metrics: AFF: Smallest footprint deg=0, area=249704
MetricImages: Range x 0 1372, y 0 182, use Nx=1374, Ny=184
Approximate EM metric 0.076555 for 252816 points.
%Yellow: Tol   1.05  red   31.5  yellow   29.8  green   38.6
%Yellow: Tol   1.10  red   22.2  yellow   50.6  green   27.3
%Yellow: Tol   1.15  red   17.3  yellow   64.0  green   18.7
%Yellow: Tol   1.20  red   13.7  yellow   73.7  green   12.6
%Yellow: Tol   1.25  red   10.6  yellow   80.8  green    8.6
Affine Triangle: 251259 points, corr 0.802732, fm 0.076555, yellow 0.81

---- Building mesh - deformable ----
Lx Dx Nx:  1372   228.00   6
Ly Dy Ny:   183   183.00   1

STAT: From 252632 pts, got 12 triangles, 14 control points.
Timer: MeshCreate took 0.010 seconds.

---- ImproveMesh - deformable mesh ----
Tri: (0 0) (228 0) (0 183).
Tri: (0 183) (228 0) (228 183).
Tri: (228 0) (456 0) (228 183).
Tri: (228 183) (456 0) (456 183).
Tri: (456 0) (684 0) (456 183).
Tri: (456 183) (684 0) (684 183).
Tri: (684 0) (912 0) (684 183).
Tri: (684 183) (912 0) (912 183).
Tri: (912 0) (1140 0) (912 183).
Tri: (912 183) (1140 0) (1140 183).
Tri: (1140 0) (1372 0) (1140 183).
Tri: (1140 183) (1372 0) (1372 183).

---- Matlab Vertices ----
x=[0 228 0 0]; y=[0 0 183 0]; plot(x,y); hold on;
x=[0 228 228 0]; y=[183 0 183 183]; plot(x,y); hold on;
x=[228 456 228 228]; y=[0 0 183 0]; plot(x,y); hold on;
x=[228 456 456 228]; y=[183 0 183 183]; plot(x,y); hold on;
x=[456 684 456 456]; y=[0 0 183 0]; plot(x,y); hold on;
x=[456 684 684 456]; y=[183 0 183 183]; plot(x,y); hold on;
x=[684 912 684 684]; y=[0 0 183 0]; plot(x,y); hold on;
x=[684 912 912 684]; y=[183 0 183 183]; plot(x,y); hold on;
x=[912 1140 912 912]; y=[0 0 183 0]; plot(x,y); hold on;
x=[912 1140 1140 912]; y=[183 0 183 183]; plot(x,y); hold on;
x=[1140 1372 1140 1140]; y=[0 0 183 0]; plot(x,y); hold on;
x=[1140 1372 1372 1140]; y=[183 0 183 183]; plot(x,y); hold on;

---- ImproveControlPts ----
STAT: ImproveCpt: Initial deformable mesh correlation 0.802876 (252632 pixels).
corr=0.802876	step=10.000000
corr=0.802876	step=5.000000
corr=0.802876	step=2.500000
corr=0.802876	step=1.250000
corr=0.802876	step=0.625000
STAT: ImproveCpt: Final deformable mesh correlation 0.802876, (threshold 0.650000).

---- Matlab A-Sys Originals ----
x=[0.000000 228.000000 0.000000 0.000000]; y=[0.000000 0.000000 183.000000 0.000000]; plot(x,y); hold on;
x=[0.000000 228.000000 228.000000 0.000000]; y=[183.000000 0.000000 183.000000 183.000000]; plot(x,y); hold on;
x=[228.000000 456.000000 228.000000 228.000000]; y=[0.000000 0.000000 183.000000 0.000000]; plot(x,y); hold on;
x=[228.000000 456.000000 456.000000 228.000000]; y=[183.000000 0.000000 183.000000 183.000000]; plot(x,y); hold on;
x=[456.000000 684.000000 456.000000 456.000000]; y=[0.000000 0.000000 183.000000 0.000000]; plot(x,y); hold on;
x=[456.000000 684.000000 684.000000 456.000000]; y=[183.000000 0.000000 183.000000 183.000000]; plot(x,y); hold on;
x=[684.000000 912.000000 684.000000 684.000000]; y=[0.000000 0.000000 183.000000 0.000000]; plot(x,y); hold on;
x=[684.000000 912.000000 912.000000 684.000000]; y=[183.000000 0.000000 183.000000 183.000000]; plot(x,y); hold on;
x=[912.000000 1140.000000 912.000000 912.000000]; y=[0.000000 0.000000 183.000000 0.000000]; plot(x,y); hold on;
x=[912.000000 1140.000000 1140.000000 912.000000]; y=[183.000000 0.000000 183.000000 183.000000]; plot(x,y); hold on;
x=[1140.000000 1372.000000 1140.000000 1140.000000]; y=[0.000000 0.000000 183.000000 0.000000]; plot(x,y); hold on;
x=[1140.000000 1372.000000 1372.000000 1140.000000]; y=[183.000000 0.000000 183.000000 183.000000]; plot(x,y); hold on;

---- Matlab B-Sys Originals ----
x=[2.742734 230.744766 2.513649 2.742734]; y=[856.580316 856.574858 1039.576837 856.580316]; plot(x,y); hold on;
x=[2.513649 230.744766 230.515681 2.513649]; y=[1039.576837 856.574858 1039.571379 1039.576837]; plot(x,y); hold on;
x=[230.744766 458.746798 230.515681 230.744766]; y=[856.574858 856.569400 1039.571379 856.574858]; plot(x,y); hold on;
x=[230.515681 458.746798 458.517713 230.515681]; y=[1039.571379 856.569400 1039.565921 1039.571379]; plot(x,y); hold on;
x=[458.746798 686.748831 458.517713 458.746798]; y=[856.569400 856.563942 1039.565921 856.569400]; plot(x,y); hold on;
x=[458.517713 686.748831 686.519746 458.517713]; y=[1039.565921 856.563942 1039.560463 1039.565921]; plot(x,y); hold on;
x=[686.748831 914.750863 686.519746 686.748831]; y=[856.563942 856.558484 1039.560463 856.563942]; plot(x,y); hold on;
x=[686.519746 914.750863 914.521778 686.519746]; y=[1039.560463 856.558484 1039.555006 1039.560463]; plot(x,y); hold on;
x=[914.750863 1142.752895 914.521778 914.750863]; y=[856.558484 856.553026 1039.555006 856.558484]; plot(x,y); hold on;
x=[914.521778 1142.752895 1142.523810 914.521778]; y=[1039.555006 856.553026 1039.549548 1039.555006]; plot(x,y); hold on;
x=[1142.752895 1374.754963 1142.523810 1142.752895]; y=[856.553026 856.547473 1039.549548 856.553026]; plot(x,y); hold on;
x=[1142.523810 1374.754963 1374.525878 1142.523810]; y=[1039.549548 856.547473 1039.543994 1039.549548]; plot(x,y); hold on;

---- Matlab B-Sys Optimized ----
x=[2.742734 230.744766 2.513649 2.742734]; y=[856.580316 856.574858 1039.576837 856.580316]; plot(x,y); hold on;
x=[2.513649 230.744766 230.515681 2.513649]; y=[1039.576837 856.574858 1039.571379 1039.576837]; plot(x,y); hold on;
x=[230.744766 458.746798 230.515681 230.744766]; y=[856.574858 856.569400 1039.571379 856.574858]; plot(x,y); hold on;
x=[230.515681 458.746798 458.517713 230.515681]; y=[1039.571379 856.569400 1039.565921 1039.571379]; plot(x,y); hold on;
x=[458.746798 686.748831 458.517713 458.746798]; y=[856.569400 856.563942 1039.565921 856.569400]; plot(x,y); hold on;
x=[458.517713 686.748831 686.519746 458.517713]; y=[1039.565921 856.563942 1039.560463 1039.565921]; plot(x,y); hold on;
x=[686.748831 914.750863 686.519746 686.748831]; y=[856.563942 856.558484 1039.560463 856.563942]; plot(x,y); hold on;
x=[686.519746 914.750863 914.521778 686.519746]; y=[1039.560463 856.558484 1039.555006 1039.560463]; plot(x,y); hold on;
x=[914.750863 1142.752895 914.521778 914.750863]; y=[856.558484 856.553026 1039.555006 856.558484]; plot(x,y); hold on;
x=[914.521778 1142.752895 1142.523810 914.521778]; y=[1039.555006 856.553026 1039.549548 1039.555006]; plot(x,y); hold on;
x=[1142.752895 1374.754963 1142.523810 1142.752895]; y=[856.553026 856.547473 1039.549548 856.553026]; plot(x,y); hold on;
x=[1142.523810 1374.754963 1374.525878 1142.523810]; y=[1039.549548 856.547473 1039.543994 1039.549548]; plot(x,y); hold on;

---- Deltas ----
id=     0: dx=    0.00 dy=    0.00 d=    0.00
id=     1: dx=    0.00 dy=    0.00 d=    0.00
id=     2: dx=    0.00 dy=    0.00 d=    0.00
id=     3: dx=    0.00 dy=    0.00 d=    0.00
id=     4: dx=    0.00 dy=    0.00 d=    0.00
id=     5: dx=    0.00 dy=    0.00 d=    0.00
id=     6: dx=    0.00 dy=    0.00 d=    0.00
id=     7: dx=    0.00 dy=    0.00 d=    0.00
id=     8: dx=    0.00 dy=    0.00 d=    0.00
id=     9: dx=    0.00 dy=    0.00 d=    0.00
id=    10: dx=    0.00 dy=    0.00 d=    0.00
id=    11: dx=    0.00 dy=    0.00 d=    0.00
id=    12: dx=    0.00 dy=    0.00 d=    0.00
id=    13: dx=    0.00 dy=    0.00 d=    0.00

---- Areas ----
Triangle 0, area was    20862.0, is    20861.8,   -0.0%
Triangle 1, area was    20862.0, is    20861.8,   -0.0%
Triangle 2, area was    20862.0, is    20861.8,   -0.0%
Triangle 3, area was    20862.0, is    20861.8,   -0.0%
Triangle 4, area was    20862.0, is    20861.8,   -0.0%
Triangle 5, area was    20862.0, is    20861.8,   -0.0%
Triangle 6, area was    20862.0, is    20861.8,   -0.0%
Triangle 7, area was    20862.0, is    20861.8,   -0.0%
Triangle 8, area was    20862.0, is    20861.8,   -0.0%
Triangle 9, area was    20862.0, is    20861.8,   -0.0%
Triangle 10, area was    21228.0, is    21227.8,   -0.0%
Triangle 11, area was    21228.0, is    21227.8,   -0.0%
Combined: area was   251076.0, is   251073.5,   -0.0%

---- Transforms ----
 1.0000 -0.0013     2.74   -0.0000  1.0000   856.58
 1.0000 -0.0013     2.74   -0.0000  1.0000   856.58
 1.0000 -0.0013     2.74   -0.0000  1.0000   856.58
 1.0000 -0.0013     2.74   -0.0000  1.0000   856.58
 1.0000 -0.0013     2.74   -0.0000  1.0000   856.58
 1.0000 -0.0013     2.74   -0.0000  1.0000   856.58
 1.0000 -0.0013     2.74   -0.0000  1.0000   856.58
 1.0000 -0.0013     2.74   -0.0000  1.0000   856.58
 1.0000 -0.0013     2.74   -0.0000  1.0000   856.58
 1.0000 -0.0013     2.74   -0.0000  1.0000   856.58
 1.0000 -0.0013     2.74   -0.0000  1.0000   856.58
 1.0000 -0.0013     2.74   -0.0000  1.0000   856.58

---- QC - deformable ----
Remapping 1431040 points.
Metrics: DEF: Mean square difference 0.394527
Metrics: DEF: Smallest footprint deg=0, area=249704
MetricImages: Range x 0 1372, y 0 182, use Nx=1374, Ny=184
Approximate EM metric 0.076555 for 252816 points.
All points, deformable, dfm 0.076555

Metrics: TRI: Mean square difference 0.388385
Metrics: TRI: Smallest footprint deg=0, area=41496
MetricImages: Range x 0 228, y 0 182, use Nx=230, Ny=184
Approximate EM metric 0.054821 for 42320 points.
%Yellow: Tol   1.05  red   33.4  yellow   28.8  green   37.8
%Yellow: Tol   1.10  red   25.1  yellow   47.3  green   27.5
%Yellow: Tol   1.15  red   19.4  yellow   60.1  green   20.5
%Yellow: Tol   1.20  red   14.8  yellow   71.2  green   14.0
%Yellow: Tol   1.25  red   11.2  yellow   78.7  green   10.2
Triangle 0: 21069 points, corr 0.805760, fm 0.054821, yellow 0.79

Metrics: TRI: Mean square difference 0.406300
Metrics: TRI: Smallest footprint deg=0, area=40906
MetricImages: Range x 2 228, y 1 182, use Nx=228, Ny=182
Approximate EM metric 0.051647 for 41496 points.
%Yellow: Tol   1.05  red   34.9  yellow   26.0  green   39.0
%Yellow: Tol   1.10  red   26.7  yellow   46.5  green   26.7
%Yellow: Tol   1.15  red   21.1  yellow   59.4  green   19.5
%Yellow: Tol   1.20  red   16.1  yellow   68.7  green   15.2
%Yellow: Tol   1.25  red   12.3  yellow   75.4  green   12.3
Triangle 1: 20838 points, corr 0.796802, fm 0.051647, yellow 0.75

Metrics: TRI: Mean square difference 0.351892
Metrics: TRI: Smallest footprint deg=0, area=41314
MetricImages: Range x 229 456, y 0 182, use Nx=228, Ny=184
Approximate EM metric 0.048388 for 41952 points.
%Yellow: Tol   1.05  red   21.2  yellow   48.1  green   30.8
%Yellow: Tol   1.10  red   15.0  yellow   64.8  green   20.3
%Yellow: Tol   1.15  red   12.8  yellow   73.4  green   13.7
%Yellow: Tol   1.20  red   10.5  yellow   80.3  green    9.2
%Yellow: Tol   1.25  red    8.5  yellow   85.2  green    6.3
Triangle 2: 20886 points, corr 0.824006, fm 0.048388, yellow 0.85

Metrics: TRI: Mean square difference 0.398954
Metrics: TRI: Smallest footprint deg=0, area=40906
MetricImages: Range x 230 456, y 1 182, use Nx=228, Ny=182
Approximate EM metric 0.022558 for 41496 points.
%Yellow: Tol   1.05  red   20.3  yellow   46.9  green   32.8
%Yellow: Tol   1.10  red   16.8  yellow   60.6  green   22.6
%Yellow: Tol   1.15  red   14.6  yellow   70.8  green   14.7
%Yellow: Tol   1.20  red   11.8  yellow   78.8  green    9.4
%Yellow: Tol   1.25  red    9.8  yellow   83.9  green    6.3
Triangle 3: 20838 points, corr 0.800475, fm 0.022558, yellow 0.84

Metrics: TRI: Mean square difference 0.367599
Metrics: TRI: Smallest footprint deg=0, area=41314
MetricImages: Range x 457 684, y 0 182, use Nx=228, Ny=184
Approximate EM metric 0.030144 for 41952 points.
%Yellow: Tol   1.05  red   19.1  yellow   53.3  green   27.5
%Yellow: Tol   1.10  red   16.3  yellow   64.7  green   19.0
%Yellow: Tol   1.15  red   14.1  yellow   73.7  green   12.2
%Yellow: Tol   1.20  red   11.6  yellow   80.8  green    7.6
%Yellow: Tol   1.25  red    9.8  yellow   85.2  green    5.0
Triangle 4: 20886 points, corr 0.816153, fm 0.030144, yellow 0.85

Metrics: TRI: Mean square difference 0.339246
Metrics: TRI: Smallest footprint deg=0, area=40906
MetricImages: Range x 458 684, y 1 182, use Nx=228, Ny=182
Approximate EM metric 0.033081 for 41496 points.
%Yellow: Tol   1.05  red   27.7  yellow   33.4  green   38.9
%Yellow: Tol   1.10  red   21.8  yellow   54.7  green   23.5
%Yellow: Tol   1.15  red   17.6  yellow   66.7  green   15.7
%Yellow: Tol   1.20  red   14.1  yellow   75.6  green   10.3
%Yellow: Tol   1.25  red   10.7  yellow   82.5  green    6.7
Triangle 5: 20838 points, corr 0.830329, fm 0.033081, yellow 0.83

Metrics: TRI: Mean square difference 0.347533
Metrics: TRI: Smallest footprint deg=0, area=41314
MetricImages: Range x 685 912, y 0 182, use Nx=228, Ny=184
Approximate EM metric 0.035498 for 41952 points.
%Yellow: Tol   1.05  red   27.9  yellow   28.9  green   43.1
%Yellow: Tol   1.10  red   23.5  yellow   48.4  green   28.2
%Yellow: Tol   1.15  red   19.0  yellow   63.8  green   17.2
%Yellow: Tol   1.20  red   14.9  yellow   75.3  green    9.8
%Yellow: Tol   1.25  red   11.1  yellow   82.6  green    6.3
Triangle 6: 20886 points, corr 0.826186, fm 0.035498, yellow 0.83

Metrics: TRI: Mean square difference 0.349960
Metrics: TRI: Smallest footprint deg=0, area=40906
MetricImages: Range x 686 912, y 1 182, use Nx=228, Ny=182
Approximate EM metric 0.038774 for 41496 points.
%Yellow: Tol   1.05  red   33.2  yellow   20.7  green   46.1
%Yellow: Tol   1.10  red   26.0  yellow   43.1  green   30.9
%Yellow: Tol   1.15  red   20.9  yellow   61.5  green   17.6
%Yellow: Tol   1.20  red   15.8  yellow   72.5  green   11.7
%Yellow: Tol   1.25  red   11.5  yellow   80.6  green    7.9
Triangle 7: 20838 points, corr 0.824972, fm 0.038774, yellow 0.81

Metrics: TRI: Mean square difference 0.397950
Metrics: TRI: Smallest footprint deg=0, area=41314
MetricImages: Range x 913 1140, y 0 182, use Nx=228, Ny=184
Approximate EM metric 0.044692 for 41952 points.
%Yellow: Tol   1.05  red   26.1  yellow   35.5  green   38.4
%Yellow: Tol   1.10  red   19.6  yellow   54.0  green   26.4
%Yellow: Tol   1.15  red   16.8  yellow   65.4  green   17.9
%Yellow: Tol   1.20  red   13.6  yellow   75.1  green   11.3
%Yellow: Tol   1.25  red   10.9  yellow   83.1  green    6.0
Triangle 8: 20886 points, corr 0.800977, fm 0.044692, yellow 0.83

Metrics: TRI: Mean square difference 0.432722
Metrics: TRI: Smallest footprint deg=0, area=40906
MetricImages: Range x 914 1140, y 1 182, use Nx=228, Ny=182
Approximate EM metric 0.046240 for 41496 points.
%Yellow: Tol   1.05  red   30.2  yellow   21.8  green   48.0
%Yellow: Tol   1.10  red   22.8  yellow   48.3  green   28.8
%Yellow: Tol   1.15  red   17.6  yellow   67.1  green   15.3
%Yellow: Tol   1.20  red   14.2  yellow   76.7  green    9.1
%Yellow: Tol   1.25  red   11.5  yellow   82.8  green    5.7
Triangle 9: 20838 points, corr 0.783591, fm 0.046240, yellow 0.83

Metrics: TRI: Mean square difference 0.432535
Metrics: TRI: Smallest footprint deg=0, area=42042
MetricImages: Range x 1141 1372, y 0 182, use Nx=232, Ny=184
Approximate EM metric 0.039653 for 42688 points.
%Yellow: Tol   1.05  red   28.5  yellow   25.6  green   45.9
%Yellow: Tol   1.10  red   24.6  yellow   46.2  green   29.2
%Yellow: Tol   1.15  red   20.6  yellow   61.1  green   18.2
%Yellow: Tol   1.20  red   16.5  yellow   71.9  green   11.6
%Yellow: Tol   1.25  red   12.9  yellow   80.1  green    7.0
Triangle 10: 21253 points, corr 0.783686, fm 0.039653, yellow 0.80

Metrics: TRI: Mean square difference 0.488164
Metrics: TRI: Smallest footprint deg=0, area=41630
MetricImages: Range x 1142 1372, y 1 182, use Nx=232, Ny=182
Approximate EM metric 0.060491 for 42224 points.
%Yellow: Tol   1.05  red   31.4  yellow   20.8  green   47.9
%Yellow: Tol   1.10  red   26.4  yellow   38.4  green   35.2
%Yellow: Tol   1.15  red   22.2  yellow   55.0  green   22.8
%Yellow: Tol   1.20  red   18.0  yellow   69.2  green   12.8
%Yellow: Tol   1.25  red   14.2  yellow   78.3  green    7.5
Triangle 11: 21203 points, corr 0.755871, fm 0.060491, yellow 0.78


---- Final reports ----
STAT: Overall 251259 points, corr 0.8029, EMM 0.0766, weighted EMM 0.0422, cor+dfm 0.8794, weighted yellow 0.8154

Angle span: min, max, delta = 0.000614 0.000614 0.000000
Mesh-Thm: 0.0000  0.0013     0.27    0.0000  0.0000     0.04 2x(LDR,LDC)=(0.20,200.00) -- OK.

Final remapping of 1431040 points.
Center 73.002690 58.594264:  1.0000 -0.0013     2.74   -0.0000  1.0000   856.58
Mapping region 1 xy= 73.002690 58.594264 to region 1 xy= 75.672724 915.171718
Center 140.096892 126.776905:  1.0000 -0.0013     2.74   -0.0000  1.0000   856.58
Mapping region 1 xy= 140.096892 126.776905 to region 1 xy= 142.682171 983.351457
Center 297.931856 56.129516:  1.0000 -0.0013     2.74   -0.0000  1.0000   856.58
Mapping region 1 xy= 297.931856 56.129516 to region 1 xy= 300.606980 912.701632
Center 366.142960 127.561049:  1.0000 -0.0013     2.74   -0.0000  1.0000   856.58
Mapping region 1 xy= 366.142960 127.561049 to region 1 xy= 368.729273 984.130175
Center 530.498610 59.794937:  1.0000 -0.0013     2.74   -0.0000  1.0000   856.58
Mapping region 1 xy= 530.498610 59.794937 to region 1 xy= 533.171219 916.361417
Center 602.904614 124.044859:  1.0000 -0.0013     2.74   -0.0000  1.0000   856.58
Mapping region 1 xy= 602.904614 124.044859 to region 1 xy= 605.497439 980.608384
Center 754.161455 56.313799:  1.0000 -0.0013     2.74   -0.0000  1.0000   856.58
Mapping region 1 xy= 754.161455 56.313799 to region 1 xy= 756.840416 912.874991
Center 831.777824 123.694426:  1.0000 -0.0013     2.74   -0.0000  1.0000   856.58
Mapping region 1 xy= 831.777824 123.694426 to region 1 xy= 834.373128 980.252479
Center 983.789828 57.620783:  1.0000 -0.0013     2.74   -0.0000  1.0000   856.58
Mapping region 1 xy= 983.789828 57.620783 to region 1 xy= 986.469200 914.176454
Center 1056.743565 124.912122:  1.0000 -0.0013     2.74   -0.0000  1.0000   856.58
Mapping region 1 xy= 1056.743565 124.912122 to region 1 xy= 1059.339349 981.464767
Center 1212.470065 57.163887:  1.0000 -0.0013     2.74   -0.0000  1.0000   856.58
Mapping region 1 xy= 1212.470065 57.163887 to region 1 xy= 1215.152047 913.714092
Center 1289.024667 124.225185:  1.0000 -0.0013     2.74   -0.0000  1.0000   856.58
Mapping region 1 xy= 1289.024667 124.225185 to region 1 xy= 1291.623382 980.772283

Pipe: Returning 12 total transforms.

---- Summary Region-region results ----
Pipe: Table Headers {Az t r Bz t r thmok ntri}
FOUND:     0    3   1      0    2   1   1  12

---- Tabulating point matches ----
Tabulate: Rgn 1 -> 1: Keeping 12 of 12 point-pairs.

Timer: Alignment took 1.410 seconds.

main: Got 12 mapping regions.
main: Transform   0:  1.0000 -0.0013     2.74   -0.0000  1.0000   856.58
main: Transform   1:  1.0000 -0.0013     2.74   -0.0000  1.0000   856.58
main: Transform   2:  1.0000 -0.0013     2.74   -0.0000  1.0000   856.58
main: Transform   3:  1.0000 -0.0013     2.74   -0.0000  1.0000   856.58
main: Transform   4:  1.0000 -0.0013     2.74   -0.0000  1.0000   856.58
main: Transform   5:  1.0000 -0.0013     2.74   -0.0000  1.0000   856.58
main: Transform   6:  1.0000 -0.0013     2.74   -0.0000  1.0000   856.58
main: Transform   7:  1.0000 -0.0013     2.74   -0.0000  1.0000   856.58
main: Transform   8:  1.0000 -0.0013     2.74   -0.0000  1.0000   856.58
main: Transform   9:  1.0000 -0.0013     2.74   -0.0000  1.0000   856.58
main: Transform  10:  1.0000 -0.0013     2.74   -0.0000  1.0000   856.58
main: Transform  11:  1.0000 -0.0013     2.74   -0.0000  1.0000   856.58

main: Average:  1.0000 -0.0013     0.00   -0.0000  1.0000     0.00
main: Degrees: 0.0351767
main: Residue:  1.0000 -0.0006     0.00   -0.0006  1.0000     0.00

main: Inverse:  1.0000  0.0013    -0.00    0.0000  1.0000    -0.00
main: Degrees: -0.0351767
main: Residue:  1.0000  0.0006     0.00    0.0006  1.0000     0.00

main: Normal completion for dmesh run.
Timer: Total took 1.650 seconds.

---- Memory ----
Host name: h08u02.int.janelia.org
PID:       24504
User time:       1 seconds.
System time:     0 seconds.
VmPeak:	  380064 kB
VmSize:	  217288 kB
VmLck:	       0 kB
VmPin:	       0 kB
VmHWM:	  216764 kB
VmRSS:	   53564 kB
VmData:	   47896 kB
VmStk:	     160 kB
VmExe:	     832 kB
VmLib:	   85564 kB
VmPTE:	     340 kB
VmSwap:	       0 kB
voluntary_ctxt_switches:	22
nonvoluntary_ctxt_switches:	34

