
---- dmesh start ----
main: Start: Fri Sep 30 13:13:17 2016


---- Match parameters ----
PXBRO=2            <default 2>        "Max Legendre poly order for bkg removal"
PXLENS=N           <default N>        "Y=Apply IDB/lens.txt"
PXRESMSK=N         <default N>        "Y=Apply resin mask"
PXDOG=N            <default N>        "Y=Apply DoG filter"
PXDOG_R1=3         <default 3>        "DoG inner radius"
PXDOG_R2=6         <default 6>        "DoG outer radius"
FLD=N              <default X>        "Mask usage: Y=Use, N=None, X=XL only"
PRETWEAK=N         <default N>        "Y=Auto-distort before angle scan"
SCALE=1            <default 1.0>      "Image-B / image-A scale factor"
XSCALE=1           <default 1.0>      "Image-B / image-A x-axis scale factor"
YSCALE=1           <default 1.0>      "Image-B / image-A y-axis scale factor"
SKEW=0             <default 0.0>      "Transform elem[3] user-applied distortion"
MODE_SL=M          <default Z>        "Notes above"
MODE_XL=N          <default Y>        "Notes above"
TAB2DFM_SL=N       <default Y>        "Adopt Tdfm from Tab"
TAB2DFM_XL=Y       <default Y>        "Adopt Tdfm from Tab"
XYCONF_SL=1.0      <default 0.0>      "[0,1.0] confidence in Tab XY"
XYCONF_XL=0.8      <default 0.0>      "[0,1.0] confidence in Tab XY"
THMDEC_SL=8        <default 8>        "2^N thumb decimation factor"
THMDEC_XL=8        <default 8>        "2^N thumb decimation factor"
OLAP1D_SL=0        <default 0>        "Min 1D pix full-size overlap"
OLAP1D_XL=0        <default 0>        "Min 1D pix full-size overlap"
OLAP2D_SL=60000    <default 25000>    "Min 2D pix full-size overlap"
OLAP2D_XL=160000   <default 200000>   "Min 2D pix full-size overlap"
NBMXHT_SL=0.75     <default 0.75>     "Max F(neib)/F(pk) in guard zone"
NBMXHT_XL=0.75     <default 0.75>     "Max F(neib)/F(pk) in guard zone"
HFANGDN_SL=5       <default 5.0>      "Half angle search range denovo"
HFANGDN_XL=45      <default 45.0>     "Half angle search range denovo"
HFANGPR_SL=1       <default 1.0>      "Half angle search range prior angles"
HFANGPR_XL=4       <default 1.0>      "Half angle search range prior angles"
RTRSH_SL=0.3       <default 0.3>      "R corr thresh"
RTRSH_XL=0.3       <default 0.3>      "R corr thresh"
TWEAKS=N           <default N>        "Y=Try 8 near unity distortions"
LIMXY_SL=30        <default 0>        "0 or Max XY delta from Tab"
LIMXY_XL=80        <default 0>        "0 or Max XY delta from Tab"
WTHMPR=Y           <default Y>        "Y=Write ThmPair_a^b.txt entries"
OPT_SL=Y           <default Y(EM)>    "Y=Enable mesh optimizer"
RIT_SL=0.50        <default 0.20>     "Min mesh starting corr"
RIT_XL=0.1         <default 0.20>     "Min mesh starting corr"
RFA_SL=0.55        <default 0.3>      "Affine-only final corr"
RFA_XL=0.20        <default 0.3>      "Affine-only final corr"
RFT_SL=0.65        <default 0.5>      "Full mesh final corr"
RFT_XL=0.25        <default 0.5>      "Full mesh final corr"
TMC=5              <default 30.0%>    "Max single triangle area change"
TSC=9              <default 9.0%>     "Max summed triangle area change"
MNL=250            <default 300>      "Triangle edges between MNL and 2*MNL"
MTA=120000         <default 10000>    "Min triangle size (pixels)"
MMA=60000          <default 100000>   "Min 2D overlap for mesh"
ONE=N              <default N>        "Y=Use just one affine transform"
IFM=0.50           <default 0.50>     "Min Fourier Metric after affine-only"
FFM=0.65           <default 0.65>     "Min Fourier Metric after full mesh"
FYL=0.5            <default 0.50>     "Min fraction of yellow pixels"
CPD=0.5            <default 0.50>     "Min Correlation + DFM"
EMM=Y              <default Y>        "Y=Use Earth Mover's Metric, N=Use Fourier"
EMT=0.14           <default 0.2>      "Earth Movers Metric thresh"
WDI=N              <default N>        "Y=Write diff images (Fourier, EMM metrics)"
LDA=0.2            <default 0.2>      "Max radian delta between triangles"
LDR=0.1            <default 0.1>      "Max sine delta between triangles"
LDC=100            <default 100.0>    "Max XY delta between triangles"
DXY=100            <default 100.0>    "Max delta from user input XYs"
WMT=N              <default Y>        "Y=Write map.tif files"
WTT=N              <default Y>        "Y=Write tf.txt files"


---- Input images ----
Til2Img entry: A T=[ 1.0000  0.0000     0.00  0.0000  1.0000  2571.00] path=[/groups/apig/tomo/DEMO/TIF/A1_10_2.tif].
Til2Img entry: B T=[ 1.0000  0.0000     0.00  0.0000  1.0000  1714.00] path=[/groups/apig/tomo/DEMO/TIF/A1_11_2.tif].


---- Command-line overrides ----
Tdfm= 1.0000  0.0000     0.00    0.0000  1.0000     0.00
FLD=N
MODE=N (was M)
CTR=0


---- Image loading ----
Raster8FromTif: Opening [/groups/apig/tomo/DEMO/TIF/A1_10_2.tif].
Raster8FromTif: Bits per sample 8, samples per pixel 1
Raster8FromTif: Picture is 1376 by 1040, 1431040 pixels total.
TIF(8): Last Encoded strip had 1376 bytes.
Raster8FromTif: Opening [/groups/apig/tomo/DEMO/TIF/A1_11_2.tif].
Raster8FromTif: Bits per sample 8, samples per pixel 1
Raster8FromTif: Picture is 1376 by 1040, 1431040 pixels total.
TIF(8): Last Encoded strip had 1376 bytes.
PixPair: Using image scale=1.
Timer: Image conditioning took 0.250 seconds.

---- Foldmaps ----

---- Connected regions ----
Forcing single connected region.

---- Begin A-1 to B-1 ----

---- Thumbnail matching ----
Subimage: Using intersection, w=1376, h=183, pix=251808
Thumbs: After decimation 3956 pts, reqArea 937, thmscl 8
SetDisc( 0, 0, 3, 3 )
Initial: R= 4.208, A=   0.000, X=    0.28, Y=    0.27
Peak-Disc: dR 3 dX 2 dY 2
Approx: LowRes  R=4.208, X=2.231, Y=2.146
Approx: FullRes R=1.257, X=3.232, Y=2.833, use=Y.
Timer: FinishAtFullRes took 0.220 seconds.
Approx: Returning A=0.000000, R=4.207905, X=3.232127, Y=859.833144
Approx: Best transform  1.0000  0.0000     3.23    0.0000  1.0000   859.83
Approx: Orig transform  1.0000  0.0000     0.00    0.0000  1.0000   857.00
Approx: Idnt transform  1.0000  0.0000     3.23    0.0000  1.0000     2.83
Approx: err = 4.29806, max = 30

---- Starting detailed region mapping ----
Roughly 248513 pixels map to B.
Region size is [0 1372] in x, [0 180] in y.

---- Building mesh - affine ----
Computed simple triangle.

---- ImproveMesh - affine ----
Tri: (0 0) (1372 0) (686 180).

---- Matlab Vertices ----
x=[0 1372 686 0]; y=[0 0 180 0]; plot(x,y); hold on;

---- ImproveControlPts ----
STAT: ImproveCpt: Initial affine correlation 0.792509 (248513 pixels).
corr=0.792509	step=10.000000
corr=0.792509	step=5.000000
corr=0.792509	step=2.500000
corr=0.792509	step=1.250000
corr=0.792509	step=0.625000
STAT: ImproveCpt: Final affine correlation 0.792509, (threshold 0.550000).

---- Matlab A-Sys Originals ----
x=[0.000000 1372.000000 686.000000 0.000000]; y=[0.000000 0.000000 180.000000 0.000000]; plot(x,y); hold on;

---- Matlab B-Sys Originals ----
x=[3.232127 1375.232127 689.232127 3.232127]; y=[859.833144 859.833144 1039.833144 859.833144]; plot(x,y); hold on;

---- Matlab B-Sys Optimized ----
x=[3.232127 1375.232127 689.232127 3.232127]; y=[859.833144 859.833144 1039.833144 859.833144]; plot(x,y); hold on;

---- Deltas ----
id=     0: dx=    0.00 dy=    0.00 d=    0.00
id=     1: dx=    0.00 dy=    0.00 d=    0.00
id=     2: dx=    0.00 dy=    0.00 d=    0.00

---- Areas ----
Triangle 0, area was   123480.0, is   123480.0,    0.0%
Combined: area was   123480.0, is   123480.0,    0.0%

---- Transforms ----
 1.0000  0.0000     3.23    0.0000  1.0000   859.83
Best affine transform:  1.0000  0.0000     3.23    0.0000  1.0000   859.83
    Inverse transform:  1.0000 -0.0000    -3.23   -0.0000  1.0000  -859.83

---- QC - affine ----
Metrics: AFF: Mean square difference 0.413042
Metrics: AFF: Smallest footprint deg=0, area=245409
MetricImages: Range x 0 1371, y 0 179, use Nx=1372, Ny=180
Approximate EM metric 0.069796 for 246960 points.
%Yellow: Tol   1.05  red   30.6  yellow   32.5  green   36.9
%Yellow: Tol   1.10  red   23.8  yellow   51.4  green   24.8
%Yellow: Tol   1.15  red   19.6  yellow   61.8  green   18.7
%Yellow: Tol   1.20  red   15.9  yellow   69.3  green   14.8
%Yellow: Tol   1.25  red   12.8  yellow   75.4  green   11.8
Affine Triangle: 246960 points, corr 0.793475, fm 0.069796, yellow 0.75

---- Building mesh - deformable ----
Lx Dx Nx:  1372   228.00   6
Ly Dy Ny:   180   180.00   1

STAT: From 248513 pts, got 12 triangles, 14 control points.
Timer: MeshCreate took 0.010 seconds.

---- ImproveMesh - deformable mesh ----
Tri: (0 0) (228 0) (0 180).
Tri: (0 180) (228 0) (228 180).
Tri: (228 0) (456 0) (228 180).
Tri: (228 180) (456 0) (456 180).
Tri: (456 0) (684 0) (456 180).
Tri: (456 180) (684 0) (684 180).
Tri: (684 0) (912 0) (684 180).
Tri: (684 180) (912 0) (912 180).
Tri: (912 0) (1140 0) (912 180).
Tri: (912 180) (1140 0) (1140 180).
Tri: (1140 0) (1372 0) (1140 180).
Tri: (1140 180) (1372 0) (1372 180).

---- Matlab Vertices ----
x=[0 228 0 0]; y=[0 0 180 0]; plot(x,y); hold on;
x=[0 228 228 0]; y=[180 0 180 180]; plot(x,y); hold on;
x=[228 456 228 228]; y=[0 0 180 0]; plot(x,y); hold on;
x=[228 456 456 228]; y=[180 0 180 180]; plot(x,y); hold on;
x=[456 684 456 456]; y=[0 0 180 0]; plot(x,y); hold on;
x=[456 684 684 456]; y=[180 0 180 180]; plot(x,y); hold on;
x=[684 912 684 684]; y=[0 0 180 0]; plot(x,y); hold on;
x=[684 912 912 684]; y=[180 0 180 180]; plot(x,y); hold on;
x=[912 1140 912 912]; y=[0 0 180 0]; plot(x,y); hold on;
x=[912 1140 1140 912]; y=[180 0 180 180]; plot(x,y); hold on;
x=[1140 1372 1140 1140]; y=[0 0 180 0]; plot(x,y); hold on;
x=[1140 1372 1372 1140]; y=[180 0 180 180]; plot(x,y); hold on;

---- ImproveControlPts ----
STAT: ImproveCpt: Initial deformable mesh correlation 0.792509 (248513 pixels).
corr=0.792509	step=10.000000
corr=0.792509	step=5.000000
corr=0.792509	step=2.500000
corr=0.792509	step=1.250000
corr=0.792509	step=0.625000
STAT: ImproveCpt: Final deformable mesh correlation 0.792509, (threshold 0.650000).

---- Matlab A-Sys Originals ----
x=[0.000000 228.000000 0.000000 0.000000]; y=[0.000000 0.000000 180.000000 0.000000]; plot(x,y); hold on;
x=[0.000000 228.000000 228.000000 0.000000]; y=[180.000000 0.000000 180.000000 180.000000]; plot(x,y); hold on;
x=[228.000000 456.000000 228.000000 228.000000]; y=[0.000000 0.000000 180.000000 0.000000]; plot(x,y); hold on;
x=[228.000000 456.000000 456.000000 228.000000]; y=[180.000000 0.000000 180.000000 180.000000]; plot(x,y); hold on;
x=[456.000000 684.000000 456.000000 456.000000]; y=[0.000000 0.000000 180.000000 0.000000]; plot(x,y); hold on;
x=[456.000000 684.000000 684.000000 456.000000]; y=[180.000000 0.000000 180.000000 180.000000]; plot(x,y); hold on;
x=[684.000000 912.000000 684.000000 684.000000]; y=[0.000000 0.000000 180.000000 0.000000]; plot(x,y); hold on;
x=[684.000000 912.000000 912.000000 684.000000]; y=[180.000000 0.000000 180.000000 180.000000]; plot(x,y); hold on;
x=[912.000000 1140.000000 912.000000 912.000000]; y=[0.000000 0.000000 180.000000 0.000000]; plot(x,y); hold on;
x=[912.000000 1140.000000 1140.000000 912.000000]; y=[180.000000 0.000000 180.000000 180.000000]; plot(x,y); hold on;
x=[1140.000000 1372.000000 1140.000000 1140.000000]; y=[0.000000 0.000000 180.000000 0.000000]; plot(x,y); hold on;
x=[1140.000000 1372.000000 1372.000000 1140.000000]; y=[180.000000 0.000000 180.000000 180.000000]; plot(x,y); hold on;

---- Matlab B-Sys Originals ----
x=[3.232127 231.232127 3.232127 3.232127]; y=[859.833144 859.833144 1039.833144 859.833144]; plot(x,y); hold on;
x=[3.232127 231.232127 231.232127 3.232127]; y=[1039.833144 859.833144 1039.833144 1039.833144]; plot(x,y); hold on;
x=[231.232127 459.232127 231.232127 231.232127]; y=[859.833144 859.833144 1039.833144 859.833144]; plot(x,y); hold on;
x=[231.232127 459.232127 459.232127 231.232127]; y=[1039.833144 859.833144 1039.833144 1039.833144]; plot(x,y); hold on;
x=[459.232127 687.232127 459.232127 459.232127]; y=[859.833144 859.833144 1039.833144 859.833144]; plot(x,y); hold on;
x=[459.232127 687.232127 687.232127 459.232127]; y=[1039.833144 859.833144 1039.833144 1039.833144]; plot(x,y); hold on;
x=[687.232127 915.232127 687.232127 687.232127]; y=[859.833144 859.833144 1039.833144 859.833144]; plot(x,y); hold on;
x=[687.232127 915.232127 915.232127 687.232127]; y=[1039.833144 859.833144 1039.833144 1039.833144]; plot(x,y); hold on;
x=[915.232127 1143.232127 915.232127 915.232127]; y=[859.833144 859.833144 1039.833144 859.833144]; plot(x,y); hold on;
x=[915.232127 1143.232127 1143.232127 915.232127]; y=[1039.833144 859.833144 1039.833144 1039.833144]; plot(x,y); hold on;
x=[1143.232127 1375.232127 1143.232127 1143.232127]; y=[859.833144 859.833144 1039.833144 859.833144]; plot(x,y); hold on;
x=[1143.232127 1375.232127 1375.232127 1143.232127]; y=[1039.833144 859.833144 1039.833144 1039.833144]; plot(x,y); hold on;

---- Matlab B-Sys Optimized ----
x=[3.232127 231.232127 3.232127 3.232127]; y=[859.833144 859.833144 1039.833144 859.833144]; plot(x,y); hold on;
x=[3.232127 231.232127 231.232127 3.232127]; y=[1039.833144 859.833144 1039.833144 1039.833144]; plot(x,y); hold on;
x=[231.232127 459.232127 231.232127 231.232127]; y=[859.833144 859.833144 1039.833144 859.833144]; plot(x,y); hold on;
x=[231.232127 459.232127 459.232127 231.232127]; y=[1039.833144 859.833144 1039.833144 1039.833144]; plot(x,y); hold on;
x=[459.232127 687.232127 459.232127 459.232127]; y=[859.833144 859.833144 1039.833144 859.833144]; plot(x,y); hold on;
x=[459.232127 687.232127 687.232127 459.232127]; y=[1039.833144 859.833144 1039.833144 1039.833144]; plot(x,y); hold on;
x=[687.232127 915.232127 687.232127 687.232127]; y=[859.833144 859.833144 1039.833144 859.833144]; plot(x,y); hold on;
x=[687.232127 915.232127 915.232127 687.232127]; y=[1039.833144 859.833144 1039.833144 1039.833144]; plot(x,y); hold on;
x=[915.232127 1143.232127 915.232127 915.232127]; y=[859.833144 859.833144 1039.833144 859.833144]; plot(x,y); hold on;
x=[915.232127 1143.232127 1143.232127 915.232127]; y=[1039.833144 859.833144 1039.833144 1039.833144]; plot(x,y); hold on;
x=[1143.232127 1375.232127 1143.232127 1143.232127]; y=[859.833144 859.833144 1039.833144 859.833144]; plot(x,y); hold on;
x=[1143.232127 1375.232127 1375.232127 1143.232127]; y=[1039.833144 859.833144 1039.833144 1039.833144]; plot(x,y); hold on;

---- Deltas ----
id=     0: dx=    0.00 dy=    0.00 d=    0.00
id=     1: dx=    0.00 dy=    0.00 d=    0.00
id=     2: dx=    0.00 dy=    0.00 d=    0.00
id=     3: dx=    0.00 dy=    0.00 d=    0.00
id=     4: dx=    0.00 dy=    0.00 d=    0.00
id=     5: dx=    0.00 dy=    0.00 d=    0.00
id=     6: dx=    0.00 dy=    0.00 d=    0.00
id=     7: dx=    0.00 dy=    0.00 d=    0.00
id=     8: dx=    0.00 dy=    0.00 d=    0.00
id=     9: dx=    0.00 dy=    0.00 d=    0.00
id=    10: dx=    0.00 dy=    0.00 d=    0.00
id=    11: dx=    0.00 dy=    0.00 d=    0.00
id=    12: dx=    0.00 dy=    0.00 d=    0.00
id=    13: dx=    0.00 dy=    0.00 d=    0.00

---- Areas ----
Triangle 0, area was    20520.0, is    20520.0,    0.0%
Triangle 1, area was    20520.0, is    20520.0,    0.0%
Triangle 2, area was    20520.0, is    20520.0,    0.0%
Triangle 3, area was    20520.0, is    20520.0,    0.0%
Triangle 4, area was    20520.0, is    20520.0,    0.0%
Triangle 5, area was    20520.0, is    20520.0,    0.0%
Triangle 6, area was    20520.0, is    20520.0,    0.0%
Triangle 7, area was    20520.0, is    20520.0,    0.0%
Triangle 8, area was    20520.0, is    20520.0,    0.0%
Triangle 9, area was    20520.0, is    20520.0,    0.0%
Triangle 10, area was    20880.0, is    20880.0,    0.0%
Triangle 11, area was    20880.0, is    20880.0,    0.0%
Combined: area was   246960.0, is   246960.0,    0.0%

---- Transforms ----
 1.0000  0.0000     3.23    0.0000  1.0000   859.83
 1.0000  0.0000     3.23    0.0000  1.0000   859.83
 1.0000  0.0000     3.23    0.0000  1.0000   859.83
 1.0000  0.0000     3.23    0.0000  1.0000   859.83
 1.0000  0.0000     3.23    0.0000  1.0000   859.83
 1.0000  0.0000     3.23    0.0000  1.0000   859.83
 1.0000  0.0000     3.23    0.0000  1.0000   859.83
 1.0000  0.0000     3.23    0.0000  1.0000   859.83
 1.0000  0.0000     3.23    0.0000  1.0000   859.83
 1.0000  0.0000     3.23    0.0000  1.0000   859.83
 1.0000  0.0000     3.23    0.0000  1.0000   859.83
 1.0000  0.0000     3.23    0.0000  1.0000   859.83

---- QC - deformable ----
Remapping 1431040 points.
Metrics: DEF: Mean square difference 0.413042
Metrics: DEF: Smallest footprint deg=0, area=245409
MetricImages: Range x 0 1371, y 0 179, use Nx=1372, Ny=180
Approximate EM metric 0.069796 for 246960 points.
All points, deformable, dfm 0.069796

Metrics: TRI: Mean square difference 0.480673
Metrics: TRI: Smallest footprint deg=0, area=40812
MetricImages: Range x 0 228, y 0 179, use Nx=230, Ny=180
Approximate EM metric 0.022922 for 41400 points.
%Yellow: Tol   1.05  red   27.4  yellow   36.7  green   35.9
%Yellow: Tol   1.10  red   22.7  yellow   52.7  green   24.6
%Yellow: Tol   1.15  red   19.4  yellow   61.2  green   19.3
%Yellow: Tol   1.20  red   16.3  yellow   68.1  green   15.6
%Yellow: Tol   1.25  red   13.2  yellow   73.8  green   12.9
Triangle 0: 20730 points, corr 0.759615, fm 0.022922, yellow 0.74

Metrics: TRI: Mean square difference 0.495018
Metrics: TRI: Smallest footprint deg=0, area=40228
MetricImages: Range x 2 228, y 1 179, use Nx=228, Ny=180
Approximate EM metric 0.030384 for 41040 points.
%Yellow: Tol   1.05  red   30.1  yellow   32.7  green   37.2
%Yellow: Tol   1.10  red   24.6  yellow   49.5  green   25.9
%Yellow: Tol   1.15  red   20.9  yellow   59.6  green   19.6
%Yellow: Tol   1.20  red   17.2  yellow   66.9  green   15.9
%Yellow: Tol   1.25  red   14.4  yellow   72.6  green   13.0
Triangle 1: 20490 points, corr 0.752442, fm 0.030384, yellow 0.73

Metrics: TRI: Mean square difference 0.323300
Metrics: TRI: Smallest footprint deg=0, area=40633
MetricImages: Range x 229 456, y 0 179, use Nx=228, Ny=180
Approximate EM metric 0.019485 for 41040 points.
%Yellow: Tol   1.05  red   26.6  yellow   44.5  green   28.9
%Yellow: Tol   1.10  red   19.1  yellow   61.3  green   19.7
%Yellow: Tol   1.15  red   15.0  yellow   69.6  green   15.4
%Yellow: Tol   1.20  red   12.2  yellow   75.5  green   12.3
%Yellow: Tol   1.25  red    9.9  yellow   80.2  green   10.0
Triangle 2: 20550 points, corr 0.838301, fm 0.019485, yellow 0.80

Metrics: TRI: Mean square difference 0.324948
Metrics: TRI: Smallest footprint deg=0, area=40228
MetricImages: Range x 230 456, y 1 179, use Nx=228, Ny=180
Approximate EM metric 0.024515 for 41040 points.
%Yellow: Tol   1.05  red   26.7  yellow   43.2  green   30.1
%Yellow: Tol   1.10  red   20.5  yellow   59.2  green   20.3
%Yellow: Tol   1.15  red   16.3  yellow   68.7  green   15.0
%Yellow: Tol   1.20  red   13.0  yellow   74.9  green   12.1
%Yellow: Tol   1.25  red   10.7  yellow   79.7  green    9.6
Triangle 3: 20490 points, corr 0.837477, fm 0.024515, yellow 0.80

Metrics: TRI: Mean square difference 0.359518
Metrics: TRI: Smallest footprint deg=0, area=40633
MetricImages: Range x 457 684, y 0 179, use Nx=228, Ny=180
Approximate EM metric 0.025320 for 41040 points.
%Yellow: Tol   1.05  red   19.2  yellow   48.9  green   32.0
%Yellow: Tol   1.10  red   16.5  yellow   68.9  green   14.6
%Yellow: Tol   1.15  red   14.3  yellow   75.9  green    9.8
%Yellow: Tol   1.20  red   11.9  yellow   81.0  green    7.1
%Yellow: Tol   1.25  red    9.9  yellow   84.5  green    5.5
Triangle 4: 20550 points, corr 0.820192, fm 0.025320, yellow 0.85

Metrics: TRI: Mean square difference 0.370352
Metrics: TRI: Smallest footprint deg=0, area=40228
MetricImages: Range x 458 684, y 1 179, use Nx=228, Ny=180
Approximate EM metric 0.033990 for 41040 points.
%Yellow: Tol   1.05  red   28.9  yellow   26.0  green   45.1
%Yellow: Tol   1.10  red   24.1  yellow   51.6  green   24.3
%Yellow: Tol   1.15  red   20.0  yellow   65.4  green   14.6
%Yellow: Tol   1.20  red   16.3  yellow   73.2  green   10.4
%Yellow: Tol   1.25  red   13.0  yellow   78.8  green    8.3
Triangle 5: 20490 points, corr 0.814775, fm 0.033990, yellow 0.79

Metrics: TRI: Mean square difference 0.361043
Metrics: TRI: Smallest footprint deg=0, area=40633
MetricImages: Range x 685 912, y 0 179, use Nx=228, Ny=180
Approximate EM metric 0.037022 for 41040 points.
%Yellow: Tol   1.05  red   29.6  yellow   25.3  green   45.1
%Yellow: Tol   1.10  red   24.4  yellow   48.9  green   26.7
%Yellow: Tol   1.15  red   19.9  yellow   64.3  green   15.8
%Yellow: Tol   1.20  red   16.3  yellow   74.0  green    9.7
%Yellow: Tol   1.25  red   12.7  yellow   80.1  green    7.2
Triangle 6: 20550 points, corr 0.819430, fm 0.037022, yellow 0.80

Metrics: TRI: Mean square difference 0.388180
Metrics: TRI: Smallest footprint deg=0, area=40228
MetricImages: Range x 686 912, y 1 179, use Nx=228, Ny=180
Approximate EM metric 0.043290 for 41040 points.
%Yellow: Tol   1.05  red   32.7  yellow   28.6  green   38.7
%Yellow: Tol   1.10  red   25.8  yellow   47.2  green   27.0
%Yellow: Tol   1.15  red   20.9  yellow   59.9  green   19.2
%Yellow: Tol   1.20  red   17.2  yellow   68.9  green   13.9
%Yellow: Tol   1.25  red   14.0  yellow   75.4  green   10.7
Triangle 7: 20490 points, corr 0.805861, fm 0.043290, yellow 0.75

Metrics: TRI: Mean square difference 0.548247
Metrics: TRI: Smallest footprint deg=0, area=40633
MetricImages: Range x 913 1140, y 0 179, use Nx=228, Ny=180
Approximate EM metric 0.051801 for 41040 points.
%Yellow: Tol   1.05  red   35.3  yellow   19.4  green   45.3
%Yellow: Tol   1.10  red   28.6  yellow   37.5  green   33.9
%Yellow: Tol   1.15  red   24.3  yellow   50.6  green   25.1
%Yellow: Tol   1.20  red   20.0  yellow   62.2  green   17.7
%Yellow: Tol   1.25  red   15.9  yellow   71.4  green   12.7
Triangle 8: 20550 points, corr 0.725828, fm 0.051801, yellow 0.71

Metrics: TRI: Mean square difference 0.431098
Metrics: TRI: Smallest footprint deg=0, area=40228
MetricImages: Range x 914 1140, y 1 179, use Nx=228, Ny=180
Approximate EM metric 0.058647 for 41040 points.
%Yellow: Tol   1.05  red   31.5  yellow   23.9  green   44.6
%Yellow: Tol   1.10  red   26.6  yellow   48.2  green   25.2
%Yellow: Tol   1.15  red   21.8  yellow   61.9  green   16.3
%Yellow: Tol   1.20  red   17.4  yellow   70.7  green   11.9
%Yellow: Tol   1.25  red   13.5  yellow   77.0  green    9.6
Triangle 9: 20490 points, corr 0.784402, fm 0.058647, yellow 0.77

Metrics: TRI: Mean square difference 0.433131
Metrics: TRI: Smallest footprint deg=0, area=41170
MetricImages: Range x 1141 1371, y 0 179, use Nx=232, Ny=180
Approximate EM metric 0.056020 for 41760 points.
%Yellow: Tol   1.05  red   31.1  yellow   21.7  green   47.1
%Yellow: Tol   1.10  red   26.4  yellow   37.4  green   36.3
%Yellow: Tol   1.15  red   21.5  yellow   54.8  green   23.7
%Yellow: Tol   1.20  red   16.7  yellow   70.5  green   12.9
%Yellow: Tol   1.25  red   12.6  yellow   81.7  green    5.7
Triangle 10: 20907 points, corr 0.783387, fm 0.056020, yellow 0.82

Metrics: TRI: Mean square difference 0.451847
Metrics: TRI: Smallest footprint deg=0, area=40762
MetricImages: Range x 1142 1371, y 1 179, use Nx=230, Ny=180
Approximate EM metric 0.070920 for 41400 points.
%Yellow: Tol   1.05  red   35.1  yellow   21.7  green   43.2
%Yellow: Tol   1.10  red   27.7  yellow   40.9  green   31.4
%Yellow: Tol   1.15  red   23.2  yellow   53.1  green   23.7
%Yellow: Tol   1.20  red   18.9  yellow   63.0  green   18.1
%Yellow: Tol   1.25  red   14.8  yellow   71.3  green   13.9
Triangle 11: 20673 points, corr 0.774028, fm 0.070920, yellow 0.71


---- Final reports ----
STAT: Overall 246960 points, corr 0.7925, EMM 0.0698, weighted EMM 0.0396, cor+dfm 0.8623, weighted yellow 0.7720

Angle span: min, max, delta = 0.000000 0.000000 0.000000
Mesh-Thm: 0.0000  0.0000     0.00    0.0000  0.0000     0.00 2x(LDR,LDC)=(0.20,200.00) -- OK.

Final remapping of 1431040 points.
Center 73.002690 57.633702:  1.0000  0.0000     3.23    0.0000  1.0000   859.83
Mapping region 1 xy= 73.002690 57.633702 to region 1 xy= 76.234816 917.466847
Center 140.096892 124.698595:  1.0000  0.0000     3.23    0.0000  1.0000   859.83
Mapping region 1 xy= 140.096892 124.698595 to region 1 xy= 143.329018 984.531739
Center 297.931856 55.209360:  1.0000  0.0000     3.23    0.0000  1.0000   859.83
Mapping region 1 xy= 297.931856 55.209360 to region 1 xy= 301.163982 915.042504
Center 366.142960 125.469884:  1.0000  0.0000     3.23    0.0000  1.0000   859.83
Mapping region 1 xy= 366.142960 125.469884 to region 1 xy= 369.375087 985.303028
Center 530.498610 58.814692:  1.0000  0.0000     3.23    0.0000  1.0000   859.83
Mapping region 1 xy= 530.498610 58.814692 to region 1 xy= 533.730736 918.647836
Center 602.904614 122.011337:  1.0000  0.0000     3.23    0.0000  1.0000   859.83
Mapping region 1 xy= 602.904614 122.011337 to region 1 xy= 606.136741 981.844481
Center 754.161455 55.390622:  1.0000  0.0000     3.23    0.0000  1.0000   859.83
Mapping region 1 xy= 754.161455 55.390622 to region 1 xy= 757.393582 915.223767
Center 831.777824 121.666648:  1.0000  0.0000     3.23    0.0000  1.0000   859.83
Mapping region 1 xy= 831.777824 121.666648 to region 1 xy= 835.009951 981.499792
Center 983.789828 56.676180:  1.0000  0.0000     3.23    0.0000  1.0000   859.83
Mapping region 1 xy= 983.789828 56.676180 to region 1 xy= 987.021955 916.509324
Center 1056.743565 122.864382:  1.0000  0.0000     3.23    0.0000  1.0000   859.83
Mapping region 1 xy= 1056.743565 122.864382 to region 1 xy= 1059.975691 982.697526
Center 1212.470065 56.226774:  1.0000  0.0000     3.23    0.0000  1.0000   859.83
Mapping region 1 xy= 1212.470065 56.226774 to region 1 xy= 1215.702192 916.059919
Center 1289.024667 122.188707:  1.0000  0.0000     3.23    0.0000  1.0000   859.83
Mapping region 1 xy= 1289.024667 122.188707 to region 1 xy= 1292.256793 982.021851

Pipe: Returning 12 total transforms.

---- Summary Region-region results ----
Pipe: Table Headers {Az t r Bz t r thmok ntri}
FOUND:     0   10   1      0   11   1   1  12

---- Tabulating point matches ----
Tabulate: Rgn 1 -> 1: Keeping 12 of 12 point-pairs.

Timer: Alignment took 1.490 seconds.

main: Got 12 mapping regions.
main: Transform   0:  1.0000  0.0000     3.23    0.0000  1.0000   859.83
main: Transform   1:  1.0000  0.0000     3.23    0.0000  1.0000   859.83
main: Transform   2:  1.0000  0.0000     3.23    0.0000  1.0000   859.83
main: Transform   3:  1.0000  0.0000     3.23    0.0000  1.0000   859.83
main: Transform   4:  1.0000  0.0000     3.23    0.0000  1.0000   859.83
main: Transform   5:  1.0000  0.0000     3.23    0.0000  1.0000   859.83
main: Transform   6:  1.0000  0.0000     3.23    0.0000  1.0000   859.83
main: Transform   7:  1.0000  0.0000     3.23    0.0000  1.0000   859.83
main: Transform   8:  1.0000  0.0000     3.23    0.0000  1.0000   859.83
main: Transform   9:  1.0000  0.0000     3.23    0.0000  1.0000   859.83
main: Transform  10:  1.0000  0.0000     3.23    0.0000  1.0000   859.83
main: Transform  11:  1.0000  0.0000     3.23    0.0000  1.0000   859.83

main: Average:  1.0000  0.0000     0.00    0.0000  1.0000     0.00
main: Degrees: 0
main: Residue:  1.0000  0.0000     0.00    0.0000  1.0000     0.00

main: Inverse:  1.0000 -0.0000    -0.00   -0.0000  1.0000    -0.00
main: Degrees: 0
main: Residue:  1.0000  0.0000     0.00   -0.0000  1.0000     0.00

main: Normal completion for dmesh run.
Timer: Total took 1.740 seconds.

---- Memory ----
Host name: h08u02.int.janelia.org
PID:       24522
User time:       1 seconds.
System time:     0 seconds.
VmPeak:	  380064 kB
VmSize:	  217288 kB
VmLck:	       0 kB
VmPin:	       0 kB
VmHWM:	  216764 kB
VmRSS:	   53492 kB
VmData:	   47896 kB
VmStk:	     160 kB
VmExe:	     832 kB
VmLib:	   85564 kB
VmPTE:	     348 kB
VmSwap:	       0 kB
voluntary_ctxt_switches:	16
nonvoluntary_ctxt_switches:	21

