
---- dmesh start ----
main: Start: Fri Sep 30 13:13:19 2016


---- Match parameters ----
PXBRO=2            <default 2>        "Max Legendre poly order for bkg removal"
PXLENS=N           <default N>        "Y=Apply IDB/lens.txt"
PXRESMSK=N         <default N>        "Y=Apply resin mask"
PXDOG=N            <default N>        "Y=Apply DoG filter"
PXDOG_R1=3         <default 3>        "DoG inner radius"
PXDOG_R2=6         <default 6>        "DoG outer radius"
FLD=N              <default X>        "Mask usage: Y=Use, N=None, X=XL only"
PRETWEAK=N         <default N>        "Y=Auto-distort before angle scan"
SCALE=1            <default 1.0>      "Image-B / image-A scale factor"
XSCALE=1           <default 1.0>      "Image-B / image-A x-axis scale factor"
YSCALE=1           <default 1.0>      "Image-B / image-A y-axis scale factor"
SKEW=0             <default 0.0>      "Transform elem[3] user-applied distortion"
MODE_SL=M          <default Z>        "Notes above"
MODE_XL=N          <default Y>        "Notes above"
TAB2DFM_SL=N       <default Y>        "Adopt Tdfm from Tab"
TAB2DFM_XL=Y       <default Y>        "Adopt Tdfm from Tab"
XYCONF_SL=1.0      <default 0.0>      "[0,1.0] confidence in Tab XY"
XYCONF_XL=0.8      <default 0.0>      "[0,1.0] confidence in Tab XY"
THMDEC_SL=8        <default 8>        "2^N thumb decimation factor"
THMDEC_XL=8        <default 8>        "2^N thumb decimation factor"
OLAP1D_SL=0        <default 0>        "Min 1D pix full-size overlap"
OLAP1D_XL=0        <default 0>        "Min 1D pix full-size overlap"
OLAP2D_SL=60000    <default 25000>    "Min 2D pix full-size overlap"
OLAP2D_XL=160000   <default 200000>   "Min 2D pix full-size overlap"
NBMXHT_SL=0.75     <default 0.75>     "Max F(neib)/F(pk) in guard zone"
NBMXHT_XL=0.75     <default 0.75>     "Max F(neib)/F(pk) in guard zone"
HFANGDN_SL=5       <default 5.0>      "Half angle search range denovo"
HFANGDN_XL=45      <default 45.0>     "Half angle search range denovo"
HFANGPR_SL=1       <default 1.0>      "Half angle search range prior angles"
HFANGPR_XL=4       <default 1.0>      "Half angle search range prior angles"
RTRSH_SL=0.3       <default 0.3>      "R corr thresh"
RTRSH_XL=0.3       <default 0.3>      "R corr thresh"
TWEAKS=N           <default N>        "Y=Try 8 near unity distortions"
LIMXY_SL=30        <default 0>        "0 or Max XY delta from Tab"
LIMXY_XL=80        <default 0>        "0 or Max XY delta from Tab"
WTHMPR=Y           <default Y>        "Y=Write ThmPair_a^b.txt entries"
OPT_SL=Y           <default Y(EM)>    "Y=Enable mesh optimizer"
RIT_SL=0.50        <default 0.20>     "Min mesh starting corr"
RIT_XL=0.1         <default 0.20>     "Min mesh starting corr"
RFA_SL=0.55        <default 0.3>      "Affine-only final corr"
RFA_XL=0.20        <default 0.3>      "Affine-only final corr"
RFT_SL=0.65        <default 0.5>      "Full mesh final corr"
RFT_XL=0.25        <default 0.5>      "Full mesh final corr"
TMC=5              <default 30.0%>    "Max single triangle area change"
TSC=9              <default 9.0%>     "Max summed triangle area change"
MNL=250            <default 300>      "Triangle edges between MNL and 2*MNL"
MTA=120000         <default 10000>    "Min triangle size (pixels)"
MMA=60000          <default 100000>   "Min 2D overlap for mesh"
ONE=N              <default N>        "Y=Use just one affine transform"
IFM=0.50           <default 0.50>     "Min Fourier Metric after affine-only"
FFM=0.65           <default 0.65>     "Min Fourier Metric after full mesh"
FYL=0.5            <default 0.50>     "Min fraction of yellow pixels"
CPD=0.5            <default 0.50>     "Min Correlation + DFM"
EMM=Y              <default Y>        "Y=Use Earth Mover's Metric, N=Use Fourier"
EMT=0.14           <default 0.2>      "Earth Movers Metric thresh"
WDI=N              <default N>        "Y=Write diff images (Fourier, EMM metrics)"
LDA=0.2            <default 0.2>      "Max radian delta between triangles"
LDR=0.1            <default 0.1>      "Max sine delta between triangles"
LDC=100            <default 100.0>    "Max XY delta between triangles"
DXY=100            <default 100.0>    "Max delta from user input XYs"
WMT=N              <default Y>        "Y=Write map.tif files"
WTT=N              <default Y>        "Y=Write tf.txt files"


---- Input images ----
Til2Img entry: A T=[ 1.0000  0.0000     0.00  0.0000  1.0000  1714.00] path=[/groups/apig/tomo/DEMO/TIF/A1_11_2.tif].
Til2Img entry: B T=[ 1.0000  0.0000     0.00  0.0000  1.0000   857.00] path=[/groups/apig/tomo/DEMO/TIF/A1_12_2.tif].


---- Command-line overrides ----
Tdfm= 1.0000  0.0000     0.00    0.0000  1.0000     0.00
FLD=N
MODE=N (was M)
CTR=0


---- Image loading ----
Raster8FromTif: Opening [/groups/apig/tomo/DEMO/TIF/A1_11_2.tif].
Raster8FromTif: Bits per sample 8, samples per pixel 1
Raster8FromTif: Picture is 1376 by 1040, 1431040 pixels total.
TIF(8): Last Encoded strip had 1376 bytes.
Raster8FromTif: Opening [/groups/apig/tomo/DEMO/TIF/A1_12_2.tif].
Raster8FromTif: Bits per sample 8, samples per pixel 1
Raster8FromTif: Picture is 1376 by 1040, 1431040 pixels total.
TIF(8): Last Encoded strip had 1376 bytes.
PixPair: Using image scale=1.
Timer: Image conditioning took 0.230 seconds.

---- Foldmaps ----

---- Connected regions ----
Forcing single connected region.

---- Begin A-1 to B-1 ----

---- Thumbnail matching ----
Subimage: Using intersection, w=1376, h=183, pix=251808
Thumbs: After decimation 3956 pts, reqArea 937, thmscl 8
SetDisc( 0, 0, 3, 3 )
Initial: R= 5.017, A=   0.000, X=    0.23, Y=    0.12
Peak-Disc: dR 2 dX 1 dY 0
Approx: LowRes  R=5.017, X=1.828, Y=0.958
Approx: FullRes R=1.489, X=2.984, Y=1.252, use=Y.
Timer: FinishAtFullRes took 0.210 seconds.
Approx: Returning A=0.000000, R=5.017176, X=2.984265, Y=858.251855
Approx: Best transform  1.0000  0.0000     2.98    0.0000  1.0000   858.25
Approx: Orig transform  1.0000  0.0000     0.00    0.0000  1.0000   857.00
Approx: Idnt transform  1.0000  0.0000     2.98    0.0000  1.0000     1.25
Approx: err = 3.2362, max = 30

---- Starting detailed region mapping ----
Roughly 250068 pixels map to B.
Region size is [0 1373] in x, [0 181] in y.

---- Building mesh - affine ----
Computed simple triangle.

---- ImproveMesh - affine ----
Tri: (0 0) (1373 0) (686 181).

---- Matlab Vertices ----
x=[0 1373 686 0]; y=[0 0 181 0]; plot(x,y); hold on;

---- ImproveControlPts ----
STAT: ImproveCpt: Initial affine correlation 0.788007 (250068 pixels).
corr=0.788007	step=10.000000
corr=0.788007	step=5.000000
corr=0.788007	step=2.500000
corr=0.788007	step=1.250000
corr=0.790625	step=1.250000
corr=0.794691	step=1.250000
corr=0.795566	step=1.250000
corr=0.806464	step=1.250000
corr=0.806464	step=0.625000
corr=0.806464	step=0.312500
corr=0.806464	step=0.156250
corr=0.806464	step=0.078125
STAT: ImproveCpt: Final affine correlation 0.806464, (threshold 0.550000).

---- Matlab A-Sys Originals ----
x=[0.000000 1373.000000 686.000000 0.000000]; y=[0.000000 0.000000 181.000000 0.000000]; plot(x,y); hold on;

---- Matlab B-Sys Originals ----
x=[2.984265 1375.984265 688.984265 2.984265]; y=[858.251855 858.251855 1039.251855 858.251855]; plot(x,y); hold on;

---- Matlab B-Sys Optimized ----
x=[2.725656 1375.488358 688.833844 2.725656]; y=[858.259112 858.282322 1039.374215 858.259112]; plot(x,y); hold on;

---- Deltas ----
id=     0: dx=   -0.26 dy=    0.01 d=    0.26
id=     1: dx=   -0.50 dy=    0.03 d=    0.50
id=     2: dx=   -0.15 dy=    0.12 d=    0.19

---- Areas ----
Triangle 0, area was   124256.5, is   124306.1,    0.0%
Combined: area was   124256.5, is   124306.1,    0.0%

---- Transforms ----
 0.9998  0.0013     2.73    0.0000  1.0006   858.26
Best affine transform:  0.9998  0.0013     2.73    0.0000  1.0006   858.26
    Inverse transform:  1.0002 -0.0013    -1.65   -0.0000  0.9994  -857.77

---- QC - affine ----
Metrics: AFF: Mean square difference 0.387358
Metrics: AFF: Smallest footprint deg=0, area=246960
MetricImages: Range x 0 1372, y 0 180, use Nx=1374, Ny=182
Approximate EM metric 0.057785 for 250068 points.
%Yellow: Tol   1.05  red   27.8  yellow   33.8  green   38.4
%Yellow: Tol   1.10  red   22.7  yellow   55.8  green   21.5
%Yellow: Tol   1.15  red   18.3  yellow   66.9  green   14.7
%Yellow: Tol   1.20  red   14.8  yellow   74.7  green   10.5
%Yellow: Tol   1.25  red   11.5  yellow   80.8  green    7.7
Affine Triangle: 248513 points, corr 0.806317, fm 0.057785, yellow 0.81

---- Building mesh - deformable ----
Lx Dx Nx:  1373   228.00   6
Ly Dy Ny:   181   181.00   1

STAT: From 250068 pts, got 12 triangles, 14 control points.
Timer: MeshCreate took 0.010 seconds.

---- ImproveMesh - deformable mesh ----
Tri: (0 0) (228 0) (0 181).
Tri: (0 181) (228 0) (228 181).
Tri: (228 0) (456 0) (228 181).
Tri: (228 181) (456 0) (456 181).
Tri: (456 0) (684 0) (456 181).
Tri: (456 181) (684 0) (684 181).
Tri: (684 0) (912 0) (684 181).
Tri: (684 181) (912 0) (912 181).
Tri: (912 0) (1140 0) (912 181).
Tri: (912 181) (1140 0) (1140 181).
Tri: (1140 0) (1373 0) (1140 181).
Tri: (1140 181) (1373 0) (1373 181).

---- Matlab Vertices ----
x=[0 228 0 0]; y=[0 0 181 0]; plot(x,y); hold on;
x=[0 228 228 0]; y=[181 0 181 181]; plot(x,y); hold on;
x=[228 456 228 228]; y=[0 0 181 0]; plot(x,y); hold on;
x=[228 456 456 228]; y=[181 0 181 181]; plot(x,y); hold on;
x=[456 684 456 456]; y=[0 0 181 0]; plot(x,y); hold on;
x=[456 684 684 456]; y=[181 0 181 181]; plot(x,y); hold on;
x=[684 912 684 684]; y=[0 0 181 0]; plot(x,y); hold on;
x=[684 912 912 684]; y=[181 0 181 181]; plot(x,y); hold on;
x=[912 1140 912 912]; y=[0 0 181 0]; plot(x,y); hold on;
x=[912 1140 1140 912]; y=[181 0 181 181]; plot(x,y); hold on;
x=[1140 1373 1140 1140]; y=[0 0 181 0]; plot(x,y); hold on;
x=[1140 1373 1373 1140]; y=[181 0 181 181]; plot(x,y); hold on;

---- ImproveControlPts ----
STAT: ImproveCpt: Initial deformable mesh correlation 0.806464 (250068 pixels).
corr=0.806464	step=10.000000
corr=0.806464	step=5.000000
corr=0.806464	step=2.500000
corr=0.806464	step=1.250000
corr=0.806464	step=0.625000
STAT: ImproveCpt: Final deformable mesh correlation 0.806464, (threshold 0.650000).

---- Matlab A-Sys Originals ----
x=[0.000000 228.000000 0.000000 0.000000]; y=[0.000000 0.000000 181.000000 0.000000]; plot(x,y); hold on;
x=[0.000000 228.000000 228.000000 0.000000]; y=[181.000000 0.000000 181.000000 181.000000]; plot(x,y); hold on;
x=[228.000000 456.000000 228.000000 228.000000]; y=[0.000000 0.000000 181.000000 0.000000]; plot(x,y); hold on;
x=[228.000000 456.000000 456.000000 228.000000]; y=[181.000000 0.000000 181.000000 181.000000]; plot(x,y); hold on;
x=[456.000000 684.000000 456.000000 456.000000]; y=[0.000000 0.000000 181.000000 0.000000]; plot(x,y); hold on;
x=[456.000000 684.000000 684.000000 456.000000]; y=[181.000000 0.000000 181.000000 181.000000]; plot(x,y); hold on;
x=[684.000000 912.000000 684.000000 684.000000]; y=[0.000000 0.000000 181.000000 0.000000]; plot(x,y); hold on;
x=[684.000000 912.000000 912.000000 684.000000]; y=[181.000000 0.000000 181.000000 181.000000]; plot(x,y); hold on;
x=[912.000000 1140.000000 912.000000 912.000000]; y=[0.000000 0.000000 181.000000 0.000000]; plot(x,y); hold on;
x=[912.000000 1140.000000 1140.000000 912.000000]; y=[181.000000 0.000000 181.000000 181.000000]; plot(x,y); hold on;
x=[1140.000000 1373.000000 1140.000000 1140.000000]; y=[0.000000 0.000000 181.000000 0.000000]; plot(x,y); hold on;
x=[1140.000000 1373.000000 1373.000000 1140.000000]; y=[181.000000 0.000000 181.000000 181.000000]; plot(x,y); hold on;

---- Matlab B-Sys Originals ----
x=[2.725656 230.686251 2.952407 2.725656]; y=[858.259112 858.262966 1039.362618 858.259112]; plot(x,y); hold on;
x=[2.952407 230.686251 230.913002 2.952407]; y=[1039.362618 858.262966 1039.366473 1039.362618]; plot(x,y); hold on;
x=[230.686251 458.646845 230.913002 230.686251]; y=[858.262966 858.266820 1039.366473 858.262966]; plot(x,y); hold on;
x=[230.913002 458.646845 458.873596 230.913002]; y=[1039.366473 858.266820 1039.370327 1039.366473]; plot(x,y); hold on;
x=[458.646845 686.607439 458.873596 458.646845]; y=[858.266820 858.270675 1039.370327 858.266820]; plot(x,y); hold on;
x=[458.873596 686.607439 686.834190 458.873596]; y=[1039.370327 858.270675 1039.374181 1039.370327]; plot(x,y); hold on;
x=[686.607439 914.568033 686.834190 686.607439]; y=[858.270675 858.274529 1039.374181 858.270675]; plot(x,y); hold on;
x=[686.834190 914.568033 914.794784 686.834190]; y=[1039.374181 858.274529 1039.378035 1039.374181]; plot(x,y); hold on;
x=[914.568033 1142.528628 914.794784 914.568033]; y=[858.274529 858.278383 1039.378035 858.274529]; plot(x,y); hold on;
x=[914.794784 1142.528628 1142.755379 914.794784]; y=[1039.378035 858.278383 1039.381890 1039.378035]; plot(x,y); hold on;
x=[1142.528628 1375.488358 1142.755379 1142.528628]; y=[858.278383 858.282322 1039.381890 858.278383]; plot(x,y); hold on;
x=[1142.755379 1375.488358 1375.715109 1142.755379]; y=[1039.381890 858.282322 1039.385828 1039.381890]; plot(x,y); hold on;

---- Matlab B-Sys Optimized ----
x=[2.725656 230.686251 2.952407 2.725656]; y=[858.259112 858.262966 1039.362618 858.259112]; plot(x,y); hold on;
x=[2.952407 230.686251 230.913002 2.952407]; y=[1039.362618 858.262966 1039.366473 1039.362618]; plot(x,y); hold on;
x=[230.686251 458.646845 230.913002 230.686251]; y=[858.262966 858.266820 1039.366473 858.262966]; plot(x,y); hold on;
x=[230.913002 458.646845 458.873596 230.913002]; y=[1039.366473 858.266820 1039.370327 1039.366473]; plot(x,y); hold on;
x=[458.646845 686.607439 458.873596 458.646845]; y=[858.266820 858.270675 1039.370327 858.266820]; plot(x,y); hold on;
x=[458.873596 686.607439 686.834190 458.873596]; y=[1039.370327 858.270675 1039.374181 1039.370327]; plot(x,y); hold on;
x=[686.607439 914.568033 686.834190 686.607439]; y=[858.270675 858.274529 1039.374181 858.270675]; plot(x,y); hold on;
x=[686.834190 914.568033 914.794784 686.834190]; y=[1039.374181 858.274529 1039.378035 1039.374181]; plot(x,y); hold on;
x=[914.568033 1142.528628 914.794784 914.568033]; y=[858.274529 858.278383 1039.378035 858.274529]; plot(x,y); hold on;
x=[914.794784 1142.528628 1142.755379 914.794784]; y=[1039.378035 858.278383 1039.381890 1039.378035]; plot(x,y); hold on;
x=[1142.528628 1375.488358 1142.755379 1142.528628]; y=[858.278383 858.282322 1039.381890 858.278383]; plot(x,y); hold on;
x=[1142.755379 1375.488358 1375.715109 1142.755379]; y=[1039.381890 858.282322 1039.385828 1039.381890]; plot(x,y); hold on;

---- Deltas ----
id=     0: dx=    0.00 dy=    0.00 d=    0.00
id=     1: dx=    0.00 dy=    0.00 d=    0.00
id=     2: dx=    0.00 dy=    0.00 d=    0.00
id=     3: dx=    0.00 dy=    0.00 d=    0.00
id=     4: dx=    0.00 dy=    0.00 d=    0.00
id=     5: dx=    0.00 dy=    0.00 d=    0.00
id=     6: dx=    0.00 dy=    0.00 d=    0.00
id=     7: dx=    0.00 dy=    0.00 d=    0.00
id=     8: dx=    0.00 dy=    0.00 d=    0.00
id=     9: dx=    0.00 dy=    0.00 d=    0.00
id=    10: dx=    0.00 dy=    0.00 d=    0.00
id=    11: dx=    0.00 dy=    0.00 d=    0.00
id=    12: dx=    0.00 dy=    0.00 d=    0.00
id=    13: dx=    0.00 dy=    0.00 d=    0.00

---- Areas ----
Triangle 0, area was    20634.0, is    20642.2,    0.0%
Triangle 1, area was    20634.0, is    20642.2,    0.0%
Triangle 2, area was    20634.0, is    20642.2,    0.0%
Triangle 3, area was    20634.0, is    20642.2,    0.0%
Triangle 4, area was    20634.0, is    20642.2,    0.0%
Triangle 5, area was    20634.0, is    20642.2,    0.0%
Triangle 6, area was    20634.0, is    20642.2,    0.0%
Triangle 7, area was    20634.0, is    20642.2,    0.0%
Triangle 8, area was    20634.0, is    20642.2,    0.0%
Triangle 9, area was    20634.0, is    20642.2,    0.0%
Triangle 10, area was    21086.5, is    21094.9,    0.0%
Triangle 11, area was    21086.5, is    21094.9,    0.0%
Combined: area was   248513.0, is   248612.1,    0.0%

---- Transforms ----
 0.9998  0.0013     2.73    0.0000  1.0006   858.26
 0.9998  0.0013     2.73    0.0000  1.0006   858.26
 0.9998  0.0013     2.73    0.0000  1.0006   858.26
 0.9998  0.0013     2.73    0.0000  1.0006   858.26
 0.9998  0.0013     2.73    0.0000  1.0006   858.26
 0.9998  0.0013     2.73    0.0000  1.0006   858.26
 0.9998  0.0013     2.73    0.0000  1.0006   858.26
 0.9998  0.0013     2.73    0.0000  1.0006   858.26
 0.9998  0.0013     2.73    0.0000  1.0006   858.26
 0.9998  0.0013     2.73    0.0000  1.0006   858.26
 0.9998  0.0013     2.73    0.0000  1.0006   858.26
 0.9998  0.0013     2.73    0.0000  1.0006   858.26

---- QC - deformable ----
Remapping 1431040 points.
Metrics: DEF: Mean square difference 0.387358
Metrics: DEF: Smallest footprint deg=0, area=246960
MetricImages: Range x 0 1372, y 0 180, use Nx=1374, Ny=182
Approximate EM metric 0.057785 for 250068 points.
All points, deformable, dfm 0.057785

Metrics: TRI: Mean square difference 0.600551
Metrics: TRI: Smallest footprint deg=0, area=41040
MetricImages: Range x 0 228, y 0 180, use Nx=230, Ny=182
Approximate EM metric 0.078096 for 41860 points.
%Yellow: Tol   1.05  red   36.4  yellow   24.2  green   39.4
%Yellow: Tol   1.10  red   26.3  yellow   43.8  green   29.9
%Yellow: Tol   1.15  red   21.2  yellow   56.3  green   22.4
%Yellow: Tol   1.20  red   17.3  yellow   65.3  green   17.3
%Yellow: Tol   1.25  red   14.2  yellow   72.1  green   13.6
Triangle 0: 20839 points, corr 0.699676, fm 0.078096, yellow 0.72

Metrics: TRI: Mean square difference 0.563990
Metrics: TRI: Smallest footprint deg=0, area=40454
MetricImages: Range x 2 228, y 1 180, use Nx=228, Ny=180
Approximate EM metric 0.047107 for 41040 points.
%Yellow: Tol   1.05  red   40.2  yellow   22.8  green   36.9
%Yellow: Tol   1.10  red   29.3  yellow   41.3  green   29.4
%Yellow: Tol   1.15  red   22.0  yellow   55.7  green   22.2
%Yellow: Tol   1.20  red   15.1  yellow   68.1  green   16.8
%Yellow: Tol   1.25  red   11.5  yellow   76.1  green   12.4
Triangle 1: 20610 points, corr 0.717956, fm 0.047107, yellow 0.76

Metrics: TRI: Mean square difference 0.281753
Metrics: TRI: Smallest footprint deg=0, area=40860
MetricImages: Range x 229 456, y 0 180, use Nx=228, Ny=182
Approximate EM metric 0.033259 for 41496 points.
%Yellow: Tol   1.05  red   29.6  yellow   36.1  green   34.2
%Yellow: Tol   1.10  red   20.8  yellow   58.1  green   21.1
%Yellow: Tol   1.15  red   15.9  yellow   69.2  green   14.9
%Yellow: Tol   1.20  red   12.3  yellow   76.9  green   10.8
%Yellow: Tol   1.25  red    9.5  yellow   82.3  green    8.2
Triangle 2: 20658 points, corr 0.859075, fm 0.033259, yellow 0.82

Metrics: TRI: Mean square difference 0.514961
Metrics: TRI: Smallest footprint deg=0, area=40454
MetricImages: Range x 230 456, y 1 180, use Nx=228, Ny=180
Approximate EM metric 0.028875 for 41040 points.
%Yellow: Tol   1.05  red   32.6  yellow   25.4  green   42.0
%Yellow: Tol   1.10  red   27.0  yellow   44.0  green   29.0
%Yellow: Tol   1.15  red   22.4  yellow   56.7  green   20.8
%Yellow: Tol   1.20  red   18.4  yellow   65.4  green   16.2
%Yellow: Tol   1.25  red   15.0  yellow   71.8  green   13.2
Triangle 3: 20610 points, corr 0.742471, fm 0.028875, yellow 0.72

Metrics: TRI: Mean square difference 0.416747
Metrics: TRI: Smallest footprint deg=0, area=40860
MetricImages: Range x 457 684, y 0 180, use Nx=228, Ny=182
Approximate EM metric 0.021524 for 41496 points.
%Yellow: Tol   1.05  red   21.4  yellow   48.5  green   30.1
%Yellow: Tol   1.10  red   19.2  yellow   61.5  green   19.2
%Yellow: Tol   1.15  red   16.4  yellow   71.6  green   12.0
%Yellow: Tol   1.20  red   13.8  yellow   77.9  green    8.3
%Yellow: Tol   1.25  red   11.5  yellow   82.5  green    6.0
Triangle 4: 20658 points, corr 0.791578, fm 0.021524, yellow 0.82

Metrics: TRI: Mean square difference 0.308264
Metrics: TRI: Smallest footprint deg=0, area=40454
MetricImages: Range x 458 684, y 1 180, use Nx=228, Ny=180
Approximate EM metric 0.026741 for 41040 points.
%Yellow: Tol   1.05  red   25.4  yellow   38.4  green   36.2
%Yellow: Tol   1.10  red   21.4  yellow   61.6  green   17.0
%Yellow: Tol   1.15  red   17.3  yellow   71.7  green   11.0
%Yellow: Tol   1.20  red   13.8  yellow   78.6  green    7.5
%Yellow: Tol   1.25  red   10.3  yellow   84.6  green    5.1
Triangle 5: 20610 points, corr 0.845819, fm 0.026741, yellow 0.85

Metrics: TRI: Mean square difference 0.357336
Metrics: TRI: Smallest footprint deg=0, area=40860
MetricImages: Range x 685 912, y 0 180, use Nx=228, Ny=182
Approximate EM metric 0.023806 for 41496 points.
%Yellow: Tol   1.05  red   34.9  yellow   28.9  green   36.2
%Yellow: Tol   1.10  red   27.5  yellow   49.0  green   23.5
%Yellow: Tol   1.15  red   21.6  yellow   59.9  green   18.5
%Yellow: Tol   1.20  red   17.0  yellow   67.3  green   15.7
%Yellow: Tol   1.25  red   12.8  yellow   73.2  green   14.0
Triangle 6: 20658 points, corr 0.821284, fm 0.023806, yellow 0.73

Metrics: TRI: Mean square difference 0.369895
Metrics: TRI: Smallest footprint deg=0, area=40454
MetricImages: Range x 686 912, y 1 180, use Nx=228, Ny=180
Approximate EM metric 0.030300 for 41040 points.
%Yellow: Tol   1.05  red   26.4  yellow   35.0  green   38.6
%Yellow: Tol   1.10  red   22.7  yellow   55.0  green   22.3
%Yellow: Tol   1.15  red   18.6  yellow   68.7  green   12.7
%Yellow: Tol   1.20  red   15.3  yellow   76.6  green    8.2
%Yellow: Tol   1.25  red   12.0  yellow   82.6  green    5.4
Triangle 7: 20610 points, corr 0.815004, fm 0.030300, yellow 0.83

Metrics: TRI: Mean square difference 0.251444
Metrics: TRI: Smallest footprint deg=0, area=40860
MetricImages: Range x 913 1140, y 0 180, use Nx=228, Ny=182
Approximate EM metric 0.026012 for 41496 points.
%Yellow: Tol   1.05  red   25.3  yellow   32.3  green   42.4
%Yellow: Tol   1.10  red   20.6  yellow   61.0  green   18.4
%Yellow: Tol   1.15  red   16.9  yellow   75.4  green    7.8
%Yellow: Tol   1.20  red   12.7  yellow   82.6  green    4.7
%Yellow: Tol   1.25  red    9.3  yellow   87.6  green    3.0
Triangle 8: 20658 points, corr 0.874229, fm 0.026012, yellow 0.88

Metrics: TRI: Mean square difference 0.375163
Metrics: TRI: Smallest footprint deg=0, area=40454
MetricImages: Range x 914 1140, y 1 180, use Nx=228, Ny=180
Approximate EM metric 0.021677 for 41040 points.
%Yellow: Tol   1.05  red   18.7  yellow   43.6  green   37.7
%Yellow: Tol   1.10  red   17.1  yellow   69.9  green   13.0
%Yellow: Tol   1.15  red   14.0  yellow   77.6  green    8.4
%Yellow: Tol   1.20  red   12.6  yellow   82.5  green    4.9
%Yellow: Tol   1.25  red   10.1  yellow   86.8  green    3.1
Triangle 9: 20610 points, corr 0.812370, fm 0.021677, yellow 0.87

Metrics: TRI: Mean square difference 0.384366
Metrics: TRI: Smallest footprint deg=0, area=41580
MetricImages: Range x 1141 1372, y 0 180, use Nx=232, Ny=182
Approximate EM metric 0.038106 for 42224 points.
%Yellow: Tol   1.05  red   25.8  yellow   14.8  green   59.4
%Yellow: Tol   1.10  red   21.9  yellow   61.9  green   16.2
%Yellow: Tol   1.15  red   19.4  yellow   71.3  green    9.4
%Yellow: Tol   1.20  red   15.7  yellow   79.1  green    5.1
%Yellow: Tol   1.25  red   12.5  yellow   84.4  green    3.1
Triangle 10: 21112 points, corr 0.807770, fm 0.038106, yellow 0.84

Metrics: TRI: Mean square difference 0.423007
Metrics: TRI: Smallest footprint deg=0, area=41170
MetricImages: Range x 1142 1372, y 1 180, use Nx=232, Ny=180
Approximate EM metric 0.041759 for 41760 points.
%Yellow: Tol   1.05  red   31.2  yellow   10.3  green   58.5
%Yellow: Tol   1.10  red   26.5  yellow   37.5  green   36.0
%Yellow: Tol   1.15  red   22.3  yellow   62.4  green   15.3
%Yellow: Tol   1.20  red   18.0  yellow   74.7  green    7.3
%Yellow: Tol   1.25  red   13.9  yellow   81.5  green    4.6
Triangle 11: 20880 points, corr 0.788449, fm 0.041759, yellow 0.81


---- Final reports ----
STAT: Overall 248513 points, corr 0.8065, EMM 0.0578, weighted EMM 0.0348, cor+dfm 0.8642, weighted yellow 0.8045

Angle span: min, max, delta = -0.000618 -0.000618 0.000000
Mesh-Thm: 0.0002  0.0013     0.26    0.0000  0.0006     0.01 2x(LDR,LDC)=(0.20,200.00) -- OK.

Final remapping of 1431040 points.
Center 73.002690 57.953890:  0.9998  0.0013     2.73    0.0000  1.0006   858.26
Mapping region 1 xy= 73.002690 57.953890 to region 1 xy= 75.788332 916.247377
Center 140.096892 125.391365:  0.9998  0.0013     2.73    0.0000  1.0006   858.26
Mapping region 1 xy= 140.096892 125.391365 to region 1 xy= 142.955421 983.724552
Center 297.931856 55.516078:  0.9998  0.0013     2.73    0.0000  1.0006   858.26
Mapping region 1 xy= 297.931856 55.516078 to region 1 xy= 300.675569 913.811974
Center 366.142960 126.166939:  0.9998  0.0013     2.73    0.0000  1.0006   858.26
Mapping region 1 xy= 366.142960 126.166939 to region 1 xy= 368.963393 984.504390
Center 530.498610 59.141440:  0.9998  0.0013     2.73    0.0000  1.0006   858.26
Mapping region 1 xy= 530.498610 59.141440 to region 1 xy= 533.206669 917.443340
Center 602.904614 122.689177:  0.9998  0.0013     2.73    0.0000  1.0006   858.26
Mapping region 1 xy= 602.904614 122.689177 to region 1 xy= 605.679770 981.028642
Center 754.161455 55.698348:  0.9998  0.0013     2.73    0.0000  1.0006   858.26
Mapping region 1 xy= 754.161455 55.698348 to region 1 xy= 756.826545 914.002060
Center 831.777824 122.342574:  0.9998  0.0013     2.73    0.0000  1.0006   858.26
Mapping region 1 xy= 831.777824 122.342574 to region 1 xy= 834.512990 980.685710
Center 983.789828 56.991048:  0.9998  0.0013     2.73    0.0000  1.0006   858.26
Mapping region 1 xy= 983.789828 56.991048 to region 1 xy= 986.416851 915.299381
Center 1056.743565 123.546962:  0.9998  0.0013     2.73    0.0000  1.0006   858.26
Mapping region 1 xy= 1056.743565 123.546962 to region 1 xy= 1059.441358 981.894589
Center 1212.782436 56.539145:  0.9998  0.0013     2.73    0.0000  1.0006   858.26
Mapping region 1 xy= 1212.782436 56.539145 to region 1 xy= 1215.369315 914.851091
Center 1289.667015 122.867533:  0.9998  0.0013     2.73    0.0000  1.0006   858.26
Mapping region 1 xy= 1289.667015 122.867533 to region 1 xy= 1292.323700 981.218709

Pipe: Returning 12 total transforms.

---- Summary Region-region results ----
Pipe: Table Headers {Az t r Bz t r thmok ntri}
FOUND:     0   11   1      0   12   1   1  12

---- Tabulating point matches ----
Tabulate: Rgn 1 -> 1: Keeping 12 of 12 point-pairs.

Timer: Alignment took 1.420 seconds.

main: Got 12 mapping regions.
main: Transform   0:  0.9998  0.0013     2.73    0.0000  1.0006   858.26
main: Transform   1:  0.9998  0.0013     2.73    0.0000  1.0006   858.26
main: Transform   2:  0.9998  0.0013     2.73    0.0000  1.0006   858.26
main: Transform   3:  0.9998  0.0013     2.73    0.0000  1.0006   858.26
main: Transform   4:  0.9998  0.0013     2.73    0.0000  1.0006   858.26
main: Transform   5:  0.9998  0.0013     2.73    0.0000  1.0006   858.26
main: Transform   6:  0.9998  0.0013     2.73    0.0000  1.0006   858.26
main: Transform   7:  0.9998  0.0013     2.73    0.0000  1.0006   858.26
main: Transform   8:  0.9998  0.0013     2.73    0.0000  1.0006   858.26
main: Transform   9:  0.9998  0.0013     2.73    0.0000  1.0006   858.26
main: Transform  10:  0.9998  0.0013     2.73    0.0000  1.0006   858.26
main: Transform  11:  0.9998  0.0013     2.73    0.0000  1.0006   858.26

main: Average:  0.9998  0.0013     0.00    0.0000  1.0006     0.00
main: Degrees: -0.0353978
main: Residue:  0.9998  0.0006     0.00    0.0006  1.0006     0.00

main: Inverse:  1.0002 -0.0013    -0.00   -0.0000  0.9994    -0.00
main: Degrees: 0.0353978
main: Residue:  1.0002 -0.0006     0.00   -0.0006  0.9994     0.00

main: Normal completion for dmesh run.
Timer: Total took 1.650 seconds.

---- Memory ----
Host name: h08u02.int.janelia.org
PID:       24536
User time:       1 seconds.
System time:     0 seconds.
VmPeak:	  380068 kB
VmSize:	  217292 kB
VmLck:	       0 kB
VmPin:	       0 kB
VmHWM:	  216568 kB
VmRSS:	   53592 kB
VmData:	   47896 kB
VmStk:	     164 kB
VmExe:	     832 kB
VmLib:	   85564 kB
VmPTE:	     352 kB
VmSwap:	       0 kB
voluntary_ctxt_switches:	16
nonvoluntary_ctxt_switches:	22

